# CVS $Revision$ $Author$ -- Mon Sep 15 21:55:54 2014 -- reformated by prettylst.pl v1.51 (build 25129)
SOURCELONG:Modern System Reference Document	SOURCESHORT:MSRD	SOURCEWEB:http://www.wizards.com/D20/article.asp?x=msrd	SOURCEDATE:2002-01

###Block:Basic Classes
CATEGORY:Special Ability|Shared ~ Expert in Your Field.MOD				SAB:Expert in Your Field
CATEGORY:Special Ability|Shared ~ Quick Weapon Draw.MOD				SAB:Quick Weapon Draw

CATEGORY:Special Ability|Arcane Arranger ~ Word on the Street.MOD			SAB:Word on the Street
CATEGORY:Special Ability|Arcane Arranger ~ False Allegiance.MOD			SAB:False Allegiance
CATEGORY:Special Ability|Arcane Arranger ~ Shadow Resources.MOD			SAB:Shadow Resources
CATEGORY:Special Ability|Arcane Arranger ~ Pack Rat.MOD				SAB:Pack Rat
CATEGORY:Special Ability|Arcane Arranger ~ Up My Sleeve.MOD				SAB:Up My Sleeve - one object up to Small size|PREVAREQ:UpMySleeveLvl,1	SAB:Up My Sleeve - one object up to Large, or three up to Small|PREVAREQ:UpMySleeveLvl,2

CATEGORY:Special Ability|Archaic Weaponsmaster ~ Imbue Weapon.MOD			SAB:Imbue Weapon (Su)|PREVAREQ:ImbueWeapon,0	SAB:Imbue Weapon +%|ImbueWeapon|PREVARGT:ImbueWeapon,0
CATEGORY:Special Ability|Archaic Weaponsmaster ~ Weapon Stun.MOD			SAB:Weapon Stun

CATEGORY:Special Ability|Glamourist ~ Self Confidence.MOD				SAB:Self Confidence
CATEGORY:Special Ability|Glamourist ~ Hidden Motives.MOD				SAB:Hidden Motives
CATEGORY:Special Ability|Glamourist ~ Hidden Allegiance.MOD				SAB:Hidden Allegiance
CATEGORY:Special Ability|Glamourist ~ Audience.MOD					SAB:Audience
CATEGORY:Special Ability|Glamourist ~ Daze.MOD						SAB:Daze
CATEGORY:Special Ability|Glamourist ~ Utterly Convincing.MOD			SAB:Utterly Convincing
CATEGORY:Special Ability|Glamourist ~ Charm Person.MOD				SAB:Charm Person

CATEGORY:Special Ability|Mystic ~ Combat Casting.MOD					SAB:Combat Casting

CATEGORY:Special Ability|Shadow Hunter ~ Target Bonus.MOD				SAB:Target Bonus +%|TargetBonus
CATEGORY:Special Ability|Shadow Hunter ~ Swift Track.MOD				SAB:Swift Track
CATEGORY:Special Ability|Shadow Hunter ~ No Trace.MOD					SAB:No Trace
CATEGORY:Special Ability|Shadow Hunter ~ Play a Hunch.MOD				SAB:Play a Hunch
CATEGORY:Special Ability|Shadow Hunter ~ Detect Magical Aura.MOD			SAB:Detect Magical Aura
CATEGORY:Special Ability|Shadow Hunter ~ Locate Target.MOD				SAB:Locate Target

CATEGORY:Special Ability|Shadowjack ~ Read Write Code.MOD				SAB:Read/Write Code
CATEGORY:Special Ability|Shadowjack ~ Online Presence.MOD				SAB:Online Presence
CATEGORY:Special Ability|Shadowjack ~ Electronic Empathy.MOD			SAB:Electronic Empathy
CATEGORY:Special Ability|Shadowjack ~ Careful Progress.MOD				SAB:Careful Progress
CATEGORY:Special Ability|Shadowjack ~ False Trail.MOD					SAB:False Trail
CATEGORY:Special Ability|Shadowjack ~ Install Backdoor.MOD				SAB:Install Backdoor
CATEGORY:Special Ability|Shadowjack ~ Online Spell Resistance.MOD			SAB:Online Spell Resistance %|OnlineSpellResistance
CATEGORY:Special Ability|Shadowjack ~ Improved Degradation.MOD			SAB:Improved Degradation
CATEGORY:Special Ability|Shadowjack ~ Passfirewall.MOD				SAB:Passfirewall
CATEGORY:Special Ability|Shadowjack ~ Walking Database.MOD				SAB:Walking Database
CATEGORY:Special Ability|Shadowjack ~ Virtual Incantations.MOD			SAB:Virtual Incantations

CATEGORY:Special Ability|Speed Demon ~ Hit the Weak Spot.MOD			SAB:Hit the Weak Spot
CATEGORY:Special Ability|Speed Demon ~ Vehicle Empathy.MOD				SAB:Vehicle Empathy
CATEGORY:Special Ability|Speed Demon ~ Need for Speed.MOD				SAB:Need for Speed
CATEGORY:Special Ability|Speed Demon ~ Nursing the Turns.MOD			SAB:Nursing the Turns
CATEGORY:Special Ability|Speed Demon ~ Commandeer.MOD					SAB:Commandeer
CATEGORY:Special Ability|Speed Demon ~ Leadfoot.MOD					SAB:Leadfoot
CATEGORY:Special Ability|Speed Demon ~ Redlining the Needle.MOD			SAB:Redlining the Needle
CATEGORY:Special Ability|Speed Demon ~ Restore Vehicle.MOD				SAB:Restore Vehicle
CATEGORY:Special Ability|Speed Demon ~ One with the Machine.MOD			SAB:One with the Machine

CATEGORY:Special Ability|Street Warrior ~ Urban Survival.MOD			SAB:Urban Survival
CATEGORY:Special Ability|Street Warrior ~ Improvised Weapons.MOD			SAB:Improvised Weapons
CATEGORY:Special Ability|Street Warrior ~ Street Cred.MOD				SAB:Street Cred
CATEGORY:Special Ability|Street Warrior ~ Improved Streetfighting.MOD		SAB:Improved Streetfighting
CATEGORY:Special Ability|Street Warrior ~ Improvised Weapon Damage.MOD		SAB:Improvised Weapon Damage
CATEGORY:Special Ability|Street Warrior ~ Advanced Streetfighting.MOD		SAB:Advanced Streetfighting

CATEGORY:Special Ability|Swashbuckler ~ Deflect Missiles.MOD			SAB:Deflect Missiles
CATEGORY:Special Ability|Swashbuckler ~ Touche.MOD					SAB:Touche

CATEGORY:Special Ability|Techo Mage ~ Arcane Skills.MOD				SAB:Arcane Skills
CATEGORY:Special Ability|Techo Mage ~ Machine Empathy.MOD				SAB:Machine Empathy
CATEGORY:Special Ability|Techo Mage ~ Program Spell.MOD				SAB:Program Spell
CATEGORY:Special Ability|Techo Mage ~ Create Homunculus.MOD				SAB:Create Homunculus
CATEGORY:Special Ability|Techo Mage ~ Online Casting.MOD				SAB:Online Casting
CATEGORY:Special Ability|Techo Mage ~ Arcane Spontaneous Casting.MOD		SAB:Arcane Spontaneous Casting (%CHOICE)

CATEGORY:Special Ability|Thrasher ~ Ability Surge.MOD					SAB:Ability Surge
CATEGORY:Special Ability|Thrasher ~ Tough Defense.MOD					SAB:Tough Defense

CATEGORY:Special Ability|Wildlord ~ Animal Empathy.MOD				SAB:Animal Empathy
CATEGORY:Special Ability|Wildlord ~ Animal Companion.MOD				SAB:Animal Companion
CATEGORY:Special Ability|Wildlord ~ Fast Climb.MOD					SAB:Fast Climb
CATEGORY:Special Ability|Wildlord ~ Resist Venom.MOD					SAB:Resist Venom
CATEGORY:Special Ability|Wildlord ~ Call Companion.MOD				SAB:Call Companion
CATEGORY:Special Ability|Wildlord ~ Transform Companion.MOD				SAB:Transform Companion

###Block:Prestige
CATEGORY:Special Ability|Archmage ~ Total Spellcasting.MOD				SAB:Total Spellcasting
CATEGORY:Special Ability|Archmage ~ Increased Spells.MOD				SAB:Increased Spells/Day (base number of arcane spells increase by 1/2 round down)|PREVAREQ:IncreasedSpellsProgression,1	SAB:Increased Spells/Day (double base number of arcane spells)|PREVAREQ:IncreasedSpellsProgression,2
CATEGORY:Special Ability|Archmage ~ Gifted Incantations.MOD				SAB:Gifted Incantations
CATEGORY:Special Ability|Archmage ~ Granted Incantations.MOD			SAB:Granted Incantations

CATEGORY:Special Ability|Ecclesiarch ~ Total Spellcasting.MOD			SAB:Total Spellcasting
CATEGORY:Special Ability|Ecclesiarch ~ Increased Spells.MOD				SAB:Increased Spells/Day (base number of divine spells increase by 1/2 round down)|PREVAREQ:IncreasedSpellsEcclesiarchProgression,1	SAB:Increased Spells/Day (double base number of divine spells)|PREVAREQ:IncreasedSpellsEcclesiarchProgression,2
CATEGORY:Special Ability|Ecclesiarch ~ Total Turning.MOD				SAB:Total Turning
CATEGORY:Special Ability|Ecclesiarch ~ Innovative Turning.MOD			SAB:Innovative Turning

CATEGORY:Special Ability|Holy Unholy Knight ~ Divine Grace.MOD			SAB:Divine Grace
CATEGORY:Special Ability|Holy Unholy Knight ~ Sense Allegiance.MOD		SAB:Sense Allegiance
CATEGORY:Special Ability|Holy Unholy Knight ~ Smite Allegiance.MOD		SAB:Smite Allegiance
CATEGORY:Special Ability|Holy Unholy Knight ~ Divine Touch.MOD			SAB:Divine Touch

###Block:Organizations
CATEGORY:Special Ability|Organisation ~ Member of The Black Feathers.MOD							SAB:Member of The Black Feathers (Find a supply of potions, poultices or poisons)
CATEGORY:Special Ability|Organisation ~ Member of Cirque des Moitie.MOD								SAB:Member of Cirque des Moitie
CATEGORY:Special Ability|Organisation ~ Member of the Commission for Research Into Unexplained Phenomena.MOD	SAB:Member of the Commission for Research Into Unexplained Phenomena	SAB:Access to C.R.U.P. Archives
CATEGORY:Special Ability|Organisation ~ Agent of Department 7.MOD									SAB:Agent of Department 7
CATEGORY:Special Ability|Organisation ~ Member of The Displaced.MOD								SAB:Member of The Displaced	SAB:Requisitioning checks with The Displaced are at a -3 penalty	SAB:Access to The Displaced community outreach services
CATEGORY:Special Ability|Organisation ~ Employee of Draco Industries.MOD							SAB:Employee of Draco Industries	SAB:Requisitioning checks with Draco Industries may get a bonus of up to +15 if the employee manages to get Franz Draco's personal attention or works on a project which he takes particular interest in
CATEGORY:Special Ability|Organisation ~ Member of The Enlightenment.MOD								SAB:Member of The Enlightenment	SAB:Requisitioning checks with The Enlightenment get a +7 or better bonus
CATEGORY:Special Ability|Organisation ~ Agent of the Fellowship.MOD								SAB:Agent of the Fellowship
CATEGORY:Special Ability|Organisation ~ Member of the Fraternal Order of Vigilance.MOD					SAB:Member of the Fraternal Order of Vigilance	SAB:F.O.V. provides no bonus to level checks for requisitioning materials, but complete support of other lodge members
CATEGORY:Special Ability|Organisation ~ Instructor of the Institute for Continuous Education.MOD			SAB:Instructor of the Institute for Continuous Education	SAB:Requisitioning checks with the Institute for Continuous Education receive a +2 bonus if they are valid requests or a -5 penalty if they are frivolous
CATEGORY:Special Ability|Organisation ~ Member of the International Guild of Laborers.MOD					SAB:Member of the International Guild of Laborers	SAB:International Guild of Laborers (takes a DC 10 Wealth check once per year to pay the annual dues)
CATEGORY:Special Ability|Organisation ~ Monk of the Knightly Order of St. Bartholomew.MOD					SAB:Monk of the Knightly Order of St. Bartholomew	SAB:The Black Library: cooperation of one monastery provides a +3 insight bonus on Knowledge (arcane lore) or Research checks pertaining to appropriate subjects. For each subsequent monastery that agrees to cooperate, raise the bonus by +2
CATEGORY:Special Ability|Organisation ~ Journalist of Markova Enterprises Intl.MOD						SAB:Journalist of Markova Enterprises, Intl.	SAB:Use of Markova Enterprises morgue provides a +10 equipment bonus on all Research and Knowledge checks (for any Knowledge category, see text for required searching times)
CATEGORY:Special Ability|Organisation ~ Member of the Mindwreckers.MOD								SAB:Member of the Mindwreckers
CATEGORY:Special Ability|Organisation ~ Agent of the Paranormal Science and Investigation Agency.MOD			SAB:Agent of the Paranormal Science and Investigation Agency
CATEGORY:Special Ability|Organisation ~ Employee of the Prancing Pony.MOD							SAB:Employee of the Prancing Pony (this organization offers nothing more than minimum-wage jobs [meals included])
CATEGORY:Special Ability|Organisation ~ Member of the Silent Walkers.MOD							SAB:Member of the Silent Walkers (members may not requisition any equipment, but the organization does provide all necessities for its members)
CATEGORY:Special Ability|Organisation ~ Member of the Swiss Juncture of Gnomes.MOD						SAB:Member of the Swiss Juncture of Gnomes	SAB:Access to a Swiss Juncture of Gnomes workshop

###EOF

