# CVS $Revision$ $Author$ -- Fri Jan  1 12:57:05 2016 -- reformated by PCGen PrettyLST v6.06.00
SOURCELONG:Modern System Reference Document	SOURCESHORT:MSRD	SOURCEWEB:http://www.wizards.com/D20/article.asp?x=msrd	SOURCEDATE:2002-01
#Original Entry by: Paul King

# Class Name		Hit Dice	Type			Max Level	Source Page					Define										Modify VAR																	FACT
CLASS:Arcane Arranger	HD:6		TYPE:PC.Advanced	MAXLEVEL:10	SOURCEPAGE:ArcanaAdvancedClasses	DEFINE:ArcaneArrangerLVL|0	DEFINE:NonEpicArcaneArrangerLVL|0	BONUS:VAR|NonEpicArcaneArrangerLVL|classlevel("APPLIEDAS=NONEPIC")	BONUS:VAR|ArcaneArrangerLVL|CL	FACT:ClassType|PC
# Class Name		Multiple Requirements
CLASS:Arcane Arranger	PREMULT:2,[PRESKILL:2,Diplomacy=6,Gather Information=6],[PRESKILL:1,Knowledge (Arcane Lore)=6,Knowledge (Business)=6,Knowledge (Current Events)=6,Knowledge (Popular Culture)=6,Knowledge (Streetwise)=6]
# Class Name		Skill Pts/Lvl
CLASS:Arcane Arranger	STARTSKILLPTS:6
1	ABILITY:Class|AUTOMATIC|Arcane Arranger ~ Class

# Class Name			Hit Dice	Type			Max Level	Source Page					Combat bonus								Save bonus																						Modify VAR														FACT
CLASS:Archaic Weaponsmaster	HD:10		TYPE:PC.Advanced	MAXLEVEL:10	SOURCEPAGE:ArcanaAdvancedClasses	BONUS:COMBAT|BASEAB|classlevel("APPLIEDAS=NONEPIC")*3/4	BONUS:SAVE|BASE.Fortitude|classlevel("APPLIEDAS=NONEPIC")/2+2	BONUS:SAVE|BASE.Reflex,BASE.Will|classlevel("APPLIEDAS=NONEPIC")/3	BONUS:VAR|ClassDefense|(CL+1)/2	BONUS:VAR|Reputation|(CL+2)/3	BONUS:VAR|Action|CL*6	FACT:ClassType|PC
# Class Name			Required Ability										PRETOTALAB
CLASS:Archaic Weaponsmaster	PREABILITY:2,CATEGORY=FEAT,Archaic Weapons Proficiency,Weapon Focus	PRETOTALAB:3
# Class Name			Skill Pts/Lvl	Class Skill
CLASS:Archaic Weaponsmaster	STARTSKILLPTS:2	CSKILL:Climb|Craft (Mechanical)|Craft (Structural)|Craft (Visual Art)|Craft (Writing)|Handle Animal|Jump|Knowledge (Art)|Knowledge (History)|Knowledge (Theology and Philosophy)|Profession|Research|Ride|Swim
1	BONUS:ABILITYPOOL|Weapon Specialization|1				BONUS:VAR|WeapSpecQualify|1		DEFINE:WeapSpecQualify|0
2											BONUS:VAR|ImbueWeapon|(CL+4)/6	DEFINE:ImbueWeapon|0		ABILITY:Special Ability|AUTOMATIC|Archaic Weaponsmaster ~ Imbue Weapon
3	BONUS:ABILITYPOOL|Archaic Weaponmaster Feat|1
4																						ABILITY:Special Ability|AUTOMATIC|Archaic Weaponsmaster ~ Quick Weapon Draw
5																						ABILITY:Special Ability|AUTOMATIC|Archaic Weaponsmaster ~ Expert in Your Field
6	BONUS:ABILITYPOOL|Archaic Weaponmaster Feat|1
7																						ABILITY:Special Ability|AUTOMATIC|Archaic Weaponsmaster ~ Weapon Stun
9	BONUS:ABILITYPOOL|Archaic Weaponmaster Feat|1
10	BONUS:ABILITYPOOL|Increased Weapon Critical Selection|1

# Class Name	Hit Dice	Type			Max Level	Source Page					Combat bonus							Save bonus																					Modify VAR														FACT
CLASS:Glamourist	HD:6		TYPE:PC.Advanced	MAXLEVEL:10	SOURCEPAGE:ArcanaAdvancedClasses	BONUS:COMBAT|BASEAB|classlevel("APPLIEDAS=NONEPIC")/2	BONUS:SAVE|BASE.Fortitude,BASE.Will|classlevel("APPLIEDAS=NONEPIC")/3	BONUS:SAVE|BASE.Reflex|classlevel("APPLIEDAS=NONEPIC")/2+2	BONUS:VAR|ClassDefense|(CL+1)/2	BONUS:VAR|Reputation|CL/3	BONUS:VAR|Action|CL*6	FACT:ClassType|PC
# Class Name	Required Skill
CLASS:Glamourist	PRESKILL:2,Bluff=6,Sense Motive=6
# Class Name	Skill Pts/Lvl	Class Skill
CLASS:Glamourist	STARTSKILLPTS:4	CSKILL:Bluff|Concentration|Diplomacy|Decipher Script|Disguise|Forgery|Gamble|Gather Information|Intimidate|Knowledge (Behavioral Sciences)|Knowledge (Current Events)|Knowledge (Popular Culture)|Knowledge (Streetwise)|Listen|Perform (Act)|Perform (Sing)|Profession|Read/Write Language|Sense Motive|SPEAK LANGUAGE|Spot
1							ABILITY:Special Ability|AUTOMATIC|Glamourist ~ Self Confidence
2							ABILITY:Special Ability|AUTOMATIC|Glamourist ~ Hidden Motives
3	BONUS:ABILITYPOOL|Glamourist Feat|1
4							ABILITY:Special Ability|AUTOMATIC|Glamourist ~ Hidden Allegiance
5							ABILITY:Special Ability|AUTOMATIC|Glamourist ~ Audience
6	BONUS:ABILITYPOOL|Glamourist Feat|1
7							ABILITY:Special Ability|AUTOMATIC|Glamourist ~ Daze			SPELLS:Class|TIMES=1|CASTERLEVEL=CL|Daze,10+CHA|PRESTAT:1,CHA=10
8							ABILITY:Special Ability|AUTOMATIC|Glamourist ~ Utterly Convincing
9	BONUS:ABILITYPOOL|Glamourist Feat|1
10							ABILITY:Special Ability|AUTOMATIC|Glamourist ~ Charm Person		SPELLS:Class|TIMES=1|CASTERLEVEL=CL|Charm Person,11+CHA|PRESTAT:1,CHA=11

# Class Name	Hit Dice	Type			Max Level	Source Page					Combat bonus							Save bonus																							Modify VAR														FACT
CLASS:Mystic	HD:6		TYPE:PC.Advanced	MAXLEVEL:10	SOURCEPAGE:ArcanaAdvancedClasses	BONUS:COMBAT|BASEAB|classlevel("APPLIEDAS=NONEPIC")/2	BONUS:SAVE|BASE.Fortitude|classlevel("APPLIEDAS=NONEPIC")/2+2	BONUS:SAVE|BASE.Reflex,BASE.Will|(classlevel("APPLIEDAS=NONEPIC")+3)*2/5	BONUS:VAR|ClassDefense|(CL+1)/2	BONUS:VAR|Reputation|(CL+5)/3	BONUS:VAR|Action|CL*6	FACT:ClassType|PC	FACT:SpellType|Divine
# Class Name	Required Skill
CLASS:Mystic	PRESKILL:3,Diplomacy=6,Knowledge (Theology and Philosophy)=6,Listen=6
# Class Name	Skill Pts/Lvl	Class Skill
CLASS:Mystic	STARTSKILLPTS:4	CSKILL:Concentration|Craft (Chemical)|Craft (Pharmaceutical)|Craft (Visual Art)|Diplomacy|Gather Information|Knowledge (Art)|Knowledge (Behavioral Sciences)|Knowledge (Earth and Life Sciences)|Knowledge (Theology and Philosophy)|Perform (Act)|Perform (Dance)|Perform (Sing)|Perform (Stand-Up)|Profession|Read/Write Language|Sense Motive|Sleight of Hand|SPEAK LANGUAGE|Spellcraft|Spot|Treat Injury
# Class Name	Spell Stat		Memorize	Caster level
CLASS:Mystic	SPELLSTAT:WIS	MEMORIZE:NO	BONUS:CASTERLEVEL|Mystic|CL
###Block: Turning
2	BONUS:VAR|TurnTimes|3+CHA|TYPE=Stat	BONUS:VAR|ImprovedTurningQual|1	DEFINE:ImprovedTurningQual|0	ABILITY:Special Ability|AUTOMATIC|Base Turn|Turn/Rebuke Undead
2	BONUS:VAR|TurnLevel|CL	BONUS:VAR|ExtraTurningQual|1				DEFINE:ExtraTurningQual|0
2	BONUS:VAR|TurnDamagePlus|CL
2	BONUS:VAR|TurnCheck|CHA|TYPE=Stat
###Block: Spells
1	SPELLLEVEL:CLASS|Mystic=0|Create Water,Detect Magical Aura,Light,Read Magic,Resistance,Virtue
1	SPELLLEVEL:CLASS|Mystic=1|Bane,Bless,Cause Fear,Command,Comprehend Languages,Magic Weapon,Remove Fear,Shield of Faith
1	SPELLLEVEL:CLASS|Mystic=2|Aid,Augury,Delay Poison,Enhance Ability,Hold Person,Lesser Restoration,Remove Paralysis,Resist Energy,Shatter,Silence,Spider Climb,Zone of Truth
1	SPELLLEVEL:CLASS|Mystic=3|Animate Dead,Bestow Curse,Dispel Magic,Glyph of Warding,Locate Object,Prayer,Remove Curse,Remove Disease,Searing Light,Status,Water Breathing
1	SPELLLEVEL:CLASS|Mystic=4|Discern Lies,Faith's Fury,Freedom of Movement,Greater Magic Weapon,Neutralize Poison,Restoration,Tongues
1	SPELLLEVEL:CLASS|Mystic=5|Break Enchantment,Flaming Wrath,Greater Command,Insect Plague,True Seeing,Wall of Stone
###Block: Standard block
1	CAST:3,2		KNOWN:4,2								ABILITY:FEAT|AUTOMATIC|Arcane Skills
2	CAST:4,3		KNOWN:5,2
3	CAST:4,3,2		KNOWN:5,3,1		BONUS:ABILITYPOOL|Mystic Feat|1
4	CAST:5,4,3		KNOWN:6,3,2								ABILITY:Special Ability|AUTOMATIC|Mystic ~ Combat Casting
5	CAST:5,4,3,2	KNOWN:6,4,2,1							ABILITY:Special Ability|AUTOMATIC|Brew Potion
6	CAST:5,4,4,3	KNOWN:7,4,3,2	BONUS:ABILITYPOOL|Mystic Feat|1
7	CAST:6,5,4,3,2	KNOWN:7,5,3,2,1							ABILITY:Special Ability|AUTOMATIC|Discern Lie
8	CAST:6,5,4,4,3	KNOWN:8,5,4,3,2							ABILITY:Special Ability|AUTOMATIC|Turn/Rebuke Humans
9	CAST:6,5,5,4,3,2	KNOWN:8,5,4,3,2,1	BONUS:ABILITYPOOL|Mystic Feat|1
10	CAST:6,5,5,4,4,3	KNOWN:9,5,5,4,3,2							ABILITY:FEAT|AUTOMATIC|Empower Spell

# Psionic Agent moved to psionics subfolder set folder

# Class Name		Hit Dice	Type			Max Level	Source Page					Combat bonus								Save bonus														Modify VAR														FACT
CLASS:Shadow Hunter	HD:8		TYPE:PC.Advanced	MAXLEVEL:10	SOURCEPAGE:ArcanaAdvancedClasses	BONUS:COMBAT|BASEAB|classlevel("APPLIEDAS=NONEPIC")*3/4	BONUS:SAVE|BASE.Fortitude,BASE.Reflex,BASE.Will|(classlevel("APPLIEDAS=NONEPIC")+3)*2/5	BONUS:VAR|ClassDefense|(CL+1)*2/3	BONUS:VAR|Reputation|(CL-2)/3	BONUS:VAR|Action|CL*6	FACT:ClassType|PC
# Class Name		Required Ability																			Required Skill									PRETOTALAB
CLASS:Shadow Hunter	PREABILITY:1,CATEGORY=FEAT,Track	PREABILITY:1,CATEGORY=FEAT,Personal Firearms Proficiency,Archaic Weapons Proficiency	PRESKILL:3,Investigate=6,Sense Motive=6,Knowledge (Arcane Lore)=3	PRETOTALAB:2
# Class Name		Skill Pts/Lvl	Class Skill
CLASS:Shadow Hunter	STARTSKILLPTS:4	CSKILL:Bluff|Diplomacy|Gather Information|Intimidate|Investigate|Knowledge (Arcane Lore)|Knowledge (Current Events)|Knowledge (Popular Culture)|Knowledge (Streetwise)|Listen|Profession|Read/Write Language|Research|Search|Sense Motive|SPEAK LANGUAGE|Spot|Survival
1								BONUS:VAR|TargetBonus|(CL+2)/3	DEFINE:TargetBonus|0	ABILITY:Special Ability|AUTOMATIC|Shadow Hunter ~ Target Bonus
2																		ABILITY:Special Ability|AUTOMATIC|Shadow Hunter ~ Swift Track
3	BONUS:ABILITYPOOL|Shadow Hunter Feat|1
4																		ABILITY:Special Ability|AUTOMATIC|Shadow Hunter ~ No Trace
5																		ABILITY:Special Ability|AUTOMATIC|Shadow Hunter ~ Play a Hunch
6	BONUS:ABILITYPOOL|Shadow Hunter Feat|1
8																		ABILITY:Special Ability|AUTOMATIC|Shadow Hunter ~ Detect Magical Aura
9	BONUS:ABILITYPOOL|Shadow Hunter Feat|1
10								BONUS:VAR|TargetBonus|-1						ABILITY:Special Ability|AUTOMATIC|Shadow Hunter ~ Locate Target

# Class Name	Hit Dice	Type			Max Level	Source Page					Combat bonus							Save bonus																					Modify VAR														FACT
CLASS:Shadowjack	HD:6		TYPE:PC.Advanced	MAXLEVEL:10	SOURCEPAGE:ArcanaAdvancedClasses	BONUS:COMBAT|BASEAB|classlevel("APPLIEDAS=NONEPIC")/2	BONUS:SAVE|BASE.Fortitude,BASE.Reflex|classlevel("APPLIEDAS=NONEPIC")/3	BONUS:SAVE|BASE.Will|classlevel("APPLIEDAS=NONEPIC")/2+2	BONUS:VAR|ClassDefense|(CL+1)/2	BONUS:VAR|Reputation|CL/3	BONUS:VAR|Action|CL*6	FACT:ClassType|PC
# Class Name	Required Skill
CLASS:Shadowjack	PRESKILL:3,Computer Use=6,Craft (Electronic)=6,Disable Device=6
# Class Name	Skill Pts/Lvl	Class Skill
CLASS:Shadowjack	STARTSKILLPTS:6	CSKILL:Computer Use|Craft (Electronic)|Craft (Mechanical)|Craft (Writing)|Decipher Script|Disable Device|Forgery|Gamble|Gather Information|Intimidate|Knowledge (Arcane Lore)|Knowledge (Current Events)|Knowledge (History)|Knowledge (Popular Culture)|Knowledge (Technology)|Profession|Read/Write Language|Repair|Research|SPEAK LANGUAGE|Search
1														ABILITY:Special Ability|AUTOMATIC|Shadowjack ~ Read Write Code
2														ABILITY:Special Ability|AUTOMATIC|Shadowjack ~ Online Presence
3	BONUS:ABILITYPOOL|Shadowjack Feat|1
4														ABILITY:Special Ability|AUTOMATIC|Shadowjack ~ Careful Progress|Shadowjack ~ Electronic Empathy
5														ABILITY:Special Ability|AUTOMATIC|Shadowjack ~ False Trail|Shadowjack ~ Install Backdoor
6	BONUS:ABILITYPOOL|Shadowjack Feat|1
7							BONUS:VAR|OnlineSpellResistance|10+CL	ABILITY:Special Ability|AUTOMATIC|Shadowjack ~ Improved Degradation|Shadowjack ~ Online Spell Resistance
8														ABILITY:Special Ability|AUTOMATIC|Shadowjack ~ Passfirewall|Shadowjack ~ Walking Database
9	BONUS:ABILITYPOOL|Shadowjack Feat|1
10														ABILITY:Special Ability|AUTOMATIC|Shadowjack ~ Virtual Incantations

# Class Name	Hit Dice	Type			Max Level	Source Page					Combat bonus								Save bonus																					Modify VAR														FACT
CLASS:Speed Demon	HD:8		TYPE:PC.Advanced	MAXLEVEL:10	SOURCEPAGE:ArcanaAdvancedClasses	BONUS:COMBAT|BASEAB|classlevel("APPLIEDAS=NONEPIC")*3/4	BONUS:SAVE|BASE.Fortitude,BASE.Will|classlevel("APPLIEDAS=NONEPIC")/3	BONUS:SAVE|BASE.Reflex|classlevel("APPLIEDAS=NONEPIC")/2+2	BONUS:VAR|ClassDefense|(CL+1)/2	BONUS:VAR|Reputation|CL/3	BONUS:VAR|Action|CL*6	FACT:ClassType|PC
# Class Name	Required Ability					Required Check Base	Required Skill
CLASS:Speed Demon	PREABILITY:1,CATEGORY=FEAT,Vehicle Expert	PRECHECKBASE:1,Reflex=2	PRESKILL:1,Drive=6
# Class Name	Skill Pts/Lvl	Class Skill
CLASS:Speed Demon	STARTSKILLPTS:4	CSKILL:Balance|Concentration|Craft (Electronic)|Craft (Mechanical)|Disable Device|Drive|Knowledge (Current Events)|Knowledge (Popular Culture)|Knowledge (Technology)|Listen|Profession|Navigate|Pilot|Read/Write Language|Repair|SPEAK LANGUAGE|Tumble
1																				TEMPLATE:Uncanny Dodger
2								ABILITY:Special Ability|AUTOMATIC|Speed Demon ~ Hit the Weak Spot
3	BONUS:ABILITYPOOL|Speed Demon Feat|1	ABILITY:Special Ability|AUTOMATIC|Speed Demon ~ Vehicle Empathy
4								ABILITY:Special Ability|AUTOMATIC|Speed Demon ~ Need for Speed
5								ABILITY:Special Ability|AUTOMATIC|Speed Demon ~ Nursing the Turns
6	BONUS:ABILITYPOOL|Speed Demon Feat|1	ABILITY:Special Ability|AUTOMATIC|Speed Demon ~ Commandeer
7								ABILITY:Special Ability|AUTOMATIC|Speed Demon ~ Leadfoot
8								ABILITY:Special Ability|AUTOMATIC|Speed Demon ~ Redlining the Needle
9	BONUS:ABILITYPOOL|Speed Demon Feat|1	ABILITY:Special Ability|AUTOMATIC|Speed Demon ~ Restore Vehicle
10								ABILITY:Special Ability|AUTOMATIC|Speed Demon ~ One with the Machine

# Class Name		Hit Dice	Type			Max Level	Source Page					Combat bonus							Save bonus																						Modify VAR														FACT
CLASS:Street Warrior	HD:10		TYPE:PC.Advanced	MAXLEVEL:10	SOURCEPAGE:ArcanaAdvancedClasses	BONUS:COMBAT|BASEAB|classlevel("APPLIEDAS=NONEPIC")	BONUS:SAVE|BASE.Fortitude|classlevel("APPLIEDAS=NONEPIC")/2+2	BONUS:SAVE|BASE.Reflex,BASE.Will|classlevel("APPLIEDAS=NONEPIC")/3	BONUS:VAR|ClassDefense|(CL+1)/2	BONUS:VAR|Reputation|(CL+2)/3	BONUS:VAR|Action|CL*6	FACT:ClassType|PC
# Class Name		Required Ability						Required Skill				PRETOTALAB
CLASS:Street Warrior	PREABILITY:2,CATEGORY=FEAT,Brawl,Streetfighting	PRESKILL:1,Knowledge (Streetwise)=6	PRETOTALAB:3
# Class Name		Skill Pts/Lvl	Class Skill
CLASS:Street Warrior	STARTSKILLPTS:4	CSKILL:Bluff|Diplomacy|Disable Device|Drive|Gamble|Gather Information|Hide|Intimidate|Investigate|Jump|Knowledge (Popular Culture)|Knowledge (Streetwise)|Knowledge (Tactics)|Move Silently|Profession|Sense Motive|Spot|Survival
1																		ABILITY:Special Ability|AUTOMATIC|Street Warrior ~ Urban Survival
2																		ABILITY:Special Ability|AUTOMATIC|Street Warrior ~ Improvised Weapons
3	BONUS:ABILITYPOOL|Street Warrior Feat|1
4																		ABILITY:Special Ability|AUTOMATIC|Street Warrior ~ Street Cred
5																		ABILITY:Special Ability|AUTOMATIC|Street Warrior ~ Improved Streetfighting
6	BONUS:ABILITYPOOL|Street Warrior Feat|1
7	BONUS:ABILITYPOOL|Weapon Specialization|1	BONUS:VAR|WeapSpecQualify|1	DEFINE:WeapSpecQualify|0
8																		ABILITY:Special Ability|AUTOMATIC|Street Warrior ~ Improvised Weapon Damage
9	BONUS:ABILITYPOOL|Street Warrior Feat|1
10																		ABILITY:Special Ability|AUTOMATIC|Street Warrior ~ Advanced Streetfighting

# Class Name		Hit Dice	Type			Max Level	Source Page					Combat bonus								Save bonus																														Modify VAR														FACT
CLASS:Swashbuckler	HD:8		TYPE:PC.Advanced	MAXLEVEL:10	SOURCEPAGE:ArcanaAdvancedClasses	BONUS:COMBAT|BASEAB|classlevel("APPLIEDAS=NONEPIC")*3/4	BONUS:SAVE|BASE.Fortitude|(classlevel("APPLIEDAS=NONEPIC")+3)*2/5	BONUS:SAVE|BASE.Reflex|classlevel("APPLIEDAS=NONEPIC")/2+2	BONUS:SAVE|BASE.Will|classlevel("APPLIEDAS=NONEPIC")/3	BONUS:VAR|ClassDefense|(CL+1)*2/3	BONUS:VAR|Reputation|(CL-1)/4	BONUS:VAR|Action|CL*6	FACT:ClassType|PC
# Class Name		Required Ability					Required Skill			PRETOTALAB
CLASS:Swashbuckler	PREABILITY:1,CATEGORY=FEAT,Weapon Finesse	PRESKILL:2,Balance=6,Tumble=6	PRETOTALAB:2
# Class Name		Skill Pts/Lvl	Class Skill
CLASS:Swashbuckler	STARTSKILLPTS:4	CSKILL:Balance|Climb|Escape Artist|Hide|Jump|Knowledge (Current Events)|Knowledge (History)|Knowledge (Popular Culture)|Listen|Move Silently|Navigate|Pilot|Profession|Sleight of Hand|Swim|Tumble
1	BONUS:ABILITYPOOL|Weapon Focus|1
2																				ABILITY:Special Ability|AUTOMATIC|Swashbuckler ~ Quick Weapon Draw
3	BONUS:ABILITYPOOL|Swashbuckler Feat|1
4	BONUS:ABILITYPOOL|Weapon Specialization|1			BONUS:VAR|WeapSpecQualify|1	DEFINE:WeapSpecQualify|0
5	BONUS:ABILITYPOOL|Find the Mark|1
6	BONUS:ABILITYPOOL|Swashbuckler Feat|1
7	BONUS:ABILITYPOOL|Greater Weapon Specialization|1
8																				ABILITY:Special Ability|AUTOMATIC|Swashbuckler ~ Deflect Missiles
9	BONUS:ABILITYPOOL|Swashbuckler Feat|1
10																				ABILITY:Special Ability|AUTOMATIC|Swashbuckler ~ Touche

# Class Name	Hit Dice	Type			Max Level	Source Page					Combat bonus							Save bonus																					Modify VAR														FACT
CLASS:Techno Mage	HD:6		TYPE:PC.Advanced	MAXLEVEL:10	SOURCEPAGE:ArcanaAdvancedClasses	BONUS:COMBAT|BASEAB|classlevel("APPLIEDAS=NONEPIC")/2	BONUS:SAVE|BASE.Fortitude,BASE.Will|classlevel("APPLIEDAS=NONEPIC")/3	BONUS:SAVE|BASE.Reflex|classlevel("APPLIEDAS=NONEPIC")/2+2	BONUS:VAR|ClassDefense|(CL+1)/2	BONUS:VAR|Reputation|CL/3	BONUS:VAR|Action|CL*6	FACT:ClassType|PC	FACT:SpellType|Arcane
# Class Name	Required Skill
CLASS:Techno Mage	PRESKILL:4,Computer Use=6,Craft (Electronic)=6,Knowledge (Arcane Lore)=6,Repair=6
# Class Name	Skill Pts/Lvl	Class Skill
CLASS:Techno Mage	STARTSKILLPTS:6	CSKILL:Computer Use|Concentration|Craft (Chemical)|Craft (Electronic)|Craft (Mechanical)|Craft (Pharmaceutical)|Decipher Script|Demolitions|Disable Device|Investigate|Knowledge (Arcane Lore)|Knowledge (Art)|Knowledge (Current Events)|Knowledge (History)|Knowledge (Popular Culture)|Knowledge (Streetwise)|Knowledge (Technology)|Read/Write Language|Repair|Research|SPEAK LANGUAGE|Spellcraft
# Class Name	Spell Stat		Automatically Known Spell Levels	Spellbook		Caster level
CLASS:Techno Mage	SPELLSTAT:INT	KNOWNSPELLS:LEVEL=0			SPELLBOOK:YES	BONUS:CASTERLEVEL|Techno Mage|CL
###Block: Spells
1	SPELLLEVEL:CLASS|Techno Mage=0|Daze,Detect Magical Aura,Light,Mage Hand,Message,Prestidigitation,Read Magic,Resistance|Techno Mage=1|Burning Hands,Cause Fear,Change Self,Comprehend Languages,Feather Fall,Hold Portal,Jump,Mage Armor,Magic Missile,Magic Weapon,Power Device,Ray of Fatigue,Shield,Sleep,True Strike|Techno Mage=2|Arcane Lock,Blur,Darkvision,Enhance Ability,Glitterdust,Invisibility,Knock,Levitate,Locate Object,Magic Mouth,Protection from Arrows/Bullets,Resist Energy,See Invisibility,Spider Climb,Web|Techno Mage=3|Dispel Magic,Displacement,Fireball,Flaming Projectiles,Greater Magic Weapon,Halt Undead,Haste,Hold Person,Invisibility Sphere,Keen Edge,Lightning Bolt,Slow,Tongues,Water Breathing|Techno Mage=4|Animate Dead,Arcane Eye,Bestow Curse,Confusion,Dimension Door,Energy Trap,Fear,Ice Storm,Minor Globe of Invulnerability,Remove Curse,Shout,Stoneskin,Wall of Fire,Wall of Ice|Techno Mage=5|Cloudkill,Cone of Cold,Hold Monster,Passwall,Phantom Watchdog,Telekinesis,Wall of Force,Wall of Iron,Wall of Stone
###Block: Standard
1	CAST:3,1											ABILITY:Special Ability|AUTOMATIC|Techno Mage ~ Arcane Skills
2	CAST:4,2											ABILITY:Special Ability|AUTOMATIC|Techno Mage ~ Machine Empathy
3	CAST:4,2,1		BONUS:ABILITYPOOL|Techno Mage Feat|1			ABILITY:Special Ability|AUTOMATIC|Techno Mage ~ Program Spell
4	CAST:4,3,2											ABILITY:Special Ability|AUTOMATIC|Techno Mage ~ Create Homunculus
5	CAST:4,3,2,1	BONUS:ABILITYPOOL|Techno Mage Spontaneous Casting|1
6	CAST:4,3,3,2	BONUS:ABILITYPOOL|Techno Mage Feat|1
7	CAST:4,4,3,2,1	BONUS:ABILITYPOOL|Spell Focus Selection|1
8	CAST:4,4,3,3,2										ABILITY:Special Ability|AUTOMATIC|Techno Mage ~ Online Casting
9	CAST:4,4,4,3,2,1	BONUS:ABILITYPOOL|Techno Mage Feat|1
10	CAST:4,4,4,3,3,2										ABILITY:Special Ability|AUTOMATIC|Techno Mage ~ Quicken Spell

# Class Name	Hit Dice	Type			Max Level	Source Page					Combat bonus								Save bonus																															Modify VAR														FACT
CLASS:Thrasher	HD:12		TYPE:PC.Advanced	MAXLEVEL:10	SOURCEPAGE:ArcanaAdvancedClasses	BONUS:COMBAT|BASEAB|classlevel("APPLIEDAS=NONEPIC")*3/4	BONUS:SAVE|BASE.Fortitude|classlevel("APPLIEDAS=NONEPIC")/2+2	BONUS:SAVE|BASE.Reflex|(classlevel("APPLIEDAS=NONEPIC")+3)*2/5	BONUS:SAVE|BASE.Will|classlevel("APPLIEDAS=NONEPIC")/3	BONUS:VAR|ClassDefense|(CL+1)/2	BONUS:VAR|Reputation|(CL-1)/4	BONUS:VAR|Action|CL*6	FACT:ClassType|PC
# Class Name	Required Ability						Required Skill					PRETOTALAB
CLASS:Thrasher	PREABILITY:1,CATEGORY=FEAT,Athletic,Endurance	PRESKILL:2,Concentration=6,Survival=6	PRETOTALAB:2
# Class Name	Skill Pts/Lvl	Class Skill
CLASS:Thrasher	STARTSKILLPTS:2	CSKILL:Balance|Climb|Concentration|Drive|Profession|Read/Write Language|Ride|SPEAK LANGUAGE|Spot|Swim|Survival|Tumble
1																		ABILITY:Special Ability|AUTOMATIC|Thrasher ~ Tough Defense
2												BONUS:VAR|AbilitySurge|(CL+1)/3	ABILITY:Special Ability|AUTOMATIC|Thrasher ~ Ability Surge
3			BONUS:ABILITYPOOL|Thrasher Feat|1
4																												TEMPLATE:Uncanny Dodger
6			BONUS:ABILITYPOOL|Thrasher Feat|1
7	DR:5/+1
9			BONUS:ABILITYPOOL|Thrasher Feat|1
10									BONUS:DR|+1|5

# Class Name	Hit Dice	Type			Max Level	Source Page					Combat bonus								Save bonus																					Modify VAR														FACT
CLASS:Wildlord	HD:8		TYPE:PC.Advanced	MAXLEVEL:10	SOURCEPAGE:ArcanaAdvancedClasses	BONUS:COMBAT|BASEAB|classlevel("APPLIEDAS=NONEPIC")*3/4	BONUS:SAVE|BASE.Fortitude,BASE.Will|classlevel("APPLIEDAS=NONEPIC")/2+2	BONUS:SAVE|BASE.Reflex|classlevel("APPLIEDAS=NONEPIC")/3	BONUS:VAR|ClassDefense|(CL+1)/2	BONUS:VAR|Reputation|(CL+2)/3	BONUS:VAR|Action|CL*6	FACT:ClassType|PC
# Class Name	Required Skill					PRETOTALAB
CLASS:Wildlord	PRESKILL:2,Handle Animal=6,Survival=6	PRETOTALAB:2
# Class Name	Skill Pts/Lvl	Class Skill
CLASS:Wildlord	STARTSKILLPTS:4	CSKILL:Climb|Concentration|Drive|Diplomacy|Handle Animal|Hide|Knowledge (Behavioral Sciences)|Knowledge (Earth and Life Sciences)|Knowledge (Physical Sciences)|Move Silently|Navigate|Pilot|Profession|Ride|Spot|Survival|Swim|Treat Injury
###Block: Turning
8	BONUS:VAR|TurnTimes|3+CHA|TYPE=Stat	BONUS:VAR|ImprovedTurningQual|1	DEFINE:ImprovedTurningQual|0	ABILITY:Special Ability|AUTOMATIC|Base Turn|Turn/Rebuke Animals
8	BONUS:VAR|TurnLevel|var("CL=Wildlord")	BONUS:VAR|ExtraTurningQual|1	DEFINE:ExtraTurningQual|0
8	BONUS:VAR|TurnDamagePlus|var("CL=Wildlord")
8	BONUS:VAR|TurnCheck|CHA|TYPE=Stat
10																		ABILITY:Special Ability|AUTOMATIC|Turn/Rebuke Magical Beasts
###Block: Standard
1									ABILITY:Special Ability|AUTOMATIC|Wildlord ~ Animal Empathy
2									ABILITY:Special Ability|AUTOMATIC|Wildlord ~ Animal Companion	ABILITY:FEAT|AUTOMATIC|Track
3	BONUS:ABILITYPOOL|Wildlord Feat|1			ABILITY:Special Ability|AUTOMATIC|Wildlord ~ Fast Climb
4									ABILITY:Special Ability|AUTOMATIC|Wildlord ~ Call Companion|Wildlord ~ Resist Venom
5	BONUS:ABILITYPOOL|Wildlord Skill Mastery|1
6	BONUS:ABILITYPOOL|Wildlord Feat|1
7									ABILITY:Special Ability|AUTOMATIC|Wildlord ~ Expert in Your Field
9	BONUS:ABILITYPOOL|Wildlord Feat|1			ABILITY:Special Ability|AUTOMATIC|Wildlord ~ Transform Companion

#
# End
#
