SOURCELONG:Psionics Expanded - Master the Battle	SOURCESHORT:PEMB	SOURCEWEB:http://dreamscarredpress.com/dragonfly/index.php	SOURCEDATE:2012-03
# ORIGINAL ENTRY: Douglas Limmer
# ORIGINAL ENTRY DATE: 2013/01/21

###Block: Old Powers on Dread power list

Biofeedback.MOD	CLASSES:Dread=1
Conceal Thoughts.MOD	CLASSES:Dread=1
Create Sound.MOD	CLASSES:Dread=1
Demoralize.MOD	CLASSES:Dread=1
Distract.MOD	CLASSES:Dread=1
Mind Thrust.MOD	CLASSES:Dread=1
Mindlink.MOD	CLASSES:Dread=1
Precognition (Defensive).MOD	CLASSES:Dread=1
Precognition (Offensive).MOD	CLASSES:Dread=1
Prescience (Offensive).MOD	CLASSES:Dread=1
Telepathic Lash.MOD	CLASSES:Dread=1

Concealing Amorpha.MOD	CLASSES:Dread=2
Feat Leech.MOD	CLASSES:Dread=2
Id Insinuation.MOD	CLASSES:Dread=2
Mental Disruption.MOD	CLASSES:Dread=2
Strength of My Enemy.MOD	CLASSES:Dread=2
Thought Shield.MOD	CLASSES:Dread=2

Ectoplasmic Form.MOD	CLASSES:Dread=3
Mental Barrier.MOD	CLASSES:Dread=3

Aura Sight.MOD	CLASSES:Dread=4
Mindwipe.MOD	CLASSES:Dread=4
Personality Parasite.MOD	CLASSES:Dread=4
Power Leech.MOD	CLASSES:Dread=4

Pierce the Veils.MOD	CLASSES:Dread=5
Planar Travel.MOD	CLASSES:Dread=5
Psychic Crush.MOD	CLASSES:Dread=5
Schism.MOD	CLASSES:Dread=5

Barred Mind (Personal).MOD	CLASSES:Dread=6
Dream Travel.MOD	CLASSES:Dread=6
Form of Doom.MOD	CLASSES:Dread=6
Temporal Acceleration.MOD	CLASSES:Dread=6

###Block: Talents
Conceal Thoughts		KEY:Conceal Thoughts Talent		CLASSES:Dread,Psion,Psychic Warrior,Wilder=0	SCHOOL:Telepathy						DESCRIPTOR:Mind-Affecting				TYPE:Psionic	COMPS:Me			CASTTIME:1 standard action	RANGE:Close		TARGETAREA:One willing creature										DURATION:(CASTERLEVEL) hours [D]							SAVEINFO:Will negates (harmless)						SPELLRES:Yes (harmless)	DESC:You conceal your motives.																	SOURCEPAGE:p.24
Create Sound		KEY:Create Sound Talent			CLASSES:Dread,Psion,Wilder=0				SCHOOL:Metacreativity	SUBSCHOOL:Creation	DESCRIPTOR:Sonic						TYPE:Psionic	COMPS:Au; see text	CASTTIME:1 standard action	RANGE:Close		TARGETAREA:Sounds; see text											DURATION:(CASTERLEVEL) rounds [D]						SAVEINFO:None									SPELLRES:No			DESC:Create the sound you desire.																	SOURCEPAGE:p.24
Detect Psionics		KEY:Detect Psionics Talent		CLASSES:Dread,Psion,Psychic Warrior,Wilder=0	SCHOOL:Clairsentience													TYPE:Psionic	COMPS:Au Vi			CASTTIME:1 standard action	RANGE:60 ft.	TARGETAREA:Cone-shaped emanation centered on you							DURATION:Concentration, up to (CASTERLEVEL) minutes [D]		SAVEINFO:None									SPELLRES:No			DESC:You detect the presence of psionics.																SOURCEPAGE:p.26
Distract			KEY:Distract Talent			CLASSES:Dread,Psion,Psychic Warrior,Wilder=0	SCHOOL:Telepathy						DESCRIPTOR:Mind-Affecting				TYPE:Psionic	COMPS:Me			CASTTIME:1 standard action	RANGE:Close		TARGETAREA:One creature												DURATION:Concentration, up to (CASTERLEVEL) minutes [D]		SAVEINFO:Will negates								SPELLRES:Yes		DESC:Subject gets -4 on Perception and Sense Motive checks.	BONUS:SKILL|Perception,Sense Motive|-4|TYPE=Temporary|PREAPPLY:ANYPC	SOURCEPAGE:p.26
Empathy			KEY:Empathy Talent			CLASSES:Dread,Psion,Wilder=0				SCHOOL:Telepathy						DESCRIPTOR:Mind-Affecting				TYPE:Psionic	COMPS:Me			CASTTIME:1 standard action	RANGE:30 ft.	TARGETAREA:30-ft.-radius spread centered on you								DURATION:Concentration, up to (CASTERLEVEL) minutes [D]		SAVEINFO:None									SPELLRES:No			DESC:You know the subject's surface emotions.															SOURCEPAGE:p.28
Fortify (Lesser)		OUTPUTNAME:Fortify, Lesser	KEY:Fortify Lesser Talent	CLASSES:Dread,Psion,Psychic Warrior,Tactician,Wilder=0	SCHOOL:Psychometabolism							TYPE:Psionic	COMPS:Me			CASTTIME:1 standard action	RANGE:Personal		TARGETAREA:You												DURATION:One minute		SAVEINFO:None								SPELLRES:No		DESC:Gain +1 resistance bonus to saves	BONUS:CHECKS|ALL|1|TYPE=Resistance|PREAPPLY:PC	SOURCEPAGE:p.29
Missive			KEY:Missive Talent			CLASSES:Dread,Psion,Wilder=0				SCHOOL:Telepathy						DESCRIPTOR:Mind-Affecting|Language-Dependent	TYPE:Psionic	COMPS:Me			CASTTIME:1 standard action	RANGE:Close		TARGETAREA:One creature												DURATION:Instantaneous								SAVEINFO:None									SPELLRES:Yes		DESC:Send a one-way telepathic message to subject.														SOURCEPAGE:p.30
My Light			KEY:My Light Talent			CLASSES:Dread,Psion,Psychic Warrior,Wilder=0	SCHOOL:Psychokinesis					DESCRIPTOR:Light						TYPE:Psionic	COMPS:Au Vi			CASTTIME:1 standard action	RANGE:Personal	TARGETAREA:40-ft. cone of light emanating from you							DURATION:(CASTERLEVEL*10) min. [D]						SAVEINFO:None									SPELLRES:No			DESC:Your eyes emit 40-ft. cone of light.																SOURCEPAGE:p.xx
Telekinetic Punch		KEY:Telekinetic Punch Talent		CLASSES:Dread,Psion,Psychic Warrior,Wilder=0	SCHOOL:Psychokinesis					DESCRIPTOR:Force						TYPE:Psionic	COMPS:Vi			CASTTIME:1 standard action	RANGE:Close		TARGETAREA:One creature or unattended object								DURATION:Instantaneous								SAVEINFO:Will negates (object)						SPELLRES:Yes (object)	DESC:Do 1 point of force damage.																	SOURCEPAGE:p.33
Telepathic Lash		KEY:Telepathic Lash Talent		CLASSES:Dread,Psion,Wilder=0				SCHOOL:Telepathy		SUBSCHOOL:Compulsion	DESCRIPTOR:Mind-Affecting				TYPE:Psionic	COMPS:Ma Me			CASTTIME:1 standard action	RANGE:Close		TARGETAREA:One humanoid creature that has 4HD or less							DURATION:1 round									SAVEINFO:Will negates								SPELLRES:Yes		DESC:Humanoid creature of 4 HD or less loses next action.													SOURCEPAGE:p.33
Vim				KEY:Vim Talent				CLASSES:Dread,Psion,Psychic Warrior,Wilder=0	SCHOOL:Psychometabolism													TYPE:Psionic	COMPS:Ma Ol			CASTTIME:1 standard action	RANGE:Personal	TARGETAREA:You													DURATION:(CASTERLEVEL) minutes						SAVEINFO:None									SPELLRES:No			DESC:Gain 1 temporary hit point.																	SOURCEPAGE:p.35

###Block: Powers
Backlash			TYPE:Psionic	SCHOOL:Clairsentience	CLASSES:Psychic Warrior=4	COMPS:Au Me	CASTTIME:1 immediate action	RANGE:Personal	TARGETAREA:You	DURATION:Instantaneous; see text	SAVEINFO:None	SPELLRES:No	DESC:You can make a full-attack action against a creature that damaged you.	SOURCEPAGE:p.23
Biting Cold			TYPE:Psionic	SCHOOL:Psychokinesis	DESCRIPTOR:Cold|Trigger	CLASSES:Psychic Warrior=5	COMPS:Au Ma	CASTTIME:1 swift action	RANGE:Melee	TARGETAREA:One creature	DURATION:1 round; see text	SAVEINFO:None	SPELLRES:Yes; see text	DESC:Next melee attack deals +1d10 cold damage and staggers target.  Trigger:Target takes 1d10 damage and is paralyzed if it attacks.	SOURCEPAGE:p.24
Bonding Strike		TYPE:Psionic	SCHOOL:Telepathy	DESCRIPTOR:Mind-Affecting	CLASSES:Psychic Warrior=5	COMPS:Me	CASTTIME:1 standard action	RANGE:Melee	TARGETAREA:Two creatures within melee range	DURATION:One round	SAVEINFO:None	SPELLRES:Yes	DESC:Link two melee attack targets so damage to one affects the other.	SOURCEPAGE:p.24
Corrosive Aura		TYPE:Psionic	SCHOOL:Psychometabolism	DESCRIPTOR:Acid	CLASSES:Psychic Warrior,Egoist=1	COMPS:Ma Vi	CASTTIME:1 standard action	RANGE:5 ft.	TARGETAREA:All squares adjacent to you	DURATION:(CASTERLEVEL) rounds [D]	SAVEINFO:Reflex half	SPELLRES:Yes	DESC:Deal 1d6 acid damage to creatures which end their turn adjacent to you.	SOURCEPAGE:p.24
Dazzling Swordplay	TYPE:Psionic	SCHOOL:Psychokinesis	DESCRIPTOR:Trigger	CLASSES:Psychic Warrior=1	COMPS:Ma Vi	CASTTIME:1 swift action	RANGE:Melee	TARGETAREA:One creature	DURATION:One round; see text	SAVEINFO:None	SPELLRES:Yes	DESC:Dazzle target of next melee attack.  Trigger:Blind target	SOURCEPAGE:p.24
Deadly Fear			TYPE:Psionic	SCHOOL:Telepathy	DESCRIPTOR:Fear|Mind-Affecting	CLASSES:Dread,Psion,Wilder=4	COMPS:Vi; see original text	CASTTIME:1 standard action	RANGE:Medium	TARGETAREA:One living creature	DURATION:Instantaneous	SAVEINFO:Will disbelief (if interacted with), then Fortitude partial; see text	SPELLRES:Yes	DESC:Target dies from fear.	SOURCEPAGE:p.25
Deflect			TYPE:Psionic	SCHOOL:Clairsentience	CLASSES:Marksman,Dread,Psychic Warrior=2	COMPS:Vi	CASTTIME:1 immediate action	RANGE:Personal	TARGETAREA:You	DURATION:Instantaneous	SAVEINFO:None	SPELLRES:No	DESC:Take no damage from ranged weapon attack.	SOURCEPAGE:p.25
Dispatch			TYPE:Psionic	SCHOOL:Clairsentience	CLASSES:Dread,Psychic Warrior=3	COMPS:Me	CASTTIME:1 swift action	RANGE:Personal	TARGETAREA:You	DURATION:1 round	SAVEINFO:None	SPELLRES:No	DESC:+4 bonus to disarm or trip; gain attack of opportunity if successful	SOURCEPAGE:p.26
Distracting Strike	TYPE:Psionic	SCHOOL:Telepathy	DESCRIPTOR:Mind-Affecting	CLASSES:Psychic Warrior=2	COMPS:Ma Ol	CASTTIME:1 swift action	RANGE:Melee	TARGETAREA:One creature	DURATION:One round; see text	SAVEINFO:None	SPELLRES:Yes	DESC:Target of melee attack gets -2 penalty to attack rolls and can't make attacks of opportunity.	SOURCEPAGE:p.26
Dream Message		TYPE:Psionic	SCHOOL:Telepathy	DESCRIPTOR:Mind-Affecting	CLASSES:Dread,Psion,Wilder=5	COMPS:Me	CASTTIME:One minute	RANGE:Unlimited	TARGETAREA:One living creature touched	DURATION:See text	SAVEINFO:None	SPELLRES:Yes	DESC:Send a message through a dream.	SOURCEPAGE:p.26
Ectoplasmic Grapnel	TYPE:Psionic	SCHOOL:Metacreativity	SUBSCHOOL:Creation	CLASSES:Gifted Blade,Marksman,Psychic Warrior,Tactician=3	COMPS:Ma	CASTTIME:1 standard action	RANGE:Close	TARGETAREA:One creature, object, or structure	DURATION:Instantaneous	SAVEINFO:None	SPELLRES:Yes	DESC:Attach ectoplasmic cord to target.	SOURCEPAGE:p.27
Entangling Strike		TYPE:Psionic	SCHOOL:Metacreativity	SUBSCHOOL:Creation	DESCRIPTOR:Trigger	CLASSES:Psychic Warrior=2	COMPS:Au Ma	CASTTIME:1 swift action	RANGE:Melee	TARGETAREA:One creature	DURATION:One round; see text	SAVEINFO:None	SPELLRES:No	DESC:Target of next melee attack is entangled.  Trigger:Deal 2d6 damage to target if it tries a concentration check.	SOURCEPAGE:p.28
Fear Cascade		TYPE:Psionic	SCHOOL:Telepathy	DESCRIPTOR:Fear|Mind-Affecting	CLASSES:Dread,Telepath=4	COMPS:Me Vi	CASTTIME:1 standard action	RANGE:Long	TARGETAREA:One creature and any number within 20 ft.	DURATION:(CASTERLEVEL) rounds	SAVEINFO:Will negates or no; see text	SPELLRES:Yes	DESC:Target is cowering; nearby enemies shaken.	SOURCEPAGE:p.28
Freezing Sting		TYPE:Psionic	SCHOOL:Psychokinesis	DESCRIPTOR:Cold|Trigger	CLASSES:Psychic Warrior=2	COMPS:Ma	CASTTIME:1 swift action	RANGE:Melee	TARGETAREA:One creature	DURATION:One round; see text	SAVEINFO:None	SPELLRES:Yes	DESC:+1d6 cold damage on next melee attack.  Trigger:Give target -2 on all attacks if it attacks.	SOURCEPAGE:p.29
Guarded Sleep		TYPE:Psionic	SCHOOL:Clairsentience	CLASSES:Dread,Psion,Vitalist,Wilder=3	COMPS:Me	CASTTIME:1 standard action	RANGE:Touch	TARGETAREA:One sleeping creature	DURATION:Until target wakes	SAVEINFO:None	SPELLRES:No	DESC:Shelter sleeping mind from outside influence; spellcasters gain benefit from sleep.	SOURCEPAGE:p.29
Induce Nightmare		TYPE:Psionic	SCHOOL:Telepathy	DESCRIPTOR:Evil|Mind-Affecting	CLASSES:Dread,Psion,Wilder=5	COMPS:Me	CASTTIME:10 minutes	RANGE:Unlimited	TARGETAREA:One living creature	DURATION:Instantaneous	SAVEINFO:Will negates; see text	SPELLRES:Yes	DESC:Prevent restful sleep and deal damage.	SOURCEPAGE:p.29
Lingering Touch		TYPE:Psionic	SCHOOL:Psychometabolism	CLASSES:Dread=1	COMPS:Vi	CASTTIME:1 swift action	RANGE:Personal	TARGETAREA:You	DURATION:1 round	SAVEINFO:None	SPELLRES:No	DESC:Devastating touch attacks last an extra round.	SOURCEPAGE:p.30
Mindhunter			TYPE:Psionic	SCHOOL:Clairsentience	CLASSES:Dread,Psion,Wilder,Sighted Seeker=3	COMPS:Me	CASTTIME:8 hours	RANGE:One plane	TARGETAREA:One creature on the same plane	DURATION:Instantaneous	SAVEINFO:None	SPELLRES:No	DESC:Search for another mind in your sleep.	SOURCEPAGE:p.30
Moment of Terror		TYPE:Psionic	SCHOOL:Telepathy	DESCRIPTOR:Evil|Mind-Affecting	CLASSES:Dread,Psion,Wilder=4	COMPS:Me	CASTTIME:One standard action	RANGE:Medium	TARGETAREA:One creature of up to Large size	DURATION:1 round; see text	SAVEINFO:Will negates	SPELLRES:Yes	DESC:Target falls helpless for 1 round; -2 to Will saves for one day.	SOURCEPAGE:p.30
Proximity Strike		TYPE:Psionic	SCHOOL:Psychoportation	SUBSCHOOL:Teleportation	DESCRIPTOR:Trigger	CLASSES:Psychic Warrior=2	COMPS:Me	CASTTIME:1 swift action	RANGE:Melee	TARGETAREA:One creature	DURATION:One round; see text	SAVEINFO:None	SPELLRES:No	DESC:+1d4 damage with melee attack.  Trigger:Teleport adjacent to target within (25+5*floor(CASTERLEVEL/2)) ft.	SOURCEPAGE:p.31
Repositioning Strike	TYPE:Psionic	SCHOOL:Psychoportation	SUBSCHOOL:Teleportation	DESCRIPTOR:Trigger	CLASSES:Psychic Warrior=2	COMPS:Me Vi	CASTTIME:1 swift action	RANGE:Melee	TARGETAREA:One creature of Medium size or smaller	DURATION:One round; see text	SAVEINFO:None	SPELLRES:Yes	DESC:Swap positions on next melee attack.  Trigger:You and ally can treat target as if it were flanked.	SOURCEPAGE:p.31
Sensory Cascade		TYPE:Psionic	SCHOOL:Telepathy	DESCRIPTOR:Mind-Affecting	CLASSES:Dread,Psion,Wilder=4	COMPS:Vi	CASTTIME:One standard action	RANGE:Medium	TARGETAREA:All creatures in 15-ft. radius	DURATION:(CASTERLEVEL) rounds	SAVEINFO:Will negates	SPELLRES:Yes	DESC:Overload senses of target.	SOURCEPAGE:p.31
Shocking Strike		TYPE:Psionic	SCHOOL:Psychokinesis	DESCRIPTOR:Electricity|Trigger	CLASSES:Psychic Warrior=2	COMPS:Au Ma	CASTTIME:1 swift action	RANGE:Melee	TARGETAREA:One creature	DURATION:One round; see text	SAVEINFO:None	SPELLRES:Yes	DESC:+1d6 electricity damage with melee attack.  Trigger:Deal 2d6 electricity damage to target.	SOURCEPAGE:p.31
Sidestep			TYPE:Psionic	SCHOOL:Clairsentience	CLASSES:Dread,Marksman,Psychic Warrior=2	COMPS:Vi	CASTTIME:1 immediate action	RANGE:Personal	TARGETAREA:You	DURATION:Instantaneous	SAVEINFO:None	SPELLRES:No	DESC:Take no damage from melee weapon attack.	SOURCEPAGE:p.32
Slumber			TYPE:Psionic	SCHOOL:Telepathy	SUBSCHOOL:Compulsion	DESCRIPTOR:Mind-Affecting	CLASSES:Dread,Psion,Wilder=1	COMPS:Me	CASTTIME:1 round	RANGE:Medium	TARGETAREA:One or more living creatures in a 10-foot-radius burst	DURATION:(CASTERLEVEL) minutes	SAVEINFO:Will negates	SPELLRES:Yes	DESC:Put targets to sleep.	SOURCEPAGE:p.32
Sonic Blast			TYPE:Psionic	SCHOOL:Psychokinesis	DESCRIPTOR:Sonic|Trigger	CLASSES:Marksman,Psychic Warrior=2	COMPS:Ol Vi	CASTTIME:1 swift action	RANGE:Melee	TARGETAREA:One creature	DURATION:One round; see text	SAVEINFO:None	SPELLRES:Yes	DESC:+1d6 sonic damage with melee attack.  Trigger:Trip target if it makes an attack.	SOURCEPAGE:p.32
Subconscious Banishment	TYPE:Psionic	SCHOOL:Telepathy	DESCRIPTOR:Mind-Affecting	CLASSES:Dread=2	COMPS:Vi Me	CASTTIME:1 standard action	RANGE:Close	TARGETAREA:One creature with an Intelligence of 3 or more	DURATION:Instantaneous	SAVEINFO:Will negates; then Fortitude negates (see text)	SPELLRES:Yes	DESC:Sicken target.	SOURCEPAGE:p.32
Summoning Strike		TYPE:Psionic	SCHOOL:Psychoportation	SUBSCHOOL:Teleportation	CLASSES:Psychic Warrior=5	COMPS:Ol Vi	CASTTIME:Full-round action	RANGE:Close	TARGETAREA:One medium-sized or smaller creature	DURATION:Instantaneous	SAVEINFO:Will negates	SPELLRES:Yes	DESC:Teleport target to adjacent square and make melee attack.	SOURCEPAGE:p.33
Thundering Step		TYPE:Psionic	SCHOOL:Psychoportation	DESCRIPTOR:Sonic	CLASSES:Psychic Warrior=4	COMPS:Au Vi	CASTTIME:Full-round action	RANGE:Melee	TARGETAREA:One creature	DURATION:Instantaneous; see text	SAVEINFO:None; see text	SPELLRES:Yes	DESC:Make melee attack with +3d6 sonic damage; daze target.  Teleport after attack; creatures adjacent to target square are dazed.	SOURCEPAGE:p.33
True Terror			TYPE:Psionic	SCHOOL:Clairsentience	DESCRIPTOR:Fear|Mind-Affecting	CLASSES:Seer,Dread=2	COMPS:Me	CASTTIME:1 standard action	RANGE:Medium	TARGETAREA:One living creature with an Intelligence of 3 or more	DURATION:1 round	SAVEINFO:Will negates	SPELLRES:Yes	DESC:Stun target.	SOURCEPAGE:p.34
Unearthly Terror		TYPE:Psionic	SCHOOL:Telepathy		DESCRIPTOR:Fear|Mind-Affecting|Network	CLASSES:Dread,Psion,Tactician,Wilder=1	COMPS:Me	CASTTIME:1 standard action	RANGE:Close		TARGETAREA:One creature		DURATION:(CASTERLEVEL) rounds	SAVEINFO:Will negates or Will partial (see text)	SPELLRES:Yes	DESC:Targets are shaken.	SOURCEPAGE:p.34
Untouchable Aura		TYPE:Psionic	SCHOOL:Telepathy	DESCRIPTOR:Fear|Mind-Affecting	CLASSES:Dread=1	COMPS:Vi Me	CASTTIME:1 move action	RANGE:Aura	TARGETAREA:You	DURATION:(CASTERLEVEL) rounds	SAVEINFO:Will negates (see text)	SPELLRES:Yes	DESC:Those who attack you lose their attack action.	SOURCEPAGE:p.34
Vanishing Strike		TYPE:Psionic	SCHOOL:Psychoportation	DESCRIPTOR:Light	CLASSES:Psychic Warrior=4	COMPS:Ol Vi	CASTTIME:Full-round action	RANGE:Personal; see text	TARGETAREA:You	DURATION:Instantaneous; see text	SAVEINFO:None	SPELLRES:No	DESC:Make melee attack; turn invisible and teleport 30 ft.	SOURCEPAGE:p.34
Wintry Grasp		TYPE:Psionic	SCHOOL:Psychokinesis	DESCRIPTOR:Cold	CLASSES:Psychic Warrior=2	COMPS:Ma Vi	CASTTIME:1 standard action	RANGE:Personal	TARGETAREA:You; see text	DURATION:One round; see text	SAVEINFO:None	SPELLRES:Yes	DESC:Make melee attack; immobilize target.  Your attacks deal cold damage.	SOURCEPAGE:p.35


#
# End
#
