# CVS $Revision$ $Author$ -- Fri Oct 19 20:16:09 2012 -- reformated by prettylst.pl v1.39 (build 15052)
SOURCELONG:Mongoose Publishing - Collector's Series - Quintessential Rogue	SOURCESHORT:QuintRogue	SOURCEWEB:http://mongoosepublishing.com	SOURCEDATE:2002-01

# Move Rogue Proficiency change into hidden feat from SRD's new method.

#TBD - implement Language requirement (2 languages other than Common or native language)

# Class Name			Hit Dice	Type			Abbreviation	Max Level	Source Page			Save checks bonus												Combat bonus
CLASS:Agent of the Crown	HD:6		TYPE:PC.Prestige	ABB:AgC		MAXLEVEL:5	SOURCEPAGE:p.21-23	BONUS:CHECKS|BASE.Fortitude,BASE.Will|CL/3	BONUS:CHECKS|BASE.Reflex|CL/2+2	BONUS:COMBAT|BAB|CL*3/4|TYPE=Base.REPLACE
# Class Name			Required Feat									Multiple Requirements																						Required Text
CLASS:Agent of the Crown	PREFEAT:1,Skill Focus (Diplomacy),Skill Focus (Sense Motive)	PREMULT:2,[PRESKILL:2,Diplomacy=8,Sense Motive=8],[PRESKILL:1,Knowledge (Local)=8,Knowledge (Nobility and Royalty)=8,Knowledge (Court Protocol)=8]	PRETEXT:Gain an officially recognised position within a government as an operative.
# Class Name			Skill Pts/Lvl	Class Skill
CLASS:Agent of the Crown	STARTSKILLPTS:8	CSKILL:Appraise|Balance|Bluff|TYPE=Craft|Decipher Script|Diplomacy|Disable Device|Disguise|Escape Artist|Forgery|Gather Information|Hide|Innuendo|Intimidate|Jump|Knowledge (Local)|Knowledge (Nobility and Royalty)|Knowledge (Court Protocol)|Listen|Move Silently|Open Lock|Perform|Pick Pocket|TYPE=Profession|Read Lips|Ride|Search|Sense Motive|Spot|Tumble
1	AUTO:WEAPONPROF|Dagger|Rapier|Sap
1	AUTO:WEAPONPROF|Mace (Light)|PRESIZEGTEQ:S
###Block: Normal Level Progression
1	BONUS:SKILL|Bluff,Diplomacy,Intimidate,Sense Motive|2|TYPE=Competence												ABILITY:Special Ability|AUTOMATIC|Agent of the Crown ~ Agent of the Crown	ABILITY:Special Ability|AUTOMATIC|Smooth Talker ~ Agent of the Crown
2																								ABILITY:Special Ability|AUTOMATIC|Friends in Low Places ~ Agent of the Crown
3																								ABILITY:Special Ability|AUTOMATIC|Social Chameleon ~ Agent of the Crown
4																								ABILITY:Special Ability|AUTOMATIC|Man of 1000 Faces ~ Agent of the Crown
5													BONUS:VAR|CharmingDemeanor|CHA	DEFINE:CharmingDemeanor|0	ABILITY:Special Ability|AUTOMATIC|Charming Demeanor ~ Agent of the Crown

# Class Name	Hit Dice	Type			Abbreviation	Max Level	Source Page			Save checks bonus											Combat bonus
CLASS:Commando	HD:6		TYPE:PC.Prestige	ABB:Com		MAXLEVEL:5	SOURCEPAGE:p.23-24	BONUS:CHECKS|BASE.Fortitude,BASE.Reflex|CL/2+2	BONUS:CHECKS|BASE.Will|CL/3	BONUS:COMBAT|BAB|CL|TYPE=Base.REPLACE
# Class Name	Req. Att.	Required Feat				Required Skill			Var. Min. Value
CLASS:Commando	PREATT:4	PREFEAT:2,Point Blank Shot,Far Shot	PRESKILL:2,Hide=8,Spot=4	PREVARGTEQ:SneakAttack,1
# Class Name	Skill Pts/Lvl	Class Skill
CLASS:Commando	STARTSKILLPTS:2	CSKILL:Balance|Climb|Hide|Intuit Direction|Listen|Move Silently|Spot|Wilderness Lore
###Block: Proficiencies
1	ABILITY:Special Ability|AUTOMATIC|All Martial Weapon Proficiencies	AUTO:FEAT|Martial Weapon Proficiency|Simple Weapon Proficiency
1													AUTO:FEAT|Armor Proficiency (Light)|Armor Proficiency (Medium)
1													AUTO:FEAT|Shield Proficiency
###Block: Normal Level Progression
1						ABILITY:Special Ability|AUTOMATIC|Live off the Land ~ Commando	ABILITY:Special Ability|AUTOMATIC|Silent Strike ~ Commando
2	BONUS:VAR|SneakAttack|CL/2
3						ABILITY:Special Ability|AUTOMATIC|Prepare Ambush ~ Commando
5						ABILITY:Special Ability|AUTOMATIC|Sniper ~ Commando

# Class Name		Hit Dice	Type			Abbreviation	Max Level	Source Page			Save checks bonus												Combat bonus
CLASS:Crusading Footpad	HD:6		TYPE:PC.Prestige	ABB:CrF		MAXLEVEL:10	SOURCEPAGE:p.24-26	BONUS:CHECKS|BASE.Fortitude,BASE.Will|CL/3	BONUS:CHECKS|BASE.Reflex|CL/2+2	BONUS:COMBAT|BAB|CL*3/4|TYPE=Base.REPLACE
# Class Name		Required AL		Req. Att.	Required Feat			Required Skill				Req. Spell Type
CLASS:Crusading Footpad	PREALIGN:LG,NG,CG	PREATT:4	PREFEAT:2,Dodge,Iron Will	PRESKILL:1,Knowledge (Religion)=4	PRESPELLTYPE:1,Divine=0
# Class Name		Skill Pts/Lvl	Class Skill
CLASS:Crusading Footpad	STARTSKILLPTS:8	CSKILL:Appraise|Balance|Bluff|Climb|TYPE=Craft|Decipher Script|Diplomacy|Disable Device|Disguise|Escape Artist|Forgery|Gather Information|Hide|Innuendo|Intimidate|Intuit Direction|Jump|Knowledge (Religion)|Listen|Move Silently|Open Lock|Perform|Pick Pocket|TYPE=Profession|Read Lips|Search|Sense Motive|Spot|Swim|Tumble|Use Magic Device|Use Rope
1																						ABILITY:Special Ability|AUTOMATIC|Divine Companion ~ Crusading Footpad	ABILITY:Special Ability|AUTOMATIC|Divine Luck ~ Crusading Footpad
#	BONUS:CHECKS|2	- Um... To what?  Tir Gwaith
2									BONUS:VAR|SmiteUndead|CL/2	DEFINE:SmiteUndeadDie|6	DEFINE:SmiteUndead|0	ABILITY:Special Ability|AUTOMATIC|Smite Undead ~ Crusading Footpad
3																						ABILITY:Special Ability|AUTOMATIC|Detect Undead ~ Crusading Footpad	ABILITY:Special Ability|AUTOMATIC|Detect Evil ~ Crusading Footpad
5																						ABILITY:Special Ability|AUTOMATIC|Mask Alignment ~ Crusading Footpad
7																						ABILITY:Special Ability|AUTOMATIC|Divine Shield ~ Crusading Footpad
9	BONUS:SKILL|Disable Device,Search|2|TYPE=Divine														ABILITY:Special Ability|AUTOMATIC|Sense Guards and Wards ~ Crusading Footpad

#TBD - implement Language requirement

# Class Name		Hit Dice	Type			Abbreviation	Max Level	Source Page			Save checks bonus												Combat bonus
CLASS:Deep Tracker	HD:6		TYPE:PC.Prestige	ABB:DTr		MAXLEVEL:5	SOURCEPAGE:p.26-28	BONUS:CHECKS|BASE.Fortitude,BASE.Will|CL/3	BONUS:CHECKS|BASE.Reflex|CL/2+2	BONUS:COMBAT|BAB|CL*3/4|TYPE=Base.REPLACE
# Class Name		Required Feat				Required Skill
CLASS:Deep Tracker	PREFEAT:3,Alertness,Endurance,Track	PRESKILL:1,Wilderness Lore=6
# Class Name		Skill Pts/Lvl	Class Skill
CLASS:Deep Tracker	STARTSKILLPTS:4	CSKILL:Climb|TYPE=Craft|Decipher Script|Diplomacy|Disable Device|Escape Artist|Hide|Intuit Direction|Jump|Knowledge (Underearth)|Listen|Move Silently|TYPE=Profession|Search|Sense Motive|Spot|Swim|Wilderness Lore
###Block: Proficiencies
1	AUTO:FEAT|Simple Weapon Proficiency
1	AUTO:FEAT|Armor Proficiency (Light)
###Block: Normal Level Progression
1						ABILITY:Special Ability|AUTOMATIC|Monster Knowledge ~ Deep Tracker	ABILITY:Special Ability|AUTOMATIC|Underneath Explorer ~ Deep Tracker
2	BONUS:VAR|SneakAttack|CL/2	ABILITY:Special Ability|AUTOMATIC|Pathfinder ~ Deep Tracker	ABILITY:Special Ability|AUTOMATIC|Sneak Attack
3						ABILITY:Special Ability|AUTOMATIC|Emissary ~ Deep Tracker
4						ABILITY:Special Ability|AUTOMATIC|Maze Sense ~ Deep Tracker
5						ABILITY:Special Ability|AUTOMATIC|Dark Sense ~ Deep Tracker

# Class Name	Hit Dice	Type			Abbreviation	Max Level	Source Page			Save checks bonus											Combat bonus
CLASS:Executioner	HD:8		TYPE:PC.Prestige	ABB:Exe		MAXLEVEL:5	SOURCEPAGE:p.28-30	BONUS:CHECKS|BASE.Fortitude|CL/2+2	BONUS:CHECKS|BASE.Reflex,BASE.Will|CL/3	BONUS:COMBAT|BAB|CL|TYPE=Base.REPLACE
# Class Name	Required AL				Req. Att.	Required Feat					Required Skill
CLASS:Executioner	PREALIGN:LN,LE,TN,NE,CN,CE	PREATT:7	PREFEAT:3,Cleave,Power Attack,Sunder	PRESKILL:2,Intimidate=6,Spot=6
# Class Name	Skill Pts/Lvl	Class Skill
CLASS:Executioner	STARTSKILLPTS:2	CSKILL:Concentration|Disguise|Escape Artist|Heal
###Block: Proficiencies
1	ABILITY:Special Ability|AUTOMATIC|All Martial Weapon Proficiencies	AUTO:FEAT|Martial Weapon Proficiency|Simple Weapon Proficiency
1													AUTO:FEAT|Armor Proficiency (Light)|Armor Proficiency (Medium)
1													AUTO:FEAT|Shield Proficiency
###Block: Normal Level Progression
1	BONUS:VAR|SneakAttack|(CL+1)/2	BONUS:VAR|ExecutionersStrike|(CL+1)/2	DEFINE:ExecutionersStrikeDie|6	DEFINE:ExecutionersStrike|0	ABILITY:Special Ability|AUTOMATIC|Executioner's Strik ~ Executioner	ABILITY:Special Ability|AUTOMATIC|Sneak Attack
2																									ABILITY:Special Ability|AUTOMATIC|Cold Blooded Killer ~ Executioner
4																									ABILITY:Special Ability|AUTOMATIC|Executioner's Song ~ Executioner


# Class Name		Hit Dice	Type			Abbreviation	Max Level	Source Page			Save checks bonus												Combat bonus
CLASS:Shadowy Avenger	HD:8		TYPE:PC.Prestige	ABB:ShA		MAXLEVEL:10	SOURCEPAGE:p.30-32	BONUS:CHECKS|BASE.Fortitude,BASE.Will|CL/3	BONUS:CHECKS|BASE.Reflex|CL/2+2	BONUS:COMBAT|BAB|CL|TYPE=Base.REPLACE
# Class Name		Required AL				Req. Att.	Required Feat							Required Skill								Required Text
CLASS:Shadowy Avenger	PREALIGN:NG,TN,NE,CG,CN,CE	PREATT:4	PREFEAT:3,Alertness,Improved Unarmed Strike,Toughness	PRESKILL:4,Disguise=8,Intimidate=8,Sense Motive=8,Alchemy=4	PRETEXT:Must have lost a loved one to a criminal act.
# Class Name		Skill Pts/Lvl	Class Skill
CLASS:Shadowy Avenger	STARTSKILLPTS:4	CSKILL:Alchemy|Climb|TYPE=Craft|Disable Device|Disguise|Gather Information|Hide|Intimidate|Jump|Listen|Move Silently|Search|Sense Motive|Spot|Swim|Tumble|Use Rope
###Block: Proficiencies
1	ABILITY:Special Ability|AUTOMATIC|All Martial Weapon Proficiencies	AUTO:FEAT|Martial Weapon Proficiency|Simple Weapon Proficiency
1													AUTO:FEAT|Armor Proficiency (Light)
###Block: Normal Level Progression
1	BONUS:SKILL|Sense Motive|2|TYPE=Competence						ABILITY:Special Ability|AUTOMATIC|Eye for Detail ~ Shadowy Avenger	ABILITY:Special Ability|AUTOMATIC|Urban Ranger ~ Shadowy Avenger
2									BONUS:VAR|SneakAttack|CL/2	ABILITY:Special Ability|AUTOMATIC|Scrounger ~ Shadowy Avenger	ABILITY:Special Ability|AUTOMATIC|Sneak Attack
3														ABILITY:Special Ability|AUTOMATIC|Punish the Guilty ~ Shadowy Avenger
5	BONUS:SKILL|Intimidate|2|TYPE=Competence							ABILITY:Special Ability|AUTOMATIC|Fearsome Reputation ~ Shadowy Avenger
7														ABILITY:Special Ability|AUTOMATIC|Alchemical Genius ~ Shadowy Avenger												VFEAT:Brew Potion
9														ABILITY:Special Ability|AUTOMATIC|Long Arm of the Law ~ Shadowy Avenger
10														ABILITY:Special Ability|AUTOMATIC|Angel of Judgement ~ Shadowy Avenger

#TBD - implement Superior Knowledge?

# Class Name	Hit Dice	Type			Abbreviation	Max Level	Source Page			Save checks bonus												Combat bonus
CLASS:Tomb Raider	HD:6		TYPE:PC.Prestige	ABB:TmR		MAXLEVEL:5	SOURCEPAGE:p.32-33	BONUS:CHECKS|BASE.Fortitude,BASE.Will|CL/3	BONUS:CHECKS|BASE.Reflex|CL/2+2	BONUS:COMBAT|BAB|CL*3/4|TYPE=Base.REPLACE
# Class Name	Required Feat											Multiple Requirements								Required Stat
CLASS:Tomb Raider	PREFEAT:4,Dodge,Lightning Reflexes,Mobility,Skill Focus (TYPE.Knowledge)	PREMULT:2,[PRESKILL:1,Tumble=10],[PRESKILL:2,TYPE.Knowledge=4]	PRESTAT:1,DEX=15
# Class Name	Skill Pts/Lvl	Class Skill
CLASS:Tomb Raider	STARTSKILLPTS:8	CSKILL:Alchemy|Appraise|Balance|Climb|TYPE=Craft|Decipher Script|Disable Device|Escape Artist|Gather Information|Hide|Intuit Direction|Jump|TYPE=Knowledge|Move Silently|Open Lock|TYPE=Profession|Ride|Search|Spellcraft|Spot|Swim|Tumble|Use Magic Device|Use Rope
###Block: Proficiencies
1	AUTO:FEAT|Simple Weapon Proficiency
1	AUTO:FEAT|Armor Proficiency (Light)
###Block: Normal Level Progression
1									ABILITY:Special Ability|AUTOMATIC|Recognize Trap Design ~ Tomb Raider	ABILITY:Special Ability|AUTOMATIC|Superior Knowledge ~ Tomb Raider
2	BONUS:SKILL|Use Magic Device|2|TYPE=Competence	ABILITY:Special Ability|AUTOMATIC|Mystic Knowledge ~ Tomb Raider	ABILITY:Special Ability|AUTOMATIC|Trap Sense ~ Tomb Raider
3									ABILITY:Special Ability|AUTOMATIC|Identify Item ~ Tomb Raider	ABILITY:Special Ability|AUTOMATIC|Superior Knowledge ~ Tomb Raider
4									ABILITY:Special Ability|AUTOMATIC|Superior Appraise ~ Tomb Raider	ABILITY:Special Ability|AUTOMATIC|Rapid Dodge ~ Tomb Raider
5									ABILITY:Special Ability|AUTOMATIC|Magical Lore ~ Tomb Raider	ABILITY:Special Ability|AUTOMATIC|Superior Knowledge ~ Tomb Raider
