# CVS $Revision$ $Author$ -- Tue Nov 11 14:22:49 2008 -- reformated by prettylst.pl v1.38 (build 8180)
SOURCELONG:Fantasy Flight Games - Dragonstar - Starfarer's Handbook	SOURCESHORT:StarfarerH	SOURCEWEB:http://www.fantasyflightgames.com/dragonstar.html	SOURCEDATE:2001-12

#note: need to come back and add integrated toolkits from soulmech/robot upgrades to all kits so neg goes away when the have kit

# Skill Name	Key Stat	Untrained?		Skill Penalty Apply	Classes																			Type			Required Feat				Source Page		Bonus to skill
Cryptography	KEYSTAT:INT	USEUNTRAINED:NO					CLASSES:Loremaster|Rogue																TYPE:Intelligence							SOURCEPAGE:p.78
Demolitions		KEYSTAT:INT	USEUNTRAINED:NO					CLASSES:Assassin|Blackguard|Dwarven Defender|Fighter|Rogue|Shadowdancer|Warrior							TYPE:Intelligence	PREFEAT:1,Technical Proficiency	SOURCEPAGE:p.79	BONUS:SKILL|Demolitions|-2|!PREITEM:1,RU_Integral Toolkit (Demolitions),RU_Integral Toolkit (Masterwork Demolitions),Demolitions kit,Demolitions kit (masterwork)
Freefall		KEYSTAT:DEX				ACHECK:YES			CLASSES:Assassin|Barbarian|Blackguard|Druid|Dwarven Defender|Fighter|Monk|Paladin|Ranger|Rogue|Shadowdancer|Warrior	TYPE:Dexterity							SOURCEPAGE:p.79
Pilot			KEYSTAT:DEX				ACHECK:YES			CLASSES:Aristocrat|Blackguard|Fighter|Paladin|Ranger|Rogue|Warrior									TYPE:Dexterity	PREFEAT:1,Technical Proficiency	SOURCEPAGE:p.80
Navigate		KEYSTAT:INT								CLASSES:Bard|Druid|Ranger|Rogue|Wizard														TYPE:Intelligence							SOURCEPAGE:p.81
Repair		KEYSTAT:INT	USEUNTRAINED:NO																									TYPE:Intelligence	PREFEAT:1,Technical Proficiency	SOURCEPAGE:p.82
Research		KEYSTAT:WIS								CLASSES:Bard|Cleric|Loremaster|Wizard														TYPE:Wisdom								SOURCEPAGE:p.82
Urban Lore		KEYSTAT:WIS								CLASSES:Aristocrat|Bard|Rogue																TYPE:Wisdom								SOURCEPAGE:p.83
Use Device		KEYSTAT:INT								CLASSES:Bard|Loremaster|Rogue																TYPE:Intelligence	PREFEAT:1,Technical Proficiency	SOURCEPAGE:p.84

###Block: New Crafts, Knowledge, and Professions
# Skill Name																					Key Stat	Untrained?		Type						Required Feat				Source Page

# Skill Name				Key Stat	Untrained?		Type						Required Feat				Source Page		Bonus to skill
Craft (Biotechnology)			KEYSTAT:INT				TYPE:Intelligence.Craft			PREFEAT:1,Technical Proficiency	SOURCEPAGE:p.71
Craft (Electronics)			KEYSTAT:INT				TYPE:Intelligence.Craft			PREFEAT:1,Technical Proficiency	SOURCEPAGE:p.71	BONUS:SKILL|Craft (Electronics)|-2|!PREITEM:1,Toolkit (Specialized-Electronics),Toolkit (Masterwork Specialized-Electronics)
Craft (Gunsmithing)			KEYSTAT:INT				TYPE:Intelligence.Craft			PREFEAT:1,Technical Proficiency	SOURCEPAGE:p.71
Craft (Mechanics)				KEYSTAT:INT				TYPE:Intelligence.Craft			PREFEAT:1,Technical Proficiency	SOURCEPAGE:p.71	BONUS:SKILL|Craft (Mechanics)|-2|!PREITEM:1,Toolkit (Specialized-Mechanics),Toolkit (Masterwork Specialized-Mechanics)
Craft (Metallurgy)			KEYSTAT:INT				TYPE:Intelligence.Craft			PREFEAT:1,Technical Proficiency	SOURCEPAGE:p.71
Craft (Pharmaceuticals)			KEYSTAT:INT				TYPE:Intelligence.Craft			PREFEAT:1,Technical Proficiency	SOURCEPAGE:p.71
Craft (Printing)				KEYSTAT:INT				TYPE:Intelligence.Craft			PREFEAT:1,Technical Proficiency	SOURCEPAGE:p.71
Craft (Robotics)				KEYSTAT:INT				TYPE:Intelligence.Craft			PREFEAT:1,Technical Proficiency	SOURCEPAGE:p.71	BONUS:SKILL|Craft (Robotics)|-2|!PREITEM:1,Toolkit (Specialized-Robotics),Toolkit (MasterworkSpecialized-Robotics)
Knowledge (Astronomy)			KEYSTAT:INT	USEUNTRAINED:NO	TYPE:Science.Intelligence.Knowledge							SOURCEPAGE:p.75
#Knowledge (Biology)			KEYSTAT:INT	USEUNTRAINED:NO	TYPE:Intelligence.Knowledge.Science							SOURCEPAGE:p.75
#Knowledge (Chemistry)			KEYSTAT:INT	USEUNTRAINED:NO	TYPE:Intelligence.Knowledge.Science							SOURCEPAGE:p.75
#Knowledge (Mathematics)			KEYSTAT:INT	USEUNTRAINED:NO	TYPE:Intelligence.Knowledge.Science							SOURCEPAGE:p.75
#Knowledge (Physics)			KEYSTAT:INT	USEUNTRAINED:NO	TYPE:Intelligence.Knowledge.Science							SOURCEPAGE:p.75
Profession (Accountant)			KEYSTAT:WIS	USEUNTRAINED:NO	TYPE:Wisdom.Profession									SOURCEPAGE:p.77
Profession (Attorney)			KEYSTAT:WIS	USEUNTRAINED:NO	TYPE:Wisdom.Profession									SOURCEPAGE:p.77
Profession (Banker)			KEYSTAT:WIS	USEUNTRAINED:NO	TYPE:Wisdom.Profession									SOURCEPAGE:p.77
Profession (Computer Programmer)	KEYSTAT:WIS	USEUNTRAINED:NO	TYPE:Wisdom.Profession									SOURCEPAGE:p.77
Profession (Construction Worker)	KEYSTAT:WIS	USEUNTRAINED:NO	TYPE:Wisdom.Profession									SOURCEPAGE:p.77
Profession (Engineer)			KEYSTAT:WIS	USEUNTRAINED:NO	TYPE:Wisdom.Profession									SOURCEPAGE:p.77
Profession (Manager)			KEYSTAT:WIS	USEUNTRAINED:NO	TYPE:Wisdom.Profession									SOURCEPAGE:p.77
Profession (Physician)			KEYSTAT:WIS	USEUNTRAINED:NO	TYPE:Wisdom.Profession									SOURCEPAGE:p.77
Profession (Pilot)			KEYSTAT:WIS	USEUNTRAINED:NO	TYPE:Wisdom.Profession									SOURCEPAGE:p.77
Profession (Psychologist)		KEYSTAT:WIS	USEUNTRAINED:NO	TYPE:Wisdom.Profession									SOURCEPAGE:p.77
Profession (Scientist)			KEYSTAT:WIS	USEUNTRAINED:NO	TYPE:Wisdom.Profession									SOURCEPAGE:p.77
Profession (Teacher)			KEYSTAT:WIS	USEUNTRAINED:NO	TYPE:Wisdom.Profession									SOURCEPAGE:p.77
Profession (Pharmacist)			KEYSTAT:WIS	USEUNTRAINED:NO	TYPE:Wisdom.Profession									SOURCEPAGE:p.77
