#  Fri Nov 16 19:52:40 2018 -- reformated by PCGen PrettyLST v6.08.00
# CVS $Revision: 21640 $ $Author: amaitland $ -- Tue Dec 15 01:48:08 2015 -- reformated by PCGen PrettyLST v6.06.00
SOURCELONG:Bestiary 4	SOURCESHORT:B4	SOURCEWEB:http://paizo.com/products/btpy91ds?Pathfinder-Roleplaying-Game-Bestiary-4	SOURCEDATE:2013-10


###Block: Creature Subtypes
# Template Name	Visible	Source Page		Race Subtype
Changeling		VISIBLE:NO	SOURCEPAGE:p.304	RACESUBTYPE:Changeling
Colossus		VISIBLE:NO	SOURCEPAGE:p.305	RACESUBTYPE:Colossus
Great Old One	VISIBLE:NO	SOURCEPAGE:p.306	RACESUBTYPE:Great Old One
Kaiju			VISIBLE:NO	SOURCEPAGE:p.307	RACESUBTYPE:Kaiju
Kasatha		VISIBLE:NO	SOURCEPAGE:p.307	RACESUBTYPE:Kasatha
Kitsune		VISIBLE:NO	SOURCEPAGE:p.307	RACESUBTYPE:Kitsune
Mythic		VISIBLE:NO	SOURCEPAGE:p.307	RACESUBTYPE:Mythic
Psychopomp		VISIBLE:NO	SOURCEPAGE:p.308	RACESUBTYPE:Psychopomp
Samsaran		VISIBLE:NO	SOURCEPAGE:p.308	RACESUBTYPE:Samsaran
Wayang		VISIBLE:NO	SOURCEPAGE:p.308	RACESUBTYPE:Wayang

###Block: Racial Heritage ~ Will be used to determine feat eligibiltiy
# Template Name	Unique Key					Visible	Type				FACT
Changeling		KEY:Racial Heritage ~ Changeling	VISIBLE:NO	TYPE:Racial Heritage	FACT:IsChangeling|True
Kitsune		KEY:Racial Heritage ~ Kitsune		VISIBLE:NO	TYPE:Racial Heritage	FACT:IsKitsune|True
Nagaji		KEY:Racial Heritage ~ Nagaji		VISIBLE:NO	TYPE:Racial Heritage	FACT:IsNagaji|True
Samsaran		KEY:Racial Heritage ~ Samsaran	VISIBLE:NO	TYPE:Racial Heritage	FACT:IsSamsaran|True
Wayang		KEY:Racial Heritage ~ Wayang		VISIBLE:NO	TYPE:Racial Heritage	FACT:IsWayang|True

###Block: Languages
# Template Name			Visible	Bonus Languages
Bonus Language ~ Kasatha	VISIBLE:NO	LANGBONUS:Draconic,Dwarven,Gnoll,Orc,Sphinx
Bonus Language ~ Nagaji		VISIBLE:NO	LANGBONUS:Nagaji
Bonus Language ~ Samsaran	VISIBLE:NO	LANGBONUS:Samsaran
Bonus Language ~ Tengu		VISIBLE:NO	LANGBONUS:Tengu
Bonus Language ~ Wayang		VISIBLE:NO	LANGBONUS:Wayang

SOURCELONG:Bestiary	SOURCESHORT:B1	SOURCEWEB:http://paizo.com/store/downloads/pathfinder/pathfinderRPG/v5748btpy8auu	SOURCEDATE:2009-10

###Block: Languages
Bonus Language ~ Tengu		VISIBLE:NO	LANGBONUS:Tengu
