# CVS $Revision$ $Author$ -- Fri Feb  6 20:42:23 2009 -- reformated by prettylst.pl v1.39 (build 9132)
SOURCELONG:Fantasy Flight Games - School of Illusion	SOURCESHORT:Ill	SOURCEWEB:http://www.fantasyflightgames.com/dd38.html	SOURCEDATE:2003-02
# Original entry by: Ratheof Blithwyn


# Issues:
#   - Opposed Spell not possible to code
#   - Multiple subschools are not working

# Feat Name					Type			Required Ability							Multiple Requirements										Required Spell School		Required Sub-school		Req. Spell Type		Description																								Source Page
Illusion Library Avoidance		TYPE:General										PREMULT:1,[PRESUBCLASS:1,Illusionist],[PRECLASS:1,Devoted Illusionist=1]															DESC:You have access to all spells from a certain discipline of illusion magic and can add them to your spellbook once you're high enough level.	SOURCEPAGE:p.25
Illusion Library Deception		TYPE:General										PREMULT:1,[PRESUBCLASS:1,Illusionist],[PRECLASS:1,Devoted Illusionist=1]															DESC:You have access to all spells from a certain discipline of illusion magic and can add them to your spellbook once you're high enough level.	SOURCEPAGE:p.25
Illusion Library Disguise		TYPE:General										PREMULT:1,[PRESUBCLASS:1,Illusionist],[PRECLASS:1,Devoted Illusionist=1]															DESC:You have access to all spells from a certain discipline of illusion magic and can add them to your spellbook once you're high enough level.	SOURCEPAGE:p.25
Illusion Library Fascination		TYPE:General										PREMULT:1,[PRESUBCLASS:1,Illusionist],[PRECLASS:1,Devoted Illusionist=1]															DESC:You have access to all spells from a certain discipline of illusion magic and can add them to your spellbook once you're high enough level.	SOURCEPAGE:p.25
Illusion Library Invisibility		TYPE:General										PREMULT:1,[PRESUBCLASS:1,Illusionist],[PRECLASS:1,Devoted Illusionist=1]															DESC:You have access to all spells from a certain discipline of illusion magic and can add them to your spellbook once you're high enough level.	SOURCEPAGE:p.25
Illusion Library Message		TYPE:General										PREMULT:1,[PRESUBCLASS:1,Illusionist],[PRECLASS:1,Devoted Illusionist=1]															DESC:You have access to all spells from a certain discipline of illusion magic and can add them to your spellbook once you're high enough level.	SOURCEPAGE:p.25
Illusion Library Shadow			TYPE:General										PREMULT:1,[PRESUBCLASS:1,Illusionist],[PRECLASS:1,Devoted Illusionist=1]															DESC:You have access to all spells from a certain discipline of illusion magic and can add them to your spellbook once you're high enough level.	SOURCEPAGE:p.25
Illusion Library Terror			TYPE:General										PREMULT:1,[PRESUBCLASS:1,Illusionist],[PRECLASS:1,Devoted Illusionist=1]															DESC:You have access to all spells from a certain discipline of illusion magic and can add them to your spellbook once you're high enough level.	SOURCEPAGE:p.25
Illusion Library True Illusion	TYPE:General										PREMULT:1,[PRESUBCLASS:1,Illusionist],[PRECLASS:1,Devoted Illusionist=1]															DESC:You have access to all spells from a certain discipline of illusion magic and can add them to your spellbook once you're high enough level.	SOURCEPAGE:p.25
Infuse Reality				TYPE:Metamagic																							PRESPELLSCHOOL:1,Illusion=1										DESC:You can add shadow energy to your illusion spells to make them partially real.												SOURCEPAGE:p.25
Infuse Truth				TYPE:Metamagic																							PRESPELLSCHOOL:1,Illusion=1										DESC:You can cause your illusion spells to affect undead and other creatures normally immune to them.									SOURCEPAGE:p.25
Opposed Spell				TYPE:General																																	PRESPELLTYPE:1,Arcane=1	DESC:You can cast a spell from a school of magic normally not available to you.												SOURCEPAGE:p.25
Shadow Familiar				TYPE:General	PREABILITY:1,CATEGORY=Special Ability,Summon Familiar																			PRESPELLSCHOOLSUB:3,Shadow=1					DESC:Your familiar has been infused with energy from the Plane of Shadow.													SOURCEPAGE:p.25
# The descriptions of Opposed Spell and Shadow Familiar is messed up in the source.
