# CVS $Revision$ $Author$ -- Fri Mar 18 14:22:42 2005 -- reformated by prettylst.pl v1.34 (build 455)
SOURCELONG:Fantasy Flight Games - School of Illusion|SOURCESHORT:Ill|SOURCEWEB:http://www.fantasyflightgames.com/dd38.html
# Original entry by: Ratheof Blithwyn
# ITEM:Potion tag addition by: Paul "Yes, that Paul" Grosse

# I have used sub-schools to denote disciplines.
# The descriptions are from the table on p.27-32

# New spells
# Spell Name			Output Name				Classes of caster				School		Sub-School					Spell Descriptors				Type		Components				Casting Time					Range						Target Area																				Duration										Save Info								Spell Resistance					Description																						Source Page		Item
Alter Reality								CLASSES:Sorcerer,Wizard=9		SCHOOL:Illusion	SUBSCHOOL:Shadow										TYPE:Arcane	COMPS:V, S				CASTTIME:1 full action				RANGE:Special				TARGETAREA:1-mile radius centered on you															DURATION:(CASTERLEVEL*5) minutes [D]					SAVEINFO:None							SPELLRES:No						DESC:Creates area where all illusions are 80% real.															SOURCEPAGE:p.33	ITEM:Potion
Apocalypse									CLASSES:Sorcerer,Wizard=8		SCHOOL:Illusion	SUBSCHOOL:Pattern|Terror		DESCRIPTOR:Fear|Mind-Affecting	TYPE:Arcane	COMPS:V, S				CASTTIME:1 full round				RANGE:Medium				TARGETAREA:(CASTERLEVEL*2) 10 ft. cubes [S]														DURATION:1 minute (see text)							SAVEINFO:Will half (see text)					SPELLRES:Yes					DESC:Creates illusion that the universe is ending and inflicts 1 point of temporary Wisdom damage and 2d4 points of damage each round.	SOURCEPAGE:p.33	ITEM:Potion
Area Invisbility								CLASSES:Sorcerer,Wizard=4		SCHOOL:Illusion	SUBSCHOOL:Glamer|Invisibility								TYPE:Arcane	COMPS:V, S, M			CASTTIME:1 action					RANGE:Close					TARGETAREA:60-ft. radius spread																DURATION:(CASTERLEVEL) hours [D]						SAVEINFO:Will disbelief (if interacted with)		SPELLRES:No						DESC:You can selectively turn people and objects in an area invisible for 1 hour/level.									SOURCEPAGE:p.33	ITEM:Potion
Awakened Fears								CLASSES:Sorcerer,Wizard=2		SCHOOL:Illusion	SUBSCHOOL:Phantasm|Terror		DESCRIPTOR:Fear|Mind-Affecting	TYPE:Arcane	COMPS:V, S				CASTTIME:1 action					RANGE:Medium				TARGETAREA:One living creature																DURATION:Instantaneous								SAVEINFO:Will disbelief						SPELLRES:Yes					DESC:Target is attacked by his inner fears, suffers 3d6 points of damage and is shaken.									SOURCEPAGE:p.33	ITEM:Potion
Burst of Magic								CLASSES:Sorcerer,Wizard=0		SCHOOL:Illusion	SUBSCHOOL:Glamer|Deception								TYPE:Arcane	COMPS:V, S				CASTTIME:1 action					RANGE:((CASTERLEVEL*10)+100) ft.	TARGETAREA:5 ft wide to 50 ft. + 5ft./level														DURATION:Instantaneous								SAVEINFO:None							SPELLRES:No						DESC:Does nothing, but detects as a powerful spell being cast.													SOURCEPAGE:p.34	ITEM:Potion
Cloak of Fears								CLASSES:Bard,Sorcerer,Wizard=1	SCHOOL:Illusion	SUBSCHOOL:Pattern|Terror		DESCRIPTOR:Fear|Mind-Affecting	TYPE:Arcane	COMPS:V, S				CASTTIME:1 action					RANGE:Touch					TARGETAREA:Creature touched																	DURATION:(CASTERLEVEL) minutes [D]						SAVEINFO:Will negates						SPELLRES:Yes					DESC:Target gains a +(CASTERLEVEL) insight bonus to Intimidate checks.												SOURCEPAGE:p.34	ITEM:Potion
Conceal									CLASSES:Sorcerer,Wizard=0		SCHOOL:Illusion	SUBSCHOOL:Glamer|Invisibility								TYPE:Arcane	COMPS:V, S, M			CASTTIME:1 action					RANGE:Touch					TARGETAREA:Object touched																	DURATION:(CASTERLEVEL) minutes						SAVEINFO:None							SPELLRES:No						DESC:One object that is one size-category or more smaller than you becomes invisible for 1 minute/level.						SOURCEPAGE:p.34	ITEM:Potion
Crawling Skin								CLASSES:Bard,Sorcerer,Wizard=0	SCHOOL:Illusion	SUBSCHOOL:Figment|Terror		DESCRIPTOR:Fear|Mind-Affecting	TYPE:Arcane	COMPS:V, S				CASTTIME:1 action					RANGE:Touch					TARGETAREA:Creature touched																	DURATION:(CASTERLEVEL) minutes (see text)					SAVEINFO:Will negates						SPELLRES:Yes					DESC:Target suffers a -2 morale penalty to save versus next fear effect.											SOURCEPAGE:p.35	ITEM:Potion
Deadly Darkness								CLASSES:Bard=4|Sorcerer,Wizard=3	SCHOOL:Illusion	SUBSCHOOL:Shadow				DESCRIPTOR:Darkness			TYPE:Arcane	COMPS:V, S				CASTTIME:1 full action				RANGE:Close					TARGETAREA:(CASTERLEVEL*5) ft. radius															DURATION:(CASTERLEVEL) rounds [D]						SAVEINFO:None							SPELLRES:No						DESC:Extinguishes lights and summons shadows to fight for the caster.												SOURCEPAGE:p.35	ITEM:Potion
Deadly Mark				OUTPUTNAME:Deadly Mark, The	CLASSES:Sorcerer,Wizard=7		SCHOOL:Illusion	SUBSCHOOL:Pattern|Fascination		DESCRIPTOR:Mind-Affecting		TYPE:Arcane	COMPS:V, S				CASTTIME:1 action					RANGE:Close					TARGETAREA:One living creature																DURATION:See text [D]								SAVEINFO:Will negates						SPELLRES:No						DESC:Target dies next time it sees a specific image.															SOURCEPAGE:p.35	ITEM:Potion
Deadly Pattern								CLASSES:Sorcerer,Wizard=9		SCHOOL:Illusion	SUBSCHOOL:Pattern|Fascination		DESCRIPTOR:Mind-Affecting		TYPE:Arcane	COMPS:(V), S, M, F (see text)	CASTTIME:1 action					RANGE:Medium				TARGETAREA:Colorful lights with a 25-ft. radius spread												DURATION:See text									SAVEINFO:Will negates						SPELLRES:Yes					DESC:As Rainbow Pattern, except it traps its victims until they die.												SOURCEPAGE:p.36	ITEM:Potion
Decoy										CLASSES:Sorcerer,Wizard=9		SCHOOL:Illusion	SUBSCHOOL:Glamer|Deception								TYPE:Arcane	COMPS:V, S				CASTTIME:1 hour					RANGE:Touch					TARGETAREA:One doll																		DURATION:Permanent [D]								SAVEINFO:None							SPELLRES:No						DESC:Creates a doll that magically detects as you.															SOURCEPAGE:p.36	ITEM:Potion
Delayed Dream								CLASSES:Bard=6|Sorcerer,Wizard=9	SCHOOL:Illusion	SUBSCHOOL:Phantasm|Message		DESCRIPTOR:Mind-Affecting		TYPE:Arcane	COMPS:V, S, M			CASTTIME:1 minute or longer			RANGE:Unlimited				TARGETAREA:Self, or one living creature touched														DURATION:Permanent until triggered						SAVEINFO:None							SPELLRES:Yes					DESC:As Dream, but waits for trigger.																	SOURCEPAGE:p.36	ITEM:Potion
Dim										CLASSES:Bard,Sorcerer,Wizard=0	SCHOOL:Illusion	SUBSCHOOL:Shadow				DESCRIPTOR:Darkness			TYPE:Arcane	COMPS:S				CASTTIME:1 action					RANGE:Close					TARGETAREA:One object																		DURATION:(CASTERLEVEL) minutes						SAVEINFO:None							SPELLRES:Yes					DESC:Reduce a light source's area of illumination by 10 ft.														SOURCEPAGE:p.37	ITEM:Potion
Disguise Trap								CLASSES:Sorcerer,Wizard=3		SCHOOL:Illusion	SUBSCHOOL:Glamer|Disguise								TYPE:Arcane	COMPS:V, S, M			CASTTIME:1 action					RANGE:Touch					TARGETAREA:Trap touched																		DURATION:Permanent [D]								SAVEINFO:None							SPELLRES:No						DESC:You make an existing trap more difficult to spot, making it look like the surrounding terrain.							SOURCEPAGE:p.37	ITEM:Potion
Distan Image								CLASSES:Sorcerer,Wizard=9		SCHOOL:Illusion	SUBSCHOOL:Shadow										TYPE:Arcane	COMPS:V, S, M			CASTTIME:1 action					RANGE:Unlimited				TARGETAREA:One shadow duplicate																DURATION:(CASTERLEVEL) rounds [D]						SAVEINFO:Will disbelief (if interacted with)		SPELLRES:No						DESC:As Project Image with unlimited range, but chance of duplicate appearing of target.									SOURCEPAGE:p.37	ITEM:Potion
Distract									CLASSES:Bard,Sorcerer,Wizard=0	SCHOOL:Illusion	SUBSCHOOL:Figment|Avoidance		DESCRIPTOR:Mind-Affecting		TYPE:Arcane	COMPS:V, S				CASTTIME:1 action					RANGE:Close					TARGETAREA:(max(CASTERLEVEL/2,1)) creatures, no two of which can be more than 20 ft. apart.						DURATION:Instantaneous								SAVEINFO:Will negates						SPELLRES:Yes					DESC:Allows you to make Hide checks while observed.															SOURCEPAGE:p.38	ITEM:Potion
Face in the Crowd								CLASSES:Sorcerer,Wizard=0		SCHOOL:Illusion	SUBSCHOOL:Glamer|Disguise								TYPE:Arcane	COMPS:V, S, M			CASTTIME:1 action					RANGE:Pesonal				TARGETAREA:You																			DURATION:(CASTERLEVEL) minutes [D]																						DESC:Lets you blend into a crowd.																		SOURCEPAGE:p.38
Faceless									CLASSES:Sorcerer,Wizard=2		SCHOOL:Illusion	SUBSCHOOL:Glamer|Disguise								TYPE:Arcane	COMPS:V, S				CASTTIME:1 action					RANGE:Pesonal				TARGETAREA:You																			DURATION:(CASTERLEVEL) hours [D]																						DESC:You lose all distinguishing features, appearing mundane and unremarkable.										SOURCEPAGE:p.38
False Appraisal								CLASSES:Sorcerer,Wizard=2		SCHOOL:Illusion	SUBSCHOOL:Glamer|Disguise								TYPE:Arcane	COMPS:V, S, F			CASTTIME:1 action					RANGE:Touch					TARGETAREA:Object touched																	DURATION:Permanent [D]								SAVEINFO:None (see text)					SPELLRES:No						DESC:Makes target item appear more or less valuable.															SOURCEPAGE:p.38	ITEM:Potion
False Lore									CLASSES:Sorcerer,Wizard=7		SCHOOL:Illusion	SUBSCHOOL:Glamer|Deception								TYPE:Arcane	COMPS:V, S				CASTTIME:10 minutes				RANGE:Touch					TARGETAREA:One creature or object																DURATION:Permanent [D]								SAVEINFO:See text							SPELLRES:No						DESC:Fool Legend Lore and Contact Other Plane.																SOURCEPAGE:p.39	ITEM:Potion
False Thoughts								CLASSES:Sorcerer,Wizard=3		SCHOOL:Illusion	SUBSCHOOL:Glamer|Deception								TYPE:Arcane	COMPS:V, S, M			CASTTIME:1 action					RANGE:Touch					TARGETAREA:One creature																		DURATION:(CASTERLEVEL) hours							SAVEINFO:None							SPELLRES:No						DESC:Creates false surface thoughts.																	SOURCEPAGE:p.39	ITEM:Potion
Greater Madness								CLASSES:Bard,Sorcerer,Wizard=6	SCHOOL:Illusion	SUBSCHOOL:Phantasm|Terror		DESCRIPTOR:Chaotic|Mind-Affecting	TYPE:Arcane	COMPS:V, S				CASTTIME:1 action					RANGE:Touch					TARGETAREA:Touched creature																	DURATION:Instantaneous (see text)						SAVEINFO:Will negates						SPELLRES:Yes					DESC:As Madness spell, but deals 1d3+3 points of temporary Wisdom damage and may instill more serious forms of temporary insanity.		SOURCEPAGE:p.39	ITEM:Potion
Greater Ventriloquism							CLASSES:Bard,Sorcerer,Wizard=5	SCHOOL:Illusion	SUBSCHOOL:Glamer|Avoidance								TYPE:Arcane	COMPS:V, S				CASTTIME:1 action					RANGE:Close					TARGETAREA:(CASTERLEVEL/3) creaures																DURATION:(CASTERLEVEL) minutes [D]						SAVEINFO:Will negates						SPELLRES:Yes					DESC:Target appears to speak words chosen by caster for (CASTERLEVEL) min.											SOURCEPAGE:p.40	ITEM:Potion
Illusory Whisper								CLASSES:Bard,Sorcerer,Wizard=0	SCHOOL:Illusion	SUBSCHOOL:Figment|Message								TYPE:Arcane	COMPS:V, S				CASTTIME:1 action					RANGE:Close					TARGETAREA:One creature or object																DURATION:Instantaneous								SAVEINFO:None							SPELLRES:Yes					DESC:Whisper one word in target's ear.																	SOURCEPAGE:p.40	ITEM:Potion
Impersonate									CLASSES:Sorcerer,Wizard=7		SCHOOL:Illusion	SUBSCHOOL:Disguise									TYPE:Arcane	COMPS:V, S, M			CASTTIME:1 action					RANGE:Touch					TARGETAREA:Creature touched																	DURATION:(CASTERLEVEL) hours [D]						SAVEINFO:Will negates						SPELLRES:Yes					DESC:You assume the form of a touched creature, appearing in every way like it.										SOURCEPAGE:p.41	ITEM:Potion
Improved Invisibility Sphere						CLASSES:Sorcerer,Wizard=5		SCHOOL:Illusion	SUBSCHOOL:Glamer|Invisibility								TYPE:Arcane	COMPS:V, S, M			CASTTIME:1 action					RANGE:Personal or touch			TARGETAREA:10-ft.-radius sphere around the creature or object touched.										DURATION:(CASTERLEVEL) minutes [D]						SAVEINFO:None or Will negates (harmless, object)	SPELLRES:No or Yes (harmless, object)	DESC:As invisibility sphere, but the subject and those affected by the spell can attack and remain invisible.					SOURCEPAGE:p.41	ITEM:Potion
Independent Illusion							CLASSES:Sorcerer,Wizard=8		SCHOOL:Illusion	SUBSCHOOL:Figment|True Illusion							TYPE:Arcane	COMPS:V, S				CASTTIME:1 action					RANGE:Close					TARGETAREA:Visual figment that cannot extend beyond a 20-ft. cube + (CASTERLEVEL) 10-ft. cubes [S]					DURATION:Permanent until triggered, then (CASTERLEVEL) rounds	SAVEINFO:Will disbelief						SPELLRES:Yes					DESC:As major image, plus triggered by event.																SOURCEPAGE:p.41	ITEM:Potion
Invisible Dwelling							CLASSES:Sorcerer,Wizard=8		SCHOOL:Illusion	SUBSCHOOL:Glamer|Invisibility								TYPE:Arcane	COMPS:V, S, M			CASTTIME:10 minutes				RANGE:Medium				TARGETAREA:(CASTERLEVEL) 30-ft. cubes.															DURATION:Permanent [D]								SAVEINFO:Will disbelief (if interacted with)		SPELLRES:No						DESC:Makes a single building invisible to all but those you specify.												SOURCEPAGE:p.41	ITEM:Potion
Lesser Simulacrum								CLASSES:Sorcerer,Wizard=4		SCHOOL:Illusion	SUBSCHOOL:Shadow										TYPE:Arcane	COMPS:V, S, M			CASTTIME:1 hour					RANGE:Touch					TARGETAREA:One duplicate creature.																DURATION:(CASTERLEVEL) hours							SAVEINFO:None							SPELLRES:No						DESC:As Simulacrum, but creates weaker double that dissolves after 1 hour/level.										SOURCEPAGE:p.42	ITEM:Potion
Limited Invisibility							CLASSES:Sorcerer,Wizard=1		SCHOOL:Illusion	SUBSCHOOL:Glamer|Invisibility								TYPE:Arcane	COMPS:V, S, M			CASTTIME:1 action					RANGE:Personal or touch			TARGETAREA:You or creature or object weighing no more than (CASTERLEVEL*100) lbs.								DURATION:(CASTERLEVEL) minutes [D]						SAVEINFO:None or Will negates (harmless, object)	SPELLRES:No or Yes (harmless, object)	DESC:As Invisibility, except that the effect ends if the target moves or is touched by another creature.						SOURCEPAGE:p.42	ITEM:Potion
Living Knowledge								CLASSES:Bard=6|Sorcerer,Wizard=8	SCHOOL:Illusion	SUBSCHOOL:Pattern|Message		DESCRIPTOR:Mind-Affecting		TYPE:Arcane	COMPS:V, S, M			CASTTIME:1 full action				RANGE:Touch					TARGETAREA:One touched object.																DURATION:(CASTERLEVEL) days [D]						SAVEINFO:Will negates (harmless)				SPELLRES:Yes (harmless)				DESC:You place ranks in an Int-based skill into an object.														SOURCEPAGE:p.42	ITEM:Potion
Living Words								CLASSES:Bard=3|Sorcerer,Wizard=4	SCHOOL:Illusion	SUBSCHOOL:Pattern|Message		DESCRIPTOR:Mind-Affecting		TYPE:Arcane	COMPS:V, S, M			CASTTIME:1 minute or longer (see text)	RANGE:Touch					TARGETAREA:One touched object.																DURATION:(CASTERLEVEL) years							SAVEINFO:Will negates (harmless)				SPELLRES:Yes (harmless)				DESC:As Write, but any person touching item is considered to have read the words.										SOURCEPAGE:p.42	ITEM:Potion
Lure										CLASSES:Sorcerer,Wizard=3		SCHOOL:Illusion	SUBSCHOOL:Figment|Fascination		DESCRIPTOR:Mind-Affecting		TYPE:Arcane	COMPS:V, S, M			CASTTIME:1 action					RANGE:Touch					TARGETAREA:One creature.																	DURATION:(CASTERLEVEL) rounds [D]						SAVEINFO:Will negates						SPELLRES:Yes					DESC:Lures the target along a specific path.																SOURCEPAGE:p.43	ITEM:Potion
Madness									CLASSES:Bard,Sorcerer,Wizard=4	SCHOOL:Illusion	SUBSCHOOL:Phantasm|Terror		DESCRIPTOR:Fear|Mind-Affecting	TYPE:Arcane	COMPS:V, S				CASTTIME:1 action					RANGE:Touch					TARGETAREA:Touched creature.																	DURATION:Instantaneous (see text)						SAVEINFO:Will negates						SPELLRES:Yes					DESC:Deals 1d3 points of temporary Wisdom damage and imparts a form of temporary insanity.								SOURCEPAGE:p.43	ITEM:Potion
Maelstrom of Color							CLASSES:Sorcerer,Wizard=8		SCHOOL:Illusion	SUBSCHOOL:Pattern|Fascination		DESCRIPTOR:Mind-Affecting		TYPE:Arcane	COMPS:V, S, M			CASTTIME:1 action					RANGE:Long					TARGETAREA:Cone																			DURATION:Instantaneous (see text)						SAVEINFO:Will negates						SPELLRES:Yes					DESC:As Color Spray, but is much more powerful and affects 3d6 creatures.											SOURCEPAGE:p.44	ITEM:Potion
Magical Blindness								CLASSES:Sorcerer,Wizard=6		SCHOOL:Illusion	SUBSCHOOL:Glamer|Deception								TYPE:Arcane	COMPS:V, S, M			CASTTIME:1 action					RANGE:Medium				TARGETAREA:(CASTERLEVEL*10) ft. radius.															DURATION:(CASTERLEVEL) minutes						SAVEINFO:None							SPELLRES:No						DESC:Blocks all magical sight in an area.																	SOURCEPAGE:p.44	ITEM:Potion
Magical Deafness								CLASSES:Sorcerer,Wizard=4		SCHOOL:Illusion	SUBSCHOOL:Glamer|Deception								TYPE:Arcane	COMPS:V, S, M			CASTTIME:1 action					RANGE:Medium				TARGETAREA:(CASTERLEVEL*10) ft. radius.															DURATION:(CASTERLEVEL) minutes						SAVEINFO:None							SPELLRES:No						DESC:Blocks all magical listening in an area.																SOURCEPAGE:p.44	ITEM:Potion
Mass Change									CLASSES:Sorcerer,Wizard=8		SCHOOL:Illusion	SUBSCHOOL:Glamer|Disguise								TYPE:Arcane	COMPS:V, S, M			CASTTIME:10 minutes				RANGE:Long					TARGETAREA:1 mile radius.																	DURATION:Concentration + 2 hours/level					SAVEINFO:Will disbelief (if interacted with)		SPELLRES:No						DESC:All things of a certain type within 1 mile appear as something else.											SOURCEPAGE:p.45	ITEM:Potion
Mass Improved Invisibility						CLASSES:Sorcerer,Wizard=9		SCHOOL:Illusion	SUBSCHOOL:Glamer|Invisibility								TYPE:Arcane	COMPS:V, S, M			CASTTIME:1 action					RANGE:Medium				TARGETAREA:(CASTERLEVEL) creatures, no two of which can be more than 30 ft. apart.								DURATION:(CASTERLEVEL) minutes [D]						SAVEINFO:None or Will negates (harmless, object)	SPELLRES:No or Yes (harmless, object)	DESC:As Mass Invisibility, but the subjects of the spell can attack and remain invisible.									SOURCEPAGE:p.45	ITEM:Potion
Massive Image								CLASSES:Sorcerer,Wizard=7		SCHOOL:Illusion	SUBSCHOOL:Figment|True Illusion							TYPE:Arcane	COMPS:V, S, F			CASTTIME:1 action					RANGE:Long					TARGETAREA:Visual figment that cannot extend beyond (CASTERLEVEL+4) 100-ft. cubes [S]							DURATION:(CASTERLEVEL) minutes [D]						SAVEINFO:Will disbelief						SPELLRES:No						DESC:As Persisten Image, but with a much larger area of effect.													SOURCEPAGE:p.45	ITEM:Potion
Misleading Image								CLASSES:Sorcerer,Wizard=8		SCHOOL:Illusion	SUBSCHOOL:Figment|Glamer,Avoidance							TYPE:Arcane	COMPS:V, S				CASTTIME:1 action					RANGE:Medium				TARGETAREA:(CASTERLEVEL/2)d6 illusory doubles														DURATION:(CASTERLEVEL) rounds [D]						SAVEINFO:None/Will disbelief (if interacted with)	SPELLRES:No						DESC:As Mislead, but creates multiple illusory doubles of the caster (2d6).											SOURCEPAGE:p.45	ITEM:Potion
Night Horrors								CLASSES:Sorcerer,Wizard=9		SCHOOL:Illusion	SUBSCHOOL:Phantasm|Terror		DESCRIPTOR:Fear|Mind-Affecting|Evil	TYPE:Arcane	COMPS:V, S				CASTTIME:1 hour					RANGE:(CASTERLEVEL*5) miles		TARGETAREA:One living creature																DURATION:Instantaneous								SAVEINFO:Will partial						SPELLRES:Yes					DESC:As Nightmare, but kills target or deals 2d8 points of damage and fatigue.										SOURCEPAGE:p.45	ITEM:Potion
Obsession									CLASSES:Sorcerer,Wizard=5		SCHOOL:Illusion	SUBSCHOOL:Pattern|Fascination		DESCRIPTOR:Mind-Affecting		TYPE:Arcane	COMPS:V, S, M			CASTTIME:1 action					RANGE:Close					TARGETAREA:One living creature																DURATION:See text [D]								SAVEINFO:Will negates						SPELLRES:No						DESC:Compels target to seek out an object.																SOURCEPAGE:p.46	ITEM:Potion
Obscured Script								CLASSES:Bard,Sorcerer,Wizard=1	SCHOOL:Illusion	SUBSCHOOL:Glamer|Message								TYPE:Arcane	COMPS:V, S, M			CASTTIME:1 minute or longer (see text)	RANGE:Touch					TARGETAREA:One touched object weighing no more than 10 lb.												DURATION:(CASTERLEVEL) years							SAVEINFO:None							SPELLRES:None					DESC:Creates writing that is only visible under a certain type of light.											SOURCEPAGE:p.46	ITEM:Potion
Perfect Illusion								CLASSES:Sorcerer,Wizard=9		SCHOOL:Illusion	SUBSCHOOL:Figment|True Illusion							TYPE:Arcane	COMPS:V, S, F			CASTTIME:1 action					RANGE:Long					TARGETAREA:Visual figment that cannot extend beyond (CASTERLEVEL+4) 10-ft. cubes.[S]							DURATION:(CASTERLEVEL) minutes [D]						SAVEINFO:None							SPELLRES:No						DESC:An programmed illusion, except extremely hard to disbelieve or dispel.											SOURCEPAGE:p.46	ITEM:Potion
Perfect Impersonation							CLASSES:Sorcerer,Wizard=9		SCHOOL:Illusion	SUBSCHOOL:Glamer|Disguise								TYPE:Arcane	COMPS:V, S, M			CASTTIME:1 action					RANGE:Touch					TARGETAREA:Creature touched																	DURATION:(CASTERLEVEL) hours [D]						SAVEINFO:Will negates						SPELLRES:Yes					DESC:As Impersonate, but allows you to temporarily absorb the target's memories.										SOURCEPAGE:p.47	ITEM:Potion
Permanent Invisibility							CLASSES:Sorcerer,Wizard=6		SCHOOL:Illusion	SUBSCHOOL:Glamer|Invisibility								TYPE:Arcane	COMPS:V, S, M			CASTTIME:1 action					RANGE:Personal or touch			TARGETAREA:You or creature or object weighing no more than (CASTERLEVEL*100) lbs.								DURATION:Permanent [D]								SAVEINFO:None or Will negates (harmless, object)	SPELLRES:No or Yes (harmless, object)	DESC:As Invisibility, but duration is permanent.															SOURCEPAGE:p.47	ITEM:Potion
Phantasmal Hunter								CLASSES:Sorcerer,Wizard=6		SCHOOL:Illusion	SUBSCHOOL:Phantasm|Terror		DESCRIPTOR:Fear|Mind-Affecting	TYPE:Arcane	COMPS:V, S, F			CASTTIME:1 full round				RANGE:Close					TARGETAREA:One living creature																DURATION:Instantaneous								SAVEINFO:Will negates (see text)				SPELLRES:Yes					DESC:Target is panicked and pursued by a phantasmal creature that feeds off his fears before killing him.						SOURCEPAGE:p.47	ITEM:Potion
Phantasmal Swarm								CLASSES:Sorcerer,Wizard=3		SCHOOL:Illusion	SUBSCHOOL:Phantasm|Terror		DESCRIPTOR:Fear|Mind-Affecting	TYPE:Arcane	COMPS:V, S				CASTTIME:1 action					RANGE:Medium				TARGETAREA:One living creature																DURATION:(CASTERLEVEL) rounds							SAVEINFO:Will disbelief partial				SPELLRES:Yes					DESC:Phantasmal insects envelop the target and drive him into a panicked state.										SOURCEPAGE:p.47	ITEM:Potion
Selective Invisibilty							CLASSES:Sorcerer,Wizard=3		SCHOOL:Illusion	SUBSCHOOL:Glamer|Invisibility								TYPE:Arcane	COMPS:V, S, M			CASTTIME:1 action					RANGE:Personal or touch			TARGETAREA:You or creature or object weighing no more than (CASTERLEVEL*100) lbs.								DURATION:(CASTERLEVEL) minutes [D]						SAVEINFO:None or Will negates (harmless, object)	SPELLRES:No or Yes (harmless, object)	DESC:As Invisibility, but you may choose to allow certain creatures to see you.										SOURCEPAGE:p.48	ITEM:Potion
Serial Dream								CLASSES:Bard=6|Sorcerer,Wizard=7	SCHOOL:Illusion	SUBSCHOOL:Phantasm|Message		DESCRIPTOR:Mind-Affecting		TYPE:Arcane	COMPS:V, S, M			CASTTIME:1 minute or longer (see text)	RANGE:Unlimited				TARGETAREA:One living creature																DURATION:Permanent or (CASTERLEVEL) weeks (see text)			SAVEINFO:None							SPELLRES:Yes					DESC:Target has the same dream every night until a condition is fulfilled.											SOURCEPAGE:p.48	ITEM:Potion
Shadow Claws								CLASSES:Bard,Sorcerer,Wizard=2	SCHOOL:Illusion	SUBSCHOOL:Shadow										TYPE:Arcane	COMPS:V, S				CASTTIME:1 action					RANGE:Touch					TARGETAREA:Creature touched																	DURATION:(CASTERLEVEL) rounds [D]						SAVEINFO:Fortitude negates					SPELLRES:Yes					DESC:Caster's touch acts like that of a shadow.																SOURCEPAGE:p.49	ITEM:Potion
Shadowform									CLASSES:Bard=6|Sorcerer,Wizard=8	SCHOOL:Illusion	SUBSCHOOL:Shadow										TYPE:Arcane	COMPS:V, S				CASTTIME:1 full action				RANGE:Personal				TARGETAREA:You																			DURATION:(CASTERLEVEL) hours [D]						SAVEINFO:None							SPELLRES:No						DESC:You become an incorporeal shadow.																	SOURCEPAGE:p.49
Shadowskin									CLASSES:Bard,Sorcerer,Wizard=1	SCHOOL:Illusion	SUBSCHOOL:Glamer|Shadow									TYPE:Arcane	COMPS:V, S				CASTTIME:1 action					RANGE:Personal				TARGETAREA:You																			DURATION:(CASTERLEVEL) minutes [D]																						DESC:+(min(CASTERLEVEL*2,20)) bonus to Hide checks in shadow.													SOURCEPAGE:p.49
Somnolent Pattern								CLASSES:Bard,Sorcerer,Wizard=6	SCHOOL:Illusion	SUBSCHOOL:Pattern|Fascination		DESCRIPTOR:Mind-Affecting		TYPE:Arcane	COMPS:(V), S, M			CASTTIME:1 action					RANGE:Medium				TARGETAREA:Colorful lights in a 25-ft. radius spread													DURATION:Concentration +4 rounds						SAVEINFO:Will negates						SPELLRES:Yes					DESC:As Hypnotic Pattern, but targets are rendered unconscious.													SOURCEPAGE:p.49	ITEM:Potion
Stolen Sight								CLASSES:Bard=4|Sorcerer,Wizard=3	SCHOOL:Illusion	SUBSCHOOL:Phantasm|Message								TYPE:Arcane	COMPS:V, S				CASTTIME:1 action					RANGE:Close (see text)			TARGETAREA:One creature																		DURATION:(CASTERLEVEL) hours [D]						SAVEINFO:Will negates (harmless)				SPELLRES:Yes (harmless)				DESC:You hear and see what target hears and sees.															SOURCEPAGE:p.50	ITEM:Potion
Torrent of Color								CLASSES:Sorcerer,Wizard=4		SCHOOL:Illusion	SUBSCHOOL:Pattern|Fascination								TYPE:Arcane	COMPS:V, S, M			CASTTIME:1 action					RANGE:Medium				TARGETAREA:Cone																			DURATION:Instantaneous (see text)						SAVEINFO:Will negates						SPELLRES:Yes					DESC:As Color Spray, but is more powerful and affects 2d6 creatures.												SOURCEPAGE:p.50	ITEM:Potion
Unnatural Charm								CLASSES:Sorcerer,Wizard=3		SCHOOL:Illusion	SUBSCHOOL:Glamer|Fascination		DESCRIPTOR:Mind-Affecting		TYPE:Arcane	COMPS:V, S, M			CASTTIME:1 action					RANGE:Touch					TARGETAREA:One creature																		DURATION:(CASTERLEVEL) hours							SAVEINFO:None							SPELLRES:No						DESC:Target gains +(min(CASTERLEVEL/2,10)) to all Cha-based skills for (CASTERLEVEL) hours.								SOURCEPAGE:p.50	ITEM:Potion
Visitation									CLASSES:Bard=5|Sorcerer,Wizard=6	SCHOOL:Illusion	SUBSCHOOL:Figment|Message								TYPE:Arcane	COMPS:V, S, M			CASTTIME:1 full action				RANGE:Unlimited				TARGETAREA:Self plus one creature																DURATION:(CASTERLEVEL) minutes [D]						SAVEINFO:Special (see text)					SPELLRES:No						DESC:Sends an image of you to target, and an image of target appears to you.											SOURCEPAGE:p.51	ITEM:Potion
Write										CLASSES:Bard,Sorcerer,Wizard=1	SCHOOL:Illusion	SUBSCHOOL:Glamer|Message								TYPE:Arcane	COMPS:V, S, M			CASTTIME:1 minute or longer (see text)	RANGE:Touch					TARGETAREA:One touched object weighing no more than 10 lb. or a single touched surface not larger than (CASTERLEVEL) sq. ft.	DURATION:(CASTERLEVEL) days [D]						SAVEINFO:None							SPELLRES:None					DESC:Creates illusionary copy of non-magical text.															SOURCEPAGE:p.51	ITEM:Potion



###Block: Modding of SRD spells to add disciplines as per the table on p.27-32

# Dancing Lights is Evocation! not an Illusion spell, modding it anyway...
# Spell Name				Sub-School
Dancing Lights.MOD			SUBSCHOOL:Fascination
Ghost Sound.MOD				SUBSCHOOL:True Illusion
Ventriloquism.MOD				SUBSCHOOL:Avoidance
Magic Aura.MOD				SUBSCHOOL:Deception
Undetectable Aura.MOD			SUBSCHOOL:Deception
Change Self.MOD				SUBSCHOOL:Disguise
Color Spray.MOD				SUBSCHOOL:Fascination
Silent Image.MOD				SUBSCHOOL:True Illusion
Blur.MOD					SUBSCHOOL:Avoidance
Mirror Image.MOD				SUBSCHOOL:Avoidance
Misdirection.MOD				SUBSCHOOL:Deception
Trap.MOD					SUBSCHOOL:Deception
Hypnotic Pattern.MOD			SUBSCHOOL:Fascination
Invisibility.MOD				SUBSCHOOL:Invisibility
Magic Mouth.MOD				SUBSCHOOL:Message
Continual Flame.MOD			SUBSCHOOL:True Illusion
Minor Image.MOD				SUBSCHOOL:True Illusion
Displacement.MOD				SUBSCHOOL:Avoidance
Invisibility Sphere.MOD			SUBSCHOOL:Invisibility
Illusory Script.MOD			SUBSCHOOL:Message
Major Image.MOD				SUBSCHOOL:True Illusion
Hallucinatory Terrain.MOD		SUBSCHOOL:Disguise
Rainbow Pattern.MOD			SUBSCHOOL:Fascination
Improved Invisibility.MOD		SUBSCHOOL:Invisibility
Shadow Conjuration.MOD			SUBSCHOOL:Shadow
Phantasmal Killer.MOD			SUBSCHOOL:Terror
Illusory Wall.MOD				SUBSCHOOL:True Illusion
False Vision.MOD				SUBSCHOOL:Deception
Seeming.MOD					SUBSCHOOL:Disguise
Mirage Arcana.MOD				SUBSCHOOL:Disguise
Dream.MOD					SUBSCHOOL:Message
Greater Shadow Conjuration.MOD	SUBSCHOOL:Shadow
Shadow Evocation.MOD			SUBSCHOOL:Shadow
Nightmare.MOD				SUBSCHOOL:Terror
Persistent Image.MOD			SUBSCHOOL:True Illusion
Mislead.MOD					SUBSCHOOL:Avoidance
Project Image.MOD				SUBSCHOOL:Avoidance
Veil.MOD					SUBSCHOOL:Disguise
Visitation.MOD				SUBSCHOOL:Message
Greater Shadow Evocation.MOD		SUBSCHOOL:Shadow
Shades.MOD					SUBSCHOOL:Shadow
Permanent Image.MOD			SUBSCHOOL:True Illusion
Programmed Image.MOD			SUBSCHOOL:True Illusion
Simulacrum.MOD				SUBSCHOOL:Avoidance
Mass Invisibility.MOD			SUBSCHOOL:Invisibility
Shadow Walk.MOD				SUBSCHOOL:Shadow
Screen.MOD					SUBSCHOOL:Deception
Weird.MOD					SUBSCHOOL:Terror

