# CVS $Revision$ $Author$ -- Sun Jul 31 16:53:43 2011 -- reformated by prettylst.pl v1.39 (build )
SOURCELONG:Psionics Expanded - Unlimited Possibilities	SOURCESHORT:PEUP	SOURCEWEB:http://dreamscarredpress.com/dragonfly/index.php	SOURCEDATE:2011-09
# ORIGINAL ENTRY: Douglas Limmer
# ORIGINAL ENTRY DATE: 2011/10/26

###Block: Aegis favored class ability
Aegis	CATEGORY:Special Ability	TYPE:FavoredClass		VISIBLE:DISPLAY	BONUS:ABILITYPOOL|Favored Class Bonus|var("CL=Aegis")

###Block: Aegis abilities
#Block: Core class abilities
Astral Repair	KEY:Astral Repair ~ Aegis	CATEGORY:Special Ability	TYPE:SpecialQuality.PsiLike	DESC:You can heal 2 hp of damage to objects as a standard action.	SOURCEPAGE:p.2	BENEFIT:An aegis is capable of repairing mundane items, restoring 2 hit points of damage to the touched item as a standard action usable at will.  If the object has the broken condition, this condition is removed if the object is restored to at least half its original hit points.  All the pieces of an object must be present for this ability to function.  This ability has no effect on objects that have been warped or otherwise transmuted, but it can still repair damage to such items.
Form Astral Suit	KEY:Form Astral Suit ~ Aegis	CATEGORY:Special Ability	TYPE:SpecialQuality.Supernatural.FormAstralSuit	DESC:You can form an astral suit with various abilities.  Customization Points: %1|CustomPoints	SOURCEPAGE:p.2	DEFINE:CustomPoints|0	BONUS:ABILITYPOOL|Astral Suit Customization|CustomPoints|PREEQUIP:1,TYPE=AstralSuit	DEFINE:AstralSuitLVL|AegisLVL	AUTO:EQUIP|Astral Skin|Astral Armor|Astral Juggernaut
# NEEDS DATA WORK: Messes up when loading from a saved file.  Currently removed in the class file.
Craftsman		KEY:Craftsman ~ Aegis		CATEGORY:Special Ability	TYPE:SpecialQuality			DESC:You gain a +%1 bonus to one craft skill of your choice.|CraftsmanBonus	SOURCEPAGE:p.4	CHOOSE:SKILL|TYPE=Craft	BONUS:SKILL|%LIST|CraftsmanBonus	DEFINE:CraftsmanBonus|0	MULT:YES	STACK:NO
Damage Reduction	KEY:Damage Reduction ~ Aegis	CATEGORY:Special Ability	TYPE:SpecialQuality			DESC:DR %1/- when wearing your suit.|AegisDR	SOURCEPAGE:p.4	DR:AegisDR/-	DEFINE:AegisDR|0
Invigorating Suit	KEY:Invigorating Suit ~ Aegis	CATEGORY:Special Ability	TYPE:SpecialQuality.Supernatural	DESC:Gain +4 bonus on endurance-type checks and saves when wearing your suit.	SOURCEPAGE:p.4
Reconfigure		KEY:Reconfigure ~ Aegis		CATEGORY:Special Ability	TYPE:SpecialQuality			DESC:You can reconfigure up to %1 customization points %2/day as a standard action.|ReconfigurePoints|ReconfigureTimes	SOURCEPAGE:p.4	DEFINE:ReconfigurePoints|INT	DEFINE:ReconfigureTimes|0
Augment Suit	KEY:Augment Suit ~ Aegis	CATEGORY:Special Ability	TYPE:SpecialQuality.Supernatural	DESC:You may spend %1 power points to gain %1 temporary customization points for your astral suit.  These last for %2 rounds.|AugmentSuitMax|AugmentSuitDuration	SOURCEPAGE:p.4	DEFINE:AugmentSuitMax|0	DEFINE:AugmentSuitDuration|INT	BONUS:ABILITYPOOL|Astral Suit Customization|AugmentSuitAmount|PREEQUIP:1,TYPE=AstralSuit	DEFINE:AugmentSuitAmount|0	CHOOSE:NUMBER|MIN=1|MAX=AugmentSuitMax|TITLE=Number of Temporary Customization Points	BONUS:VAR|AugmentSuitAmount|%CHOICE|PREAPPLY:PC
Cannibalize Suit	KEY:Cannibalize Suit ~ Aegis	CATEGORY:Special Ability	TYPE:SpecialQuality.Supernatural	DESC:You can dismiss your astral suit to heal %1 hit points, %2/day.  The suit cannot be reformed for one minute.|CustomPoints|CannibalizeTimes	SOURCEPAGE:p.4	DEFINE:CannibalizeTimes|0
Perfect Merger	KEY:Perfect Merger ~ Aegis	CATEGORY:Special Ability	TYPE:SpecialQuality.Supernatural	DESC:Your suit cannot be dispelled or removed against your will.  You can spend two uses of your reconfigure ability to alter all the customizations on your astral suit.  Once per day, you can dismiss your suit to heal all of your hit points, but the suit cannot be reformed for 10 minutes afterwards.	SOURCEPAGE:p.5

###Block: Aegis astral suit types
Astral Skin		KEY:Astral Skin ~ Aegis		CATEGORY:Special Ability	TYPE:SpecialQuality.AstralSuitType	ABILITY:Astral Suit Customization|VIRTUAL|Nimble ~ Aegis|Speed ~ Aegis|Speed 2 ~ Aegis	ABILITY:Astral Suit Customization|VIRTUAL|Evasion ~ Aegis|PREVARGT:AstralSuitLVL,1	ABILITY:Astral Suit Customization|VIRTUAL|Improved Evasion ~ Aegis|PREVARGT:AstralSuitLVL,11	DESC:Treat like psychoactive skin.  Gain the following customizations for free: speed (2), nimble	DESC:evasion|PREVARGT:AstralSuitLVL,1	DESC:improved evasion|PREVARGT:AstralSuitLVL,11	SOURCEPAGE:p.3
Astral Armor	KEY:Astral Armor ~ Aegis	CATEGORY:Special Ability	TYPE:SpecialQuality.AstralSuitType	ABILITY:Astral Suit Customization|VIRTUAL|Brawn ~ Aegis|Improved Damage ~ Aegis	ABILITY:Astral Suit Customization|VIRTUAL|Flexible Suit ~ Aegis|PREVARGT:AstralSuitLVL,1	DESC:Treat like masterwork chainmail.  Gain the following customizations for free: brawn, improved damage|PREVARLT:AstralSuitLVL,8	DESC:Treat like masterwork breastplate.  Gain the following customizations for free: brawn, improved damage|PREVARGT:AstralSuitLVL,7	DESC:flexible suit|PREVARGT:AstralSuitLVL,1	SOURCEPAGE:p.3
Astral Juggernaut	KEY:Astral Juggernaut ~ Aegis	CATEGORY:Special Ability	TYPE:SpecialQuality.AstralSuitType	ABILITY:Astral Suit Customization|VIRTUAL|Fortification ~ Aegis|Hardy ~ Aegis	ABILITY:Astral Suit Customization|VIRTUAL|Stalwart ~ Aegis|PREVARGT:AstralSuitLVL,1	DESC:Treat like masterwork half-plate.  Gain the following customizations for free: fortification, hardy|PREVARLT:AstralSuitLVL,7	DESC:Treat like masterwork full plate.  Gain the following customizations for free: fortification, hardy|PREVARGT:AstralSuitLVL,6	DESC:stalwart|PREVARGT:AstralSuitLVL,1	SOURCEPAGE:p.4

###Block: Aegis astral suit customizations
#Block: 1-point customizations
Darkvision			KEY:Darkvision ~ Aegis			CATEGORY:Special Ability	TYPE:AstralSuitCustomization.SpecialQuality	DESC:You gain 60' darkvision.	SOURCEPAGE:p.5	COST:1	VISION:Darkvision (60')
Energy Resistance (Cold)	KEY:Energy Resistance Cold ~ Aegis		CATEGORY:Special Ability	TYPE:AstralSuitCustomization	DESC:You gain cold resistance %1.|AegisColdResistance	SOURCEPAGE:p.5	COST:1	ABILITY:Special Ability|AUTOMATIC|Resistance to Cold	DEFINE:ColdResistanceBonus|AegisColdResistance	BONUS:VAR|AegisColdResistance|5	BONUS:VAR|AegisColdResistance|5|PREVARGT:AstralSuitLVL,4	BONUS:VAR|AegisColdResistance|5|PREVARGT:AstralSuitLVL,9	DEFINE:AegisColdResistance|0
Energy Resistance (Electricity)	KEY:Energy Resistance Electricity ~ Aegis		CATEGORY:Special Ability	TYPE:AstralSuitCustomization	DESC:You gain electricity resistance %1.|AegisElectricityResistance	SOURCEPAGE:p.5	COST:1	ABILITY:Special Ability|AUTOMATIC|Resistance to Electricity	DEFINE:ElectricityResistanceBonus|AegisElectricityResistance	BONUS:VAR|AegisElectricityResistance|5	BONUS:VAR|AegisElectricityResistance|5|PREVARGT:AstralSuitLVL,4	BONUS:VAR|AegisElectricityResistance|5|PREVARGT:AstralSuitLVL,9	DEFINE:AegisElectricityResistance|0
Energy Resistance (Fire)	KEY:Energy Resistance Fire ~ Aegis		CATEGORY:Special Ability	TYPE:AstralSuitCustomization	DESC:You gain fire resistance %1.|AegisFireResistance	SOURCEPAGE:p.5	COST:1	ABILITY:Special Ability|AUTOMATIC|Resistance to Fire	DEFINE:FireResistanceBonus|AegisFireResistance	BONUS:VAR|AegisFireResistance|5	BONUS:VAR|AegisFireResistance|5|PREVARGT:AstralSuitLVL,4	BONUS:VAR|AegisFireResistance|5|PREVARGT:AstralSuitLVL,9	DEFINE:AegisFireResistance|0
Energy Resistance (Sonic)	KEY:Energy Resistance Sonic ~ Aegis		CATEGORY:Special Ability	TYPE:AstralSuitCustomization	DESC:You gain sonic resistance %1.|AegisSonicResistance	SOURCEPAGE:p.5	COST:1	ABILITY:Special Ability|AUTOMATIC|Resistance to Sonic	DEFINE:SonicResistanceBonus|AegisSonicResistance	BONUS:VAR|AegisSonicResistance|5	BONUS:VAR|AegisSonicResistance|5|PREVARGT:AstralSuitLVL,4	BONUS:VAR|AegisSonicResistance|5|PREVARGT:AstralSuitLVL,9	DEFINE:AegisSonicResistance|0
Evasion			KEY:Evasion ~ Aegis			CATEGORY:Special Ability	TYPE:AstralSuitCustomization.SpecialQuality	DESC:If you are subjected to an attack that normally allows a Reflex save for half damage, you take no damage if you make a successful saving throw.	SOURCEPAGE:p.5	COST:1	PREVARGT:AstralSuitLVL,1
Extra Arms (Lesser)	KEY:Extra Arms Lesser ~ Aegis		CATEGORY:Special Ability	TYPE:AstralSuitCustomization.SpecialQuality	DESC:You have two extra small arms that can hold objects.	SOURCEPAGE:p.5	COST:1
Flexible Suit		KEY:Flexible Suit ~ Aegis		CATEGORY:Special Ability	TYPE:AstralSuitCustomization.SpecialQuality	DESC:Your armor check penalty is reduced by 1, and you may sleep in your astral suit without being fatigued.	SOURCEPAGE:p.5	COST:1
Hardened Strikes		KEY:Hardened Strikes ~ Aegis		CATEGORY:Special Ability	TYPE:AstralSuitCustomization.SpecialAttack	DESC:Your unarmed strikes do lethal damage, and can do slashing or piercing damage.	SOURCEPAGE:p.5	COST:1
Harness Power Stone	KEY:Harness Power Stone ~ Aegis	CATEGORY:Special Ability	TYPE:AstralSuitCustomization.SpecialQuality	DESC:You can manifest a 1st-level power from a stored power stone multiple times, ML %1.|HarnessPowerStoneML	SOURCEPAGE:p.5	COST:1	PREABILITY:1,CATEGORY=Special Ability,Power Stone Repository ~ Aegis	PREVARGT:AstralSuitLVL,2	DEFINE:HarnessPowerStoneML|0	BONUS:VAR|HarnessPowerStoneML|1
Harness Power Stone 2	KEY:Harness Power Stone 2 ~ Aegis	CATEGORY:Special Ability	TYPE:AstralSuitCustomization.SpecialQuality	DESC:You can manifest a 1st-level power from a second stored power stone multiple times.	SOURCEPAGE:p.5	COST:1	PREABILITY:1,CATEGORY=Special Ability,Harness Power Stone ~ Aegis	PREVARGT:AstralSuitLVL,4
Harness Shard		KEY:Harness Shard ~ Aegis		CATEGORY:Special Ability	TYPE:AstralSuitCustomization.SpecialQuality	DESC:You can spend a power point to activate a stored shard without destroying it.  You can have %1 stored shards.|count("ABILITIES","CATEGORY=Special Ability","NAME=Harness Shard")	SOURCEPAGE:p.5	COST:1	MULT:YES	STACK:YES	CHOOSE:NOCHOICE
Improved Armor		KEY:Improved Armor ~ Aegis		CATEGORY:Special Ability	TYPE:AstralSuitCustomization.SpecialQuality	DESC:Your armor bonus increases by %1.|AegisImprovedArmorBonus	SOURCEPAGE:p.6	COST:1	DEFINE:AegisImprovedArmorBonus|1	PREVARGTEQ:AstralSuitLVL,5	BONUS:COMBAT|AC|AegisImprovedArmorBonus|TYPE=Armor.STACK
Improved Armor 2		KEY:Improved Armor 2 ~ Aegis	CATEGORY:Special Ability	TYPE:AstralSuitCustomization	BONUS:VAR|AegisImprovedArmorBonus|1	PREABILITY:1,CATEGORY=Special Ability,Improved Armor ~ Aegis	PREVARGTEQ:AstralSuitLVL,10
Improved Armor 3		KEY:Improved Armor 3 ~ Aegis	CATEGORY:Special Ability	TYPE:AstralSuitCustomization	BONUS:VAR|AegisImprovedArmorBonus|1	PREABILITY:1,CATEGORY=Special Ability,Improved Armor 2 ~ Aegis	PREVARGTEQ:AstralSuitLVL,15
Improved Armor 4		KEY:Improved Armor 4 ~ Aegis	CATEGORY:Special Ability	TYPE:AstralSuitCustomization	BONUS:VAR|AegisImprovedArmorBonus|1	PREABILITY:1,CATEGORY=Special Ability,Improved Armor 3 ~ Aegis	PREVARGTEQ:AstralSuitLVL,20
Power Stone Repository	KEY:Power Stone Repository ~ Aegis	CATEGORY:Special Ability	TYPE:AstralSuitCustomization.SpecialQuality	DESC:You can store %1 power stones in your suit, and you gain a bonus equal to the number of stored power stones to Use Magic Device checks to use the stones.|AegisPowerStoneStorage	SOURCEPAGE:p.6	COST:1	DEFINE:AegisPowerStoneStorage|0	BONUS:VAR|AegisPowerStoneStorage|AstralSuitLVL
Psionic Attacks		KEY:Psionic Attacks ~ Aegis		CATEGORY:Special Ability	TYPE:AstralSuitCustomization.SpecialAttack	DESC:You treat all melee attacks as though they were magic for DR, and all melee weapons are treated as masterwork.	SOURCEPAGE:p.6	COST:1	BONUS:COMBAT|TOHIT.MELEE|1|TYPE=Enhancement
Psionic Damage		KEY:Psionic Damage ~ Aegis		CATEGORY:Special Ability	TYPE:AstralSuitCustomization.SpecialAttack	DESC:All your melee attacks gain +1 damage.	SOURCEPAGE:p.6	COST:1	PREABILITY:1,CATEGORY=Special Ability,Psionic Attacks ~ Aegis	PREVARGT:AstralSuitLVL,4	BONUS:COMBAT|DAMAGE.Melee|1
Pull				KEY:Pull ~ Aegis				CATEGORY:Special Ability	TYPE:AstralSuitCustomization.SpecialAttack	DESC:You can try to pull an opponent closer when you make a successful melee attack, in addition to its normal effect.  You must have appropriate reach.	SOURCEPAGE:p.6	COST:1	PREREACHGTEQ:10
Push				KEY:Push ~ Aegis				CATEGORY:Special Ability	TYPE:AstralSuitCustomization.SpecialAttack	DESC:You can try to push an opponent away when you make a successful melee attack, in addition to its normal effect.	SOURCEPAGE:p.6	COST:1
Ranged Attack		KEY:Ranged Attack ~ Aegis		CATEGORY:Special Ability	TYPE:AstralSuitCustomization.SpecialAttack	DESC:You gain a ranged attack which deals 1d8 points of piercing damage and has a range increment of 30 ft.	SOURCEPAGE:p.6	COST:1	AUTO:EQUIP|Astral Suit Ranged Attack	AUTO:WEAPONPROF|Astral Suit Ranged Attack
Retaliate			KEY:Retaliate ~ Aegis			CATEGORY:Special Ability	TYPE:AstralSuitCustomization.SpecialAttack	DESC:Expend focus to make an attack of opportunity after someone has hit you.	SOURCEPAGE:p.6	COST:1	PREVARGT:AstralSuitLVL,7
Speed				KEY:Speed ~ Aegis				CATEGORY:Special Ability	TYPE:AstralSuitCustomization.SpecialQuality	DESC:Your base land speed is increased by %1 ft.|AegisSpeed	SOURCEPAGE:p.6	COST:1	BONUS:MOVEADD|TYPE.Walk|AegisSpeed	DEFINE:AegisSpeed|0	BONUS:VAR|AegisSpeed|5
Speed 2				KEY:Speed 2 ~ Aegis				CATEGORY:Special Ability	TYPE:AstralSuitCustomization	SOURCEPAGE:p.6	COST:1	BONUS:VAR|AegisSpeed|5	PREABILITY:1,CATEGORY=Special Ability,Speed ~ Aegis
Speed 3				KEY:Speed 3 ~ Aegis				CATEGORY:Special Ability	TYPE:AstralSuitCustomization	SOURCEPAGE:p.6	COST:1	BONUS:VAR|AegisSpeed|5	PREABILITY:1,CATEGORY=Special Ability,Speed 2 ~ Aegis
Speed 4				KEY:Speed 4 ~ Aegis				CATEGORY:Special Ability	TYPE:AstralSuitCustomization	SOURCEPAGE:p.6	COST:1	BONUS:VAR|AegisSpeed|5	PREABILITY:1,CATEGORY=Special Ability,Speed 3 ~ Aegis
Speed 5				KEY:Speed 5 ~ Aegis				CATEGORY:Special Ability	TYPE:AstralSuitCustomization	SOURCEPAGE:p.6	COST:1	BONUS:VAR|AegisSpeed|5	PREABILITY:1,CATEGORY=Special Ability,Speed 4 ~ Aegis
Spiked Carapace		KEY:Spiked Carapace ~ Aegis		CATEGORY:Special Ability	TYPE:AstralSuitCustomization.SpecialAttack	DESC:Your astral suit is equipped with armor spikes.	SOURCEPAGE:p.6	COST:1	AUTO:EQUIP|Armor Spikes
Stalwart			KEY:Stalwart ~ Aegis			CATEGORY:Special Ability	TYPE:AstralSuitCustomization.SpecialQuality	DESC:If you make a Fortitude or Will saving throw against an attack that has a reduced effect on a successful save, you instead avoid the effect entirely.	SOURCEPAGE:p.6	COST:1	PREVARGT:AstralSuitLVL,1
Swim				KEY:Swim ~ Aegis				CATEGORY:Special Ability	TYPE:AstralSuitCustomization.SpecialQuality	DESC:You gain a swim speed equal to your base speed.	SOURCEPAGE:p.6	COST:1	MOVECLONE:Walk,Swim,*1	BONUS:MOVEADD|TYPE.Swim|AegisSpeed
Underwater Breath		KEY:Underwater Breath ~ Aegis		CATEGORY:Special Ability	TYPE:AstralSuitCustomization.SpecialQuality	DESC:You can breathe underwater.	SOURCEPAGE:p.6	COST:1

#Block: 2-point customizations
Adhesive Feet				KEY:Adhesive Feet ~ Aegis			CATEGORY:Special Ability	TYPE:AstralSuitCustomization.Defensive.SpecialQuality	DESC:You get +4 to CMD against bull rush, trip, and any combat maneuvers that attempt to move you.  You also get a +4 bonus to Climb.	SOURCEPAGE:p.6	COST:2	BONUS:VAR|CMD_BullRush,CMD_Trip|4	BONUS:SKILL|Climb|4|TYPE=Circumstance
# NEEDS DATA WORK: Not sure how to do the "does not stack" part.
# No Stacking is accomplished by applying a TYPE to the BONUS tag. TYPE=Enhancement won't stack with other TYPE=Enhancement, only the greater of the two will be used.
Augmented Weapon				KEY:Augmented Weapon ~ Aegis			CATEGORY:Special Ability	TYPE:AstralSuitCustomization.SpecialAttack	DESC:Your weapon does damage as if it were one size larger.  This doesn't stack with other increases in size category.	SOURCEPAGE:p.6	COST:2	PREVARGT:AstralSuitLVL,5	BONUS:COMBAT|DAMAGESIZE|1|TYPE=SizeChange
Brawn						KEY:Brawn ~ Aegis					CATEGORY:Special Ability	TYPE:AstralSuitCustomization.SpecialQuality	DESC:Gain a +%1 bonus to Strength.|AegisBrawnBonus	SOURCEPAGE:p.6	COST:2	DEFINE:AegisBrawnBonus|2	BONUS:STAT|STR|AegisBrawnBonus|TYPE=Enhancement
Brawn 2					KEY:Brawn 2 ~ Aegis				CATEGORY:Special Ability	TYPE:AstralSuitCustomization	SOURCEPAGE:p.6	COST:2	PREVARGT:AstralSuitLVL,4	PREABILITY:1,CATEGORY=Special Ability,Brawn ~ Aegis	BONUS:VAR|AegisBrawnBonus|2
Brawn 3					KEY:Brawn 3 ~ Aegis				CATEGORY:Special Ability	TYPE:AstralSuitCustomization	SOURCEPAGE:p.6	COST:2	PREVARGT:AstralSuitLVL,9	PREABILITY:1,CATEGORY=Special Ability,Brawn 2 ~ Aegis	BONUS:VAR|AegisBrawnBonus|2
Chameleon					KEY:Chameleon ~ Aegis				CATEGORY:Special Ability	TYPE:AstralSuitCustomization.SpecialQuality	DESC:Gain a +%1 bonus to Stealth.|AegisChameleonBonus	SOURCEPAGE:p.6	COST:2	PREVARGT:AstralSuitLVL,4	DEFINE:AegisChameleonBonus|4	BONUS:SKILL|Stealth|AegisChameleonBonus|TYPE=Circumstance
Chameleon 2					KEY:Chameleon 2 ~ Aegis				CATEGORY:Special Ability	TYPE:AstralSuitCustomization	SOURCEPAGE:p.6	COST:2	PREVARGT:AstralSuitLVL,9	PREABILITY:1,CATEGORY=Special Ability,Chameleon ~ Aegis	BONUS:VAR|AegisChameleonBonus|4
Chameleon 3					KEY:Chameleon 3 ~ Aegis				CATEGORY:Special Ability	TYPE:AstralSuitCustomization	SOURCEPAGE:p.6	COST:2	PREVARGT:AstralSuitLVL,14	PREABILITY:1,CATEGORY=Special Ability,Chameleon 2 ~ Aegis	BONUS:VAR|AegisChameleonBonus|4
Chameleon 4					KEY:Chameleon 4 ~ Aegis				CATEGORY:Special Ability	TYPE:AstralSuitCustomization	SOURCEPAGE:p.6	COST:2	PREVARGT:AstralSuitLVL,19	PREABILITY:1,CATEGORY=Special Ability,Chameleon 3 ~ Aegis	BONUS:VAR|AegisChameleonBonus|4
Climb						KEY:Climb ~ Aegis					CATEGORY:Special Ability	TYPE:AstralSuitCustomization.SpecialQuality	DESC:Gain a climb speed equal to half your base speed.	SOURCEPAGE:p.7	COST:2	MOVECLONE:Walk,Climb,/2	BONUS:MOVEADD|TYPE.Climb|AegisSpeed/2
Crystallized Weapon			KEY:Crystallized Weapon ~ Aegis		CATEGORY:Special Ability	TYPE:AstralSuitCustomization.SpecialAttack	DESC:Your weapon is treated as if made from deep crystal and masterwork.	SOURCEPAGE:p.7	COST:2	BONUS:COMBAT|TOHIT.MELEE|1|TYPE=Enhancement
Energy Resistance (Improved)		KEY:Energy Resistance Improved ~ Aegis	CATEGORY:Special Ability	TYPE:AstralSuitCustomization.SpecialQuality	DESC:Your energy resistance is doubled.	SOURCEPAGE:p.7	COST:2	PREVARGT:AstralSuitLVL,5	PREABILITY:1,CATEGORY=Special Ability,Energy Resistance Cold ~ Aegis,Energy Resistance Electricity ~ Aegis,Energy Resistance Fire ~ Aegis,Energy Resistance Sonic ~ Aegis	BONUS:VAR|ColdResistanceBonus|AegisColdResistance	BONUS:VAR|ElectricityResistanceBonus|AegisElectricityResistance	BONUS:VAR|FireResistanceBonus|AegisFireResistance	BONUS:VAR|SonicResistanceBonus|AegisSonicResistance
# NEEDS DATA WORK: I'm not sure how to code this up.  Can a template add a hand?
# You may be able to just as a Var to the HANDS tag in the race. Might new a FREQ.
Extra Arms					KEY:Extra Arms ~ Aegis				CATEGORY:Special Ability	TYPE:AstralSuitCustomization.SpecialQuality	DESC:Your extra arms give you +2 to Climb and +2 against grapple for each free arm.  One of the arms can use a one-handed item at a -2 penalty.	SOURCEPAGE:p.7	COST:2	PREVARGT:AstralSuitLVL,4	PREABILITY:1,CATEGORY=Special Ability,Extra Arms Lesser ~ Aegis
Flight					KEY:Flight ~ Aegis				CATEGORY:Special Ability	TYPE:AstralSuitCustomization.SpecialQuality	DESC:You gain a fly speed equal to your base speed.	SOURCEPAGE:p.7	COST:2	PREVARGT:AstralSuitLVL,5	MOVECLONE:Walk,Fly,*1	BONUS:MOVEADD|TYPE.Fly|AegisSpeed	ABILITY:Special Ability|AUTOMATIC|Flight Maneuverability	BONUS:VAR|Maneuverability|2	BONUS:VAR|Maneuverability|1|PRESIZELT:H	BONUS:VAR|Maneuverability|1|PRESIZELT:L	BONUS:MOVEADD|TYPE.Fly|20*count("ABILITIES","CATEGORY=Special Ability","NAME=Flight Increased Speed")
Flight (Perfect Maneuverability)	KEY:Flight Perfect Maneuverability ~ Aegis	CATEGORY:Special Ability	TYPE:AstralSuitCustomization	SOURCEPAGE:p.7	COST:2	BONUS:VAR|Maneuverability|5	PREABILITY:1,CATEGORY=Special Ability,Flight ~ Aegis
Flight Increased Speed			KEY:Flight Increased Speed ~ Aegis		CATEGORY:Special Ability	TYPE:AstralSuitCustomization	SOURCEPAGE:p.7	COST:1	MULT:YES	STACK:YES	CHOOSE:NOCHOICE	PREABILITY:1,CATEGORY=Special Ability,Flight ~ Aegis
Fortification				KEY:Fortification ~ Aegis			CATEGORY:Special Ability	TYPE:AstralSuitCustomization.Defensive.SpecialQuality	DESC:You gain a %1%% chance to negate critical hits or sneak attacks.|AegisFortificationPercentage	SOURCEPAGE:p.7	COST:2	DEFINE:AegisFortificationPercentage|25
Fortification 2				KEY:Fortification 2 ~ Aegis			CATEGORY:Special Ability	TYPE:AstralSuitCustomization	SOURCEPAGE:p.7	COST:2	PREVARGT:AstralSuitLVL,7	PREABILITY:1,CATEGORY=Special Ability,Fortification ~ Aegis	BONUS:VAR|AegisFortificationPercentage|25
Fortification 3				KEY:Fortification 3 ~ Aegis			CATEGORY:Special Ability	TYPE:AstralSuitCustomization	SOURCEPAGE:p.7	COST:2	PREVARGT:AstralSuitLVL,11	PREABILITY:1,CATEGORY=Special Ability,Fortification 2 ~ Aegis	BONUS:VAR|AegisFortificationPercentage|25
Hardy						KEY:Hardy ~ Aegis					CATEGORY:Special Ability	TYPE:AstralSuitCustomization.SpecialQuality	DESC:Gain a +%1 bonus to Constitution.|AegisHardyBonus	SOURCEPAGE:p.7	COST:2	DEFINE:AegisHardyBonus|2	BONUS:STAT|CON|AegisHardyBonus|TYPE=Enhancement
Hardy 2					KEY:Hardy 2 ~ Aegis				CATEGORY:Special Ability	TYPE:AstralSuitCustomization	SOURCEPAGE:p.7	COST:2	PREVARGT:AstralSuitLVL,4	PREABILITY:1,CATEGORY=Special Ability,Hardy ~ Aegis	BONUS:VAR|AegisHardyBonus|2
Hardy 3					KEY:Hardy 3 ~ Aegis				CATEGORY:Special Ability	TYPE:AstralSuitCustomization	SOURCEPAGE:p.7	COST:2	PREVARGT:AstralSuitLVL,9	PREABILITY:1,CATEGORY=Special Ability,Hardy 2 ~ Aegis	BONUS:VAR|AegisHardyBonus|2
Harness Power Stone (Improved)	KEY:Harness Power Stone Improved ~ Aegis	CATEGORY:Special Ability	TYPE:AstralSuitCustomization.SpecialQuality	DESC:You can manifest a 2nd-level power from a stored power stone multiple times, ML %1.|HarnessPowerStoneML	SOURCEPAGE:p.7	COST:2	PREVARGT:AstralSuitLVL,6	PREABILITY:1,CATEGORY=Special Ability,Power Stone Repository ~ Aegis	DEFINE:HarnessPowerStoneML|0	BONUS:VAR|HarnessPowerStoneML|3
Harness Power Stone (Improved) 2	KEY:Harness Power Stone Improved 2 ~ Aegis	CATEGORY:Special Ability	TYPE:AstralSuitCustomization.SpecialQuality	DESC:You can manifest a 2nd-level power from a second stored power stone multiple times.	SOURCEPAGE:p.7	COST:2	PREVARGT:AstralSuitLVL,8	PREABILITY:1,CATEGORY=Special Ability,Harness Power Stone Improved ~ Aegis
Improved Damage				KEY:Improved Damage ~ Aegis			CATEGORY:Special Ability	TYPE:AstralSuitCustomization.SpecialAttack	DESC:You get +1 to +3 bonus weapon damage, depending on type of weapon.	SOURCEPAGE:p.7	COST:2	BONUS:COMBAT|DAMAGE.Light|1	BONUS:COMBAT|DAMAGE.OneHanded|2	BONUS:COMBAT|DAMAGE.TwoHanded|3
Improved Damage Reduction		KEY:Improved Damage Reduction ~ Aegis	CATEGORY:Special Ability	TYPE:AstralSuitCustomization.SpecialQuality	DESC:Your astral suit DR increases by %1.|AegisImprovedDR	SOURCEPAGE:p.8	COST:2	PREVARGT:AstralSuitLVL,4	BONUS:VAR|AegisDR|AegisImprovedDR	DEFINE:AegisImprovedDR|1
Improved Damage Reduction 2		KEY:Improved Damage Reduction 2 ~ Aegis	CATEGORY:Special Ability	TYPE:AstralSuitCustomization	SOURCEPAGE:p.8	COST:2	PREVARGT:AstralSuitLVL,9	PREABILITY:1,CATEGORY=Special Ability,Improved Damage Reduction ~ Aegis	BONUS:VAR|AegisImprovedDR|1
Improved Damage Reduction 3		KEY:Improved Damage Reduction 3 ~ Aegis	CATEGORY:Special Ability	TYPE:AstralSuitCustomization	SOURCEPAGE:p.8	COST:2	PREVARGT:AstralSuitLVL,14	PREABILITY:1,CATEGORY=Special Ability,Improved Damage Reduction 2 ~ Aegis	BONUS:VAR|AegisImprovedDR|1
Improved Damage Reduction 4		KEY:Improved Damage Reduction 4 ~ Aegis	CATEGORY:Special Ability	TYPE:AstralSuitCustomization	SOURCEPAGE:p.8	COST:2	PREVARGT:AstralSuitLVL,19	PREABILITY:1,CATEGORY=Special Ability,Improved Damage Reduction 3 ~ Aegis	BONUS:VAR|AegisImprovedDR|1
# NEEDS DATA WORK: Not yet coded.
Increased Size				KEY:Increased Size ~ Aegis			CATEGORY:Special Ability	TYPE:AstralSuitCustomization.SpecialQuality	DESC:You and your equipment grow a size, like expansion.	SOURCEPAGE:p.8	COST:2	PREVARGT:AstralSuitLVL,8
Nimble					KEY:Nimble ~ Aegis				CATEGORY:Special Ability	TYPE:AstralSuitCustomization.SpecialQuality	DESC:Gain a +%1 bonus to Dexterity.|AegisNimbleBonus	SOURCEPAGE:p.6	COST:2	DEFINE:AegisNimbleBonus|2	BONUS:STAT|DEX|AegisNimbleBonus|TYPE=Enhancement
Nimble 2					KEY:Nimble 2 ~ Aegis				CATEGORY:Special Ability	TYPE:AstralSuitCustomization	SOURCEPAGE:p.6	COST:2	PREVARGT:AstralSuitLVL,4	PREABILITY:1,CATEGORY=Special Ability,Nimble ~ Aegis	BONUS:VAR|AegisNimbleBonus|2
Nimble 3					KEY:Nimble 3 ~ Aegis				CATEGORY:Special Ability	TYPE:AstralSuitCustomization	SOURCEPAGE:p.6	COST:2	PREVARGT:AstralSuitLVL,9	PREABILITY:1,CATEGORY=Special Ability,Nimble 2 ~ Aegis	BONUS:VAR|AegisNimbleBonus|2
Power Resistance				KEY:Power Resistance ~ Aegis			CATEGORY:Special Ability	TYPE:AstralSuitCustomization.SpecialQuality	DESC:You have Power Resistance %1.|AegisPR	SOURCEPAGE:p.8	COST:2	DEFINE:AegisPR|13	SR:AegisPR
Power Resistance 2			KEY:Power Resistance 2 ~ Aegis		CATEGORY:Special Ability	TYPE:AstralSuitCustomization	SOURCEPAGE:p.8	COST:2	PREVARGT:AstralSuitLVL,7	PREABILITY:1,CATEGORY=Special Ability,Power Resistance ~ Aegis	BONUS:VAR|AegisPR|3
Power Resistance 3			KEY:Power Resistance 3 ~ Aegis		CATEGORY:Special Ability	TYPE:AstralSuitCustomization	SOURCEPAGE:p.8	COST:2	PREVARGT:AstralSuitLVL,11	PREABILITY:1,CATEGORY=Special Ability,Power Resistance 2 ~ Aegis	BONUS:VAR|AegisPR|3
# NEEDS DATA WORK: Not yet implemented
Powerful Build				KEY:Powerful Build ~ Aegis			CATEGORY:Special Ability	TYPE:AstralSuitCustomization.SpecialQuality	DESC:You gain powerful build.	SOURCEPAGE:p.8	COST:2
Ram						KEY:Ram ~ Aegis					CATEGORY:Special Ability	TYPE:AstralSuitCustomization.SpecialAttack	DESC:You gain +%1 to bull rush and overrun attempts, or can make a charge doing %1d6 damage.  This attack is treated as adamantine against an object.|AegisRamBonus	SOURCEPAGE:p.8	COST:2	PREVARGT:AstralSuitLVL,4	DEFINE:AegisRamBonus|0	BONUS:VAR|AegisRamBonus|2	BONUS:VAR|CMB_BullRush|AegisRamBonus	BONUS:VAR|CMB_Overrun|AegisRamBonus	AUTO:EQUIP|Astral Suit Ram 1[!PREABILITY:1,CATEGORY=Special Ability,Ram 2 ~ Aegis]	AUTO:WEAPONPROF|Astral Suit Ram
Ram 2						KEY:Ram 2 ~ Aegis					CATEGORY:Special Ability	TYPE:AstralSuitCustomization	SOURCEPAGE:p.8	COST:2	PREVARGT:AstralSuitLVL,9	PREABILITY:1,CATEGORY=Special Ability,Ram ~ Aegis	BONUS:VAR|AegisRamBonus|1	AUTO:EQUIP|Astral Suit Ram 2[!PREABILITY:1,CATEGORY=Special Ability,Ram 3 ~ Aegis]
Ram 3						KEY:Ram 3 ~ Aegis					CATEGORY:Special Ability	TYPE:AstralSuitCustomization	SOURCEPAGE:p.8	COST:2	PREVARGT:AstralSuitLVL,14	PREABILITY:1,CATEGORY=Special Ability,Ram 2 ~ Aegis	BONUS:VAR|AegisRamBonus|1	AUTO:EQUIP|Astral Suit Ram 3[!PREABILITY:1,CATEGORY=Special Ability,Ram 4 ~ Aegis]
Ram 4						KEY:Ram 4 ~ Aegis					CATEGORY:Special Ability	TYPE:AstralSuitCustomization	SOURCEPAGE:p.8	COST:2	PREVARGT:AstralSuitLVL,19	PREABILITY:1,CATEGORY=Special Ability,Ram 3 ~ Aegis	BONUS:VAR|AegisRamBonus|1	AUTO:EQUIP|Astral Suit Ram 4
Retaliate (Improved)			KEY:Retaliate Improved ~ Aegis		CATEGORY:Special Ability	TYPE:AstralSuitCustomization.SpecialAttack	DESC:As Retaliate, but the triggering attack doesn't need to hit.	SOURCEPAGE:p.8	COST:2	PREVARGT:AstralSuitLVL,15	PREABILITY:1,CATEGORY=Special Ability,Retaliate ~ Aegis
Tremorsense					KEY:Tremorsense ~ Aegis				CATEGORY:Special Ability	TYPE:AstralSuitCustomization.SpecialQuality	DESC:Gain tremorsense to 30'.	SOURCEPAGE:p.8	COST:2	PREVARGT:AstralSuitLVL,6	VISION:Tremorsense (30')
Unlock Psionics				KEY:Unlock Psionics ~ Aegis			CATEGORY:Special Ability	TYPE:AstralSuitCustomization.SpecialQuality	DESC:Gain bonuses to Use Magic Device.	SOURCEPAGE:p.8	COST:2	BONUS:SKILL|Use Magic Device|2	BONUS:SKILL|Use Magic Device|2|PRESKILL:1,Use Magic Device=10

#Block: 3-point customizations
Blindsense				KEY:Blindsense ~ Aegis				CATEGORY:Special Ability	TYPE:AstralSuitCustomization.SpecialQuality	DESC:You gain blindsense (30').	SOURCEPAGE:p.8	COST:3	PREVARGT:AstralSuitLVL,8	VISION:Blindsense (30')
Burrow				KEY:Burrow ~ Aegis				CATEGORY:Special Ability	TYPE:AstralSuitCustomization.SpecialQuality	DESC:Gain a burrow spead equal to half your base speed.	SOURCEPAGE:p.8	COST:3	PREVARGT:AstralSuitLVL,8	MOVECLONE:Walk,Burrow,/2	BONUS:MOVEADD|TYPE.Burrow|AegisSpeed/2
Diehard				KEY:Diehard ~ Aegis				CATEGORY:Special Ability	TYPE:AstralSuitCustomization.SpecialQuality	DESC:You gain the diehard feat effects.	SOURCEPAGE:p.8	COST:3
Extra Arms (Greater)		KEY:Extra Arms Greater ~ Aegis		CATEGORY:Special Ability	TYPE:AstralSuitCustomization.SpecialQuality	DESC:Your extra arms can now wield a two-handed weapon (together).  Your bonus on Climb and grapple CMD increases to +3 per empty extra hand.	SOURCEPAGE:p.9	COST:3	PREVARGT:AstralSuitLVL,7	PREABILITY:2,CATEGORY=Special Ability,Extra Arms Lesser ~ Aegis,Extra Arms ~ Aegis
Frightful Presence		KEY:Frightful Presence ~ Aegis		CATEGORY:Special Ability	TYPE:AstralSuitCustomization.SpecialAttack	DESC:You gain the frightful presence ability.	SOURCEPAGE:p.9	COST:3	PREVARGT:AstralSuitLVL,10	DESC:The aegis makes his astral suit unsettling to his foes, gaining the frightful presence ability.  The aegis can activate this ability as part of an offensive action, such as a charge or attack.  Opponents within %1 feet of the aegis must make a %2 Will save or become shaken for 3d6 rounds.  If the aegis has at least 4 more Hit Dice than an opponent, that opponent becomes frightened instead.  Foes with more HD than the aegis are immune to this effect.|AegisFrightfulPresenceRange|AegisFrightfulPresenceDC	DEFINE:AegisFrightfulPresenceRange|30	DEFINE:AegisFrightfulPresenceDC|10+AstralSuitLVL/2+CHA	BONUS:VAR|AegisFrightfulPresenceDC|2|PREFEAT:1,Ability Focus (Frightful Presence)
Harness Power Stone (Greater)	KEY:Harness Power Stone Greater ~ Aegis	CATEGORY:Special Ability	TYPE:AstralSuitCustomization.SpecialQuality	DESC:You can manifest a 3rd-level power from a stored power stone multiple times, ML %1.|HarnessPowerStoneML	SOURCEPAGE:p.9	COST:3	PREVARGT:AstralSuitLVL,10	PREABILITY:1,CATEGORY=Special Ability,Power Stone Repository ~ Aegis	DEFINE:HarnessPowerStoneML|0	BONUS:VAR|HarnessPowerStoneML|5
Harness Power Stone (Greater) 2	KEY:Harness Power Stone Greater 2 ~ Aegis	CATEGORY:Special Ability	TYPE:AstralSuitCustomization.SpecialQuality	DESC:You can manifest a 3rd-level power from a second stored power stone multiple times.	SOURCEPAGE:p.9	COST:3	PREVARGT:AstralSuitLVL,12	PREABILITY:1,CATEGORY=Special Ability,Harness Power Stone Greater ~ Aegis
Quickened Attacks			KEY:Quickened Attacks ~ Aegis			CATEGORY:Special Ability	TYPE:AstralSuitCustomization.SpecialAttack	DESC:You gain one additional attack at your highest attack bonus.	SOURCEPAGE:p.9	COST:3	PREVARGT:AstralSuitLVL,9	BONUS:COMBAT|ATTACKS|1
Reach					KEY:Reach ~ Aegis					CATEGORY:Special Ability	TYPE:AstralSuitCustomization.SpecialAttack	DESC:You gain 5 ft. of reach	SOURCEPAGE:p.9	COST:3	PREVARGT:AstralSuitLVL,6	BONUS:COMBAT|REACH|5

#Block: 4-point customizations
Blindsight					KEY:Blindsight ~ Aegis				CATEGORY:Special Ability	TYPE:AstralSuitCustomization.SpecialQuality	DESC:You gain blindsight (30')	SOURCEPAGE:p.9	COST:4	PREVARGT:AstralSuitLVL,10	PREABILITY:1,CATEGORY=Special Ability,Blindsense ~ Aegis	VISION:Blindsight (30')
Energy Immunity				KEY:Energy Immunity ~ Aegis			CATEGORY:Special Ability	TYPE:AstralSuitCustomization.Immunity.SpecialQuality	DESC:You are immune to your active energy type.	SOURCEPAGE:p.9	COST:4	PREVARGT:AstralSuitLVL,14	ASPECT:Immunity|Active Energy Type
Extra Passenger				KEY:Extra Passenger ~ Aegis			CATEGORY:Special Ability	TYPE:AstralSuitCustomization.SpecialQuality	DESC:You can carry a passenger in your astral suit.	SOURCEPAGE:p.9	COST:4	PREVARGT:AstralSuitLVL,10
Harness Power Stone (Superior)	KEY:Harness Power Stone Superior ~ Aegis	CATEGORY:Special Ability	TYPE:AstralSuitCustomization.SpecialQuality	DESC:You can manifest a 4th-level power from a stored power stone multiple times, ML %1.|HarnessPowerStoneML	SOURCEPAGE:p.9	COST:4	PREVARGT:AstralSuitLVL,15	PREABILITY:1,CATEGORY=Special Ability,Power Stone Repository ~ Aegis	DEFINE:HarnessPowerStoneML|0	BONUS:VAR|HarnessPowerStoneML|7
Harness Power Stone (Superior) 2	KEY:Harness Power Stone Superior 2 ~ Aegis	CATEGORY:Special Ability	TYPE:AstralSuitCustomization.SpecialQuality	DESC:You can manifest a 4th-level power from a second stored power stone multiple times.	SOURCEPAGE:p.9	COST:4	PREVARGT:AstralSuitLVL,17	PREABILITY:1,CATEGORY=Special Ability,Harness Power Stone Superior ~ Aegis
Improved Evasion				KEY:Improved Evasion ~ Aegis			CATEGORY:Special Ability	TYPE:AstralSuitCustomization.SpecialQuality	DESC:If you are subjected to an attack that normally allows a Reflex save for half damage, you take no damage on a successful save, and only half dmaage on a failed save.	SOURCEPAGE:p.9	COST:4	PREVARGT:AstralSuitLVL,11
Improved Stalwart				KEY:Improved Stalwart ~ Aegis			CATEGORY:Special Ability	TYPE:AstralSuitCustomization.SpecialQuality	DESC:If you are subjected to an attack that normally allows a Fortitude or Will save for a reduced or partial effect, you can expend psionic focus to ignore the effect if the save is successful and suffer the reduced effect if the save fails.	SOURCEPAGE:p.9	COST:4	PREVARGT:AstralSuitLVL,15
# NEEDS DATA WORK: Not yet implemented.
Increased Size (Improved)		KEY:Increased Size Improved ~ Aegis		CATEGORY:Special Ability	TYPE:AstralSuitCustomization.SpecialQuality	DESC:You and your equipment grow in size, like an augmented expansion.	SOURCEPAGE:p.9	COST:4	PREVARGT:AstralSuitLVL,14	PREABILITY:1,CATEGORY=Special Ability,Increased Size ~ Aegis


### Block: Constructor Advanced Discipline abilities
Constructor Advanced Discipline	CATEGORY:Special Ability	TYPE:SpecialQuality.ClassSpecialization.PsionicDiscipline	DEFINE:MetacreativityDisciplineLVL|0	DESC:You have chosen to specialize in the astral construct power.		ABILITY:Special Ability|AUTOMATIC|Summoner's Call ~ Metacreativity|PREVARGTEQ:MetacreativityDisciplineLVL,2	ABILITY:Special Ability|AUTOMATIC|Improved Constructs ~ Constructor|PREVARGTEQ:MetacreativityDisciplineLVL,8	ABILITY:Special Ability|AUTOMATIC|Maestro of Constructs ~ Constructor|PREVARGTEQ:MetacreativityDisciplineLVL,14	ABILITY:Special Ability|AUTOMATIC|Astral Ally ~ Metacreativity|PREVARGTEQ:MetacreativityDisciplineLVL,20		BONUS:ABILITYPOOL|Metacreativity Discipline Talent|2|PREVARGTEQ:MetacreativityDisciplineLVL,1	SOURCEPAGE:p.10
Improved Constructs	KEY:Improved Constructs ~ Constructor	CATEGORY:Special Ability	TYPE:SpecialQuality.PsionicDisciplineTalent	DESC:You get Advanced Constructs or Boost Construct as a bonus feat.	SOURCEPAGE:p.10	TEMPLATE:Improved Constructs Determination
Maestro of Constructs	KEY:Maestro of Constructs ~ Constructor	CATEGORY:Special Ability	TYPE:SpecialQuality.PsionicDisciplineTalent	DESC:You can create up to %1 levels in astral constructs, divided at your discretion, repair a damaged astral construct for up to %2 hit points, or summon %3 astral swarms.|MaestroOfConstructsLevels|MaestroOfConstructsRepair|MaestroOfConstructsSwarms	SOURCEPAGE:p.10	DEFINE:MaestroOfConstructsRepair|30+MetacreativityDisciplineLVL	DEFINE:MaestroOfConstructsLevels|MetacreativityDisciplineLVL/2	DEFINE:MaestroOfConstructsSwarms|min(floor((MetacreativityDisciplineLVL-8)/3),4)

### Block: Ectoplasmic Swarm abilities
Ectoplasmic Poison	KEY:Ectoplasmic Poison ~ Ectoplasmic Swarm	CATEGORY:Special Ability	TYPE:SpecialAttack.Extraordinary	DESC:Swarm - injury; save Fort DC %1; frequency 1/round for 2 rounds; effect 1d3 Dexterity drain; cure 1 save.|EctoplasmicSwarmPoisonDC	DEFINE:EctoplasmicSwarmPoisonDC|10+TL/2+CON	BONUS:VAR|EctoplasmicSwarmPoisonDC|2|PREFEAT:1,Ability Focus (Ectoplasmic Poison)	SOURCEPAGE:p.11	ASPECT:Ability Benefit|(swarm)
No Combat Maneuvers	CATEGORY:Special Ability	VISIBLE:NO	DEFINE:NoCombatManeuvers|1


### Block: Erudite Advanced Discipline abilities
Erudite Advanced Discipline	CATEGORY:Special Ability	TYPE:SpecialQuality.ClassSpecialization.PsionicDiscipline	DEFINE:GeneralistDisciplineLVL|0	DESC:You have chosen to specialize in flexibility.	ABILITY:Special Ability|AUTOMATIC|Breach Power Resistance ~ Generalist|PREVARGTEQ:GeneralistDisciplineLVL,8	ABILITY:Special Ability|AUTOMATIC|Double Manifest ~ Generalist|PREVARGTEQ:GeneralistDisciplineLVL,14	ABILITY:Special Ability|AUTOMATIC|Expanded Mind ~ Generalist|PREVARGTEQ:GeneralistDisciplineLVL,20	BONUS:ABILITYPOOL|Generalist Psion Class Skill|1	ABILITY:Special Ability|AUTOMATIC|Discipline Talents ~ Erudite	ABILITY:Special Ability|AUTOMATIC|Daily Powers ~ Erudite|PREVARGTEQ:GeneralistDisciplineLVL,2	SOURCEPAGE:p.24
Discipline Talents	KEY:Discipline Talents ~ Erudite	CATEGORY:Special Ability	TYPE:SpecialQuality.PsionicDisciplineTalent	DESC:When you meditate to regain your power points for the day, choose two powers to manifest without power point cost for a lesser effect.	SOURCEPAGE:p.11	BONUS:ABILITYPOOL|Generalist Discipline Talent|2|PREVARGTEQ:GeneralistDisciplineLVL,1
Daily Powers	KEY:Daily Powers ~ Erudite	CATEGORY:Special Ability	TYPE:SpecialQuality.PsionicDisciplineTalent	DESC:You may choose a number of powers per day as if they were powers known.  Number of powers: %1|EruditeDailyPowers	DEFINE:EruditeDailyPowers|floor((GeneralistDisciplineLVL+3)/5)	BONUS:SPELLKNOWN|CLASS=Psion;LEVEL=1|-2|PREVARGTEQ:GeneralistDisciplineLVL,2	BONUS:SPELLKNOWN|CLASS=Psion;LEVEL=4|-2|PREVARGTEQ:GeneralistDisciplineLVL,7		BONUS:SPELLKNOWN|CLASS=Psion;LEVEL=5|-1|PREVARGTEQ:GeneralistDisciplineLVL,10	BONUS:SPELLKNOWN|CLASS=Psion;LEVEL=6|1|PREVAREQ:GeneralistDisciplineLVL,11	BONUS:SPELLKNOWN|CLASS=Psion;LEVEL=6|-1|PREVARGTEQ:GeneralistDisciplineLVL,12	BONUS:SPELLKNOWN|CLASS=Psion;LEVEL=8|1|PREVAREQ:GeneralistDisciplineLVL,15	BONUS:SPELLKNOWN|CLASS=Psion;LEVEL=9|-1|PREVARGTEQ:GeneralistDisciplineLVL,17

###Block: Gifted Blade favored class ability
Gifted Blade	CATEGORY:Special Ability	TYPE:FavoredClass		VISIBLE:DISPLAY	BONUS:ABILITYPOOL|Favored Class Bonus|var("CL=Gifted Blade")

### Block: Soulknife Blade Skills
Focused Defense	CATEGORY:Special Ability	TYPE:BladeSkill.SpecialQuality	DESC:You get +%1 AC when focused and fighting defensively.|FocusedDefenseACBonus	DEFINE:FocusedDefenseACBonus|WIS	SOURCEPAGE:p.12	PREVARGTEQ:MndBladeLVL,4
# NEEDS DATA WORK: Damage bonus not yet implemented.
Focused Offense	CATEGORY:Special Ability	TYPE:BladeSkill.SpecialAttack		DESC:Add Wisdom modifier instead of Strength modifier to attack and damage rolls when focused.	SOURCEPAGE:p.12	BONUS:COMBAT|TOHIT.MELEE|(WIS-STR)*PsionicFocusActive
# NEEDS CODE/DATA WORK: Additional power known not added.
Mental Power	CATEGORY:Special Ability	TYPE:BladeSkill.SpecialQuality	DESC:Gain an additional power known and 2 additional power points each time this is chosen.	SOURCEPAGE:p.12	MULT:YES	STACK:YES	CHOOSE:NOCHOICE	BONUS:VAR|BonusPowerPoints|2*count("ABILITIES","CATEGORY=Special Ability","NAME=Mental Power")|TYPE=MentalPowerBonusPP	PRECLASS:1,Gifted Blade=3

### Block: Advanced Constructs Astral Construct abilities
# Block: Menu A

Buff	KEY:Astral_Buff	CATEGORY:Special Ability	TYPE:SpecialQuality.AstralConstructMenuA		VISIBLE:YES	BONUS:HP|CURRENTMAX|5

Armor Spikes	KEY:Astral_Armor Spikes	CATEGORY:Special Ability	TYPE:SpecialAttack.AstralConstructMenuA	VISIBLE:YES	DESC:Do extra 1d6 piercing damage with trample, constrict, bull rush, or grapple attack.	NATURALATTACKS:Armor Spikes,Weapon.Natural.Melee.Finesseable.Piercing,*1,1d6	PRETEMPLATE:1,Advanced Construct
Dodge	KEY:Astral_Dodge	CATEGORY:Special Ability	TYPE:SpecialQuality.AstralConstructMenuA	VISIBLE:YES	AUTO:FEAT|Dodge	PRETEMPLATE:1,Advanced Construct
Might	KEY:Astral_Might	CATEGORY:Special Ability	TYPE:SpecialAttack.AstralConstructMenuA	VISIBLE:YES	BONUS:COMBAT|DAMAGE.Melee|1|TYPE=Might	PRETEMPLATE:1,Advanced Construct
Talons	KEY:Astral_Talons	CATEGORY:Special Ability	TYPE:SpecialQuality.AstralConstructMenuA	VISIBLE:YES	DESC:Slam attacks do either slashing or piercing damage.	PRETEMPLATE:1,Advanced Construct
Utility	KEY:Astral_Utility	CATEGORY:Special Ability	TYPE:SpecialQuality.AstralConstructMenuA	VISIBLE:YES	DESC:The astral construct can perform various tasks up to DC %1.|AstralUtilityDC	DEFINE:AstralUtilityDC|8	BONUS:VAR|AstralUtilityDC|2	MULT:YES	STACK:YES	CHOOSE:NOCHOICE	PRETEMPLATE:1,Advanced Construct
# Block: Menu B
Great Cleave	KEY:Astral_Great Cleave	CATEGORY:Special Ability	TYPE:SpecialAttack.AstralConstructMenuB	VISIBLE:YES	AUTO:FEAT|Great Cleave	PRETEMPLATE:1,Advanced Construct
Improved Might	KEY:Astral_Improved Might	CATEGORY:Special Ability	TYPE:SpecialAttack.AstralConstructMenuB	VISIBLE:YES	BONUS:COMBAT|DAMAGE.Melee|3|TYPE=Might	PRETEMPLATE:1,Advanced Construct
Reach		KEY:Astral_Reach	CATEGORY:Special Ability	TYPE:SpecialQuality.AstralConstructMenuB	VISIBLE:YES	BONUS:COMBAT|REACH|5	PRETEMPLATE:1,Advanced Construct
Stunning Fist	KEY:Astral_Stunning Fist	CATEGORY:Special Ability	TYPE:SpecialAttack.AstralConstructMenuB	VISIBLE:YES	AUTO:FEAT|Stunning Fist	DESC:The astral construct can use Stunning Fist with its slam attacks.	PRETEMPLATE:1,Advanced Construct
# Block: Menu C
Greater Might	KEY:Astral_Greater Might	CATEGORY:Special Ability	TYPE:SpecialAttack.AstralConstructMenuC	VISIBLE:YES	BONUS:COMBAT|DAMAGE.Melee|5|TYPE=Might	PRETEMPLATE:1,Advanced Construct
Tail Slap	KEY:Astral_Tail Slap	CATEGORY:Special Ability	TYPE:SpecialAttack.AstralConstructMenuC	VISIBLE:YES	NATURALATTACKS:Tail Slap,Weapon.Natural.Melee.Finesseable.Bludgeoning,*1,2d8	BONUS:WEAPONPROF=Tail Slap|TOHIT|-5	BONUS:WEAPONPROF=Tail Slap|TOHIT|3|PREFEAT:1,Multiattack	PRETEMPLATE:1,Advanced Construct

### Block: Metaforge abilities
Crystallized Mind Blade	KEY:Crystallized Mind Blade ~ Metaforge	CATEGORY:Special Ability	TYPE:SpecialQuality.Supernatural	DESC:Your mind blade gains %1 hardness and hit points; can be charged with %2 power pooints to increase enhancement by +%2.|MetaforgedLVL|CrystallizedMindBlade	DEFINE:CrystallizedMindBlade|0	SOURCEPAGE:p.38
Transfer Enhancement	KEY:Transfer Enhancement ~ Metaforge	CATEGORY:Special Ability	TYPE:SpecialQuality.Supernatural	DESC:Transfer up to %1 of the mind blade's enhancement bonus to the astral suit.|TransferEhancement	DEFINE:TransferEnhancement|0	SOURCEPAGE:p.39
Dual Summon	KEY:Dual Summon ~ Metaforge	CATEGORY:Special Ability	TYPE:SpecialQuality.Supernatural	DESC:You can summon your mind blade and astral suit at the same time.	SOURCEPAGE:p.39
Shift Form	KEY:Shift Form ~ Metaforge	CATEGORY:Special Ability	TYPE:SpecialQuality.Supernatural	DESC:You can use transfer enhancement as a standard action.	SOURCEPAGE:p.39

### Block: Psicrystal Imprinter abilities
Psicrystal Bond ~ Psicrystal Imprinter		CATEGORY:Special Ability	TYPE:SpecialQuality.Supernatural	DESC:Gain Psicrystal Affinity or Improved Psicrystal as a bonus feat.	SOURCEPAGE:p.39	TEMPLATE:Psicrystal Bond Choice
Psicrystal Receptacle ~ Psicrystal Imprinter	CATEGORY:Special Ability	TYPE:SpecialQuality.Supernatural	DESC:Store %1 levels of powers in your psicrystal for %2 pp.|PsicrystalReceptaclePowers|PsicrystalReceptacleCost	SOURCEPAGE:p.39	DEFINE:PsicrystalReceptaclePowers|PsicrystalImprinterLVL+max(INT,WIS,CHA)	DEFINE:PsicrystalReceptacleCost|2
Skilled Crafter ~ Psicrystal Imprinter		CATEGORY:Special Ability	TYPE:SpecialQuality.Supernatural	DESC:Gain +%1 on Spellcraft checks to craft items with Craft Cognizance Crystal and Scribe Scroll.|SkilledCrafter	SOURCEPAGE:p.40
Psicrystal Resonance ~ Psicrystal Imprinter	CATEGORY:Special Ability	TYPE:SpecialQuality.Supernatural	DESC:Channel power through psicrystal to gain effect: augment	DESC:empower|PREVARGT:PsicrystalResonanceLVL,2	DESC:empower|PsicrystalResonanceLVL,4	DESC:extend|PsicrystalResonanceLVL,6	DESC:twin|PsicrystalResonanceLVL,8		SOURCEPAGE:p.40
Efficient Receptacle ~ Psicrystal Imprinter	CATEGORY:Special Ability	TYPE:SpecialQuality.Supernatural	DESC:Cost to manifest power from the psicrystal reduced.	SOURCEPAGE:p.41	DEFINE:EfficientReceptacle|-1	BONUS:VAR|PsicrystalReceptacleCost|EfficientReceptacle
Essence Crystal ~ Psicrystal Imprinter		CATEGORY:Special Ability	TYPE:SpecialQuality.Supernatural	DESC:Attune to crystal to gain astral seed effect.	SOURCEPAGE:p.41
Crystalline Infusion ~ Piscrystal Imprinter	CATEGORY:Special Ability	TYPE:SpecialQuality.Supernatural	DESC:Psicrystal can store power points as a cognizance crystal, and can focus itself.	SOURCEPAGE:p.41	BONUS:ABILITYPOOL|Bonus Psionic Feat|1
