#  Fri Nov 16 19:52:40 2018 -- reformated by PCGen PrettyLST v6.08.00
# CVS $Revision: $ $Author: $ -- Fri Jun 17 21:51:56 2016 -- reformated by PCGen PrettyLST v6.06.00
SOURCELONG:System Reference Document	SOURCESHORT:SRD5	SOURCEWEB:http://dnd.wizards.com/articles/features/systems-reference-document-srd	SOURCEDATE:2016-01
# Original Entry: See contributors listed in PCC file.

# Light Armor	Dex Mod -/+ no max
# Equipment Name	Required Armor Proficiency		Required Shield Proficiency	Type							Cost		Weight	Maximum DEX Bonus	Ability																									Combat bonus			Add to base move							Modify VAR			Quality and value
Padded		PROFICIENCY:ARMOR|Padded							TYPE:Armor.LightArmor.Padded			COST:5	WT:8					ABILITY:Internal|AUTOMATIC|Skill Disadvantage ~ Stealth	ABILITY:Internal|AUTOMATIC|Unproficient Armor|!PREPROFWITHARMOR:1,TYPE.LightArmor			BONUS:COMBAT|AC|1|TYPE=Armor										BONUS:VAR|AC_Armor|1	QUALITY:Stealth|Disadvantage
Leather		PROFICIENCY:ARMOR|Leather							TYPE:Armor.LightArmor.Leather			COST:10	WT:10					ABILITY:Internal|AUTOMATIC|Unproficient Armor|!PREPROFWITHARMOR:1,TYPE.LightArmor													BONUS:COMBAT|AC|1|TYPE=Armor										BONUS:VAR|AC_Armor|1
Studded Leather	PROFICIENCY:ARMOR|Studded Leather						TYPE:Armor.LightArmor.Studded Leather	COST:45	WT:13					ABILITY:Internal|AUTOMATIC|Unproficient Armor|!PREPROFWITHARMOR:1,TYPE.LightArmor													BONUS:COMBAT|AC|2|TYPE=Armor										BONUS:VAR|AC_Armor|2
# Medium Armor	Dex Mod -/+ highest is +2
Hide			PROFICIENCY:ARMOR|Hide								TYPE:Armor.MediumArmor.Hide			COST:10	WT:12		MAXDEX:2		ABILITY:Internal|AUTOMATIC|Unproficient Armor|!PREPROFWITHARMOR:1,TYPE.MediumArmor													BONUS:COMBAT|AC|2|TYPE=Armor										BONUS:VAR|AC_Armor|2
Chain Shirt		PROFICIENCY:ARMOR|Chain Shirt							TYPE:Armor.MediumArmor.Chain Shirt		COST:50	WT:20		MAXDEX:2		ABILITY:Internal|AUTOMATIC|Unproficient Armor|!PREPROFWITHARMOR:1,TYPE.MediumArmor													BONUS:COMBAT|AC|3|TYPE=Armor										BONUS:VAR|AC_Armor|3
Scale Mail		PROFICIENCY:ARMOR|Scale Mail							TYPE:Armor.MediumArmor.Scale Mail		COST:50	WT:45		MAXDEX:2		ABILITY:Internal|AUTOMATIC|Unproficient Armor|!PREPROFWITHARMOR:1,TYPE.MediumArmor	ABILITY:Internal|AUTOMATIC|Skill Disadvantage ~ Stealth (Medium Armor)	BONUS:COMBAT|AC|4|TYPE=Armor										BONUS:VAR|AC_Armor|4	QUALITY:Stealth|Disadvantage
Breastplate		PROFICIENCY:ARMOR|Breastplate							TYPE:Armor.MediumArmor.Breastplate		COST:400	WT:20		MAXDEX:2		ABILITY:Internal|AUTOMATIC|Unproficient Armor|!PREPROFWITHARMOR:1,TYPE.MediumArmor													BONUS:COMBAT|AC|4|TYPE=Armor										BONUS:VAR|AC_Armor|4
Half Plate		PROFICIENCY:ARMOR|Half Plate							TYPE:Armor.MediumArmor.Half Plate		COST:750	WT:40		MAXDEX:2		ABILITY:Internal|AUTOMATIC|Unproficient Armor|!PREPROFWITHARMOR:1,TYPE.MediumArmor	ABILITY:Internal|AUTOMATIC|Skill Disadvantage ~ Stealth (Medium Armor)	BONUS:COMBAT|AC|5|TYPE=Armor										BONUS:VAR|AC_Armor|5	QUALITY:Stealth|Disadvantage
# Heavy Armor	No Dex Modifier at all
Ring Mail		PROFICIENCY:ARMOR|Ring Mail							TYPE:Armor.HeavyArmor.Ring Mail		COST:30	WT:40		MAXDEX:0		ABILITY:Internal|AUTOMATIC|Unproficient Armor|!PREPROFWITHARMOR:1,TYPE.HeavyArmor	ABILITY:Internal|AUTOMATIC|Skill Disadvantage ~ Stealth			BONUS:COMBAT|AC|4|TYPE=Armor										BONUS:VAR|AC_Armor|4	QUALITY:Stealth|Disadvantage
Chain Mail		PROFICIENCY:ARMOR|Chain Mail							TYPE:Armor.HeavyArmor.Chain Mail		COST:75	WT:55		MAXDEX:0		ABILITY:Internal|AUTOMATIC|Unproficient Armor|!PREPROFWITHARMOR:1,TYPE.HeavyArmor	ABILITY:Internal|AUTOMATIC|Skill Disadvantage ~ Stealth			BONUS:COMBAT|AC|6|TYPE=Armor	BONUS:MOVEADD|TYPE.Walk|-10|PREVARLT:STRSCORE,13	BONUS:VAR|AC_Armor|6	QUALITY:Stealth|Disadvantage
Splint		PROFICIENCY:ARMOR|Splint							TYPE:Armor.HeavyArmor.Splint			COST:200	WT:60		MAXDEX:0		ABILITY:Internal|AUTOMATIC|Unproficient Armor|!PREPROFWITHARMOR:1,TYPE.HeavyArmor	ABILITY:Internal|AUTOMATIC|Skill Disadvantage ~ Stealth			BONUS:COMBAT|AC|7|TYPE=Armor	BONUS:MOVEADD|TYPE.Walk|-10|PREVARLT:STRSCORE,15	BONUS:VAR|AC_Armor|7	QUALITY:Stealth|Disadvantage
Plate			PROFICIENCY:ARMOR|Plate								TYPE:Armor.HeavyArmor.Plate			COST:1500	WT:65		MAXDEX:0		ABILITY:Internal|AUTOMATIC|Unproficient Armor|!PREPROFWITHARMOR:1,TYPE.HeavyArmor	ABILITY:Internal|AUTOMATIC|Skill Disadvantage ~ Stealth			BONUS:COMBAT|AC|8|TYPE=Armor	BONUS:MOVEADD|TYPE.Walk|-10|PREVARLT:STRSCORE,15	BONUS:VAR|AC_Armor|8	QUALITY:Stealth|Disadvantage
# Shield
Shield								PROFICIENCY:SHIELD|Shield	TYPE:Shield						COST:10	WT:6					ABILITY:Internal|AUTOMATIC|Unproficient Armor|!PREPROFWITHSHIELD:1,Shield														BONUS:COMBAT|AC|2|TYPE=Shield										BONUS:VAR|AC_Shield|2

# need a disable trigger for Dex on the OS.
# Need the new parser - RangeLongMult will determine final long range value. Set base.xml file in game system folder. Alter range output by type - Increment3, Increment4
###Block: Weapons
# NOTES: Range is 2 Increments - Thrown Long Range is x3, Projectile Long Range is x4

# Simple Melee Weapons
# Equipment Name	Unique Key			Required Weapon Proficiency		Type																				Contains				Cost		Weight	Crit Range	Damage	Modifier			Wield Category	Range		Size						Quality and value										Special Property		FACT
Club			KEY:Club			PROFICIENCY:WEAPON|Club			TYPE:Weapon.Resizable.Melee.Manufactured.Weapon_Melee.Bludgeoning.Light.Monk.Simple.MonkWeaponSpecial												COST:0.1	WT:2		CRITRANGE:1	DAMAGE:1d4										SIZE:M
Dagger		KEY:Dagger			PROFICIENCY:WEAPON|Dagger		TYPE:Weapon.Resizable.Melee.Manufactured.Weapon_Finesse.Piercing.Finesse.Light.Thrown.Ranged.Increment3.Monk.Simple						COST:2	WT:1		CRITRANGE:1	DAMAGE:1d4								RANGE:20	SIZE:M					QUALITY:RangeLongMult|3	QUALITY:ShortRange|20	QUALITY:LongRange|60					FACT:ShortRange|20	FACT:LongRange|60	FACT:RangeLongMult|3
Unarmed Strike	KEY:Unarmed Strike	PROFICIENCY:WEAPON|Unarmed Strike	TYPE:Weapon.Monk.Resizable.Melee.Bludgeoning.Unarmed.Weapon_Melee.Simple													COST:0	WT:0		CRITRANGE:1	DAMAGE:1d4										SIZE:M
#MODIFY:RangeLongMult|SET|3

Greatclub		KEY:Greatclub		PROFICIENCY:WEAPON|Greatclub		TYPE:Weapon.Resizable.Melee.Manufactured.Weapon_Melee.Bludgeoning.Two-Handed.Simple												COST:.2	WT:10		CRITRANGE:1	DAMAGE:1d8					WIELD:TwoHanded			SIZE:M
Handaxe		KEY:Handaxe			PROFICIENCY:WEAPON|Handaxe		TYPE:Weapon.Resizable.Melee.Manufactured.Weapon_Thrown.Slashing.Light.Thrown.Ranged.Axe.Monk.Simple									COST:5	WT:2		CRITRANGE:1	DAMAGE:1d6								RANGE:20	SIZE:M					QUALITY:RangeLongMult|3	QUALITY:ShortRange|20	QUALITY:LongRange|60					FACT:ShortRange|20	FACT:LongRange|60	FACT:RangeLongMult|3
Javelin		KEY:Javelin			PROFICIENCY:WEAPON|Javelin		TYPE:Weapon.Resizable.Melee.Manufactured.Weapon_Thrown.Piercing.Thrown.Ranged.Increment3.Monk.Simple									COST:.5	WT:2		CRITRANGE:1	DAMAGE:1d6								RANGE:30	SIZE:M					QUALITY:RangeLongMult|3	QUALITY:ShortRange|30	QUALITY:LongRange|90	SPROP:Range 30, Long 90	FACT:ShortRange|30	FACT:LongRange|90	FACT:RangeLongMult|3
#MODIFY:RangeLongMult|SET|3
Light Hammer	KEY:Light Hammer		PROFICIENCY:WEAPON|Light Hammer	TYPE:Weapon.Resizable.Melee.Manufactured.Weapon_Thrown.Bludgeoning.Light.Thrown.Ranged.Increment3.Monk.Simple							COST:2	WT:2		CRITRANGE:1	DAMAGE:1d4								RANGE:20	SIZE:M					QUALITY:RangeLongMult|3	QUALITY:ShortRange|20	QUALITY:LongRange|60					FACT:ShortRange|20	FACT:LongRange|60	FACT:RangeLongMult|3
#MODIFY:RangeLongMult|SET|3
Mace			KEY:Mace			PROFICIENCY:WEAPON|Mace			TYPE:Weapon.Resizable.Melee.Manufactured.Weapon_Melee.Bludgeoning.Monk.Simple.MonkWeaponSpecial													COST:5	WT:4		CRITRANGE:1	DAMAGE:1d6					WIELD:OneHanded			SIZE:M
Quarterstaff	KEY:Quarterstaff		PROFICIENCY:WEAPON|Quarterstaff	TYPE:Weapon.Resizable.Melee.Manufactured.Weapon_Melee.Bludgeoning.Versatile.Monk.Simple.MonkWeaponSpecial											COST:.2	WT:4		CRITRANGE:1	DAMAGE:1d6	EQMOD:VERSATILE_D8						SIZE:M
Sickle		KEY:Sickle			PROFICIENCY:WEAPON|Sickle		TYPE:Weapon.Resizable.Melee.Manufactured.Weapon_Melee.Slashing.Light.Monk.Simple.MonkWeaponSpecial												COST:1	WT:2		CRITRANGE:1	DAMAGE:1d4										SIZE:M
Spear			KEY:Spear			PROFICIENCY:WEAPON|Spear		TYPE:Weapon.Resizable.Melee.Manufactured.Weapon_Thrown.Piercing.Thrown.Ranged.Versatile.Increment3.Monk.Simple							COST:1	WT:3		CRITRANGE:1	DAMAGE:1d6								RANGE:20	SIZE:M					QUALITY:RangeLongMult|3	QUALITY:ShortRange|20	QUALITY:LongRange|60					FACT:ShortRange|20	FACT:LongRange|60	FACT:RangeLongMult|3
#MODIFY:RangeLongMult|SET|3
#Unarmed Strike		KEY:Unarmed Strike		PROFICIENCY:WEAPON|Unarmed Strike		TYPE:Weapon.Resizable.Melee.Natural.Simple.Unarmed.Weapon_Melee.Bludgeoning													COST:0	WT:0		CRITRANGE:1	DAMAGE:1										SIZE:M
# Simple Ranged Weapons
Crossbow, Light	KEY:Crossbow (Light)	PROFICIENCY:WEAPON|Crossbow (Light)	TYPE:Weapon.Resizable.Ranged.Manufactured.Weapon_Ranged.Piercing.Increment4.Container.Simple					CONTAINS:UNLIM|Crossbow Bolt	COST:25	WT:5		CRITRANGE:1	DAMAGE:1d8								RANGE:80	SIZE:M					QUALITY:RangeLongMult|4	QUALITY:ShortRange|80	QUALITY:LongRange|240					FACT:ShortRange|80	FACT:LongRange|240	FACT:RangeLongMult|4
#MODIFY:RangeLongMult|SET|4
Dart			KEY:Dart			PROFICIENCY:WEAPON|Dart			TYPE:Weapon.Resizable.Ranged.Manufactured.Weapon_Finesse.Piercing.Increment3.Simple												COST:.05	WT:0.25	CRITRANGE:1	DAMAGE:1d4								RANGE:20	SIZE:M					QUALITY:RangeLongMult|3	QUALITY:ShortRange|20	QUALITY:LongRange|60					FACT:ShortRange|20	FACT:LongRange|60	FACT:RangeLongMult|3
#MODIFY:RangeLongMult|SET|3
Shortbow		KEY:Shortbow		PROFICIENCY:WEAPON|Shortbow		TYPE:Weapon.Resizable.Ranged.Manufactured.Weapon_Ranged.Piercing.Increment4.Container.Simple					CONTAINS:UNLIM|Arrow		COST:25	WT:2		CRITRANGE:1	DAMAGE:1d6								RANGE:30	SIZE:M					QUALITY:RangeLongMult|4	QUALITY:ShortRange|30	QUALITY:LongRange|120					FACT:ShortRange|30	FACT:LongRange|120	FACT:RangeLongMult|4
#MODIFY:RangeLongMult|SET|4
Sling			KEY:Sling			PROFICIENCY:WEAPON|Sling		TYPE:Weapon.Resizable.Ranged.Manufactured.Weapon_Ranged.Bludgeoning.Increment4.Container.Simple					CONTAINS:UNLIM|Sling Bullet	COST:.1	WT:0		CRITRANGE:1	DAMAGE:1d4								RANGE:30	SIZE:M					QUALITY:RangeLongMult|4	QUALITY:ShortRange|30	QUALITY:LongRange|120					FACT:ShortRange|30	FACT:LongRange|120	FACT:RangeLongMult|4
#MODIFY:RangeLongMult|SET|4

# Martial Melee Weapons
Battleaxe		KEY:Battleaxe		PROFICIENCY:WEAPON|Battleaxe		TYPE:Weapon.Resizable.Melee.Manufactured.Weapon_Melee.Slashing.Axe.Martial													COST:10	WT:4		CRITRANGE:1	DAMAGE:1d8					WIELD:OneHanded			SIZE:M	SIZE:M
Flail			KEY:Flail			PROFICIENCY:WEAPON|Flail		TYPE:Weapon.Resizable.Melee.Manufactured.Weapon_Melee.Bludgeoning.Martial													COST:10	WT:2		CRITRANGE:1	DAMAGE:1d8					WIELD:OneHanded			SIZE:M	SIZE:M
Glaive		KEY:Glaive			PROFICIENCY:WEAPON|Glaive		TYPE:Weapon.Resizable.Melee.Manufactured.Weapon_Melee.Slashing.Martial														COST:20	WT:6		CRITRANGE:1	DAMAGE:1d10					WIELD:TwoHanded			SIZE:M	SIZE:M
Greataxe		KEY:Greataxe		PROFICIENCY:WEAPON|Greataxe		TYPE:Weapon.Resizable.Melee.Manufactured.Weapon_Melee.Slashing.Axe.Martial													COST:30	WT:7		CRITRANGE:1	DAMAGE:1d12					WIELD:TwoHanded			SIZE:M	SIZE:M
Greatsword		KEY:Greatsword		PROFICIENCY:WEAPON|Greatsword		TYPE:Weapon.Resizable.Melee.Manufactured.Weapon_Melee.Slashing.Martial														COST:50	WT:6		CRITRANGE:1	DAMAGE:2d6					WIELD:TwoHanded			SIZE:M	SIZE:M
Halberd		KEY:Halberd			PROFICIENCY:WEAPON|Halberd		TYPE:Weapon.Resizable.Melee.Manufactured.Weapon_Melee.Slashing.Martial														COST:20	WT:6		CRITRANGE:1	DAMAGE:1d10					WIELD:TwoHanded			SIZE:M	SIZE:M
Lance			KEY:Lance			PROFICIENCY:WEAPON|Lance		TYPE:Weapon.Resizable.Melee.Manufactured.Weapon_Melee.Piercing.Martial														COST:10	WT:6		CRITRANGE:1	DAMAGE:1d12					WIELD:OneHanded			SIZE:M	SIZE:M
Longsword		KEY:Longsword		PROFICIENCY:WEAPON|Longsword		TYPE:Weapon.Resizable.Melee.Manufactured.Weapon_Melee.Slashing.Martial														COST:15	WT:3		CRITRANGE:1	DAMAGE:1d8					WIELD:OneHanded			SIZE:M	SIZE:M
Maul			KEY:Maul			PROFICIENCY:WEAPON|Maul			TYPE:Weapon.Resizable.Melee.Manufactured.Weapon_Melee.Bludgeoning.Martial													COST:10	WT:10		CRITRANGE:1	DAMAGE:2d6					WIELD:TwoHanded			SIZE:M	SIZE:M	SIZE:M
Morningstar		KEY:Morningstar		PROFICIENCY:WEAPON|Morningstar	TYPE:Weapon.Resizable.Melee.Manufactured.Weapon_Melee.Piercing.Martial														COST:15	WT:4		CRITRANGE:1	DAMAGE:1d8					WIELD:OneHanded			SIZE:M	SIZE:M
Pike			KEY:Pike			PROFICIENCY:WEAPON|Pike			TYPE:Weapon.Resizable.Melee.Manufactured.Weapon_Melee.Piercing.Martial														COST:5	WT:18		CRITRANGE:1	DAMAGE:1d10					WIELD:TwoHanded			SIZE:M	SIZE:M
Rapier		KEY:Rapier			PROFICIENCY:WEAPON|Rapier		TYPE:Weapon.Resizable.Melee.Manufactured.Weapon_Finesse.Piercing.Martial													COST:25	WT:2		CRITRANGE:1	DAMAGE:1d8					WIELD:OneHanded			SIZE:M	SIZE:M
Scimitar		KEY:Scimitar		PROFICIENCY:WEAPON|Scimitar		TYPE:Weapon.Resizable.Melee.Manufactured.Weapon_Finesse.Slashing.Martial													COST:25	WT:3		CRITRANGE:1	DAMAGE:1d6					WIELD:OneHanded			SIZE:M	SIZE:M
Shortsword		KEY:Shortsword		PROFICIENCY:WEAPON|Shortsword		TYPE:Weapon.Resizable.Melee.Manufactured.Weapon_Finesse.Piercing.Martial													COST:10	WT:2		CRITRANGE:1	DAMAGE:1d6					WIELD:OneHanded			SIZE:M	SIZE:M
Trident		KEY:Trident			PROFICIENCY:WEAPON|Trident		TYPE:Weapon.Resizable.Melee.Manufactured.Weapon_Melee.Piercing.Increment3.Martial												COST:5	WT:4		CRITRANGE:1	DAMAGE:1d8					WIELD:OneHanded	RANGE:20	SIZE:M	SIZE:M			QUALITY:RangeLongMult|3	QUALITY:ShortRange|20	QUALITY:LongRange|60					FACT:ShortRange|20	FACT:LongRange|60	FACT:RangeLongMult|3
#MODIFY:RangeLongMult|SET|3
War Pick		KEY:War Pick		PROFICIENCY:WEAPON|War Pick		TYPE:Weapon.Resizable.Melee.Manufactured.Weapon_Melee.Piercing.Martial														COST:5	WT:2		CRITRANGE:1	DAMAGE:1d8					WIELD:OneHanded			SIZE:M	SIZE:M
Warhammer		KEY:Warhammer		PROFICIENCY:WEAPON|Warhammer		TYPE:Weapon.Resizable.Melee.Manufactured.Weapon_Melee.Bludgeoning.Martial													COST:15	WT:2		CRITRANGE:1	DAMAGE:1d8					WIELD:OneHanded			SIZE:M	SIZE:M
Whip			KEY:Whip			PROFICIENCY:WEAPON|Whip			TYPE:Weapon.Resizable.Melee.Manufactured.Weapon_Finesse.Slashing.Martial													COST:2	WT:3		CRITRANGE:1	DAMAGE:1d4					WIELD:OneHanded			SIZE:M	SIZE:M
# Martial Ranged Weapons
Blowgun		KEY:Blowgun			PROFICIENCY:WEAPON|Blowgun		TYPE:Weapon.Resizable.Ranged.Manufactured.Weapon_Ranged.Piercing.Increment4.Container.Martial					CONTAINS:UNLIM|Blowgun Needle	COST:10	WT:1		CRITRANGE:1	DAMAGE:1								RANGE:25	SIZE:M	SIZE:M			QUALITY:RangeLongMult|4	QUALITY:ShortRange|25	QUALITY:LongRange|100					FACT:ShortRange|25	FACT:LongRange|100	FACT:RangeLongMult|4
#MODIFY:RangeLongMult|SET|4
Crossbow, Hand	KEY:Crossbow (Hand)	PROFICIENCY:WEAPON|Crossbow (Hand)	TYPE:Weapon.Resizable.Ranged.Manufactured.Weapon_Ranged.Piercing.Increment4.Container.Martial					CONTAINS:UNLIM|Crossbow Bolt	COST:75	WT:3		CRITRANGE:1	DAMAGE:1d6								RANGE:30	SIZE:M	SIZE:M			QUALITY:RangeLongMult|4	QUALITY:ShortRange|30	QUALITY:LongRange|120					FACT:ShortRange|30	FACT:LongRange|120	FACT:RangeLongMult|4
#MODIFY:RangeLongMult|SET|4
Crossbow, Heavy	KEY:Crossbow (Heavy)	PROFICIENCY:WEAPON|Crossbow (Heavy)	TYPE:Weapon.Resizable.Ranged.Manufactured.Weapon_Ranged.Piercing.Increment4.Container.Martial					CONTAINS:UNLIM|Crossbow Bolt	COST:50	WT:18		CRITRANGE:1	DAMAGE:1d10					WIELD:TwoHanded	RANGE:100	SIZE:M	SIZE:M			QUALITY:RangeLongMult|4	QUALITY:ShortRange|100	QUALITY:LongRange|400					FACT:ShortRange|100	FACT:LongRange|400	FACT:RangeLongMult|4
#MODIFY:RangeLongMult|SET|4
Longbow		KEY:Longbow			PROFICIENCY:WEAPON|Longbow		TYPE:Weapon.Resizable.Ranged.Manufactured.Weapon_Ranged.Piercing.Increment4.Container						CONTAINS:UNLIM|Arrow.Martial	COST:50	WT:2		CRITRANGE:1	DAMAGE:1d8					WIELD:TwoHanded	RANGE:150	SIZE:M	SIZE:M			QUALITY:RangeLongMult|4	QUALITY:ShortRange|150	QUALITY:LongRange|600					FACT:ShortRange|150	FACT:LongRange|600	FACT:RangeLongMult|4
#MODIFY:RangeLongMult|SET|4
Net			KEY:Net			PROFICIENCY:WEAPON|Net			TYPE:Weapon.Resizable.Ranged.Manufactured.Weapon_Ranged.Increment3.Martial													COST:1	WT:3		CRITRANGE:1										RANGE:5	SIZE:M	SIZE:M			QUALITY:RangeLongMult|3	QUALITY:ShortRange|5	QUALITY:LongRange|15					FACT:ShortRange|5	FACT:LongRange|15	FACT:RangeLongMult|3
#MODIFY:RangeLongMult|SET|3

###Block: Add item identifiers for expansion
# Equipment Name		Type
Club.MOD			TYPE:Club
Dagger.MOD			TYPE:Dagger
Greatclub.MOD		TYPE:Greatclub.Club
Handaxe.MOD			TYPE:Handaxe.Axe
Javelin.MOD			TYPE:Javelin
Light Hammer.MOD		TYPE:Light Hammer.Hammer
Mace.MOD			TYPE:Mace
Quarterstaff.MOD		TYPE:Quarterstaff
Sickle.MOD			TYPE:Sickle
Spear.MOD			TYPE:Spear
#Unarmed Strike.MOD	TYPE:Unarmed Strike
Crossbow (Light).MOD	TYPE:Crossbow.Light Crossbow
Dart.MOD			TYPE:Dart
Shortbow.MOD		TYPE:Shortbow.Bow
Sling.MOD			TYPE:Sling
Battleaxe.MOD		TYPE:Battleaxe.Axe
Flail.MOD			TYPE:Flail
Glaive.MOD			TYPE:Glaive
Greataxe.MOD		TYPE:Greataxe.Axe
Greatsword.MOD		TYPE:Greatsword.Sword
Halberd.MOD			TYPE:Halberd
Lance.MOD			TYPE:Lance
Longsword.MOD		TYPE:Longsword.Sword
Maul.MOD			TYPE:Maul.Hammer
Morningstar.MOD		TYPE:Morningstar
Pike.MOD			TYPE:Pike
Rapier.MOD			TYPE:Rapier.Sword
Scimitar.MOD		TYPE:Scimitar.Sword
Shortsword.MOD		TYPE:Shortsword.Sword
Trident.MOD			TYPE:Trident
War Pick.MOD		TYPE:War Pick
Warhammer.MOD		TYPE:Warhammer.Hammer
Whip.MOD			TYPE:Whip
Blowgun.MOD			TYPE:Blowgun
Crossbow (Hand).MOD	TYPE:Hand Crossbow.Crossbow
Crossbow (Heavy).MOD	TYPE:Heavy Crossbow.Crossbow
Longbow.MOD			TYPE:Longbow.Bow
Net.MOD			TYPE:Net
