# CVS $Revision$ $Author$ -- Sat Nov 12 13:14:44 2011 -- reformated by prettylst.pl v1.39 (build )
SOURCELONG:Psionics Expanded - Unlimited Possibilities	SOURCESHORT:PEUP	SOURCEWEB:http://dreamscarredpress.com/dragonfly/index.php	SOURCEDATE:2011-09
# ORIGINAL ENTRY: Douglas Limmer
# ORIGINAL ENTRY DATE: 2011/11/11

###Block: Basic Traits: Psionic Traits
# Ability Name			Unique Key						Category of Ability		Type						Restricted Ability							Multiple Requirements																						Description																	Stackable?	Multiple?	Choose										Automatically Added to Inventory	Automatically Gained Weapon Prof.	Caster level				Combat bonus								Bonus to skill								Class Skill			Source Page
Clairsentient Talent		KEY:Clairsentient Talent ~ Trait		CATEGORY:Special Ability	TYPE:Trait.BasicTrait.PsionicTrait											PREMULT:1,[PREABILITY:1,CATEGORY=Special Ability,Clairsentient Talent ~ Trait],[!PREABILITY:1,CATEGORY=Special Ability,TYPE.PsionicTrait]			DESC:When focused, you can use detect psionics in your space.																																																																	SOURCEPAGE:p.35
Mental Discipline			KEY:Mental Discipline ~ Trait			CATEGORY:Special Ability	TYPE:Trait.BasicTrait.PsionicTrait											PREMULT:1,[PREABILITY:1,CATEGORY=Special Ability,Mental Discipline ~ Trait],[!PREABILITY:1,CATEGORY=Special Ability,TYPE.PsionicTrait]			DESC:You have had some basic training in mental control.																																																				BONUS:SKILL|Autohypnosis|1|TYPE=Trait				CSKILL:Autohypnosis	SOURCEPAGE:p.35
Metacreative Talent		KEY:Metacreative Talent ~ Trait		CATEGORY:Special Ability	TYPE:Trait.BasicTrait.PsionicTrait											PREMULT:1,[PREABILITY:1,CATEGORY=Special Ability,Metacreative Talent ~ Trait],[!PREABILITY:1,CATEGORY=Special Ability,TYPE.PsionicTrait]			DESC:When focused, you can create weaponized crystal shards.																							AUTO:EQUIP|Crystal Shard		AUTO:WEAPONPROF|Crystal Shard																																SOURCEPAGE:p.35
Perceptive Talent			KEY:Perceptive Talent ~ Trait			CATEGORY:Special Ability	TYPE:Trait.BasicTrait.PsionicTrait											PREMULT:1,[PREABILITY:1,CATEGORY=Special Ability,Perceptive Talent ~ Trait],[!PREABILITY:1,CATEGORY=Special Ability,TYPE.PsionicTrait]			DESC:Gain +1 initiative and Sense Motive when focused.																																										BONUS:COMBAT|INITIATIVE|1*PsionicFocusActive|TYPE=Trait	BONUS:SKILL|Sense Motive|1*PsionicFocusActive|TYPE=Trait					SOURCEPAGE:p.35
Psigifted				KEY:Psigifted ~ Trait				CATEGORY:Special Ability	TYPE:Trait.BasicTrait.PsionicTrait	!PREABILITY:1,CATEGORY=Special Ability,TYPE.PsionicTrait																										DESC:Increase manifester level in chosen power.											STACK:NO	MULT:YES	CHOOSE:NUMCHOICES=1|SPELLS|SPELLTYPE=Psionic[KNOWN=YES]														BONUS:CASTERLEVEL|SPELL.%LIST|1																									SOURCEPAGE:p.35
Psionic Item Familiarity	KEY:Psionic Item Familiarity ~ Trait	CATEGORY:Special Ability	TYPE:Trait.BasicTrait.PsionicTrait											PREMULT:1,[PREABILITY:1,CATEGORY=Special Ability,Psionic Item Familiarity ~ Trait],[!PREABILITY:1,CATEGORY=Special Ability,TYPE.PsionicTrait]		DESC:You are very familiar with psionic and magic items.  This does not stack with Dangerously Curious.																																												BONUS:SKILL|Use Magic Device|1|TYPE=Trait				CSKILL:Use Magic Device	SOURCEPAGE:p.35
# NEEDS CODE/DATA WORK: Not yet implemented
Psionic Knack			KEY:Psionic Knack ~ Trait			CATEGORY:Special Ability	TYPE:Trait.BasicTrait.PsionicTrait											PREMULT:1,[PREABILITY:1,CATEGORY=Special Ability,Psionic Knack ~ Trait],[!PREABILITY:1,CATEGORY=Special Ability,TYPE.PsionicTrait]				DESC:Gain +2 to manifester level in chosen class, up to your current Hit Dice.																																																														SOURCEPAGE:p.36
Psionic Monster Familiarity	KEY:Psionic Monster Familiarity ~ Trait	CATEGORY:Special Ability	TYPE:Trait.BasicTrait.PsionicTrait											PREMULT:1,[PREABILITY:1,CATEGORY=Special Ability,Psionic Monster Familiarity ~ Trait],[!PREABILITY:1,CATEGORY=Special Ability,TYPE.PsionicTrait]	DESC:+2 bonus to Knowledge (Psionics) to identify creatures.																																																																	SOURCEPAGE:p.36
Psionic Power Focus		KEY:Psionic Power Focus ~ Trait		CATEGORY:Special Ability	TYPE:Trait.BasicTrait.PsionicTrait	!PREABILITY:1,CATEGORY=Special Ability,TYPE.PsionicTrait																										DESC:You can use a focused-only ability of the chosen first-level power even when not focused.			STACK:NO	MULT:YES	CHOOSE:SPELLS|SPELLTYPE=Psionic[KNOWN=YES;LEVELMIN=1;LEVELMAX=1]																																											SOURCEPAGE:p.36
Psionic Theory			KEY:Psionic Theory ~ Trait			CATEGORY:Special Ability	TYPE:Trait.BasicTrait.PsionicTrait											PREMULT:1,[PREABILITY:1,CATEGORY=Special Ability,Psionic Theory ~ Trait],[!PREABILITY:1,CATEGORY=Special Ability,TYPE.PsionicTrait]				DESC:+2 to Spellcraft checks when analyzing psionic powers or items.																																																																SOURCEPAGE:p.36
Psychokinetic Talent		KEY:Psychokinetic Talent ~ Trait		CATEGORY:Special Ability	TYPE:Trait.BasicTrait.PsionicTrait											PREMULT:1,[PREABILITY:1,CATEGORY=Special Ability,Psychokinetic Talent ~ Trait],[!PREABILITY:1,CATEGORY=Special Ability,TYPE.PsionicTrait]			DESC:Expend focus to manifest far hand.																																																																					SOURCEPAGE:p.36
Psychoportive Talent		KEY:Psychoportive Talent ~ Trait		CATEGORY:Special Ability	TYPE:Trait.BasicTrait.PsionicTrait											PREMULT:1,[PREABILITY:1,CATEGORY=Special Ability,Psychoportive Talent ~ Trait],[!PREABILITY:1,CATEGORY=Special Ability,TYPE.PsionicTrait]			DESC:Expend focus to take a five-foot step.																																																																				SOURCEPAGE:p.36
Telepathic Talent			KEY:Telepathic Talent ~ Trait			CATEGORY:Special Ability	TYPE:Trait.BasicTrait.PsionicTrait											PREMULT:1,[PREABILITY:1,CATEGORY=Special Ability,Telepathic Talent ~ Trait],[!PREABILITY:1,CATEGORY=Special Ability,TYPE.PsionicTrait]			DESC:Expend focus to gain +2 on saves vs. mind-affecting powers and psi-like abilities.																																																													SOURCEPAGE:p.36

###Block: Dream Traits
# Ability Name	Unique Key				Category of Ability		Type				Multiple Requirements																			Required Race				Description																							Source Page
Dream Seared	KEY:Dream Seared ~ Trait	CATEGORY:Special Ability	TYPE:Trait.DreamTrait	PREMULT:1,[PREABILITY:1,CATEGORY=Special Ability,Dream Seared ~ Trait],[!PREABILITY:1,CATEGORY=Special Ability,TYPE.DreamTrait]							DESC:+1 on saves vs. effects against sleeping mind.																SOURCEPAGE:p.36
Dreamless Sleep	KEY:Dreamless Sleep ~ Trait	CATEGORY:Special Ability	TYPE:Trait.DreamTrait	PREMULT:1,[PREABILITY:1,CATEGORY=Special Ability,Dreamless Sleep ~ Trait],[!PREABILITY:1,CATEGORY=Special Ability,TYPE.DreamTrait]							DESC:+1 on saves vs. dream-related effects; -1 to the DC of dream-related effects you use.									SOURCEPAGE:p.36
Lucid Dreaming	KEY:Lucid Dreaming ~ Trait	CATEGORY:Special Ability	TYPE:Trait.DreamTrait	PREMULT:1,[PREABILITY:1,CATEGORY=Special Ability,Lucid Dreaming ~ Trait],[!PREABILITY:1,CATEGORY=Special Ability,TYPE.DreamTrait]							DESC:You can recall dreams and things you have ddone while sleeping; you can use powers in dreams.								SOURCEPAGE:p.36


Goldsniffer		KEY:Goldsniffer ~ Trait		CATEGORY:Special Ability	TYPE:Trait.RaceTrait	PREMULT:1,[PREABILITY:1,CATEGORY=Special Ability,Goldsniffer ~ Trait],[!PREABILITY:1,CATEGORY=Special Ability,TYPE.RaceTrait]		PRERACE:1,Dwarf,RACESUBTYPE=Dwarf	DESC:Your keen senses lead you to hidden treasures. You gain a +2 trait bonus on Perception checks related to metals, jewels, and gemstones.	SOURCEPAGE:p.331

###Block: Race Traits
#Block: Blue
# Ability Name		Unique Key					Category of Ability		Type				Restricted Ability						Multiple Requirements																				Required Race		Description																				Stackable?	Multiple?	Choose					Bonus to skill				Class Skill								Source Page
Playing Dumb		KEY:Playing Dumb ~ Trait		CATEGORY:Special Ability	TYPE:Trait.RaceTrait										PREMULT:1,[PREABILITY:1,CATEGORY=Special Ability,Playing Dumb ~ Trait],[!PREABILITY:1,CATEGORY=Special Ability,TYPE.RaceTrait]		PRERACE:1,Blue		DESC:+2 on Bluff to appear less than you are.																																							SOURCEPAGE:p.36
Psionic Lineage		KEY:Psionic Lineage ~ Trait		CATEGORY:Special Ability	TYPE:Trait.RaceTrait	!PREABILITY:1,CATEGORY=Special Ability,TYPE.RaceTrait																								PRERACE:1,Blue		DESC:Metapsionic feats applied to chosen power cost 1 pp less.											STACK:NO	MULT:YES	CHOOSE:SPELLS|SPELLTYPE=Psionic																SOURCEPAGE:p.36

#Block: Dromite
Psychoenergetic Talent	KEY:Psychoenergetic Talent ~ Trait	CATEGORY:Special Ability	TYPE:Trait.RaceTrait										PREMULT:1,[PREABILITY:1,CATEGORY=Special Ability,Psychoenergetic Talent ~ Trait],[!PREABILITY:1,CATEGORY=Special Ability,TYPE.RaceTrait]	PRERACE:1,Dromite		DESC:Fire weakened energy ray when focused.																																							SOURCEPAGE:p.36
Sensitive Nose		KEY:Sensitive Nose ~ Trait		CATEGORY:Special Ability	TYPE:Trait.RaceTrait										PREMULT:1,[PREABILITY:1,CATEGORY=Special Ability,Sensitive Nose ~ Trait],[!PREABILITY:1,CATEGORY=Special Ability,TYPE.RaceTrait]		PRERACE:1,Dromite		DESC:+1 on Perception and Survival checks related to smell; -1 onsaves involving smells.																																SOURCEPAGE:p.36

#Block: Duergar
Psychic Buffer		KEY:Psychic Buffer ~ Trait		CATEGORY:Special Ability	TYPE:Trait.RaceTrait										PREMULT:1,[PREABILITY:1,CATEGORY=Special Ability,Psychic Buffer ~ Trait],[!PREABILITY:1,CATEGORY=Special Ability,TYPE.RaceTrait]		PRERACE:1,Duergar		DESC:+1 to Will saves vs. Telepathy powers.																																							SOURCEPAGE:p.36
Sense Dissonance		KEY:Sense Dissonance ~ Trait		CATEGORY:Special Ability	TYPE:Trait.RaceTrait										PREMULT:1,[PREABILITY:1,CATEGORY=Special Ability,Sense Dissonance ~ Trait],[!PREABILITY:1,CATEGORY=Special Ability,TYPE.RaceTrait]		PRERACE:1,Duergar		DESC:+2 to Sense Motive to sense enchantment and to get a hunch.																																				SOURCEPAGE:p.36

#Block: Elan
Fight Through the Pain	KEY:Fight Through the Pain ~ Trait	CATEGORY:Special Ability	TYPE:Trait.RaceTrait										PREMULT:1,[PREABILITY:1,CATEGORY=Special Ability,Fight Through the Pain ~ Trait],[!PREABILITY:1,CATEGORY=Special Ability,TYPE.RaceTrait]	PRERACE:1,Elan		DESC:+2 to Autohypnosis to resist caltrop wounds, stabilize yourself, or resist poison.																																SOURCEPAGE:p.37
Memories			KEY:Memories ~ Trait			CATEGORY:Special Ability	TYPE:Trait.RaceTrait										PREMULT:1,[PREABILITY:1,CATEGORY=Special Ability,Memories ~ Trait],[!PREABILITY:1,CATEGORY=Special Ability,TYPE.RaceTrait]			PRERACE:1,Elan		DESC:Your Charisma-based penalty does not apply against individuals you knew prior to becoming an elan.																													SOURCEPAGE:p.37

#Block: Half-Giant
Impressive Physique	KEY:Impressive Physique ~ Trait	CATEGORY:Special Ability	TYPE:Trait.RaceTrait										PREMULT:1,[PREABILITY:1,CATEGORY=Special Ability,Impressive Physique ~ Trait],[!PREABILITY:1,CATEGORY=Special Ability,TYPE.RaceTrait]	PRERACE:1,Half-Giant	DESC:+2 to Intimidate																												BONUS:SKILL|Intimidate|2|TYPE=Trait										SOURCEPAGE:p.37
Hot-Foot			KEY:Hot-Foot ~ Trait			CATEGORY:Special Ability	TYPE:Trait.RaceTrait										PREMULT:1,[PREABILITY:1,CATEGORY=Special Ability,Hot-Foot ~ Trait],[!PREABILITY:1,CATEGORY=Special Ability,TYPE.RaceTrait]			PRERACE:1,Half-Giant	DESC:Any creature you damage with a fire power takes 1 point of fire damage on their next turn.																															SOURCEPAGE:p.37

#Block: Maenad
# NEEDS CODE/DATA WORK: The +1 bonus is not implemented
Inner Peace			KEY:Inner Peace ~ Trait			CATEGORY:Special Ability	TYPE:Trait.RaceTrait										PREMULT:1,[PREABILITY:1,CATEGORY=Special Ability,Inner Peace ~ Trait],[!PREABILITY:1,CATEGORY=Special Ability,TYPE.RaceTrait]			PRERACE:1,Maenad		DESC:Knowledge (Religion) and Knowledge (Psionics) are class skills; gain +1 on them if they are already class skills.																		CSKILL:Knowledge (Religion)|Knowledge (Psionics)	SOURCEPAGE:p.37
Surge Protection		KEY:Surge Protection ~ Trait		CATEGORY:Special Ability	TYPE:Trait.RaceTrait										PREMULT:1,[PREABILITY:1,CATEGORY=Special Ability,Surge Protection ~ Trait],[!PREABILITY:1,CATEGORY=Special Ability,TYPE.RaceTrait]		PRERACE:1,Maenad		DESC:Take 1 less hp or pp damage from enervation (minimum 1).																																				SOURCEPAGE:p.37

#Block: Ophiduan
Beguiling Nature		KEY:Beguiling Nature ~ Trait		CATEGORY:Special Ability	TYPE:Trait.RaceTrait										PREMULT:1,[PREABILITY:1,CATEGORY=Special Ability,Beguiling Nature ~ Trait],[!PREABILITY:1,CATEGORY=Special Ability,TYPE.RaceTrait]		PRERACE:1,Ophiduan	DESC:+1 to all Charisma-based checks against creatures affected by one of your Telepathy powers.																														SOURCEPAGE:p.37
Infiltrator			KEY:Infiltrator ~ Trait			CATEGORY:Special Ability	TYPE:Trait.RaceTrait										PREMULT:1,[PREABILITY:1,CATEGORY=Special Ability,Infiltrator ~ Trait],[!PREABILITY:1,CATEGORY=Special Ability,TYPE.RaceTrait]			PRERACE:1,Ophiduan	DESC:+1 on Bluff and Diplomacy against non-ophiduan humanoids; Sense Motive is a class skill.																						CSKILL:Sense Motive						SOURCEPAGE:p.37

#Block: Xeph
Fancy Footwork		KEY:Fancy Footwork ~ Trait		CATEGORY:Special Ability	TYPE:Trait.RaceTrait										PREMULT:1,[PREABILITY:1,CATEGORY=Special Ability,Fancy Footwork ~ Trait],[!PREABILITY:1,CATEGORY=Special Ability,TYPE.RaceTrait]		PRERACE:1,Xeph		DESC:+1 dodge bonus to AC when using burst.																																							SOURCEPAGE:p.37
Resist Dampening		KEY:Resist Dampening ~ Trait		CATEGORY:Special Ability	TYPE:Trait.RaceTrait										PREMULT:1,[PREABILITY:1,CATEGORY=Special Ability,Resist Dampening ~ Trait],[!PREABILITY:1,CATEGORY=Special Ability,TYPE.RaceTrait]		PRERACE:1,Xeph		DESC:+1 to manifester level checks to bypass power resistance; +2 to create mind blade while inside a null psionics field.																										SOURCEPAGE:p.37
