# CVS $Revision$ $Author$ -- Wed Nov 18 23:00:07 2009 -- reformated by prettylst.pl v1.39 (build 10232)
SOURCELONG:Rise of the Runelords - Chapter 1: Burnt Offerings	SOURCESHORT:PF1	SOURCEWEB:http://paizo.com/pathfinder/v5748btpy7zkr	SOURCEDATE:2007-08

STARTPACK:Attic Whisperer Default	TYPE:DefaultMonster.Undead	VISIBLE:QUALIFY	EQUIPBUY:0	PREMULT:1,[!PRERACE:1,%],[PRERACE:1,Attic Whisperer]	SOURCEPAGE:p.92
RACE:Attic Whisperer	!PRERACE:1,%
NAME:Attic Whisperer
ALIGN:NE
SKILL:Bluff			RANK:6
SKILL:Climb			RANK:6
SKILL:Knowledge (Local)	RANK:6
SKILL:Perception		RANK:6
SKILL:Sense Motive	RANK:6
SKILL:Stealth		RANK:6
FEAT:Dodge
FEAT:Improved Initiative
FEAT:Weapon Finesse
STAT:STR=11|DEX=11|CON=10|INT=10|WIS=11|CHA=11

STARTPACK:Gecko (Giant) Default	TYPE:DefaultMonster.Animal	VISIBLE:QUALIFY	EQUIPBUY:0	PREMULT:1,[!PRERACE:1,%],[PRERACE:1,Gecko (Giant)]	SOURCEPAGE:p.89
RACE:Gecko (Giant)	!PRERACE:1,%
NAME:Giant Gecko
ALIGN:TN
SKILL:Acrobatics	RANK:2
FEAT:Improved Initiative
STAT:STR=11|DEX=11|CON=10|INT=10|WIS=10|CHA=10

STARTPACK:Goblin Snake Default	TYPE:DefaultMonster.Aberration	VISIBLE:QUALIFY	EQUIPBUY:0	PREMULT:1,[!PRERACE:1,%],[PRERACE:1,Goblin Snake]	SOURCEPAGE:p.88
RACE:Goblin Snake	!PRERACE:1,%
NAME:Goblin Snake
ALIGN:CE
SKILL:Bluff		RANK:1
SKILL:Intimidate	RANK:1
SKILL:Perception	RANK:2
SKILL:Stealth	RANK:2
FEAT:Alertness
STAT:STR=10|DEX=11|CON=10|INT=10|WIS=10|CHA=11

STARTPACK:Sandpoint Devil Default	TYPE:DefaultMonster.Outsider	VISIBLE:QUALIFY	EQUIPBUY:0	PREMULT:1,[!PRERACE:1,%],[PRERACE:1,Sandpoint Devil]	SOURCEPAGE:p.94
RACE:Sandpoint Devil	!PRERACE:1,%
NAME:The Sandpoint Devil
ALIGN:NE
SKILL:Climb				RANK:7
SKILL:Disguise			RANK:6
SKILL:Fly				RANK:4
SKILL:Intimidate			RANK:5
SKILL:Knowledge (Geography)	RANK:8
SKILL:Perception			RANK:10
SKILL:Stealth			RANK:12
SKILL:Survival			RANK:8
FEAT:Alertness
FEAT:Combat Reflexes
FEAT:Dodge
FEAT:Mobility
FEAT:Spring Attack
FEAT:Stealthy
STAT:STR=10|DEX=10|CON=10|INT=10|WIS=10|CHA=10

STARTPACK:Sinspawn Default	TYPE:DefaultMonster.Aberration	VISIBLE:QUALIFY	EQUIPBUY:0	PREMULT:1,[!PRERACE:1,%],[PRERACE:1,Sinspawn]	SOURCEPAGE:p.90
RACE:Sinspawn	!PRERACE:1,%
NAME:Sinspawn
ALIGN:NE
SKILL:Acrobatics	RANK:3
SKILL:Climb		RANK:3
SKILL:Intimidate	RANK:3
SKILL:Stealth	RANK:3
FEAT:Improved Initiative
FEAT:Multiattack
STAT:STR=11|DEX=10|CON=10|INT=10|WIS=11|CHA=10

STARTPACK:Sinspawn (Envyspawn) Default	TYPE:DefaultMonster.Aberration	VISIBLE:QUALIFY	EQUIPBUY:0	PREMULT:1,[!PRERACE:1,%],[PRERACE:1,Sinspawn (Envyspawn)]	SOURCEPAGE:p.91
RACE:Sinspawn (Envyspawn)	!PRERACE:1,%
NAME:Envyspawn
ALIGN:NE
SKILL:Acrobatics	RANK:3
SKILL:Climb		RANK:3
SKILL:Intimidate	RANK:3
SKILL:Stealth	RANK:3
FEAT:Improved Initiative
FEAT:Multiattack
STAT:STR=11|DEX=10|CON=10|INT=10|WIS=11|CHA=10

STARTPACK:Sinspawn (Gluttonspawn) Default	TYPE:DefaultMonster.Aberration	VISIBLE:QUALIFY	EQUIPBUY:0	PREMULT:1,[!PRERACE:1,%],[PRERACE:1,Sinspawn (Gluttonspawn)]	SOURCEPAGE:p.91
RACE:Sinspawn (Gluttonspawn)	!PRERACE:1,%
NAME:Envyspawn
ALIGN:NE
SKILL:Acrobatics	RANK:3
SKILL:Climb		RANK:3
SKILL:Intimidate	RANK:3
SKILL:Stealth	RANK:3
FEAT:Improved Initiative
FEAT:Multiattack
STAT:STR=11|DEX=10|CON=10|INT=10|WIS=11|CHA=10

STARTPACK:Sinspawn (Greedspawn) Default	TYPE:DefaultMonster.Aberration	VISIBLE:QUALIFY	EQUIPBUY:0	PREMULT:1,[!PRERACE:1,%],[PRERACE:1,Sinspawn (Greedspawn)]	SOURCEPAGE:p.91
RACE:Sinspawn (Greedspawn)	!PRERACE:1,%
NAME:Envyspawn
ALIGN:NE
SKILL:Acrobatics	RANK:3
SKILL:Climb		RANK:3
SKILL:Intimidate	RANK:3
SKILL:Stealth	RANK:3
FEAT:Improved Initiative
FEAT:Multiattack
STAT:STR=11|DEX=10|CON=10|INT=10|WIS=11|CHA=10

STARTPACK:Sinspawn (Lustspawn) Default	TYPE:DefaultMonster.Aberration	VISIBLE:QUALIFY	EQUIPBUY:0	PREMULT:1,[!PRERACE:1,%],[PRERACE:1,Sinspawn (Lustspawn)]	SOURCEPAGE:p.91
RACE:Sinspawn (Lustspawn)	!PRERACE:1,%
NAME:Envyspawn
ALIGN:NE
SKILL:Acrobatics	RANK:3
SKILL:Climb		RANK:3
SKILL:Intimidate	RANK:3
SKILL:Stealth	RANK:3
FEAT:Improved Initiative
FEAT:Multiattack
STAT:STR=11|DEX=10|CON=10|INT=10|WIS=11|CHA=10

STARTPACK:Sinspawn (Pridespawn) Default	TYPE:DefaultMonster.Aberration	VISIBLE:QUALIFY	EQUIPBUY:0	PREMULT:1,[!PRERACE:1,%],[PRERACE:1,Sinspawn (Pridespawn)]	SOURCEPAGE:p.91
RACE:Sinspawn (Pridespawn)	!PRERACE:1,%
NAME:Envyspawn
ALIGN:NE
SKILL:Acrobatics	RANK:3
SKILL:Climb		RANK:3
SKILL:Intimidate	RANK:3
SKILL:Stealth	RANK:3
FEAT:Improved Initiative
FEAT:Multiattack
STAT:STR=11|DEX=10|CON=10|INT=10|WIS=11|CHA=10

STARTPACK:Sinspawn (Slothspawn) Default	TYPE:DefaultMonster.Aberration	VISIBLE:QUALIFY	EQUIPBUY:0	PREMULT:1,[!PRERACE:1,%],[PRERACE:1,Sinspawn (Slothspawn)]	SOURCEPAGE:p.91
RACE:Sinspawn (Slothspawn)	!PRERACE:1,%
NAME:Envyspawn
ALIGN:NE
SKILL:Acrobatics	RANK:3
SKILL:Climb		RANK:3
SKILL:Intimidate	RANK:3
SKILL:Stealth	RANK:3
FEAT:Improved Initiative
FEAT:Multiattack
STAT:STR=11|DEX=10|CON=10|INT=10|WIS=11|CHA=10
