# CVS $Revision$ $Author$ -- Wed Sep  3 00:18:24 2014 -- reformated by prettylst.pl v1.51 (build 24947)
SOURCELONG:Gods	SOURCESHORT:Gods	SOURCEWEB:http://alderac.com/d20	SOURCEDATE:2002-05

###Block: Hidden Abilities
# Ability Name			Unique Key			Category of Ability		Type						Visible	Special ABility																						Define																									Description						Stackable?	Multiple?	Choose				Modify VAR
Rebuke Giants							CATEGORY:Special Ability	TYPE:Turning.TurnGiant			VISIBLE:NO	DESC:%1/day (turn level %2) (turn damage %3d%4+%5)|TurnTimesGiant|TurnLevelGiant|TurnDiceGiant|TurnDieSizeGiant|TurnDamagePlusGiant	DEFINE:TurnTimesGiant|0	DEFINE:TurnLevelGiant|0	DEFINE:TurnDiceGiant|0	DEFINE:TurnDieSizeGiant|0	DEFINE:TurnDamagePlusGiant|0	DEFINE:TurnCheckGiant|0																	BONUS:VAR|TurnTimesGiant|TurnTimesBase	BONUS:VAR|TurnLevelGiant|TurnLevelBase	BONUS:VAR|TurnDiceGiant|TurnDiceBase	BONUS:VAR|TurnDieSizeGiant|TurnDieSizeBase	BONUS:VAR|TurnDamagePlusGiant|TurnDamagePlusBase	BONUS:VAR|TurnCheckGiant|TurnCheckBase

#Voice of Thunder	CATEGORY:Special Ability	TYPE:SpecialQuality
Bounty of Vendak							CATEGORY:Special Ability	TYPE:SpecialQuality
Voice of Vendak							CATEGORY:Special Ability	TYPE:SpecialQuality

#Issue: Rebuke Giants table isn't showing up on the OS.
Hunter Favored Humanoid Enemy	KEY:HHFavored Enemy	CATEGORY:Special Ability	TYPE:ClassFeatures.SpecialQuality	VISIBLE:YES																																																			DESC:Favored Humanoid Enemy (%1)|%CHOICE	STACK:NO	MULT:YES	CHOOSE:RACE|RACETYPE=Humanoid


###Block: Favored Enemies
# Ability Name					Output Name							Category of Ability		Type				Visible	Special ABility					Multiple?	Source Page
#HH Favored Enemy (Humanoid (Aquatic))	OUTPUTNAME:Favored Enemy (Humanoid (Aquatic))	CATEGORY:Special Ability	TYPE:HHFavoredEnemy	VISIBLE:YES	SAB:Favored Enemy (Humanoid (Aquatic))	MULT:NO	SOURCEPAGE:p.73
#HH Favored Enemy (Humanoid (Dwarf))		OUTPUTNAME:Favored Enemy (Humanoid (Dwarf))	CATEGORY:Special Ability	TYPE:HHFavoredEnemy	VISIBLE:YES	SAB:Favored Enemy (Humanoid (Dwarf))	MULT:NO	SOURCEPAGE:p.73
#HH Favored Enemy (Humanoid (Elf))		OUTPUTNAME:Favored Enemy (Humanoid (Elf))		CATEGORY:Special Ability	TYPE:HHFavoredEnemy	VISIBLE:YES	SAB:Favored Enemy (Humanoid (Elf))		MULT:NO	SOURCEPAGE:p.73
#HH Favored Enemy (Humanoid (Goblinoid))	OUTPUTNAME:Favored Enemy (Humanoid (Goblinoid))	CATEGORY:Special Ability	TYPE:HHFavoredEnemy	VISIBLE:YES	SAB:Favored Enemy (Humanoid (Goblinoid))	MULT:NO	SOURCEPAGE:p.73
#HH Favored Enemy (Humanoid (Gnoll))		OUTPUTNAME:Favored Enemy (Humanoid (Gnoll))	CATEGORY:Special Ability	TYPE:HHFavoredEnemy	VISIBLE:YES	SAB:Favored Enemy (Humanoid (Gnoll))	MULT:NO	SOURCEPAGE:p.73
#HH Favored Enemy (Humanoid (Gnome))		OUTPUTNAME:Favored Enemy (Humanoid (Gnome))	CATEGORY:Special Ability	TYPE:HHFavoredEnemy	VISIBLE:YES	SAB:Favored Enemy (Humanoid (Gnome))	MULT:NO	SOURCEPAGE:p.73
#HH Favored Enemy (Humanoid (Halfling))	OUTPUTNAME:Favored Enemy (Humanoid (Halfling))	CATEGORY:Special Ability	TYPE:HHFavoredEnemy	VISIBLE:YES	SAB:Favored Enemy (Humanoid (Halfling))	MULT:NO	SOURCEPAGE:p.73
#HH Favored Enemy (Humanoid (Human))		OUTPUTNAME:Favored Enemy (Humanoid (Human))	CATEGORY:Special Ability	TYPE:HHFavoredEnemy	VISIBLE:YES	SAB:Favored Enemy (Humanoid (Human))	MULT:NO	SOURCEPAGE:p.73
#HH Favored Enemy (Humanoid (Orc))		OUTPUTNAME:Favored Enemy (Humanoid (Orc))		CATEGORY:Special Ability	TYPE:HHFavoredEnemy	VISIBLE:YES	SAB:Favored Enemy (Humanoid (Orc))		MULT:NO	SOURCEPAGE:p.73
#HH Favored Enemy (Humanoid (Reptilian))	OUTPUTNAME:Favored Enemy (Humanoid (Reptilian))	CATEGORY:Special Ability	TYPE:HHFavoredEnemy	VISIBLE:YES	SAB:Favored Enemy (Humanoid (Reptilian))	MULT:NO	SOURCEPAGE:p.73

###Block: Bonus Known Spells (Complete)
# Ability Name		Category of Ability		Type				Visible		Req. Spell Type		Required Text														Stackable?	Multiple?	Choose		Bonus to spell known/L
Bonus Known Spell 1	CATEGORY:Special Ability	TYPE:KSBonusKnownSpell	VISIBLE:DISPLAY	PRESPELLTYPE:1,Arcane=1	PRETEXT:May not take more than one bonus known spell in the highest spell level avaialable.	STACK:YES	MULT:YES	CHOOSE:NOCHOICE	BONUS:SPELLKNOWN|TYPE=Arcane;LEVEL=1|1
Bonus Known Spell 2	CATEGORY:Special Ability	TYPE:KSBonusKnownSpell	VISIBLE:DISPLAY	PRESPELLTYPE:1,Arcane=2	PRETEXT:May not take more than one bonus known spell in the highest spell level avaialable.	STACK:YES	MULT:YES	CHOOSE:NOCHOICE	BONUS:SPELLKNOWN|TYPE=Arcane;LEVEL=2|1
Bonus Known Spell 3	CATEGORY:Special Ability	TYPE:KSBonusKnownSpell	VISIBLE:DISPLAY	PRESPELLTYPE:1,Arcane=3	PRETEXT:May not take more than one bonus known spell in the highest spell level avaialable.	STACK:YES	MULT:YES	CHOOSE:NOCHOICE	BONUS:SPELLKNOWN|TYPE=Arcane;LEVEL=3|1
Bonus Known Spell 4	CATEGORY:Special Ability	TYPE:KSBonusKnownSpell	VISIBLE:DISPLAY	PRESPELLTYPE:1,Arcane=4	PRETEXT:May not take more than one bonus known spell in the highest spell level avaialable.	STACK:YES	MULT:YES	CHOOSE:NOCHOICE	BONUS:SPELLKNOWN|TYPE=Arcane;LEVEL=4|1
Bonus Known Spell 5	CATEGORY:Special Ability	TYPE:KSBonusKnownSpell	VISIBLE:DISPLAY	PRESPELLTYPE:1,Arcane=5	PRETEXT:May not take more than one bonus known spell in the highest spell level avaialable.	STACK:YES	MULT:YES	CHOOSE:NOCHOICE	BONUS:SPELLKNOWN|TYPE=Arcane;LEVEL=5|1
Bonus Known Spell 6	CATEGORY:Special Ability	TYPE:KSBonusKnownSpell	VISIBLE:DISPLAY	PRESPELLTYPE:1,Arcane=6	PRETEXT:May not take more than one bonus known spell in the highest spell level avaialable.	STACK:YES	MULT:YES	CHOOSE:NOCHOICE	BONUS:SPELLKNOWN|TYPE=Arcane;LEVEL=6|1
Bonus Known Spell 7	CATEGORY:Special Ability	TYPE:KSBonusKnownSpell	VISIBLE:DISPLAY	PRESPELLTYPE:1,Arcane=7	PRETEXT:May not take more than one bonus known spell in the highest spell level avaialable.	STACK:YES	MULT:YES	CHOOSE:NOCHOICE	BONUS:SPELLKNOWN|TYPE=Arcane;LEVEL=7|1
Bonus Known Spell 8	CATEGORY:Special Ability	TYPE:KSBonusKnownSpell	VISIBLE:DISPLAY	PRESPELLTYPE:1,Arcane=8	PRETEXT:May not take more than one bonus known spell in the highest spell level avaialable.	STACK:YES	MULT:YES	CHOOSE:NOCHOICE	BONUS:SPELLKNOWN|TYPE=Arcane;LEVEL=8|1
Bonus Known Spell 9	CATEGORY:Special Ability	TYPE:KSBonusKnownSpell	VISIBLE:DISPLAY	PRESPELLTYPE:1,Arcane=9	PRETEXT:May not take more than one bonus known spell in the highest spell level avaialable.	STACK:YES	MULT:YES	CHOOSE:NOCHOICE	BONUS:SPELLKNOWN|TYPE=Arcane;LEVEL=9|1


#Humanoid Hunter Favored Enemy Abilities
# Ability Name			Output Name						Category of Ability		Type				Visible	Required Ability																																																																																																																																																																																																																										Special ABility																																			Define													Innate Spells																																					Stackable?	Multiple?	Choose																																	Template				Move			Automaticaly Gained Weapon Prof.		Combat bonus				Adjust PC Size				Bonus to skill									Stat bonus					Modify VAR																											Class Skill			Vision				Damage Reduction	Natural Attacks
#HHFavored Enemy II		OUTPUTNAME:Favored Enemy II			CATEGORY:Special Ability	TYPE:HHFavoredEnemy	VISIBLE:DISPLAY						PREABILITY:1,CATEGORY=Special Ability,HHFavored Enemy I																																																																																																																																																														SAB:Favored humanoid enemy (%CHOICE) +%|FavoredEnemy2						DEFINE:FavoredEnemy2|HHFavoredEnemies-1																														MULT:YES	CHOOSE:STRING|NUMCHOICES=1|Human|Dwarf|Elf|Gnome|Halfling|Orc|Gnoll|Goblinoid|Aquatic|Reptilian		BONUS:VAR|HHFavoredEnemies|1
#HHFavored Enemy III		OUTPUTNAME:Favored Enemy III			CATEGORY:Special Ability	TYPE:HHFavoredEnemy	VISIBLE:DISPLAY					PREABILITY:2,CATEGORY=Special Ability,HHFavored Enemy I,HHFavored Enemy II																																																																																																																																											SAB:Favored humanoid enemy (%CHOICE) +%|FavoredEnemy3						DEFINE:FavoredEnemy3|HHFavoredEnemies-2																														MULT:YES	CHOOSE:STRING|NUMCHOICES=1|Human|Dwarf|Elf|Gnome|halfling|Orc|Gnoll|Goblinoid|Aquatic|Reptilian		BONUS:VAR|HHFavoredEnemies|1
#HHFavored Enemy IV		OUTPUTNAME:Favored Enemy IV			CATEGORY:Special Ability	TYPE:HHFavoredEnemy	VISIBLE:DISPLAY						PREABILITY:3,CATEGORY=Special Ability,HHFavored Enemy I,HHFavored Enemy II,HHFavored Enemy III																																																																																																																							SAB:Favored humanoid enemy (%CHOICE) +%|FavoredEnemy4						DEFINE:FavoredEnemy4|HHFavoredEnemies-3																														MULT:YES	CHOOSE:STRING|NUMCHOICES=1|Human|Dwarf|Elf|Gnome|Halfling|Orc|Gnoll|Goblinoid|Aquatic|Reptilian		BONUS:VAR|HHFavoredEnemies|1
#HHFavored Enemy V			OUTPUTNAME:Favored Enemy V			CATEGORY:Special Ability	TYPE:HHFavoredEnemy	VISIBLE:DISPLAY					PREABILITY:4,CATEGORY=Special Ability,HHFavored Enemy I,HHFavored Enemy II,HHFavored Enemy III,HHFavored Enemy IV																																																																																																				SAB:Favored humanoid enemy (%CHOICE) +%|FavoredEnemy5						DEFINE:FavoredEnemy5|HHFavoredEnemies-4																														MULT:YES	CHOOSE:STRING|NUMCHOICES=1|Human|Dwarf|Elf|Gnome|Halfling|Orc|Gnoll|Goblinoid|Aquatic|Reptilian		BONUS:VAR|HHFavoredEnemies|1
#HHFavored Enemy VI		OUTPUTNAME:Favored Enemy VI			CATEGORY:Special Ability	TYPE:HHFavoredEnemy	VISIBLE:DISPLAY						PREABILITY:5,CATEGORY=Special Ability,HHFavored Enemy I,HHFavored Enemy II,HHFavored Enemy III,HHFavored Enemy IV,HHFavored Enemy V																																																																																		SAB:Favored humanoid enemy (%CHOICE) +%|FavoredEnemy5						DEFINE:FavoredEnemy5|HHFavoredEnemies-5																														MULT:YES	CHOOSE:STRING|NUMCHOICES=1|Human|Dwarf|Elf|Gnome|Halfling|Orc|Gnoll|Goblinoid|Aquatic|Reptilian		BONUS:VAR|HHFavoredEnemies|1
#HHFavored Enemy VII		OUTPUTNAME:Favored Enemy VII			CATEGORY:Special Ability	TYPE:HHFavoredEnemy	VISIBLE:DISPLAY					PREABILITY:6,CATEGORY=Special Ability,HHFavored Enemy I,HHFavored Enemy II,HHFavored Enemy III,HHFavored Enemy IV,HHFavored Enemy V,HHFavored Enemy VI																																																															SAB:Favored humanoid enemy (%CHOICE) +%|FavoredEnemy5						DEFINE:FavoredEnemy5|HHFavoredEnemies-6																														MULT:YES	CHOOSE:STRING|NUMCHOICES=1|Human|Dwarf|Elf|Gnome|Halfling|Orc|Gnoll|Goblinoid|Aquatic|Reptilian		BONUS:VAR|HHFavoredEnemies|1
#HHFavored Enemy VIII		OUTPUTNAME:Favored Enemy VIII			CATEGORY:Special Ability	TYPE:HHFavoredEnemy	VISIBLE:DISPLAY	PREABILITY:7,CATEGORY=Special Ability,HHFavored Enemy I,HHFavored Enemy II,HHFavored Enemy III,HHFavored Enemy IV,HHFavored Enemy V,HHFavored Enemy VI,HHFavored Enemy VII																																											SAB:Favored humanoid enemy (%CHOICE) +%|FavoredEnemy5						DEFINE:FavoredEnemy5|HHFavoredEnemies-7																														MULT:YES	CHOOSE:STRING|NUMCHOICES=1|Human|Dwarf|Elf|Gnome|Halfling|Orc|Gnoll|Goblinoid|Aquatic|Reptilian		BONUS:VAR|HHFavoredEnemies|1
#HHFavored Enemy IX		OUTPUTNAME:Favored Enemy IX			CATEGORY:Special Ability	TYPE:HHFavoredEnemy	VISIBLE:DISPLAY						PREABILITY:8,CATEGORY=Special Ability,HHFavored Enemy I,HHFavored Enemy II,HHFavored Enemy III,HHFavored Enemy IV,HHFavored Enemy V,HHFavored Enemy VI,HHFavored Enemy VII,HHFavored Enemy VIII																						SAB:Favored humanoid enemy (%CHOICE) +%|FavoredEnemy5						DEFINE:FavoredEnemy5|HHFavoredEnemies-8																														MULT:YES	CHOOSE:STRING|NUMCHOICES=1|Human|Dwarf|Elf|Gnome|Halfling|Orc|Gnoll|Goblinoid|Aquatic|Reptilian		BONUS:VAR|HHFavoredEnemies|1
#HHFavored Enemy X			OUTPUTNAME:Favored Enemy X			CATEGORY:Special Ability	TYPE:HHFavoredEnemy	VISIBLE:DISPLAY					PREABILITY:9,CATEGORY=Special Ability,HHFavored Enemy I,HHFavored Enemy II,HHFavored Enemy III,HHFavored Enemy IV,HHFavored Enemy V,HHFavored Enemy VI,HHFavored Enemy VII,HHFavored Enemy VIII,HHFavored Enemy IX			SAB:Favored humanoid enemy (%CHOICE) +%|FavoredEnemy5						DEFINE:FavoredEnemy5|HHFavoredEnemies-9																														MULT:YES	CHOOSE:STRING|NUMCHOICES=1|Human|Dwarf|Elf|Gnome|Halfling|Orc|Gnoll|Goblinoid|Aquatic|Reptilian		BONUS:VAR|HHFavoredEnemies|1


###Block: Barbarian Totem Animal Templates

# Ability Name	Category of Ability		Type					Visible	Special ABility		Template			Virtual Feat	Ability
Totem (Badger)	CATEGORY:Special Ability	TYPE:BarbarianTotemSelection	VISIBLE:NO	SAB:Rage (Ex)									ABILITY:Special Ability|AUTOMATIC|Rage
Totem (Bat)		CATEGORY:Special Ability	TYPE:BarbarianTotemSelection	VISIBLE:NO	SAB:Blindsight (Ex)
Totem (Bear)	CATEGORY:Special Ability	TYPE:BarbarianTotemSelection	VISIBLE:NO	SAB:Tough (Ex)
Totem (Boar)	CATEGORY:Special Ability	TYPE:BarbarianTotemSelection	VISIBLE:NO	SAB:Ferocity (Ex)
Totem (Camel)	CATEGORY:Special Ability	TYPE:BarbarianTotemSelection	VISIBLE:NO	SAB:Hardiness (Ex)
Totem (Cat)		CATEGORY:Special Ability	TYPE:BarbarianTotemSelection	VISIBLE:NO	SAB:Cat's Paw (Ex)
Totem (Cheetah)	CATEGORY:Special Ability	TYPE:BarbarianTotemSelection	VISIBLE:NO	SAB:Sprint (Ex)
Totem (Crocodile)	CATEGORY:Special Ability	TYPE:BarbarianTotemSelection	VISIBLE:NO	SAB:Crocodile Hide (Ex)
Totem (Dog)		CATEGORY:Special Ability	TYPE:BarbarianTotemSelection	VISIBLE:NO	SAB:Bloodhound (Ex)					ABILITY:FEAT|VIRTUAL|Track
Totem (Eagle)	CATEGORY:Special Ability	TYPE:BarbarianTotemSelection	VISIBLE:NO	SAB:Eagle Sight (Ex)
Totem (Hawk)	CATEGORY:Special Ability	TYPE:BarbarianTotemSelection	VISIBLE:NO	SAB:Hawk Eyes (Ex)
Totem (Horse)	CATEGORY:Special Ability	TYPE:BarbarianTotemSelection	VISIBLE:NO	SAB:Union (Ex)
Totem (Lion)	CATEGORY:Special Ability	TYPE:BarbarianTotemSelection	VISIBLE:NO	SAB:Pounce (Ex)
Totem (Lizard)	CATEGORY:Special Ability	TYPE:BarbarianTotemSelection	VISIBLE:NO	SAB:Lizard Climb (Ex)
Totem (Monkey)	CATEGORY:Special Ability	TYPE:BarbarianTotemSelection	VISIBLE:NO	SAB:Monkey Paws (Ex)
Totem (Owl)		CATEGORY:Special Ability	TYPE:BarbarianTotemSelection	VISIBLE:NO	SAB:Owl Sight (Ex)
Totem (Rat)		CATEGORY:Special Ability	TYPE:BarbarianTotemSelection	VISIBLE:NO	SAB:Rat's Paws (Ex)
Totem (Raven)	CATEGORY:Special Ability	TYPE:BarbarianTotemSelection	VISIBLE:NO	SAB:Clairvoyance (Ex)
Totem (Stag)	CATEGORY:Special Ability	TYPE:BarbarianTotemSelection	VISIBLE:NO	SAB:Endurance (Ex)	TEMPLATE:Totem (Stag)
Totem (Snake)	CATEGORY:Special Ability	TYPE:BarbarianTotemSelection	VISIBLE:NO	SAB:Venomous Bite (Ex)
Totem (Tiger)	CATEGORY:Special Ability	TYPE:BarbarianTotemSelection	VISIBLE:NO	SAB:Ambush (Ex)
Totem (Weasle)	CATEGORY:Special Ability	TYPE:BarbarianTotemSelection	VISIBLE:NO	SAB:Wild Weasel (Ex)
Totem (Wolf)	CATEGORY:Special Ability	TYPE:BarbarianTotemSelection	VISIBLE:NO	SAB:Wolf Scent (Ex)
Totem (Wolverine)	CATEGORY:Special Ability	TYPE:BarbarianTotemSelection	VISIBLE:NO	SAB:Wolverine Totem								ABILITY:Special Ability|AUTOMATIC|Rage



#
# End
#
