#SOURCELONG:Fantasy Craft	SOURCESHORT:FC	SOURCEDATE:2011-04
#Original Entry By: Crafty Games, Inc - courtesy of Dragon Dark Lord

Nuisance		ABB:N	DISPLAYNAME:Nuisance	BONUS:COMBAT|AC|16|TYPE=Size	BONUS:SKILL|Sneak|20|TYPE=Size	BONUS:VAR|WoundPointSizeMod|CONSCORE*1/8
N.MOD		BONUS:VAR|BiteDamageDice|1	BONUS:VAR|BiteDamageSize|4
N.MOD		BONUS:VAR|ClawDamageDice|1	BONUS:VAR|ClawDamageSize|3
N.MOD		BONUS:VAR|KickDamageDice|1	BONUS:VAR|KickDamageSize|3
N.MOD		BONUS:VAR|SlamDamageDice|1	BONUS:VAR|SlamDamageSize|3
N.MOD		BONUS:VAR|TalonDamageDice|1	BONUS:VAR|TalonDamageSize|3
N.MOD		BONUS:VAR|GoreDamageDice|1	BONUS:VAR|GoreDamageSize|3
N.MOD		BONUS:VAR|SqueezeDamageDice|1	BONUS:VAR|SqueezeDamageSize|6
N.MOD		BONUS:VAR|SwallowDamageDice|1	BONUS:VAR|SwallowDamageSize|6
N.MOD		BONUS:VAR|TailDamageDice|1	BONUS:VAR|TailDamageSize|4
N.MOD		BONUS:VAR|TentacleDamageDice|1	BONUS:VAR|TentacleDamageSize|4
N.MOD		BONUS:VAR|TrampleDamageDice|1	BONUS:VAR|TrampleDamageSize|4
#
Fine		ABB:F	DISPLAYNAME:Fine	BONUS:COMBAT|AC|8|TYPE=Size	BONUS:SKILL|Sneak|16|TYPE=Size	BONUS:VAR|WoundPointSizeMod|CONSCORE*1/4
F.MOD		BONUS:VAR|BiteDamageDice|1	BONUS:VAR|BiteDamageSize|4
F.MOD		BONUS:VAR|ClawDamageDice|1	BONUS:VAR|ClawDamageSize|3
F.MOD		BONUS:VAR|KickDamageDice|1	BONUS:VAR|KickDamageSize|3
F.MOD		BONUS:VAR|SlamDamageDice|1	BONUS:VAR|SlamDamageSize|3
F.MOD		BONUS:VAR|TalonDamageDice|1	BONUS:VAR|TalonDamageSize|3
F.MOD		BONUS:VAR|GoreDamageDice|1	BONUS:VAR|GoreDamageSize|3
F.MOD		BONUS:VAR|SqueezeDamageDice|1	BONUS:VAR|SqueezeDamageSize|6
F.MOD		BONUS:VAR|SwallowDamageDice|1	BONUS:VAR|SwallowDamageSize|6
F.MOD		BONUS:VAR|TailDamageDice|1	BONUS:VAR|TailDamageSize|4
F.MOD		BONUS:VAR|TentacleDamageDice|1	BONUS:VAR|TentacleDamageSize|4
F.MOD		BONUS:VAR|TrampleDamageDice|1	BONUS:VAR|TrampleDamageSize|4
#
Diminutive	ABB:D	DISPLAYNAME:Diminutive	BONUS:COMBAT|AC|4|TYPE=Size	BONUS:SKILL|Sneak|12|TYPE=Size	BONUS:VAR|WoundPointSizeMod|CONSCORE*1/3
D.MOD	BONUS:VAR|BiteDamageDice|1	BONUS:VAR|BiteDamageSize|4
D.MOD	BONUS:VAR|ClawDamageDice|1	BONUS:VAR|ClawDamageSize|3
D.MOD	BONUS:VAR|KickDamageDice|1	BONUS:VAR|KickDamageSize|3
D.MOD	BONUS:VAR|SlamDamageDice|1	BONUS:VAR|SlamDamageSize|3
D.MOD	BONUS:VAR|TalonDamageDice|1	BONUS:VAR|TalonDamageSize|3
D.MOD	BONUS:VAR|GoreDamageDice|1	BONUS:VAR|GoreDamageSize|3
D.MOD	BONUS:VAR|SqueezeDamageDice|1	BONUS:VAR|SqueezeDamageSize|6
D.MOD	BONUS:VAR|SwallowDamageDice|1	BONUS:VAR|SwallowDamageSize|6
D.MOD	BONUS:VAR|TailDamageDice|1	BONUS:VAR|TailDamageSize|4
D.MOD	BONUS:VAR|TentacleDamageDice|1	BONUS:VAR|TentacleDamageSize|4
D.MOD	BONUS:VAR|TrampleDamageDice|1	BONUS:VAR|TrampleDamageSize|4
#
Tiny		ABB:T	DISPLAYNAME:Tiny	BONUS:COMBAT|AC|2|TYPE=Size	BONUS:SKILL|Sneak|8|TYPE=Size	BONUS:VAR|WoundPointSizeMod|CONSCORE*1/2
T.MOD		BONUS:VAR|BiteDamageDice|1	BONUS:VAR|BiteDamageSize|4
T.MOD		BONUS:VAR|ClawDamageDice|1	BONUS:VAR|ClawDamageSize|3
T.MOD		BONUS:VAR|KickDamageDice|1	BONUS:VAR|KickDamageSize|3
T.MOD		BONUS:VAR|SlamDamageDice|1	BONUS:VAR|SlamDamageSize|3
T.MOD		BONUS:VAR|TalonDamageDice|1	BONUS:VAR|TalonDamageSize|3
T.MOD		BONUS:VAR|GoreDamageDice|1	BONUS:VAR|GoreDamageSize|3
T.MOD		BONUS:VAR|SqueezeDamageDice|1	BONUS:VAR|SqueezeDamageSize|6
T.MOD		BONUS:VAR|SwallowDamageDice|1	BONUS:VAR|SwallowDamageSize|6
T.MOD		BONUS:VAR|TailDamageDice|1	BONUS:VAR|TailDamageSize|4
T.MOD		BONUS:VAR|TentacleDamageDice|1	BONUS:VAR|TentacleDamageSize|4
T.MOD		BONUS:VAR|TrampleDamageDice|1	BONUS:VAR|TrampleDamageSize|4
#
Small		ABB:S	DISPLAYNAME:Small	BONUS:COMBAT|AC|1|TYPE=Size	BONUS:SKILL|Sneak|4|TYPE=Size	BONUS:VAR|WoundPointSizeMod|CONSCORE*2/3
S.MOD		BONUS:VAR|BiteDamageDice|1	BONUS:VAR|BiteDamageSize|6
S.MOD		BONUS:VAR|ClawDamageDice|1	BONUS:VAR|ClawDamageSize|4
S.MOD		BONUS:VAR|KickDamageDice|1	BONUS:VAR|KickDamageSize|4
S.MOD		BONUS:VAR|SlamDamageDice|1	BONUS:VAR|SlamDamageSize|4
S.MOD		BONUS:VAR|TalonDamageDice|1	BONUS:VAR|TalonDamageSize|4
S.MOD		BONUS:VAR|GoreDamageDice|1	BONUS:VAR|GoreDamageSize|4
S.MOD		BONUS:VAR|SqueezeDamageDice|1	BONUS:VAR|SqueezeDamageSize|8
S.MOD		BONUS:VAR|SwallowDamageDice|1	BONUS:VAR|SwallowDamageSize|8
S.MOD		BONUS:VAR|TailDamageDice|1	BONUS:VAR|TailDamageSize|6
S.MOD		BONUS:VAR|TentacleDamageDice|1	BONUS:VAR|TentacleDamageSize|6
S.MOD		BONUS:VAR|TrampleDamageDice|1	BONUS:VAR|TrampleDamageSize|6
#
Medium		ABB:M	DISPLAYNAME:Medium		ISDEFAULTSIZE:Y		BONUS:VAR|WoundPointSizeMod|CONSCORE
M.MOD		BONUS:VAR|BiteDamageDice|1	BONUS:VAR|BiteDamageSize|8
M.MOD		BONUS:VAR|ClawDamageDice|1	BONUS:VAR|ClawDamageSize|6
M.MOD		BONUS:VAR|KickDamageDice|1	BONUS:VAR|KickDamageSize|6
M.MOD		BONUS:VAR|SlamDamageDice|1	BONUS:VAR|SlamDamageSize|6
M.MOD		BONUS:VAR|TalonDamageDice|1	BONUS:VAR|TalonDamageSize|6
M.MOD		BONUS:VAR|GoreDamageDice|1	BONUS:VAR|GoreDamageSize|6
M.MOD		BONUS:VAR|SqueezeDamageDice|1	BONUS:VAR|SqueezeDamageSize|10
M.MOD		BONUS:VAR|SwallowDamageDice|1	BONUS:VAR|SwallowDamageSize|10
M.MOD		BONUS:VAR|TailDamageDice|1	BONUS:VAR|TailDamageSize|8
M.MOD		BONUS:VAR|TentacleDamageDice|1	BONUS:VAR|TentacleDamageSize|8
M.MOD		BONUS:VAR|TrampleDamageDice|1	BONUS:VAR|TrampleDamageSize|8
#
Large		ABB:L	DISPLAYNAME:Large	BONUS:COMBAT|AC|-1|TYPE=Size	BONUS:SKILL|Sneak|-4|TYPE=Size	BONUS:VAR|WoundPointSizeMod|CONSCORE+(CONSCORE*1/2)
L.MOD		BONUS:VAR|BiteDamageDice|1	BONUS:VAR|BiteDamageSize|10
L.MOD		BONUS:VAR|ClawDamageDice|1	BONUS:VAR|ClawDamageSize|8
L.MOD		BONUS:VAR|KickDamageDice|1	BONUS:VAR|KickDamageSize|8
L.MOD		BONUS:VAR|SlamDamageDice|1	BONUS:VAR|SlamDamageSize|8
L.MOD		BONUS:VAR|TalonDamageDice|1	BONUS:VAR|TalonDamageSize|8
L.MOD		BONUS:VAR|GoreDamageDice|1	BONUS:VAR|GoreDamageSize|8
L.MOD		BONUS:VAR|SqueezeDamageDice|1	BONUS:VAR|SqueezeDamageSize|12
L.MOD		BONUS:VAR|SwallowDamageDice|1	BONUS:VAR|SwallowDamageSize|12
L.MOD		BONUS:VAR|TailDamageDice|1	BONUS:VAR|TailDamageSize|10
L.MOD		BONUS:VAR|TentacleDamageDice|1	BONUS:VAR|TentacleDamageSize|10
L.MOD		BONUS:VAR|TrampleDamageDice|1	BONUS:VAR|TrampleDamageSize|10
#
Huge		ABB:H	DISPLAYNAME:Huge	BONUS:COMBAT|AC|-2|TYPE=Size	BONUS:SKILL|Sneak|-8|TYPE=Size	BONUS:VAR|WoundPointSizeMod|CONSCORE*2
H.MOD		BONUS:VAR|BiteDamageDice|1	BONUS:VAR|BiteDamageSize|12
H.MOD		BONUS:VAR|ClawDamageDice|1	BONUS:VAR|ClawDamageSize|10
H.MOD		BONUS:VAR|KickDamageDice|1	BONUS:VAR|KickDamageSize|10
H.MOD		BONUS:VAR|SlamDamageDice|1	BONUS:VAR|SlamDamageSize|10
H.MOD		BONUS:VAR|TalonDamageDice|1	BONUS:VAR|TalonDamageSize|10
H.MOD		BONUS:VAR|GoreDamageDice|1	BONUS:VAR|GoreDamageSize|10
H.MOD		BONUS:VAR|SqueezeDamageDice|2	BONUS:VAR|SqueezeDamageSize|8
H.MOD		BONUS:VAR|SwallowDamageDice|2	BONUS:VAR|SwallowDamageSize|8
H.MOD		BONUS:VAR|TailDamageDice|1	BONUS:VAR|TailDamageSize|12
H.MOD		BONUS:VAR|TentacleDamageDice|1	BONUS:VAR|TentacleDamageSize|12
H.MOD		BONUS:VAR|TrampleDamageDice|1	BONUS:VAR|TrampleDamageSize|12
#
Gargantuan	ABB:G	DISPLAYNAME:Gargantuan	BONUS:COMBAT|AC|-4|TYPE=Size	BONUS:SKILL|Sneak|-12|TYPE=Size	BONUS:VAR|WoundPointSizeMod|CONSCORE*3
G.MOD	BONUS:VAR|BiteDamageDice|1	BONUS:VAR|BiteDamageSize|12
G.MOD	BONUS:VAR|ClawDamageDice|1	BONUS:VAR|ClawDamageSize|10
G.MOD	BONUS:VAR|KickDamageDice|1	BONUS:VAR|KickDamageSize|10
G.MOD	BONUS:VAR|SlamDamageDice|1	BONUS:VAR|SlamDamageSize|10
G.MOD	BONUS:VAR|TalonDamageDice|1	BONUS:VAR|TalonDamageSize|10
G.MOD	BONUS:VAR|GoreDamageDice|1	BONUS:VAR|GoreDamageSize|10
G.MOD	BONUS:VAR|SqueezeDamageDice|2	BONUS:VAR|SqueezeDamageSize|8
G.MOD	BONUS:VAR|SwallowDamageDice|2	BONUS:VAR|SwallowDamageSize|8
G.MOD	BONUS:VAR|TailDamageDice|1	BONUS:VAR|TailDamageSize|12
G.MOD	BONUS:VAR|TentacleDamageDice|1	BONUS:VAR|TentacleDamageSize|12
G.MOD	BONUS:VAR|TrampleDamageDice|1	BONUS:VAR|TrampleDamageSize|12
#
Colossal		ABB:C	DISPLAYNAME:Colossal	BONUS:COMBAT|AC|-8|TYPE=Size	BONUS:SKILL|Sneak|-16|TYPE=Size	BONUS:VAR|WoundPointSizeMod|CONSCORE*4
C.MOD		BONUS:VAR|BiteDamageDice|2	BONUS:VAR|BiteDamageSize|8
C.MOD		BONUS:VAR|ClawDamageDice|1	BONUS:VAR|ClawDamageSize|12
C.MOD		BONUS:VAR|KickDamageDice|1	BONUS:VAR|KickDamageSize|12
C.MOD		BONUS:VAR|SlamDamageDice|1	BONUS:VAR|SlamDamageSize|12
C.MOD		BONUS:VAR|TalonDamageDice|1	BONUS:VAR|TalonDamageSize|12
C.MOD		BONUS:VAR|GoreDamageDice|1	BONUS:VAR|GoreDamageSize|12
C.MOD		BONUS:VAR|SqueezeDamageDice|2	BONUS:VAR|SqueezeDamageSize|10
C.MOD		BONUS:VAR|SwallowDamageDice|2	BONUS:VAR|SwallowDamageSize|10
C.MOD		BONUS:VAR|TailDamageDice|2	BONUS:VAR|TailDamageSize|8
C.MOD		BONUS:VAR|TentacleDamageDice|2	BONUS:VAR|TentacleDamageSize|8
C.MOD		BONUS:VAR|TrampleDamageDice|2	BONUS:VAR|TrampleDamageSize|8
#
Enormous		ABB:E	DISPLAYNAME:Enormous	BONUS:COMBAT|AC|-16|TYPE=Size	BONUS:SKILL|Sneak|-20|TYPE=Size	BONUS:VAR|WoundPointSizeMod|CONSCORE*5
E.MOD		BONUS:VAR|BiteDamageDice|2	BONUS:VAR|BiteDamageSize|8
E.MOD		BONUS:VAR|ClawDamageDice|1	BONUS:VAR|ClawDamageSize|12
E.MOD		BONUS:VAR|KickDamageDice|1	BONUS:VAR|KickDamageSize|12
E.MOD		BONUS:VAR|SlamDamageDice|1	BONUS:VAR|SlamDamageSize|12
E.MOD		BONUS:VAR|TalonDamageDice|1	BONUS:VAR|TalonDamageSize|12
E.MOD		BONUS:VAR|GoreDamageDice|1	BONUS:VAR|GoreDamageSize|12
E.MOD		BONUS:VAR|SqueezeDamageDice|2	BONUS:VAR|SqueezeDamageSize|10
E.MOD		BONUS:VAR|SwallowDamageDice|2	BONUS:VAR|SwallowDamageSize|10
E.MOD		BONUS:VAR|TailDamageDice|2	BONUS:VAR|TailDamageSize|8
E.MOD		BONUS:VAR|TentacleDamageDice|2	BONUS:VAR|TentacleDamageSize|8
E.MOD		BONUS:VAR|TrampleDamageDice|2	BONUS:VAR|TrampleDamageSize|8
#
Vast		ABB:V	DISPLAYNAME:Vast	BONUS:COMBAT|AC|-32|TYPE=Size	BONUS:SKILL|Sneak|-24|TYPE=Size	BONUS:VAR|WoundPointSizeMod|CONSCORE*6
V.MOD		BONUS:VAR|BiteDamageDice|2	BONUS:VAR|BiteDamageSize|8
V.MOD		BONUS:VAR|ClawDamageDice|1	BONUS:VAR|ClawDamageSize|12
V.MOD		BONUS:VAR|KickDamageDice|1	BONUS:VAR|KickDamageSize|12
V.MOD		BONUS:VAR|SlamDamageDice|1	BONUS:VAR|SlamDamageSize|12
V.MOD		BONUS:VAR|TalonDamageDice|1	BONUS:VAR|TalonDamageSize|12
V.MOD		BONUS:VAR|GoreDamageDice|1	BONUS:VAR|GoreDamageSize|12
V.MOD		BONUS:VAR|SqueezeDamageDice|2	BONUS:VAR|SqueezeDamageSize|10
V.MOD		BONUS:VAR|SwallowDamageDice|2	BONUS:VAR|SwallowDamageSize|10
V.MOD		BONUS:VAR|TailDamageDice|2	BONUS:VAR|TailDamageSize|8
V.MOD		BONUS:VAR|TentacleDamageDice|2	BONUS:VAR|TentacleDamageSize|8
V.MOD		BONUS:VAR|TrampleDamageDice|2	BONUS:VAR|TrampleDamageSize|8


N.MOD	BONUS:VAR|LoadScoreSizeMod|-10


#
F.MOD		BONUS:ITEMCOST|TYPE=Ammunition,TYPE=Armor,TYPE=Shield,TYPE=Weapon|0.5
F.MOD		BONUS:ITEMWEIGHT|TYPE=Ammunition,TYPE=Armor,TYPE=Shield,TYPE=Weapon|0.1	BONUS:ITEMWEIGHT|TYPE=Goods|0.25
#F.MOD		BONUS:COMBAT|AC|8|TYPE=Size	BONUS:COMBAT|TOHIT|8|TYPE=SIZE	BONUS:COMBAT|TOHIT.GRAPPLE|-24|TYPE=Size
F.MOD		BONUS:ITEMCAPACITY|TYPE=Goods|0.25
F.MOD		BONUS:LOADMULT|TYPE=SIZE|0.125|PRELEGSGTEQ:4	BONUS:VAR|LoadScoreSizeMod|-8
#
D.MOD	BONUS:ITEMCOST|TYPE=Ammunition,TYPE=Armor,TYPE=Shield,TYPE=Weapon|0.5
D.MOD	BONUS:ITEMWEIGHT|TYPE=Ammunition,TYPE=Armor,TYPE=Shield,TYPE=Weapon|0.1	BONUS:ITEMWEIGHT|TYPE=Goods|0.25
#D.MOD	BONUS:COMBAT|AC|4|TYPE=Size	BONUS:COMBAT|TOHIT|4|TYPE=SIZE	BONUS:COMBAT|TOHIT.GRAPPLE|-16|TYPE=Size
D.MOD	BONUS:ITEMCAPACITY|TYPE=Goods|0.25
#D.MOD	BONUS:SKILL|Hide|12|TYPE=SIZE	BONUS:SKILL|Stealth (Hide)|12|TYPE=SIZE
D.MOD	BONUS:LOADMULT|TYPE=SIZE|0.25|PRELEGSGTEQ:4	BONUS:VAR|LoadScoreSizeMod|-6
D.MOD	BONUS:STAT|DEX|-2|PREBASESIZEEQ:Fine

#
T.MOD		BONUS:ITEMCOST|TYPE=Ammunition,TYPE=Armor,TYPE=Shield,TYPE=Weapon|0.5
T.MOD		BONUS:ITEMWEIGHT|TYPE=Ammunition,TYPE=Armor,TYPE=Shield,TYPE=Weapon|0.1	BONUS:ITEMWEIGHT|TYPE=Goods|0.25
#T.MOD		BONUS:COMBAT|AC|2|TYPE=Size	BONUS:COMBAT|TOHIT|2|TYPE=SIZE	BONUS:COMBAT|TOHIT.GRAPPLE|-10|TYPE=Size
T.MOD		BONUS:ITEMCAPACITY|TYPE=Goods|0.25
#T.MOD		BONUS:SKILL|Hide|8|TYPE=SIZE	BONUS:SKILL|Stealth (Hide)|8|TYPE=SIZE
T.MOD		BONUS:LOADMULT|TYPE=SIZE|0.25|PRELEGSGTEQ:4	BONUS:VAR|LoadScoreSizeMod|-4
T.MOD		BONUS:STAT|STR|2|PREBASESIZELT:Tiny
T.MOD		BONUS:STAT|DEX|-2|PREBASESIZEEQ:Fine	BONUS:STAT|DEX|-2|PREBASESIZELT:Tiny

S.MOD		BONUS:ITEMCOST|TYPE=Ammunition,TYPE=Armor,TYPE=Shield,TYPE=Weapon|1
S.MOD		BONUS:ITEMWEIGHT|TYPE=Ammunition,TYPE=Armor,TYPE=Shield,TYPE=Weapon|0.5	BONUS:ITEMWEIGHT|TYPE=Goods|0.25
#S.MOD		BONUS:COMBAT|AC|1|TYPE=Size	BONUS:COMBAT|TOHIT|1|TYPE=SIZE	BONUS:COMBAT|TOHIT.GRAPPLE|-5|TYPE=Size
S.MOD		BONUS:ITEMCAPACITY|TYPE=Goods|0.25
#S.MOD		BONUS:SKILL|Hide|4|TYPE=SIZE	BONUS:SKILL|Stealth (Hide)|4|TYPE=SIZE
S.MOD		BONUS:LOADMULT|TYPE=SIZE|0.25|PRELEGSGTEQ:4	BONUS:VAR|LoadScoreSizeMod|-2
S.MOD		BONUS:STAT|STR|2|PREBASESIZELT:Tiny		BONUS:STAT|STR|4|PREBASESIZELT:Small
S.MOD		BONUS:STAT|DEX|-2|PREBASESIZEEQ:Fine	BONUS:STAT|DEX|-2|PREBASESIZELT:Tiny	BONUS:STAT|DEX|-2|PREBASESIZELT:Small
#
M.MOD		BONUS:ITEMCOST|TYPE=Ammunition,TYPE=Armor,TYPE=Shield,TYPE=Weapon|1
M.MOD		BONUS:ITEMWEIGHT|TYPE=Ammunition,TYPE=Armor,TYPE=Shield,TYPE=Weapon|1	BONUS:ITEMWEIGHT|TYPE=Goods|1
M.MOD		BONUS:ITEMCAPACITY|TYPE=Goods|1	ISDEFAULTSIZE:Y
M.MOD		BONUS:LOADMULT|TYPE=SIZE|0.5|PRELEGSGTEQ:4
M.MOD		BONUS:STAT|STR|2|PREBASESIZELT:Tiny		BONUS:STAT|STR|4|PREBASESIZELT:Small	BONUS:STAT|STR|4|PREBASESIZELT:Medium
M.MOD		BONUS:STAT|DEX|-2|PREBASESIZEEQ:Fine	BONUS:STAT|DEX|-2|PREBASESIZELT:Tiny	BONUS:STAT|DEX|-2|PREBASESIZELT:Small	BONUS:STAT|DEX|-2|PREBASESIZELT:Medium
M.MOD		BONUS:STAT|CON|2|PREBASESIZELT:Medium
#
L.MOD		BONUS:ITEMCOST|TYPE=Ammunition,TYPE=Armor,TYPE=Shield,TYPE=Weapon|2
L.MOD		BONUS:ITEMWEIGHT|TYPE=Ammunition,TYPE=Armor,TYPE=Shield,TYPE=Weapon|2	BONUS:ITEMWEIGHT|TYPE=Goods|1
L.MOD		BONUS:ITEMCAPACITY|TYPE=Goods|1
#L.MOD		BONUS:SKILL|Hide|-4|TYPE=SIZE	BONUS:SKILL|Stealth (Hide)|-4|TYPE=SIZE
#L.MOD		BONUS:COMBAT|AC|-1|TYPE=Size	BONUS:COMBAT|TOHIT|-1|TYPE=SIZE	BONUS:COMBAT|TOHIT.GRAPPLE|5|TYPE=Size
L.MOD		BONUS:LOADMULT|TYPE=SIZE|1|PRELEGSGTEQ:4	BONUS:VAR|LoadScoreSizeMod|5
L.MOD		BONUS:COMBAT|AC|2|PREBASESIZELTEQ:Medium|TYPE=NaturalArmor.STACK
L.MOD		BONUS:STAT|STR|2|PREBASESIZELT:Tiny		BONUS:STAT|STR|4|PREBASESIZELT:Small	BONUS:STAT|STR|4|PREBASESIZELT:Medium	BONUS:STAT|STR|8|PREBASESIZELT:Large
L.MOD		BONUS:STAT|DEX|-2|PREBASESIZEEQ:Fine	BONUS:STAT|DEX|-2|PREBASESIZELT:Tiny	BONUS:STAT|DEX|-2|PREBASESIZELT:Small	BONUS:STAT|DEX|-2|PREBASESIZELT:Medium	BONUS:STAT|DEX|-2|PREBASESIZELT:Large
L.MOD		BONUS:STAT|CON|2|PREBASESIZELT:Medium	BONUS:STAT|CON|4|PREBASESIZELT:Large

#
H.MOD		BONUS:ITEMCOST|TYPE=Ammunition,TYPE=Armor,TYPE=Shield,TYPE=Weapon|4
H.MOD		BONUS:ITEMWEIGHT|TYPE=Ammunition,TYPE=Armor,TYPE=Shield,TYPE=Weapon|5	BONUS:ITEMWEIGHT|TYPE=Goods|1
H.MOD		BONUS:COMBAT|AC|-2|TYPE=Size	BONUS:COMBAT|TOHIT|-2|TYPE=SIZE	BONUS:COMBAT|TOHIT.GRAPPLE|10|TYPE=Size
H.MOD		BONUS:ITEMCAPACITY|TYPE=Goods|1
#H.MOD		BONUS:SKILL|Hide|-8|TYPE=SIZE	BONUS:SKILL|Stealth (Hide)|-8|TYPE=SIZE
H.MOD		BONUS:LOADMULT|TYPE=SIZE|2|PRELEGSGTEQ:4	BONUS:VAR|LoadScoreSizeMod|10
H.MOD		BONUS:COMBAT|AC|2|PREBASESIZELTEQ:Medium|TYPE=NaturalArmor.STACK		BONUS:COMBAT|AC|3|PREBASESIZELTEQ:Large|TYPE=NaturalArmor.STACK
H.MOD		BONUS:STAT|STR|2|PREBASESIZELT:Tiny		BONUS:STAT|STR|4|PREBASESIZELT:Small	BONUS:STAT|STR|4|PREBASESIZELT:Medium	BONUS:STAT|STR|8|PREBASESIZELT:Large	BONUS:STAT|STR|8|PREBASESIZELT:Huge
H.MOD		BONUS:STAT|DEX|-2|PREBASESIZEEQ:Fine	BONUS:STAT|DEX|-2|PREBASESIZELT:Tiny	BONUS:STAT|DEX|-2|PREBASESIZELT:Small	BONUS:STAT|DEX|-2|PREBASESIZELT:Medium	BONUS:STAT|DEX|-2|PREBASESIZELT:Large	BONUS:STAT|DEX|-2|PREBASESIZELT:Huge
H.MOD		BONUS:STAT|CON|2|PREBASESIZELT:Medium	BONUS:STAT|CON|4|PREBASESIZELT:Large	BONUS:STAT|CON|4|PREBASESIZELT:Huge
#
G.MOD	    BONUS:ITEMCOST|TYPE=Ammunition,TYPE=Armor,TYPE=Shield,TYPE=Weapon|8
G.MOD	    BONUS:ITEMWEIGHT|TYPE=Ammunition,TYPE=Armor,TYPE=Shield,TYPE=Weapon|8	BONUS:ITEMWEIGHT|TYPE=Goods|1
G.MOD	    BONUS:COMBAT|AC|-4|TYPE=Size	BONUS:COMBAT|TOHIT|-4|TYPE=SIZE	BONUS:COMBAT|TOHIT.GRAPPLE|16|TYPE=Size
G.MOD	    BONUS:ITEMCAPACITY|TYPE=Goods|1
#G.MODargantuan	BONUS:SKILL|Hide|-12|TYPE=SIZE	BONUS:SKILL|Stealth (Hide)|-12|TYPE=SIZE
G.MOD	    BONUS:LOADMULT|TYPE=SIZE|4|PRELEGSGTEQ:4	BONUS:VAR|LoadScoreSizeMod|15
G.MOD   	BONUS:COMBAT|AC|2|PREBASESIZELTEQ:Medium|TYPE=NaturalArmor.STACK				BONUS:COMBAT|AC|3|PREBASESIZELTEQ:Large|TYPE=NaturalArmor.STACK		BONUS:COMBAT|AC|4|PREBASESIZELTEQ:Huge|TYPE=NaturalArmor.STACK
G.MOD   	BONUS:STAT|STR|2|PREBASESIZELT:Tiny		BONUS:STAT|STR|4|PREBASESIZELT:Small	BONUS:STAT|STR|4|PREBASESIZELT:Medium	BONUS:STAT|STR|8|PREBASESIZELT:Large	BONUS:STAT|STR|8|PREBASESIZELT:Huge		BONUS:STAT|STR|8|PREBASESIZELT:Gargantuan
G.MOD   	BONUS:STAT|DEX|-2|PREBASESIZEEQ:Fine	BONUS:STAT|DEX|-2|PREBASESIZELT:Tiny	BONUS:STAT|DEX|-2|PREBASESIZELT:Small	BONUS:STAT|DEX|-2|PREBASESIZELT:Medium	BONUS:STAT|DEX|-2|PREBASESIZELT:Large	BONUS:STAT|DEX|-2|PREBASESIZELT:Huge
G.MOD   	BONUS:STAT|CON|2|PREBASESIZELT:Medium	BONUS:STAT|CON|4|PREBASESIZELT:Large	BONUS:STAT|CON|4|PREBASESIZELT:Huge		BONUS:STAT|CON|4|PREBASESIZELT:Gargantuan
#
C.MOD		BONUS:ITEMCOST|TYPE=Ammunition,TYPE=Armor,TYPE=Shield,TYPE=Weapon|16
C.MOD		BONUS:ITEMWEIGHT|TYPE=Ammunition,TYPE=Armor,TYPE=Shield,TYPE=Weapon|12	BONUS:ITEMWEIGHT|TYPE=Goods|1
C.MOD		BONUS:COMBAT|AC|-8|TYPE=Size	BONUS:COMBAT|TOHIT|-8|TYPE=SIZE	BONUS:COMBAT|TOHIT.GRAPPLE|24|TYPE=Size
C.MOD		BONUS:ITEMCAPACITY|TYPE=Goods|1
#C.MOD		BONUS:SKILL|Hide|-16|TYPE=SIZE	BONUS:SKILL|Stealth (Hide)|-16|TYPE=SIZE
C.MOD		BONUS:LOADMULT|TYPE=SIZE|8|PRELEGSGTEQ:4	BONUS:VAR|LoadScoreSizeMod|20
C.MOD		BONUS:COMBAT|AC|2|PREBASESIZELTEQ:Medium|TYPE=NaturalArmor.STACK		BONUS:COMBAT|AC|3|PREBASESIZELTEQ:Large|TYPE=NaturalArmor.STACK		BONUS:COMBAT|AC|4|PREBASESIZELTEQ:Huge|TYPE=NaturalArmor.STACK		BONUS:COMBAT|AC|5|PREBASESIZELTEQ:Gargantuan|TYPE=NaturalArmor.STACK
C.MOD		BONUS:STAT|STR|2|PREBASESIZELT:Tiny		BONUS:STAT|STR|4|PREBASESIZELT:Small	BONUS:STAT|STR|4|PREBASESIZELT:Medium		BONUS:STAT|STR|8|PREBASESIZELT:Large	BONUS:STAT|STR|8|PREBASESIZELT:Huge		BONUS:STAT|STR|8|PREBASESIZELT:Gargantuan		BONUS:STAT|STR|8|PREBASESIZELT:Colossal
C.MOD		BONUS:STAT|DEX|-2|PREBASESIZEEQ:Fine	BONUS:STAT|DEX|-2|PREBASESIZELT:Tiny	BONUS:STAT|DEX|-2|PREBASESIZELT:Small	BONUS:STAT|DEX|-2|PREBASESIZELT:Medium	BONUS:STAT|DEX|-2|PREBASESIZELT:Large	BONUS:STAT|DEX|-2|PREBASESIZELT:Huge
C.MOD		BONUS:STAT|CON|2|PREBASESIZELT:Medium	BONUS:STAT|CON|4|PREBASESIZELT:Large	BONUS:STAT|CON|4|PREBASESIZELT:Huge		BONUS:STAT|CON|4|PREBASESIZELT:Gargantuan		BONUS:STAT|CON|4|PREBASESIZELT:Colossal

E.MOD		BONUS:VAR|LoadScoreSizeMod|25

V.MOD		BONUS:VAR|LoadScoreSizeMod|30


###Block: SIZENUM
N.MOD	SIZENUM:005
F.MOD	SIZENUM:010
D.MOD	SIZENUM:020
T.MOD	SIZENUM:030
S.MOD	SIZENUM:040
M.MOD	SIZENUM:050
L.MOD	SIZENUM:060
H.MOD	SIZENUM:070
G.MOD	SIZENUM:080
C.MOD	SIZENUM:090
E.MOD	SIZENUM:100
V.MOD	SIZENUM:110
