# CVS $Revision: 1.4 $ $Author: tir-gwaith $ -- Tue Feb 28 19:45:33 2006 -- reformated by prettylst.pl v1.35 (build 556)
SOURCELONG:Bastion Press - Faeries|SOURCESHORT:Faeries|SOURCEWEB:http://www.bastionpress.com

# Feat Name				Type			Req. Att.	Required Check Base	Required Class			Required Feat			Prohibited Feat			Maximum Level	Multiple Requirements								Required Skill				Description																								Stackable?	Multiple?	Add Spell Lvl	BONUS:DC				Cost		Source Page
Crossing Over			TYPE:Fey				PRECHECKBASE:1,Will=3																																				DESC:Crossing over allows someone, through force of will, to shorten his or her travel time while in FaerieLand							STACK:NO	MULT:NO									COST:1	SOURCEPAGE:p.18
Fey Sense				TYPE:Fey																																											DESC:You have the ability to sense the presence of fey beings															STACK:NO	MULT:NO									COST:1	SOURCEPAGE:p.18
Nature's Aspect			TYPE:Fey																																											DESC:You are able to gain Aspects of Nature after meditation in a natural setting												STACK:NO	MULT:NO									COST:0	SOURCEPAGE:p.19
Second Sight			TYPE:Fey																																											DESC:You can see fey masked creatures and fey doorways when others cannot													STACK:NO	MULT:NO									COST:1	SOURCEPAGE:p.19
Sixth Sense				TYPE:Fey																																											DESC:Sixth Sense allows mortals to sense a fey doorway within range (half mile radius)											STACK:NO	MULT:NO									COST:1	SOURCEPAGE:p.19
Blood of the Fey			TYPE:General																	!PREFEAT:1,Insight of the Fey	PRELEVELMAX:1																		DESC:+3 bonus to enchantment spells and spell like effects																STACK:NO	MULT:NO				BONUS:DC|SCHOOL.Enchantment|2	COST:1	SOURCEPAGE:p.17
Evolve				TYPE:General																																										DESC:You are able to perform enchantments of the flesh anywhere															STACK:NO	MULT:NO									COST:1	SOURCEPAGE:p.18
Improved Mite Fighter		TYPE:General	PREATT:8										PREFEAT:1,Mite Fighter																											DESC:Your ability to fight creatures smaller than yourself has been honed to a deadly art form										STACK:NO	MULT:NO									COST:1	SOURCEPAGE:p.19
Insight of the Fey		TYPE:General	PREATT:8										PREFEAT:1,Mite Fighter																											DESC:Your ability to fight creatures smaller than yourself has been honed to a deadly art form										STACK:NO	MULT:NO									COST:1	SOURCEPAGE:p.19
Nature's Imbrace			TYPE:General			PRECHECKBASE:1,Will=3																														PRESKILL:1,Knowledge (Nature)=1	DESC:Being in natural surroundings aids your natural healing															STACK:NO	MULT:NO									COST:1	SOURCEPAGE:p.19
Craft Charms and Bracelets	TYPE:ItemCreation							PRECLASS:1,Spellcaster=7	PREFEAT:1,Craft Wondrous Item																										DESC:You can create magical charms and the bracelets that hold them														STACK:NO	MULT:NO									COST:1	SOURCEPAGE:p.18
Craft: Fey Dusts			TYPE:ItemCreation			PRECHECKBASE:1,Will=3																																				DESC:+3 bonus to resist illusion spells, +2 to illusion spell DCs															STACK:NO	MULT:NO				BONUS:DC|SCHOOL.Illusion|2	COST:1	SOURCEPAGE:p.18
Concentrate Spell			TYPE:Metamagic																																										DESC:Reduces the area of effect by 25% of normal and doubles the damage dice rolled												STACK:NO	MULT:NO	ADDSPELLLEVEL:3						COST:1	SOURCEPAGE:p.17
Dilute Spell			TYPE:Metamagic																																										DESC:Doubles the area of effect and reduces the damage done to 25% of the amount rolled											STACK:NO	MULT:NO	ADDSPELLLEVEL:1						COST:1	SOURCEPAGE:p.18
Fey Magic				TYPE:Metamagic												PREFEAT:1,Fey Spell Mastery																										DESC:The magical sand found in the Sands of Time has intriguing properties when used in conjunction with traditional spell casting				STACK:NO	MULT:NO	ADDSPELLLEVEL:1						COST:1	SOURCEPAGE:p.18
Hypnotizing Magic			TYPE:Metamagic												PREFEAT:1,Fey Magic																											DESC:You have learned to bind the charming nature of FaerieLand in your magic. Spells you cast have a secondary ability to hypnotize their victims	STACK:NO	MULT:NO	ADDSPELLLEVEL:3						COST:1	SOURCEPAGE:p.19
Fey Spell Mastery			TYPE:Special																									PREMULT:1,[PREFEAT:1,Blood of the Fey],[PRECLASS:1,Fey-Touched=1]							DESC:You can use this ability to forgo using spell components of less than 5gp in value											STACK:NO	MULT:NO									COST:1	SOURCEPAGE:p.18
