# CVS $Revision$ $Author$ -- Tue Dec 15 01:48:08 2015 -- reformated by PCGen PrettyLST v6.06.00
#
# Spycraft - Shadowforce Archer PCGen dataset by Eddy Anthony
#

SOURCELONG:Shadowforce Archer	SOURCESHORT:Shadowforce Archer	SOURCEWEB:http://www.crafty-games.com/node/54	SOURCEDATE:2002-07

#### Additional Knowledges

# Skill Name				Key Stat	Untrained?		Skill Penalty?	Type									Required Ability							Source Page		Auto Equip							Weapon prof. bonus
Knowledge (African History)		KEYSTAT:INT	USEUNTRAINED:NO				TYPE:Intelligence.Knowledge														SOURCEPAGE:p.57
Knowledge (The Ancients)		KEYSTAT:INT	USEUNTRAINED:NO				TYPE:Intelligence.Knowledge														SOURCEPAGE:p.57
Knowledge (Archaeology)			KEYSTAT:INT	USEUNTRAINED:NO				TYPE:Intelligence.Knowledge														SOURCEPAGE:p.57
Knowledge (Archer Secrets)		KEYSTAT:INT	USEUNTRAINED:NO				TYPE:Intelligence.Knowledge														SOURCEPAGE:p.57
Knowledge (Asian History)		KEYSTAT:INT	USEUNTRAINED:NO				TYPE:Intelligence.Knowledge														SOURCEPAGE:p.57
Knowledge (Biochemistry)		KEYSTAT:INT	USEUNTRAINED:NO				TYPE:Intelligence.Knowledge														SOURCEPAGE:p.57
Knowledge (Chinese Politics)		KEYSTAT:INT	USEUNTRAINED:NO				TYPE:Intelligence.Knowledge														SOURCEPAGE:p.57
Knowledge (Cold War)			KEYSTAT:INT	USEUNTRAINED:NO				TYPE:Intelligence.Knowledge														SOURCEPAGE:p.57
Knowledge (Collective Secrets)	KEYSTAT:INT	USEUNTRAINED:NO				TYPE:Intelligence.Knowledge														SOURCEPAGE:p.57
Knowledge (Company Secrets)		KEYSTAT:INT	USEUNTRAINED:NO				TYPE:Intelligence.Knowledge														SOURCEPAGE:p.57
Knowledge (European Secrets)		KEYSTAT:INT	USEUNTRAINED:NO				TYPE:Intelligence.Knowledge														SOURCEPAGE:p.57
Knowledge (Gadgets)			KEYSTAT:INT	USEUNTRAINED:NO				TYPE:Intelligence.Knowledge														SOURCEPAGE:p.57
Knowledge (Gemeinschafft Secrets)	KEYSTAT:INT	USEUNTRAINED:NO				TYPE:Intelligence.Knowledge														SOURCEPAGE:p.57
Knowledge (Guardians)			KEYSTAT:INT	USEUNTRAINED:NO				TYPE:Intelligence.Knowledge														SOURCEPAGE:p.57
Knowledge (Internet)			KEYSTAT:INT	USEUNTRAINED:NO				TYPE:Intelligence.Knowledge														SOURCEPAGE:p.57
Knowledge (Mystic Artifacts)		KEYSTAT:INT	USEUNTRAINED:NO				TYPE:Intelligence.Knowledge														SOURCEPAGE:p.57
Knowledge (Occult)			KEYSTAT:INT	USEUNTRAINED:NO				TYPE:Intelligence.Knowledge														SOURCEPAGE:p.57
Knowledge (Occult World)		KEYSTAT:INT	USEUNTRAINED:NO				TYPE:Intelligence.Knowledge														SOURCEPAGE:p.57
Knowledge (P.E.R.I.L.)			KEYSTAT:INT	USEUNTRAINED:NO				TYPE:Intelligence.Knowledge														SOURCEPAGE:p.57
Knowledge (Politics)			KEYSTAT:INT	USEUNTRAINED:NO				TYPE:Intelligence.Knowledge														SOURCEPAGE:p.57
Knowledge (Psionics)			KEYSTAT:INT	USEUNTRAINED:NO				TYPE:Intelligence.Knowledge														SOURCEPAGE:p.57
Knowledge (Psions)			KEYSTAT:INT	USEUNTRAINED:NO				TYPE:Intelligence.Knowledge														SOURCEPAGE:p.57
Knowledge (Psychiatry)			KEYSTAT:INT	USEUNTRAINED:NO				TYPE:Intelligence.Knowledge														SOURCEPAGE:p.57
Knowledge (Psychology)			KEYSTAT:INT	USEUNTRAINED:NO				TYPE:Intelligence.Knowledge														SOURCEPAGE:p.57
Knowledge (Room 39 Secrets)		KEYSTAT:INT	USEUNTRAINED:NO				TYPE:Intelligence.Knowledge														SOURCEPAGE:p.57
Knowledge (Russian Politics)		KEYSTAT:INT	USEUNTRAINED:NO				TYPE:Intelligence.Knowledge														SOURCEPAGE:p.57
Knowledge (Theology)			KEYSTAT:INT	USEUNTRAINED:NO				TYPE:Intelligence.Knowledge														SOURCEPAGE:p.57
Knowledge (Urban Tactics)		KEYSTAT:INT	USEUNTRAINED:NO				TYPE:Intelligence.Knowledge														SOURCEPAGE:p.57

SOURCESHORT:Shadowforce Archer	SOURCEWEB:http://www.crafty-games.com/node/54

#### Mental Psion Skills ####

# Psychoinventive Psion Skills

Focus the Mind				KEYSTAT:INT	USEUNTRAINED:NO	ACHECK:YES		TYPE:Intelligence.Psionic.Mental.Psychoinventive	PREABILITY:1,CATEGORY=FEAT,Psychoinventive Basics	SOURCEPAGE:p.184
Gadgeteer					KEYSTAT:INT	USEUNTRAINED:NO	ACHECK:YES		TYPE:Intelligence.Psionic.Mental.Psychoinventive	PREABILITY:1,CATEGORY=FEAT,Psychoinventive Basics	SOURCEPAGE:p.184
Static Charge				KEYSTAT:DEX	USEUNTRAINED:NO	ACHECK:YES		TYPE:Dexterity.Psionic.Mental.Psychoinventive		PREABILITY:1,CATEGORY=FEAT,Psychoinventive Basics	SOURCEPAGE:p.184	AUTO:EQUIP|Lightning Attack|Scramble Attack	BONUS:WEAPONPROF=Static Charge|TOHIT|INT-DEX

# Psychokinetic Psion Skills

Cryokinesis					KEYSTAT:CHA	USEUNTRAINED:NO	ACHECK:YES		TYPE:Charisma.Psionic.Mental.Psychokinetic		PREABILITY:1,CATEGORY=FEAT,Psychokinetic Basics		SOURCEPAGE:p.185	AUTO:EQUIP|Ice Attack					BONUS:WEAPONPROF=Cryokinesis|TOHIT|INT-DEX
Photokinesis				KEYSTAT:WIS	USEUNTRAINED:NO	ACHECK:YES		TYPE:Wisdom.Psionic.Mental.Psychokinetic			PREABILITY:1,CATEGORY=FEAT,Psychokinetic Basics		SOURCEPAGE:p.186	AUTO:EQUIP|Laser Attack					BONUS:WEAPONPROF=Photokinesis|TOHIT|INT-DEX
Pyrokinesis					KEYSTAT:CHA	USEUNTRAINED:NO	ACHECK:YES		TYPE:Charisma.Psionic.Mental.Psychokinetic		PREABILITY:1,CATEGORY=FEAT,Psychokinetic Basics		SOURCEPAGE:p.187	AUTO:EQUIP|Fire Attack					BONUS:WEAPONPROF=Pyrokinesis|TOHIT|INT-DEX

# Telekinetic Psion Skills

Kinetic Shield				KEYSTAT:CON	USEUNTRAINED:NO	ACHECK:YES		TYPE:Constitution.Psionic.Mental.Telekinetic		PREABILITY:1,CATEGORY=FEAT,Telekinetic Basics		SOURCEPAGE:p.187	AUTO:EQUIP|Debris Attack				BONUS:WEAPONPROF=Poltergeist|TOHIT|INT-DEX
Levitation					KEYSTAT:WIS	USEUNTRAINED:NO	ACHECK:YES		TYPE:Wisdom.Psionic.Mental.Telekinetic			PREABILITY:1,CATEGORY=FEAT,Telekinetic Basics		SOURCEPAGE:p.188
Poltergeist					KEYSTAT:DEX	USEUNTRAINED:NO	ACHECK:YES		TYPE:Dexterity.Psionic.Mental.Telekinetic			PREABILITY:1,CATEGORY=FEAT,Telekinetic Basics		SOURCEPAGE:p.188

#### Physical Psion Skills ####

# Adrenal Psion Skills

Body Sculpting				KEYSTAT:DEX	USEUNTRAINED:NO	ACHECK:YES		TYPE:Dexterity.Psionic.Physical.Adrenal			PREABILITY:1,CATEGORY=FEAT,Adrenal Basics			SOURCEPAGE:p.193
Energy Burst				KEYSTAT:STR	USEUNTRAINED:NO	ACHECK:YES		TYPE:Strength.Psionic.Physical.Adrenal			PREABILITY:1,CATEGORY=FEAT,Adrenal Basics			SOURCEPAGE:p.193
Speed Control				KEYSTAT:DEX	USEUNTRAINED:NO	ACHECK:YES		TYPE:Dexterity.Psionic.Physical.Adrenal			PREABILITY:1,CATEGORY=FEAT,Adrenal Basics			SOURCEPAGE:p.193

# Metabolic Psion Skills

Control Metabolism			KEYSTAT:WIS	USEUNTRAINED:NO	ACHECK:YES		TYPE:Wisdom.Psionic.Physical.Metabolic			PREABILITY:1,CATEGORY=FEAT,Metabolic Basics		SOURCEPAGE:p.194
Control Pheromones			KEYSTAT:CHA	USEUNTRAINED:NO	ACHECK:YES		TYPE:Charisma.Psionic.Physical.Metabolic			PREABILITY:1,CATEGORY=FEAT,Metabolic Basics		SOURCEPAGE:p.194
Pain Transmission				KEYSTAT:INT	USEUNTRAINED:NO	ACHECK:YES		TYPE:Intelligence.Psionic.Physical.Metabolic		PREABILITY:1,CATEGORY=FEAT,Metabolic Basics		SOURCEPAGE:p.195

# Sensory Psion Skills

Combat Sense				KEYSTAT:INT	USEUNTRAINED:NO	ACHECK:YES		TYPE:Intelligence.Psionic.Physical.Sensory		PREABILITY:1,CATEGORY=FEAT,Sensory Basics			SOURCEPAGE:p.195
Enhance Senses				KEYSTAT:WIS	USEUNTRAINED:NO	ACHECK:YES		TYPE:Wisdom.Psionic.Physical.Sensory			PREABILITY:1,CATEGORY=FEAT,Sensory Basics			SOURCEPAGE:p.196
Extended Visual Spectrum		KEYSTAT:WIS	USEUNTRAINED:NO	ACHECK:YES		TYPE:Wisdom.Psionic.Physical.Sensory			PREABILITY:1,CATEGORY=FEAT,Sensory Basics			SOURCEPAGE:p.196

#### Telepathic Psion Skills ####

# ESP Psion Skills

Clairsentience				KEYSTAT:WIS	USEUNTRAINED:NO	ACHECK:YES		TYPE:Wisdom.Psionic.Telepathic.ESP				PREABILITY:1,CATEGORY=FEAT,ESP Basics			SOURCEPAGE:p.200
Empathy					KEYSTAT:CHA	USEUNTRAINED:NO	ACHECK:YES		TYPE:Charisma.Psionic.Telepathic.ESP			PREABILITY:1,CATEGORY=FEAT,ESP Basics			SOURCEPAGE:p.201
Psychometry					KEYSTAT:WIS	USEUNTRAINED:NO	ACHECK:YES		TYPE:Wisdom.Psionic.Telepathic.ESP				PREABILITY:1,CATEGORY=FEAT,ESP Basics			SOURCEPAGE:p.201

# Imprint Psion Skills

Dominion					KEYSTAT:CHA	USEUNTRAINED:NO	ACHECK:YES		TYPE:Charisma.Psionic.Telepathic.Imprint			PREABILITY:1,CATEGORY=FEAT,Imprint Basics			SOURCEPAGE:p.202
Project Thought				KEYSTAT:INT	USEUNTRAINED:NO	ACHECK:YES		TYPE:Intelligence.Psionic.Telepathic.Imprint		PREABILITY:1,CATEGORY=FEAT,Imprint Basics			SOURCEPAGE:p.202
Telempathy					KEYSTAT:WIS	USEUNTRAINED:NO	ACHECK:YES		TYPE:Wisdom.Psionic.Telepathic.Imprint			PREABILITY:1,CATEGORY=FEAT,Imprint Basics			SOURCEPAGE:p.202

# Intuitive Psion Skills

Catalyst					KEYSTAT:CON	USEUNTRAINED:NO	ACHECK:YES		TYPE:Constitution.Psionic.Telepathic.Intuitive		PREABILITY:1,CATEGORY=FEAT,Intuitive Basics		SOURCEPAGE:p.203
Precognition				KEYSTAT:WIS	USEUNTRAINED:NO	ACHECK:YES		TYPE:Wisdom.Psionic.Telepathic.Intuitive			PREABILITY:1,CATEGORY=FEAT,Intuitive Basics		SOURCEPAGE:p.203
Synthesis					KEYSTAT:INT	USEUNTRAINED:NO	ACHECK:YES		TYPE:Intelligence.Psionic.Telepathic.Intuitive		PREABILITY:1,CATEGORY=FEAT,Intuitive Basics		SOURCEPAGE:p.203

#
# End
#
