#  Fri Nov 16 19:52:40 2018 -- reformated by PCGen PrettyLST v6.08.00
# CVS $Revision: $ $Author: $ -- Fri Jan  1 12:57:05 2016 -- reformated by PCGen PrettyLST v6.06.00
SOURCELONG:Pathfinder Player Companion: Halflings of Golarion	SOURCESHORT:HAOG	SOURCEWEB:http://paizo.com/products/btpy8i8p	SOURCEDATE:2010-12
#ORIGINAL ENTRY: Eric C. Smith (maredudd AT blackroot DOT org)
#ORIGINAL ENTRY DATE: 2012/12/29


# Class Name	Hit Dice	Type			Max Level	Source Page		Define			Combat bonus																	Save bonus																						Modify VAR																																																																		FACT
CLASS:Opportunist	HD:8		TYPE:PC.Prestige	MAXLEVEL:5	SOURCEPAGE:p.28	DEFINE:OpportunistLVL|0	BONUS:COMBAT|BASEAB|classlevel("APPLIEDAS=NONEPIC")*3/4|TYPE=Base.REPLACE|PREVAREQ:UseAlternateBABProgression,0	BONUS:SAVE|BASE.Fortitude|(classlevel("APPLIEDAS=NONEPIC")+1)/3	BONUS:SAVE|BASE.Reflex,BASE.Will|(classlevel("APPLIEDAS=NONEPIC")+1)/2	BONUS:VAR|ClassBABModerate|classlevel("APPLIEDAS=NONEPIC")|PREVAREQ:UseFractionalBAB,1	BONUS:VAR|OpportunistLVL|CL	BONUS:VAR|ClassSavePoor_Fortitude|classlevel("APPLIEDAS=NONEPIC")|PREVAREQ:UseFractionalSave,1	BONUS:VAR|ClassSaveGood_Reflex|classlevel("APPLIEDAS=NONEPIC")|PREVAREQ:UseFractionalSave,1	BONUS:VAR|ClassSaveGood_Will|classlevel("APPLIEDAS=NONEPIC")|PREVAREQ:UseFractionalSave,1	FACT:ClassType|PC	FACT:Abb|Opp
# Class Name	Required Ability							Required Race					Required Skill
CLASS:Opportunist	PREABILITY:1,CATEGORY=FEAT,Defensive Combat Training	PRERACE:1,Halfling,RACESUBTYPE=Halfling	PRESKILL:2,Stealth=5,Perception=5
# Class Name	Skill Pts/Lvl	Class Skill
CLASS:Opportunist	STARTSKILLPTS:6	CSKILL:Acrobatics|Bluff|Climb|Diplomacy|Disable Device|Disguise|Escape Artist|Linguistics|Perception|TYPE=Perform|Sense Motive|Sleight of Hand|Stealth|Swim
###Block: Normal Level Progression
1	ABILITY:Opportunist Class Feature|AUTOMATIC|Opportunist ~ Exploitive Maneuver
1	ABILITY:Rogue Talent|AUTOMATIC|Rogue Talent ~ Trap Spotter
1	ABILITY:Opportunist Class Feature|AUTOMATIC|Opportunist ~ Excellent Aid
2	ABILITY:Opportunist Class Feature|AUTOMATIC|Opportunist ~ Exceptionally Lucky
2	ABILITY:Opportunist Class Feature|AUTOMATIC|Opportunist ~ Sneak Attack
2	ABILITY:Opportunist Class Feature|AUTOMATIC|Opportunist ~ Improved Trap Spotter
3	ABILITY:Opportunist Class Feature|AUTOMATIC|Opportunist ~ Fit In
5	ABILITY:Opportunist Class Feature|AUTOMATIC|Opportunist ~ Opportunity Attacker
