# CVS $Revision$ $Author$ -- Fri Mar 18 13:50:50 2005 -- reformated by prettylst.pl v1.34 (build 455)
#Original entry by: Knightcrawler
SOURCELONG:Fantasy Flight Games - Spells and Spellcraft|SOURCESHORT:Spellcraft|SOURCEWEB:http://www.fantasyflightgames.com/ll.html


###Block: Rods
# Equipment Name	Required Proficiency	Type										Cost		Weight	Critical Hit Multiplier	Critical Hit Range	Damage	Size		Source Page		Weapon prop. bonus
Necromancer's Rod	PROFICIENCY:Mace		TYPE:Magic.Rod.Weapon.Simple.Melee.Bludgeoning.Standard	COST:73000	WT:6		CRITMULT:x2			CRITRANGE:1			DAMAGE:1d6	SIZE:S	SOURCEPAGE:p.168	BONUS:WEAPON|DAMAGE,TOHIT|1|TYPE=Enhancement
Rod of Exchange					TYPE:Magic.Rod								COST:43500	WT:4														SOURCEPAGE:p.168

###Block: Staffs
# Equipment Name	Required Proficiency		Type										Cost		Weight	Critical Hit Multiplier	Critical Hit Range	Damage	Alternative Damage	Size		Source Page		Weapon prop. bonus
Staff of Bursting	PROFICIENCY:Quarterstaff	TYPE:Magic.Staff.Weapon.Simple.Melee.Bludgeoning.Standard	COST:36000	WT:4		CRITMULT:x2			CRITRANGE:1			DAMAGE:1d6	ALTDAMAGE:1d6		SIZE:L	SOURCEPAGE:p.169	BONUS:WEAPON|DAMAGE,TOHIT|1|TYPE=Enhancement

###Block: Wands
# Equipment Name					Output Name				Type					Weight	Base Item for EQMOD	Modifier																Source Page
Wand (Acidic Vapors)				OUTPUTNAME:Wand of [NAME]	TYPE:Magic.Wand.Arcane		WT:.0625	BASEITEM:Wand		EQMOD:SPL_CHRG|SPELLNAME[Acidic Vapors]SPELLLEVEL[2]CASTERLEVEL[3]CHARGES[50]					SOURCEPAGE:p.10
Wand (Aegis of the Gods)			OUTPUTNAME:Wand of [NAME]	TYPE:Magic.Wand.Divine		WT:.0625	BASEITEM:Wand		EQMOD:SPL_CHRG|SPELLNAME[Aegis of the Gods]SPELLLEVEL[1]CASTERLEVEL[1]CHARGES[50]				SOURCEPAGE:p.11
Wand (Aura of Darkness)				OUTPUTNAME:Wand of [NAME]	TYPE:Magic.Wand.Divine		WT:.0625	BASEITEM:Wand		EQMOD:SPL_CHRG|SPELLNAME[Aura of Darkness]SPELLLEVEL[2]CASTERLEVEL[3]CHARGES[50]				SOURCEPAGE:p.12
Wand (Aura of Light)				OUTPUTNAME:Wand of [NAME]	TYPE:Magic.Wand.Divine		WT:.0625	BASEITEM:Wand		EQMOD:SPL_CHRG|SPELLNAME[Aura of Light]SPELLLEVEL[2]CASTERLEVEL[3]CHARGES[50]					SOURCEPAGE:p.12
Wand (Black Cloud of Horror)			OUTPUTNAME:Wand of [NAME]	TYPE:Magic.Wand.Divine		WT:.0625	BASEITEM:Wand		EQMOD:SPL_CHRG|SPELLNAME[Black Cloud of Horror]SPELLLEVEL[3]CASTERLEVEL[5]CHARGES[50]			SOURCEPAGE:p.13
Wand (Bloodblade)					OUTPUTNAME:Wand of [NAME]	TYPE:Magic.Wand.Divine		WT:.0625	BASEITEM:Wand		EQMOD:SPL_CHRG|SPELLNAME[Bloodblade]SPELLLEVEL[3]CASTERLEVEL[5]CHARGES[50]					SOURCEPAGE:p.13
Wand (Burrowing Bony Digits)			OUTPUTNAME:Wand of [NAME]	TYPE:Magic.Wand.Arcane		WT:.0625	BASEITEM:Wand		EQMOD:SPL_CHRG|SPELLNAME[Burrowing Bony Digits]SPELLLEVEL[4]CASTERLEVEL[7]CHARGES[50]			SOURCEPAGE:p.14
Wand (Catalytic Mouth)				OUTPUTNAME:Wand of [NAME]	TYPE:Magic.Wand.Arcane		WT:.0625	BASEITEM:Wand		EQMOD:SPL_CHRG|SPELLNAME[Catalytic Mouth]SPELLLEVEL[4]CASTERLEVEL[7]CHARGES[50]				SOURCEPAGE:p.14
Wand (Chameleon Skin)				OUTPUTNAME:Wand of [NAME]	TYPE:Magic.Wand.Arcane.Divine	WT:.0625	BASEITEM:Wand		EQMOD:SPL_CHRG|SPELLNAME[Chameleon Skin]SPELLLEVEL[2]CASTERLEVEL[3]CHARGES[50]				SOURCEPAGE:p.14
Wand (Claws of the Demon)			OUTPUTNAME:Wand of [NAME]	TYPE:Magic.Wand.Arcane.Divine	WT:.0625	BASEITEM:Wand		EQMOD:SPL_CHRG|SPELLNAME[Claws of the Demon]SPELLLEVEL[2]CASTERLEVEL[3]CHARGES[50]				SOURCEPAGE:p.14
Wand (Cleanse Minor Vermin)			OUTPUTNAME:Wand of [NAME]	TYPE:Magic.Wand.Arcane.Divine	WT:.0625	BASEITEM:Wand		EQMOD:SPL_CHRG|SPELLNAME[Cleanse Minor Vermin]SPELLLEVEL[1]CASTERLEVEL[1]CHARGES[50]			SOURCEPAGE:p.15
Wand (Conjurer's Toolbelt)			OUTPUTNAME:Wand of [NAME]	TYPE:Magic.Wand.Arcane		WT:.0625	BASEITEM:Wand		EQMOD:SPL_CHRG|SPELLNAME[Conjurer's Toolbelt]SPELLLEVEL[1/2]CASTERLEVEL[1]CHARGES[50]			SOURCEPAGE:p.16
Wand (Crescendo of Indefatigability)	OUTPUTNAME:Wand of [NAME]	TYPE:Magic.Wand.Arcane		WT:.0625	BASEITEM:Wand		EQMOD:SPL_CHRG|SPELLNAME[Crescendo of Indefatigability]SPELLLEVEL[1]CASTERLEVEL[1]CHARGES[50]		SOURCEPAGE:p.16
Wand (Debilitating Decrescendo)		OUTPUTNAME:Wand of [NAME]	TYPE:Magic.Wand.Arcane		WT:.0625	BASEITEM:Wand		EQMOD:SPL_CHRG|SPELLNAME[Debilitating Decrescendo]SPELLLEVEL[3]CASTERLEVEL[7]CHARGES[50]			SOURCEPAGE:p.17
Wand (Desiccate)					OUTPUTNAME:Wand of [NAME]	TYPE:Magic.Wand.Arcane		WT:.0625	BASEITEM:Wand		EQMOD:SPL_CHRG|SPELLNAME[Desiccate]SPELLLEVEL[3]CASTERLEVEL[5]CHARGES[50]					SOURCEPAGE:p.17
Wand (Detect Ward)				OUTPUTNAME:Wand of [NAME]	TYPE:Magic.Wand.Arcane		WT:.0625	BASEITEM:Wand		EQMOD:SPL_CHRG|SPELLNAME[Detect Ward]SPELLLEVEL[2]CASTERLEVEL[3]CHARGES[50]					SOURCEPAGE:p.17
Wand (Dig)						OUTPUTNAME:Wand of [NAME]	TYPE:Magic.Wand.Arcane.Divine	WT:.0625	BASEITEM:Wand		EQMOD:SPL_CHRG|SPELLNAME[Dig]SPELLLEVEL[2]CASTERLEVEL[3]CHARGES[50]						SOURCEPAGE:p.18
Wand (Dirge of the Walking Dead)		OUTPUTNAME:Wand of [NAME]	TYPE:Magic.Wand.Arcane		WT:.0625	BASEITEM:Wand		EQMOD:SPL_CHRG|SPELLNAME[Dirge of the Walking Dead]SPELLLEVEL[2]CASTERLEVEL[4]CHARGES[50]			SOURCEPAGE:p.18
Wand (Disruption Missiles)			OUTPUTNAME:Wand of [NAME]	TYPE:Magic.Wand.Arcane		WT:.0625	BASEITEM:Wand		EQMOD:SPL_CHRG|SPELLNAME[Disruption Missiles]SPELLLEVEL[2]CASTERLEVEL[3]CHARGES[50]				SOURCEPAGE:p.18
Wand (Divine Heart)				OUTPUTNAME:Wand of [NAME]	TYPE:Magic.Wand.Divine		WT:.0625	BASEITEM:Wand		EQMOD:SPL_CHRG|SPELLNAME[Divine Heart]SPELLLEVEL[2]CASTERLEVEL[3]CHARGES[50]					SOURCEPAGE:p.20
Wand (Doom Fog)					OUTPUTNAME:Wand of [NAME]	TYPE:Magic.Wand.Arcane.Divine	WT:.0625	BASEITEM:Wand		EQMOD:SPL_CHRG|SPELLNAME[Doom Fog]SPELLLEVEL[3]CASTERLEVEL[5]CHARGES[50]					SOURCEPAGE:p.20
Wand (Dramatic Visage)				OUTPUTNAME:Wand of [NAME]	TYPE:Magic.Wand.Arcane.Divine	WT:.0625	BASEITEM:Wand		EQMOD:SPL_CHRG|SPELLNAME[Dramatic Visage]SPELLLEVEL[2]CASTERLEVEL[3]CHARGES[50]				SOURCEPAGE:p.20
Wand (Eagle Eyes)					OUTPUTNAME:Wand of [NAME]	TYPE:Magic.Wand.Divine		WT:.0625	BASEITEM:Wand		EQMOD:SPL_CHRG|SPELLNAME[Eagle Eyes]SPELLLEVEL[1]CASTERLEVEL[1]CHARGES[50]					SOURCEPAGE:p.21
Wand (Enlarge Ward)				OUTPUTNAME:Wand of [NAME]	TYPE:Magic.Wand.Arcane		WT:.0625	BASEITEM:Wand		EQMOD:SPL_CHRG|SPELLNAME[Enlarge Ward]SPELLLEVEL[3]CASTERLEVEL[5]CHARGES[50]					SOURCEPAGE:p.21
Wand (Exhaust)					OUTPUTNAME:Wand of [NAME]	TYPE:Magic.Wand.Arcane		WT:.0625	BASEITEM:Wand		EQMOD:SPL_CHRG|SPELLNAME[Exhaust]SPELLLEVEL[2]CASTERLEVEL[3]CHARGES[50]						SOURCEPAGE:p.21
Wand (False History)				OUTPUTNAME:Wand of [NAME]	TYPE:Magic.Wand.Arcane		WT:.0625	BASEITEM:Wand		EQMOD:SPL_CHRG|SPELLNAME[False History]SPELLLEVEL[3]CASTERLEVEL[7]CHARGES[50]					SOURCEPAGE:p.22
Wand (False Love's Kiss)			OUTPUTNAME:Wand of [NAME]	TYPE:Magic.Wand.Arcane		WT:.0625	BASEITEM:Wand		EQMOD:SPL_CHRG|SPELLNAME[False Love's Kiss]SPELLLEVEL[3]CASTERLEVEL[5]CHARGES[50]				SOURCEPAGE:p.22
Wand (Fearsome Fortissimo)			OUTPUTNAME:Wand of [NAME]	TYPE:Magic.Wand.Arcane		WT:.0625	BASEITEM:Wand		EQMOD:SPL_CHRG|SPELLNAME[Fearsome Fortissimo]SPELLLEVEL[3]CASTERLEVEL[7]CHARGES[50]				SOURCEPAGE:p.22
Wand (Felonious Friend I)			OUTPUTNAME:Wand of [NAME]	TYPE:Magic.Wand.Arcane		WT:.0625	BASEITEM:Wand		EQMOD:SPL_CHRG|SPELLNAME[Felonious Friend I]SPELLLEVEL[2]CASTERLEVEL[3]CHARGES[50]				SOURCEPAGE:p.23
Wand (Felonious Friend II)			OUTPUTNAME:Wand of [NAME]	TYPE:Magic.Wand.Arcane		WT:.0625	BASEITEM:Wand		EQMOD:SPL_CHRG|SPELLNAME[Felonious Friend II]SPELLLEVEL[4]CASTERLEVEL[7]CHARGES[50]				SOURCEPAGE:p.23
Wand (Fleet Feet)					OUTPUTNAME:Wand of [NAME]	TYPE:Magic.Wand.Divine		WT:.0625	BASEITEM:Wand		EQMOD:SPL_CHRG|SPELLNAME[Fleet Feet]SPELLLEVEL[2]CASTERLEVEL[3]CHARGES[50]					SOURCEPAGE:p.24
Wand (Floor of Fire)				OUTPUTNAME:Wand of [NAME]	TYPE:Magic.Wand.Arcane.Divine	WT:.0625	BASEITEM:Wand		EQMOD:SPL_CHRG|SPELLNAME[Floor of Fire]SPELLLEVEL[3]CASTERLEVEL[5]CHARGES[50]					SOURCEPAGE:p.24
Wand (Forgetfulness)				OUTPUTNAME:Wand of [NAME]	TYPE:Magic.Wand.Arcane		WT:.0625	BASEITEM:Wand		EQMOD:SPL_CHRG|SPELLNAME[Forgetfulness]SPELLLEVEL[1]CASTERLEVEL[1]CHARGES[50]					SOURCEPAGE:p.25
Wand (Gandar's Chatterbox)			OUTPUTNAME:Wand of [NAME]	TYPE:Magic.Wand.Arcane		WT:.0625	BASEITEM:Wand		EQMOD:SPL_CHRG|SPELLNAME[Gandar's Chatterbox]SPELLLEVEL[2]CASTERLEVEL[4]CHARGES[50]				SOURCEPAGE:p.26
Wand (Glittering Robe)				OUTPUTNAME:Wand of [NAME]	TYPE:Magic.Wand.Arcane		WT:.0625	BASEITEM:Wand		EQMOD:SPL_CHRG|SPELLNAME[Glittering Robe]SPELLLEVEL[2]CASTERLEVEL[3]CHARGES[50]				SOURCEPAGE:p.27
Wand (Gossip)					OUTPUTNAME:Wand of [NAME]	TYPE:Magic.Wand.Arcane		WT:.0625	BASEITEM:Wand		EQMOD:SPL_CHRG|SPELLNAME[Gossip]SPELLLEVEL[3]CASTERLEVEL[7]CHARGES[50]						SOURCEPAGE:p.27
Wand (Halo of Vengeance)			OUTPUTNAME:Wand of [NAME]	TYPE:Magic.Wand.Divine		WT:.0625	BASEITEM:Wand		EQMOD:SPL_CHRG|SPELLNAME[Halo of Vengeance]SPELLLEVEL[4]CASTERLEVEL[7]CHARGES[50]				SOURCEPAGE:p.28
Wand (Hammerstrike)				OUTPUTNAME:Wand of [NAME]	TYPE:Magic.Wand.Arcane		WT:.0625	BASEITEM:Wand		EQMOD:SPL_CHRG|SPELLNAME[Hammerstrike]SPELLLEVEL[1]CASTERLEVEL[1]CHARGES[50]					SOURCEPAGE:p.28
Wand (Hesitate)					OUTPUTNAME:Wand of [NAME]	TYPE:Magic.Wand.Arcane		WT:.0625	BASEITEM:Wand		EQMOD:SPL_CHRG|SPELLNAME[Hesitate]SPELLLEVEL[1]CASTERLEVEL[1]CHARGES[50]					SOURCEPAGE:p.28
Wand (Illusionary Bolt)				OUTPUTNAME:Wand of [NAME]	TYPE:Magic.Wand.Arcane		WT:.0625	BASEITEM:Wand		EQMOD:SPL_CHRG|SPELLNAME[Illusionary Bolt]SPELLLEVEL[1]CASTERLEVEL[1]CHARGES[50]				SOURCEPAGE:p.29
Wand (Immobilize)					OUTPUTNAME:Wand of [NAME]	TYPE:Magic.Wand.Arcane		WT:.0625	BASEITEM:Wand		EQMOD:SPL_CHRG|SPELLNAME[Immobilize]SPELLLEVEL[2]CASTERLEVEL[4]CHARGES[50]					SOURCEPAGE:p.29
Wand (Imprint)					OUTPUTNAME:Wand of [NAME]	TYPE:Magic.Wand.Arcane		WT:.0625	BASEITEM:Wand		EQMOD:SPL_CHRG|SPELLNAME[Imprint]SPELLLEVEL[2]CASTERLEVEL[3]CHARGES[50]						SOURCEPAGE:p.29
Wand (Inspire)					OUTPUTNAME:Wand of [NAME]	TYPE:Magic.Wand.Arcane		WT:.0625	BASEITEM:Wand		EQMOD:SPL_CHRG|SPELLNAME[Inspire]SPELLLEVEL[2]CASTERLEVEL[4]CHARGES[50]						SOURCEPAGE:p.31
Wand (Instability)				OUTPUTNAME:Wand of [NAME]	TYPE:Magic.Wand.Arcane		WT:.0625	BASEITEM:Wand		EQMOD:SPL_CHRG|SPELLNAME[Instability]SPELLLEVEL[2]CASTERLEVEL[3]CHARGES[50]					SOURCEPAGE:p.31
Wand (Jester's Gift)				OUTPUTNAME:Wand of [NAME]	TYPE:Magic.Wand.Arcane		WT:.0625	BASEITEM:Wand		EQMOD:SPL_CHRG|SPELLNAME[Jester's Gift]SPELLLEVEL[1]CASTERLEVEL[1]CHARGES[50]					SOURCEPAGE:p.31
Wand (Keen Ear)					OUTPUTNAME:Wand of [NAME]	TYPE:Magic.Wand.Arcane.Divine	WT:.0625	BASEITEM:Wand		EQMOD:SPL_CHRG|SPELLNAME[Keen Ear]SPELLLEVEL[1]CASTERLEVEL[1]CHARGES[50]					SOURCEPAGE:p.31
Wand (Lethargy)					OUTPUTNAME:Wand of [NAME]	TYPE:Magic.Wand.Arcane		WT:.0625	BASEITEM:Wand		EQMOD:SPL_CHRG|SPELLNAME[Lethargy]SPELLLEVEL[4]CASTERLEVEL[7]CHARGES[50]					SOURCEPAGE:p.32
Wand (Lucius's Rustling Leaves)		OUTPUTNAME:Wand of [NAME]	TYPE:Magic.Wand.Divine		WT:.0625	BASEITEM:Wand		EQMOD:SPL_CHRG|SPELLNAME[Lucius's Rustling Leaves]SPELLLEVEL[1]CASTERLEVEL[1]CHARGES[50]			SOURCEPAGE:p.32
Wand (Maddening Babble)				OUTPUTNAME:Wand of [NAME]	TYPE:Magic.Wand.Arcane		WT:.0625	BASEITEM:Wand		EQMOD:SPL_CHRG|SPELLNAME[Maddening Babble]SPELLLEVEL[3]CASTERLEVEL[7]CHARGES[50]				SOURCEPAGE:p.32
Wand (Malediction of Razors)			OUTPUTNAME:Wand of [NAME]	TYPE:Magic.Wand.Arcane		WT:.0625	BASEITEM:Wand		EQMOD:SPL_CHRG|SPELLNAME[Malediction of Razors]SPELLLEVEL[3]CASTERLEVEL[5]CHARGES[50]			SOURCEPAGE:p.33
Wand (Mantle of Shadows)			OUTPUTNAME:Wand of [NAME]	TYPE:Magic.Wand.Arcane		WT:.0625	BASEITEM:Wand		EQMOD:SPL_CHRG|SPELLNAME[Mantle of Shadows]SPELLLEVEL[1]CASTERLEVEL[1]CHARGES[50]				SOURCEPAGE:p.33
Wand (Marathon Prowess)				OUTPUTNAME:Wand of [NAME]	TYPE:Magic.Wand.Divine		WT:.0625	BASEITEM:Wand		EQMOD:SPL_CHRG|SPELLNAME[Marathon Prowess]SPELLLEVEL[3]CASTERLEVEL[5]CHARGES[50]				SOURCEPAGE:p.33
Wand (Multi Image)				OUTPUTNAME:Wand of [NAME]	TYPE:Magic.Wand.Arcane		WT:.0625	BASEITEM:Wand		EQMOD:SPL_CHRG|SPELLNAME[Multi Image]SPELLLEVEL[4]CASTERLEVEL[7]CHARGES[50]					SOURCEPAGE:p.34
Wand (Pack of Ghouls)				OUTPUTNAME:Wand of [NAME]	TYPE:Magic.Wand.Divine		WT:.0625	BASEITEM:Wand		EQMOD:SPL_CHRG|SPELLNAME[Pack of Ghouls]SPELLLEVEL[4]CASTERLEVEL[7]CHARGES[50]				SOURCEPAGE:p.35
Wand (Paraphasic Pianissimo)			OUTPUTNAME:Wand of [NAME]	TYPE:Magic.Wand.Arcane		WT:.0625	BASEITEM:Wand		EQMOD:SPL_CHRG|SPELLNAME[Paraphasic Pianissimo]SPELLLEVEL[3]CASTERLEVEL[7]CHARGES[50]			SOURCEPAGE:p.35
Wand (Poisoned Goblet)				OUTPUTNAME:Wand of [NAME]	TYPE:Magic.Wand.Arcane		WT:.0625	BASEITEM:Wand		EQMOD:SPL_CHRG|SPELLNAME[Poisoned Goblet]SPELLLEVEL[4]CASTERLEVEL[7]CHARGES[50]				SOURCEPAGE:p.35
Wand (Privacy)					OUTPUTNAME:Wand of [NAME]	TYPE:Magic.Wand.Arcane		WT:.0625	BASEITEM:Wand		EQMOD:SPL_CHRG|SPELLNAME[Privacy]SPELLLEVEL[4]CASTERLEVEL[7]CHARGES[50]						SOURCEPAGE:p.36
Wand (Protect Book)				OUTPUTNAME:Wand of [NAME]	TYPE:Magic.Wand.Arcane		WT:.0625	BASEITEM:Wand		EQMOD:SPL_CHRG|SPELLNAME[Protect Book]SPELLLEVEL[2]CASTERLEVEL[3]CHARGES[50]					SOURCEPAGE:p.36
Wand (Quakethrust)				OUTPUTNAME:Wand of [NAME]	TYPE:Magic.Wand.Arcane		WT:.0625	BASEITEM:Wand		EQMOD:SPL_CHRG|SPELLNAME[Quakethrust]SPELLLEVEL[1]CASTERLEVEL[1]CHARGES[50]					SOURCEPAGE:p.37
Wand (Quill)					OUTPUTNAME:Wand of [NAME]	TYPE:Magic.Wand.Arcane		WT:.0625	BASEITEM:Wand		EQMOD:SPL_CHRG|SPELLNAME[Quill]SPELLLEVEL[1/2]CASTERLEVEL[1]CHARGES[50]						SOURCEPAGE:p.38
Wand (Repel Undead)				OUTPUTNAME:Wand of [NAME]	TYPE:Magic.Wand.Arcane		WT:.0625	BASEITEM:Wand		EQMOD:SPL_CHRG|SPELLNAME[Repel Undead]SPELLLEVEL[4]CASTERLEVEL[7]CHARGES[50]					SOURCEPAGE:p.38
Wand (Rescue)					OUTPUTNAME:Wand of [NAME]	TYPE:Magic.Wand.Divine		WT:.0625	BASEITEM:Wand		EQMOD:SPL_CHRG|SPELLNAME[Rescue]SPELLLEVEL[3]CASTERLEVEL[5]CHARGES[50]						SOURCEPAGE:p.38
Wand (Restore Page)				OUTPUTNAME:Wand of [NAME]	TYPE:Magic.Wand.Arcane		WT:.0625	BASEITEM:Wand		EQMOD:SPL_CHRG|SPELLNAME[Restore Page]SPELLLEVEL[3]CASTERLEVEL[5]CHARGES[50]					SOURCEPAGE:p.39
Wand (Reveal Ward)				OUTPUTNAME:Wand of [NAME]	TYPE:Magic.Wand.Arcane		WT:.0625	BASEITEM:Wand		EQMOD:SPL_CHRG|SPELLNAME[Reveal Ward]SPELLLEVEL[3]CASTERLEVEL[5]CHARGES[50]					SOURCEPAGE:p.39
Wand (Rumor of the Earth)			OUTPUTNAME:Wand of [NAME]	TYPE:Magic.Wand.Divine		WT:.0625	BASEITEM:Wand		EQMOD:SPL_CHRG|SPELLNAME[Rumor of the Earth]SPELLLEVEL[3]CASTERLEVEL[11/2]CHARGES[50]			SOURCEPAGE:p.39
Wand (Scribe)					OUTPUTNAME:Wand of [NAME]	TYPE:Magic.Wand.Arcane		WT:.0625	BASEITEM:Wand		EQMOD:SPL_CHRG|SPELLNAME[Scribe]SPELLLEVEL[3]CASTERLEVEL[5]CHARGES[50]						SOURCEPAGE:p.40
Wand (Shadow Sight)				OUTPUTNAME:Wand of [NAME]	TYPE:Magic.Wand.Arcane		WT:.0625	BASEITEM:Wand		EQMOD:SPL_CHRG|SPELLNAME[Shadow Sight]SPELLLEVEL[3]CASTERLEVEL[5]CHARGES[50]					SOURCEPAGE:p.40
Wand (Shelve)					OUTPUTNAME:Wand of [NAME]	TYPE:Magic.Wand.Arcane.Divine	WT:.0625	BASEITEM:Wand		EQMOD:SPL_CHRG|SPELLNAME[Shelve]SPELLLEVEL[1/2]CASTERLEVEL[1]CHARGES[50]					SOURCEPAGE:p.40
Wand (Shockwave)					OUTPUTNAME:Wand of [NAME]	TYPE:Magic.Wand.Arcane.Divine	WT:.0625	BASEITEM:Wand		EQMOD:SPL_CHRG|SPELLNAME[Shockwave]SPELLLEVEL[2]CASTERLEVEL[3]CHARGES[50]					SOURCEPAGE:p.41
Wand (Slipping the Ranks)			OUTPUTNAME:Wand of [NAME]	TYPE:Magic.Wand.Arcane		WT:.0625	BASEITEM:Wand		EQMOD:SPL_CHRG|SPELLNAME[Slipping the Ranks]SPELLLEVEL[2]CASTERLEVEL[3]CHARGES[50]				SOURCEPAGE:p.41
Wand (Stench)					OUTPUTNAME:Wand of [NAME]	TYPE:Magic.Wand.Arcane		WT:.0625	BASEITEM:Wand		EQMOD:SPL_CHRG|SPELLNAME[Stench]SPELLLEVEL[1]CASTERLEVEL[1]CHARGES[50]						SOURCEPAGE:p.41
Wand (Stonelore)					OUTPUTNAME:Wand of [NAME]	TYPE:Magic.Wand.Divine		WT:.0625	BASEITEM:Wand		EQMOD:SPL_CHRG|SPELLNAME[Stonelore]SPELLLEVEL[2]CASTERLEVEL[4]CHARGES[50]					SOURCEPAGE:p.41
Wand (Strength of Mind)				OUTPUTNAME:Wand of [NAME]	TYPE:Magic.Wand.Arcane		WT:.0625	BASEITEM:Wand		EQMOD:SPL_CHRG|SPELLNAME[Strength of Mind]SPELLLEVEL[1]CASTERLEVEL[1]CHARGES[50]				SOURCEPAGE:p.42
Wand (Strongoak's Affinity with Nature)	OUTPUTNAME:Wand of [NAME]	TYPE:Magic.Wand.Divine		WT:.0625	BASEITEM:Wand		EQMOD:SPL_CHRG|SPELLNAME[Strongoak's Affinity with Nature]SPELLLEVEL[3]CASTERLEVEL[5]CHARGES[50]	SOURCEPAGE:p.42
Wand (Summarize)					OUTPUTNAME:Wand of [NAME]	TYPE:Magic.Wand.Arcane.Divine	WT:.0625	BASEITEM:Wand		EQMOD:SPL_CHRG|SPELLNAME[Summarize]SPELLLEVEL[1/2]CASTERLEVEL[1]CHARGES[50]					SOURCEPAGE:p.42
Wand (Sumptuous Feast)				OUTPUTNAME:Wand of [NAME]	TYPE:Magic.Wand.Arcane.Divine	WT:.0625	BASEITEM:Wand		EQMOD:SPL_CHRG|SPELLNAME[Sumptuous Feast]SPELLLEVEL[4]CASTERLEVEL[7]CHARGES[50]				SOURCEPAGE:p.43
Wand (Surface)					OUTPUTNAME:Wand of [NAME]	TYPE:Magic.Wand.Arcane.Divine	WT:.0625	BASEITEM:Wand		EQMOD:SPL_CHRG|SPELLNAME[Surface]SPELLLEVEL[2]CASTERLEVEL[3]CHARGES[50]						SOURCEPAGE:p.43
Wand (Sword of Justice)				OUTPUTNAME:Wand of [NAME]	TYPE:Magic.Wand.Divine		WT:.0625	BASEITEM:Wand		EQMOD:SPL_CHRG|SPELLNAME[Sword of Justice]SPELLLEVEL[3]CASTERLEVEL[11/2]CHARGES[50]				SOURCEPAGE:p.43
Wand (Syron's Dancing Shield)			OUTPUTNAME:Wand of [NAME]	TYPE:Magic.Wand.Arcane		WT:.0625	BASEITEM:Wand		EQMOD:SPL_CHRG|SPELLNAME[Syron's Dancing Shield]SPELLLEVEL[3]CASTERLEVEL[5]CHARGES[50]			SOURCEPAGE:p.43
Wand (Syron's Energy Armor)			OUTPUTNAME:Wand of [NAME]	TYPE:Magic.Wand.Arcane		WT:.0625	BASEITEM:Wand		EQMOD:SPL_CHRG|SPELLNAME[Syron's Energy Armor]SPELLLEVEL[1]CASTERLEVEL[1]CHARGES[50]			SOURCEPAGE:p.44
Wand (Tickle Finger)				OUTPUTNAME:Wand of [NAME]	TYPE:Magic.Wand.Arcane		WT:.0625	BASEITEM:Wand		EQMOD:SPL_CHRG|SPELLNAME[Tickle Finger]SPELLLEVEL[1]CASTERLEVEL[1]CHARGES[50]					SOURCEPAGE:p.44
Wand (Titan's Strength)				OUTPUTNAME:Wand of [NAME]	TYPE:Magic.Wand.Arcane.Divine	WT:.0625	BASEITEM:Wand		EQMOD:SPL_CHRG|SPELLNAME[Titan's Strength]SPELLLEVEL[4]CASTERLEVEL[7]CHARGES[50]				SOURCEPAGE:p.44
Wand (Trigger Trap)				OUTPUTNAME:Wand of [NAME]	TYPE:Magic.Wand.Arcane		WT:.0625	BASEITEM:Wand		EQMOD:SPL_CHRG|SPELLNAME[Trigger Trap]SPELLLEVEL[3]CASTERLEVEL[5]CHARGES[50]					SOURCEPAGE:p.44
Wand (Unravel)					OUTPUTNAME:Wand of [NAME]	TYPE:Magic.Wand.Arcane		WT:.0625	BASEITEM:Wand		EQMOD:SPL_CHRG|SPELLNAME[Unravel]SPELLLEVEL[1]CASTERLEVEL[1]CHARGES[50]						SOURCEPAGE:p.46
Wand (Valus's Mass Missile)			OUTPUTNAME:Wand of [NAME]	TYPE:Magic.Wand.Arcane		WT:.0625	BASEITEM:Wand		EQMOD:SPL_CHRG|SPELLNAME[Valus's Mass Missile]SPELLLEVEL[3]CASTERLEVEL[5]CHARGES[50]			SOURCEPAGE:p.46
Wand (Venomous Spray)				OUTPUTNAME:Wand of [NAME]	TYPE:Magic.Wand.Divine		WT:.0625	BASEITEM:Wand		EQMOD:SPL_CHRG|SPELLNAME[Venomous Spray]SPELLLEVEL[4]CASTERLEVEL[7]CHARGES[50]				SOURCEPAGE:p.46-47
Wand (Vigilant Guardians)			OUTPUTNAME:Wand of [NAME]	TYPE:Magic.Wand.Arcane		WT:.0625	BASEITEM:Wand		EQMOD:SPL_CHRG|SPELLNAME[Vigilant Guardians]SPELLLEVEL[2]CASTERLEVEL[3]CHARGES[50]				SOURCEPAGE:p.47
Wand (Voice of Authority)			OUTPUTNAME:Wand of [NAME]	TYPE:Magic.Wand.Arcane		WT:.0625	BASEITEM:Wand		EQMOD:SPL_CHRG|SPELLNAME[Voice of Authority]SPELLLEVEL[2]CASTERLEVEL[4]CHARGES[50]				SOURCEPAGE:p.47
Wand (Wall of Earth)				OUTPUTNAME:Wand of [NAME]	TYPE:Magic.Wand.Divine		WT:.0625	BASEITEM:Wand		EQMOD:SPL_CHRG|SPELLNAME[Wall of Earth]SPELLLEVEL[4]CASTERLEVEL[7]CHARGES[50]					SOURCEPAGE:p.48
Wand (Web Walking)				OUTPUTNAME:Wand of [NAME]	TYPE:Magic.Wand.Arcane.Divine	WT:.0625	BASEITEM:Wand		EQMOD:SPL_CHRG|SPELLNAME[Web Walking]SPELLLEVEL[1]CASTERLEVEL[1]CHARGES[50]					SOURCEPAGE:p.49
Wand (Weightless Cube)				OUTPUTNAME:Wand of [NAME]	TYPE:Magic.Wand.Arcane		WT:.0625	BASEITEM:Wand		EQMOD:SPL_CHRG|SPELLNAME[Weightless Cube]SPELLLEVEL[2]CASTERLEVEL[3]CHARGES[50]				SOURCEPAGE:p.49
Wand (Whirlwind of Ice)				OUTPUTNAME:Wand of [NAME]	TYPE:Magic.Wand.Divine		WT:.0625	BASEITEM:Wand		EQMOD:SPL_CHRG|SPELLNAME[Whirlwind of Ice]SPELLLEVEL[1]CASTERLEVEL[1]CHARGES[50]				SOURCEPAGE:p.49
Wand (Whispering Branches)			OUTPUTNAME:Wand of [NAME]	TYPE:Magic.Wand.Divine		WT:.0625	BASEITEM:Wand		EQMOD:SPL_CHRG|SPELLNAME[Whispering Branches]SPELLLEVEL[1]CASTERLEVEL[1]CHARGES[50]				SOURCEPAGE:p.50
Wand (Zone of Visibility)			OUTPUTNAME:Wand of [NAME]	TYPE:Magic.Wand.Arcane		WT:.0625	BASEITEM:Wand		EQMOD:SPL_CHRG|SPELLNAME[Zone of Visibility]SPELLLEVEL[3]CASTERLEVEL[5]CHARGES[50]				SOURCEPAGE:p.50

