# CVS $Revision$ $Author$ -- Fri Oct 19 20:16:09 2012 -- reformated by prettylst.pl v1.39 (build 15052)
SOURCELONG:Midnight - Against the Shadow	SOURCESHORT:AtS	SOURCEWEB:http://www.fantasyflightgames.com/midnight.html	SOURCEDATE:2003-01
#Original Entry By: Aaron Divinsky

###Block: Simple Weapons
#Small
# Equipment Name	Required Weapon Proficiency		Type									Cost		Weight	Critical Hit Multiplier	Critical Hit Range	Damage	Modifier	Size		Source Page		Add to vision			Special Property
Farmer's Rope	PROFICIENCY:WEAPON|Farmer's Rope	TYPE:Weapon.Simple.Melee.Bludgeoning.Standar		COST:0	WT:5		CRITMULT:x2			CRITRANGE:1			DAMAGE:1d2	EQMOD:ROPE	SIZE:S	SOURCEPAGE:p. 83						SPROP:+2 on attack roll when used to aid another
Tack Whip		PROFICIENCY:WEAPON|Tack Whip		TYPE:Weapon.Simple.Melee.Slashing.Standard		COST:12	WT:7		CRITMULT:x2			CRITRANGE:2			DAMAGE:1d4			SIZE:S	SOURCEPAGE:p. 82
#Medium
Horse Hammer	PROFICIENCY:WEAPON|Horse Hammer	TYPE:Weapon.Simple.Melee.Bludgeoning.Standard.Hammer	COST:30	WT:15		CRITMULT:x2			CRITRANGE:1			DAMAGE:1d4	EQMOD:STEEL	SIZE:M	SOURCEPAGE:p. 83						SPROP:+10 to Str check to make trip attack against Medium or Large quadruped.	SPROP:3 rounds to ready after use on foot.
Wogren Jawhelm	PROFICIENCY:WEAPON|Wogren Jawhelm	TYPE:Weapon.Simple.Melee.Slashing.Standard		COST:50	WT:8		CRITMULT:x3			CRITRANGE:1			DAMAGE:2d4	EQMOD:STEEL	SIZE:M	SOURCEPAGE:p. 85	BONUS:VISION|Blindsight|-50

###Block: Exotic Weapons
#Small
# Equipment Name			Output Name						Required Weapon Proficiency				Type												Alternative Type				Cost		Weight	Critical Hit Multiplier	Critical Hit Range	Alternative Critical	Alternative Critical Range	Damage	Alternative Damage	Modifier	Alternative Modifier	Range		Reach Multiplier	Size		Source Page		Special Property
Orc Slitter											PROFICIENCY:WEAPON|Orc Slitter			TYPE:Weapon.Exotic.Melee.Slashing.Standard											COST:30	WT:2		CRITMULT:x2			CRITRANGE:2												DAMAGE:1d6					EQMOD:STEEL										SIZE:S	SOURCEPAGE:p. 84	SPROP:+1 damage and +4 to confirm crits against orcs.
### TODO:What does "treat the staghorn as a small spiked shield" mean?
Staghorn											PROFICIENCY:WEAPON|Staghorn				TYPE:Weapon.Exotic.Melee.Piercing.Standard											COST:15	WT:4		CRITMULT:x2			CRITRANGE:2												DAMAGE:1d4					EQMOD:HORN										SIZE:S	SOURCEPAGE:p. 85	SPROP:+6 to disarm roll.
Atharak											PROFICIENCY:WEAPON|Atharak				TYPE:Weapon.Exotic.Melee.Bludgeoning.Standard.Finesseable.Double.Reach	ALTTYPE:Weapon.Melee.Bludgeoning	COST:2	WT:4		CRITMULT:x2			CRITRANGE:1			ALTCRITMULT:x2		ALTCRITRANGE:1			DAMAGE:1d4	ALTDAMAGE:1d4		EQMOD:STONE	ALTEQMOD:STONE				REACHMULT:2		SIZE:S	SOURCEPAGE:p. 81	SPROP:+2 on attack rolls to disarm	SPROP:+4 on checks to hide or disguise atharak
#Medium
Lance (Halfling)			OUTPUTNAME:Lance, [NAME]			PROFICIENCY:WEAPON|Lance (Halfling)			TYPE:Weapon.Exotic.Melee.Piercing.Standard.Lance										COST:12	WT:5		CRITMULT:x3			CRITRANGE:1												DAMAGE:1d6					EQMOD:WOOD										SIZE:M	SOURCEPAGE:p. 84
Tangle Spear										PROFICIENCY:WEAPON|Tangle Spear			TYPE:Weapon.Exotic.Melee.Piercing.Standard.Spear										COST:10	WT:5		CRITMULT:x1			CRITRANGE:5												DAMAGE:1d6					EQMOD:WOOD										SIZE:M	SOURCEPAGE:p. 85
Vardatch (Crafted)		OUTPUTNAME:Vardatch, [NAME]			PROFICIENCY:WEAPON|Vardatch (Crafted)		TYPE:Weapon.Exotic.Melee.Piercing.Slashing.Standard														CRITMULT:x2			CRITRANGE:2			ALTCRITMULT:x3		ALTCRITRANGE:1			DAMAGE:1d10					EQMOD:STEEL										SIZE:M	SOURCEPAGE:p. 85
#Large
Bladed Staff										PROFICIENCY:WEAPON|Bladed Staff			TYPE:Weapon.Exotic.Melee.Slashing.Standard.Double										COST:110	WT:8		CRITMULT:x2			CRITRANGE:2			ALTCRITMULT:x2		ALTCRITRANGE:2			DAMAGE:1d8	ALTDAMAGE:1d8		EQMOD:STEEL										SIZE:L	SOURCEPAGE:p. 81
Dornish Horse Spear									PROFICIENCY:WEAPON|Dornish Horse Spear		TYPE:Weapon.Exotic.Melee.Piercing.Bludgeoning.Spear										COST:15	WT:12		CRITMULT:x3			CRITRANGE:1			ALTCRITMULT:x2		ALTCRITRANGE:1			DAMAGE:1d8	ALTDAMAGE:1d10		EQMOD:WOOD										SIZE:L	SOURCEPAGE:p. 82
Lance (Sarcosan)			OUTPUTNAME:Lance, [NAME]			PROFICIENCY:WEAPON|Lance (Sarcosan)			TYPE:Weapon.Exotic.Melee.Piercing.Standard.Reach.Lance									COST:8	WT:5		CRITMULT:x3			CRITRANGE:1												DAMAGE:1d6					EQMOD:WOOD					RANGE:10	REACHMULT:2		SIZE:L	SOURCEPAGE:p. 84
Vardatch (Crafted (Greater))	OUTPUTNAME:Vardatch, Greater Crafted	PROFICIENCY:WEAPON|Vardatch (Crafted (Greater))	TYPE:Weapon.Exotic.Melee.Slashing.Standard															CRITMULT:x2			CRITRANGE:2			ALTCRITMULT:x3		ALTCRITRANGE:1			DAMAGE:2d6					EQMOD:STEEL										SIZE:L	SOURCEPAGE:p. 85

#
# End
#
