# CVS $Revision$ $Author$ -- Tue Dec 15 01:48:08 2015 -- reformated by PCGen PrettyLST v6.06.00
SOURCELONG:Shadows of Shinobi	SOURCESHORT:SoS	SOURCEWEB:http://paginas.terra.com.br/lazer/tiagobhz/secular/site/products.html#ninja	SOURCEDATE:2005-01

#CREATED BY: Paul W. King, Jan 2007
#EDITED BY: Paul W. King, Jan 2007

###BLOCK: Tiny weapons
# Equipment Name	Required Weapon Proficiency		Type								Cost		Weight	Crit Mult	Crit Range	Damage	Wield Category	Range		Size		Source Page
Bo Shuriken		PROFICIENCY:WEAPON|Bo Shuriken	TYPE:Weapon.Exotic.Piercing.Melee.Thrown		COST:1	WT:0		CRITMULT:x2	CRITRANGE:1	DAMAGE:1	WIELD:Light		RANGE:10	SIZE:T	SOURCEPAGE:p.32
Tsubute		PROFICIENCY:WEAPON|Tsubute		TYPE:Weapon.Exotic.Bludgeoning.Melee.Thrown	COST:1	WT:0.5	CRITMULT:x2	CRITRANGE:1	DAMAGE:1d2	WIELD:Light		RANGE:10	SIZE:T	SOURCEPAGE:p.32

###BLOCK: Small weapons
# Equipment Name	Required Weapon Proficiency		Type							Cost		Weight	Crit Mult	Crit Range	Damage	Wield Category	Range		Size		Source Page
Futokoro Teppo	PROFICIENCY:WEAPON|Futokoro Teppo	TYPE:Weapon.Exotic.Piercing.Melee.Thrown	COST:100	WT:1		CRITMULT:x3	CRITRANGE:1	DAMAGE:2d6	WIELD:Light		RANGE:20	SIZE:S	SOURCEPAGE:p.32
Uchi Ne		PROFICIENCY:WEAPON|Uchi Ne		TYPE:Weapon.Exotic.Piercing.Melee.Thrown	COST:1	WT:0.5	CRITMULT:x2	CRITRANGE:2	DAMAGE:1d3	WIELD:Light		RANGE:15	SIZE:S	SOURCEPAGE:p.32

###BLOCK: Medium weapons
# Equipment Name	Required Weapon Proficiency	Type						Cost		Weight	Crit Mult	Crit Range	Damage	Wield Category	Size		Source Page
Ninja To		PROFICIENCY:WEAPON|Ninja To	TYPE:Weapon.Melee.Exotic.Slashing	COST:20	WT:4		CRITMULT:x2	CRITRANGE:2	DAMAGE:1d6	WIELD:OneHanded	SIZE:M	SOURCEPAGE:p.32

###BLOCK: Large weapons
# Equipment Name	Required Weapon Proficiency		Type									Cost		Weight	Crit Mult	Crit Range	Alt Crit Mult	Alt Crit Range	Damage	Alt Damage		Wield Category	Range		Size		Source Page
Bakuhatsugama	PROFICIENCY:WEAPON|Bakuhatsugama	TYPE:Weapon.Melee.Exotic.Slashing				COST:25	WT:6		CRITMULT:x2	CRITRANGE:1							DAMAGE:1d6				WIELD:TwoHanded			SIZE:L	SOURCEPAGE:p.32
Hyakurai Ju		PROFICIENCY:WEAPON|Hyakurai Ju	TYPE:Weapon.Ranged.Melee.Thrown.Exotic.Bludgeoning	COST:250	WT:20		CRITMULT:x3	CRITRANGE:1							DAMAGE:3d8				WIELD:TwoHanded	RANGE:45	SIZE:L	SOURCEPAGE:p.32
Kusarigama		PROFICIENCY:WEAPON|Kusarigama		TYPE:Weapon.Melee.Exotic.TwoHanded.Double.Slashing	COST:40	WT:8		CRITMULT:x2	CRITRANGE:1	ALTCRITMULT:x2	ALTCRITRANGE:1	DAMAGE:1d6	ALTDAMAGE:1d6	WIELD:TwoHanded			SIZE:L	SOURCEPAGE:p.32

###BLOCK: Goods
# Equipment Name		Type				Cost		Weight	Source Page		Temporary Bonus
Doka				TYPE:Equipment.Goods	COST:25	WT:6		SOURCEPAGE:p.33
Musubi Bashigo ~ 50 ft	TYPE:Equipment.Goods	COST:50	WT:1		SOURCEPAGE:p.33	TEMPBONUS:ANYPC|SKILL|Climb|2|TYPE=Competence
Tegake			TYPE:Equipment.Goods	COST:45	WT:1		SOURCEPAGE:p.33	TEMPBONUS:ANYPC|SKILL|Climb|2|TYPE=Circumstance
Ashiko			TYPE:Equipment.Goods	COST:45	WT:1		SOURCEPAGE:p.33	TEMPBONUS:ANYPC|SKILL|Climb|2|TYPE=Circumstance
Nagedepppo			TYPE:Equipment.Goods	COST:50	WT:1		SOURCEPAGE:p.33

###BLOCK: Magic
# Equipment Name					Required Weapon Proficiency		Type										Cost		Weight	AC Penalty Check	Crit Mult	Crit Range	Damage	Modifier					Wield Category	Maximum DEX Bonus	Size		Source Page		% of Spell Failure	Combat bonus			Weapon prop. bonus																				Temporary Bonus
Kogiros Disguise Kit										TYPE:Magic.Wondrous							COST:60000	WT:4																									SOURCEPAGE:p.34																																	TEMPBONUS:ANYPC|SKILL|Disguise|10|TYPE=Competence
Liars Bane ~ The Sword of the Silver Lord	PROFICIENCY:WEAPON|Sword (Bastard)	TYPE:Weapon.Melee.Martial.Exotic.Standard.Slashing.Sword	COST:56035	WT:6					CRITMULT:x2	CRITRANGE:2	DAMAGE:1d10	EQMOD:LAW_M.MWORKW.PLUS4W.STEEL	WIELD:TwoHanded				SIZE:M	SOURCEPAGE:p.35										BONUS:WEAPON|WIELDCATEGORY|-1|PREABILITY:1,CATEGORY=FEAT,Exotic Weapon Proficiency (Sword (Bastard))	BONUS:WEAPON|DAMAGE|SKILLRANK=Bluff
Mail of Shadows											TYPE:Armor.Light.Suit.Standard					COST:6025	WT:20		ACCHECK:-1								EQMOD:MWORKA.PLUS3A.SHDW.SLK.STEEL				MAXDEX:5				SOURCEPAGE:p.35	SPELLFAILURE:15		BONUS:COMBAT|AC|3|TYPE=Armor

#
# End
#
