# CVS $Revision: $ $Author: $ -- Tue Jul 16 09:27:47 2013 -- reformated by prettylst.pl v1.50 (build 20400)
SOURCELONG:Psionics Expanded	SOURCESHORT:PsiEx	SOURCEWEB:http://dreamscarredpress.com/dragonfly/index.php	SOURCEDATE:2012-07
# ORIGINAL ENTRY: Douglas Limmer
# ORIGINAL ENTRY DATE: 2013/07/05

###Block: Astral Warrior class

# Class Name		Hit Dice	Type				Class Type			Max Level		Source Page		Levels per Feat	Ability																		Automatically Gained Weapon Prof.		Save checks bonus											Combat bonus					Template
CLASS:Astral Warrior	HD:10		TYPE:Monster.Companion	CLASSTYPE:Companion	MAXLEVEL:NOLIMIT	SOURCEPAGE:p.66	LEVELSPERFEAT:0	ABILITY:FEAT|AUTOMATIC|CMB Output	ABILITY:Special Ability|AUTOMATIC|Construct Traits|PREVAREQ:NoTypeTraits,0	AUTO:WEAPONPROF|Astral Warrior Weapon	BONUS:SAVE|BASE.Fortitude,BASE.Will|classlevel("APPLIEDAS=NONEPIC")/2+2	BONUS:SAVE|BASE.Reflex|classlevel("APPLIEDAS=NONEPIC")/3	BONUS:COMBAT|BASEAB|classlevel("APPLIEDAS=NONEPIC")|TYPE=Base.REPLACE	TEMPLATE:Construct|Mindless
# Class Name		Reg. Race Type
CLASS:Astral Warrior	PRERACETYPE:Construct
# Class Name		Skill Pts/Lvl	Add INT to Skill Points?
CLASS:Astral Warrior	STARTSKILLPTS:0	MODTOSKILLS:NO

###Block: Horror Companion Classes

# Class Name		Output Name		Hit Dice	Type				Class Type			Max Level		Source Page		Levels per Feat	Ability																		Save checks bonus											Combat bonus					Template
CLASS:Horror (Fort/Ref)	OUTPUTNAME:Horror	HD:10		TYPE:Monster.Companion	CLASSTYPE:Companion	MAXLEVEL:NOLIMIT	SOURCEPAGE:p.70	LEVELSPERFEAT:0	ABILITY:FEAT|AUTOMATIC|CMB Output	ABILITY:Special Ability|AUTOMATIC|Construct Traits|PREVAREQ:NoTypeTraits,0	BONUS:SAVE|BASE.Fortitude,BASE.Reflex|classlevel("APPLIEDAS=NONEPIC")/2+2	BONUS:SAVE|BASE.Will|classlevel("APPLIEDAS=NONEPIC")/3	BONUS:COMBAT|BASEAB|classlevel("APPLIEDAS=NONEPIC")|TYPE=Base.REPLACE	TEMPLATE:Construct|Mindless
# Class Name		Reg. Race Type
CLASS:Horror (Fort/Ref)	PRERACETYPE:Construct
# Class Name		Skill Pts/Lvl	Add INT to Skill Points?
CLASS:Horror (Fort/Ref)	STARTSKILLPTS:0	MODTOSKILLS:NO

# Class Name			Output Name		Hit Dice	Type				Class Type			Max Level		Source Page		Levels per Feat	Ability																		Save checks bonus											Combat bonus					Template
CLASS:Horror (Fort/Will)	OUTPUTNAME:Horror	HD:10		TYPE:Monster.Companion	CLASSTYPE:Companion	MAXLEVEL:NOLIMIT	SOURCEPAGE:p.70	LEVELSPERFEAT:0	ABILITY:FEAT|AUTOMATIC|CMB Output	ABILITY:Special Ability|AUTOMATIC|Construct Traits|PREVAREQ:NoTypeTraits,0	BONUS:SAVE|BASE.Fortitude,BASE.Will|classlevel("APPLIEDAS=NONEPIC")/2+2	BONUS:SAVE|BASE.Reflex|classlevel("APPLIEDAS=NONEPIC")/3	BONUS:COMBAT|BASEAB|classlevel("APPLIEDAS=NONEPIC")|TYPE=Base.REPLACE	TEMPLATE:Construct|Mindless
# Class Name			Reg. Race Type
CLASS:Horror (Fort/Will)	PRERACETYPE:Construct
# Class Name			Skill Pts/Lvl	Add INT to Skill Points?
CLASS:Horror (Fort/Will)	STARTSKILLPTS:0	MODTOSKILLS:NO

# Class Name		Output Name		Hit Dice	Type				Class Type			Max Level		Source Page		Levels per Feat	Ability																		Save checks bonus											Combat bonus					Template
CLASS:Horror (Ref/Will)	OUTPUTNAME:Horror	HD:10		TYPE:Monster.Companion	CLASSTYPE:Companion	MAXLEVEL:NOLIMIT	SOURCEPAGE:p.70	LEVELSPERFEAT:0	ABILITY:FEAT|AUTOMATIC|CMB Output	ABILITY:Special Ability|AUTOMATIC|Construct Traits|PREVAREQ:NoTypeTraits,0	BONUS:SAVE|BASE.Reflex,BASE.Will|classlevel("APPLIEDAS=NONEPIC")/2+2	BONUS:SAVE|BASE.Fortitude|classlevel("APPLIEDAS=NONEPIC")/3	BONUS:COMBAT|BASEAB|classlevel("APPLIEDAS=NONEPIC")|TYPE=Base.REPLACE	TEMPLATE:Construct|Mindless
# Class Name		Reg. Race Type
CLASS:Horror (Ref/Will)	PRERACETYPE:Construct
# Class Name		Skill Pts/Lvl	Add INT to Skill Points?
CLASS:Horror (Ref/Will)	STARTSKILLPTS:0	MODTOSKILLS:NO

#
# End
#
