# CVS $Revision$ $Author$ -- Tue Dec 15 01:48:08 2015 -- reformated by PCGen PrettyLST v6.06.00
SOURCELONG:Netbook of Magical Treasures	SOURCESHORT:NboMT	SOURCEWEB:http://www.d20magicitems.org/	SOURCEDATE:2002-01

##Rings
# Equipment Name			Output Name				Type			Cost		Weight	Source Page			Bonus Ability Pool					Combat bonus				Bonus to skill				Stat bonus						Special Property
Ring (Purity)			OUTPUTNAME:Band of [NAME]	TYPE:Magic.Ring	COST:48825	WT:0		SOURCEPAGE:p.23																													SPROP:See text
# The "minimum Profession (cook) rank of 3" is missing from the Ring of Cooking.
Ring (Cooking)			OUTPUTNAME:Ring of [NAME]	TYPE:Magic.Ring	COST:3300	WT:0		SOURCEPAGE:p.23																BONUS:SKILL|Profession (Cook)|2								SPROP:See text
Ring (Divine Fate)		OUTPUTNAME:Ring of [NAME]	TYPE:Magic.Ring	COST:7000	WT:0		SOURCEPAGE:p.23																													SPROP:See text
Ring (Imp Master)			OUTPUTNAME:[NAME] Ring		TYPE:Magic.Ring	COST:50400	WT:0		SOURCEPAGE:p.24																													SPROP:See text
Ring (Slime Lord)			OUTPUTNAME:[NAME] Ring		TYPE:Magic.Ring	COST:69500	WT:0		SOURCEPAGE:p.24																													SPROP:See text
Ring (Sound Mind +2)		OUTPUTNAME:Ring of [NAME]	TYPE:Magic.Ring	COST:20000	WT:0		SOURCEPAGE:p.24																						BONUS:STAT|INT,WIS,CHA|2|TYPE=Enhancement	SPROP:See text
Ring (Sound Mind +4)		OUTPUTNAME:Ring of [NAME]	TYPE:Magic.Ring	COST:80000	WT:0		SOURCEPAGE:p.24																						BONUS:STAT|INT,WIS,CHA|4|TYPE=Enhancement	SPROP:See text
Ring (Sound Mind +6)		OUTPUTNAME:Ring of [NAME]	TYPE:Magic.Ring	COST:180000	WT:0		SOURCEPAGE:p.24																						BONUS:STAT|INT,WIS,CHA|6|TYPE=Enhancement	SPROP:See text
Ring (Spinning Force)		OUTPUTNAME:Ring of [NAME]	TYPE:Magic.Ring	COST:40750	WT:0		SOURCEPAGE:p.25										BONUS:COMBAT|AC|2|TYPE=Deflection														SPROP:See text
Ring (Underwater Breathing)	OUTPUTNAME:Ring of [NAME]	TYPE:Magic.Ring	COST:31800	WT:0		SOURCEPAGE:p.25																BONUS:SKILL|Swim|5|TYPE=Competence								SPROP:See text
Ring (Weapon Insight)		OUTPUTNAME:Ring of [NAME]	TYPE:Magic.Ring	COST:4000	WT:0		SOURCEPAGE:p.25-26	BONUS:ABILITYPOOL|Ring of Weapon Insight|1																				SPROP:See text
Ring (Wedding)			OUTPUTNAME:Wedding Rings	TYPE:Magic.Ring	COST:10300	WT:0		SOURCEPAGE:p.26																													SPROP:See text
Ring (Whole Body +2)		OUTPUTNAME:Ring of [NAME]	TYPE:Magic.Ring	COST:20000	WT:0		SOURCEPAGE:p.26																						BONUS:STAT|STR,DEX,CON|2|TYPE=Enhancement	SPROP:See text
Ring (Whole Body +4)		OUTPUTNAME:Ring of [NAME]	TYPE:Magic.Ring	COST:80000	WT:0		SOURCEPAGE:p.26																						BONUS:STAT|STR,DEX,CON|2|TYPE=Enhancement	SPROP:See text
Ring (Whole Body +6)		OUTPUTNAME:Ring of [NAME]	TYPE:Magic.Ring	COST:180000	WT:0		SOURCEPAGE:p.26																						BONUS:STAT|STR,DEX,CON|2|TYPE=Enhancement	SPROP:See text
Ring (Wild Elemental Magic)	OUTPUTNAME:Ring of [NAME]	TYPE:Magic.Ring	COST:67680	WT:0		SOURCEPAGE:p.26-27																												SPROP:See text
Ring (Wilting)			OUTPUTNAME:Ring of [NAME]	TYPE:Magic.Ring	COST:40000	WT:0		SOURCEPAGE:p.28																													SPROP:See text
