# CVS $Revision$ $Author$ -- Fri Oct  9 00:17:44 2009 -- reformated by prettylst.pl v1.39 (build 10232)

SOURCELONG:Player's Guide to Arcanis	SOURCESHORT:PGtA	SOURCEWEB:http://www.paradigmconcepts.com	SOURCEDATE:2004-06

#NOTE: no definition for properties of Sarishan or Altherian steel in PGtA - assuming you have access to other books - should be in here or not?

#Greater Masterwork - no entries in PGtA for use on tools or items or ammunition
#  Name			Key			Outputname					Name Opt		Type							Cost		Visible		Itype					Bonuses																										Sourcepage			Special Properties
# Modifier Name		Unique Key		Naming Option							Type							Cost				Visible		Type granted		Source Page		Required Type									Prohibited Type								Combat bonus					Bonus Equipment Modifiers			Bonus Armor Modifiers					Weapon prop. bonus																								Special Property				Automatically Added to Inventory
Greater Masterwork	KEY:GMWORKW		NAMEOPT:NORMAL							TYPE:Weapon.Masterwork.GreaterMastercraft	COST:600						ITYPE:Masterwork		SOURCEPAGE:p.184																																												BONUS:WEAPON|TOHIT|1|TYPE=Enhancement|TYPE.Melee	BONUS:WEAPON|DAMAGE|1|TYPE=Enhancement|TYPE.Melee	BONUS:WEAPON|TOHIT|2|TYPE=Enhancement|TYPE.Ranged	SPROP:+10 Hardness
Greater Masterwork	KEY:GMWORKA		NAMEOPT:NORMAL							TYPE:Armor.Masterwork.GreaterMastercraft	COST:300						ITYPE:Masterwork		SOURCEPAGE:p.244																																				BONUS:EQMARMOR|ACCHECK|2																															SPROP:+1 Hardness

#Lengendary and Custom
#  Name			Key			Outputname					Name Opt		Type							Cost				Visible		Itype					Pre Types													AC Bonuses					Equpment Bonuses													Bonuses to hit					Bonus to Damage					Special Properties			Add Equip
Legendary 2			KEY:LEGENDWA	NAMEOPT:TEXT=Legendary +2	NAMEOPT:NORMAL		TYPE:Weapon						COST:16000			VISIBLE:QUALIFY	ITYPE:Legendary2					PRETYPE:1,Weapon									!PRETYPE:1,Shield	!PRETYPE:1,Upgrade																										BONUS:WEAPON|TOHIT|2|TYPE=Enhancement	BONUS:WEAPON|DAMAGE|2|TYPE=Enhancement														SPROP:+2 Hardness and +10 hp
Fitted Legendary 2	KEY:LEGENDAFA	NAMEOPT:TEXT=Fitted Legendary +2	NAMEOPT:NORMAL	TYPE:Armor.Shield					COST:5000			VISIBLE:QUALIFY	ITYPE:Legendary2.Fitted				PRETYPE:1,Armor,Shield								!PRETYPE:2,Upgrade,Proof													BONUS:EQM|WEIGHTADD|-10|TYPE=Enhancement	BONUS:EQMARMOR|ACCHECK|2|TYPE=Enhancement																													SPROP:+2 Hardness and +10 hp
Proof Legendary 2		KEY:LEGENDAPA	NAMEOPT:TEXT=Proof Legendary +2	NAMEOPT:NORMAL	TYPE:Armor.Shield					COST:5000			VISIBLE:QUALIFY	ITYPE:Legendary2.Proof				PRETYPE:1,Armor,Shield								!PRETYPE:2,Upgrade,Nimble	!PRETYPE:2,Upgrade,Fitted	BONUS:COMBAT|AC|2|TYPE=Enhancement		BONUS:EQM|WEIGHTMULT|1.2|TYPE=Enhancement																																				SPROP:+2 Hardness and +10 hp
Nimble Legendary 2	KEY:LEGENDANA	NAMEOPT:TEXT=Nimble Legendary +2	NAMEOPT:NORMAL	TYPE:Armor.Shield					COST:5000			VISIBLE:QUALIFY	ITYPE:Legendary2.Nimble				PRETYPE:1,Armor,Shield								!PRETYPE:2,Upgrade,Proof													BONUS:EQM|WEIGHTMULT|.8|TYPE=Enhancement	BONUS:EQMARMOR|MAXDEX|2|TYPE=Enhancement																													SPROP:+2 Hardness and +10 hp
Legendary 3			KEY:LEGENDWB	NAMEOPT:TEXT=Legendary +3	NAMEOPT:NORMAL		TYPE:Weapon						COST:36000			VISIBLE:QUALIFY	ITYPE:Legendary3					PRETYPE:1,Weapon									!PRETYPE:1,Shield	!PRETYPE:1,Upgrade																										BONUS:WEAPON|TOHIT|3|TYPE=Enhancement	BONUS:WEAPON|DAMAGE|3|TYPE=Enhancement														SPROP:+3 Hardness and +15 hp
Fitted Legendary 3	KEY:LEGENDAFB	NAMEOPT:TEXT=Fitted Legendary +3	NAMEOPT:NORMAL	TYPE:Armor.Shield					COST:11000			VISIBLE:QUALIFY	ITYPE:Legendary3.Fitted				PRETYPE:1,Armor,Shield								!PRETYPE:2,Upgrade,Proof													BONUS:EQM|WEIGHTADD|-15|TYPE=Enhancement	BONUS:EQMARMOR|ACCHECK|3|TYPE=Enhancement																													SPROP:+3 Hardness and +15 hp
Proof Legendary 3		KEY:LEGENDAPB	NAMEOPT:TEXT=Proof Legendary +3	NAMEOPT:NORMAL	TYPE:Armor.Shield					COST:11000			VISIBLE:QUALIFY	ITYPE:Legendary3.Proof				PRETYPE:1,Armor,Shield								!PRETYPE:2,Upgrade,Nimble	!PRETYPE:2,Upgrade,Fitted	BONUS:COMBAT|AC|3|TYPE=Enhancement		BONUS:EQM|WEIGHTMULT|1.3|TYPE=Enhancement																																				SPROP:+3 Hardness and +15 hp
Nimble Legendary 3	KEY:LEGENDANB	NAMEOPT:TEXT=Nimble Legendary +3	NAMEOPT:NORMAL	TYPE:Armor.Shield					COST:11000			VISIBLE:QUALIFY	ITYPE:Legendary3.Nimble				PRETYPE:1,Armor,Shield								!PRETYPE:2,Upgrade,Proof													BONUS:EQM|WEIGHTMULT|.7|TYPE=Enhancement	BONUS:EQMARMOR|MAXDEX|3|TYPE=Enhancement																													SPROP:+3 Hardness and +15 hp
egendary 4			KEY:LEGENDWC	NAMEOPT:TEXT=Legendary +4	NAMEOPT:NORMAL		TYPE:Weapon						COST:64000			VISIBLE:QUALIFY	ITYPE:Legendary4					PRETYPE:1,Weapon									!PRETYPE:1,Shield	!PRETYPE:1,Upgrade																										BONUS:WEAPON|TOHIT|4|TYPE=Enhancement	BONUS:WEAPON|DAMAGE|4|TYPE=Enhancement														SPROP:+4 Hardness and +20 hp
Fitted Legendary 4	KEY:LEGENDAFC	NAMEOPT:TEXT=Fitted Legendary +4	NAMEOPT:NORMAL	TYPE:Armor.Shield					COST:19000			VISIBLE:QUALIFY	ITYPE:Legendary4.Fitted				PRETYPE:1,Armor,Shield								!PRETYPE:2,Upgrade,Proof													BONUS:EQM|WEIGHTADD|-20|TYPE=Enhancement	BONUS:EQMARMOR|ACCHECK|4|TYPE=Enhancement																													SPROP:+4 Hardness and +20 hp
Proof Legendary 4		KEY:LEGENDAPC	NAMEOPT:TEXT=Proof Legendary +4	NAMEOPT:NORMAL	TYPE:Armor.Shield					COST:19000			VISIBLE:QUALIFY	ITYPE:Legendary4.Proof				PRETYPE:1,Armor,Shield								!PRETYPE:2,Upgrade,Nimble	!PRETYPE:2,Upgrade,Fitted	BONUS:COMBAT|AC|4|TYPE=Enhancement		BONUS:EQM|WEIGHTMULT|1.4|TYPE=Enhancement																																				SPROP:+4 Hardness and +20 hp
Nimble Legendary 4	KEY:LEGENDANC	NAMEOPT:TEXT=Nimble Legendary +4	NAMEOPT:NORMAL	TYPE:Armor.Shield					COST:19000			VISIBLE:QUALIFY	ITYPE:Legendary4.Nimble				PRETYPE:1,Armor,Shield								!PRETYPE:2,Upgrade,Proof													BONUS:EQM|WEIGHTMULT|.6|TYPE=Enhancement	BONUS:EQMARMOR|MAXDEX|4|TYPE=Enhancement																													SPROP:+4 Hardness and +20 hp
Legendary 5			KEY:LEGENDWD	NAMEOPT:TEXT=Legendary +5	NAMEOPT:NORMAL		TYPE:Weapon						COST:100000			VISIBLE:QUALIFY	ITYPE:Legendary5					PRETYPE:1,Weapon									!PRETYPE:1,Shield	!PRETYPE:1,Upgrade																										BONUS:WEAPON|TOHIT|5|TYPE=Enhancement	BONUS:WEAPON|DAMAGE|5|TYPE=Enhancement														SPROP:+5 Hardness and +25 hp
Fitted Legendary 5	KEY:LEGENDAFD	NAMEOPT:TEXT=Fitted Legendary +5	NAMEOPT:NORMAL	TYPE:Armor.Shield					COST:29000			VISIBLE:QUALIFY	ITYPE:Legendary5.Fitted				PRETYPE:1,Armor,Shield								!PRETYPE:2,Upgrade,Proof													BONUS:EQM|WEIGHTADD|-25|TYPE=Enhancement	BONUS:EQMARMOR|ACCHECK|5|TYPE=Enhancement																													SPROP:+5 Hardness and +25 hp
Proof Legendary 5		KEY:LEGENDAPD	NAMEOPT:TEXT=Proof Legendary +5	NAMEOPT:NORMAL	TYPE:Armor.Shield					COST:29000			VISIBLE:QUALIFY	ITYPE:Legendary5.Proof				PRETYPE:1,Armor,Shield								!PRETYPE:2,Upgrade,Nimble	!PRETYPE:2,Upgrade,Fitted	BONUS:COMBAT|AC|5|TYPE=Enhancement		BONUS:EQM|WEIGHTMULT|1.5|TYPE=Enhancement																																				SPROP:+5 Hardness and +25 hp
Nimble Legendary 5	KEY:LEGENDAND	NAMEOPT:TEXT=Nimble Legendary +5	NAMEOPT:NORMAL	TYPE:Armor.Shield					COST:29000			VISIBLE:QUALIFY	ITYPE:Legendary5.Nimble				PRETYPE:1,Armor,Shield								!PRETYPE:2,Upgrade,Proof													BONUS:EQM|WEIGHTMULT|.5|TYPE=Enhancement	BONUS:EQMARMOR|MAXDEX|5|TYPE=Enhancement																													SPROP:+5 Hardness and +25 hp
Custom			KEY:CUSTOMW		NAMEOPT:NORMAL							TYPE:Weapon						COST:2500			VISIBLE:QUALIFY	ITYPE:Custom					PRETYPE:1,Weapon	PRETYPE:1,Masterwork,Greater Masterwork		!PRETYPE:1,Custom																														BONUS:WEAPON|TOHIT|1|TYPE=Enhancement.STACK
Custom			KEY:CUSTOMA		NAMEOPT:NORMAL							TYPE:Armor.Shield					COST:6000			VISIBLE:QUALIFY	ITYPE:Custom					PRETYPE:1,Armor,Shield	PRETYPE:1,Masterwork|Greater Masterwork	!PRETYPE:1,Custom								BONUS:COMBAT|AC|1|TYPE=Enhancement.STACK								BONUS:EQMARMOR|MAXDEX|1|TYPE=Enhancement.STACK

#Flintlock Weapon Modifications
Bayonet			KEY:FLBAYONT	NAMEOPT:NORMAL							TYPE:Weapon.Flintlock.Bayonet			COST:50			VISIBLE:QUALIFY	ITYPE:Bayonet					PRETYPE:1,Flintlock																																																																									AUTO:EQUIP|Bayonet	AUTO:EQUIP|Bayonet (Longspear)
Breech-Load			KEY:FLBREECH	NAMEOPT:NORMAL							TYPE:Weapon.Flintlock.BreechLoad		COST:(BASECOST*15)	VISIBLE:QUALIFY	ITYPE:BreechLoad					PRETYPE:2,Flintlock,Altherian							!PRETYPE:2,ThreeRound,WeaponAttach																																																						SPROP:Reload as Std Action
Double-Barrel		KEY:FLDOUBLE	NAMEOPT:NORMAL							TYPE:Weapon.Flintlock.DoubleBarrel		COST:(BASECOST*15)	VISIBLE:QUALIFY	ITYPE:DoubleBarrel				PRETYPE:1,Flintlock
Reinforced			KEY:FLREINFO	NAMEOPT:NORMAL							TYPE:Weapon.Flintlock.Reinforced		COST:(BASECOST*5)		VISIBLE:QUALIFY	ITYPE:Reinforced					PRETYPE:1,Flintlock								!PRETYPE:1,Altherian																																																								SPROP:May be used as a melee weapon
Three-Round Chamber	KEY:FLTHREE		NAMEOPT:NORMAL							TYPE:Weapon.Flintlock.ThreeRound		COST:(BASECOST*20)	VISIBLE:QUALIFY	ITYPE:ThreeRound					PRETYPE:2,Flintlock,Altherian							!PRETYPE:2,DoubleBarrel,WeaponAttach
Weapon Attachment		KEY:FLWEAPATT	NAMEOPT:NORMAL							TYPE:Weapon.Flintlock.WeaponAttach																PRETYPE:1,Standard.Melee
