# CVS $Revision$ $Author$ -- Tue Dec 15 01:48:08 2015 -- reformated by PCGen PrettyLST v6.06.00

SOURCELONG:Player's Guide to Arcanis	SOURCESHORT:PGtA	SOURCEWEB:http://www.paradigmconcepts.com	SOURCEDATE:2004-06
# all 2006-06-03 errata applied

#Deity Name	Domains														Desciption of Deity/Title				Holy Item					Deity Weapon			ALIGN		Source Index
# Deity Name	Product Identity?	Domains														Description of Deity/Title																																								Deity Weapon							Align		Source URI																		Source Page				Multiple Requirements																										Holy Item					Pantheon
Althares		NAMEISPI:YES	DOMAINS:Artificer,Commerce,Divination,Holy,Knowledge							DESC:Artificer of the Gods																																								DEITYWEAP:Warhammer|Altherian Flintlock (Pistol)	ALIGN:TN																				SOURCEPAGE:p.7			PREMULT:1,[!PRECLASS:1,Cleric=1],[PRESUBCLASS:1,Althares]																				SYMBOL:Holy Book on a Chain		PANTHEON:Man
Anshar		NAMEISPI:YES	DOMAINS:Healing,Holy,Pain,Strength,Suffering,Travel							DESC:The Far Traveler																																									DEITYWEAP:Unarmed Strike					ALIGN:TN																				SOURCEPAGE:p.10			PREMULT:1,[!PRECLASS:1,Cleric=1],[PRESUBCLASS:1,Anshar]																				SYMBOL:Strand of Thorn Bush		PANTHEON:Man
Belisarda		NAMEISPI:YES	DOMAINS:Air,Animal,Earth,Fire,Healing,Holy,Plant,Protection,Refuge,Storm,Travel,War,Water	DESC:God of the Elorii																																									DEITYWEAP:Longbow							ALIGN:TN																				SOURCEPAGE:p.178			PREMULT:1,[PREMULT:2,[PRERACE:1,Elorii],[PREMULT:1,[!PRECLASS:1,Cleric=1],[PRESUBCLASS:1,Belisarda]]],[PREMULT:2,[!PRERACE:1,Elorii],[PREREGION:Western Lands (Lhyllifel)]]	SYMBOL:(Known only to the Elorii)	PANTHEON:Elorii
Beltine		NAMEISPI:YES	DOMAINS:Afterlife,Ancestor,Divination,Healing,Holy,Spirit						DESC:Warden of the Afterlife																																								DEITYWEAP:Quarterstaff						ALIGN:TN																				SOURCEPAGE:p.7			PREMULT:1,[!PRECLASS:1,Cleric=1],[PRESUBCLASS:1,Beltine]																				SYMBOL:Incense Censer			PANTHEON:Man
Cadic			NAMEISPI:YES	DOMAINS:Holy,Knowledge,Murder,Music,Secrets,Subterfuge,Trickery					DESC:Master of the Darkness																																								DEITYWEAP:Shortbow						ALIGN:TN																				SOURCEPAGE:p.9			PREMULT:1,[!PRECLASS:1,Cleric=1],[PRESUBCLASS:1,Cadic]																				SYMBOL:Obsidian Disc			PANTHEON:Man
Fire Dragon		NAMEISPI:YES	DOMAINS:Earth,Fire,Holy,Protection,Refuge,Saurian							DESC:Fire Dragon																																										DEITYWEAP:Flail (Heavy)						ALIGN:TN																				SOURCEPAGE:p.178/Dragon p.60	PREMULT:2,[PRERACE:1,Ss'ressen],[PREMULT:1,[!PRECLASS:1,Cleric=1],[PREMULT:2,[PRESUBCLASS:1,Fire Dragon],[PREGENDER:Female]]]									SYMBOL:Fire Dragon			PANTHEON:Ss'ressen
Hurrian		NAMEISPI:YES	DOMAINS:Air,Holy,Protection,Refuge,Storm,Strength,War							DESC:The Storm Lord																																									DEITYWEAP:Longsword						ALIGN:TN																				SOURCEPAGE:p.7			PREMULT:1,[!PRECLASS:1,Cleric=1],[PRESUBCLASS:1,Hurrian]																				SYMBOL:Lightning Sword Pendant	PANTHEON:Man
Illiir		NAMEISPI:YES	DOMAINS:Glory,Holy,Honor,Protection,Refuge,Sun,War							DESC:Bringer of Light, Lord of Truth																																						DEITYWEAP:Gladius							ALIGN:TN																				SOURCEPAGE:p.5			PREMULT:1,[!PRECLASS:1,Cleric=1],[PRESUBCLASS:1,Illiir]																				SYMBOL:Radiant Golden Orb		PANTHEON:Man
# some larissan domains granted in class for sensates alone - errata 2006-06-03
Larissa		NAMEISPI:YES	DOMAINS:Divination,Fate,Holy,Luck,Protection,Senses							DESC:Oracle of the Gods																																									DEITYWEAP:Rapier|Whip						ALIGN:TN																				SOURCEPAGE:p.8			PREMULT:1,[!PRECLASS:1,Cleric=1],[PRESUBCLASS:1,Larissa]																				SYMBOL:Coin on Silver Chain		PANTHEON:Man
Neroth		NAMEISPI:YES	DOMAINS:Death,Destruction,Disease,Holy,Undead								DESC:Lord of the Dead																																									DEITYWEAP:Scythe							ALIGN:TN																				SOURCEPAGE:p.6			PREMULT:1,[!PRECLASS:1,Cleric=1],[PRESUBCLASS:1,Neroth]																				SYMBOL:Ankh					PANTHEON:Man
Nier			NAMEISPI:YES	DOMAINS:Destruction,Fire,Glory,Holy,War									DESC:Lord of Flaming Destruction																																							DEITYWEAP:Greatsword|Flamberge				ALIGN:TN																				SOURCEPAGE:p.8			PREMULT:1,[!PRECLASS:1,Cleric=1],[PRESUBCLASS:1,Nier]																					SYMBOL:Fire Opal				PANTHEON:Man
Saluwe		NAMEISPI:YES	DOMAINS:Animal,Cavern,Earth,Holy,Nature,Plant,Protection						DESC:The Stern Matriarch																																								DEITYWEAP:Spear							ALIGN:TN																				SOURCEPAGE:p.6			PREMULT:1,[!PRECLASS:1,Cleric=1],[PRESUBCLASS:1,Saluwe]																				SYMBOL:Wreath of Mistletoe		PANTHEON:Man
Sarish		NAMEISPI:YES	DOMAINS:Daemonology,Holy,Magic,Oath,Secrets								DESC:The Oath Maker, Master of the Arcane																																						DEITYWEAP:Dagger							ALIGN:TN																				SOURCEPAGE:p.9			PREMULT:1,[!PRECLASS:1,Cleric=1],[PRESUBCLASS:1,Sarish]																				SYMBOL:Disc with Sigil of Sarish	PANTHEON:Man
# added storm to yarris per errata 2006-06-03
Yarris		NAMEISPI:YES	DOMAINS:Cold,Holy,Protection,Sea,Storm,Water								DESC:The Sea King																																										DEITYWEAP:Trident							ALIGN:TN																				SOURCEPAGE:p.6			PREMULT:1,[!PRECLASS:1,Cleric=1],[PRESUBCLASS:1,Yarris]																				SYMBOL:Gilded Conch Shell		PANTHEON:Man

Beroe			NAMEISPI:YES	DOMAINS:Water																																																																		ALIGN:TN																									PREMULT:2,[PRERACE:1,Elorii],[PREMULT:1,[!PRECLASS:1,Cleric=1],[PRESUBCLASS:1,Beroe]]
Keleos		NAMEISPI:YES	DOMAINS:Fire																																																																		ALIGN:TN																									PREMULT:2,[PRERACE:1,Elorii],[PREMULT:1,[!PRECLASS:1,Cleric=1],[PRESUBCLASS:1,Keleos]]
Marok			NAMEISPI:YES	DOMAINS:Earth																																																																		ALIGN:TN																									PREMULT:2,[PRERACE:1,Elorii],[PREMULT:1,[!PRECLASS:1,Cleric=1],[PRESUBCLASS:1,Merok]]
Osalian		NAMEISPI:YES	DOMAINS:Air																																																																			ALIGN:TN																									PREMULT:2,[PRERACE:1,Elorii],[PREMULT:1,[!PRECLASS:1,Cleric=1],[PRESUBCLASS:1,Osalian]]


None						DOMAINS:ANY|PREALIGN:LG,LN,LE,NG,TN,NE,CG,CN,CE								DESC:Due to closed content PCGEN cannot provide a list of deities, sorry but you need to homebrew your own list; Please see the Documentation for how to do so - http://www.pcgen-test.org/autobuilds/pcgen-docs/listfilepages/lstfileclass/lfc_lesson14_deities.html	DEITYWEAP:ANY									SOURCEWEB:http://www.pcgen-test.org/autobuilds/pcgen-docs/listfilepages/lstfileclass/lfc_lesson14_deities.html																																			SYMBOL:None
