# CVS $Revision$ $Author$ -- Fri Oct 19 20:16:09 2012 -- reformated by prettylst.pl v1.39 (build 15052)
SOURCELONG:System Reference Document	SOURCESHORT:SRD	SOURCEWEB:http://groups.yahoo.com/group/pcgen/files/3.0%20SRD/	SOURCEDATE:2000-01
# Specific Templates used in monster races
#
###Block: Dragons
# Template Name	Visible	Damage Reduction																	Source Page					Removable?
Dragon(Black)	VISIBLE:NO	DR:5/+1|PREHD:MIN=16,MAX=21	DR:10/+1|PREHD:MIN=23,MAX=27	DR:15/+2|PREHD:MIN=28,MAX=33	DR:20/+3|PREHD:MIN=34	SOURCEPAGE:srdmonstersdragons.rtf	REMOVABLE:YES
Dragon(Blue)	VISIBLE:NO	DR:5/+1|PREHD:MIN=18,MAX=23	DR:10/+1|PREHD:MIN=24,MAX=29	DR:15/+2|PREHD:MIN=30,MAX=35	DR:20/+3|PREHD:MIN=36	SOURCEPAGE:srdmonstersdragons.rtf	REMOVABLE:YES
Dragon(Green)	VISIBLE:NO	DR:5/+1|PREHD:MIN=17,MAX=22	DR:10/+1|PREHD:MIN=23,MAX=28	DR:15/+2|PREHD:MIN=29,MAX=34	DR:20/+2|PREHD:MIN=35	SOURCEPAGE:srdmonstersdragons.rtf	REMOVABLE:YES
Dragon(Red)		VISIBLE:NO	DR:5/+1|PREHD:MIN=19,MAX=24	DR:10/+1|PREHD:MIN=25,MAX=30	DR:15/+2|PREHD:MIN=31,MAX=36	DR:20/+3|PREHD:MIN=37	SOURCEPAGE:srdmonstersdragons.rtf	REMOVABLE:YES
Dragon(White)	VISIBLE:NO	DR:5/+1|PREHD:MIN=15,MAX=20	DR:10/+1|PREHD:MIN=21,MAX=26	DR:15/+2|PREHD:MIN=27,MAX=32	DR:20/+3|PREHD:MIN=33	SOURCEPAGE:srdmonstersdragons.rtf	REMOVABLE:YES
Dragon(Brass)	VISIBLE:NO	DR:5/+1|PREHD:MIN=16,MAX=21	DR:10/+1|PREHD:MIN=22,MAX=27	DR:15/+2|PREHD:MIN=28,MAX=33	DR:20/+3|PREHD:MIN=34	SOURCEPAGE:srdmonstersdragons.rtf	REMOVABLE:YES
Dragon(Bronze)	VISIBLE:NO	DR:5/+1|PREHD:MIN=18,MAX=23	DR:10/+1|PREHD:MIN=24,MAX=29	DR:15/+2|PREHD:MIN=30,MAX=35	DR:20/+3|PREHD:MIN=36	SOURCEPAGE:srdmonstersdragons.rtf	REMOVABLE:YES
Dragon(Copper)	VISIBLE:NO	DR:5/+1|PREHD:MIN=17,MAX=22	DR:10/+1|PREHD:MIN=23,MAX=28	DR:15/+2|PREHD:MIN=29,MAX=34	DR:20/+2|PREHD:MIN=35	SOURCEPAGE:srdmonstersdragons.rtf	REMOVABLE:YES
Dragon(Gold)	VISIBLE:NO	DR:5/+1|PREHD:MIN=20,MAX=25	DR:10/+1|PREHD:MIN=26,MAX=31	DR:15/+2|PREHD:MIN=32,MAX=37	DR:20/+3|PREHD:MIN=38	SOURCEPAGE:srdmonstersdragons.rtf	REMOVABLE:YES
Dragon(Silver)	VISIBLE:NO	DR:5/+1|PREHD:MIN=19,MAX=24	DR:10/+1|PREHD:MIN=25,MAX=30	DR:15/+2|PREHD:MIN=31,MAX=36	DR:20/+3|PREHD:MIN=37	SOURCEPAGE:srdmonstersdragons.rtf	REMOVABLE:YES

###Block: Animated Objects
# Template Name	Visible		Source Page				Required Race			Prohibited Template							Add to base move			Ability										Clone Movement		Removable?
Float			VISIBLE:DISPLAY	SOURCEPAGE:srdmonstersa.rtf	PRERACE:1,Animated Object%																ABILITY:Special Ability|AUTOMATIC|Improved Speed(Float)		MOVECLONE:Walk,Swim,/2	REMOVABLE:YES
Multiple Legs	VISIBLE:DISPLAY	SOURCEPAGE:srdmonstersa.rtf	PRERACE:1,Animated Object%	!PRETEMPLATE:1,Two Legs,Wheeled,Sheet-like			BONUS:MOVEADD|TYPE.Walk|20	ABILITY:Special Ability|AUTOMATIC|Improved Speed(Multiple Legs)					REMOVABLE:YES
Sheet-like		VISIBLE:DISPLAY	SOURCEPAGE:srdmonstersa.rtf	PRERACE:1,Animated Object%	!PRETEMPLATE:1,Wheeled,Two Legs,Multiple Legs,Sinuous							ABILITY:Special Ability|AUTOMATIC|Improved Speed(Sheet-like)	MOVECLONE:Walk,Fly,/2	REMOVABLE:YES
Sinuous		VISIBLE:DISPLAY	SOURCEPAGE:srdmonstersa.rtf	PRERACE:1,Animated Object%	!PRETEMPLATE:1,Wheeled,Two Legs,Sheet-like								ABILITY:Special Ability|AUTOMATIC|Improved Speed(Sinuous)		MOVECLONE:Walk,Climb,/2	REMOVABLE:YES
Two Legs		VISIBLE:DISPLAY	SOURCEPAGE:srdmonstersa.rtf	PRERACE:1,Animated Object%	!PRETEMPLATE:1,Multiple Legs,Wheeled,Sinuous,Sheet-like	BONUS:MOVEADD|TYPE.Walk|10	ABILITY:Special Ability|AUTOMATIC|Improved Speed(Two Legs)						REMOVABLE:YES
Wheeled		VISIBLE:DISPLAY	SOURCEPAGE:srdmonstersa.rtf	PRERACE:1,Animated Object%	!PRETEMPLATE:1,Two Legs,Multiple Legs,Sinuous,Sheet-like	BONUS:MOVEADD|TYPE.Walk|40	ABILITY:Special Ability|AUTOMATIC|Improved Speed(Wheeled)						REMOVABLE:YES

###Block: Demon/Devil
# Template Name	Visible	Source Page				Required AL	Modify VAR												Ability																								Removable?		Subrace
Demon			VISIBLE:NO	SOURCEPAGE:srdmonstersd.rtf	PREALIGN:CE	BONUS:VAR|AcidResistanceBonus,ColdResistanceBonus,FireResistanceBonus|20	ABILITY:Special Ability|AUTOMATIC|Immunity To Electricity|Immunity To Poison|Resistance To Acid|Resistance To Cold|Resistance To Fire|Telepathy ~Su	REMOVABLE:YES	SUBRACE:YES
Devil			VISIBLE:NO	SOURCEPAGE:srdmonstersd.rtf	PREALIGN:LE	BONUS:VAR|AcidResistanceBonus,ColdResistanceBonus|20					ABILITY:Special Ability|AUTOMATIC|Immunity To Fire|Immunity To Poison|Resistance To Acid|Resistance To Cold|See in Darkness|Telepathy ~Su			REMOVABLE:YES	SUBRACE:YES

###Block: Nightshade
# Template Name	Visible	Damage Reduction	Source Page				Modify VAR													Ability																																					Removable?		Type
Nightshade		VISIBLE:NO	DR:25/+3		SOURCEPAGE:srdmonstersnop.rtf	BONUS:VAR|AcidResistanceBonus,ElectricityResistanceBonus,FireResistanceBonus|50	ABILITY:Special Ability|AUTOMATIC|Aversion to Daylight|Chill Aura|Detect Magic|Immunity To Cold|Resistance To Acid|Resistance To Electricity|Resistance To Fire|See Invisibility ~Su|Spell Immunity ~Su|Summon Undead|Telepathy ~Su	REMOVABLE:YES	TYPE:Undead

###Block: Monstrous Spiders
# Template Name	Visible	Source Page					Define																	Add to base move			Bonus to skill																Modify VAR																																																																																																																																															Ability						Removable?		Subrace
Hunting		VISIBLE:NO	SOURCEPAGE:srdmonstersvermin.rtf																			BONUS:MOVEADD|TYPE.Walk|10	BONUS:SKILL|Hide|4|TYPE=Racial	BONUS:SKILL|Jump|6|TYPE=Racial	BONUS:SKILL|Spot|8|TYPE=Racial																																																																																																																																																								REMOVABLE:YES	SUBRACE:YES
Web Spinning	VISIBLE:NO	SOURCEPAGE:srdmonstersvermin.rtf	DEFINE:MonstrousSpiderWebEscapeDC|14	DEFINE:MonstrousSpiderWebBreakDC|20	DEFINE:MonstrousSpiderWebHp|0						BONUS:SKILL|Hide,Spot|4|TYPE=Racial													BONUS:VAR|WebEscapeDC|MonstrousSpiderWebEscapeDC	BONUS:VAR|WebBreakDC|MonstrousSpiderWebBreakDC	BONUS:VAR|WebHitPoints|MonstrousSpiderWebHp	BONUS:VAR|MonstrousSpiderWebEscapeDC,MonstrousSpiderWebBreakDC,MonstrousSpiderWebHp|2|PRESIZEEQ:T	BONUS:VAR|MonstrousSpiderWebEscapeDC,MonstrousSpiderWebBreakDC,MonstrousSpiderWebHp|4|PRESIZEEQ:S	BONUS:VAR|MonstrousSpiderWebEscapeDC,MonstrousSpiderWebBreakDC,MonstrousSpiderWebHp|6|PRESIZEEQ:M	BONUS:VAR|MonstrousSpiderWebEscapeDC,MonstrousSpiderWebBreakDC,MonstrousSpiderWebHp|12|PRESIZEEQ:L	BONUS:VAR|MonstrousSpiderWebEscapeDC,MonstrousSpiderWebBreakDC,MonstrousSpiderWebHp|14|PRESIZEEQ:H	BONUS:VAR|MonstrousSpiderWebEscapeDC,MonstrousSpiderWebBreakDC,MonstrousSpiderWebHp|16|PRESIZEEQ:G	BONUS:VAR|MonstrousSpiderWebEscapeDC,MonstrousSpiderWebBreakDC,MonstrousSpiderWebHp|18|PRESIZEEQ:C	ABILITY:Special Ability|AUTOMATIC|Web	REMOVABLE:YES	SUBRACE:YES

###Block: Hydra Variants
# Template Name		Challenge Rating	Visible	Source Page				Prohibited Template					Ability													Removable?		Subrace	Race Subtype
Pyrohydra			CR:1			VISIBLE:NO	SOURCEPAGE:srdmonstersh.rtf	!PRETEMPLATE:1,Cyrohydra,Lernaean Cryohydra	ABILITY:Special Ability|AUTOMATIC|Fire Jets							REMOVABLE:YES	SUBRACE:YES	RACESUBTYPE:Fire
Cryohydra			CR:1			VISIBLE:NO	SOURCEPAGE:srdmonstersh.rtf	!PRETEMPLATE:1,Pyrohydra,Lernaean Pyrohydra	ABILITY:Special Ability|AUTOMATIC|Frost Jets							REMOVABLE:YES	SUBRACE:YES	RACESUBTYPE:Cold
Lernaean			CR:2			VISIBLE:NO	SOURCEPAGE:srdmonstersh.rtf									ABILITY:Special Ability|AUTOMATIC|Lernaean Heads|Lernaean Immunities			REMOVABLE:YES	SUBRACE:YES
Lernaean Pyrohydra	CR:3			VISIBLE:NO	SOURCEPAGE:srdmonstersh.rtf	!PRETEMPLATE:1,Cyrohydra,Lernaean Cryohydra	ABILITY:Special Ability|AUTOMATIC|Fire Jets|Lernaean Heads|Lernaean Immunities	REMOVABLE:YES	SUBRACE:YES	RACESUBTYPE:Fire
Lernaean Cryohydra	CR:3			VISIBLE:NO	SOURCEPAGE:srdmonstersh.rtf	!PRETEMPLATE:1,Pyrohydra,Lernaean Pyrohydra	ABILITY:Special Ability|AUTOMATIC|Frost Jets|Lernaean Heads|Lernaean Immunities	REMOVABLE:YES	SUBRACE:YES	RACESUBTYPE:Cold

###Block: Drow Genders
# Template Name	Visible	Source Page				Required Race		Stat bonus		Favored Class		Removable?		Lock Gender Selection
Drow Male		VISIBLE:NO	SOURCEPAGE:srdmonsterse.rtf	PRERACE:1,Elf (Drow)	BONUS:STAT|CHA|-2	FAVOREDCLASS:Wizard	REMOVABLE:YES	GENDERLOCK:Male
Drow Female		VISIBLE:NO	SOURCEPAGE:srdmonsterse.rtf	PRERACE:1,Elf (Drow)	BONUS:STAT|CHA|2	FAVOREDCLASS:Cleric	REMOVABLE:YES	GENDERLOCK:Female

###Block: Pixie
# Template Name		Visible	Source Page				Innate Spells
Irresistible Dance	VISIBLE:NO	SOURCEPAGE:srdmonsterss.rtf	SPELLS:Innate|TIMES=1|CASTERLEVEL=8|Irresistible Dance,21
Normal Pixie		VISIBLE:NO	SOURCEPAGE:srdmonsterss.rtf

###Block: Sahuagin
# Template Name	Visible	Source Page				Required Race		Favored Class		Removable?		Lock Gender Selection
Sahuagin Male	VISIBLE:NO	SOURCEPAGE:srdmonsterss.rtf	PRERACE:1,Sahuagin	FAVOREDCLASS:Ranger	REMOVABLE:YES	GENDERLOCK:Male
Sahuagin Female	VISIBLE:NO	SOURCEPAGE:srdmonsterss.rtf	PRERACE:1,Sahuagin	FAVOREDCLASS:Cleric	REMOVABLE:YES	GENDERLOCK:Female

###Block: Goblin Calvary
# Template Name	Visible	Source Page				Required Race	Bonus to skill		Automatically Gained Feat	Removable?		Subrace
Goblin Cavalry	VISIBLE:NO	SOURCEPAGE:srdmonstersfg.rtf	PRERACE:1,Goblin	BONUS:SKILL|Ride|6	AUTO:FEAT|Mounted Combat	REMOVABLE:YES	SUBRACE:Calvary
Normal Goblin	VISIBLE:NO	SOURCEPAGE:srdmonstersfg.rtf	PRERACE:1,Goblin										REMOVABLE:YES
