# CVS $Revision$ $Author$ -- Fri Oct 19 20:16:09 2012 -- reformated by prettylst.pl v1.39 (build 15052)
SOURCELONG:System Reference Document	SOURCESHORT:SRD	SOURCEWEB:http://groups.yahoo.com/group/pcgen/files/3.0%20SRD/	SOURCEDATE:2000-01

STARTPACK:Giant Ant (Worker) Default	TYPE:DefaultMonster.Vermin	VISIBLE:QUALIFY	EQUIPBUY:0	PREMULT:1,[!PRERACE:1,%],[PRERACE:1,Giant Ant (Worker)]
RACE:Giant Ant (Worker)	!PRERACE:1,%
NAME:Giant Ant (Worker)
ALIGN:TN
STAT:STR=10|DEX=10|CON=10|WIS=11|CHA=11
SKILL:Listen	RANK:5
SKILL:Spot		RANK:5

STARTPACK:Giant Ant (Soldier) Default	TYPE:DefaultMonster.Vermin	VISIBLE:QUALIFY	EQUIPBUY:0	PREMULT:1,[!PRERACE:1,%],[PRERACE:1,Giant Ant (Soldier)]
RACE:Giant Ant (Soldier)	!PRERACE:1,%
NAME:Giant Ant (Soldier)
ALIGN:TN
STAT:STR=10|DEX=10|CON=11|WIS=11|CHA=11
SKILL:Listen	RANK:5
SKILL:Spot		RANK:5

STARTPACK:Giant Ant (Queen) Default	TYPE:DefaultMonster.Vermin	VISIBLE:QUALIFY	EQUIPBUY:0	PREMULT:1,[!PRERACE:1,%],[PRERACE:1,Giant Ant (Queen)]
RACE:Giant Ant (Queen)	!PRERACE:1,%
NAME:Giant Ant (Queen)
ALIGN:TN
STAT:STR=10|DEX=11|CON=11|WIS=11|CHA=11
SKILL:Listen	RANK:6
SKILL:Spot		RANK:6

STARTPACK:Giant Bee Default	TYPE:DefaultMonster.Vermin	VISIBLE:QUALIFY	EQUIPBUY:0	PREMULT:1,[!PRERACE:1,%],[PRERACE:1,Giant Bee]
RACE:Giant Bee	!PRERACE:1,%
NAME:Giant Bee
ALIGN:TN
STAT:STR=11|DEX=10|CON=11|WIS=10|CHA=11
SKILL:Intuit Direction	RANK:5
SKILL:Spot			RANK:5

STARTPACK:Giant Beetle (Bombardier) Default	TYPE:DefaultMonster.Vermin	VISIBLE:QUALIFY	EQUIPBUY:0	PREMULT:1,[!PRERACE:1,%],[PRERACE:1,Giant Beetle (Bombardier)]
RACE:Giant Beetle (Bombardier)	!PRERACE:1,%
NAME:Giant Beetle (Bombardier)
ALIGN:TN
STAT:STR=11|DEX=10|CON=10|WIS=10|CHA=11
SKILL:Listen	RANK:5
SKILL:Spot		RANK:5

STARTPACK:Giant Beetle (Fire) Default	TYPE:DefaultMonster.Vermin	VISIBLE:QUALIFY	EQUIPBUY:0	PREMULT:1,[!PRERACE:1,%],[PRERACE:1,Giant Beetle (Fire)]
RACE:Giant Beetle (Fire)	!PRERACE:1,%
NAME:Giant Beetle (Fire)
ALIGN:TN
STAT:STR=10|DEX=11|CON=11|WIS=10|CHA=11
SKILL:Climb		RANK:4
SKILL:Listen	RANK:3
SKILL:Spot		RANK:3

STARTPACK:Giant Beetle (Stag) Default	TYPE:DefaultMonster.Vermin	VISIBLE:QUALIFY	EQUIPBUY:0	PREMULT:1,[!PRERACE:1,%],[PRERACE:1,Giant Beetle (Stag)]
RACE:Giant Beetle (Stag)	!PRERACE:1,%
NAME:Giant Beetle (Stag)
ALIGN:TN
STAT:STR=11|DEX=10|CON=11|WIS=10|CHA=11
SKILL:Listen	RANK:8
SKILL:Spot		RANK:7

STARTPACK:Giant Praying Mantis Default	TYPE:DefaultMonster.Vermin	VISIBLE:QUALIFY	EQUIPBUY:0	PREMULT:1,[!PRERACE:1,%],[PRERACE:1,Giant Praying Mantis]
RACE:Giant Praying Mantis	!PRERACE:1,%
NAME:Giant Praying Mantis
ALIGN:TN
STAT:STR=11|DEX=10|CON=11|WIS=10|CHA=11
SKILL:Hide		RANK:6
SKILL:Spot		RANK:6
SKILL:Listen	RANK:3

STARTPACK:Giant Wasp Default	TYPE:DefaultMonster.Vermin	VISIBLE:QUALIFY	EQUIPBUY:0	PREMULT:1,[!PRERACE:1,%],[PRERACE:1,Giant Wasp]
RACE:Giant Wasp	!PRERACE:1,%
NAME:Giant Wasp
ALIGN:TN
STAT:STR=10|DEX=10|CON=10|WIS=11|CHA=11
SKILL:Intuit Direction	RANK:6
SKILL:Spot			RANK:8

STARTPACK:Monstrous Centipede (Tiny) Default	TYPE:DefaultMonster.Vermin	VISIBLE:QUALIFY	EQUIPBUY:0	PREMULT:1,[!PRERACE:1,%],[PRERACE:1,Monstrous Centipede (Tiny)]
RACE:Monstrous Centipede (Tiny)	!PRERACE:1,%
NAME:Monstrous Centipede (Tiny)
ALIGN:TN
STAT:STR=10|DEX=11|CON=10|WIS=10|CHA=10
SKILL:Climb	RANK:4
SKILL:Hide	RANK:3
SKILL:Spot	RANK:3

STARTPACK:Monstrous Centipede (Small) Default	TYPE:DefaultMonster.Vermin	VISIBLE:QUALIFY	EQUIPBUY:0	PREMULT:1,[!PRERACE:1,%],[PRERACE:1,Monstrous Centipede (Small)]
RACE:Monstrous Centipede (Small)	!PRERACE:1,%
NAME:Monstrous Centipede (Small)
ALIGN:TN
STAT:STR=11|DEX=11|CON=10|WIS=10|CHA=10
SKILL:Hide	RANK:3
SKILL:Spot	RANK:3

STARTPACK:Monstrous Centipede (Medium) Default	TYPE:DefaultMonster.Vermin	VISIBLE:QUALIFY	EQUIPBUY:0	PREMULT:1,[!PRERACE:1,%],[PRERACE:1,Monstrous Centipede (Medium)]
RACE:Monstrous Centipede (Medium)	!PRERACE:1,%
NAME:Monstrous Centipede (Medium)
ALIGN:TN
STAT:STR=11|DEX=11|CON=10|WIS=10|CHA=10
SKILL:Climb	RANK:5
SKILL:Hide	RANK:2
SKILL:Spot	RANK:4

STARTPACK:Monstrous Centipede (Large) Default	TYPE:DefaultMonster.Vermin	VISIBLE:QUALIFY	EQUIPBUY:0	PREMULT:1,[!PRERACE:1,%],[PRERACE:1,Monstrous Centipede (Large)]
RACE:Monstrous Centipede (Large)	!PRERACE:1,%
NAME:Monstrous Centipede (Large)
ALIGN:TN
STAT:STR=11|DEX=11|CON=10|WIS=10|CHA=10
SKILL:Climb	RANK:5
SKILL:Hide	RANK:1
SKILL:Spot	RANK:4

STARTPACK:Monstrous Centipede (Huge) Default	TYPE:DefaultMonster.Vermin	VISIBLE:QUALIFY	EQUIPBUY:0	PREMULT:1,[!PRERACE:1,%],[PRERACE:1,Monstrous Centipede (Huge)]
RACE:Monstrous Centipede (Huge)	!PRERACE:1,%
NAME:Monstrous Centipede (Huge)
ALIGN:TN
STAT:STR=11|DEX=11|CON=10|WIS=10|CHA=10
SKILL:Hide	RANK:3
SKILL:Spot	RANK:3

STARTPACK:Monstrous Centipede (Gargantuan) Default	TYPE:DefaultMonster.Vermin	VISIBLE:QUALIFY	EQUIPBUY:0	PREMULT:1,[!PRERACE:1,%],[PRERACE:1,Monstrous Centipede (Gargantuan)]
RACE:Monstrous Centipede (Gargantuan)	!PRERACE:1,%
NAME:Monstrous Centipede (Gargantuan)
ALIGN:TN
STAT:STR=11|DEX=11|CON=10|WIS=10|CHA=10
SKILL:Hide	RANK:3
SKILL:Spot	RANK:3

STARTPACK:Monstrous Centipede (Colossal) Default	TYPE:DefaultMonster.Vermin	VISIBLE:QUALIFY	EQUIPBUY:0	PREMULT:1,[!PRERACE:1,%],[PRERACE:1,Monstrous Centipede (Colossal)]
RACE:Monstrous Centipede (Colossal)	!PRERACE:1,%
NAME:Monstrous Centipede (Colossal)
ALIGN:TN
STAT:STR=11|DEX=11|CON=10|WIS=10|CHA=10
SKILL:Hide	RANK:3
SKILL:Spot	RANK:3

STARTPACK:Monstrous Scorpion (Tiny) Default	TYPE:DefaultMonster.Vermin	VISIBLE:QUALIFY	EQUIPBUY:0	PREMULT:1,[!PRERACE:1,%],[PRERACE:1,Monstrous Scorpion (Tiny)]
RACE:Monstrous Scorpion (Tiny)	!PRERACE:1,%
NAME:Monstrous Scorpion (Tiny)
ALIGN:TN
STAT:STR=11|DEX=10|CON=10|WIS=10|CHA=10
SKILL:Climb	RANK:4
SKILL:Hide	RANK:3
SKILL:Spot	RANK:3

STARTPACK:Monstrous Scorpion (Small) Default	TYPE:DefaultMonster.Vermin	VISIBLE:QUALIFY	EQUIPBUY:0	PREMULT:1,[!PRERACE:1,%],[PRERACE:1,Monstrous Scorpion (Small)]
RACE:Monstrous Scorpion (Small)	!PRERACE:1,%
NAME:Monstrous Scorpion (Small)
ALIGN:TN
STAT:STR=11|DEX=10|CON=10|WIS=10|CHA=10
SKILL:Climb	RANK:3
SKILL:Spot	RANK:3
SKILL:Hide	RANK:4

STARTPACK:Monstrous Scorpion (Medium) Default	TYPE:DefaultMonster.Vermin	VISIBLE:QUALIFY	EQUIPBUY:0	PREMULT:1,[!PRERACE:1,%],[PRERACE:1,Monstrous Scorpion (Medium)]
RACE:Monstrous Scorpion (Medium)	!PRERACE:1,%
NAME:Monstrous Scorpion (Medium)
ALIGN:TN
STAT:STR=11|DEX=10|CON=10|WIS=10|CHA=10
SKILL:Climb	RANK:3
SKILL:Spot	RANK:3
SKILL:Hide	RANK:4

STARTPACK:Monstrous Scorpion (Large) Default	TYPE:DefaultMonster.Vermin	VISIBLE:QUALIFY	EQUIPBUY:0	PREMULT:1,[!PRERACE:1,%],[PRERACE:1,Monstrous Scorpion (Large)]
RACE:Monstrous Scorpion (Large)	!PRERACE:1,%
NAME:Monstrous Scorpion (Large)
ALIGN:TN
STAT:STR=11|DEX=10|CON=10|WIS=10|CHA=10
SKILL:Climb	RANK:4
SKILL:Hide	RANK:3
SKILL:Spot	RANK:3

STARTPACK:Monstrous Scorpion (Huge) Default	TYPE:DefaultMonster.Vermin	VISIBLE:QUALIFY	EQUIPBUY:0	PREMULT:1,[!PRERACE:1,%],[PRERACE:1,Monstrous Scorpion (Huge)]
RACE:Monstrous Scorpion (Huge)	!PRERACE:1,%
NAME:Monstrous Scorpion (Huge)
ALIGN:TN
STAT:STR=11|DEX=10|CON=10|WIS=10|CHA=10
SKILL:Climb	RANK:3
SKILL:Spot	RANK:3
SKILL:Hide	RANK:4

STARTPACK:Monstrous Scorpion (Gargantuan) Default	TYPE:DefaultMonster.Vermin	VISIBLE:QUALIFY	EQUIPBUY:0	PREMULT:1,[!PRERACE:1,%],[PRERACE:1,Monstrous Scorpion (Gargantuan)]
RACE:Monstrous Scorpion (Gargantuan)	!PRERACE:1,%
NAME:Monstrous Scorpion (Gargantuan)
ALIGN:TN
STAT:STR=11|DEX=10|CON=10|WIS=10|CHA=10
SKILL:Climb	RANK:3
SKILL:Spot	RANK:3
SKILL:Hide	RANK:4

STARTPACK:Monstrous Scorpion (Colossal) Default	TYPE:DefaultMonster.Vermin	VISIBLE:QUALIFY	EQUIPBUY:0	PREMULT:1,[!PRERACE:1,%],[PRERACE:1,Monstrous Scorpion (Colossal)]
RACE:Monstrous Scorpion (Colossal)	!PRERACE:1,%
NAME:Monstrous Scorpion (Colossal)
ALIGN:TN
STAT:STR=11|DEX=10|CON=10|WIS=10|CHA=10
SKILL:Climb	RANK:3
SKILL:Spot	RANK:3
SKILL:Hide	RANK:4

STARTPACK:Monstrous Spider (Tiny Hunting) Default	TYPE:DefaultMonster.Vermin	VISIBLE:QUALIFY	EQUIPBUY:0	PREMULT:1,[!PRERACE:1,%],[PRERACE:1,Monstrous Spider (Tiny Hunting)]
RACE:Monstrous Spider (Tiny Hunting)	!PRERACE:1,%
NAME:Monstrous Spider (Tiny Hunting)
ALIGN:TN
STAT:STR=11|DEX=11|CON=10|WIS=10|CHA=10
SKILL:Climb	RANK:4
SKILL:Hide	RANK:3
SKILL:Spot	RANK:3
SKILL:Jump	RANK:0

STARTPACK:Monstrous Spider (Tiny Web Spinning) Default	TYPE:DefaultMonster.Vermin	VISIBLE:QUALIFY	EQUIPBUY:0	PREMULT:1,[!PRERACE:1,%],[PRERACE:1,Monstrous Spider (Tiny Web Spinning)]
RACE:Monstrous Spider (Tiny Web Spinning)	!PRERACE:1,%
NAME:Monstrous Spider (Tiny Web Spinning)
ALIGN:TN
STAT:STR=11|DEX=11|CON=10|WIS=10|CHA=10
SKILL:Climb	RANK:4
SKILL:Hide	RANK:3
SKILL:Spot	RANK:3
SKILL:Jump	RANK:0

STARTPACK:Monstrous Spider (Small) Default	TYPE:DefaultMonster.Vermin	VISIBLE:QUALIFY	EQUIPBUY:0	PREMULT:1,[!PRERACE:1,%],[PRERACE:1,Monstrous Spider (Small)]
RACE:Monstrous Spider (Small)	!PRERACE:1,%
NAME:Monstrous Spider (Small)
ALIGN:TN
STAT:STR=11|DEX=11|CON=10|WIS=10|CHA=10
SKILL:Climb	RANK:4
SKILL:Hide	RANK:3
SKILL:Spot	RANK:3
SKILL:Jump	RANK:0

STARTPACK:Monstrous Spider (Medium) Default	TYPE:DefaultMonster.Vermin	VISIBLE:QUALIFY	EQUIPBUY:0	PREMULT:1,[!PRERACE:1,%],[PRERACE:1,Monstrous Spider (Medium)]
RACE:Monstrous Spider (Medium)	!PRERACE:1,%
NAME:Monstrous Spider (Medium)
ALIGN:TN
STAT:STR=11|DEX=11|CON=10|WIS=10|CHA=10
SKILL:Climb	RANK:4
SKILL:Hide	RANK:3
SKILL:Spot	RANK:3
SKILL:Jump	RANK:0

STARTPACK:Monstrous Spider (Large) Default	TYPE:DefaultMonster.Vermin	VISIBLE:QUALIFY	EQUIPBUY:0	PREMULT:1,[!PRERACE:1,%],[PRERACE:1,Monstrous Spider (Large)]
RACE:Monstrous Spider (Large)	!PRERACE:1,%
NAME:Monstrous Spider (Large)
ALIGN:TN
STAT:STR=11|DEX=11|CON=10|WIS=10|CHA=10
SKILL:Climb	RANK:4
SKILL:Hide	RANK:3
SKILL:Spot	RANK:3
SKILL:Jump	RANK:0

STARTPACK:Monstrous Spider (Huge) Default	TYPE:DefaultMonster.Vermin	VISIBLE:QUALIFY	EQUIPBUY:0	PREMULT:1,[!PRERACE:1,%],[PRERACE:1,Monstrous Spider (Huge)]
RACE:Monstrous Spider (Huge)	!PRERACE:1,%
NAME:Monstrous Spider (Huge)
ALIGN:TN
STAT:STR=11|DEX=11|CON=10|WIS=10|CHA=10
SKILL:Climb	RANK:4
SKILL:Hide	RANK:3
SKILL:Spot	RANK:3
SKILL:Jump	RANK:0

STARTPACK:Monstrous Spider (Gargantuan) Default	TYPE:DefaultMonster.Vermin	VISIBLE:QUALIFY	EQUIPBUY:0	PREMULT:1,[!PRERACE:1,%],[PRERACE:1,Monstrous Spider (Gargantuan)]
RACE:Monstrous Spider (Gargantuan)	!PRERACE:1,%
NAME:Monstrous Spider (Gargantuan)
ALIGN:TN
STAT:STR=11|DEX=11|CON=10|WIS=10|CHA=10
SKILL:Climb	RANK:4
SKILL:Hide	RANK:3
SKILL:Spot	RANK:3
SKILL:Jump	RANK:0

STARTPACK:Monstrous Spider (Colossal) Default	TYPE:DefaultMonster.Vermin	VISIBLE:QUALIFY	EQUIPBUY:0	PREMULT:1,[!PRERACE:1,%],[PRERACE:1,Monstrous Spider (Colossal)]
RACE:Monstrous Spider (Colossal)	!PRERACE:1,%
NAME:Monstrous Spider (Colossal)
ALIGN:TN
STAT:STR=11|DEX=11|CON=10|WIS=10|CHA=10
SKILL:Climb	RANK:4
SKILL:Hide	RANK:3
SKILL:Spot	RANK:3
SKILL:Jump	RANK:0
