# CVS $Revision: 9628 $ $Author: zaister $ -- Tue Dec 15 01:48:08 2015 -- reformated by PCGen PrettyLST v6.06.00
SOURCELONG:Faiths of Balance	SOURCESHORT:FOB	SOURCEWEB:http://paizo.com/store/games/roleplayingGames/p/pathfinderRPG/paizo/pathfinderCompanion/v5748btpy8lvb	SOURCEDATE:2011-07
# Original Entry by: Stefan Radermacher

###Block: Minor Deities
# Deity Name	Product Identity?	Domains											Description of Deity/Title				Deity Weapon			Align		Source Page		Pantheon
Alseta		NAMEISPI:YES	DOMAINS:Community,Law,Magic,Protection|PREALIGN:LG,LN,NG,TN			DESC:Goddess of doors and portals			DEITYWEAP:Dagger			ALIGN:LN	SOURCEPAGE:p.20	PANTHEON:Pathfinder Chronicles
Besmara		NAMEISPI:YES	DOMAINS:Chaos,Trickery,War,Water,Weather|PREALIGN:CG,TN,CN,CE		DESC:Goddess of piracy, strife, sea monsters	DEITYWEAP:Rapier			ALIGN:CN	SOURCEPAGE:p.20	PANTHEON:Pathfinder Chronicles
Brigh			NAMEISPI:YES	DOMAINS:Artifice,Earth,Fire,Knowledge|PREALIGN:LN,NG,TN,NE,CN		DESC:Goddess of inventors				DEITYWEAP:Hammer (Light)	ALIGN:TN	SOURCEPAGE:p.20	PANTHEON:Pathfinder Chronicles
Groetus		NAMEISPI:YES	DOMAINS:Chaos,Darkness,Destruction,Madness,Void|PREALIGN:CG,TN,CN,CE	DESC:God of empty places, ruins, oblivion		DEITYWEAP:Flail (Heavy)		ALIGN:CN	SOURCEPAGE:p.20	PANTHEON:Pathfinder Chronicles
Hanspur		NAMEISPI:YES	DOMAINS:Chaos,Death,Travel,Water|PREALIGN:CG,TN,CN,CE				DESC:God of the waterways				DEITYWEAP:Trident			ALIGN:CN	SOURCEPAGE:p.20	PANTHEON:Pathfinder Chronicles
Naderi		NAMEISPI:YES	DOMAINS:Charm,Repose,Water|PREALIGN:LN,NG,TN,NE,CN				DESC:Goddess of suicides				DEITYWEAP:Dagger			ALIGN:TN	SOURCEPAGE:p.21	PANTHEON:Pathfinder Chronicles
Sivanah		NAMEISPI:YES	DOMAINS:Knowledge,Madness,Magic,Rune,Trickery|PREALIGN:LN,NG,TN,NE,CN	DESC:Goddess of illusions, reflections, mystery	DEITYWEAP:Bladed Scarf		ALIGN:TN	SOURCEPAGE:p.21	PANTHEON:Pathfinder Chronicles

###Block: Eldest
# Deity Name	Product Identity?	Domains										Description of Deity/Title						Deity Weapon		Align		Source Page		Pantheon
Count Ranalc	NAMEISPI:YES	DOMAINS:Chaos,Darkness,Nobility,Travel|PREALIGN:CG,TN,CN,CE		DESC:Eldest lord of betrayal, exiles, shadows			DEITYWEAP:Rapier		ALIGN:CN	SOURCEPAGE:p.21	PANTHEON:Eldest
Imbrex		NAMEISPI:YES	DOMAINS:Community,Earth,Law,Strength|PREALIGN:LG,LN,NG,TN		DESC:Eldest lord of endings, statues, twins			DEITYWEAP:Flail (Dire)	ALIGN:LN	SOURCEPAGE:p.21	PANTHEON:Eldest
The Lantern King	NAMEISPI:YES	DOMAINS:Chaos,Charm,Madness,Trickery|PREALIGN:CG,TN,CN,CE		DESC:Eldest lord of laughter, mischief, transformation	DEITYWEAP:Dagger		ALIGN:CN	SOURCEPAGE:p.21	PANTHEON:Eldest
The Lost Prince	NAMEISPI:YES	DOMAINS:Knowledge,Madness,Nobility,Repose|PREALIGN:LN,NG,TN,NE,CN	DESC:Eldest lord of forgotten things, sadness, solitude	DEITYWEAP:Quarterstaff	ALIGN:TN	SOURCEPAGE:p.21	PANTHEON:Eldest
Maghd			NAMEISPI:YES	DOMAINS:Knowledge,Law,Luck,Rune|PREALIGN:LG,LN,NG,TN			DESC:Eldest lord of complexity, fate, triplets			DEITYWEAP:Scythe		ALIGN:LN	SOURCEPAGE:p.21	PANTHEON:Eldest
Ng			NAMEISPI:YES	DOMAINS:Knowledge,Magic,Travel,Weather|PREALIGN:LN,NG,TN,NE,CN	DESC:Eldest lord of the season, secrets, wanderers		DEITYWEAP:Gauntlet	ALIGN:TN	SOURCEPAGE:p.21	PANTHEON:Eldest
Shyka			NAMEISPI:YES	DOMAINS:Death,Destruction,Madness,Magic|PREALIGN:LN,NG,TN,NE,CN	DESC:Eldest lord of entropy, reincarnation, time		DEITYWEAP:Mace (Light)	ALIGN:TN	SOURCEPAGE:p.21	PANTHEON:Eldest

###Block: Inquisitor Domain Support
# Deity Name		Modify VAR
Alseta.MOD			BONUS:VAR|InquisitorDomainCommunity,InquisitorDomainLaw,InquisitorDomainMagic,InquisitorDomainProtection|1|PREALIGN:LG,LN,NG,TN
Besmara.MOD			BONUS:VAR|InquisitorDomainChaos,InquisitorDomainTrickery,InquisitorDomainWar,InquisitorDomainWater,InquisitorDomainWeather|1|PREALIGN:CG,TN,CN,CE
Brigh.MOD			BONUS:VAR|InquisitorDomainArtifice,InquisitorDomainEarth,InquisitorDomainFire,InquisitorDomainKnowledge|1|PREALIGN:LN,NG,TN,NE,CN
Groetus.MOD			BONUS:VAR|InquisitorDomainChaos,InquisitorDomainDarkness,InquisitorDomainDestruction,InquisitorDomainMadness,InquisitorDomainVoid|1|PREALIGN:CG,TN,CN,CE
Hanspur.MOD			BONUS:VAR|InquisitorDomainChaos,InquisitorDomainDeath,InquisitorDomainTravel,InquisitorDomainWater|1|PREALIGN:CG,TN,CN,CE
Naderi.MOD			BONUS:VAR|InquisitorDomainCharm,InquisitorDomainRepose,InquisitorDomainWater|1|PREALIGN:LN,NG,TN,NE,CN
Sivanah.MOD			BONUS:VAR|InquisitorDomainKnowledge,InquisitorDomainMadness,InquisitorDomainMagic,InquisitorDomainRune,InquisitorDomainTrickery|1|PREALIGN:LN,NG,TN,NE,CN
#
Count Ranalc.MOD		BONUS:VAR|InquisitorDomainChaos,InquisitorDomainDarkness,InquisitorDomainNobility,InquisitorDomainTravel|1|PREALIGN:CG,TN,CN,CE
Imbrex.MOD			BONUS:VAR|InquisitorDomainCommunity,InquisitorDomainEarth,InquisitorDomainLaw,InquisitorDomainStrength|1|PREALIGN:LG,LN,NG,TN
The Lantern King.MOD	BONUS:VAR|InquisitorDomainChaos,InquisitorDomainCharm,InquisitorDomainMadness,InquisitorDomainTrickery|1|PREALIGN:CG,TN,CN,CE
The Lost Prince.MOD	BONUS:VAR|InquisitorDomainKnowledge,InquisitorDomainMadness,InquisitorDomainNobility,InquisitorDomainRepose|1|PREALIGN:LN,NG,TN,NE,CN
Maghd.MOD			BONUS:VAR|InquisitorDomainKnowledge,InquisitorDomainLaw,InquisitorDomainLuck,InquisitorDomainRune|1|PREALIGN:LG,LN,NG,TN
Ng.MOD			BONUS:VAR|InquisitorDomainKnowledge,InquisitorDomainMagic,InquisitorDomainTravel,InquisitorDomainWeather|1|PREALIGN:LN,NG,TN,NE,CN
Shyka.MOD			BONUS:VAR|InquisitorDomainDeath,InquisitorDomainDestruction,InquisitorDomainMadness,InquisitorDomainMagic|1|PREALIGN:LN,NG,TN,NE,CN


#
# End
#
