# CVS $Revision: $ $Author: $ -- Tue Dec 15 01:48:08 2015 -- reformated by PCGen PrettyLST v6.06.00
SOURCELONG:Dragon Empires Gazetteer	SOURCESHORT:DEG	SOURCEWEB:http://paizo.com/products/btpy8pfu	SOURCEDATE:2012-02

# Deity Name	Product Identity?	Domains											Description of Deity/Title							Deity Weapon				Align		Source Page		Holy Item												Pantheon					Deity Title				Usual Worshippers								Deity Appearance																												RACE
Daikitsu		NAMEISPI:YES	DOMAINS:Animal,Artifice,Community,Plant,Weather|PREALIGN:CN,LN,TN,NG,NE	DESC:Goddess of agriculture, craftsmanship, kitsune, and rice	DEITYWEAP:Flail				ALIGN:TN	SOURCEPAGE:p.59	SYMBOL:Nine-tailed fox										PANTHEON:Pathfinder Chronicles	TITLE:Lady of Foxes		WORSHIPPERS:Farmers, Smiths, Craftsmen				APPEARANCE:Daikitsu usually appears as beautiful kitsune woman with snow-white fur and nine tails.														RACE:Kitsune
Fumeiyoshi		NAMEISPI:YES	DOMAINS:Death,Destruction,Evil,Repose,War|PREALIGN:TN,NE,CE,LE		DESC:God of dishonor, envy, graces and the undead			DEITYWEAP:Naginata			ALIGN:NE	SOURCEPAGE:p.59	SYMBOL:Red demonic face										PANTHEON:Pathfinder Chronicles	TITLE:Lord of Envy		WORSHIPPERS:Oni, Undead, Fallen paladins and samurai		APPEARANCE:Fumeiyoshi has many forms, but most often manifests as a nearly skeletal humanoid with three eyes, jagged tusks, and twisted claws.
General Susumu	NAMEISPI:YES	DOMAINS:Evil,Glory,Law,Nobility,War|PREALIGN:LN,LE,NE				DESC:God of archery, horses, personal glory and war			DEITYWEAP:Longbow				ALIGN:LE	SOURCEPAGE:p.59	SYMBOL:Black winged horse									PANTHEON:Pathfinder Chronicles	TITLE:The Black Daimyo												APPEARANCE:General Susumu has red skin and great bristling eyebrows and wears ornate black o-yoroi armor.
Hei Feng		NAMEISPI:YES	DOMAINS:Air,Chaos,Destruction,Water,Weather|PREALIGN:CG,CN,TN,CE		DESC:God of the sea, storms, thunder and wind				DEITYWEAP:Broadsword (Nine Ring)	ALIGN:CN	SOURCEPAGE:p.60	SYMBOL:Lightning bolt issuing from a black storm cloud				PANTHEON:Pathfinder Chronicles	TITLE:Duke of Thunder		WORSHIPPERS:Farmers, Sailors						APPEARANCE:Hei Feng appears as a powerful tengu with smoking black feathers.																		RACE:Tengu
Kofusachi		NAMEISPI:YES	DOMAINS:Chaos,Charm,Good,Luck,Travel|PREALIGN:CG,NG,CN			DESC:God of abundancy, discovery, happiness and prosperity		DEITYWEAP:Bo staff			ALIGN:CG	SOURCEPAGE:p.60	SYMBOL:String of seven coins									PANTHEON:Pathfinder Chronicles	TITLE:The Laughing God												APPEARANCE:Kofusachi is depicted as a plump, bald man, always smiling, with bare, calloused feet, a walking stick in hand, and a dog at his heels.
Lady Nanbyo		NAMEISPI:YES	DOMAINS:Chaos,Destruction,Evil,Fire,Plant|PREALIGN:CN,CE,NE			DESC:God of earthquakes, fire, plague and suffering			DEITYWEAP:Warhammer			ALIGN:CE	SOURCEPAGE:p.60	SYMBOL:Flaming rift in the earth								PANTHEON:Pathfinder Chronicles	TITLE:The Widow of Suffering											APPEARANCE:Lady Nanbyo can appear as a seductive woman when she wishes, but her true form is said to be that of a ravenous, firebreathing dragon with a dozen legs
Lao Shu Po		NAMEISPI:YES	DOMAINS:Animal,Darkness,Evil,Luck,Trickery|PREALIGN:TN,NE,LE,CE		DESC:Goddess of night, rats and thieves					DEITYWEAP:Dagger				ALIGN:NE	SOURCEPAGE:p.61	SYMBOL:Curled and emaciated rat								PANTHEON:Pathfinder Chronicles	TITLE:Old Rat Woman		WORSHIPPERS:Theives							APPEARANCE:Lao Shu Po appears as an old hag or as an immense, six-legged rat.																		RACE:Wayang
Nalinivati		NAMEISPI:YES	DOMAINS:Charm,Magic,Nobility,Rune,Scalykind|PREALIGN:NG,TN,LN,CN,NE	DESC:Goddess of fertility, nagaji, snakes, and sorcery		DEITYWEAP:Urumi				ALIGN:TN	SOURCEPAGE:p.61	SYMBOL:Snake coiled in a lotus flower							PANTHEON:Pathfinder Chronicles	TITLE:The Serpent's Kiss	WORSHIPPERS:Sorcerers, Nagas, Smitten Lovers, Snake cults	APPEARANCE:Nalinivati appears as an immense naga with brilliantly colored hair and scales. She is often depicted in art as emerging from an egg, or as guarding a clutch of eggs.	RACE:Nagaji
Qi Zhong		NAMEISPI:YES	DOMAINS:Good,Healing,Knowledge,Magic,Protection|PREALIGN:LG,NG,CG,TN	DESC:God of healing, magic and medicine					DEITYWEAP:Mace (Heavy)			ALIGN:NG	SOURCEPAGE:p.62	SYMBOL:Wagon wheel with spokes made of fire, eath, metal, water and wood	PANTHEON:Pathfinder Chronicles	TITLE:Master of Medicine	WORSHIPPERS:Healers, Sages, Scholars				APPEARANCE:He appears as a kindly older man dressed in a healer's robe that seems to shift between the five elements.
Shizuru		NAMEISPI:YES	DOMAINS:Glory,Good,Law,Repose,Sun|PREALIGN:LG,NG,LN				DESC:Goddess of ancestors, honor, the sun and swordplay		DEITYWEAP:Katana				ALIGN:LG	SOURCEPAGE:p.62	SYMBOL:Katana in front of the sun								PANTHEON:Pathfinder Chronicles	TITLE:Empress of Heaven		WORSHIPPERS:Samurai, Honorable swordfighters			APPEARANCE:Shizuru is often depicted in art as a beautiful samurai, as a magnificent dragon with golden scales, or as both simultaneously.
Sun Wukong		NAMEISPI:YES	DOMAINS:Animal,Chaos,Liberation,Travel,Trickery|PREALIGN:CG,CN,CE		DESC:God of drunkenness, nature, and trickery				DEITYWEAP:Quarterstaff			ALIGN:CN	SOURCEPAGE:p.63	SYMBOL:Stone monkey										PANTHEON:Pathfinder Chronicles	TITLE:The Monkey King
Tsukiyo		NAMEISPI:YES	DOMAINS:Darkness,Good,Law,Madness,Repose|PREALIGN:LG,NG,LN			DESC:God of the jade, moon and spirits					DEITYWEAP:Longspear			ALIGN:LG	SOURCEPAGE:p.63	SYMBOL:Jade crescent moon									PANTHEON:Pathfinder Chronicles	TITLE:Prince of the Moon																																									RACE:Samsaran
Yaezhing		NAMEISPI:YES	DOMAINS:Artifice,Death,Evil,Law,Trickery|PREALIGN:LE,LN,NE			DESC:God of harsh justice, murder, and punishment			DEITYWEAP:Shuriken			ALIGN:LE	SOURCEPAGE:p.63	SYMBOL:Bloody shuriken										PANTHEON:Pathfinder Chronicles	TITLE:Minister of Blood		WORSHIPPERS:Ninja, Assassins, Executioners, Judges		APPEARANCE:Yaezhing appears as a shadowy humanoid figure swathed in darkness. His head is that of a tiger with human eyes.
Yamatsumi		NAMEISPI:YES	DOMAINS:Earth,Fire,Protection,Strength,Water|PREALIGN:TN,NG,LN,CN,NE	DESC:God of mountains, volcanos and winter				DEITYWEAP:Tetsubo				ALIGN:TN	SOURCEPAGE:p.63	SYMBOL:Snow capped erupting volcano								PANTHEON:Pathfinder Chronicles	TITLE:The Mountain Lord		WORSHIPPERS:Ascetic mountain monks					APPEARANCE:Yamatsumi appears as a giant man with ice for skin, lava for hair and a beard, and two pairs of ram's horns on his head.

###Block: Inquisitor Support
# Deity Name		Modify VAR
Daikitsu.MOD		BONUS:VAR|InquisitorDomainAnimal,InquisitorDomainArtifice,InquisitorDomainCommunity,InquisitorDomainPlant,InquisitorDomainWeather|1|PREALIGN:CN,LN,TN,NG,NE
Fumeiyoshi.MOD		BONUS:VAR|InquisitorDomainDeath,InquisitorDomainDestruction,InquisitorDomainEvil,InquisitorDomainRepose,InquisitorDomainWar|1|PREALIGN:TN,NE,CE,LE
General Susumu.MOD	BONUS:VAR|InquisitorDomainEvil,InquisitorDomainGlory,InquisitorDomainLaw,InquisitorDomainNobility,InquisitorDomainWar|1|PREALIGN:LN,LE,NE
Hei Feng.MOD		BONUS:VAR|InquisitorDomainAir,InquisitorDomainChaos,InquisitorDomainDestruction,InquisitorDomainWater,InquisitorDomainWeather|1|PREALIGN:CG,CN,TN,CE
Kofusachi.MOD		BONUS:VAR|InquisitorDomainChaos,InquisitorDomainCharm,InquisitorDomainGood,InquisitorDomainLuck,InquisitorDomainTravel|1|PREALIGN:CG,NG,CN
Lady Nanbyo.MOD		BONUS:VAR|InquisitorDomainChaos,InquisitorDomainDestruction,InquisitorDomainEvil,InquisitorDomainFire,InquisitorDomainPlant|1|PREALIGN:CN,CE,NE
Lao Shu Po.MOD		BONUS:VAR|InquisitorDomainAnimal,InquisitorDomainDarkness,InquisitorDomainEvil,InquisitorDomainLuck,InquisitorDomainTrickery|1|PREALIGN:TN,NE,LE,CE
Nalinivati.MOD		BONUS:VAR|InquisitorDomainCharm,InquisitorDomainMagic,InquisitorDomainNobility,InquisitorDomainRune,InquisitorDomainScalykind|1|PREALIGN:NG,TN,LN,CN,NE
Qi Zhong.MOD		BONUS:VAR|InquisitorDomainGood,InquisitorDomainHealing,InquisitorDomainKnowledge,InquisitorDomainMagic,InquisitorDomainProtection|1|PREALIGN:LG,NG,CG,TN
Shizuru.MOD			BONUS:VAR|InquisitorDomainGlory,InquisitorDomainGood,InquisitorDomainLaw,InquisitorDomainRepose,InquisitorDomainSun|1|PREALIGN:LG,NG,LN
Sun Wukong.MOD		BONUS:VAR|InquisitorDomainAnimal,InquisitorDomainChaos,InquisitorDomainLiberation,InquisitorDomainTravel,InquisitorDomainTrickery|1|PREALIGN:CG,CN,CE
Tsukiyo.MOD			BONUS:VAR|InquisitorDomainDarkness,InquisitorDomainGood,InquisitorDomainLaw,InquisitorDomainMadness,InquisitorDomainRepose|1|PREALIGN:LG,NG,LN
Yaezhing.MOD		BONUS:VAR|InquisitorDomainArtifice,InquisitorDomainDeath,InquisitorDomainEvil,InquisitorDomainLaw,InquisitorDomainTrickery|1|PREALIGN:LE,LN,NE
Yamatsumi.MOD		BONUS:VAR|InquisitorDomainEarth,InquisitorDomainFire,InquisitorDomainProtection,InquisitorDomainStrength,InquisitorDomainWater|1|PREALIGN:TN,NG,LN,CN,NE
