# CVS $Revision: 17406 $ $Author: amaitland $ -- Fri Oct  4 22:18:51 2013 -- reformated by prettylst.pl v1.50 (build 20400)
SOURCELONG:Ultimate Equipment	SOURCESHORT:UE	SOURCEWEB:http://paizo.com/products/btpy8tmc?Pathfinder-Roleplaying-Game-Ultimate-Equipment	SOURCEDATE:2012-08
# Original Entry by: Stefan Radermacher

###Block: Magic Armor and Shield Special Abilities
# Modifier Name			Unique Key	Output Name					Type			Plus		Cost		Visible		Type granted	Source, Long Desc.		Source, Short Desc.	Source Page		Multiple Requirements										Required Type							Prohibited Type							Special Property																																																																																									Ability											Choose																																																																																	Innate Spells
Adhesive				KEY:ADHV							TYPE:Armor				COST:7000	VISIBLE:QUALIFY													SOURCEPAGE:p.114														PRETYPE:2,Enhancement,Armor					!PRETYPE:1,EQMOD=SLK,EQMOD=SLK_GRT,EQMOD=SLK_IMP	SPROP:On command for 10 rds/day, climb speed of 20 feet and +2 enhancement bonus on combat maneuver checks made to disarm, grapple, reposition, steal, or trip when the wearer is using a natural weapon or unarmed strike.
Balanced				KEY:BAL							TYPE:Armor		PLUS:1			VISIBLE:QUALIFY													SOURCEPAGE:p.115	PREMULT:2,[PRETYPE:2,Enhancement,Armor],[PRETYPE:1,Light,Medium]																					SPROP:+4 to CMD vs overrun or trip and on Acrobatics check made to maintain balance. Dropping prone is a move action instead of a free action.
Benevolent				KEY:BENE							TYPE:Armor				COST:2000	VISIBLE:QUALIFY													SOURCEPAGE:p.115														PRETYPE:2,Enhancement,Armor														SPROP:when using aid another action, grant armor's enhancement bonus to ally's AC
Bitter				KEY:BTTR							TYPE:Armor		PLUS:1			VISIBLE:QUALIFY													SOURCEPAGE:p.115														PRETYPE:2,Enhancement,Armor														SPROP:On grapple wearer with mouth, DC14 Fortitude save or immediately end grapple. On swallow wearer, DC14 Fortitude or become nauseated for 1 round.
Bolstering				KEY:BLSTR							TYPE:Armor		PLUS:1			VISIBLE:QUALIFY													SOURCEPAGE:p.116	PREMULT:2,[PRETYPE:1,Enhancement],[PRETYPE:1,Armor,Shield]													!PRETYPE:2,Armor,Light	!PRETYPE:2,Shield,Buckler	SPROP:+2 competence bonus on saving throws against abilities of creature hit in melee or ranged attack.
Brawling				KEY:BRWLG							TYPE:Armor		PLUS:1			VISIBLE:QUALIFY													SOURCEPAGE:p.116														PRETYPE:3,Enhancement,Armor,Light													SPROP:+2 bonus on unarmed attack and damage rolls, including combat maneuver checks made to grapple. Unarmed strikes bypass magic wpn DR.
Clangorous				KEY:CLANG							TYPE:Shield		PLUS:1			VISIBLE:QUALIFY													SOURCEPAGE:p.116														PRETYPE:2,Enhancement,Shield														SPROP:When wearer hit, immediate action to create bang equivalent to a thunder stone. If hit was a critical, can instead create a sound burst (Fortitude DC 13 partial).
Creeping				KEY:CREEP							TYPE:Armor				COST:5000	VISIBLE:QUALIFY													SOURCEPAGE:p.116														PRETYPE:2,Enhancement,Armor														SPROP:check penalty does nto apply to stealth. Once per day add enhancement bonus to stelath for 1 minute.
Deathless				KEY:DTHLS							TYPE:Armor		PLUS:1			VISIBLE:QUALIFY													SOURCEPAGE:p.116														PRETYPE:2,Enhancement,Armor														SPROP:Absorbs the first 10 points of positive or negative energy damage per attack. 25% chance to ignore negative levels
Defiant				KEY:DFNT							TYPE:Armor.Shield	PLUS:1			VISIBLE:QUALIFY													SOURCEPAGE:p.116	PREMULT:2,[PRETYPE:1,Enhancement],[PRETYPE:1,Armor,Shield]																						SPROP:+2 enhancement bonus and DR 2/- against %CHOICE																																																																																															CHOOSE:STRING|Aberrations|Animals|Constructs|Dragons|Fey|Humanoids (Aquatic)|Humanoids (Dwarf)|Humanoids (Elf)|Humanoids (Giant)|Humanoids (Gnoll)|Humanoids (Gnome)|Humanoids (Goblinoid)|Humanoids (Halfling)|Humanoids (Human)|Humanoids (Reptilian)|Humanoids (Orc)|Magical Beasts|Monstrous Humanoids|Oozes|Outsiders (Air)|Outsiders (Chaotic)|Outsiders (Earth)|Outsiders (Evil)|Outsiders (Fire)|Outsiders (Good)|Outsiders (Lawful)|Outsiders (Water)|Plants|Undead|Vermin|TITLE=Designated Foe
Delving				KEY:DLVG							TYPE:Armor				COST:10000	VISIBLE:QUALIFY													SOURCEPAGE:p.117														PRETYPE:2,Enhancement,Armor														SPROP:burrow speed of 10 feet. +4 bonus on all saving throws against landslides, avalanches, tunnel collapses, and similar effects
Expeditious				KEY:EXPED							TYPE:Armor				COST:4000	VISIBLE:QUALIFY													SOURCEPAGE:p.118														PRETYPE:2,Enhancement,Armor														SPROP:As swift action 3 /day, +10-foot enhancement bonus on all modes of movement for 1 round
Grinding				KEY:GRNDG							TYPE:Armor.Shield	PLUS:1			VISIBLE:QUALIFY													SOURCEPAGE:p.119	PREMULT:2,[PRETYPE:1,Enhancement],[PRETYPE:1,Armor,Shield]																						SPROP:Any successful grapple check against wearer causes enhancement bonus hp damage on attacker.
Harmonizing				KEY:HRMZG							TYPE:Armor				COST:15000	VISIBLE:QUALIFY													SOURCEPAGE:p.119														PRETYPE:2,Enhancement,Armor														SPROP:+5 competence bonus on Perform checks, but takes a -5 penalty on Stealth checks. Wearer vulnerable to sonic energy damage. Extra round of audible bardic performance abilities
Hosteling				KEY:HSTL_A							TYPE:Armor.Shield			COST:7500	VISIBLE:QUALIFY													SOURCEPAGE:p.119														PRETYPE:2,Enhancement,Armor														SPROP:Stores bonded animal for up to 24 hours
Impervious				KEY:IMPRVS							TYPE:Armor.Shield	PLUS:1			VISIBLE:QUALIFY													SOURCEPAGE:p.119	PREMULT:2,[PRETYPE:1,Enhancement],[PRETYPE:1,Armor,Shield]																						SPROP:Double its enhancement bonus to hardness, hit points and break DC. Enhancement bonus to saves vs direct attacks on shield or armor
Martyring				KEY:MRTYG							TYPE:Armor				COST:18000	VISIBLE:QUALIFY													SOURCEPAGE:p.120														PRETYPE:2,Enhancement,Armor														SPROP:Once per day as an immediate action, when an enemy confirms a critical hit against someone wearing martyring armor, the wearer can heal up to nine allies within 30 feet as if using the mass cure light wounds spell (1d8+9 hit points each).
Merging				KEY:MTGG							TYPE:Shield		PLUS:2			VISIBLE:QUALIFY													SOURCEPAGE:p.120														PRETYPE:2,Enhancement,Shield	PRETYPE:1,Light,Heavy										SPROP:The wearer chooses each round whether to attack with the previously merged weapon or defend with the shield.
Mirrored				KEY:MIRROR							TYPE:Armor.Shield	PLUS:1			VISIBLE:QUALIFY													SOURCEPAGE:p.120	PREMULT:3,[PRETYPE:1,Enhancement],[PRETYPE:1,Armor,Shield],[PRETYPE:1,Metal]																			SPROP:When averting eyes, roll the miss chance twice, selecting the better result and can also deal sneak or precision damage. Add enhancement bonus to touch AC vs rays.
Poison-resistant			KEY:PSN_RST							TYPE:Armor.Shield			COST:2250	VISIBLE:QUALIFY													SOURCEPAGE:p.121	PREMULT:2,[PRETYPE:1,Enhancement],[PRETYPE:1,Armor,Shield]																						SPROP:+3 resistance bonus on saving throws against poison.
Putrid				KEY:PTRD							TYPE:Armor				COST:10000	VISIBLE:QUALIFY													SOURCEPAGE:p.121														PRETYPE:2,Enhancement,Armor														SPROP:Living creatures within 10 feet of the wearer must succeed at a DC 14 Fortitude save or be sickened for 5 rounds.
Radiant				KEY:RDNT							TYPE:Armor.Shield			COST:7500	VISIBLE:QUALIFY	ITYPE:Lightsource										SOURCEPAGE:p.121	PREMULT:2,[PRETYPE:1,Enhancement],[PRETYPE:1,Armor,Shield]																						SPROP:Shines as brightly as a torch when worn. Once per day, can be brightened to the strength of a daylight spell for up to 1 hour.
Rallying				KEY:RLYG							TYPE:Armor.Shield			COST:5000	VISIBLE:QUALIFY													SOURCEPAGE:p.121	PREMULT:2,[PRETYPE:1,Enhancement],[PRETYPE:1,Armor,Shield]																						SPROP:Allies within 30 feet of the wearer gain a +4 morale bonus on saving throws against fear effects.
Ramming				KEY:RAMG							TYPE:Shield		PLUS:1			VISIBLE:QUALIFY													SOURCEPAGE:p.121														PRETYPE:2,Enhancement,Shield														SPROP:Add enhancement bonus to attack and damage for a shield bash as part of a charge. If it hits, can attempt bull rush as a swift action.
Spell storing			KEY:SPL_STO							TYPE:Armor		PLUS:1			VISIBLE:QUALIFY													SOURCEPAGE:p.122														PRETYPE:2,Enhancement,Armor														SPROP:Can store a single touch spell of up to 3rd level which can be cast as a swift action when wearer hit by melee  or melee touch attack.
Stanching				KEY:STNCHG							TYPE:Armor		PLUS:1			VISIBLE:QUALIFY													SOURCEPAGE:p.122														PRETYPE:2,Enhancement,Armor														SPROP:Reduces hit point damage, ability damage, or ability drain by an amount equal to its enhancement bonus if the damage or drain was from a bleed effect. The wearer also adds the armor’s enhancement bonus to Constitution checks to become stable.
Titanic				KEY:TTNC							TYPE:Armor		PLUS:3			VISIBLE:QUALIFY													SOURCEPAGE:p.122														PRETYPE:2,Enhancement,Armor														SPROP:Wearer is considered one size category larger for the purpose of using or being affected by special attacks that depend on size, such as swallow whole and trample. Once per day on command, the wearer can increase her size as if using enlarge person for 1 minute. Once per minute as a free action add the armor’s enhancement bonus to a single strength check or combat maneuver check, or to her CMD against a single combat maneuver. The armor check penalty of titanic armor is increased by an abilities amount equal to its enhancement bonus.
Unbound				KEY:UNBND							TYPE:Armor				COST:27000	VISIBLE:QUALIFY													SOURCEPAGE:p.123														PRETYPE:2,Enhancement,Armor														SPROP:On command once per day can invoke an effect as per the spell righteous might granting DR 5/lawful																																																																										ABILITY:Special Ability|AUTOMATIC|Negative Levels|PREALIGN:LE,LN,LG																																																																																			SPELLS:Innate|TIMES=1|CASTERLEVEL=10|Righteous Might
Vigilant				KEY:VGLNT							TYPE:Armor				COST:27000	VISIBLE:QUALIFY													SOURCEPAGE:p.123														PRETYPE:2,Enhancement,Armor														SPROP:On command once per day can invoke an effect as per the spell righteous might granting DR 5/chaotic																																																																										ABILITY:Special Ability|AUTOMATIC|Negative Levels|PREALIGN:CE,CN,CG																																																																																			SPELLS:Innate|TIMES=1|CASTERLEVEL=10|Righteous Might
Warding				KEY:WRDG							TYPE:Armor		PLUS:1			VISIBLE:QUALIFY													SOURCEPAGE:p.123														PRETYPE:2,Enhancement,Armor														SPROP:Once per day as an immediate action, the wearer of warding armor can activate it to end all active challenge, judgment, and smite abilities affecting her. Can be refreshed as a swift action by the wearer expending one of her own challenge, judgment, or smite abilities.
Wyrmsbreath (Acid)		KEY:WRMSB_A							TYPE:Shield				COST:5000	VISIBLE:QUALIFY													SOURCEPAGE:p.123														PRETYPE:2,Enhancement,Shield														SPROP:On command, the bearer can expend 1 to 5 charges from the shield to have it create a breath weapon in a 15 foot cone dealing 1d4 points of acid damage per charge expended (Reflex DC 11 half).
Wyrmsbreath (Cold)		KEY:WRMSB_C							TYPE:Shield				COST:5000	VISIBLE:QUALIFY													SOURCEPAGE:p.123														PRETYPE:2,Enhancement,Shield														SPROP:On command, the bearer can expend 1 to 5 charges from the shield to have it create a breath weapon in a 15 foot cone dealing 1d4 points of cold damage per charge expended (Reflex DC 11 half).
Wyrmsbreath (Electricity)	KEY:WRMSB_E							TYPE:Shield				COST:5000	VISIBLE:QUALIFY													SOURCEPAGE:p.123														PRETYPE:2,Enhancement,Shield														SPROP:On command, the bearer can expend 1 to 5 charges from the shield to have it create a breath weapon in a 15 foot cone dealing 1d4 points of electricity damage per charge expended (Reflex DC 11 half).
Wyrmsbreath (Fire)		KEY:WRMSB_F							TYPE:Shield				COST:5000	VISIBLE:QUALIFY													SOURCEPAGE:p.123														PRETYPE:2,Enhancement,Shield														SPROP:On command, the bearer can expend 1 to 5 charges from the shield to have it create a breath weapon in a 15 foot cone dealing 1d4 points of fire damage per charge expended (Reflex DC 11 half).


ANMATD.MOD																									SOURCELONG:Ultimate Equipment	SOURCESHORT:UE		SOURCEPAGE:p.114
ARW_CAT.MOD																									SOURCELONG:Ultimate Equipment	SOURCESHORT:UE		SOURCEPAGE:p.115
ARW_DEF.MOD																									SOURCELONG:Ultimate Equipment	SOURCESHORT:UE		SOURCEPAGE:p.115
BASH_H.MOD																									SOURCELONG:Ultimate Equipment	SOURCESHORT:UE		SOURCEPAGE:p.115
BASH_L.MOD																									SOURCELONG:Ultimate Equipment	SOURCESHORT:UE		SOURCEPAGE:p.115
BLIND.MOD																									SOURCELONG:Ultimate Equipment	SOURCESHORT:UE		SOURCEPAGE:p.116
CHAMP.MOD																									SOURCELONG:Ultimate Equipment	SOURCESHORT:UE		SOURCEPAGE:p.116
DSTRD.MOD																									SOURCELONG:Ultimate Equipment	SOURCESHORT:UE		SOURCEPAGE:p.116
DTRMN.MOD																									SOURCELONG:Ultimate Equipment	SOURCESHORT:UE		SOURCEPAGE:p.117
ETHERE.MOD																									SOURCELONG:Ultimate Equipment	SOURCESHORT:UE		SOURCEPAGE:p.118
FRT_HVY.MOD						OUTPUTNAME:Heavy Fortification														SOURCELONG:Ultimate Equipment	SOURCESHORT:UE		SOURCEPAGE:p.118
FRT_LGHT.MOD					OUTPUTNAME:Light Fortification														SOURCELONG:Ultimate Equipment	SOURCESHORT:UE		SOURCEPAGE:p.118
FRT_MOD.MOD						OUTPUTNAME:Moderate Fortification														SOURCELONG:Ultimate Equipment	SOURCESHORT:UE		SOURCEPAGE:p.118
GHOST_A.MOD																									SOURCELONG:Ultimate Equipment	SOURCESHORT:UE		SOURCEPAGE:p.119
GLAM.MOD																									SOURCELONG:Ultimate Equipment	SOURCESHORT:UE		SOURCEPAGE:p.119
INVULN.MOD																									SOURCELONG:Ultimate Equipment	SOURCESHORT:UE		SOURCEPAGE:p.120
JSTNG.MOD																									SOURCELONG:Ultimate Equipment	SOURCESHORT:UE		SOURCEPAGE:p.120
REFLC.MOD																									SOURCELONG:Ultimate Equipment	SOURCESHORT:UE		SOURCEPAGE:p.121
RGHTS.MOD																									SOURCELONG:Ultimate Equipment	SOURCESHORT:UE		SOURCEPAGE:p.121
SHDW.MOD																									SOURCELONG:Ultimate Equipment	SOURCESHORT:UE		SOURCEPAGE:p.121
SHDW_GRT.MOD					OUTPUTNAME:Greater Shadow															SOURCELONG:Ultimate Equipment	SOURCESHORT:UE		SOURCEPAGE:p.122
SHDW_IMP.MOD					OUTPUTNAME:Improved Shadow															SOURCELONG:Ultimate Equipment	SOURCESHORT:UE		SOURCEPAGE:p.122
SLK_GRT.MOD						OUTPUTNAME:Greater Slick															SOURCELONG:Ultimate Equipment	SOURCESHORT:UE		SOURCEPAGE:p.122
SLK.MOD																									SOURCELONG:Ultimate Equipment	SOURCESHORT:UE		SOURCEPAGE:p.122
SLK_IMP.MOD						OUTPUTNAME:Improved Slick															SOURCELONG:Ultimate Equipment	SOURCESHORT:UE		SOURCEPAGE:p.122
SPELL_RES_13.MOD					OUTPUTNAME:Spell Resistance (13)														SOURCELONG:Ultimate Equipment	SOURCESHORT:UE		SOURCEPAGE:p.122
SPELL_RES_15.MOD					OUTPUTNAME:Spell Resistance (15)														SOURCELONG:Ultimate Equipment	SOURCESHORT:UE		SOURCEPAGE:p.122
SPELL_RES_17.MOD					OUTPUTNAME:Spell resistance (17)														SOURCELONG:Ultimate Equipment	SOURCESHORT:UE		SOURCEPAGE:p.122
SPELL_RES_19.MOD					OUTPUTNAME:Spell Resistance (19)														SOURCELONG:Ultimate Equipment	SOURCESHORT:UE		SOURCEPAGE:p.122
UNDEAD.MOD																									SOURCELONG:Ultimate Equipment	SOURCESHORT:UE		SOURCEPAGE:p.123
UNRGHTS.MOD																									SOURCELONG:Ultimate Equipment	SOURCESHORT:UE		SOURCEPAGE:p.123
WILD_A.MOD																									SOURCELONG:Ultimate Equipment	SOURCESHORT:UE		SOURCEPAGE:p.123
WILD_S.MOD																									SOURCELONG:Ultimate Equipment	SOURCESHORT:UE		SOURCEPAGE:p.123

#
# End
#
