# CVS $Revision: 10335 $ $Author: amaitland $ -- Sun Sep  7 15:03:36 2008 -- reformated by prettylst.pl v1.38 (build 7233)
SOURCELONG:Faeries	SOURCESHORT:Faeries	SOURCEWEB:http://dragonwing.net/Faeries.htm
#Original Entry: darkon_turas; clean up by Andrew Maitland

# Faerie Natural Attacks
# Template Name			Visible	Special ABility					Bonus to Ability Pool																																																									Natural Attacks
Faerie Claws			VISIBLE:NO																																																																				NATURALATTACKS:Faerie Claws,Weapon.Natural.Melee.Piercing.Slashing,*2,1d6
Faerie Retractable Claws	VISIBLE:NO																																																																				NATURALATTACKS:Faerie Retractable Claws,Weapon.Natural.Melee.Piercing.Slashing,*2,1d4
Faerie Fangs			VISIBLE:NO																																																																				NATURALATTACKS:Faerie Fangs,Weapon.Natural.Melee.Piercing,*1,1d4
Faerie Drugged Fangs		VISIBLE:NO	ABILITY:Special Ability|AUTOMATIC|Faerie Drugged Fangs																																																										NATURALATTACKS:Faerie Drugged Fangs,Weapon.Natural.Melee.Piercing,*1,1d4
Faerie Poisoned Fangs		VISIBLE:NO	ABILITY:Special Ability|AUTOMATIC|Faerie Poisoned Fangs																																																										NATURALATTACKS:Faerie Poisoned Fangs,Weapon.Natural.Melee.Piercing,*1,1d4
Faerie Blunt Horns		VISIBLE:NO																																																																				NATURALATTACKS:Faerie Blunt Horns,Weapon.Natural.Melee.Bludgeoning,*1,1d6
Faerie Sharp Horns		VISIBLE:NO																																																																				NATURALATTACKS:Faerie Sharp Horns,Weapon.Natural.Melee.Piercing.Slashing,*1,1d6

# Faerie Racial Traits
Bogie Racial Traits		VISIBLE:NO								BONUS:ABILITYPOOL|Faerie Racial Trait|1|PRELEVEL:MIN=3	BONUS:ABILITYPOOL|Faerie Racial Trait|.5|PRELEVEL:MIN=7	BONUS:ABILITYPOOL|Faerie Racial Trait|.5|PRELEVEL:MIN=11	BONUS:ABILITYPOOL|Faerie Racial Trait|.5|PRELEVEL:MIN=15	BONUS:ABILITYPOOL|Faerie Racial Trait|.5|PRELEVEL:MIN=19
Faerie Racial Traits		VISIBLE:NO								BONUS:ABILITYPOOL|Faerie Racial Trait|1|PRELEVEL:MIN=3	BONUS:ABILITYPOOL|Faerie Racial Trait|0.5|PRELEVEL:MIN=6	BONUS:ABILITYPOOL|Faerie Racial Trait|.5|PRELEVEL:MIN=9	BONUS:ABILITYPOOL|Faerie Racial Trait|.5|PRELEVEL:MIN=12	BONUS:ABILITYPOOL|Faerie Racial Trait|.5|PRELEVEL:MIN=15	BONUS:ABILITYPOOL|Faerie Racial Trait|.5|PRELEVEL:MIN=18
Feeorin Racial Traits		VISIBLE:NO								BONUS:ABILITYPOOL|Faerie Racial Trait|1|PRELEVEL:MIN=3	BONUS:ABILITYPOOL|Faerie Racial Trait|.5|PRELEVEL:MIN=7	BONUS:ABILITYPOOL|Faerie Racial Trait|.5|PRELEVEL:MIN=11	BONUS:ABILITYPOOL|Faerie Racial Trait|.5|PRELEVEL:MIN=15	BONUS:ABILITYPOOL|Faerie Racial Trait|.5|PRELEVEL:MIN=19
Sprite Racial Traits		VISIBLE:NO								BONUS:ABILITYPOOL|Faerie Racial Trait|1|PRELEVEL:MIN=3	BONUS:ABILITYPOOL|Faerie Racial Trait|.5|PRELEVEL:MIN=6	BONUS:ABILITYPOOL|Faerie Racial Trait|.5|PRELEVEL:MIN=9	BONUS:ABILITYPOOL|Faerie Racial Trait|.5|PRELEVEL:MIN=12	BONUS:ABILITYPOOL|Faerie Racial Trait|.5|PRELEVEL:MIN=15	BONUS:ABILITYPOOL|Faerie Racial Trait|.5|PRELEVEL:MIN=18

###Block: Monster Templates

# Template Name			Hit Dice Size	Size		Visible		Damage Reduction	Req. Damage Resistance							Prohibited Damage Resistance						Bonus to Ability Pool													Save checks bonus		Combat bonus					Damage reduction		Misc bonus		Stat bonus																	Ability																																																																																Automatically Gained Feat		Clone Movement		Main Race Type	Vision			Innate Spells
Fey-Born Creature								VISIBLE:DISPLAY																																												BONUS:COMBAT|AC|1|TYPE=NaturalArmor.STACK																										ABILITY:Special Ability|AUTOMATIC|FeyBornAbilities|PRESTAT:1,WIS=8,INT=8																																																																															RACETYPE:Fey					SPELLS:Race|TIMES=ATWILL|Prestidigitation
Half-Fey Creature (No Wings)						VISIBLE:DISPLAY																																												BONUS:COMBAT|AC|1|TYPE=NaturalArmor.STACK					BONUS:MISC|CR|1	BONUS:STAT|STR|2	BONUS:STAT|DEX|6	BONUS:STAT|CON|2	BONUS:STAT|INT|2	BONUS:STAT|WIS|2	BONUS:STAT|CHA|6																																																																																												RACETYPE:Fey	VISION:Low-light
Half-Fey Creature (Wings)						VISIBLE:DISPLAY																																												BONUS:COMBAT|AC|1|TYPE=NaturalArmor.STACK					BONUS:MISC|CR|1	BONUS:STAT|STR|2	BONUS:STAT|DEX|6	BONUS:STAT|CON|2	BONUS:STAT|INT|2	BONUS:STAT|WIS|2	BONUS:STAT|CHA|6																																																																																								MOVECLONE:Walk,Fly,*2	RACETYPE:Fey	VISION:Low-light
High Fey Creature			HITDIE:%Hup1			VISIBLE:DISPLAY																								BONUS:ABILITYPOOL|High Fey Special Attack|1	BONUS:ABILITYPOOL|High Fey Special Quality|2	BONUS:CHECKS|ALL|2	BONUS:COMBAT|AC|2|TYPE=NaturalArmor.STACK					BONUS:MISC|CR|1	BONUS:STAT|STR|2	BONUS:STAT|DEX|10	BONUS:STAT|CON|2	BONUS:STAT|INT|4	BONUS:STAT|WIS|6	BONUS:STAT|CHA|10	ABILITY:Special Ability|AUTOMATIC|FeyF|PRESIZEEQ:F	ABILITY:Special Ability|AUTOMATIC|FeyD|PRESIZEEQ:D	ABILITY:Special Ability|AUTOMATIC|FeyT|PRESIZEEQ:T	ABILITY:Special Ability|AUTOMATIC|FeyS|PRESIZEEQ:S	ABILITY:Special Ability|AUTOMATIC|FeyM|PRESIZEEQ:M	ABILITY:Special Ability|AUTOMATIC|FeyL|PRESIZEEQ:L	ABILITY:Special Ability|AUTOMATIC|FeyH|PRESIZEEQ:H	ABILITY:Special Ability|AUTOMATIC|FeyG|PRESIZEEQ:G	ABILITY:Special Ability|AUTOMATIC|FeyC|PRESIZEEQ:C	AUTO:FEAT|Blood of the Fey|Dodge					RACETYPE:Fey
Shadow-Born Creature							VISIBLE:DISPLAY																																								BONUS:CHECKS|ALL|1	BONUS:COMBAT|AC|1|TYPE=NaturalArmor.STACK					BONUS:MISC|CR|2	BONUS:STAT|STR|2	BONUS:STAT|DEX|4	BONUS:STAT|CON|2	BONUS:STAT|INT|4	BONUS:STAT|WIS|4	BONUS:STAT|CHA|4	ABILITY:Special Ability|AUTOMATIC|ShadowBornAbilities|PRESTAT:1,INT=8,WIS=8																																																																															RACETYPE:Fey	VISION:Darkvision (60')	SPELLS:Race|TIMES=ATWILL|Prestidigitation
#

HasDR										VISIBLE:NO					PREDR:1,-=1,+1=1,+2=1,+3=1,+4=1,+5=1,Silver=1,Cold Iron=1																																						BONUS:DR|5|Cold Iron
HasNoDR									VISIBLE:NO		DR:Cold Iron/5											!PREDR:1,-=1,+1=1,+2=1,+3=1,+4=1,+5=1,Silver=1,Cold Iron=1

FaerieDragonSizeSmall					SIZE:S	VISIBLE:NO
HalfHD				HITDIE:%/2				VISIBLE:NO
