# CVS $Revision$ $Author$ -- Thu Jan 21 13:38:30 2010 -- reformated by prettylst.pl v1.39 (build 10232)
SOURCELONG:Pathfinder Roleplaying Game Core Rulebook	SOURCESHORT:PFCR	SOURCEWEB:http://paizo.com/store/byCompany/p/paizoPublishingLLC/pathfinder/pathfinderRPG/v5748btpy8255	SOURCEDATE:2009-08
# Original Entry by: Stefan Radermacher

###Block: Dwarf Abilities
# Ability Name		Unique Key					Category of Ability		Type								Visible	Description																																																	Automatically Gained Weapon Prof.				Bonus to skill										Modify VAR							Weapon prof. bonus						Change Weapon Prof. Category		Source Page		Aspects										Ignore Encumberance
Defensive Training	KEY:Defensive Training ~ Dwarf	CATEGORY:Special Ability	TYPE:SpecialQuality.Extraordinary			VISIBLE:YES	DESC:Dwarves get a +4 dodge bonus to AC against humanoid creatures of the giant subtype.																																																																																SOURCEPAGE:p.21
Greed										CATEGORY:Special Ability	TYPE:SpecialQuality.Extraordinary			VISIBLE:YES	DESC:Dwarves receive a +2 racial bonus on Appraise skill checks made to determine the price of nonmagical goods that contain precious metals and gemstones.																																		BONUS:SKILL|Appraise (Precious metals and gemstones)|2|TYPE=Racial																								SOURCEPAGE:p.21
Hatred			KEY:Hatred ~ Dwarf			CATEGORY:Special Ability	TYPE:SpecialQuality.Extraordinary			VISIBLE:YES	DESC:Dwarves receive a +1 bonus on attack rolls against humanoid creatures of the orc and goblinoid subtypes due to special training against these hated foes.																																																																				SOURCEPAGE:p.21
Hardy										CATEGORY:Special Ability	TYPE:SpecialQuality.Extraordinary.SaveBonus	VISIBLE:YES	DESC:Dwarves receive a +2 racial bonus on saving throws against poison, spells, and spell-like abilities.																																																																													SOURCEPAGE:p.21	ASPECT:SaveBonus|+2 vs. poison, spells, and spell-like abilities
Steady									CATEGORY:Special Ability	TYPE:SpecialQuality.Extraordinary			VISIBLE:YES	DESC:Dwarves never have their speed reduced by armor or encumbrance.																																																																																			SOURCEPAGE:p.21												UNENCUMBEREDMOVE:HeavyLoad|HeavyArmor
Stability									CATEGORY:Special Ability	TYPE:SpecialQuality.Extraordinary			VISIBLE:YES	DESC:Dwarves receive a +4 bonus to their Combat Maneuver Defense when resisting a bull rush or trip attempt while standing on the ground.																																																	BONUS:VAR|CMD_BullRush,CMD_Trip|4|TYPE=Racial																SOURCEPAGE:p.21
Stonecunning								CATEGORY:Special Ability	TYPE:SpecialQuality.Extraordinary			VISIBLE:YES	DESC:Dwarves receive a +2 bonus on Perception skill checks to notice unusual stonework, such as traps and hidden doors located in stone walls or floors. They receive a check to notice such features whenever they pass within 10 feet of them, regardless of whether or not they are actively looking.										BONUS:SKILL|Perception (Notice unusual stonework)|2|TYPE=Racial																									SOURCEPAGE:p.21
Weapon Familiarity	KEY:Weapon Familiarity ~ Dwarf	CATEGORY:Special Ability	TYPE:SpecialQuality.Extraordinary			VISIBLE:YES	DESC:Dwarves are proficient with battleaxes, heavy picks, and warhammers, and treat any weapon with the word "dwarven" in its name as a martial weapon.																									AUTO:WEAPONPROF|Battleaxe|Pick (Heavy)|Warhammer																					BONUS:WEAPONPROF=Waraxe (Dwarven)|WIELDCATEGORY|-1	CHANGEPROF:TYPE.Dwarven=Martial	SOURCEPAGE:p.21

###Block: Elf Abilities
# Ability Name		Unique Key				Category of Ability		Type								Visible	Description																																			Automatically Gained Weapon Prof.				Bonus to skill								Change Weapon Prof. Category	Source Page		Aspects
Elven Immunities		KEY:Elven Immunities ~ Elf	CATEGORY:Special Ability	TYPE:SpecialQuality.Extraordinary.SaveBonus	VISIBLE:YES	DESC:Elves are immune to magic sleep effects and get a +2 racial saving throw bonus against enchantment spells and effects.																																								SOURCEPAGE:p.22	ASPECT:SaveBonus|+2 vs. enchantment spells and effects
Elven Magic								CATEGORY:Special Ability	TYPE:SpecialQuality.Extraordinary			VISIBLE:YES	DESC:Elves receive a +2 racial bonus on caster level checks made to overcome spell resistance. In addition, elves receive a +2 racial bonus on Spellcraft skill checks made to identify the properties of magic items.										BONUS:SKILL|Spellcraft (Identify magic item)|2|TYPE=Racial						SOURCEPAGE:p.22
Keen Senses			KEY:Keen Senses ~ Elf		CATEGORY:Special Ability	TYPE:SpecialQuality.Extraordinary			VISIBLE:YES	DESC:Elves receive a +2 bonus on Perception skill checks.																																				BONUS:SKILL|Perception|2|TYPE=Racial									SOURCEPAGE:p.22
Weapon Familiarity	KEY:Weapon Familiarity ~ Elf	CATEGORY:Special Ability	TYPE:SpecialQuality.Extraordinary			VISIBLE:YES	DESC:Elves are proficient with longbows (including composite longbows), longswords, rapiers, and shortbows (including composite shortbows), and treat any weapon with the word "elven" in its name as a martial weapon.	AUTO:WEAPONPROF|Longsword|Rapier|Longbow|Shortbow											CHANGEPROF:TYPE.Elven=Martial	SOURCEPAGE:p.22

###Block: Gnome Abilities
# Ability Name			Unique Key					Category of Ability		Type								Visible		Innate Spells																							Description																											Stackable?	Multiple?	Choose					Bonus to Ability Pool			Bonus to DC				Bonus to skill					Change Weapon Prof. Category	Source Page		Aspects
Defensive Training		KEY:Defensive Training ~ Gnome	CATEGORY:Special Ability	TYPE:SpecialQuality.Extraordinary			VISIBLE:YES																											DESC:Gnomes get a +4 dodge bonus to AC against monsters of the giant type.																																																	SOURCEPAGE:p.23
Gnome Magic										CATEGORY:Special Ability	TYPE:SpecialQuality.SpellLike				VISIBLE:YES		SPELLS:Innate|TIMES=1|CASTERLEVEL=TL|Dancing Lights,10+CHA|Ghost Sound,10+CHA|Prestidigitation,10+CHA|Speak with Animals,11+CHA|PRESTAT:1,CHA=11	DESC:Gnomes add +1 to the DC of any saving throws against illusion spells that they cast. Gnomes with a Charisma of 11 or higher also gain spell-like abilities.																		BONUS:DC|SCHOOL.Illusion|1													SOURCEPAGE:p.23
Hatred				KEY:Hatred ~ Gnome			CATEGORY:Special Ability	TYPE:SpecialQuality.Extraordinary			VISIBLE:YES																											DESC:Gnomes receive a +1 bonus on attack rolls against humanoid creatures of the reptilian and goblinoid subtypes due to special training against these hated foes.																																		SOURCEPAGE:p.23
Illusion Resistance								CATEGORY:Special Ability	TYPE:SpecialQuality.Extraordinary.SaveBonus	VISIBLE:YES																											DESC:Gnomes get a +2 racial saving throw bonus against illusion spells or effects.																																																SOURCEPAGE:p.23	ASPECT:SaveBonus|+2 vs. illusion spells or effects
Keen Senses				KEY:Keen Senses ~ Gnome			CATEGORY:Special Ability	TYPE:SpecialQuality.Extraordinary			VISIBLE:YES																											DESC:Gnomes receive a +2 bonus on Perception skill checks.																																								BONUS:SKILL|Perception|2|TYPE=Racial						SOURCEPAGE:p.23
Obsessive										CATEGORY:Special Ability	TYPE:SpecialQuality.Extraordinary			VISIBLE:YES																											DESC:Gnomes receive a +2 racial bonus on a Craft or Profession skill of their choice.																								BONUS:ABILITYPOOL|Obsessive Bonus|1																		SOURCEPAGE:p.23
Weapon Familiarity		KEY:Weapon Familiarity ~ Gnome	CATEGORY:Special Ability	TYPE:SpecialQuality.Extraordinary			VISIBLE:YES																											DESC:Gnomes treat any weapon with the word "gnome" in its name as a martial weapon.																																											CHANGEPROF:TYPE.Gnome=Martial	SOURCEPAGE:p.23
#
Obsessive Craft Bonus								CATEGORY:Special Ability	TYPE:Internal.ObsessiveBonus				VISIBLE:DISPLAY																																																						STACK:NO	MULT:YES	CHOOSE:SKILLSNAMED|TYPE=Craft													BONUS:SKILL|LIST|2|TYPE=Racial
Obsessive Profession Bonus							CATEGORY:Special Ability	TYPE:Internal.ObsessiveBonus				VISIBLE:DISPLAY																																																						STACK:NO	MULT:YES	CHOOSE:SKILLSNAMED|TYPE=Profession												BONUS:SKILL|LIST|2|TYPE=Racial

###Block: Half-Elf Abilities
# Ability Name	Unique Key					Category of Ability		Type								Visible	Description																										Bonus to Ability Pool					Bonus to skill					Source Page		Aspects
Adaptability							CATEGORY:Special Ability	TYPE:SpecialQuality.Extraordinary			VISIBLE:YES	DESC:Half-elves receive Skill Focus as a bonus feat at 1st level.																	BONUS:ABILITYPOOL|Adaptability Bonus Feat|1								SOURCEPAGE:p.24
Elf Blood								CATEGORY:Special Ability	TYPE:SpecialQuality.Extraordinary			VISIBLE:YES	DESC:Half-elves count as both elves and humans for any effect related to race.																													SOURCEPAGE:p.24
Elven Immunities	KEY:Elven Immunities ~ Half-Elf	CATEGORY:Special Ability	TYPE:SpecialQuality.Extraordinary.SaveBonus	VISIBLE:YES	DESC:Half-elves are immune to magic sleep effects and get a +2 racial saving throw bonus against enchantment spells and effects.																					SOURCEPAGE:p.24	ASPECT:SaveBonus|+2 vs. enchantment spells and effects
Keen Senses		KEY:Keen Senses ~ Half-Elf		CATEGORY:Special Ability	TYPE:SpecialQuality.Extraordinary			VISIBLE:YES	DESC:Half-elves receive a +2 bonus on Perception skill checks.																									BONUS:SKILL|Perception|2|TYPE=Racial	SOURCEPAGE:p.24
Multitalented							CATEGORY:Special Ability	TYPE:SpecialQuality.Extraordinary			VISIBLE:YES	DESC:Half-elves choose two favored classes at first level and gain +1 hit point or +1 skill point whenever they take a level in either one of those classes.	BONUS:ABILITYPOOL|Favored Class|1										SOURCEPAGE:p.24

###Block: Half-Orc Abilities
# Ability Name		Unique Key				Category of Ability		Type						Visible	Description																																									Automatically Gained Weapon Prof.	Bonus to skill					Change Weapon Prof. Category	Source Page
Intimidating							CATEGORY:Special Ability	TYPE:SpecialQuality.Extraordinary	VISIBLE:YES	DESC:Half-orc receive a +2 racial bonus on Intimidate skill checks due to their fearsome nature.																																BONUS:SKILL|Intimidate|2|TYPE=Racial						SOURCEPAGE:p.25
Orc Blood								CATEGORY:Special Ability	TYPE:SpecialQuality.Extraordinary	VISIBLE:YES	DESC:Half-orc count as both humans and orcs for any effect related to race.																																																SOURCEPAGE:p.25
Orc Ferocity							CATEGORY:Special Ability	TYPE:SpecialQuality.Extraordinary	VISIBLE:YES	DESC:Once per day, when a half-orc is brought below 0 hit points, but not killed, he can fight on for one more round as if disabled. At the end of his next turn, unless brought to above 0 hit points, he immediately falls unconscious and begins dying.																			SOURCEPAGE:p.25
Weapon Familiarity	KEY:Weapon Familiarity ~ Orc	CATEGORY:Special Ability	TYPE:SpecialQuality.Extraordinary	VISIBLE:YES	DESC:Half-orcs are proficient with greataxes and falchions, and treat any weapon with the word "orc" in its name as a martial weapon.																				AUTO:WEAPONPROF|Greataxe|Falchion								CHANGEPROF:TYPE.Orc=Martial	SOURCEPAGE:p.25

###Block: Halfling Abilities
# Ability Name		Unique Key					Category of Ability		Type								Visible	Description																					Automatically Gained Weapon Prof.	Save checks bonus				Bonus to skill						Change Weapon Prof. Category		Source Page		Aspects
Fearless									CATEGORY:Special Ability	TYPE:SpecialQuality.Extraordinary.SaveBonus	VISIBLE:YES	DESC:Halflings receive a +2 racial bonus on saving throws against fear. This bonus stacks with the bonus granted by Halfling Luck.																											SOURCEPAGE:p.26	ASPECT:SaveBonus|+2 vs. fear
Halfling Luck								CATEGORY:Special Ability	TYPE:SpecialQuality.Extraordinary			VISIBLE:YES	DESC:Halflings receive a +1 racial bonus on all saving throws.																		BONUS:CHECKS|ALL|1|TYPE=Racial															SOURCEPAGE:p.26
Keen Senses			KEY:Keen Senses ~ Halfling		CATEGORY:Special Ability	TYPE:SpecialQuality.Extraordinary			VISIBLE:YES	DESC:Halflings receive a +2 bonus on Perception skill checks.																								BONUS:SKILL|Perception|2|TYPE=Racial								SOURCEPAGE:p.26
Sure-Footed									CATEGORY:Special Ability	TYPE:SpecialQuality.Extraordinary			VISIBLE:YES	DESC:Halflings receive a +2 racial bonus on Acrobatics and Climb skill checks.																					BONUS:SKILL|Acrobatics,Climb|2|TYPE=Racial							SOURCEPAGE:p.26
Weapon Familiarity	KEY:Weapon Familiarity ~ Halfling	CATEGORY:Special Ability	TYPE:SpecialQuality.Extraordinary			VISIBLE:YES	DESC:Halflings are proficient with slings and treat any weapon with the word "halfling" in its name as a martial weapon.		AUTO:WEAPONPROF|Sling																	CHANGEPROF:TYPE.Halfling=Martial	SOURCEPAGE:p.26
