# CVS $Revision$ $Author$ -- Mon Nov 28 13:37:53 2011 -- reformated by prettylst.pl v1.39 (build 11455)
SOURCELONG:Core Rulebook	SOURCESHORT:PFCR	SOURCEWEB:http://paizo.com/store/downloads/pathfinder/pathfinderRPG/v5748btpy88yj	SOURCEDATE:2009-08
# Original Entry by: Stefan Radermacher and Eric C. Smith (Maredudd); Archetype work by Andrew Maitland

# Class Name	Hit Dice	Type			Abbreviation	Max Level	Ex Class			Source Page		Define			Save checks bonus											Combat bonus
CLASS:Barbarian	HD:12		TYPE:Base.PC	ABB:Brb		MAXLEVEL:20	EXCLASS:Ex-Barbarian	SOURCEPAGE:p.31	DEFINE:BarbarianLvl|CL	BONUS:CHECKS|BASE.Fortitude|CL/2+2	BONUS:CHECKS|BASE.Reflex,BASE.Will|CL/3	BONUS:COMBAT|BAB|CL|TYPE=Base.REPLACE
# Class Name	Restricted AL
CLASS:Barbarian	!PREALIGN:LG,LN,LE
# Class Name	Skill Pts/Lvl	Class Skill
CLASS:Barbarian	STARTSKILLPTS:4	CSKILL:Acrobatics|Climb|TYPE.Craft|Handle Animal|Intimidate|Knowledge (Nature)|Perception|Ride|Survival|Swim
###Block:Proficiencies
1	ABILITY:Special Ability|AUTOMATIC|All Automatic Proficiencies|All Martial Weapon Proficiencies	AUTO:FEAT|Simple Weapon Proficiency|Martial Weapon Proficiency Output
1																	AUTO:FEAT|Armor Proficiency (Light)|Armor Proficiency (Medium)
1																	AUTO:FEAT|Shield Proficiency
###Block: Level Progression
1	BONUS:VAR|RageLVL|CL																				ABILITY:Special Ability|AUTOMATIC|Rage	ABILITY:Special Ability|AUTOMATIC|Fast Movement ~ Barbarian|!PREABILITY:1,CATEGORY=Archetype,TYPE.BarbarianFastMovement
2	BONUS:VAR|RagePowersLVL|CL	BONUS:VAR|UncannyDodgeFlankingLevel|CL|TYPE=EachClass.REPLACE	BONUS:VAR|UncannyDodgeLevel|(CL+1)/3	ABILITY:Special Ability|AUTOMATIC|Rage Powers	ABILITY:Special Ability|AUTOMATIC|Uncanny Dodge ~ Base|!PREABILITY:1,CATEGORY=Archetype,TYPE.BarbarianUncannyDodge,TYPE.BarbarianImprovedUncannyDodge
3	BONUS:VAR|BarbarianTrapSenseLVL|CL																		ABILITY:Special Ability|AUTOMATIC|Trap Sense ~ Barbarian|!PREABILITY:1,CATEGORY=Archetype,TYPE.BarbarianTrapSense
7	BONUS:VAR|BarbarianDRLVL|CL																			ABILITY:Special Ability|AUTOMATIC|Damage Reduction ~ Barbarian|!PREABILITY:1,CATEGORY=Archetype,TYPE.BarbarianDamageReduction
11																								ABILITY:Special Ability|AUTOMATIC|Greater Rage
14																								ABILITY:Special Ability|AUTOMATIC|Indomitable Will
17																								ABILITY:Special Ability|AUTOMATIC|Tireless Rage
20																								ABILITY:Special Ability|AUTOMATIC|Mighty Rage
#TODO: See about implementing a better method for the Uncanny Dodge; Barbarian Loses one or both with some Archetypes.

# Class Name		Hit Dice	Type			Abbreviation	Max Level	Visible	Define			Save checks bonus											Combat bonus
CLASS:Ex-Barbarian	HD:12		TYPE:Base.PC	ABB:Brb		MAXLEVEL:20	VISIBLE:NO	DEFINE:BarbarianLvl|CL	BONUS:CHECKS|BASE.Fortitude|CL/2+2	BONUS:CHECKS|BASE.Reflex,BASE.Will|CL/3	BONUS:COMBAT|BAB|CL|TYPE=Base.REPLACE
# Class Name		Skill Pts/Lvl	Class Skill
CLASS:Ex-Barbarian	STARTSKILLPTS:4	CSKILL:Acrobatics|Climb|TYPE.Craft|Handle Animal|Intimidate|Knowledge (Nature)|Perception|Ride|Survival|Swim
###Block:Proficiencies
1	ABILITY:Special Ability|AUTOMATIC|All Automatic Proficiencies|All Martial Weapon Proficiencies	AUTO:FEAT|Simple Weapon Proficiency|Martial Weapon Proficiency Output
1																	AUTO:FEAT|Armor Proficiency (Light)|Armor Proficiency (Medium)
1																	AUTO:FEAT|Shield Proficiency
###Block: Level Progression
1																			ABILITY:Special Ability|AUTOMATIC|Fast Movement ~ Barbarian|!PREABILITY:1,CATEGORY=Archetype,TYPE.BarbarianFastMovement
2	BONUS:VAR|UncannyDodgeFlankingLevel|CL|TYPE=EachClass.REPLACE	BONUS:VAR|UncannyDodgeLevel|(CL+1)/3	ABILITY:Special Ability|AUTOMATIC|Uncanny Dodge ~ Base|!PREABILITY:1,CATEGORY=Archetype,TYPE.BarbarianUncannyDodge,TYPE.BarbarianImprovedUncannyDodge
3	BONUS:VAR|BarbarianTrapSenseLVL|CL													ABILITY:Special Ability|AUTOMATIC|Trap Sense ~ Barbarian|!PREABILITY:1,CATEGORY=Archetype,TYPE.BarbarianTrapSense
7	BONUS:VAR|BarbarianDRLVL|CL														ABILITY:Special Ability|AUTOMATIC|Damage Reduction ~ Barbarian|!PREABILITY:1,CATEGORY=Archetype,TYPE.BarbarianDamageReduction
14																			ABILITY:Special Ability|AUTOMATIC|Indomitable Will



# Class Name	Hit Dice	Type			Abbreviation	Max Level	Source Page		Define		Save checks bonus											Combat bonus
CLASS:Bard		HD:8		TYPE:Base.PC	ABB:Brd		MAXLEVEL:20	SOURCEPAGE:p.34	DEFINE:BardLvl|CL	BONUS:CHECKS|BASE.Reflex,BASE.Will|CL/2+2	BONUS:CHECKS|BASE.Fortitude|CL/3	BONUS:COMBAT|BAB|CL*3/4|TYPE=Base.REPLACE
# Class Name	Skill Pts/Lvl	Class Skill
CLASS:Bard		STARTSKILLPTS:6	CSKILL:Acrobatics|Appraise|Bluff|Climb|TYPE.Craft|Diplomacy|Disguise|Escape Artist|Intimidate|TYPE.Knowledge|Linguistics|Perception|TYPE.Perform|TYPE.Profession|Sense Motive|Sleight of Hand|Spellcraft|Stealth|Use Magic Device
# Class Name	Spell Stat		Spell Type		Memorize	Caster level
CLASS:Bard		SPELLSTAT:CHA	SPELLTYPE:Arcane	MEMORIZE:NO	BONUS:CASTERLEVEL|Bard|CL
###Block:Proficiencies
1	ABILITY:Special Ability|AUTOMATIC|All Automatic Proficiencies|Bard Weapon Proficiencies	AUTO:FEAT|Simple Weapon Proficiency
1																AUTO:FEAT|Armor Proficiency (Light)
1																AUTO:FEAT|Shield Proficiency
###Block: Level progression
1	CAST:0,1			KNOWN:4,2			BONUS:VAR|BardicKnowledgeLVL,BardicPerformanceLVL|CL	ABILITY:Special Ability|AUTOMATIC|Bardic Knowledge|!PREABILITY:1,CATEGORY=Archetype,TYPE.BardBardicKnowledge	ABILITY:Special Ability|AUTOMATIC|Bardic Countersong|!PREABILITY:1,CATEGORY=Archetype,TYPE.BardCounterSong	ABILITY:Special Ability|AUTOMATIC|Bardic Performance|!PREABILITY:1,CATEGORY=Archetype,TYPE.BardBardicPerformance	ABILITY:Special Ability|AUTOMATIC|Armored Casting|!PREABILITY:1,CATEGORY=Archetype,TYPE.BardArmoredCasting	ABILITY:Special Ability|AUTOMATIC|Cantrips ~ Bard|!PREABILITY:1,CATEGORY=Archetype,TYPE.BardCantrips
2	CAST:0,2			KNOWN:5,3			BONUS:VAR|VersatilePerformanceLVL|CL			ABILITY:Special Ability|AUTOMATIC|Versatile Performance|!PREABILITY:1,CATEGORY=Archetype,TYPE.BardVersatilePerformance	ABILITY:Special Ability|AUTOMATIC|Well-Versed|!PREABILITY:1,CATEGORY=Archetype,TYPE.BardWellVersed
3	CAST:0,3			KNOWN:6,4
4	CAST:0,3,1			KNOWN:6,4,2
5	CAST:0,4,2			KNOWN:6,4,3			BONUS:VAR|LoreMasterLVL|CL					ABILITY:Special Ability|AUTOMATIC|Lore Master|!PREABILITY:1,CATEGORY=Archetype,TYPE.BardLoreMaster
6	CAST:0,4,3			KNOWN:6,4,4
7	CAST:0,4,3,1		KNOWN:6,5,4,2
8	CAST:0,4,4,2		KNOWN:6,5,4,3
9	CAST:0,5,4,3		KNOWN:6,5,4,4
10	CAST:0,5,4,3,1		KNOWN:6,5,5,4,2		BONUS:VAR|JackOfAllTradesLVL|CL				ABILITY:Special Ability|AUTOMATIC|Jack of All Trades|!PREABILITY:1,CATEGORY=Archetype,TYPE.BardJackOfAllTrades
11	CAST:0,5,4,4,2		KNOWN:6,6,5,4,3
12	CAST:0,5,5,4,3		KNOWN:6,6,5,4,4
13	CAST:0,5,5,4,3,1		KNOWN:6,6,5,5,4,2
14	CAST:0,5,5,4,4,2		KNOWN:6,6,6,5,4,3
15	CAST:0,5,5,5,4,3		KNOWN:6,6,6,5,4,4
16	CAST:0,5,5,5,4,3,1	KNOWN:6,6,6,5,5,4,2
17	CAST:0,5,5,5,4,4,2	KNOWN:6,6,6,6,5,4,3
18	CAST:0,5,5,5,5,4,3	KNOWN:6,6,6,6,5,4,4
19	CAST:0,5,5,5,5,5,4	KNOWN:6,6,6,6,5,5,4
20	CAST:0,5,5,5,5,5,5	KNOWN:6,6,6,6,6,5,5


# Class Name	Hit Dice	Type			Abbreviation	Max Level	Source Page		Bonus Languages					Define			Save checks bonus											Combat bonus
CLASS:Cleric	HD:8		TYPE:Base.PC	ABB:Clr		MAXLEVEL:20	SOURCEPAGE:p.38	LANGBONUS:Abyssal,Celestial,Infernal	DEFINE:ClericLvl|CL	BONUS:CHECKS|BASE.Fortitude,BASE.Will|CL/2+2	BONUS:CHECKS|BASE.Reflex|CL/3	BONUS:COMBAT|BAB|CL*3/4|TYPE=Base.REPLACE
# Class Name	Skill Pts/Lvl	Class Skill
CLASS:Cleric	STARTSKILLPTS:2	CSKILL:Appraise|TYPE.Craft|Diplomacy|Heal|Knowledge (Arcana)|Knowledge (History)|Knowledge (Nobility)|Knowledge (Planes)|Knowledge (Religion)|Linguistics|TYPE.Profession|Sense Motive|Spellcraft
# Class Name	Spell Stat		Spell Type		Automatically Known Spell Levels											Caster level
CLASS:Cleric	SPELLSTAT:WIS	SPELLTYPE:Divine	KNOWNSPELLS:LEVEL=0|LEVEL=1|LEVEL=2|LEVEL=3|LEVEL=4|LEVEL=5|LEVEL=6|LEVEL=7|LEVEL=8|LEVEL=9	BONUS:CASTERLEVEL|Cleric|CL
###Block:Proficiencies
1	ABILITY:Special Ability|AUTOMATIC|All Automatic Proficiencies|Cleric Weapon Proficiencies	AUTO:FEAT|Simple Weapon Proficiency
1																AUTO:FEAT|Armor Proficiency (Light)|Armor Proficiency (Medium)
1																AUTO:FEAT|Shield Proficiency
###Block: Aura strength
1	BONUS:VAR|AlignmentAuraLVL|CL	ABILITY:Special Ability|VIRTUAL|Aura of Chaos|PREDEITYALIGN:CG,CN,CE
1						ABILITY:Special Ability|VIRTUAL|Aura of Evil|PREDEITYALIGN:LE,NE,CE
1						ABILITY:Special Ability|VIRTUAL|Aura of Good|PREDEITYALIGN:LG,NG,CG
1						ABILITY:Special Ability|VIRTUAL|Aura of Law|PREDEITYALIGN:LG,LN,LE
###Block: Spell Alignment Restrictions
1	PROHIBITSPELL:ALIGNMENT.Good|PREALIGN:LE,NE,CE	PROHIBITSPELL:ALIGNMENT.Good|PREDEITYALIGN:LE,NE,CE
1	PROHIBITSPELL:ALIGNMENT.Evil|PREALIGN:LG,NG,CG	PROHIBITSPELL:ALIGNMENT.Evil|PREDEITYALIGN:LG,NG,CG
1	PROHIBITSPELL:ALIGNMENT.Lawful|PREALIGN:CG,CN,CE	PROHIBITSPELL:ALIGNMENT.Lawful|PREDEITYALIGN:CG,CN,CE
1	PROHIBITSPELL:ALIGNMENT.Chaotic|PREALIGN:LG,LN,LE	PROHIBITSPELL:ALIGNMENT.Chaotic|PREDEITYALIGN:LG,LN,LE
###Block: Domains
1	BONUS:DOMAIN|NUMBER|2	BONUS:VAR|DomainLVL|CL	ABILITY:Special Ability|AUTOMATIC|Domains
###Block: Level progression
1	CAST:3,1				BONUS:VAR|ClericChannelEnergyLVL|CL	ABILITY:Special Ability|AUTOMATIC|Channel Energy|Orisons ~ Cleric|Spontaneous Casting ~ Cleric
2	CAST:4,2
3	CAST:4,2,1
4	CAST:4,3,2
5	CAST:4,3,2,1
6	CAST:4,3,3,2
7	CAST:4,4,3,2,1
8	CAST:4,4,3,3,2
9	CAST:4,4,4,3,2,1
10	CAST:4,4,4,3,3,2
11	CAST:4,4,4,4,3,2,1
12	CAST:4,4,4,4,3,3,2
13	CAST:4,4,4,4,4,3,2,1
14	CAST:4,4,4,4,4,3,3,2
15	CAST:4,4,4,4,4,4,3,2,1
16	CAST:4,4,4,4,4,4,3,3,2
17	CAST:4,4,4,4,4,4,4,3,2,1
18	CAST:4,4,4,4,4,4,4,3,3,2
19	CAST:4,4,4,4,4,4,4,4,3,3
20	CAST:4,4,4,4,4,4,4,4,4,4


# Class Name	Hit Dice	Type			Abbreviation	Max Level	Source Page		Automatic Languages	Bonus Languages	Ability																	Define							Save checks bonus											Combat bonus
CLASS:Druid		HD:8		TYPE:Base.PC	ABB:Drd		MAXLEVEL:20	SOURCEPAGE:p.48	LANGAUTO:Druidic		LANGBONUS:Sylvan	ABILITY:Internal|AUTOMATIC|Class Skills ~ Druid|!PREABILITY:1,CATEGORY=Archetype,TYPE.DruidClassSkills	DEFINE:DruidLVL|CL	DEFINE:DruidLvl|CL	BONUS:CHECKS|BASE.Fortitude,BASE.Will|CL/2+2	BONUS:CHECKS|BASE.Reflex|CL/3	BONUS:COMBAT|BAB|CL*3/4|TYPE=Base.REPLACE
# Class Name	Required AL
CLASS:Druid		PREALIGN:NG,LN,TN,CN,NE
# Class Name	Skill Pts/Lvl
CLASS:Druid		STARTSKILLPTS:4
# Class Name	Spell Stat		Spell Type		Automatically Known Spell Levels											Caster level
CLASS:Druid		SPELLSTAT:WIS	SPELLTYPE:Divine	KNOWNSPELLS:LEVEL=0|LEVEL=1|LEVEL=2|LEVEL=3|LEVEL=4|LEVEL=5|LEVEL=6|LEVEL=7|LEVEL=8|LEVEL=9	BONUS:CASTERLEVEL|Druid|CL
###Block:Proficiencies
1	ABILITY:Special Ability|AUTOMATIC|All Automatic Proficiencies|Druid Weapon Proficiencies
1																AUTO:FEAT|Armor Proficiency (Light)|Armor Proficiency (Medium)
1																AUTO:FEAT|Shield Proficiency
###Block: Spell Alignment Restrictions
1	PROHIBITSPELL:ALIGNMENT.Good|PREALIGN:LE,NE,CE	PROHIBITSPELL:ALIGNMENT.Good|PREDEITYALIGN:LE,NE,CE
1	PROHIBITSPELL:ALIGNMENT.Evil|PREALIGN:LG,NG,CG	PROHIBITSPELL:ALIGNMENT.Evil|PREDEITYALIGN:LG,NG,CG
1	PROHIBITSPELL:ALIGNMENT.Lawful|PREALIGN:CG,CN,CE	PROHIBITSPELL:ALIGNMENT.Lawful|PREDEITYALIGN:CG,CN,CE
1	PROHIBITSPELL:ALIGNMENT.Chaotic|PREALIGN:LG,LN,LE	PROHIBITSPELL:ALIGNMENT.Chaotic|PREDEITYALIGN:LG,LN,LE
###Block: Spellcasting abilities
1	ABILITY:Special Ability|AUTOMATIC|Orisons ~ Druid
1	ABILITY:Special Ability|AUTOMATIC|Spontaneous Casting ~ Druid
###Block: Nature Bond Choice
1														BONUS:ABILITYPOOL|Nature Bond|1	BONUS:DOMAIN|NUMBER|1|PREABILITY:1,CATEGORY=Special Ability,Nature's Bond ~ Druid Domain	BONUS:VAR|CompLevel|CL|PREABILITY:1,CATEGORY=Special Ability,Nature's Bond ~ Animal Companion	BONUS:VAR|DomainLVL|CL
1	DOMAIN:Air[PREABILITY:1,CATEGORY=Special Ability,Druid Domain ~ Air]
1	DOMAIN:Animal[PREABILITY:1,CATEGORY=Special Ability,Druid Domain ~ Animal]
1	DOMAIN:Earth[PREABILITY:1,CATEGORY=Special Ability,Druid Domain ~ Earth]
1	DOMAIN:Fire[PREABILITY:1,CATEGORY=Special Ability,Druid Domain ~ Fire]
1	DOMAIN:Plant[PREABILITY:1,CATEGORY=Special Ability,Druid Domain ~ Plant]
1	DOMAIN:Water[PREABILITY:1,CATEGORY=Special Ability,Druid Domain ~ Water]
1	DOMAIN:Weather[PREABILITY:1,CATEGORY=Special Ability,Druid Domain ~ Weather]
###Block: Wild Shape
1	BONUS:VAR|DruidWildShape|CL	ABILITY:Special Ability|AUTOMATIC|Druid Wild Shape|!PREABILITY:1,CATEGORY=Archetype,TYPE.DruidWildShape	ABILITY:Special Ability|AUTOMATIC|Druid Wild Shape Times|Druid Wild Shape Progression|!PREABILITY:1,CATEGORY=Archetype,TYPE.DruidWildShape
###Block: Level progression
1	CAST:3,1				BONUS:VAR|WildEmpathyLVL|CL	ABILITY:Special Ability|AUTOMATIC|Orisons ~ Druid|Spontaneous Casting ~ Druid	ABILITY:Special Ability|AUTOMATIC|Nature Sense|!PREABILITY:1,CATEGORY=Archetype,TYPE.DruidNatureSense	ABILITY:Special Ability|AUTOMATIC|Wild Empathy|!PREABILITY:1,CATEGORY=Archetype,TYPE.DruidWildEmpathy
2	CAST:4,2									ABILITY:Special Ability|AUTOMATIC|Woodland Stride|!PREABILITY:1,CATEGORY=Archetype,TYPE.DruidWoodlandStride
3	CAST:4,2,1									ABILITY:Special Ability|AUTOMATIC|Trackless Step|!PREABILITY:1,CATEGORY=Archetype,TYPE.DruidTracklessStep
4	CAST:4,3,2									ABILITY:Special Ability|AUTOMATIC|Wild Shape|!PREABILITY:1,CATEGORY=Archetype,TYPE.DruidWildShape	ABILITY:Special Ability|AUTOMATIC|Resist Nature's Lure|!PREABILITY:1,CATEGORY=Archetype,TYPE.DruidResistNaturesLure
5	CAST:4,3,2,1
6	CAST:4,3,3,2
7	CAST:4,4,3,2,1
8	CAST:4,4,3,3,2
9	CAST:4,4,4,3,2,1								ABILITY:Special Ability|AUTOMATIC|Venom Immunity|!PREABILITY:1,CATEGORY=Archetype,TYPE.DruidVenomImmunity
10	CAST:4,4,4,3,3,2
11	CAST:4,4,4,4,3,2,1
12	CAST:4,4,4,4,3,3,2
13	CAST:4,4,4,4,4,3,2,1							ABILITY:Special Ability|AUTOMATIC|A Thousand Faces|!PREABILITY:1,CATEGORY=Archetype,TYPE.DruidThousandFaces
14	CAST:4,4,4,4,4,3,3,2
15	CAST:4,4,4,4,4,4,3,2,1							ABILITY:Special Ability|AUTOMATIC|Timeless Body|!PREABILITY:1,CATEGORY=Archetype,TYPE.DruidTimelessBody
16	CAST:4,4,4,4,4,4,3,3,2
17	CAST:4,4,4,4,4,4,4,3,2,1
18	CAST:4,4,4,4,4,4,4,3,3,2
19	CAST:4,4,4,4,4,4,4,4,3,3
20	CAST:4,4,4,4,4,4,4,4,4,4



# Class Name	Hit Dice	Type			Abbreviation	Max Level	Source Page		Define			Save checks bonus											Combat bonus
CLASS:Fighter	HD:10		TYPE:Base.PC	ABB:Ftr		MAXLEVEL:20	SOURCEPAGE:p.55	DEFINE:FighterLvl|CL	BONUS:CHECKS|BASE.Fortitude|CL/2+2	BONUS:CHECKS|BASE.Reflex,BASE.Will|CL/3	BONUS:COMBAT|BAB|CL|TYPE=Base.REPLACE
# Class Name	Skill Pts/Lvl	Class Skill
CLASS:Fighter	STARTSKILLPTS:2	CSKILL:Climb|TYPE.Craft|Handle Animal|Intimidate|Knowledge (Dungeoneering)|Knowledge (Engineering)|TYPE.Profession|Ride|Survival|Swim
###Block:Proficiencies
1	ABILITY:Special Ability|AUTOMATIC|All Automatic Proficiencies|All Martial Weapon Proficiencies	AUTO:FEAT|Simple Weapon Proficiency|Martial Weapon Proficiency Output
1																	AUTO:FEAT|Armor Proficiency (Light)|Armor Proficiency (Medium)|Armor Proficiency (Heavy)
1																	AUTO:FEAT|Shield Proficiency|Tower Shield Proficiency
###Block: Advanced Weapon Feat qualifications
1	ABILITY:Special Ability|AUTOMATIC|Fighter Level Advanced Feat Tracker
1	ABILITY:Special Ability|AUTOMATIC|Weapon Specialization Qualify
1	ABILITY:Special Ability|AUTOMATIC|Disruptive Qualify
1	ABILITY:Special Ability|AUTOMATIC|Greater Shield Focus Qualify
1	ABILITY:Special Ability|AUTOMATIC|Greater Weapon Focus Qualify
1	ABILITY:Special Ability|AUTOMATIC|Spellbreaker Qualify
1	ABILITY:Special Ability|AUTOMATIC|Greater Weapon Specialization Qualify
1	ABILITY:Special Ability|AUTOMATIC|Penetrating Strike Qualify
1	ABILITY:Special Ability|AUTOMATIC|Critical Mastery Qualify
1	ABILITY:Special Ability|AUTOMATIC|Greater Penetrating Strike Qualify
###Block: Level progression
1	BONUS:ABILITYPOOL|Fighter Bonus Feat|CL/2+1
2									BONUS:VAR|BraveryLVL|CL				ABILITY:Special Ability|AUTOMATIC|Bravery|!PREABILITY:1,CATEGORY=Archetype,TYPE.FighterBravery
3									BONUS:VAR|ArmorTrainingLVL|CL			ABILITY:Special Ability|AUTOMATIC|Armor Training|!PREABILITY:1,CATEGORY=Archetype,TYPE.FighterArmorTraining_ALL
5									BONUS:VAR|FighterWeaponTrainingLVL|CL	ABILITY:Special Ability|AUTOMATIC|Fighter Weapon Training|Weapon Training|!PREABILITY:1,CATEGORY=Archetype,TYPE.FighterWeaponTraining_ALL
19																ABILITY:Special Ability|AUTOMATIC|Armor Mastery|!PREABILITY:1,CATEGORY=Archetype,TYPE.FighterArmorMastery
20	BONUS:ABILITYPOOL|Weapon Mastery|1


# Class Name	Hit Dice	Type			Abbreviation	Max Level	Source Page		Define						Save checks bonus								Combat bonus
CLASS:Monk		HD:8		TYPE:Base.PC	ABB:Mnk		MAXLEVEL:20	SOURCEPAGE:p.56	DEFINE:FlurryOfBlows|1	DEFINE:MonkLvl|CL	BONUS:CHECKS|BASE.Fortitude,BASE.Reflex,BASE.Will|CL/2+2	BONUS:COMBAT|BAB|CL*3/4|TYPE=Base.REPLACE
# Class Name	Required AL
CLASS:Monk		PREALIGN:LG,LN,LE
# Class Name	Skill Pts/Lvl	Class Skill
CLASS:Monk		STARTSKILLPTS:4	CSKILL:Acrobatics|Climb|TYPE.Craft|Escape Artist|Intimidate|Knowledge (History)|Knowledge (Religion)|Perception|TYPE.Perform|TYPE.Profession|Ride|Sense Motive|Stealth|Swim
###Block:Proficiencies
1	ABILITY:Special Ability|AUTOMATIC|All Automatic Proficiencies|Monk Weapon Proficiencies
###Block: Flurry of Blows
1	BONUS:VAR|FlurryLVL|MonkLVL	BONUS:VAR|MonkBAB|CL*3/4	ABILITY:Special Ability|AUTOMATIC|Flurry of Blows
#KIT:1|Monk Flurry of Blows
# MonkLVL tracks both Stunning Fist and all Flurry of Blows aspects for backwards compatibility.
# Monk bonus feats are taken as CATEGORY=Special Ability objects of the same name because the Monk can ignore the feats prerequisites,
#	The Special Ability then grants the actual feat as a virtual feat, See the rsrd_abilities_class.lst file to see how these are coded.
# MonkBonusFeatLVL is used as a prerequisite for when a specific bonus feat can be taken
###Block: Monk Bonus Feats
1	BONUS:VAR|MonkBonusFeatLVL|CL	DEFINE:MonkBonusFeatLVL|0	ABILITY:Special Ability|AUTOMATIC|Monk Bonus Feat|!PREABILITY:1,CATEGORY=Archetype,TYPE.MonkBonusFeats
1																													KIT:1|Monk Flurry of Blows
###Block: Level progression
#           F   D   T   S   M   L   H   G   C
1	UDAM:1d1,1d2,1d3,1d4,1d6,1d8,2d6,3d6,4d6		UMULT:2	BONUS:VAR|MonkACLVL,MonkFastMovementLVL,StunningFistMonkLVL|CL			ABILITY:Special Ability|AUTOMATIC|AC Bonus ~ Monk|!PREABILITY:1,CATEGORY=Archetype,TYPE.MonkACBonus	ABILITY:Special Ability|AUTOMATIC|Stunning Fist|!PREABILITY:1,CATEGORY=Archetype,TYPE.MonkStunningFist	ABILITY:FEAT|AUTOMATIC|Improved Unarmed Strike
2	UDAM:1d1,1d2,1d3,1d4,1d6,1d8,2d6,3d6,4d6																	ABILITY:Special Ability|AUTOMATIC|Evasion|!PREABILITY:1,CATEGORY=Archetype,TYPE.MonkEvasion
3	UDAM:1d1,1d2,1d3,1d4,1d6,1d8,2d6,3d6,4d6				BONUS:VAR|ManeuverTrainingLVL|CL	BONUS:VAR|ManeuverTrainingBAB|CL*3/4	ABILITY:Special Ability|AUTOMATIC|Fast Movement ~ Monk|!PREABILITY:1,CATEGORY=Archetype,TYPE.MonkFastMovement	ABILITY:Special Ability|AUTOMATIC|Maneuver Training|!PREABILITY:1,CATEGORY=Archetype,TYPE.MonkManeuverTraining	ABILITY:Special Ability|AUTOMATIC|Still Mind|!PREABILITY:1,CATEGORY=Archetype,TYPE.MonkStillMind
4	UDAM:1d2,1d3,1d4,1d6,1d8,2d6,3d6,4d6,6d6				BONUS:VAR|KiPoolLVL,SlowFallLVL|CL								ABILITY:Special Ability|AUTOMATIC|Ki Pool|!PREABILITY:1,CATEGORY=Archetype,TYPE.MonkKiPool	ABILITY:Special Ability|AUTOMATIC|Slow Fall|!PREABILITY:1,CATEGORY=Archetype,TYPE.MonkSlowFall
5	UDAM:1d2,1d3,1d4,1d6,1d8,2d6,3d6,4d6,6d6				BONUS:VAR|HighJumpLVL|CL									ABILITY:Special Ability|AUTOMATIC|High Jump|!PREABILITY:1,CATEGORY=Archetype,TYPE.MonkHighJump	ABILITY:Special Ability|AUTOMATIC|Purity of Body|!PREABILITY:1,CATEGORY=Archetype,TYPE.MonkPurityOfBody
6	UDAM:1d2,1d3,1d4,1d6,1d8,2d6,3d6,4d6,6d6
7	UDAM:1d2,1d3,1d4,1d6,1d8,2d6,3d6,4d6,6d6				BONUS:VAR|WholenessOfBodyLVL|CL								ABILITY:Special Ability|AUTOMATIC|Wholeness of Body|!PREABILITY:1,CATEGORY=Archetype,TYPE.MonkWholenessOfBody
8	UDAM:1d3,1d4,1d6,1d8,1d10,2d8,3d8,4d8,6d8
9	UDAM:1d3,1d4,1d6,1d8,1d10,2d8,3d8,4d8,6d8																	ABILITY:Special Ability|AUTOMATIC|Improved Evasion|!PREABILITY:1,CATEGORY=Archetype,TYPE.MonkImprovedEvasion
10	UDAM:1d3,1d4,1d6,1d8,1d10,2d8,3d8,4d8,6d8
11	UDAM:1d3,1d4,1d6,1d8,1d10,2d8,3d8,4d8,6d8																	ABILITY:Special Ability|AUTOMATIC|Diamond Body|!PREABILITY:1,CATEGORY=Archetype,TYPE.MonkDiamondBody
12	UDAM:1d4,1d6,1d8,1d10,2d6,3d6,4d6,6d6,8d6				BONUS:VAR|AbundantStepLVL|CL									ABILITY:Special Ability|AUTOMATIC|Abundant Step|!PREABILITY:1,CATEGORY=Archetype,TYPE.MonkAbundantStep
13	UDAM:1d4,1d6,1d8,1d10,2d6,3d6,4d6,6d6,8d6				BONUS:VAR|DiamondSoulLVL|CL									ABILITY:Special Ability|AUTOMATIC|Diamond Soul|!PREABILITY:1,CATEGORY=Archetype,TYPE.MonkDiamondSoul
14	UDAM:1d4,1d6,1d8,1d10,2d6,3d6,4d6,6d6,8d6
15	UDAM:1d4,1d6,1d8,1d10,2d6,3d6,4d6,6d6,8d6																	ABILITY:Special Ability|AUTOMATIC|Quivering Palm|!PREABILITY:1,CATEGORY=Archetype,TYPE.MonkQuiveringPalm
16	UDAM:1d6,1d8,1d10,2d6,2d8,3d8,4d8,6d8,8d8
17	UDAM:1d6,1d8,1d10,2d6,2d8,3d8,4d8,6d8,8d8																	ABILITY:Special Ability|AUTOMATIC|Tongue of the Sun and Moon|!PREABILITY:1,CATEGORY=Archetype,TYPE.MonkTongueOfTheSunAndMoon	ABILITY:Special Ability|AUTOMATIC|Timeless Body|!PREABILITY:1,CATEGORY=Archetype,TYPE.MonkTimelessBody																	TEMPLATE:CHOOSE:Timeless Body ~ Adult|Timeless Body ~ Middle Age|Timeless Body ~ Old|Timeless Body ~ Venerable
18	UDAM:1d6,1d8,1d10,2d6,2d8,3d8,4d8,6d8,8d8
19	UDAM:1d6,1d8,1d10,2d6,2d8,3d8,4d8,6d8,8d8																	ABILITY:Special Ability|AUTOMATIC|Empty Body|!PREABILITY:1,CATEGORY=Archetype,TYPE.MonkEmptyBody
20	UDAM:1d8,1d10,2d6,2d8,2d10,4d8,6d8,8d8,12d8																ABILITY:Special Ability|AUTOMATIC|Perfect Self|!PREABILITY:1,CATEGORY=Archetype,TYPE.MonkPerfectSelf


# Class Name	Hit Dice	Type			Abbreviation	Max Level	Ex Class			Source Page		Visible	Define			Save checks bonus											Combat bonus
CLASS:Paladin	HD:10		TYPE:Base.PC	ABB:Pld		MAXLEVEL:20	EXCLASS:Ex-Paladin	SOURCEPAGE:p.60	VISIBLE:YES	DEFINE:PaladinLvl|CL	BONUS:CHECKS|BASE.Fortitude,BASE.Will|CL/2+2	BONUS:CHECKS|BASE.Reflex|CL/3	BONUS:COMBAT|BAB|CL|TYPE=Base.REPLACE
# Class Name	Required AL
CLASS:Paladin	PREALIGN:LG
# Class Name	Skill Pts/Lvl	Class Skill
CLASS:Paladin	STARTSKILLPTS:2	CSKILL:TYPE.Craft|Diplomacy|Handle Animal|Heal|Knowledge (Nobility)|Knowledge (Religion)|TYPE.Profession|Ride|Sense Motive|Spellcraft
# Class Name	Spell Stat		Spell Type		Automatically Known Spell Levels			Craft Level Mult.	Caster level
CLASS:Paladin	SPELLSTAT:CHA	SPELLTYPE:Divine	KNOWNSPELLS:LEVEL=1|LEVEL=2|LEVEL=3|LEVEL=4	ITEMCREATE:CL-3	BONUS:CASTERLEVEL|Paladin|CL-3|PRECLASS:1,Paladin=4
###Block:Proficiencies
1	ABILITY:Special Ability|AUTOMATIC|All Automatic Proficiencies|All Martial Weapon Proficiencies	AUTO:FEAT|Simple Weapon Proficiency|Martial Weapon Proficiency Output
1																	AUTO:FEAT|Armor Proficiency (Light)|Armor Proficiency (Medium)|Armor Proficiency (Heavy)
1																	AUTO:FEAT|Shield Proficiency
###Block: Aura strength
1	BONUS:VAR|AlignmentAuraLVL|CL	ABILITY:Special Ability|VIRTUAL|Aura of Good
###Block: Level progression
1				BONUS:VAR|DetectEvilLVL,SmiteEvilLVL|CL	DEFINE:AllowHolyAvenger|1	ABILITY:Special Ability|AUTOMATIC|Detect Evil|!PREABILITY:1,CATEGORY=Archetype,TYPE.PaladinDetectEvil	ABILITY:Special Ability|AUTOMATIC|Smite Evil|!PREABILITY:1,CATEGORY=Archetype,TYPE.PaladinSmiteEvil
2				BONUS:VAR|LayOnHandsLVL|CL								ABILITY:Special Ability|AUTOMATIC|Divine Grace|!PREABILITY:1,CATEGORY=Archetype,TYPE.PaladinDivineGrace	ABILITY:Special Ability|AUTOMATIC|Lay on Hands|!PREABILITY:1,CATEGORY=Archetype,TYPE.PaladinLayOnHands
3				BONUS:VAR|MercyLVL|CL									ABILITY:Special Ability|AUTOMATIC|Aura of Courage|!PREABILITY:1,CATEGORY=Archetype,TYPE.PaladinAuraOfCourage	ABILITY:Special Ability|AUTOMATIC|Divine Health|!PREABILITY:1,CATEGORY=Archetype,TYPE.PaladinDivineHealth	ABILITY:Special Ability|AUTOMATIC|Mercy|!PREABILITY:1,CATEGORY=Archetype,TYPE.PaladinMercy
4	CAST:0,0		BONUS:VAR|PaladinChannelLVL|CL							ABILITY:Special Ability|AUTOMATIC|Channel Positive Energy ~ Paladin|!PREABILITY:1,CATEGORY=Archetype,TYPE.PaladinChannel
5	CAST:0,1		BONUS:VAR|DivineBondLVL|CL								ABILITY:Special Ability|AUTOMATIC|Divine Bond|!PREABILITY:1,CATEGORY=Archetype,TYPE.PaladinDivineBond
6	CAST:0,1
7	CAST:0,1,0
8	CAST:0,1,1														ABILITY:Special Ability|AUTOMATIC|Aura of Resolve|!PREABILITY:1,CATEGORY=Archetype,TYPE.PaladinAuraOfResolve
9	CAST:0,2,1
10	CAST:0,2,1,0
11	CAST:0,2,1,1													ABILITY:Special Ability|AUTOMATIC|Aura of Justice|!PREABILITY:1,CATEGORY=Archetype,TYPE.PaladinAuraOfJustice
12	CAST:0,2,2,1
13	CAST:0,3,2,1,0
14	CAST:0,3,2,1,1													ABILITY:Special Ability|AUTOMATIC|Aura of Faith|!PREABILITY:1,CATEGORY=Archetype,TYPE.PaladinAuraOfFaith
15	CAST:0,3,2,2,1
16	CAST:0,3,3,2,1
17	CAST:0,4,3,2,1													ABILITY:Special Ability|AUTOMATIC|Aura of Righteousness|!PREABILITY:1,CATEGORY=Archetype,TYPE.PaladinAuraOfRighteousness
18	CAST:0,4,3,2,2
19	CAST:0,4,3,3,2
20	CAST:0,4,4,3,3

# Class Name	Hit Dice	Type			Abbreviation	Max Level	Visible	Define			Save checks bonus											Combat bonus
CLASS:Ex-Paladin	HD:10		TYPE:Base.PC	ABB:XPal		MAXLEVEL:20	VISIBLE:NO	DEFINE:PaladinLvl|CL	BONUS:CHECKS|BASE.Fortitude,BASE.Will|CL/2+2	BONUS:CHECKS|BASE.Reflex|CL/3	BONUS:COMBAT|BAB|CL|TYPE=Base.REPLACE
# Class Name	Skill Pts/Lvl	Class Skill
CLASS:Ex-Paladin	STARTSKILLPTS:2	CSKILL:TYPE.Craft|Diplomacy|Handle Animal|Heal|Knowledge (Nobility)|Knowledge (Religion)|TYPE.Profession|Ride|Sense Motive|Spellcraft
###Block:Proficiencies
1	ABILITY:Special Ability|AUTOMATIC|All Automatic Proficiencies|All Martial Weapon Proficiencies	AUTO:FEAT|Simple Weapon Proficiency|Martial Weapon Proficiency Output
1																	AUTO:FEAT|Armor Proficiency (Light)|Armor Proficiency (Medium)|Armor Proficiency (Heavy)
1																	AUTO:FEAT|Shield Proficiency




# Class Name	Hit Dice	Type			Abbreviation	Max Level	Source Page		Ability																Define			Save checks bonus											Combat bonus
CLASS:Ranger	HD:10		TYPE:Base.PC	ABB:Rgr		MAXLEVEL:20	SOURCEPAGE:p.64	ABILITY:Internal|AUTOMATIC|Ranger Base Skills|!PREABILITY:1,CATEGORY=Archetype,RangerClassSkills	DEFINE:RangerLvl|CL	BONUS:CHECKS|BASE.Fortitude,BASE.Reflex|CL/2+2	BONUS:CHECKS|BASE.Will|CL/3	BONUS:COMBAT|BAB|CL|TYPE=Base.REPLACE
# Class Name	Skill Pts/Lvl
CLASS:Ranger	STARTSKILLPTS:6
# Class Name	Spell Stat		Spell Type		Automatically Known Spell Levels			Craft Level Mult.	Caster level
CLASS:Ranger	SPELLSTAT:WIS	SPELLTYPE:Divine	KNOWNSPELLS:LEVEL=1|LEVEL=2|LEVEL=3|LEVEL=4	ITEMCREATE:CL-3	BONUS:CASTERLEVEL|Ranger|CL-3|PRECLASS:1,Ranger=4
###Block:Proficiencies
1	BONUS:VAR|RangerDefaultCombatStyle|1	DEFINE:RangerDefaultCombatStyle|0	ABILITY:Special Ability|AUTOMATIC|All Automatic Proficiencies|All Martial Weapon Proficiencies	AUTO:FEAT|Simple Weapon Proficiency|Martial Weapon Proficiency Output
1																														AUTO:FEAT|Armor Proficiency (Light)|Armor Proficiency (Medium)
1																														AUTO:FEAT|Shield Proficiency
###Block: Favored Enemies and Terrains
1	BONUS:VAR|RangerFavoredEnemyLVL|CL		ABILITY:Special Ability|AUTOMATIC|Basic Favored Enemy|Ranger Favored Enemy|!PREABILITY:1,CATEGORY=Archetype,TYPE.RangerFavoredEnemy
1	BONUS:VAR|RangerFavoredTerrainLVL|CL	ABILITY:Special Ability|AUTOMATIC|Basic Favored Terrain|Ranger Favored Terrain|!PREABILITY:1,CATEGORY=Archetype,TYPE.RangerFavoredTerrain
###Block: Level progression
1				BONUS:VAR|WildEmpathy|CL	BONUS:VAR|TrackLVL|CL		ABILITY:Special Ability|AUTOMATIC|Track|!PREABILITY:1,CATEGORY=Archetype,TYPE.RangerTrack	ABILITY:Special Ability|AUTOMATIC|Wild Empathy|!PREABILITY:1,CATEGORY=Archetype,TYPE.RangerWildEmpathy
2				BONUS:VAR|CombatStyleLVL|CL						ABILITY:Special Ability|AUTOMATIC|Combat Style|!PREABILITY:1,CATEGORY=Archetype,TYPE.RangerCombatStyle
3																																															AUTO:FEAT|Endurance
4	CAST:0,0		BONUS:VAR|HuntersBondLVL|CL	BONUS:VAR|CompLevel|CL-3	ABILITY:Special Ability|AUTOMATIC|Hunter's Bond|!PREABILITY:1,CATEGORY=Archetype,TYPE.RangerHuntersBond
5	CAST:0,1
6	CAST:0,1
7	CAST:0,1,0												ABILITY:Special Ability|AUTOMATIC|Woodland Stride|!PREABILITY:1,CATEGORY=Archetype,TYPE.RangerWoodlandStride
8	CAST:0,1,1												ABILITY:Special Ability|AUTOMATIC|Swift Tracker|!PREABILITY:1,CATEGORY=Archetype,TYPE.RangerSwiftTracker
9	CAST:0,2,1												ABILITY:Special Ability|AUTOMATIC|Evasion|!PREABILITY:1,CATEGORY=Archetype,TYPE.RangerEvasion
10	CAST:0,2,1,0
11	CAST:0,2,1,1											ABILITY:Special Ability|AUTOMATIC|Quarry|!PREABILITY:1,CATEGORY=Archetype,TYPE.RangerQuarry
12	CAST:0,2,2,1											ABILITY:Special Ability|AUTOMATIC|Camouflage|!PREABILITY:1,CATEGORY=Archetype,TYPE.RangerCamoflage
13	CAST:0,3,2,1,0
14	CAST:0,3,2,1,1
15	CAST:0,3,2,2,1
16	CAST:0,3,3,2,1											ABILITY:Special Ability|AUTOMATIC|Improved Evasion|!PREABILITY:1,CATEGORY=Archetype,TYPE.RangerEvasion
17	CAST:0,4,3,2,1											ABILITY:Special Ability|AUTOMATIC|Hide in Plain Sight|!PREABILITY:1,CATEGORY=Archetype,TYPE.RangerHideInPlainSight
18	CAST:0,4,3,2,2
19	CAST:0,4,3,3,2											ABILITY:Special Ability|AUTOMATIC|Improved Quarry|!PREABILITY:1,CATEGORY=Archetype,TYPE.RangerQuarry
20	CAST:0,4,4,3,3	BONUS:VAR|MasterHunterLVL|CL						ABILITY:Special Ability|AUTOMATIC|Master Hunter|!PREABILITY:1,CATEGORY=Archetype,TYPE.RangerMasterHunter




# Class Name	Hit Dice	Type			Abbreviation	Max Level	Source Page		Define			Save checks bonus												Combat bonus
CLASS:Rogue		HD:8		TYPE:Base.PC	ABB:Rog		MAXLEVEL:20	SOURCEPAGE:p.67	DEFINE:RogueLvl|CL	BONUS:CHECKS|BASE.Reflex|CL/2+2	BONUS:CHECKS|BASE.Fortitude,BASE.Will|CL/3	BONUS:COMBAT|BAB|CL*3/4|TYPE=Base.REPLACE
# Class Name	Skill Pts/Lvl	Class Skill
CLASS:Rogue		STARTSKILLPTS:8	CSKILL:Acrobatics|Appraise|Bluff|Climb|TYPE.Craft|Diplomacy|Disable Device|Disguise|Escape Artist|Intimidate|Knowledge (Dungeoneering)|Knowledge (Local)|Linguistics|Perception|TYPE.Perform|TYPE.Profession|Sense Motive|Sleight of Hand|Stealth|Swim|Use Magic Device
###Block:Proficiencies
1	ABILITY:Special Ability|AUTOMATIC|All Automatic Proficiencies	ABILITY:Special Ability|AUTOMATIC|Rogue Weapon Proficiencies|!PREABILITY:1,CATEGORY=Archetype,TYPE.RogueWeaponProficiencies	AUTO:FEAT|Simple Weapon Proficiency
1																																	AUTO:FEAT|Armor Proficiency (Light)
###Block: Level progression
1	BONUS:VAR|RogueSneakAttackLVL|CL	BONUS:VAR|TrapfindingLVL|CL							ABILITY:Special Ability|AUTOMATIC|Sneak Attack|Sneak Attack ~ Rogue|!PREABILITY:1,CATEGORY=Archetype,TYPE.RogueSneakAttack	ABILITY:Special Ability|AUTOMATIC|Trapfinding|!PREABILITY:1,CATEGORY=Archetype,TYPE.RogueTrapfinding
2	BONUS:VAR|RogueTalentLVL|CL													ABILITY:Special Ability|AUTOMATIC|Evasion|!PREABILITY:1,CATEGORY=Archetype,TYPE.RogueEvasion	ABILITY:Special Ability|AUTOMATIC|Rogue Talents|!PREABILITY:1,CATEGORY=Archetype,TYPE.RogueTalents
3	BONUS:VAR|RogueTrapSenseLVL|CL												ABILITY:Special Ability|AUTOMATIC|Trap Sense ~ Rogue|!PREABILITY:1,CATEGORY=Archetype,TYPE.RogueTrapSense
4	BONUS:VAR|UncannyDodgeFlankingLevel|CL|TYPE=EachClass.REPLACE	BONUS:VAR|UncannyDodgeLevel|CL/4	ABILITY:Special Ability|AUTOMATIC|Uncanny Dodge ~ Base|!PREABILITY:1,CATEGORY=Archetype,TYPE.RogueUncannyDodge,TYPE.RogueImprovedUncannyDodge
20	BONUS:VAR|MasterStrikeLVL|CL													ABILITY:Special Ability|AUTOMATIC|Master Strike|!PREABILITY:1,CATEGORY=Archetype,TYPE.RogueMasterStrike


# Class Name	Hit Dice	Type			Abbreviation	Max Level	Source Page		Define			Save checks bonus											Combat bonus
CLASS:Sorcerer	HD:6		TYPE:Base.PC	ABB:Sor		MAXLEVEL:20	SOURCEPAGE:p.70	DEFINE:SorcererLvl|CL	BONUS:CHECKS|BASE.Will|CL/2+2	BONUS:CHECKS|BASE.Fortitude,BASE.Reflex|CL/3	BONUS:COMBAT|BAB|CL/2|TYPE=Base.REPLACE
# Class Name	Skill Pts/Lvl	Class Skill
CLASS:Sorcerer	STARTSKILLPTS:2	CSKILL:Appraise|Bluff|TYPE.Craft|Fly|Intimidate|Knowledge (Arcana)|TYPE.Profession|Spellcraft|Use Magic Device
# Class Name	Spell Stat		Spell Type		Memorize	Caster level
CLASS:Sorcerer	SPELLSTAT:CHA	SPELLTYPE:Arcane	MEMORIZE:NO	BONUS:CASTERLEVEL|Sorcerer|CL
###Block:Proficiencies
1	ABILITY:Special Ability|AUTOMATIC|All Automatic Proficiencies	AUTO:FEAT|Simple Weapon Proficiency
###Block: Bloodline
1	BONUS:VAR|BloodlineLVL,BloodlineCasterLVL|CL	ABILITY:Special Ability|AUTOMATIC|Sorcerer Bloodline
###Block: Level progression
1	CAST:0,3				KNOWN:4,2				ABILITY:Special Ability|AUTOMATIC|Cantrips ~ Sorcerer	VFEAT:Eschew Materials
2	CAST:0,4				KNOWN:5,2
3	CAST:0,5				KNOWN:5,3
4	CAST:0,6,3				KNOWN:6,3,1
5	CAST:0,6,4				KNOWN:6,4,2
6	CAST:0,6,5,3			KNOWN:7,4,2,1
7	CAST:0,6,6,4			KNOWN:7,5,3,2
8	CAST:0,6,6,5,3			KNOWN:8,5,3,2,1
9	CAST:0,6,6,6,4			KNOWN:8,5,4,3,2
10	CAST:0,6,6,6,5,3			KNOWN:9,5,4,3,2,1
11	CAST:0,6,6,6,6,4			KNOWN:9,5,5,4,3,2
12	CAST:0,6,6,6,6,5,3		KNOWN:9,5,5,4,3,2,1
13	CAST:0,6,6,6,6,6,4		KNOWN:9,5,5,4,4,3,2
14	CAST:0,6,6,6,6,6,5,3		KNOWN:9,5,5,4,4,3,2,1
15	CAST:0,6,6,6,6,6,6,4		KNOWN:9,5,5,4,4,4,3,2
16	CAST:0,6,6,6,6,6,6,5,3		KNOWN:9,5,5,4,4,4,3,2,1
17	CAST:0,6,6,6,6,6,6,6,4		KNOWN:9,5,5,4,4,4,3,3,2
18	CAST:0,6,6,6,6,6,6,6,5,3	KNOWN:9,5,5,4,4,4,3,3,2,1
19	CAST:0,6,6,6,6,6,6,6,6,4	KNOWN:9,5,5,4,4,4,3,3,3,2
20	CAST:0,6,6,6,6,6,6,6,6,6	KNOWN:9,5,5,4,4,4,3,3,3,3


# Class Name	Hit Dice	Type			Abbreviation	Max Level	Source Page		Bonus Languages		Visible	Define								Save checks bonus											Combat bonus
CLASS:Wizard	HD:6		TYPE:Base.PC	ABB:Wiz		MAXLEVEL:20	SOURCEPAGE:p.77	LANGBONUS:Draconic	VISIBLE:YES	DEFINE:WizardLvl|CL	DEFINE:UniversalSchoolLVL|0	BONUS:CHECKS|BASE.Will|CL/2+2	BONUS:CHECKS|BASE.Fortitude,BASE.Reflex|CL/3	BONUS:COMBAT|BAB|CL/2|TYPE=Base.REPLACE
# Class Name	Skill Pts/Lvl	Class Skill
CLASS:Wizard	STARTSKILLPTS:2	CSKILL:Appraise|TYPE.Craft|Fly|TYPE.Knowledge|Linguistics|TYPE.Profession|Spellcraft
# Class Name	Spell Stat		Spell Type		Automatically Known Spell Levels	Spellbook		Caster level
CLASS:Wizard	SPELLSTAT:INT	SPELLTYPE:Arcane	KNOWNSPELLS:LEVEL=0			SPELLBOOK:YES	BONUS:CASTERLEVEL|Wizard|CL
#
SUBCLASS:Abjurer		CHOICE:SCHOOL|Abjuration	KNOWNSPELLSFROMSPECIALTY:1
SUBCLASSLEVEL:1	BONUS:SPELLCAST|CLASS=Wizard;LEVEL=0|-1	BONUS:VAR|AbjurationSchoolLVL|CL	ABILITY:Special Ability|AUTOMATIC|Abjuration School
SUBCLASS:Conjurer		CHOICE:SCHOOL|Conjuration	KNOWNSPELLSFROMSPECIALTY:1
SUBCLASSLEVEL:1	BONUS:SPELLCAST|CLASS=Wizard;LEVEL=0|-1	BONUS:VAR|ConjurationSchoolLVL|CL	ABILITY:Special Ability|AUTOMATIC|Conjuration School
SUBCLASS:Diviner		CHOICE:SCHOOL|Divination	KNOWNSPELLSFROMSPECIALTY:1
SUBCLASSLEVEL:1	BONUS:SPELLCAST|CLASS=Wizard;LEVEL=0|-1	BONUS:VAR|DivinationSchoolLVL|CL	ABILITY:Special Ability|AUTOMATIC|Divination School
SUBCLASS:Enchanter	CHOICE:SCHOOL|Enchantment	KNOWNSPELLSFROMSPECIALTY:1
SUBCLASSLEVEL:1	BONUS:SPELLCAST|CLASS=Wizard;LEVEL=0|-1	BONUS:VAR|EnchantmentSchoolLVL|CL	ABILITY:Special Ability|AUTOMATIC|Enchantment School
SUBCLASS:Evoker		CHOICE:SCHOOL|Evocation		KNOWNSPELLSFROMSPECIALTY:1
SUBCLASSLEVEL:1	BONUS:SPELLCAST|CLASS=Wizard;LEVEL=0|-1	BONUS:VAR|EvocationSchoolLVL|CL	ABILITY:Special Ability|AUTOMATIC|Evocation School
SUBCLASS:Illusionist	CHOICE:SCHOOL|Illusion		KNOWNSPELLSFROMSPECIALTY:1
SUBCLASSLEVEL:1	BONUS:SPELLCAST|CLASS=Wizard;LEVEL=0|-1	BONUS:VAR|IllusionSchoolLVL|CL	ABILITY:Special Ability|AUTOMATIC|Illusion School
SUBCLASS:Necromancer	CHOICE:SCHOOL|Necromancy	KNOWNSPELLSFROMSPECIALTY:1
SUBCLASSLEVEL:1	BONUS:SPELLCAST|CLASS=Wizard;LEVEL=0|-1	BONUS:VAR|NecromancySchoolLVL|CL	ABILITY:Special Ability|AUTOMATIC|Necromancy School
SUBCLASS:Transmuter	CHOICE:SCHOOL|Transmutation	KNOWNSPELLSFROMSPECIALTY:1
SUBCLASSLEVEL:1	BONUS:SPELLCAST|CLASS=Wizard;LEVEL=0|-1	BONUS:VAR|TransmutationSchoolLVL|CL	ABILITY:Special Ability|AUTOMATIC|Transmutation School
###Block:Proficiencies
1	ABILITY:Special Ability|AUTOMATIC|Wizard Weapon Proficiencies|All Automatic Proficiencies
###Block: Wizard School
1	BONUS:VAR|UniversalSchoolLVL|CL|!PREABILITY:1,CATEGORY=Special Ability,TYPE.ArcaneSchool	ABILITY:Special Ability|AUTOMATIC|Universal School|PREVARGT:UniversalSchoolLVL,0
###Block: Level progression
1	CAST:3,1											BONUS:VAR|FMLevel|CL	DEFINE:SpellMasteryQualify|1	ABILITY:Special Ability|AUTOMATIC|Arcane Bond|Cantrips ~ Wizard	AUTO:FEAT|Scribe Scroll
2	CAST:4,2
3	CAST:4,2,1
4	CAST:4,3,2
5	CAST:4,3,2,1			BONUS:ABILITYPOOL|Wizard Bonus Feat|CL/5
6	CAST:4,3,3,2
7	CAST:4,4,3,2,1
8	CAST:4,4,3,3,2
9	CAST:4,4,4,3,2,1
10	CAST:4,4,4,3,3,2
11	CAST:4,4,4,4,3,2,1
12	CAST:4,4,4,4,3,3,2
13	CAST:4,4,4,4,4,3,2,1
14	CAST:4,4,4,4,4,3,3,2
15	CAST:4,4,4,4,4,4,3,2,1
16	CAST:4,4,4,4,4,4,3,3,2
17	CAST:4,4,4,4,4,4,4,3,2,1
18	CAST:4,4,4,4,4,4,4,3,3,2
19	CAST:4,4,4,4,4,4,4,4,3,3
20	CAST:4,4,4,4,4,4,4,4,4,4
