#SOURCELONG:Ultimate Magic	SOURCESHORT:UMGC	SOURCEWEB:http://paizo.com/pathfinderRPG/v5748btpy8g7s	SOURCEDATE:2011-05
# CVS $Revision: 21421 $ $Author: evilmynex $ -- Wed Sep 18 14:31:37 2013 -- reformated by prettylst.pl v1.50 (build 21406)

# ORIGINAL ENTRY: Stefan Radermacher, Eric Smith (Maredudd), and Douglas Limmer
# ORIGINAL ENTRY DATE: Unknown

###Block: Archetype Buckets
# Ability Category						Visible		Editable or Static?	Change Pool?	Fractional values?	Category of Object		Type of Object		Specific choices list						Plural description for UI	Display Location
ABILITYCATEGORY:Magus Archetype				VISIBLE:QUALIFY	EDITABLE:YES		EDITPOOL:NO		FRACTIONALPOOL:NO		CATEGORY:Archetype		TYPE:MagusArchetype										PLURAL:Magus Archetypes		DISPLAYLOCATION:Archetype

ABILITYCATEGORY:Animal Friend Choice			VISIBLE:QUALIFY	EDITABLE:YES		EDITPOOL:NO		FRACTIONALPOOL:NO		CATEGORY:Special Ability					ABILITYLIST:Animal Friend Choice ~ Animal Speaker						DISPLAYLOCATION:Class Abilities
ABILITYCATEGORY:Geisha Weapon Proficiency Choice	VISIBLE:QUALIFY	EDITABLE:YES		EDITPOOL:NO		FRACTIONALPOOL:NO		CATEGORY:Internal							ABILITYLIST:Geisha Weapon Proficiency Choice							DISPLAYLOCATION:Class Abilities
ABILITYCATEGORY:Geisha Knowledge Choice			VISIBLE:QUALIFY	EDITABLE:YES		EDITPOOL:NO		FRACTIONALPOOL:NO		CATEGORY:Special Ability					ABILITYLIST:Geisha Knowledge Choice									DISPLAYLOCATION:Class Abilities
ABILITYCATEGORY:Secrets of the Grave Spell Choice	VISIBLE:QUALIFY	EDITABLE:YES		EDITPOOL:NO		FRACTIONALPOOL:NO		CATEGORY:Special Ability					ABILITYLIST:Secrets of the Grave Spell Choice							DISPLAYLOCATION:Class Abilities


###Block: Bonus Feats
# Ability Category				Visible		Editable or Static?	Change Pool?	Fractional values?	Category of Object		Type of Object		Plural description for UI		Display Location
ABILITYCATEGORY:Versatile Channeler		VISIBLE:QUALIFY	EDITABLE:YES		EDITPOOL:YES	FRACTIONALPOOL:NO		CATEGORY:Special Ability	TYPE:VersatileChanneler	PLURAL:Versatile Channeler		DISPLAYLOCATION:Feats
ABILITYCATEGORY:Dragon Shaman Bonus Feat	VISIBLE:QUALIFY	EDITABLE:YES		EDITPOOL:YES	FRACTIONALPOOL:NO		CATEGORY:FEAT			TYPE:DragonShamanBonus	PLURAL:Dragon Shaman Bonus Feats	DISPLAYLOCATION:Feats
ABILITYCATEGORY:Saurian Shaman Bonus Feat	VISIBLE:QUALIFY	EDITABLE:YES		EDITPOOL:YES	FRACTIONALPOOL:NO		CATEGORY:FEAT			TYPE:SaurianShamanBonus	PLURAL:Saurian Shaman Bonus Feats	DISPLAYLOCATION:Feats
ABILITYCATEGORY:Shark Shaman Bonus Feat	VISIBLE:QUALIFY	EDITABLE:YES		EDITPOOL:YES	FRACTIONALPOOL:NO		CATEGORY:FEAT			TYPE:SharkShamanBonus	PLURAL:Shark Shaman Bonus Feats	DISPLAYLOCATION:Feats

###Block: Magus ability categories
# Ability Category			Visible		Editable or Static?	Change Pool?	Fractional values?	Category of Object		Type of Object				Plural description for UI	Display Location
ABILITYCATEGORY:Magus Arcana		VISIBLE:QUALIFY	EDITABLE:YES		EDITPOOL:YES	FRACTIONALPOOL:NO		CATEGORY:Special Ability	TYPE:MagusArcana				PLURAL:Magus Arcana		DISPLAYLOCATION:Class Abilities
ABILITYCATEGORY:Magus Bonus Feat	VISIBLE:QUALIFY	EDITABLE:YES		EDITPOOL:YES	FRACTIONALPOOL:NO		CATEGORY:FEAT			TYPE:Combat.ItemCreation.Metamagic	PLURAL:Magus Bonus Feats	DISPLAYLOCATION:Feats

###Block: Summoner/Eidolon ability categories
# Ability Category					Visible		Editable or Static?	Change Pool?	Fractional values?	Category of Object		Type of Object		Plural description for UI			Display Location
ABILITYCATEGORY:Eidolon Aquatic Evolution		VISIBLE:QUALIFY	EDITABLE:YES		EDITPOOL:YES	FRACTIONALPOOL:NO		CATEGORY:Special Ability	TYPE:EvolutionAquatic	PLURAL:Eidolon Aquatic Evolutions		DISPLAYLOCATION:Class Abilities

ABILITYCATEGORY:Eidolon Basic Magic Choice	VISIBLE:QUALIFY	EDITABLE:YES		EDITPOOL:NO		FRACTIONALPOOL:NO		CATEGORY:Special Ability	TYPE:EidBasicMagic	PLURAL:Eidolon Basic Magic Choices		DISPLAYLOCATION:Class Abilities
ABILITYCATEGORY:Eidolon Minor Magic Choice	VISIBLE:QUALIFY	EDITABLE:YES		EDITPOOL:NO		FRACTIONALPOOL:NO		CATEGORY:Special Ability	TYPE:EidMinorMagic	PLURAL:Eidolon Minor Magic Choices		DISPLAYLOCATION:Class Abilities
ABILITYCATEGORY:Eidolon Major Magic Choice	VISIBLE:QUALIFY	EDITABLE:YES		EDITPOOL:NO		FRACTIONALPOOL:NO		CATEGORY:Special Ability	TYPE:EidMajorMagic	PLURAL:Eidolon Major Magic Choices		DISPLAYLOCATION:Class Abilities
ABILITYCATEGORY:Eidolon Ultimate Magic Choice	VISIBLE:QUALIFY	EDITABLE:YES		EDITPOOL:NO		FRACTIONALPOOL:NO		CATEGORY:Special Ability	TYPE:EidUltimateMagic	PLURAL:Eidolon Ultimate Magic Choices	DISPLAYLOCATION:Class Abilities
ABILITYCATEGORY:Eidolon Magic Upgrade		VISIBLE:QUALIFY	EDITABLE:YES		EDITPOOL:NO		FRACTIONALPOOL:NO		CATEGORY:Special Ability	TYPE:EidMagicUpgrade	PLURAL:Eidolon Magic Upgrades			DISPLAYLOCATION:Class Abilities


###Block: Cleric Archetype ability categories
# Ability Category				Visible		Editable or Static?	Change Pool?	Fractional values?	Category of Object		Type of Object		Plural description for UI		Display Location
ABILITYCATEGORY:Undead Lord Bonus Feat	VISIBLE:QUALIFY	EDITABLE:YES		EDITPOOL:YES	FRACTIONALPOOL:NO		CATEGORY:FEAT			TYPE:UndeadLordBonus	PLURAL:Undead Lord Bonus Feats	DISPLAYLOCATION:Feats
ABILITYCATEGORY:Domain Secret			VISIBLE:QUALIFY	EDITABLE:YES		EDITPOOL:YES	FRACTIONALPOOL:NO		CATEGORY:Special Ability	TYPE:DomainSecret		PLURAL:Domain Secrets			DISPLAYLOCATION:Class Abilities

###Block: Variant Channeling ability category
# Ability Category			Visible		Editable or Static?	Change Pool?	Fractional values?	Category of Object		Type of Object		Plural description for UI	Display Location
ABILITYCATEGORY:Variant Channeling	VISIBLE:QUALIFY	EDITABLE:YES		EDITPOOL:YES	FRACTIONALPOOL:NO		CATEGORY:Special Ability	TYPE:VariantChanneling	PLURAL:Variant Channeling	DISPLAYLOCATION:Class Abilities

###Block: Druid Archetype ability categories
# Ability Category			Visible		Editable or Static?	Change Pool?	Fractional values?	Category of Object		Type of Object	Plural description for UI	Display Location
ABILITYCATEGORY:Night Sight		VISIBLE:QUALIFY	EDITABLE:YES		EDITPOOL:YES	FRACTIONALPOOL:NO		CATEGORY:Special Ability	TYPE:NightSight	PLURAL:Night Sight		DISPLAYLOCATION:Class Abilities
ABILITYCATEGORY:Pack Member Level	VISIBLE:QUALIFY	EDITABLE:YES		EDITPOOL:YES	FRACTIONALPOOL:NO		CATEGORY:Special Ability	TYPE:PackMembers	PLURAL:Pack Member Levels	DISPLAYLOCATION:Class Abilities

###Block: Inquisitor Archetype ability categories
# Ability Category				Visible		Editable or Static?	Change Pool?	Fractional values?	Category of Object		Type of Object			Plural description for UI	Display Location
ABILITYCATEGORY:Determination Choice	VISIBLE:QUALIFY	EDITABLE:YES		EDITPOOL:YES	FRACTIONALPOOL:NO		CATEGORY:Special Ability	TYPE:DeterminationChoice	PLURAL:Determination Choices	DISPLAYLOCATION:Class Abilities

###Block: Magus Archetype ability categories
# Ability Category		Visible		Editable or Static?	Change Pool?	Fractional values?	Category of Object		Type of Object			Plural description for UI	Display Location
ABILITYCATEGORY:Hex Arcana	VISIBLE:QUALIFY	EDITABLE:YES		EDITPOOL:YES	FRACTIONALPOOL:NO		CATEGORY:Special Ability	TYPE:MagusArcana.WitchHex	PLURAL:Hex Arcana			DISPLAYLOCATION:Class Abilities

###Block: Monk Archetype ability categories
# Ability Category		Visible		Editable or Static?	Change Pool?	Fractional values?	Category of Object		Type of Object	Plural description for UI	Display Location
ABILITYCATEGORY:Vow		VISIBLE:QUALIFY	EDITABLE:YES		EDITPOOL:YES	FRACTIONALPOOL:NO		CATEGORY:Special Ability	TYPE:MonkVow	PLURAL:Vows				DISPLAYLOCATION:Class Abilities
ABILITYCATEGORY:Ki Power	VISIBLE:QUALIFY	EDITABLE:YES		EDITPOOL:YES	FRACTIONALPOOL:NO		CATEGORY:Special Ability	TYPE:KiPower	PLURAL:Ki Powers			DISPLAYLOCATION:Class Abilities

###Block: Sorcerer Bloodline Bonus Feat Categories
# Ability Category				Visible		Editable or Static?	Change Pool?	Fractional values?	Category of Object	Type of Object		Specific choices list																																																																Plural description for UI		Display Location
ABILITYCATEGORY:Accursed Bloodline Feat	VISIBLE:QUALIFY	EDITABLE:YES		EDITPOOL:YES	FRACTIONALPOOL:NO		CATEGORY:FEAT		TYPE:AccursedBloodline																																																																				PLURAL:Accursed Bloodline Feats	DISPLAYLOCATION:Feats
ABILITYCATEGORY:Djinni Bloodline Feat	VISIBLE:QUALIFY	EDITABLE:YES		EDITPOOL:YES	FRACTIONALPOOL:NO		CATEGORY:FEAT		TYPE:DjinniBloodline	ABILITYLIST:Skill Focus (Knowledge (Planes))																																																												PLURAL:Djinni Bloodline Feats		DISPLAYLOCATION:Feats
ABILITYCATEGORY:Efreeti Bloodline Feat	VISIBLE:QUALIFY	EDITABLE:YES		EDITPOOL:YES	FRACTIONALPOOL:NO		CATEGORY:FEAT		TYPE:EfreetiBloodline	ABILITYLIST:Skill Focus (Knowledge (Planes))																																																												PLURAL:Efreeti Bloodline Feats	DISPLAYLOCATION:Feats
ABILITYCATEGORY:Maestro Bloodline Feat	VISIBLE:QUALIFY	EDITABLE:YES		EDITPOOL:YES	FRACTIONALPOOL:NO		CATEGORY:FEAT		TYPE:MaestroBloodline	ABILITYLIST:Spell Focus (Enchantment)|Greater Spell Focus (Enchantment)|Skill Focus (Perform (Act))|Skill Focus (Perform (Comedy))|Skill Focus (Perform (Dance))|Skill Focus (Perform (Keyboard Instruments))|Skill Focus (Perform (Oratory))|Skill Focus (Perform (Percussion Instruments))|Skill Focus (Perform (Sing))|Skill Focus (Perform (String Instruments))|Skill Focus (Perform (Wind Instruments))	PLURAL:Maestro Bloodline Feats	DISPLAYLOCATION:Feats
ABILITYCATEGORY:Marid Bloodline Feat	VISIBLE:QUALIFY	EDITABLE:YES		EDITPOOL:YES	FRACTIONALPOOL:NO		CATEGORY:FEAT		TYPE:MaridBloodline	ABILITYLIST:Skill Focus (Knowledge (Planes))																																																												PLURAL:Marid Bloodline Feats		DISPLAYLOCATION:Feats
ABILITYCATEGORY:Rakshasa Bloodline Feat	VISIBLE:QUALIFY	EDITABLE:YES		EDITPOOL:YES	FRACTIONALPOOL:NO		CATEGORY:FEAT		TYPE:RakshasaBloodline																																																																				PLURAL:Rakshasa Bloodline Feats	DISPLAYLOCATION:Feats
ABILITYCATEGORY:Shaitan Bloodline Feat	VISIBLE:QUALIFY	EDITABLE:YES		EDITPOOL:YES	FRACTIONALPOOL:NO		CATEGORY:FEAT		TYPE:ShaitanBloodline	ABILITYLIST:Skill Focus (Knowledge (Planes))																																																												PLURAL:Shaitan Bloodline Feats	DISPLAYLOCATION:Feats

###Block: Oracle Revelations ability categories
# Ability Category						Visible		Editable or Static?	Change Pool?	Fractional values?	Category of Object		Type of Object						Plural description for UI			Display Location
ABILITYCATEGORY:Ancestor Mystery Revelation		VISIBLE:QUALIFY	EDITABLE:YES		EDITPOOL:YES	FRACTIONALPOOL:NO		CATEGORY:Special Ability	TYPE:AncestorRevelation.GeneralRevelation		PLURAL:Ancestor Mystery Revelations		DISPLAYLOCATION:Class Abilities
ABILITYCATEGORY:Dark Tapestry Mystery Revelation	VISIBLE:QUALIFY	EDITABLE:YES		EDITPOOL:YES	FRACTIONALPOOL:NO		CATEGORY:Special Ability	TYPE:DarkTapestryRevelation.GeneralRevelation	PLURAL:Dark Tapestry Mystery Revelations	DISPLAYLOCATION:Class Abilities
ABILITYCATEGORY:Metal Mystery Revelation			VISIBLE:QUALIFY	EDITABLE:YES		EDITPOOL:YES	FRACTIONALPOOL:NO		CATEGORY:Special Ability	TYPE:MetalRevelation.GeneralRevelation		PLURAL:Metal Mystery Revelations		DISPLAYLOCATION:Class Abilities
ABILITYCATEGORY:Time Mystery Revelation			VISIBLE:QUALIFY	EDITABLE:YES		EDITPOOL:YES	FRACTIONALPOOL:NO		CATEGORY:Special Ability	TYPE:TimeRevelation.GeneralRevelation		PLURAL:Time Mystery Revelations		DISPLAYLOCATION:Class Abilities
ABILITYCATEGORY:Wood Mystery Revelation			VISIBLE:QUALIFY	EDITABLE:YES		EDITPOOL:YES	FRACTIONALPOOL:NO		CATEGORY:Special Ability	TYPE:WoodRevelation.GeneralRevelation		PLURAL:Wood Mystery Revelations		DISPLAYLOCATION:Class Abilities

###Block: Oracle Archetype ability categories
# Ability Category					Visible		Editable or Static?	Change Pool?	Fractional values?	Category of Object		Type of Object			Plural description for UI			Display Location
ABILITYCATEGORY:Oracle Second Curse			VISIBLE:QUALIFY	EDITABLE:YES		EDITPOOL:YES	FRACTIONALPOOL:NO		CATEGORY:Special Ability	TYPE:OracleSecondCurse		PLURAL:Second Oracle's Curse			DISPLAYLOCATION:Class Abilities
ABILITYCATEGORY:Planar Resistance Energy Type	VISIBLE:QUALIFY	EDITABLE:YES		EDITPOOL:YES	FRACTIONALPOOL:NO		CATEGORY:Special Ability	TYPE:PlanarResistanceEnergy	PLURAL:Planar Resistance Energy Type	DISPLAYLOCATION:Class Abilities

###Block: Ranger Archetype ability categories
# Ability Category		Visible		Editable or Static?	Change Pool?	Fractional values?	Category of Object		Type of Object	Plural description for UI	Display Location
ABILITYCATEGORY:Ranger Trap	VISIBLE:QUALIFY	EDITABLE:YES		EDITPOOL:YES	FRACTIONALPOOL:NO		CATEGORY:Special Ability	TYPE:RangerTrap	PLURAL:Ranger Traps		DISPLAYLOCATION:Class Abilities

###Block: Wizard Split Spell Discovery ability categories
# Ability Category		Visible		Editable or Static?	Change Pool?	Fractional values?	Category of Object		Type of Object		Plural description for UI	Display Location
ABILITYCATEGORY:Split Slot	VISIBLE:QUALIFY	EDITABLE:YES		EDITPOOL:YES	FRACTIONALPOOL:NO		CATEGORY:Special Ability	TYPE:SplitSlotChoice	PLURAL:Split Slots		DISPLAYLOCATION:Class Abilities

###Block: Wizard Flexible Enhancement ability categories
# Ability Category					Visible		Editable or Static?	Change Pool?	Fractional values?	Category of Object		Type of Object			Plural description for UI		Display Location
ABILITYCATEGORY:Flexible Enhancement Bonus	VISIBLE:QUALIFY	EDITABLE:YES		EDITPOOL:YES	FRACTIONALPOOL:NO		CATEGORY:Special Ability	TYPE:FlexibleEnhancementBonus	PLURAL:Flexible Enhancement Bonuses	DISPLAYLOCATION:Class Abilities

###Block: Wizard Elemental School Opposition Choice ability categories
# Ability Category						Visible		Editable or Static?	Change Pool?	Fractional values?	Category of Object		Type of Object				Plural description for UI			Display Location
ABILITYCATEGORY:Metal Opposition School Choice		VISIBLE:QUALIFY	EDITABLE:YES		EDITPOOL:YES	FRACTIONALPOOL:NO		CATEGORY:Special Ability	TYPE:MetalOpposedSchool			PLURAL:Metal Opposition School Choice	DISPLAYLOCATION:Class Abilities
ABILITYCATEGORY:Wood Opposition School Choice		VISIBLE:QUALIFY	EDITABLE:YES		EDITPOOL:YES	FRACTIONALPOOL:NO		CATEGORY:Special Ability	TYPE:WoodOpposedSchool			PLURAL:Wood Opposition School Choice	DISPLAYLOCATION:Class Abilities
ABILITYCATEGORY:Eldritch Heritage Bloodline Choice	VISIBLE:QUALIFY	EDITABLE:YES		EDITPOOL:YES	FRACTIONALPOOL:NO		CATEGORY:Special Ability	TYPE:EldritchHeritageSelection								DISPLAYLOCATION:Feats

#
ABILITYCATEGORY:Black Blade Selection			VISIBLE:QUALIFY	EDITABLE:YES		EDITPOOL:YES	FRACTIONALPOOL:NO		CATEGORY:Internal			TYPE:BlackBladeChoice										DISPLAYLOCATION:Class Abilities

###Block: Crossblooded Sorcerer ability categories
# Ability Category					Visible		Editable or Static?	Change Pool?	Fractional values?	Category of Object			Type of Object			Plural description for UI			Display Location
ABILITYCATEGORY:Crossblooded Bloodline		VISIBLE:QUALIFY	EDITABLE:YES		EDITPOOL:YES	FRACTIONALPOOL:NO		CATEGORY:Special Ability		TYPE:SorcererCrossbloodline	PLURAL:Crossblooded Bloodlines		DISPLAYLOCATION:Class Abilities
ABILITYCATEGORY:Crossblooded Sorcerer		VISIBLE:NO		EDITABLE:NO			EDITPOOL:YES	FRACTIONALPOOL:NO		CATEGORY:Crossblooded Sorcerer													DISPLAYLOCATION:Class Abilities
# Ability Category					Visible		Editable or Static?	Change Pool?	Fractional values?	Category of Object			Type of Object			Plural description for UI			Display Location
ABILITYCATEGORY:Crossblooded Bloodline Power	VISIBLE:QUALIFY	EDITABLE:YES		EDITPOOL:YES	FRACTIONALPOOL:NO		CATEGORY:Crossblooded Sorcerer	TYPE:CrossbloodlineAbility	PLURAL:Crossblooded Bloodline Powers	DISPLAYLOCATION:Class Abilities
ABILITYCATEGORY:Crossblooded Bonus Spell		VISIBLE:QUALIFY	EDITABLE:YES		EDITPOOL:YES	FRACTIONALPOOL:NO		CATEGORY:Crossblooded Sorcerer	TYPE:CrossbloodedSpellChoice	PLURAL:Crossblooded Bonus Spells		DISPLAYLOCATION:Class Abilities
ABILITYCATEGORY:Crossblooded Feat			VISIBLE:QUALIFY	EDITABLE:YES		EDITPOOL:YES	FRACTIONALPOOL:NO		CATEGORY:Crossblooded Sorcerer	TYPE:CrossbloodlineFeat		PLURAL:Crossblooded Feats			DISPLAYLOCATION:Class Abilities


ABILITYCATEGORY:Magus Class Ability			VISIBLE:QUALIFY	EDITABLE:NO			EDITPOOL:NO						CATEGORY:Special Ability		TYPE:MagusClassAbility		PLURAL:Magus Class Abilities			DISPLAYLOCATION:Class Abilities



###Block: Words of Power base category
# Ability Category			Visible	Editable or Static?	Change Pool?	Fractional values?	Category of Object
ABILITYCATEGORY:Words of Power	VISIBLE:NO	EDITABLE:YES		EDITPOOL:YES	FRACTIONALPOOL:NO		CATEGORY:Words of Power

###Block: Words of Power categories
#Block: Alchemist Words
# Ability Category				Visible		Editable or Static?	Change Pool?	Fractional values?	Category of Object	Type of Object			Plural description for UI		Display Location
ABILITYCATEGORY:1st-Level Alchemist Word	VISIBLE:QUALIFY	EDITABLE:YES		EDITPOOL:YES	FRACTIONALPOOL:NO		CATEGORY:Words of Power	TYPE:Alchemist1.MetaLevel1	PLURAL:1st-Level Alchemist Words	DISPLAYLOCATION:Class Abilities
ABILITYCATEGORY:2nd-Level Alchemist Word	VISIBLE:QUALIFY	EDITABLE:YES		EDITPOOL:YES	FRACTIONALPOOL:NO		CATEGORY:Words of Power	TYPE:Alchemist2.MetaLevel2	PLURAL:2nd-Level Alchemist Words	DISPLAYLOCATION:Class Abilities
ABILITYCATEGORY:3rd-Level Alchemist Word	VISIBLE:QUALIFY	EDITABLE:YES		EDITPOOL:YES	FRACTIONALPOOL:NO		CATEGORY:Words of Power	TYPE:Alchemist3.MetaLevel3	PLURAL:3rd-Level Alchemist Words	DISPLAYLOCATION:Class Abilities
ABILITYCATEGORY:4th-Level Alchemist Word	VISIBLE:QUALIFY	EDITABLE:YES		EDITPOOL:YES	FRACTIONALPOOL:NO		CATEGORY:Words of Power	TYPE:Alchemist4.MetaLevel4	PLURAL:4th-Level Alchemist Words	DISPLAYLOCATION:Class Abilities
ABILITYCATEGORY:5th-Level Alchemist Word	VISIBLE:QUALIFY	EDITABLE:YES		EDITPOOL:YES	FRACTIONALPOOL:NO		CATEGORY:Words of Power	TYPE:Alchemist5.MetaLevel5	PLURAL:5th-Level Alchemist Words	DISPLAYLOCATION:Class Abilities
ABILITYCATEGORY:6th-Level Alchemist Word	VISIBLE:QUALIFY	EDITABLE:YES		EDITPOOL:YES	FRACTIONALPOOL:NO		CATEGORY:Words of Power	TYPE:Alchemist6.MetaLevel6	PLURAL:6th-Level Alchemist Words	DISPLAYLOCATION:Class Abilities

#Block: Bard Words
ABILITYCATEGORY:0-Level Bard Word		VISIBLE:QUALIFY	EDITABLE:YES		EDITPOOL:YES	FRACTIONALPOOL:NO		CATEGORY:Words of Power	TYPE:Bard0.MetaLevel0		PLURAL:0-Level Bard Words		DISPLAYLOCATION:Class Abilities
ABILITYCATEGORY:1st-Level Bard Word		VISIBLE:QUALIFY	EDITABLE:YES		EDITPOOL:YES	FRACTIONALPOOL:NO		CATEGORY:Words of Power	TYPE:Bard1.MetaLevel1		PLURAL:1st-Level Bard Words		DISPLAYLOCATION:Class Abilities
ABILITYCATEGORY:2nd-Level Bard Word		VISIBLE:QUALIFY	EDITABLE:YES		EDITPOOL:YES	FRACTIONALPOOL:NO		CATEGORY:Words of Power	TYPE:Bard2.MetaLevel2		PLURAL:2nd-Level Bard Words		DISPLAYLOCATION:Class Abilities
ABILITYCATEGORY:3rd-Level Bard Word		VISIBLE:QUALIFY	EDITABLE:YES		EDITPOOL:YES	FRACTIONALPOOL:NO		CATEGORY:Words of Power	TYPE:Bard3.MetaLevel3		PLURAL:3rd-Level Bard Words		DISPLAYLOCATION:Class Abilities
ABILITYCATEGORY:4th-Level Bard Word		VISIBLE:QUALIFY	EDITABLE:YES		EDITPOOL:YES	FRACTIONALPOOL:NO		CATEGORY:Words of Power	TYPE:Bard4.MetaLevel4		PLURAL:4th-Level Bard Words		DISPLAYLOCATION:Class Abilities
ABILITYCATEGORY:5th-Level Bard Word		VISIBLE:QUALIFY	EDITABLE:YES		EDITPOOL:YES	FRACTIONALPOOL:NO		CATEGORY:Words of Power	TYPE:Bard5.MetaLevel5		PLURAL:5th-Level Bard Words		DISPLAYLOCATION:Class Abilities
ABILITYCATEGORY:6th-Level Bard Word		VISIBLE:QUALIFY	EDITABLE:YES		EDITPOOL:YES	FRACTIONALPOOL:NO		CATEGORY:Words of Power	TYPE:Bard6.MetaLevel6		PLURAL:6th-Level Bard Words		DISPLAYLOCATION:Class Abilities

#Block: Cleric Words
ABILITYCATEGORY:0-Level Cleric Word		VISIBLE:QUALIFY	EDITABLE:YES		EDITPOOL:YES	FRACTIONALPOOL:NO		CATEGORY:Words of Power	TYPE:Cleric0.MetaLevel0		PLURAL:0-Level Cleric Words		DISPLAYLOCATION:Class Abilities
ABILITYCATEGORY:1st-Level Cleric Word	VISIBLE:QUALIFY	EDITABLE:YES		EDITPOOL:YES	FRACTIONALPOOL:NO		CATEGORY:Words of Power	TYPE:Cleric1.MetaLevel1		PLURAL:1st-Level Cleric Words		DISPLAYLOCATION:Class Abilities
ABILITYCATEGORY:2nd-Level Cleric Word	VISIBLE:QUALIFY	EDITABLE:YES		EDITPOOL:YES	FRACTIONALPOOL:NO		CATEGORY:Words of Power	TYPE:Cleric2.MetaLevel2		PLURAL:2nd-Level Cleric Words		DISPLAYLOCATION:Class Abilities
ABILITYCATEGORY:3rd-Level Cleric Word	VISIBLE:QUALIFY	EDITABLE:YES		EDITPOOL:YES	FRACTIONALPOOL:NO		CATEGORY:Words of Power	TYPE:Cleric3.MetaLevel3		PLURAL:3rd-Level Cleric Words		DISPLAYLOCATION:Class Abilities
ABILITYCATEGORY:4th-Level Cleric Word	VISIBLE:QUALIFY	EDITABLE:YES		EDITPOOL:YES	FRACTIONALPOOL:NO		CATEGORY:Words of Power	TYPE:Cleric4.MetaLevel4		PLURAL:4th-Level Cleric Words		DISPLAYLOCATION:Class Abilities
ABILITYCATEGORY:5th-Level Cleric Word	VISIBLE:QUALIFY	EDITABLE:YES		EDITPOOL:YES	FRACTIONALPOOL:NO		CATEGORY:Words of Power	TYPE:Cleric5.MetaLevel5		PLURAL:5th-Level Cleric Words		DISPLAYLOCATION:Class Abilities
ABILITYCATEGORY:6th-Level Cleric Word	VISIBLE:QUALIFY	EDITABLE:YES		EDITPOOL:YES	FRACTIONALPOOL:NO		CATEGORY:Words of Power	TYPE:Cleric6.MetaLevel6		PLURAL:6th-Level Cleric Words		DISPLAYLOCATION:Class Abilities
ABILITYCATEGORY:7th-Level Cleric Word	VISIBLE:QUALIFY	EDITABLE:YES		EDITPOOL:YES	FRACTIONALPOOL:NO		CATEGORY:Words of Power	TYPE:Cleric7.MetaLevel7		PLURAL:7th-Level Cleric Words		DISPLAYLOCATION:Class Abilities
ABILITYCATEGORY:8th-Level Cleric Word	VISIBLE:QUALIFY	EDITABLE:YES		EDITPOOL:YES	FRACTIONALPOOL:NO		CATEGORY:Words of Power	TYPE:Cleric8.MetaLevel8		PLURAL:8th-Level Cleric Words		DISPLAYLOCATION:Class Abilities
ABILITYCATEGORY:9th-Level Cleric Word	VISIBLE:QUALIFY	EDITABLE:YES		EDITPOOL:YES	FRACTIONALPOOL:NO		CATEGORY:Words of Power	TYPE:Cleric9.MetaLevel9		PLURAL:9th-Level Cleric Words		DISPLAYLOCATION:Class Abilities

#Block: Druid Words
ABILITYCATEGORY:0-Level Druid Word		VISIBLE:QUALIFY	EDITABLE:YES		EDITPOOL:YES	FRACTIONALPOOL:NO		CATEGORY:Words of Power	TYPE:Druid0.MetaLevel0		PLURAL:0-Level Druid Words		DISPLAYLOCATION:Class Abilities
ABILITYCATEGORY:1st-Level Druid Word	VISIBLE:QUALIFY	EDITABLE:YES		EDITPOOL:YES	FRACTIONALPOOL:NO		CATEGORY:Words of Power	TYPE:Druid1.MetaLevel1		PLURAL:1st-Level Druid Words		DISPLAYLOCATION:Class Abilities
ABILITYCATEGORY:2nd-Level Druid Word	VISIBLE:QUALIFY	EDITABLE:YES		EDITPOOL:YES	FRACTIONALPOOL:NO		CATEGORY:Words of Power	TYPE:Druid2.MetaLevel2		PLURAL:2nd-Level Druid Words		DISPLAYLOCATION:Class Abilities
ABILITYCATEGORY:3rd-Level Druid Word	VISIBLE:QUALIFY	EDITABLE:YES		EDITPOOL:YES	FRACTIONALPOOL:NO		CATEGORY:Words of Power	TYPE:Druid3.MetaLevel3		PLURAL:3rd-Level Druid Words		DISPLAYLOCATION:Class Abilities
ABILITYCATEGORY:4th-Level Druid Word	VISIBLE:QUALIFY	EDITABLE:YES		EDITPOOL:YES	FRACTIONALPOOL:NO		CATEGORY:Words of Power	TYPE:Druid4.MetaLevel4		PLURAL:4th-Level Druid Words		DISPLAYLOCATION:Class Abilities
ABILITYCATEGORY:5th-Level Druid Word	VISIBLE:QUALIFY	EDITABLE:YES		EDITPOOL:YES	FRACTIONALPOOL:NO		CATEGORY:Words of Power	TYPE:Druid5.MetaLevel5		PLURAL:5th-Level Druid Words		DISPLAYLOCATION:Class Abilities
ABILITYCATEGORY:6th-Level Druid Word	VISIBLE:QUALIFY	EDITABLE:YES		EDITPOOL:YES	FRACTIONALPOOL:NO		CATEGORY:Words of Power	TYPE:Druid6.MetaLevel6		PLURAL:6th-Level Druid Words		DISPLAYLOCATION:Class Abilities
ABILITYCATEGORY:7th-Level Druid Word	VISIBLE:QUALIFY	EDITABLE:YES		EDITPOOL:YES	FRACTIONALPOOL:NO		CATEGORY:Words of Power	TYPE:Druid7.MetaLevel7		PLURAL:7th-Level Druid Words		DISPLAYLOCATION:Class Abilities
ABILITYCATEGORY:8th-Level Druid Word	VISIBLE:QUALIFY	EDITABLE:YES		EDITPOOL:YES	FRACTIONALPOOL:NO		CATEGORY:Words of Power	TYPE:Druid8.MetaLevel8		PLURAL:8th-Level Druid Words		DISPLAYLOCATION:Class Abilities
ABILITYCATEGORY:9th-Level Druid Word	VISIBLE:QUALIFY	EDITABLE:YES		EDITPOOL:YES	FRACTIONALPOOL:NO		CATEGORY:Words of Power	TYPE:Druid9.MetaLevel9		PLURAL:9th-Level Druid Words		DISPLAYLOCATION:Class Abilities

#Block: Inquisitor Words
ABILITYCATEGORY:0-Level Inquisitor Word	VISIBLE:QUALIFY	EDITABLE:YES		EDITPOOL:YES	FRACTIONALPOOL:NO		CATEGORY:Words of Power	TYPE:Inquisitor0.MetaLevel0	PLURAL:0-Level Inquisitor Words	DISPLAYLOCATION:Class Abilities
ABILITYCATEGORY:1st-Level Inquisitor Word	VISIBLE:QUALIFY	EDITABLE:YES		EDITPOOL:YES	FRACTIONALPOOL:NO		CATEGORY:Words of Power	TYPE:Inquisitor1.MetaLevel1	PLURAL:1st-Level Inquisitor Words	DISPLAYLOCATION:Class Abilities
ABILITYCATEGORY:2nd-Level Inquisitor Word	VISIBLE:QUALIFY	EDITABLE:YES		EDITPOOL:YES	FRACTIONALPOOL:NO		CATEGORY:Words of Power	TYPE:Inquisitor2.MetaLevel2	PLURAL:2nd-Level Inquisitor Words	DISPLAYLOCATION:Class Abilities
ABILITYCATEGORY:3rd-Level Inquisitor Word	VISIBLE:QUALIFY	EDITABLE:YES		EDITPOOL:YES	FRACTIONALPOOL:NO		CATEGORY:Words of Power	TYPE:Inquisitor3.MetaLevel3	PLURAL:3rd-Level Inquisitor Words	DISPLAYLOCATION:Class Abilities
ABILITYCATEGORY:4th-Level Inquisitor Word	VISIBLE:QUALIFY	EDITABLE:YES		EDITPOOL:YES	FRACTIONALPOOL:NO		CATEGORY:Words of Power	TYPE:Inquisitor4.MetaLevel4	PLURAL:4th-Level Inquisitor Words	DISPLAYLOCATION:Class Abilities
ABILITYCATEGORY:5th-Level Inquisitor Word	VISIBLE:QUALIFY	EDITABLE:YES		EDITPOOL:YES	FRACTIONALPOOL:NO		CATEGORY:Words of Power	TYPE:Inquisitor5.MetaLevel5	PLURAL:5th-Level Inquisitor Words	DISPLAYLOCATION:Class Abilities
ABILITYCATEGORY:6th-Level Inquisitor Word	VISIBLE:QUALIFY	EDITABLE:YES		EDITPOOL:YES	FRACTIONALPOOL:NO		CATEGORY:Words of Power	TYPE:Inquisitor6.MetaLevel6	PLURAL:6th-Level Inquisitor Words	DISPLAYLOCATION:Class Abilities

#Block: Magus Words
ABILITYCATEGORY:0-Level Magus Word		VISIBLE:QUALIFY	EDITABLE:YES		EDITPOOL:YES	FRACTIONALPOOL:NO		CATEGORY:Words of Power	TYPE:Magus0.MetaLevel0		PLURAL:0-Level Magus Words		DISPLAYLOCATION:Class Abilities
ABILITYCATEGORY:1st-Level Magus Word	VISIBLE:QUALIFY	EDITABLE:YES		EDITPOOL:YES	FRACTIONALPOOL:NO		CATEGORY:Words of Power	TYPE:Magus1.MetaLevel1		PLURAL:1st-Level Magus Words		DISPLAYLOCATION:Class Abilities
ABILITYCATEGORY:2nd-Level Magus Word	VISIBLE:QUALIFY	EDITABLE:YES		EDITPOOL:YES	FRACTIONALPOOL:NO		CATEGORY:Words of Power	TYPE:Magus2.MetaLevel2		PLURAL:2nd-Level Magus Words		DISPLAYLOCATION:Class Abilities
ABILITYCATEGORY:3rd-Level Magus Word	VISIBLE:QUALIFY	EDITABLE:YES		EDITPOOL:YES	FRACTIONALPOOL:NO		CATEGORY:Words of Power	TYPE:Magus3.MetaLevel3		PLURAL:3rd-Level Magus Words		DISPLAYLOCATION:Class Abilities
ABILITYCATEGORY:4th-Level Magus Word	VISIBLE:QUALIFY	EDITABLE:YES		EDITPOOL:YES	FRACTIONALPOOL:NO		CATEGORY:Words of Power	TYPE:Magus4.MetaLevel4		PLURAL:4th-Level Magus Words		DISPLAYLOCATION:Class Abilities
ABILITYCATEGORY:5th-Level Magus Word	VISIBLE:QUALIFY	EDITABLE:YES		EDITPOOL:YES	FRACTIONALPOOL:NO		CATEGORY:Words of Power	TYPE:Magus5.MetaLevel5		PLURAL:5th-Level Magus Words		DISPLAYLOCATION:Class Abilities
ABILITYCATEGORY:6th-Level Magus Word	VISIBLE:QUALIFY	EDITABLE:YES		EDITPOOL:YES	FRACTIONALPOOL:NO		CATEGORY:Words of Power	TYPE:Magus6.MetaLevel6		PLURAL:6th-Level Magus Words		DISPLAYLOCATION:Class Abilities

#Block: Oracle Words
ABILITYCATEGORY:0-Level Oracle Word		VISIBLE:QUALIFY	EDITABLE:YES		EDITPOOL:YES	FRACTIONALPOOL:NO		CATEGORY:Words of Power	TYPE:Oracle0.MetaLevel0		PLURAL:0-Level Oracle Words		DISPLAYLOCATION:Class Abilities
ABILITYCATEGORY:1st-Level Oracle Word	VISIBLE:QUALIFY	EDITABLE:YES		EDITPOOL:YES	FRACTIONALPOOL:NO		CATEGORY:Words of Power	TYPE:Oracle1.MetaLevel1		PLURAL:1st-Level Oracle Words		DISPLAYLOCATION:Class Abilities
ABILITYCATEGORY:2nd-Level Oracle Word	VISIBLE:QUALIFY	EDITABLE:YES		EDITPOOL:YES	FRACTIONALPOOL:NO		CATEGORY:Words of Power	TYPE:Oracle2.MetaLevel2		PLURAL:2nd-Level Oracle Words		DISPLAYLOCATION:Class Abilities
ABILITYCATEGORY:3rd-Level Oracle Word	VISIBLE:QUALIFY	EDITABLE:YES		EDITPOOL:YES	FRACTIONALPOOL:NO		CATEGORY:Words of Power	TYPE:Oracle3.MetaLevel3		PLURAL:3rd-Level Oracle Words		DISPLAYLOCATION:Class Abilities
ABILITYCATEGORY:4th-Level Oracle Word	VISIBLE:QUALIFY	EDITABLE:YES		EDITPOOL:YES	FRACTIONALPOOL:NO		CATEGORY:Words of Power	TYPE:Oracle4.MetaLevel4		PLURAL:4th-Level Oracle Words		DISPLAYLOCATION:Class Abilities
ABILITYCATEGORY:5th-Level Oracle Word	VISIBLE:QUALIFY	EDITABLE:YES		EDITPOOL:YES	FRACTIONALPOOL:NO		CATEGORY:Words of Power	TYPE:Oracle5.MetaLevel5		PLURAL:5th-Level Oracle Words		DISPLAYLOCATION:Class Abilities
ABILITYCATEGORY:6th-Level Oracle Word	VISIBLE:QUALIFY	EDITABLE:YES		EDITPOOL:YES	FRACTIONALPOOL:NO		CATEGORY:Words of Power	TYPE:Oracle6.MetaLevel6		PLURAL:6th-Level Oracle Words		DISPLAYLOCATION:Class Abilities
ABILITYCATEGORY:7th-Level Oracle Word	VISIBLE:QUALIFY	EDITABLE:YES		EDITPOOL:YES	FRACTIONALPOOL:NO		CATEGORY:Words of Power	TYPE:Oracle7.MetaLevel7		PLURAL:7th-Level Oracle Words		DISPLAYLOCATION:Class Abilities
ABILITYCATEGORY:8th-Level Oracle Word	VISIBLE:QUALIFY	EDITABLE:YES		EDITPOOL:YES	FRACTIONALPOOL:NO		CATEGORY:Words of Power	TYPE:Oracle8.MetaLevel8		PLURAL:8th-Level Oracle Words		DISPLAYLOCATION:Class Abilities
ABILITYCATEGORY:9th-Level Oracle Word	VISIBLE:QUALIFY	EDITABLE:YES		EDITPOOL:YES	FRACTIONALPOOL:NO		CATEGORY:Words of Power	TYPE:Oracle9.MetaLevel9		PLURAL:9th-Level Oracle Words		DISPLAYLOCATION:Class Abilities

#Block: Paladin Words
ABILITYCATEGORY:1st-Level Paladin Word	VISIBLE:QUALIFY	EDITABLE:YES		EDITPOOL:YES	FRACTIONALPOOL:NO		CATEGORY:Words of Power	TYPE:Paladin1.MetaLevel1	PLURAL:1st-Level Paladin Words	DISPLAYLOCATION:Class Abilities
ABILITYCATEGORY:2nd-Level Paladin Word	VISIBLE:QUALIFY	EDITABLE:YES		EDITPOOL:YES	FRACTIONALPOOL:NO		CATEGORY:Words of Power	TYPE:Paladin2.MetaLevel2	PLURAL:2nd-Level Paladin Words	DISPLAYLOCATION:Class Abilities
ABILITYCATEGORY:3rd-Level Paladin Word	VISIBLE:QUALIFY	EDITABLE:YES		EDITPOOL:YES	FRACTIONALPOOL:NO		CATEGORY:Words of Power	TYPE:Paladin3.MetaLevel3	PLURAL:3rd-Level Paladin Words	DISPLAYLOCATION:Class Abilities
ABILITYCATEGORY:4th-Level Paladin Word	VISIBLE:QUALIFY	EDITABLE:YES		EDITPOOL:YES	FRACTIONALPOOL:NO		CATEGORY:Words of Power	TYPE:Paladin4.MetaLevel4	PLURAL:4th-Level Paladin Words	DISPLAYLOCATION:Class Abilities

#Block: Ranger Words
ABILITYCATEGORY:1st-Level Ranger Word	VISIBLE:QUALIFY	EDITABLE:YES		EDITPOOL:YES	FRACTIONALPOOL:NO		CATEGORY:Words of Power	TYPE:Ranger1.MetaLevel1		PLURAL:1st-Level Ranger Words		DISPLAYLOCATION:Class Abilities
ABILITYCATEGORY:2nd-Level Ranger Word	VISIBLE:QUALIFY	EDITABLE:YES		EDITPOOL:YES	FRACTIONALPOOL:NO		CATEGORY:Words of Power	TYPE:Ranger2.MetaLevel2		PLURAL:2nd-Level Ranger Words		DISPLAYLOCATION:Class Abilities
ABILITYCATEGORY:3rd-Level Ranger Word	VISIBLE:QUALIFY	EDITABLE:YES		EDITPOOL:YES	FRACTIONALPOOL:NO		CATEGORY:Words of Power	TYPE:Ranger3.MetaLevel3		PLURAL:3rd-Level Ranger Words		DISPLAYLOCATION:Class Abilities
ABILITYCATEGORY:4th-Level Ranger Word	VISIBLE:QUALIFY	EDITABLE:YES		EDITPOOL:YES	FRACTIONALPOOL:NO		CATEGORY:Words of Power	TYPE:Ranger4.MetaLevel4		PLURAL:4th-Level Ranger Words		DISPLAYLOCATION:Class Abilities

#Block: Sorcerer Words
ABILITYCATEGORY:0-Level Sorcerer Word	VISIBLE:QUALIFY	EDITABLE:YES		EDITPOOL:YES	FRACTIONALPOOL:NO		CATEGORY:Words of Power	TYPE:Sorcerer0.MetaLevel0	PLURAL:0-Level Sorcerer Words		DISPLAYLOCATION:Class Abilities
ABILITYCATEGORY:1st-Level Sorcerer Word	VISIBLE:QUALIFY	EDITABLE:YES		EDITPOOL:YES	FRACTIONALPOOL:NO		CATEGORY:Words of Power	TYPE:Sorcerer1.MetaLevel1	PLURAL:1st-Level Sorcerer Words	DISPLAYLOCATION:Class Abilities
ABILITYCATEGORY:2nd-Level Sorcerer Word	VISIBLE:QUALIFY	EDITABLE:YES		EDITPOOL:YES	FRACTIONALPOOL:NO		CATEGORY:Words of Power	TYPE:Sorcerer2.MetaLevel2	PLURAL:2nd-Level Sorcerer Words	DISPLAYLOCATION:Class Abilities
ABILITYCATEGORY:3rd-Level Sorcerer Word	VISIBLE:QUALIFY	EDITABLE:YES		EDITPOOL:YES	FRACTIONALPOOL:NO		CATEGORY:Words of Power	TYPE:Sorcerer3.MetaLevel3	PLURAL:3rd-Level Sorcerer Words	DISPLAYLOCATION:Class Abilities
ABILITYCATEGORY:4th-Level Sorcerer Word	VISIBLE:QUALIFY	EDITABLE:YES		EDITPOOL:YES	FRACTIONALPOOL:NO		CATEGORY:Words of Power	TYPE:Sorcerer4.MetaLevel4	PLURAL:4th-Level Sorcerer Words	DISPLAYLOCATION:Class Abilities
ABILITYCATEGORY:5th-Level Sorcerer Word	VISIBLE:QUALIFY	EDITABLE:YES		EDITPOOL:YES	FRACTIONALPOOL:NO		CATEGORY:Words of Power	TYPE:Sorcerer5.MetaLevel5	PLURAL:5th-Level Sorcerer Words	DISPLAYLOCATION:Class Abilities
ABILITYCATEGORY:6th-Level Sorcerer Word	VISIBLE:QUALIFY	EDITABLE:YES		EDITPOOL:YES	FRACTIONALPOOL:NO		CATEGORY:Words of Power	TYPE:Sorcerer6.MetaLevel6	PLURAL:6th-Level Sorcerer Words	DISPLAYLOCATION:Class Abilities
ABILITYCATEGORY:7th-Level Sorcerer Word	VISIBLE:QUALIFY	EDITABLE:YES		EDITPOOL:YES	FRACTIONALPOOL:NO		CATEGORY:Words of Power	TYPE:Sorcerer7.MetaLevel7	PLURAL:7th-Level Sorcerer Words	DISPLAYLOCATION:Class Abilities
ABILITYCATEGORY:8th-Level Sorcerer Word	VISIBLE:QUALIFY	EDITABLE:YES		EDITPOOL:YES	FRACTIONALPOOL:NO		CATEGORY:Words of Power	TYPE:Sorcerer8.MetaLevel8	PLURAL:8th-Level Sorcerer Words	DISPLAYLOCATION:Class Abilities
ABILITYCATEGORY:9th-Level Sorcerer Word	VISIBLE:QUALIFY	EDITABLE:YES		EDITPOOL:YES	FRACTIONALPOOL:NO		CATEGORY:Words of Power	TYPE:Sorcerer9.MetaLevel9	PLURAL:9th-Level Sorcerer Words	DISPLAYLOCATION:Class Abilities

#Block: Summoner Words
ABILITYCATEGORY:0-Level Summoner Word	VISIBLE:QUALIFY	EDITABLE:YES		EDITPOOL:YES	FRACTIONALPOOL:NO		CATEGORY:Words of Power	TYPE:Summoner0.MetaLevel0	PLURAL:0-Level Summoner Words		DISPLAYLOCATION:Class Abilities
ABILITYCATEGORY:1st-Level Summoner Word	VISIBLE:QUALIFY	EDITABLE:YES		EDITPOOL:YES	FRACTIONALPOOL:NO		CATEGORY:Words of Power	TYPE:Summoner1.MetaLevel1	PLURAL:1st-Level Summoner Words	DISPLAYLOCATION:Class Abilities
ABILITYCATEGORY:2nd-Level Summoner Word	VISIBLE:QUALIFY	EDITABLE:YES		EDITPOOL:YES	FRACTIONALPOOL:NO		CATEGORY:Words of Power	TYPE:Summoner2.MetaLevel2	PLURAL:2nd-Level Summoner Words	DISPLAYLOCATION:Class Abilities
ABILITYCATEGORY:3rd-Level Summoner Word	VISIBLE:QUALIFY	EDITABLE:YES		EDITPOOL:YES	FRACTIONALPOOL:NO		CATEGORY:Words of Power	TYPE:Summoner3.MetaLevel3	PLURAL:3rd-Level Summoner Words	DISPLAYLOCATION:Class Abilities
ABILITYCATEGORY:4th-Level Summoner Word	VISIBLE:QUALIFY	EDITABLE:YES		EDITPOOL:YES	FRACTIONALPOOL:NO		CATEGORY:Words of Power	TYPE:Summoner4.MetaLevel4	PLURAL:4th-Level Summoner Words	DISPLAYLOCATION:Class Abilities
ABILITYCATEGORY:5th-Level Summoner Word	VISIBLE:QUALIFY	EDITABLE:YES		EDITPOOL:YES	FRACTIONALPOOL:NO		CATEGORY:Words of Power	TYPE:Summoner5.MetaLevel5	PLURAL:5th-Level Summoner Words	DISPLAYLOCATION:Class Abilities
ABILITYCATEGORY:6th-Level Summoner Word	VISIBLE:QUALIFY	EDITABLE:YES		EDITPOOL:YES	FRACTIONALPOOL:NO		CATEGORY:Words of Power	TYPE:Summoner6.MetaLevel6	PLURAL:6th-Level Summoner Words	DISPLAYLOCATION:Class Abilities

#Block: Witch Words
ABILITYCATEGORY:0-Level Witch Word		VISIBLE:QUALIFY	EDITABLE:YES		EDITPOOL:YES	FRACTIONALPOOL:NO		CATEGORY:Words of Power	TYPE:Witch0.MetaLevel0		PLURAL:0-Level Witch Words		DISPLAYLOCATION:Class Abilities
ABILITYCATEGORY:1st-Level Witch Word	VISIBLE:QUALIFY	EDITABLE:YES		EDITPOOL:YES	FRACTIONALPOOL:NO		CATEGORY:Words of Power	TYPE:Witch1.MetaLevel1		PLURAL:1st-Level Witch Words		DISPLAYLOCATION:Class Abilities
ABILITYCATEGORY:2nd-Level Witch Word	VISIBLE:QUALIFY	EDITABLE:YES		EDITPOOL:YES	FRACTIONALPOOL:NO		CATEGORY:Words of Power	TYPE:Witch2.MetaLevel2		PLURAL:2nd-Level Witch Words		DISPLAYLOCATION:Class Abilities
ABILITYCATEGORY:3rd-Level Witch Word	VISIBLE:QUALIFY	EDITABLE:YES		EDITPOOL:YES	FRACTIONALPOOL:NO		CATEGORY:Words of Power	TYPE:Witch3.MetaLevel3		PLURAL:3rd-Level Witch Words		DISPLAYLOCATION:Class Abilities
ABILITYCATEGORY:4th-Level Witch Word	VISIBLE:QUALIFY	EDITABLE:YES		EDITPOOL:YES	FRACTIONALPOOL:NO		CATEGORY:Words of Power	TYPE:Witch4.MetaLevel4		PLURAL:4th-Level Witch Words		DISPLAYLOCATION:Class Abilities
ABILITYCATEGORY:5th-Level Witch Word	VISIBLE:QUALIFY	EDITABLE:YES		EDITPOOL:YES	FRACTIONALPOOL:NO		CATEGORY:Words of Power	TYPE:Witch5.MetaLevel5		PLURAL:5th-Level Witch Words		DISPLAYLOCATION:Class Abilities
ABILITYCATEGORY:6th-Level Witch Word	VISIBLE:QUALIFY	EDITABLE:YES		EDITPOOL:YES	FRACTIONALPOOL:NO		CATEGORY:Words of Power	TYPE:Witch6.MetaLevel6		PLURAL:6th-Level Witch Words		DISPLAYLOCATION:Class Abilities
ABILITYCATEGORY:7th-Level Witch Word	VISIBLE:QUALIFY	EDITABLE:YES		EDITPOOL:YES	FRACTIONALPOOL:NO		CATEGORY:Words of Power	TYPE:Witch7.MetaLevel7		PLURAL:7th-Level Witch Words		DISPLAYLOCATION:Class Abilities
ABILITYCATEGORY:8th-Level Witch Word	VISIBLE:QUALIFY	EDITABLE:YES		EDITPOOL:YES	FRACTIONALPOOL:NO		CATEGORY:Words of Power	TYPE:Witch8.MetaLevel8		PLURAL:8th-Level Witch Words		DISPLAYLOCATION:Class Abilities
ABILITYCATEGORY:9th-Level Witch Word	VISIBLE:QUALIFY	EDITABLE:YES		EDITPOOL:YES	FRACTIONALPOOL:NO		CATEGORY:Words of Power	TYPE:Witch9.MetaLevel9		PLURAL:9th-Level Witch Words		DISPLAYLOCATION:Class Abilities

#Block: Wizard Words
ABILITYCATEGORY:0-Level Wizard Word		VISIBLE:QUALIFY	EDITABLE:YES		EDITPOOL:YES	FRACTIONALPOOL:NO		CATEGORY:Words of Power	TYPE:Wizard0.MetaLevel0		PLURAL:0-Level Wizard Words		DISPLAYLOCATION:Class Abilities
ABILITYCATEGORY:1st-Level Wizard Word	VISIBLE:QUALIFY	EDITABLE:YES		EDITPOOL:YES	FRACTIONALPOOL:NO		CATEGORY:Words of Power	TYPE:Wizard1.MetaLevel1		PLURAL:1st-Level Wizard Words		DISPLAYLOCATION:Class Abilities
ABILITYCATEGORY:2nd-Level Wizard Word	VISIBLE:QUALIFY	EDITABLE:YES		EDITPOOL:YES	FRACTIONALPOOL:NO		CATEGORY:Words of Power	TYPE:Wizard2.MetaLevel2		PLURAL:2nd-Level Wizard Words		DISPLAYLOCATION:Class Abilities
ABILITYCATEGORY:3rd-Level Wizard Word	VISIBLE:QUALIFY	EDITABLE:YES		EDITPOOL:YES	FRACTIONALPOOL:NO		CATEGORY:Words of Power	TYPE:Wizard3.MetaLevel3		PLURAL:3rd-Level Wizard Words		DISPLAYLOCATION:Class Abilities
ABILITYCATEGORY:4th-Level Wizard Word	VISIBLE:QUALIFY	EDITABLE:YES		EDITPOOL:YES	FRACTIONALPOOL:NO		CATEGORY:Words of Power	TYPE:Wizard4.MetaLevel4		PLURAL:4th-Level Wizard Words		DISPLAYLOCATION:Class Abilities
ABILITYCATEGORY:5th-Level Wizard Word	VISIBLE:QUALIFY	EDITABLE:YES		EDITPOOL:YES	FRACTIONALPOOL:NO		CATEGORY:Words of Power	TYPE:Wizard5.MetaLevel5		PLURAL:5th-Level Wizard Words		DISPLAYLOCATION:Class Abilities
ABILITYCATEGORY:6th-Level Wizard Word	VISIBLE:QUALIFY	EDITABLE:YES		EDITPOOL:YES	FRACTIONALPOOL:NO		CATEGORY:Words of Power	TYPE:Wizard6.MetaLevel6		PLURAL:6th-Level Wizard Words		DISPLAYLOCATION:Class Abilities
ABILITYCATEGORY:7th-Level Wizard Word	VISIBLE:QUALIFY	EDITABLE:YES		EDITPOOL:YES	FRACTIONALPOOL:NO		CATEGORY:Words of Power	TYPE:Wizard7.MetaLevel7		PLURAL:7th-Level Wizard Words		DISPLAYLOCATION:Class Abilities
ABILITYCATEGORY:8th-Level Wizard Word	VISIBLE:QUALIFY	EDITABLE:YES		EDITPOOL:YES	FRACTIONALPOOL:NO		CATEGORY:Words of Power	TYPE:Wizard8.MetaLevel8		PLURAL:8th-Level Wizard Words		DISPLAYLOCATION:Class Abilities
ABILITYCATEGORY:9th-Level Wizard Word	VISIBLE:QUALIFY	EDITABLE:YES		EDITPOOL:YES	FRACTIONALPOOL:NO		CATEGORY:Words of Power	TYPE:Wizard9.MetaLevel9		PLURAL:9th-Level Wizard Words		DISPLAYLOCATION:Class Abilities

#Block: Extra Words from feats
ABILITYCATEGORY:Extra Word			VISIBLE:QUALIFY	EDITABLE:YES		EDITPOOL:YES	FRACTIONALPOOL:NO		CATEGORY:Words of Power	TYPE:ExtraWord			PLURAL:Extra Words			DISPLAYLOCATION:Class Abilities

