# CVS $Revision: $ $Author: $ -- Fri Jun 17 21:51:56 2016 -- reformated by PCGen PrettyLST v6.06.00
# Eidolon Evolution Bonus from Extra Evolution feat
# Class of the Master		Type			Define																									Bonus Ability Pool				Modify VAR
FOLLOWER:FamiliarEP=1		TYPE:Familiar	DEFINE:MasterLevel|0	DEFINE:EidMaxAttacks|0	DEFINE:EidUsedAttacks|0	DEFINE:EidArms|0	DEFINE:EidArmsUsed|0	DEFINE:EidLegs|0	DEFINE:EidLegsUsed|0	BONUS:ABILITYPOOL|Eidolon Evolution|1	BONUS:VAR|EidMaxAttacks|8
FOLLOWER:FamiliarEP=2		TYPE:Familiar																											BONUS:ABILITYPOOL|Eidolon Evolution|1
FOLLOWER:FamiliarEP=3		TYPE:Familiar																											BONUS:ABILITYPOOL|Eidolon Evolution|1
FOLLOWER:FamiliarEP=4		TYPE:Familiar																											BONUS:ABILITYPOOL|Eidolon Evolution|1
FOLLOWER:FamiliarEP=5		TYPE:Familiar																											BONUS:ABILITYPOOL|Eidolon Evolution|1
FOLLOWER:FamiliarEP=6		TYPE:Familiar																											BONUS:ABILITYPOOL|Eidolon Evolution|1
FOLLOWER:FamiliarEP=7		TYPE:Familiar																											BONUS:ABILITYPOOL|Eidolon Evolution|1
FOLLOWER:FamiliarEP=8		TYPE:Familiar																											BONUS:ABILITYPOOL|Eidolon Evolution|1
FOLLOWER:FamiliarEP=9		TYPE:Familiar																											BONUS:ABILITYPOOL|Eidolon Evolution|1

###Block:Pack Members for Druid Pack Lord archetype
# Class of the Master		Type				Hit Dice	Ability																													Define							Bonus Ability Pool					Stat bonus			Modify VAR															Main Race Type
FOLLOWER:PackMember1LVL=1	TYPE:Pack Member 1			ABILITY:Special Ability|AUTOMATIC|Animal Tricks and Training	ABILITY:Special Ability|AUTOMATIC|Companion ~ Link	ABILITY:Special Ability|AUTOMATIC|Companion ~ Share Spells	DEFINE:MasterLevel|0	DEFINE:BonusTricks|0													BONUS:VAR|MasterLevel|1	BONUS:VAR|BonusTricks|1									RACETYPE:Animal
FOLLOWER:PackMember1LVL=2	TYPE:Pack Member 1	HD:1																																																				BONUS:VAR|MasterLevel|1
FOLLOWER:PackMember1LVL=3	TYPE:Pack Member 1			ABILITY:Special Ability|AUTOMATIC|Companion ~ Evasion																																						BONUS:STAT|STR,DEX|1	BONUS:VAR|AC_Natural_Armor|2|TYPE=Base.STACK	BONUS:VAR|MasterLevel|1	BONUS:VAR|BonusTricks|1
FOLLOWER:PackMember1LVL=4	TYPE:Pack Member 1	HD:1																																								BONUS:ABILITYPOOL|Companion Stat Increase|1					BONUS:VAR|MasterLevel|1
FOLLOWER:PackMember1LVL=5	TYPE:Pack Member 1	HD:1																																																				BONUS:VAR|MasterLevel|1
FOLLOWER:PackMember1LVL=6	TYPE:Pack Member 1	HD:1		ABILITY:Special Ability|AUTOMATIC|Companion ~ Devotion																																					BONUS:STAT|STR,DEX|1	BONUS:VAR|AC_Natural_Armor|2|TYPE=Base.STACK	BONUS:VAR|MasterLevel|1	BONUS:VAR|BonusTricks|1
FOLLOWER:PackMember1LVL=7	TYPE:Pack Member 1																																																					BONUS:VAR|MasterLevel|1
FOLLOWER:PackMember1LVL=8	TYPE:Pack Member 1	HD:1																																																				BONUS:VAR|MasterLevel|1
FOLLOWER:PackMember1LVL=9	TYPE:Pack Member 1	HD:1		ABILITY:Special Ability|AUTOMATIC|Companion ~ Multiattack																													BONUS:ABILITYPOOL|Companion Stat Increase|1	BONUS:STAT|STR,DEX|1	BONUS:VAR|AC_Natural_Armor|2|TYPE=Base.STACK	BONUS:VAR|MasterLevel|1	BONUS:VAR|BonusTricks|1
FOLLOWER:PackMember1LVL=10	TYPE:Pack Member 1	HD:1																																																				BONUS:VAR|MasterLevel|1
FOLLOWER:PackMember1LVL=11	TYPE:Pack Member 1																																																					BONUS:VAR|MasterLevel|1
FOLLOWER:PackMember1LVL=12	TYPE:Pack Member 1	HD:1																																																BONUS:STAT|STR,DEX|1	BONUS:VAR|AC_Natural_Armor|2|TYPE=Base.STACK	BONUS:VAR|MasterLevel|1	BONUS:VAR|BonusTricks|1
FOLLOWER:PackMember1LVL=13	TYPE:Pack Member 1	HD:1																																																				BONUS:VAR|MasterLevel|1
FOLLOWER:PackMember1LVL=14	TYPE:Pack Member 1	HD:1																																								BONUS:ABILITYPOOL|Companion Stat Increase|1					BONUS:VAR|MasterLevel|1
FOLLOWER:PackMember1LVL=15	TYPE:Pack Member 1																																																	BONUS:STAT|STR,DEX|1	BONUS:VAR|AC_Natural_Armor|2|TYPE=Base.STACK	BONUS:VAR|MasterLevel|1	BONUS:VAR|BonusTricks|1
FOLLOWER:PackMember1LVL=16	TYPE:Pack Member 1	HD:1		ABILITY:Special Ability|AUTOMATIC|Companion ~ Improved Evasion																																								BONUS:VAR|MasterLevel|1
FOLLOWER:PackMember1LVL=17	TYPE:Pack Member 1	HD:1																																																				BONUS:VAR|MasterLevel|1
FOLLOWER:PackMember1LVL=18	TYPE:Pack Member 1	HD:1																																																BONUS:STAT|STR,DEX|1	BONUS:VAR|AC_Natural_Armor|2|TYPE=Base.STACK	BONUS:VAR|MasterLevel|1	BONUS:VAR|BonusTricks|1
FOLLOWER:PackMember1LVL=19	TYPE:Pack Member 1																																																					BONUS:VAR|MasterLevel|1
FOLLOWER:PackMember1LVL=20	TYPE:Pack Member 1	HD:1																																								BONUS:ABILITYPOOL|Companion Stat Increase|1					BONUS:VAR|MasterLevel|1

FOLLOWER:PackMember2LVL=1	TYPE:Pack Member 2			ABILITY:Special Ability|AUTOMATIC|Animal Tricks and Training	ABILITY:Special Ability|AUTOMATIC|Companion ~ Link	ABILITY:Special Ability|AUTOMATIC|Companion ~ Share Spells	DEFINE:MasterLevel|0	DEFINE:BonusTricks|0													BONUS:VAR|MasterLevel|1	BONUS:VAR|BonusTricks|1									RACETYPE:Animal
FOLLOWER:PackMember2LVL=2	TYPE:Pack Member 2	HD:1																																																				BONUS:VAR|MasterLevel|1
FOLLOWER:PackMember2LVL=3	TYPE:Pack Member 2			ABILITY:Special Ability|AUTOMATIC|Companion ~ Evasion																																						BONUS:STAT|STR,DEX|1	BONUS:VAR|AC_Natural_Armor|2|TYPE=Base.STACK	BONUS:VAR|MasterLevel|1	BONUS:VAR|BonusTricks|1
FOLLOWER:PackMember2LVL=4	TYPE:Pack Member 2	HD:1																																								BONUS:ABILITYPOOL|Companion Stat Increase|1					BONUS:VAR|MasterLevel|1
FOLLOWER:PackMember2LVL=5	TYPE:Pack Member 2	HD:1																																																				BONUS:VAR|MasterLevel|1
FOLLOWER:PackMember2LVL=6	TYPE:Pack Member 2	HD:1		ABILITY:Special Ability|AUTOMATIC|Companion ~ Devotion																																					BONUS:STAT|STR,DEX|1	BONUS:VAR|AC_Natural_Armor|2|TYPE=Base.STACK	BONUS:VAR|MasterLevel|1	BONUS:VAR|BonusTricks|1
FOLLOWER:PackMember2LVL=7	TYPE:Pack Member 2																																																					BONUS:VAR|MasterLevel|1
FOLLOWER:PackMember2LVL=8	TYPE:Pack Member 2	HD:1																																																				BONUS:VAR|MasterLevel|1
FOLLOWER:PackMember2LVL=9	TYPE:Pack Member 2	HD:1		ABILITY:Special Ability|AUTOMATIC|Companion ~ Multiattack																													BONUS:ABILITYPOOL|Companion Stat Increase|1	BONUS:STAT|STR,DEX|1	BONUS:VAR|AC_Natural_Armor|2|TYPE=Base.STACK	BONUS:VAR|MasterLevel|1	BONUS:VAR|BonusTricks|1
FOLLOWER:PackMember2LVL=10	TYPE:Pack Member 2	HD:1																																																				BONUS:VAR|MasterLevel|1
FOLLOWER:PackMember2LVL=11	TYPE:Pack Member 2																																																					BONUS:VAR|MasterLevel|1
FOLLOWER:PackMember2LVL=12	TYPE:Pack Member 2	HD:1																																																BONUS:STAT|STR,DEX|1	BONUS:VAR|AC_Natural_Armor|2|TYPE=Base.STACK	BONUS:VAR|MasterLevel|1	BONUS:VAR|BonusTricks|1
FOLLOWER:PackMember2LVL=13	TYPE:Pack Member 2	HD:1																																																				BONUS:VAR|MasterLevel|1
FOLLOWER:PackMember2LVL=14	TYPE:Pack Member 2	HD:1																																								BONUS:ABILITYPOOL|Companion Stat Increase|1					BONUS:VAR|MasterLevel|1
FOLLOWER:PackMember2LVL=15	TYPE:Pack Member 2																																																	BONUS:STAT|STR,DEX|1	BONUS:VAR|AC_Natural_Armor|2|TYPE=Base.STACK	BONUS:VAR|MasterLevel|1	BONUS:VAR|BonusTricks|1
FOLLOWER:PackMember2LVL=16	TYPE:Pack Member 2	HD:1		ABILITY:Special Ability|AUTOMATIC|Companion ~ Improved Evasion																																								BONUS:VAR|MasterLevel|1
FOLLOWER:PackMember2LVL=17	TYPE:Pack Member 2	HD:1																																																				BONUS:VAR|MasterLevel|1
FOLLOWER:PackMember2LVL=18	TYPE:Pack Member 2	HD:1																																																BONUS:STAT|STR,DEX|1	BONUS:VAR|AC_Natural_Armor|2|TYPE=Base.STACK	BONUS:VAR|MasterLevel|1	BONUS:VAR|BonusTricks|1
FOLLOWER:PackMember2LVL=19	TYPE:Pack Member 2																																																					BONUS:VAR|MasterLevel|1
FOLLOWER:PackMember2LVL=20	TYPE:Pack Member 2	HD:1																																								BONUS:ABILITYPOOL|Companion Stat Increase|1					BONUS:VAR|MasterLevel|1

FOLLOWER:PackMember3LVL=1	TYPE:Pack Member 3			ABILITY:Special Ability|AUTOMATIC|Animal Tricks and Training	ABILITY:Special Ability|AUTOMATIC|Companion ~ Link	ABILITY:Special Ability|AUTOMATIC|Companion ~ Share Spells	DEFINE:MasterLevel|0	DEFINE:BonusTricks|0													BONUS:VAR|MasterLevel|1	BONUS:VAR|BonusTricks|1									RACETYPE:Animal
FOLLOWER:PackMember3LVL=2	TYPE:Pack Member 3	HD:1																																																				BONUS:VAR|MasterLevel|1
FOLLOWER:PackMember3LVL=3	TYPE:Pack Member 3			ABILITY:Special Ability|AUTOMATIC|Companion ~ Evasion																																						BONUS:STAT|STR,DEX|1	BONUS:VAR|AC_Natural_Armor|2|TYPE=Base.STACK	BONUS:VAR|MasterLevel|1	BONUS:VAR|BonusTricks|1
FOLLOWER:PackMember3LVL=4	TYPE:Pack Member 3	HD:1																																								BONUS:ABILITYPOOL|Companion Stat Increase|1					BONUS:VAR|MasterLevel|1
FOLLOWER:PackMember3LVL=5	TYPE:Pack Member 3	HD:1																																																				BONUS:VAR|MasterLevel|1
FOLLOWER:PackMember3LVL=6	TYPE:Pack Member 3	HD:1		ABILITY:Special Ability|AUTOMATIC|Companion ~ Devotion																																					BONUS:STAT|STR,DEX|1	BONUS:VAR|AC_Natural_Armor|2|TYPE=Base.STACK	BONUS:VAR|MasterLevel|1	BONUS:VAR|BonusTricks|1
FOLLOWER:PackMember3LVL=7	TYPE:Pack Member 3																																																					BONUS:VAR|MasterLevel|1
FOLLOWER:PackMember3LVL=8	TYPE:Pack Member 3	HD:1																																																				BONUS:VAR|MasterLevel|1
FOLLOWER:PackMember3LVL=9	TYPE:Pack Member 3	HD:1		ABILITY:Special Ability|AUTOMATIC|Companion ~ Multiattack																													BONUS:ABILITYPOOL|Companion Stat Increase|1	BONUS:STAT|STR,DEX|1	BONUS:VAR|AC_Natural_Armor|2|TYPE=Base.STACK	BONUS:VAR|MasterLevel|1	BONUS:VAR|BonusTricks|1
FOLLOWER:PackMember3LVL=10	TYPE:Pack Member 3	HD:1																																																				BONUS:VAR|MasterLevel|1
FOLLOWER:PackMember3LVL=11	TYPE:Pack Member 3																																																					BONUS:VAR|MasterLevel|1
FOLLOWER:PackMember3LVL=12	TYPE:Pack Member 3	HD:1																																																BONUS:STAT|STR,DEX|1	BONUS:VAR|AC_Natural_Armor|2|TYPE=Base.STACK	BONUS:VAR|MasterLevel|1	BONUS:VAR|BonusTricks|1
FOLLOWER:PackMember3LVL=13	TYPE:Pack Member 3	HD:1																																																				BONUS:VAR|MasterLevel|1
FOLLOWER:PackMember3LVL=14	TYPE:Pack Member 3	HD:1																																								BONUS:ABILITYPOOL|Companion Stat Increase|1					BONUS:VAR|MasterLevel|1
FOLLOWER:PackMember3LVL=15	TYPE:Pack Member 3																																																	BONUS:STAT|STR,DEX|1	BONUS:VAR|AC_Natural_Armor|2|TYPE=Base.STACK	BONUS:VAR|MasterLevel|1	BONUS:VAR|BonusTricks|1
FOLLOWER:PackMember3LVL=16	TYPE:Pack Member 3	HD:1		ABILITY:Special Ability|AUTOMATIC|Companion ~ Improved Evasion																																								BONUS:VAR|MasterLevel|1
FOLLOWER:PackMember3LVL=17	TYPE:Pack Member 3	HD:1																																																				BONUS:VAR|MasterLevel|1
FOLLOWER:PackMember3LVL=18	TYPE:Pack Member 3	HD:1																																																BONUS:STAT|STR,DEX|1	BONUS:VAR|AC_Natural_Armor|2|TYPE=Base.STACK	BONUS:VAR|MasterLevel|1	BONUS:VAR|BonusTricks|1
FOLLOWER:PackMember3LVL=19	TYPE:Pack Member 3																																																					BONUS:VAR|MasterLevel|1
FOLLOWER:PackMember3LVL=20	TYPE:Pack Member 3	HD:1																																								BONUS:ABILITYPOOL|Companion Stat Increase|1					BONUS:VAR|MasterLevel|1

FOLLOWER:PackMember4LVL=1	TYPE:Pack Member 4			ABILITY:Special Ability|AUTOMATIC|Animal Tricks and Training	ABILITY:Special Ability|AUTOMATIC|Companion ~ Link	ABILITY:Special Ability|AUTOMATIC|Companion ~ Share Spells	DEFINE:MasterLevel|0	DEFINE:BonusTricks|0													BONUS:VAR|MasterLevel|1	BONUS:VAR|BonusTricks|1									RACETYPE:Animal
FOLLOWER:PackMember4LVL=2	TYPE:Pack Member 4	HD:1																																																				BONUS:VAR|MasterLevel|1
FOLLOWER:PackMember4LVL=3	TYPE:Pack Member 4			ABILITY:Special Ability|AUTOMATIC|Companion ~ Evasion																																						BONUS:STAT|STR,DEX|1	BONUS:VAR|AC_Natural_Armor|2|TYPE=Base.STACK	BONUS:VAR|MasterLevel|1	BONUS:VAR|BonusTricks|1
FOLLOWER:PackMember4LVL=4	TYPE:Pack Member 4	HD:1																																								BONUS:ABILITYPOOL|Companion Stat Increase|1					BONUS:VAR|MasterLevel|1
FOLLOWER:PackMember4LVL=5	TYPE:Pack Member 4	HD:1																																																				BONUS:VAR|MasterLevel|1
FOLLOWER:PackMember4LVL=6	TYPE:Pack Member 4	HD:1		ABILITY:Special Ability|AUTOMATIC|Companion ~ Devotion																																					BONUS:STAT|STR,DEX|1	BONUS:VAR|AC_Natural_Armor|2|TYPE=Base.STACK	BONUS:VAR|MasterLevel|1	BONUS:VAR|BonusTricks|1
FOLLOWER:PackMember4LVL=7	TYPE:Pack Member 4																																																					BONUS:VAR|MasterLevel|1
FOLLOWER:PackMember4LVL=8	TYPE:Pack Member 4	HD:1																																																				BONUS:VAR|MasterLevel|1
FOLLOWER:PackMember4LVL=9	TYPE:Pack Member 4	HD:1		ABILITY:Special Ability|AUTOMATIC|Companion ~ Multiattack																													BONUS:ABILITYPOOL|Companion Stat Increase|1	BONUS:STAT|STR,DEX|1	BONUS:VAR|AC_Natural_Armor|2|TYPE=Base.STACK	BONUS:VAR|MasterLevel|1	BONUS:VAR|BonusTricks|1
FOLLOWER:PackMember4LVL=10	TYPE:Pack Member 4	HD:1																																																				BONUS:VAR|MasterLevel|1
FOLLOWER:PackMember4LVL=11	TYPE:Pack Member 4																																																					BONUS:VAR|MasterLevel|1
FOLLOWER:PackMember4LVL=12	TYPE:Pack Member 4	HD:1																																																BONUS:STAT|STR,DEX|1	BONUS:VAR|AC_Natural_Armor|2|TYPE=Base.STACK	BONUS:VAR|MasterLevel|1	BONUS:VAR|BonusTricks|1
FOLLOWER:PackMember4LVL=13	TYPE:Pack Member 4	HD:1																																																				BONUS:VAR|MasterLevel|1
FOLLOWER:PackMember4LVL=14	TYPE:Pack Member 4	HD:1																																								BONUS:ABILITYPOOL|Companion Stat Increase|1					BONUS:VAR|MasterLevel|1
FOLLOWER:PackMember4LVL=15	TYPE:Pack Member 4																																																	BONUS:STAT|STR,DEX|1	BONUS:VAR|AC_Natural_Armor|2|TYPE=Base.STACK	BONUS:VAR|MasterLevel|1	BONUS:VAR|BonusTricks|1
FOLLOWER:PackMember4LVL=16	TYPE:Pack Member 4	HD:1		ABILITY:Special Ability|AUTOMATIC|Companion ~ Improved Evasion																																								BONUS:VAR|MasterLevel|1
FOLLOWER:PackMember4LVL=17	TYPE:Pack Member 4	HD:1																																																				BONUS:VAR|MasterLevel|1
FOLLOWER:PackMember4LVL=18	TYPE:Pack Member 4	HD:1																																																BONUS:STAT|STR,DEX|1	BONUS:VAR|AC_Natural_Armor|2|TYPE=Base.STACK	BONUS:VAR|MasterLevel|1	BONUS:VAR|BonusTricks|1
FOLLOWER:PackMember4LVL=19	TYPE:Pack Member 4																																																					BONUS:VAR|MasterLevel|1
FOLLOWER:PackMember4LVL=20	TYPE:Pack Member 4	HD:1																																								BONUS:ABILITYPOOL|Companion Stat Increase|1					BONUS:VAR|MasterLevel|1

FOLLOWER:PackMember5LVL=1	TYPE:Pack Member 5			ABILITY:Special Ability|AUTOMATIC|Animal Tricks and Training	ABILITY:Special Ability|AUTOMATIC|Companion ~ Link	ABILITY:Special Ability|AUTOMATIC|Companion ~ Share Spells	DEFINE:MasterLevel|0	DEFINE:BonusTricks|0													BONUS:VAR|MasterLevel|1	BONUS:VAR|BonusTricks|1									RACETYPE:Animal
FOLLOWER:PackMember5LVL=2	TYPE:Pack Member 5	HD:1																																																				BONUS:VAR|MasterLevel|1
FOLLOWER:PackMember5LVL=3	TYPE:Pack Member 5			ABILITY:Special Ability|AUTOMATIC|Companion ~ Evasion																																						BONUS:STAT|STR,DEX|1	BONUS:VAR|AC_Natural_Armor|2|TYPE=Base.STACK	BONUS:VAR|MasterLevel|1	BONUS:VAR|BonusTricks|1
FOLLOWER:PackMember5LVL=4	TYPE:Pack Member 5	HD:1																																								BONUS:ABILITYPOOL|Companion Stat Increase|1					BONUS:VAR|MasterLevel|1
FOLLOWER:PackMember5LVL=5	TYPE:Pack Member 5	HD:1																																																				BONUS:VAR|MasterLevel|1
FOLLOWER:PackMember5LVL=6	TYPE:Pack Member 5	HD:1		ABILITY:Special Ability|AUTOMATIC|Companion ~ Devotion																																					BONUS:STAT|STR,DEX|1	BONUS:VAR|AC_Natural_Armor|2|TYPE=Base.STACK	BONUS:VAR|MasterLevel|1	BONUS:VAR|BonusTricks|1
FOLLOWER:PackMember5LVL=7	TYPE:Pack Member 5																																																					BONUS:VAR|MasterLevel|1
FOLLOWER:PackMember5LVL=8	TYPE:Pack Member 5	HD:1																																																				BONUS:VAR|MasterLevel|1
FOLLOWER:PackMember5LVL=9	TYPE:Pack Member 5	HD:1		ABILITY:Special Ability|AUTOMATIC|Companion ~ Multiattack																													BONUS:ABILITYPOOL|Companion Stat Increase|1	BONUS:STAT|STR,DEX|1	BONUS:VAR|AC_Natural_Armor|2|TYPE=Base.STACK	BONUS:VAR|MasterLevel|1	BONUS:VAR|BonusTricks|1
FOLLOWER:PackMember5LVL=10	TYPE:Pack Member 5	HD:1																																																				BONUS:VAR|MasterLevel|1
FOLLOWER:PackMember5LVL=11	TYPE:Pack Member 5																																																					BONUS:VAR|MasterLevel|1
FOLLOWER:PackMember5LVL=12	TYPE:Pack Member 5	HD:1																																																BONUS:STAT|STR,DEX|1	BONUS:VAR|AC_Natural_Armor|2|TYPE=Base.STACK	BONUS:VAR|MasterLevel|1	BONUS:VAR|BonusTricks|1
FOLLOWER:PackMember5LVL=13	TYPE:Pack Member 5	HD:1																																																				BONUS:VAR|MasterLevel|1
FOLLOWER:PackMember5LVL=14	TYPE:Pack Member 5	HD:1																																								BONUS:ABILITYPOOL|Companion Stat Increase|1					BONUS:VAR|MasterLevel|1
FOLLOWER:PackMember5LVL=15	TYPE:Pack Member 5																																																	BONUS:STAT|STR,DEX|1	BONUS:VAR|AC_Natural_Armor|2|TYPE=Base.STACK	BONUS:VAR|MasterLevel|1	BONUS:VAR|BonusTricks|1
FOLLOWER:PackMember5LVL=16	TYPE:Pack Member 5	HD:1		ABILITY:Special Ability|AUTOMATIC|Companion ~ Improved Evasion																																								BONUS:VAR|MasterLevel|1
FOLLOWER:PackMember5LVL=17	TYPE:Pack Member 5	HD:1																																																				BONUS:VAR|MasterLevel|1
FOLLOWER:PackMember5LVL=18	TYPE:Pack Member 5	HD:1																																																BONUS:STAT|STR,DEX|1	BONUS:VAR|AC_Natural_Armor|2|TYPE=Base.STACK	BONUS:VAR|MasterLevel|1	BONUS:VAR|BonusTricks|1
FOLLOWER:PackMember5LVL=19	TYPE:Pack Member 5																																																					BONUS:VAR|MasterLevel|1
FOLLOWER:PackMember5LVL=20	TYPE:Pack Member 5	HD:1																																								BONUS:ABILITYPOOL|Companion Stat Increase|1					BONUS:VAR|MasterLevel|1

FOLLOWER:PackMember6LVL=1	TYPE:Pack Member 6			ABILITY:Special Ability|AUTOMATIC|Animal Tricks and Training	ABILITY:Special Ability|AUTOMATIC|Companion ~ Link	ABILITY:Special Ability|AUTOMATIC|Companion ~ Share Spells	DEFINE:MasterLevel|0	DEFINE:BonusTricks|0													BONUS:VAR|MasterLevel|1	BONUS:VAR|BonusTricks|1									RACETYPE:Animal
FOLLOWER:PackMember6LVL=2	TYPE:Pack Member 6	HD:1																																																				BONUS:VAR|MasterLevel|1
FOLLOWER:PackMember6LVL=3	TYPE:Pack Member 6			ABILITY:Special Ability|AUTOMATIC|Companion ~ Evasion																																						BONUS:STAT|STR,DEX|1	BONUS:VAR|AC_Natural_Armor|2|TYPE=Base.STACK	BONUS:VAR|MasterLevel|1	BONUS:VAR|BonusTricks|1
FOLLOWER:PackMember6LVL=4	TYPE:Pack Member 6	HD:1																																								BONUS:ABILITYPOOL|Companion Stat Increase|1					BONUS:VAR|MasterLevel|1
FOLLOWER:PackMember6LVL=5	TYPE:Pack Member 6	HD:1																																																				BONUS:VAR|MasterLevel|1
FOLLOWER:PackMember6LVL=6	TYPE:Pack Member 6	HD:1		ABILITY:Special Ability|AUTOMATIC|Companion ~ Devotion																																					BONUS:STAT|STR,DEX|1	BONUS:VAR|AC_Natural_Armor|2|TYPE=Base.STACK	BONUS:VAR|MasterLevel|1	BONUS:VAR|BonusTricks|1
FOLLOWER:PackMember6LVL=7	TYPE:Pack Member 6																																																					BONUS:VAR|MasterLevel|1
FOLLOWER:PackMember6LVL=8	TYPE:Pack Member 6	HD:1																																																				BONUS:VAR|MasterLevel|1
FOLLOWER:PackMember6LVL=9	TYPE:Pack Member 6	HD:1		ABILITY:Special Ability|AUTOMATIC|Companion ~ Multiattack																													BONUS:ABILITYPOOL|Companion Stat Increase|1	BONUS:STAT|STR,DEX|1	BONUS:VAR|AC_Natural_Armor|2|TYPE=Base.STACK	BONUS:VAR|MasterLevel|1	BONUS:VAR|BonusTricks|1
FOLLOWER:PackMember6LVL=10	TYPE:Pack Member 6	HD:1																																																				BONUS:VAR|MasterLevel|1
FOLLOWER:PackMember6LVL=11	TYPE:Pack Member 6																																																					BONUS:VAR|MasterLevel|1
FOLLOWER:PackMember6LVL=12	TYPE:Pack Member 6	HD:1																																																BONUS:STAT|STR,DEX|1	BONUS:VAR|AC_Natural_Armor|2|TYPE=Base.STACK	BONUS:VAR|MasterLevel|1	BONUS:VAR|BonusTricks|1
FOLLOWER:PackMember6LVL=13	TYPE:Pack Member 6	HD:1																																																				BONUS:VAR|MasterLevel|1
FOLLOWER:PackMember6LVL=14	TYPE:Pack Member 6	HD:1																																								BONUS:ABILITYPOOL|Companion Stat Increase|1					BONUS:VAR|MasterLevel|1
FOLLOWER:PackMember6LVL=15	TYPE:Pack Member 6																																																	BONUS:STAT|STR,DEX|1	BONUS:VAR|AC_Natural_Armor|2|TYPE=Base.STACK	BONUS:VAR|MasterLevel|1	BONUS:VAR|BonusTricks|1
FOLLOWER:PackMember6LVL=16	TYPE:Pack Member 6	HD:1		ABILITY:Special Ability|AUTOMATIC|Companion ~ Improved Evasion																																								BONUS:VAR|MasterLevel|1
FOLLOWER:PackMember6LVL=17	TYPE:Pack Member 6	HD:1																																																				BONUS:VAR|MasterLevel|1
FOLLOWER:PackMember6LVL=18	TYPE:Pack Member 6	HD:1																																																BONUS:STAT|STR,DEX|1	BONUS:VAR|AC_Natural_Armor|2|TYPE=Base.STACK	BONUS:VAR|MasterLevel|1	BONUS:VAR|BonusTricks|1
FOLLOWER:PackMember6LVL=19	TYPE:Pack Member 6																																																					BONUS:VAR|MasterLevel|1
FOLLOWER:PackMember6LVL=20	TYPE:Pack Member 6	HD:1																																								BONUS:ABILITYPOOL|Companion Stat Increase|1					BONUS:VAR|MasterLevel|1

FOLLOWER:PackMember7LVL=1	TYPE:Pack Member 7			ABILITY:Special Ability|AUTOMATIC|Animal Tricks and Training	ABILITY:Special Ability|AUTOMATIC|Companion ~ Link	ABILITY:Special Ability|AUTOMATIC|Companion ~ Share Spells	DEFINE:MasterLevel|0	DEFINE:BonusTricks|0													BONUS:VAR|MasterLevel|1	BONUS:VAR|BonusTricks|1									RACETYPE:Animal
FOLLOWER:PackMember7LVL=2	TYPE:Pack Member 7	HD:1																																																				BONUS:VAR|MasterLevel|1
FOLLOWER:PackMember7LVL=3	TYPE:Pack Member 7			ABILITY:Special Ability|AUTOMATIC|Companion ~ Evasion																																						BONUS:STAT|STR,DEX|1	BONUS:VAR|AC_Natural_Armor|2|TYPE=Base.STACK	BONUS:VAR|MasterLevel|1	BONUS:VAR|BonusTricks|1
FOLLOWER:PackMember7LVL=4	TYPE:Pack Member 7	HD:1																																								BONUS:ABILITYPOOL|Companion Stat Increase|1					BONUS:VAR|MasterLevel|1
FOLLOWER:PackMember7LVL=5	TYPE:Pack Member 7	HD:1																																																				BONUS:VAR|MasterLevel|1
FOLLOWER:PackMember7LVL=6	TYPE:Pack Member 7	HD:1		ABILITY:Special Ability|AUTOMATIC|Companion ~ Devotion																																					BONUS:STAT|STR,DEX|1	BONUS:VAR|AC_Natural_Armor|2|TYPE=Base.STACK	BONUS:VAR|MasterLevel|1	BONUS:VAR|BonusTricks|1
FOLLOWER:PackMember7LVL=7	TYPE:Pack Member 7																																																					BONUS:VAR|MasterLevel|1
FOLLOWER:PackMember7LVL=8	TYPE:Pack Member 7	HD:1																																																				BONUS:VAR|MasterLevel|1
FOLLOWER:PackMember7LVL=9	TYPE:Pack Member 7	HD:1		ABILITY:Special Ability|AUTOMATIC|Companion ~ Multiattack																													BONUS:ABILITYPOOL|Companion Stat Increase|1	BONUS:STAT|STR,DEX|1	BONUS:VAR|AC_Natural_Armor|2|TYPE=Base.STACK	BONUS:VAR|MasterLevel|1	BONUS:VAR|BonusTricks|1
FOLLOWER:PackMember7LVL=10	TYPE:Pack Member 7	HD:1																																																				BONUS:VAR|MasterLevel|1
FOLLOWER:PackMember7LVL=11	TYPE:Pack Member 7																																																					BONUS:VAR|MasterLevel|1
FOLLOWER:PackMember7LVL=12	TYPE:Pack Member 7	HD:1																																																BONUS:STAT|STR,DEX|1	BONUS:VAR|AC_Natural_Armor|2|TYPE=Base.STACK	BONUS:VAR|MasterLevel|1	BONUS:VAR|BonusTricks|1
FOLLOWER:PackMember7LVL=13	TYPE:Pack Member 7	HD:1																																																				BONUS:VAR|MasterLevel|1
FOLLOWER:PackMember7LVL=14	TYPE:Pack Member 7	HD:1																																								BONUS:ABILITYPOOL|Companion Stat Increase|1					BONUS:VAR|MasterLevel|1
FOLLOWER:PackMember7LVL=15	TYPE:Pack Member 7																																																	BONUS:STAT|STR,DEX|1	BONUS:VAR|AC_Natural_Armor|2|TYPE=Base.STACK	BONUS:VAR|MasterLevel|1	BONUS:VAR|BonusTricks|1
FOLLOWER:PackMember7LVL=16	TYPE:Pack Member 7	HD:1		ABILITY:Special Ability|AUTOMATIC|Companion ~ Improved Evasion																																								BONUS:VAR|MasterLevel|1
FOLLOWER:PackMember7LVL=17	TYPE:Pack Member 7	HD:1																																																				BONUS:VAR|MasterLevel|1
FOLLOWER:PackMember7LVL=18	TYPE:Pack Member 7	HD:1																																																BONUS:STAT|STR,DEX|1	BONUS:VAR|AC_Natural_Armor|2|TYPE=Base.STACK	BONUS:VAR|MasterLevel|1	BONUS:VAR|BonusTricks|1
FOLLOWER:PackMember7LVL=19	TYPE:Pack Member 7																																																					BONUS:VAR|MasterLevel|1
FOLLOWER:PackMember7LVL=20	TYPE:Pack Member 7	HD:1																																								BONUS:ABILITYPOOL|Companion Stat Increase|1					BONUS:VAR|MasterLevel|1

FOLLOWER:PackMember8LVL=1	TYPE:Pack Member 8			ABILITY:Special Ability|AUTOMATIC|Animal Tricks and Training	ABILITY:Special Ability|AUTOMATIC|Companion ~ Link	ABILITY:Special Ability|AUTOMATIC|Companion ~ Share Spells	DEFINE:MasterLevel|0	DEFINE:BonusTricks|0													BONUS:VAR|MasterLevel|1	BONUS:VAR|BonusTricks|1									RACETYPE:Animal
FOLLOWER:PackMember8LVL=2	TYPE:Pack Member 8	HD:1																																																				BONUS:VAR|MasterLevel|1
FOLLOWER:PackMember8LVL=3	TYPE:Pack Member 8			ABILITY:Special Ability|AUTOMATIC|Companion ~ Evasion																																						BONUS:STAT|STR,DEX|1	BONUS:VAR|AC_Natural_Armor|2|TYPE=Base.STACK	BONUS:VAR|MasterLevel|1	BONUS:VAR|BonusTricks|1
FOLLOWER:PackMember8LVL=4	TYPE:Pack Member 8	HD:1																																								BONUS:ABILITYPOOL|Companion Stat Increase|1					BONUS:VAR|MasterLevel|1
FOLLOWER:PackMember8LVL=5	TYPE:Pack Member 8	HD:1																																																				BONUS:VAR|MasterLevel|1
FOLLOWER:PackMember8LVL=6	TYPE:Pack Member 8	HD:1		ABILITY:Special Ability|AUTOMATIC|Companion ~ Devotion																																					BONUS:STAT|STR,DEX|1	BONUS:VAR|AC_Natural_Armor|2|TYPE=Base.STACK	BONUS:VAR|MasterLevel|1	BONUS:VAR|BonusTricks|1
FOLLOWER:PackMember8LVL=7	TYPE:Pack Member 8																																																					BONUS:VAR|MasterLevel|1
FOLLOWER:PackMember8LVL=8	TYPE:Pack Member 8	HD:1																																																				BONUS:VAR|MasterLevel|1
FOLLOWER:PackMember8LVL=9	TYPE:Pack Member 8	HD:1		ABILITY:Special Ability|AUTOMATIC|Companion ~ Multiattack																													BONUS:ABILITYPOOL|Companion Stat Increase|1	BONUS:STAT|STR,DEX|1	BONUS:VAR|AC_Natural_Armor|2|TYPE=Base.STACK	BONUS:VAR|MasterLevel|1	BONUS:VAR|BonusTricks|1
FOLLOWER:PackMember8LVL=10	TYPE:Pack Member 8	HD:1																																																				BONUS:VAR|MasterLevel|1
FOLLOWER:PackMember8LVL=11	TYPE:Pack Member 8																																																					BONUS:VAR|MasterLevel|1
FOLLOWER:PackMember8LVL=12	TYPE:Pack Member 8	HD:1																																																BONUS:STAT|STR,DEX|1	BONUS:VAR|AC_Natural_Armor|2|TYPE=Base.STACK	BONUS:VAR|MasterLevel|1	BONUS:VAR|BonusTricks|1
FOLLOWER:PackMember8LVL=13	TYPE:Pack Member 8	HD:1																																																				BONUS:VAR|MasterLevel|1
FOLLOWER:PackMember8LVL=14	TYPE:Pack Member 8	HD:1																																								BONUS:ABILITYPOOL|Companion Stat Increase|1					BONUS:VAR|MasterLevel|1
FOLLOWER:PackMember8LVL=15	TYPE:Pack Member 8																																																	BONUS:STAT|STR,DEX|1	BONUS:VAR|AC_Natural_Armor|2|TYPE=Base.STACK	BONUS:VAR|MasterLevel|1	BONUS:VAR|BonusTricks|1
FOLLOWER:PackMember8LVL=16	TYPE:Pack Member 8	HD:1		ABILITY:Special Ability|AUTOMATIC|Companion ~ Improved Evasion																																								BONUS:VAR|MasterLevel|1
FOLLOWER:PackMember8LVL=17	TYPE:Pack Member 8	HD:1																																																				BONUS:VAR|MasterLevel|1
FOLLOWER:PackMember8LVL=18	TYPE:Pack Member 8	HD:1																																																BONUS:STAT|STR,DEX|1	BONUS:VAR|AC_Natural_Armor|2|TYPE=Base.STACK	BONUS:VAR|MasterLevel|1	BONUS:VAR|BonusTricks|1
FOLLOWER:PackMember8LVL=19	TYPE:Pack Member 8																																																					BONUS:VAR|MasterLevel|1
FOLLOWER:PackMember8LVL=20	TYPE:Pack Member 8	HD:1																																								BONUS:ABILITYPOOL|Companion Stat Increase|1					BONUS:VAR|MasterLevel|1

FOLLOWER:PackMember9LVL=1	TYPE:Pack Member 9			ABILITY:Special Ability|AUTOMATIC|Animal Tricks and Training	ABILITY:Special Ability|AUTOMATIC|Companion ~ Link	ABILITY:Special Ability|AUTOMATIC|Companion ~ Share Spells	DEFINE:MasterLevel|0	DEFINE:BonusTricks|0													BONUS:VAR|MasterLevel|1	BONUS:VAR|BonusTricks|1									RACETYPE:Animal
FOLLOWER:PackMember9LVL=2	TYPE:Pack Member 9	HD:1																																																				BONUS:VAR|MasterLevel|1
FOLLOWER:PackMember9LVL=3	TYPE:Pack Member 9			ABILITY:Special Ability|AUTOMATIC|Companion ~ Evasion																																						BONUS:STAT|STR,DEX|1	BONUS:VAR|AC_Natural_Armor|2|TYPE=Base.STACK	BONUS:VAR|MasterLevel|1	BONUS:VAR|BonusTricks|1
FOLLOWER:PackMember9LVL=4	TYPE:Pack Member 9	HD:1																																								BONUS:ABILITYPOOL|Companion Stat Increase|1					BONUS:VAR|MasterLevel|1
FOLLOWER:PackMember9LVL=5	TYPE:Pack Member 9	HD:1																																																				BONUS:VAR|MasterLevel|1
FOLLOWER:PackMember9LVL=6	TYPE:Pack Member 9	HD:1		ABILITY:Special Ability|AUTOMATIC|Companion ~ Devotion																																					BONUS:STAT|STR,DEX|1	BONUS:VAR|AC_Natural_Armor|2|TYPE=Base.STACK	BONUS:VAR|MasterLevel|1	BONUS:VAR|BonusTricks|1
FOLLOWER:PackMember9LVL=7	TYPE:Pack Member 9																																																					BONUS:VAR|MasterLevel|1
FOLLOWER:PackMember9LVL=8	TYPE:Pack Member 9	HD:1																																																				BONUS:VAR|MasterLevel|1
FOLLOWER:PackMember9LVL=9	TYPE:Pack Member 9	HD:1		ABILITY:Special Ability|AUTOMATIC|Companion ~ Multiattack																													BONUS:ABILITYPOOL|Companion Stat Increase|1	BONUS:STAT|STR,DEX|1	BONUS:VAR|AC_Natural_Armor|2|TYPE=Base.STACK	BONUS:VAR|MasterLevel|1	BONUS:VAR|BonusTricks|1
FOLLOWER:PackMember9LVL=10	TYPE:Pack Member 9	HD:1																																																				BONUS:VAR|MasterLevel|1
FOLLOWER:PackMember9LVL=11	TYPE:Pack Member 9																																																					BONUS:VAR|MasterLevel|1
FOLLOWER:PackMember9LVL=12	TYPE:Pack Member 9	HD:1																																																BONUS:STAT|STR,DEX|1	BONUS:VAR|AC_Natural_Armor|2|TYPE=Base.STACK	BONUS:VAR|MasterLevel|1	BONUS:VAR|BonusTricks|1
FOLLOWER:PackMember9LVL=13	TYPE:Pack Member 9	HD:1																																																				BONUS:VAR|MasterLevel|1
FOLLOWER:PackMember9LVL=14	TYPE:Pack Member 9	HD:1																																								BONUS:ABILITYPOOL|Companion Stat Increase|1					BONUS:VAR|MasterLevel|1
FOLLOWER:PackMember9LVL=15	TYPE:Pack Member 9																																																	BONUS:STAT|STR,DEX|1	BONUS:VAR|AC_Natural_Armor|2|TYPE=Base.STACK	BONUS:VAR|MasterLevel|1	BONUS:VAR|BonusTricks|1
FOLLOWER:PackMember9LVL=16	TYPE:Pack Member 9	HD:1		ABILITY:Special Ability|AUTOMATIC|Companion ~ Improved Evasion																																								BONUS:VAR|MasterLevel|1
FOLLOWER:PackMember9LVL=17	TYPE:Pack Member 9	HD:1																																																				BONUS:VAR|MasterLevel|1
FOLLOWER:PackMember9LVL=18	TYPE:Pack Member 9	HD:1																																																BONUS:STAT|STR,DEX|1	BONUS:VAR|AC_Natural_Armor|2|TYPE=Base.STACK	BONUS:VAR|MasterLevel|1	BONUS:VAR|BonusTricks|1
FOLLOWER:PackMember9LVL=19	TYPE:Pack Member 9																																																					BONUS:VAR|MasterLevel|1
FOLLOWER:PackMember9LVL=20	TYPE:Pack Member 9	HD:1																																								BONUS:ABILITYPOOL|Companion Stat Increase|1					BONUS:VAR|MasterLevel|1

FOLLOWER:PackMember10LVL=1	TYPE:Pack Member 10			ABILITY:Special Ability|AUTOMATIC|Animal Tricks and Training	ABILITY:Special Ability|AUTOMATIC|Companion ~ Link	ABILITY:Special Ability|AUTOMATIC|Companion ~ Share Spells	DEFINE:MasterLevel|0	DEFINE:BonusTricks|0													BONUS:VAR|MasterLevel|1	BONUS:VAR|BonusTricks|1									RACETYPE:Animal
FOLLOWER:PackMember10LVL=2	TYPE:Pack Member 10	HD:1																																																				BONUS:VAR|MasterLevel|1
FOLLOWER:PackMember10LVL=3	TYPE:Pack Member 10			ABILITY:Special Ability|AUTOMATIC|Companion ~ Evasion																																						BONUS:STAT|STR,DEX|1	BONUS:VAR|AC_Natural_Armor|2|TYPE=Base.STACK	BONUS:VAR|MasterLevel|1	BONUS:VAR|BonusTricks|1
FOLLOWER:PackMember10LVL=4	TYPE:Pack Member 10	HD:1																																								BONUS:ABILITYPOOL|Companion Stat Increase|1					BONUS:VAR|MasterLevel|1
FOLLOWER:PackMember10LVL=5	TYPE:Pack Member 10	HD:1																																																				BONUS:VAR|MasterLevel|1
FOLLOWER:PackMember10LVL=6	TYPE:Pack Member 10	HD:1		ABILITY:Special Ability|AUTOMATIC|Companion ~ Devotion																																					BONUS:STAT|STR,DEX|1	BONUS:VAR|AC_Natural_Armor|2|TYPE=Base.STACK	BONUS:VAR|MasterLevel|1	BONUS:VAR|BonusTricks|1
FOLLOWER:PackMember10LVL=7	TYPE:Pack Member 10																																																					BONUS:VAR|MasterLevel|1
FOLLOWER:PackMember10LVL=8	TYPE:Pack Member 10	HD:1																																																				BONUS:VAR|MasterLevel|1
FOLLOWER:PackMember10LVL=9	TYPE:Pack Member 10	HD:1		ABILITY:Special Ability|AUTOMATIC|Companion ~ Multiattack																													BONUS:ABILITYPOOL|Companion Stat Increase|1	BONUS:STAT|STR,DEX|1	BONUS:VAR|AC_Natural_Armor|2|TYPE=Base.STACK	BONUS:VAR|MasterLevel|1	BONUS:VAR|BonusTricks|1
FOLLOWER:PackMember10LVL=10	TYPE:Pack Member 10	HD:1																																																				BONUS:VAR|MasterLevel|1
FOLLOWER:PackMember10LVL=11	TYPE:Pack Member 10																																																					BONUS:VAR|MasterLevel|1
FOLLOWER:PackMember10LVL=12	TYPE:Pack Member 10	HD:1																																																BONUS:STAT|STR,DEX|1	BONUS:VAR|AC_Natural_Armor|2|TYPE=Base.STACK	BONUS:VAR|MasterLevel|1	BONUS:VAR|BonusTricks|1
FOLLOWER:PackMember10LVL=13	TYPE:Pack Member 10	HD:1																																																				BONUS:VAR|MasterLevel|1
FOLLOWER:PackMember10LVL=14	TYPE:Pack Member 10	HD:1																																								BONUS:ABILITYPOOL|Companion Stat Increase|1					BONUS:VAR|MasterLevel|1
FOLLOWER:PackMember10LVL=15	TYPE:Pack Member 10																																																	BONUS:STAT|STR,DEX|1	BONUS:VAR|AC_Natural_Armor|2|TYPE=Base.STACK	BONUS:VAR|MasterLevel|1	BONUS:VAR|BonusTricks|1
FOLLOWER:PackMember10LVL=16	TYPE:Pack Member 10	HD:1		ABILITY:Special Ability|AUTOMATIC|Companion ~ Improved Evasion																																								BONUS:VAR|MasterLevel|1
FOLLOWER:PackMember10LVL=17	TYPE:Pack Member 10	HD:1																																																				BONUS:VAR|MasterLevel|1
FOLLOWER:PackMember10LVL=18	TYPE:Pack Member 10	HD:1																																																BONUS:STAT|STR,DEX|1	BONUS:VAR|AC_Natural_Armor|2|TYPE=Base.STACK	BONUS:VAR|MasterLevel|1	BONUS:VAR|BonusTricks|1
FOLLOWER:PackMember10LVL=19	TYPE:Pack Member 10																																																					BONUS:VAR|MasterLevel|1
FOLLOWER:PackMember10LVL=20	TYPE:Pack Member 10	HD:1																																								BONUS:ABILITYPOOL|Companion Stat Increase|1					BONUS:VAR|MasterLevel|1

FOLLOWER:PackMember11LVL=1	TYPE:Pack Member 11			ABILITY:Special Ability|AUTOMATIC|Animal Tricks and Training	ABILITY:Special Ability|AUTOMATIC|Companion ~ Link	ABILITY:Special Ability|AUTOMATIC|Companion ~ Share Spells	DEFINE:MasterLevel|0	DEFINE:BonusTricks|0													BONUS:VAR|MasterLevel|1	BONUS:VAR|BonusTricks|1									RACETYPE:Animal
FOLLOWER:PackMember11LVL=2	TYPE:Pack Member 11	HD:1																																																				BONUS:VAR|MasterLevel|1
FOLLOWER:PackMember11LVL=3	TYPE:Pack Member 11			ABILITY:Special Ability|AUTOMATIC|Companion ~ Evasion																																						BONUS:STAT|STR,DEX|1	BONUS:VAR|AC_Natural_Armor|2|TYPE=Base.STACK	BONUS:VAR|MasterLevel|1	BONUS:VAR|BonusTricks|1
FOLLOWER:PackMember11LVL=4	TYPE:Pack Member 11	HD:1																																								BONUS:ABILITYPOOL|Companion Stat Increase|1					BONUS:VAR|MasterLevel|1
FOLLOWER:PackMember11LVL=5	TYPE:Pack Member 11	HD:1																																																				BONUS:VAR|MasterLevel|1
FOLLOWER:PackMember11LVL=6	TYPE:Pack Member 11	HD:1		ABILITY:Special Ability|AUTOMATIC|Companion ~ Devotion																																					BONUS:STAT|STR,DEX|1	BONUS:VAR|AC_Natural_Armor|2|TYPE=Base.STACK	BONUS:VAR|MasterLevel|1	BONUS:VAR|BonusTricks|1
FOLLOWER:PackMember11LVL=7	TYPE:Pack Member 11																																																					BONUS:VAR|MasterLevel|1
FOLLOWER:PackMember11LVL=8	TYPE:Pack Member 11	HD:1																																																				BONUS:VAR|MasterLevel|1
FOLLOWER:PackMember11LVL=9	TYPE:Pack Member 11	HD:1		ABILITY:Special Ability|AUTOMATIC|Companion ~ Multiattack																													BONUS:ABILITYPOOL|Companion Stat Increase|1	BONUS:STAT|STR,DEX|1	BONUS:VAR|AC_Natural_Armor|2|TYPE=Base.STACK	BONUS:VAR|MasterLevel|1	BONUS:VAR|BonusTricks|1
FOLLOWER:PackMember11LVL=10	TYPE:Pack Member 11	HD:1																																																				BONUS:VAR|MasterLevel|1
FOLLOWER:PackMember11LVL=11	TYPE:Pack Member 11																																																					BONUS:VAR|MasterLevel|1
FOLLOWER:PackMember11LVL=12	TYPE:Pack Member 11	HD:1																																																BONUS:STAT|STR,DEX|1	BONUS:VAR|AC_Natural_Armor|2|TYPE=Base.STACK	BONUS:VAR|MasterLevel|1	BONUS:VAR|BonusTricks|1
FOLLOWER:PackMember11LVL=13	TYPE:Pack Member 11	HD:1																																																				BONUS:VAR|MasterLevel|1
FOLLOWER:PackMember11LVL=14	TYPE:Pack Member 11	HD:1																																								BONUS:ABILITYPOOL|Companion Stat Increase|1					BONUS:VAR|MasterLevel|1
FOLLOWER:PackMember11LVL=15	TYPE:Pack Member 11																																																	BONUS:STAT|STR,DEX|1	BONUS:VAR|AC_Natural_Armor|2|TYPE=Base.STACK	BONUS:VAR|MasterLevel|1	BONUS:VAR|BonusTricks|1
FOLLOWER:PackMember11LVL=16	TYPE:Pack Member 11	HD:1		ABILITY:Special Ability|AUTOMATIC|Companion ~ Improved Evasion																																								BONUS:VAR|MasterLevel|1
FOLLOWER:PackMember11LVL=17	TYPE:Pack Member 11	HD:1																																																				BONUS:VAR|MasterLevel|1
FOLLOWER:PackMember11LVL=18	TYPE:Pack Member 11	HD:1																																																BONUS:STAT|STR,DEX|1	BONUS:VAR|AC_Natural_Armor|2|TYPE=Base.STACK	BONUS:VAR|MasterLevel|1	BONUS:VAR|BonusTricks|1
FOLLOWER:PackMember11LVL=19	TYPE:Pack Member 11																																																					BONUS:VAR|MasterLevel|1
FOLLOWER:PackMember11LVL=20	TYPE:Pack Member 11	HD:1																																								BONUS:ABILITYPOOL|Companion Stat Increase|1					BONUS:VAR|MasterLevel|1

FOLLOWER:PackMember12LVL=1	TYPE:Pack Member 12			ABILITY:Special Ability|AUTOMATIC|Animal Tricks and Training	ABILITY:Special Ability|AUTOMATIC|Companion ~ Link	ABILITY:Special Ability|AUTOMATIC|Companion ~ Share Spells	DEFINE:MasterLevel|0	DEFINE:BonusTricks|0													BONUS:VAR|MasterLevel|1	BONUS:VAR|BonusTricks|1									RACETYPE:Animal
FOLLOWER:PackMember12LVL=2	TYPE:Pack Member 12	HD:1																																																				BONUS:VAR|MasterLevel|1
FOLLOWER:PackMember12LVL=3	TYPE:Pack Member 12			ABILITY:Special Ability|AUTOMATIC|Companion ~ Evasion																																						BONUS:STAT|STR,DEX|1	BONUS:VAR|AC_Natural_Armor|2|TYPE=Base.STACK	BONUS:VAR|MasterLevel|1	BONUS:VAR|BonusTricks|1
FOLLOWER:PackMember12LVL=4	TYPE:Pack Member 12	HD:1																																								BONUS:ABILITYPOOL|Companion Stat Increase|1					BONUS:VAR|MasterLevel|1
FOLLOWER:PackMember12LVL=5	TYPE:Pack Member 12	HD:1																																																				BONUS:VAR|MasterLevel|1
FOLLOWER:PackMember12LVL=6	TYPE:Pack Member 12	HD:1		ABILITY:Special Ability|AUTOMATIC|Companion ~ Devotion																																					BONUS:STAT|STR,DEX|1	BONUS:VAR|AC_Natural_Armor|2|TYPE=Base.STACK	BONUS:VAR|MasterLevel|1	BONUS:VAR|BonusTricks|1
FOLLOWER:PackMember12LVL=7	TYPE:Pack Member 12																																																					BONUS:VAR|MasterLevel|1
FOLLOWER:PackMember12LVL=8	TYPE:Pack Member 12	HD:1																																																				BONUS:VAR|MasterLevel|1
FOLLOWER:PackMember12LVL=9	TYPE:Pack Member 12	HD:1		ABILITY:Special Ability|AUTOMATIC|Companion ~ Multiattack																													BONUS:ABILITYPOOL|Companion Stat Increase|1	BONUS:STAT|STR,DEX|1	BONUS:VAR|AC_Natural_Armor|2|TYPE=Base.STACK	BONUS:VAR|MasterLevel|1	BONUS:VAR|BonusTricks|1
FOLLOWER:PackMember12LVL=10	TYPE:Pack Member 12	HD:1																																																				BONUS:VAR|MasterLevel|1
FOLLOWER:PackMember12LVL=11	TYPE:Pack Member 12																																																					BONUS:VAR|MasterLevel|1
FOLLOWER:PackMember12LVL=12	TYPE:Pack Member 12	HD:1																																																BONUS:STAT|STR,DEX|1	BONUS:VAR|AC_Natural_Armor|2|TYPE=Base.STACK	BONUS:VAR|MasterLevel|1	BONUS:VAR|BonusTricks|1
FOLLOWER:PackMember12LVL=13	TYPE:Pack Member 12	HD:1																																																				BONUS:VAR|MasterLevel|1
FOLLOWER:PackMember12LVL=14	TYPE:Pack Member 12	HD:1																																								BONUS:ABILITYPOOL|Companion Stat Increase|1					BONUS:VAR|MasterLevel|1
FOLLOWER:PackMember12LVL=15	TYPE:Pack Member 12																																																	BONUS:STAT|STR,DEX|1	BONUS:VAR|AC_Natural_Armor|2|TYPE=Base.STACK	BONUS:VAR|MasterLevel|1	BONUS:VAR|BonusTricks|1
FOLLOWER:PackMember12LVL=16	TYPE:Pack Member 12	HD:1		ABILITY:Special Ability|AUTOMATIC|Companion ~ Improved Evasion																																								BONUS:VAR|MasterLevel|1
FOLLOWER:PackMember12LVL=17	TYPE:Pack Member 12	HD:1																																																				BONUS:VAR|MasterLevel|1
FOLLOWER:PackMember12LVL=18	TYPE:Pack Member 12	HD:1																																																BONUS:STAT|STR,DEX|1	BONUS:VAR|AC_Natural_Armor|2|TYPE=Base.STACK	BONUS:VAR|MasterLevel|1	BONUS:VAR|BonusTricks|1
FOLLOWER:PackMember12LVL=19	TYPE:Pack Member 12																																																					BONUS:VAR|MasterLevel|1
FOLLOWER:PackMember12LVL=20	TYPE:Pack Member 12	HD:1																																								BONUS:ABILITYPOOL|Companion Stat Increase|1					BONUS:VAR|MasterLevel|1

FOLLOWER:PackMember13LVL=1	TYPE:Pack Member 13			ABILITY:Special Ability|AUTOMATIC|Animal Tricks and Training	ABILITY:Special Ability|AUTOMATIC|Companion ~ Link	ABILITY:Special Ability|AUTOMATIC|Companion ~ Share Spells	DEFINE:MasterLevel|0	DEFINE:BonusTricks|0													BONUS:VAR|MasterLevel|1	BONUS:VAR|BonusTricks|1									RACETYPE:Animal
FOLLOWER:PackMember13LVL=2	TYPE:Pack Member 13	HD:1																																																				BONUS:VAR|MasterLevel|1
FOLLOWER:PackMember13LVL=3	TYPE:Pack Member 13			ABILITY:Special Ability|AUTOMATIC|Companion ~ Evasion																																						BONUS:STAT|STR,DEX|1	BONUS:VAR|AC_Natural_Armor|2|TYPE=Base.STACK	BONUS:VAR|MasterLevel|1	BONUS:VAR|BonusTricks|1
FOLLOWER:PackMember13LVL=4	TYPE:Pack Member 13	HD:1																																								BONUS:ABILITYPOOL|Companion Stat Increase|1					BONUS:VAR|MasterLevel|1
FOLLOWER:PackMember13LVL=5	TYPE:Pack Member 13	HD:1																																																				BONUS:VAR|MasterLevel|1
FOLLOWER:PackMember13LVL=6	TYPE:Pack Member 13	HD:1		ABILITY:Special Ability|AUTOMATIC|Companion ~ Devotion																																					BONUS:STAT|STR,DEX|1	BONUS:VAR|AC_Natural_Armor|2|TYPE=Base.STACK	BONUS:VAR|MasterLevel|1	BONUS:VAR|BonusTricks|1
FOLLOWER:PackMember13LVL=7	TYPE:Pack Member 13																																																					BONUS:VAR|MasterLevel|1
FOLLOWER:PackMember13LVL=8	TYPE:Pack Member 13	HD:1																																																				BONUS:VAR|MasterLevel|1
FOLLOWER:PackMember13LVL=9	TYPE:Pack Member 13	HD:1		ABILITY:Special Ability|AUTOMATIC|Companion ~ Multiattack																													BONUS:ABILITYPOOL|Companion Stat Increase|1	BONUS:STAT|STR,DEX|1	BONUS:VAR|AC_Natural_Armor|2|TYPE=Base.STACK	BONUS:VAR|MasterLevel|1	BONUS:VAR|BonusTricks|1
FOLLOWER:PackMember13LVL=10	TYPE:Pack Member 13	HD:1																																																				BONUS:VAR|MasterLevel|1
FOLLOWER:PackMember13LVL=11	TYPE:Pack Member 13																																																					BONUS:VAR|MasterLevel|1
FOLLOWER:PackMember13LVL=12	TYPE:Pack Member 13	HD:1																																																BONUS:STAT|STR,DEX|1	BONUS:VAR|AC_Natural_Armor|2|TYPE=Base.STACK	BONUS:VAR|MasterLevel|1	BONUS:VAR|BonusTricks|1
FOLLOWER:PackMember13LVL=13	TYPE:Pack Member 13	HD:1																																																				BONUS:VAR|MasterLevel|1
FOLLOWER:PackMember13LVL=14	TYPE:Pack Member 13	HD:1																																								BONUS:ABILITYPOOL|Companion Stat Increase|1					BONUS:VAR|MasterLevel|1
FOLLOWER:PackMember13LVL=15	TYPE:Pack Member 13																																																	BONUS:STAT|STR,DEX|1	BONUS:VAR|AC_Natural_Armor|2|TYPE=Base.STACK	BONUS:VAR|MasterLevel|1	BONUS:VAR|BonusTricks|1
FOLLOWER:PackMember13LVL=16	TYPE:Pack Member 13	HD:1		ABILITY:Special Ability|AUTOMATIC|Companion ~ Improved Evasion																																								BONUS:VAR|MasterLevel|1
FOLLOWER:PackMember13LVL=17	TYPE:Pack Member 13	HD:1																																																				BONUS:VAR|MasterLevel|1
FOLLOWER:PackMember13LVL=18	TYPE:Pack Member 13	HD:1																																																BONUS:STAT|STR,DEX|1	BONUS:VAR|AC_Natural_Armor|2|TYPE=Base.STACK	BONUS:VAR|MasterLevel|1	BONUS:VAR|BonusTricks|1
FOLLOWER:PackMember13LVL=19	TYPE:Pack Member 13																																																					BONUS:VAR|MasterLevel|1
FOLLOWER:PackMember13LVL=20	TYPE:Pack Member 13	HD:1																																								BONUS:ABILITYPOOL|Companion Stat Increase|1					BONUS:VAR|MasterLevel|1

FOLLOWER:PackMember14LVL=1	TYPE:Pack Member 14			ABILITY:Special Ability|AUTOMATIC|Animal Tricks and Training	ABILITY:Special Ability|AUTOMATIC|Companion ~ Link	ABILITY:Special Ability|AUTOMATIC|Companion ~ Share Spells	DEFINE:MasterLevel|0	DEFINE:BonusTricks|0													BONUS:VAR|MasterLevel|1	BONUS:VAR|BonusTricks|1									RACETYPE:Animal
FOLLOWER:PackMember14LVL=2	TYPE:Pack Member 14	HD:1																																																				BONUS:VAR|MasterLevel|1
FOLLOWER:PackMember14LVL=3	TYPE:Pack Member 14			ABILITY:Special Ability|AUTOMATIC|Companion ~ Evasion																																						BONUS:STAT|STR,DEX|1	BONUS:VAR|AC_Natural_Armor|2|TYPE=Base.STACK	BONUS:VAR|MasterLevel|1	BONUS:VAR|BonusTricks|1
FOLLOWER:PackMember14LVL=4	TYPE:Pack Member 14	HD:1																																								BONUS:ABILITYPOOL|Companion Stat Increase|1					BONUS:VAR|MasterLevel|1
FOLLOWER:PackMember14LVL=5	TYPE:Pack Member 14	HD:1																																																				BONUS:VAR|MasterLevel|1
FOLLOWER:PackMember14LVL=6	TYPE:Pack Member 14	HD:1		ABILITY:Special Ability|AUTOMATIC|Companion ~ Devotion																																					BONUS:STAT|STR,DEX|1	BONUS:VAR|AC_Natural_Armor|2|TYPE=Base.STACK	BONUS:VAR|MasterLevel|1	BONUS:VAR|BonusTricks|1
FOLLOWER:PackMember14LVL=7	TYPE:Pack Member 14																																																					BONUS:VAR|MasterLevel|1
FOLLOWER:PackMember14LVL=8	TYPE:Pack Member 14	HD:1																																																				BONUS:VAR|MasterLevel|1
FOLLOWER:PackMember14LVL=9	TYPE:Pack Member 14	HD:1		ABILITY:Special Ability|AUTOMATIC|Companion ~ Multiattack																													BONUS:ABILITYPOOL|Companion Stat Increase|1	BONUS:STAT|STR,DEX|1	BONUS:VAR|AC_Natural_Armor|2|TYPE=Base.STACK	BONUS:VAR|MasterLevel|1	BONUS:VAR|BonusTricks|1
FOLLOWER:PackMember14LVL=10	TYPE:Pack Member 14	HD:1																																																				BONUS:VAR|MasterLevel|1
FOLLOWER:PackMember14LVL=11	TYPE:Pack Member 14																																																					BONUS:VAR|MasterLevel|1
FOLLOWER:PackMember14LVL=12	TYPE:Pack Member 14	HD:1																																																BONUS:STAT|STR,DEX|1	BONUS:VAR|AC_Natural_Armor|2|TYPE=Base.STACK	BONUS:VAR|MasterLevel|1	BONUS:VAR|BonusTricks|1
FOLLOWER:PackMember14LVL=13	TYPE:Pack Member 14	HD:1																																																				BONUS:VAR|MasterLevel|1
FOLLOWER:PackMember14LVL=14	TYPE:Pack Member 14	HD:1																																								BONUS:ABILITYPOOL|Companion Stat Increase|1					BONUS:VAR|MasterLevel|1
FOLLOWER:PackMember14LVL=15	TYPE:Pack Member 14																																																	BONUS:STAT|STR,DEX|1	BONUS:VAR|AC_Natural_Armor|2|TYPE=Base.STACK	BONUS:VAR|MasterLevel|1	BONUS:VAR|BonusTricks|1
FOLLOWER:PackMember14LVL=16	TYPE:Pack Member 14	HD:1		ABILITY:Special Ability|AUTOMATIC|Companion ~ Improved Evasion																																								BONUS:VAR|MasterLevel|1
FOLLOWER:PackMember14LVL=17	TYPE:Pack Member 14	HD:1																																																				BONUS:VAR|MasterLevel|1
FOLLOWER:PackMember14LVL=18	TYPE:Pack Member 14	HD:1																																																BONUS:STAT|STR,DEX|1	BONUS:VAR|AC_Natural_Armor|2|TYPE=Base.STACK	BONUS:VAR|MasterLevel|1	BONUS:VAR|BonusTricks|1
FOLLOWER:PackMember14LVL=19	TYPE:Pack Member 14																																																					BONUS:VAR|MasterLevel|1
FOLLOWER:PackMember14LVL=20	TYPE:Pack Member 14	HD:1																																								BONUS:ABILITYPOOL|Companion Stat Increase|1					BONUS:VAR|MasterLevel|1

FOLLOWER:PackMember15LVL=1	TYPE:Pack Member 15			ABILITY:Special Ability|AUTOMATIC|Animal Tricks and Training	ABILITY:Special Ability|AUTOMATIC|Companion ~ Link	ABILITY:Special Ability|AUTOMATIC|Companion ~ Share Spells	DEFINE:MasterLevel|0	DEFINE:BonusTricks|0													BONUS:VAR|MasterLevel|1	BONUS:VAR|BonusTricks|1									RACETYPE:Animal
FOLLOWER:PackMember15LVL=2	TYPE:Pack Member 15	HD:1																																																				BONUS:VAR|MasterLevel|1
FOLLOWER:PackMember15LVL=3	TYPE:Pack Member 15			ABILITY:Special Ability|AUTOMATIC|Companion ~ Evasion																																						BONUS:STAT|STR,DEX|1	BONUS:VAR|AC_Natural_Armor|2|TYPE=Base.STACK	BONUS:VAR|MasterLevel|1	BONUS:VAR|BonusTricks|1
FOLLOWER:PackMember15LVL=4	TYPE:Pack Member 15	HD:1																																								BONUS:ABILITYPOOL|Companion Stat Increase|1					BONUS:VAR|MasterLevel|1
FOLLOWER:PackMember15LVL=5	TYPE:Pack Member 15	HD:1																																																				BONUS:VAR|MasterLevel|1
FOLLOWER:PackMember15LVL=6	TYPE:Pack Member 15	HD:1		ABILITY:Special Ability|AUTOMATIC|Companion ~ Devotion																																					BONUS:STAT|STR,DEX|1	BONUS:VAR|AC_Natural_Armor|2|TYPE=Base.STACK	BONUS:VAR|MasterLevel|1	BONUS:VAR|BonusTricks|1
FOLLOWER:PackMember15LVL=7	TYPE:Pack Member 15																																																					BONUS:VAR|MasterLevel|1
FOLLOWER:PackMember15LVL=8	TYPE:Pack Member 15	HD:1																																																				BONUS:VAR|MasterLevel|1
FOLLOWER:PackMember15LVL=9	TYPE:Pack Member 15	HD:1		ABILITY:Special Ability|AUTOMATIC|Companion ~ Multiattack																													BONUS:ABILITYPOOL|Companion Stat Increase|1	BONUS:STAT|STR,DEX|1	BONUS:VAR|AC_Natural_Armor|2|TYPE=Base.STACK	BONUS:VAR|MasterLevel|1	BONUS:VAR|BonusTricks|1
FOLLOWER:PackMember15LVL=10	TYPE:Pack Member 15	HD:1																																																				BONUS:VAR|MasterLevel|1
FOLLOWER:PackMember15LVL=11	TYPE:Pack Member 15																																																					BONUS:VAR|MasterLevel|1
FOLLOWER:PackMember15LVL=12	TYPE:Pack Member 15	HD:1																																																BONUS:STAT|STR,DEX|1	BONUS:VAR|AC_Natural_Armor|2|TYPE=Base.STACK	BONUS:VAR|MasterLevel|1	BONUS:VAR|BonusTricks|1
FOLLOWER:PackMember15LVL=13	TYPE:Pack Member 15	HD:1																																																				BONUS:VAR|MasterLevel|1
FOLLOWER:PackMember15LVL=14	TYPE:Pack Member 15	HD:1																																								BONUS:ABILITYPOOL|Companion Stat Increase|1					BONUS:VAR|MasterLevel|1
FOLLOWER:PackMember15LVL=15	TYPE:Pack Member 15																																																	BONUS:STAT|STR,DEX|1	BONUS:VAR|AC_Natural_Armor|2|TYPE=Base.STACK	BONUS:VAR|MasterLevel|1	BONUS:VAR|BonusTricks|1
FOLLOWER:PackMember15LVL=16	TYPE:Pack Member 15	HD:1		ABILITY:Special Ability|AUTOMATIC|Companion ~ Improved Evasion																																								BONUS:VAR|MasterLevel|1
FOLLOWER:PackMember15LVL=17	TYPE:Pack Member 15	HD:1																																																				BONUS:VAR|MasterLevel|1
FOLLOWER:PackMember15LVL=18	TYPE:Pack Member 15	HD:1																																																BONUS:STAT|STR,DEX|1	BONUS:VAR|AC_Natural_Armor|2|TYPE=Base.STACK	BONUS:VAR|MasterLevel|1	BONUS:VAR|BonusTricks|1
FOLLOWER:PackMember15LVL=19	TYPE:Pack Member 15																																																					BONUS:VAR|MasterLevel|1
FOLLOWER:PackMember15LVL=20	TYPE:Pack Member 15	HD:1																																								BONUS:ABILITYPOOL|Companion Stat Increase|1					BONUS:VAR|MasterLevel|1

FOLLOWER:PackMember16LVL=1	TYPE:Pack Member 16			ABILITY:Special Ability|AUTOMATIC|Animal Tricks and Training	ABILITY:Special Ability|AUTOMATIC|Companion ~ Link	ABILITY:Special Ability|AUTOMATIC|Companion ~ Share Spells	DEFINE:MasterLevel|0	DEFINE:BonusTricks|0													BONUS:VAR|MasterLevel|1	BONUS:VAR|BonusTricks|1									RACETYPE:Animal
FOLLOWER:PackMember16LVL=2	TYPE:Pack Member 16	HD:1																																																				BONUS:VAR|MasterLevel|1
FOLLOWER:PackMember16LVL=3	TYPE:Pack Member 16			ABILITY:Special Ability|AUTOMATIC|Companion ~ Evasion																																						BONUS:STAT|STR,DEX|1	BONUS:VAR|AC_Natural_Armor|2|TYPE=Base.STACK	BONUS:VAR|MasterLevel|1	BONUS:VAR|BonusTricks|1
FOLLOWER:PackMember16LVL=4	TYPE:Pack Member 16	HD:1																																								BONUS:ABILITYPOOL|Companion Stat Increase|1					BONUS:VAR|MasterLevel|1
FOLLOWER:PackMember16LVL=5	TYPE:Pack Member 16	HD:1																																																				BONUS:VAR|MasterLevel|1
FOLLOWER:PackMember16LVL=6	TYPE:Pack Member 16	HD:1		ABILITY:Special Ability|AUTOMATIC|Companion ~ Devotion																																					BONUS:STAT|STR,DEX|1	BONUS:VAR|AC_Natural_Armor|2|TYPE=Base.STACK	BONUS:VAR|MasterLevel|1	BONUS:VAR|BonusTricks|1
FOLLOWER:PackMember16LVL=7	TYPE:Pack Member 16																																																					BONUS:VAR|MasterLevel|1
FOLLOWER:PackMember16LVL=8	TYPE:Pack Member 16	HD:1																																																				BONUS:VAR|MasterLevel|1
FOLLOWER:PackMember16LVL=9	TYPE:Pack Member 16	HD:1		ABILITY:Special Ability|AUTOMATIC|Companion ~ Multiattack																													BONUS:ABILITYPOOL|Companion Stat Increase|1	BONUS:STAT|STR,DEX|1	BONUS:VAR|AC_Natural_Armor|2|TYPE=Base.STACK	BONUS:VAR|MasterLevel|1	BONUS:VAR|BonusTricks|1
FOLLOWER:PackMember16LVL=10	TYPE:Pack Member 16	HD:1																																																				BONUS:VAR|MasterLevel|1
FOLLOWER:PackMember16LVL=11	TYPE:Pack Member 16																																																					BONUS:VAR|MasterLevel|1
FOLLOWER:PackMember16LVL=12	TYPE:Pack Member 16	HD:1																																																BONUS:STAT|STR,DEX|1	BONUS:VAR|AC_Natural_Armor|2|TYPE=Base.STACK	BONUS:VAR|MasterLevel|1	BONUS:VAR|BonusTricks|1
FOLLOWER:PackMember16LVL=13	TYPE:Pack Member 16	HD:1																																																				BONUS:VAR|MasterLevel|1
FOLLOWER:PackMember16LVL=14	TYPE:Pack Member 16	HD:1																																								BONUS:ABILITYPOOL|Companion Stat Increase|1					BONUS:VAR|MasterLevel|1
FOLLOWER:PackMember16LVL=15	TYPE:Pack Member 16																																																	BONUS:STAT|STR,DEX|1	BONUS:VAR|AC_Natural_Armor|2|TYPE=Base.STACK	BONUS:VAR|MasterLevel|1	BONUS:VAR|BonusTricks|1
FOLLOWER:PackMember16LVL=16	TYPE:Pack Member 16	HD:1		ABILITY:Special Ability|AUTOMATIC|Companion ~ Improved Evasion																																								BONUS:VAR|MasterLevel|1
FOLLOWER:PackMember16LVL=17	TYPE:Pack Member 16	HD:1																																																				BONUS:VAR|MasterLevel|1
FOLLOWER:PackMember16LVL=18	TYPE:Pack Member 16	HD:1																																																BONUS:STAT|STR,DEX|1	BONUS:VAR|AC_Natural_Armor|2|TYPE=Base.STACK	BONUS:VAR|MasterLevel|1	BONUS:VAR|BonusTricks|1
FOLLOWER:PackMember16LVL=19	TYPE:Pack Member 16																																																					BONUS:VAR|MasterLevel|1
FOLLOWER:PackMember16LVL=20	TYPE:Pack Member 16	HD:1																																								BONUS:ABILITYPOOL|Companion Stat Increase|1					BONUS:VAR|MasterLevel|1

FOLLOWER:PackMember17LVL=1	TYPE:Pack Member 17			ABILITY:Special Ability|AUTOMATIC|Animal Tricks and Training	ABILITY:Special Ability|AUTOMATIC|Companion ~ Link	ABILITY:Special Ability|AUTOMATIC|Companion ~ Share Spells	DEFINE:MasterLevel|0	DEFINE:BonusTricks|0													BONUS:VAR|MasterLevel|1	BONUS:VAR|BonusTricks|1									RACETYPE:Animal
FOLLOWER:PackMember17LVL=2	TYPE:Pack Member 17	HD:1																																																				BONUS:VAR|MasterLevel|1
FOLLOWER:PackMember17LVL=3	TYPE:Pack Member 17			ABILITY:Special Ability|AUTOMATIC|Companion ~ Evasion																																						BONUS:STAT|STR,DEX|1	BONUS:VAR|AC_Natural_Armor|2|TYPE=Base.STACK	BONUS:VAR|MasterLevel|1	BONUS:VAR|BonusTricks|1
FOLLOWER:PackMember17LVL=4	TYPE:Pack Member 17	HD:1																																								BONUS:ABILITYPOOL|Companion Stat Increase|1					BONUS:VAR|MasterLevel|1
FOLLOWER:PackMember17LVL=5	TYPE:Pack Member 17	HD:1																																																				BONUS:VAR|MasterLevel|1
FOLLOWER:PackMember17LVL=6	TYPE:Pack Member 17	HD:1		ABILITY:Special Ability|AUTOMATIC|Companion ~ Devotion																																					BONUS:STAT|STR,DEX|1	BONUS:VAR|AC_Natural_Armor|2|TYPE=Base.STACK	BONUS:VAR|MasterLevel|1	BONUS:VAR|BonusTricks|1
FOLLOWER:PackMember17LVL=7	TYPE:Pack Member 17																																																					BONUS:VAR|MasterLevel|1
FOLLOWER:PackMember17LVL=8	TYPE:Pack Member 17	HD:1																																																				BONUS:VAR|MasterLevel|1
FOLLOWER:PackMember17LVL=9	TYPE:Pack Member 17	HD:1		ABILITY:Special Ability|AUTOMATIC|Companion ~ Multiattack																													BONUS:ABILITYPOOL|Companion Stat Increase|1	BONUS:STAT|STR,DEX|1	BONUS:VAR|AC_Natural_Armor|2|TYPE=Base.STACK	BONUS:VAR|MasterLevel|1	BONUS:VAR|BonusTricks|1
FOLLOWER:PackMember17LVL=10	TYPE:Pack Member 17	HD:1																																																				BONUS:VAR|MasterLevel|1
FOLLOWER:PackMember17LVL=11	TYPE:Pack Member 17																																																					BONUS:VAR|MasterLevel|1
FOLLOWER:PackMember17LVL=12	TYPE:Pack Member 17	HD:1																																																BONUS:STAT|STR,DEX|1	BONUS:VAR|AC_Natural_Armor|2|TYPE=Base.STACK	BONUS:VAR|MasterLevel|1	BONUS:VAR|BonusTricks|1
FOLLOWER:PackMember17LVL=13	TYPE:Pack Member 17	HD:1																																																				BONUS:VAR|MasterLevel|1
FOLLOWER:PackMember17LVL=14	TYPE:Pack Member 17	HD:1																																								BONUS:ABILITYPOOL|Companion Stat Increase|1					BONUS:VAR|MasterLevel|1
FOLLOWER:PackMember17LVL=15	TYPE:Pack Member 17																																																	BONUS:STAT|STR,DEX|1	BONUS:VAR|AC_Natural_Armor|2|TYPE=Base.STACK	BONUS:VAR|MasterLevel|1	BONUS:VAR|BonusTricks|1
FOLLOWER:PackMember17LVL=16	TYPE:Pack Member 17	HD:1		ABILITY:Special Ability|AUTOMATIC|Companion ~ Improved Evasion																																								BONUS:VAR|MasterLevel|1
FOLLOWER:PackMember17LVL=17	TYPE:Pack Member 17	HD:1																																																				BONUS:VAR|MasterLevel|1
FOLLOWER:PackMember17LVL=18	TYPE:Pack Member 17	HD:1																																																BONUS:STAT|STR,DEX|1	BONUS:VAR|AC_Natural_Armor|2|TYPE=Base.STACK	BONUS:VAR|MasterLevel|1	BONUS:VAR|BonusTricks|1
FOLLOWER:PackMember17LVL=19	TYPE:Pack Member 17																																																					BONUS:VAR|MasterLevel|1
FOLLOWER:PackMember17LVL=20	TYPE:Pack Member 17	HD:1																																								BONUS:ABILITYPOOL|Companion Stat Increase|1					BONUS:VAR|MasterLevel|1

FOLLOWER:PackMember18LVL=1	TYPE:Pack Member 18			ABILITY:Special Ability|AUTOMATIC|Animal Tricks and Training	ABILITY:Special Ability|AUTOMATIC|Companion ~ Link	ABILITY:Special Ability|AUTOMATIC|Companion ~ Share Spells	DEFINE:MasterLevel|0	DEFINE:BonusTricks|0													BONUS:VAR|MasterLevel|1	BONUS:VAR|BonusTricks|1									RACETYPE:Animal
FOLLOWER:PackMember18LVL=2	TYPE:Pack Member 18	HD:1																																																				BONUS:VAR|MasterLevel|1
FOLLOWER:PackMember18LVL=3	TYPE:Pack Member 18			ABILITY:Special Ability|AUTOMATIC|Companion ~ Evasion																																						BONUS:STAT|STR,DEX|1	BONUS:VAR|AC_Natural_Armor|2|TYPE=Base.STACK	BONUS:VAR|MasterLevel|1	BONUS:VAR|BonusTricks|1
FOLLOWER:PackMember18LVL=4	TYPE:Pack Member 18	HD:1																																								BONUS:ABILITYPOOL|Companion Stat Increase|1					BONUS:VAR|MasterLevel|1
FOLLOWER:PackMember18LVL=5	TYPE:Pack Member 18	HD:1																																																				BONUS:VAR|MasterLevel|1
FOLLOWER:PackMember18LVL=6	TYPE:Pack Member 18	HD:1		ABILITY:Special Ability|AUTOMATIC|Companion ~ Devotion																																					BONUS:STAT|STR,DEX|1	BONUS:VAR|AC_Natural_Armor|2|TYPE=Base.STACK	BONUS:VAR|MasterLevel|1	BONUS:VAR|BonusTricks|1
FOLLOWER:PackMember18LVL=7	TYPE:Pack Member 18																																																					BONUS:VAR|MasterLevel|1
FOLLOWER:PackMember18LVL=8	TYPE:Pack Member 18	HD:1																																																				BONUS:VAR|MasterLevel|1
FOLLOWER:PackMember18LVL=9	TYPE:Pack Member 18	HD:1		ABILITY:Special Ability|AUTOMATIC|Companion ~ Multiattack																													BONUS:ABILITYPOOL|Companion Stat Increase|1	BONUS:STAT|STR,DEX|1	BONUS:VAR|AC_Natural_Armor|2|TYPE=Base.STACK	BONUS:VAR|MasterLevel|1	BONUS:VAR|BonusTricks|1
FOLLOWER:PackMember18LVL=10	TYPE:Pack Member 18	HD:1																																																				BONUS:VAR|MasterLevel|1
FOLLOWER:PackMember18LVL=11	TYPE:Pack Member 18																																																					BONUS:VAR|MasterLevel|1
FOLLOWER:PackMember18LVL=12	TYPE:Pack Member 18	HD:1																																																BONUS:STAT|STR,DEX|1	BONUS:VAR|AC_Natural_Armor|2|TYPE=Base.STACK	BONUS:VAR|MasterLevel|1	BONUS:VAR|BonusTricks|1
FOLLOWER:PackMember18LVL=13	TYPE:Pack Member 18	HD:1																																																				BONUS:VAR|MasterLevel|1
FOLLOWER:PackMember18LVL=14	TYPE:Pack Member 18	HD:1																																								BONUS:ABILITYPOOL|Companion Stat Increase|1					BONUS:VAR|MasterLevel|1
FOLLOWER:PackMember18LVL=15	TYPE:Pack Member 18																																																	BONUS:STAT|STR,DEX|1	BONUS:VAR|AC_Natural_Armor|2|TYPE=Base.STACK	BONUS:VAR|MasterLevel|1	BONUS:VAR|BonusTricks|1
FOLLOWER:PackMember18LVL=16	TYPE:Pack Member 18	HD:1		ABILITY:Special Ability|AUTOMATIC|Companion ~ Improved Evasion																																								BONUS:VAR|MasterLevel|1
FOLLOWER:PackMember18LVL=17	TYPE:Pack Member 18	HD:1																																																				BONUS:VAR|MasterLevel|1
FOLLOWER:PackMember18LVL=18	TYPE:Pack Member 18	HD:1																																																BONUS:STAT|STR,DEX|1	BONUS:VAR|AC_Natural_Armor|2|TYPE=Base.STACK	BONUS:VAR|MasterLevel|1	BONUS:VAR|BonusTricks|1
FOLLOWER:PackMember18LVL=19	TYPE:Pack Member 18																																																					BONUS:VAR|MasterLevel|1
FOLLOWER:PackMember18LVL=20	TYPE:Pack Member 18	HD:1																																								BONUS:ABILITYPOOL|Companion Stat Increase|1					BONUS:VAR|MasterLevel|1

FOLLOWER:PackMember19LVL=1	TYPE:Pack Member 19			ABILITY:Special Ability|AUTOMATIC|Animal Tricks and Training	ABILITY:Special Ability|AUTOMATIC|Companion ~ Link	ABILITY:Special Ability|AUTOMATIC|Companion ~ Share Spells	DEFINE:MasterLevel|0	DEFINE:BonusTricks|0													BONUS:VAR|MasterLevel|1	BONUS:VAR|BonusTricks|1									RACETYPE:Animal
FOLLOWER:PackMember19LVL=2	TYPE:Pack Member 19	HD:1																																																				BONUS:VAR|MasterLevel|1
FOLLOWER:PackMember19LVL=3	TYPE:Pack Member 19			ABILITY:Special Ability|AUTOMATIC|Companion ~ Evasion																																						BONUS:STAT|STR,DEX|1	BONUS:VAR|AC_Natural_Armor|2|TYPE=Base.STACK	BONUS:VAR|MasterLevel|1	BONUS:VAR|BonusTricks|1
FOLLOWER:PackMember19LVL=4	TYPE:Pack Member 19	HD:1																																								BONUS:ABILITYPOOL|Companion Stat Increase|1					BONUS:VAR|MasterLevel|1
FOLLOWER:PackMember19LVL=5	TYPE:Pack Member 19	HD:1																																																				BONUS:VAR|MasterLevel|1
FOLLOWER:PackMember19LVL=6	TYPE:Pack Member 19	HD:1		ABILITY:Special Ability|AUTOMATIC|Companion ~ Devotion																																					BONUS:STAT|STR,DEX|1	BONUS:VAR|AC_Natural_Armor|2|TYPE=Base.STACK	BONUS:VAR|MasterLevel|1	BONUS:VAR|BonusTricks|1
FOLLOWER:PackMember19LVL=7	TYPE:Pack Member 19																																																					BONUS:VAR|MasterLevel|1
FOLLOWER:PackMember19LVL=8	TYPE:Pack Member 19	HD:1																																																				BONUS:VAR|MasterLevel|1
FOLLOWER:PackMember19LVL=9	TYPE:Pack Member 19	HD:1		ABILITY:Special Ability|AUTOMATIC|Companion ~ Multiattack																													BONUS:ABILITYPOOL|Companion Stat Increase|1	BONUS:STAT|STR,DEX|1	BONUS:VAR|AC_Natural_Armor|2|TYPE=Base.STACK	BONUS:VAR|MasterLevel|1	BONUS:VAR|BonusTricks|1
FOLLOWER:PackMember19LVL=10	TYPE:Pack Member 19	HD:1																																																				BONUS:VAR|MasterLevel|1
FOLLOWER:PackMember19LVL=11	TYPE:Pack Member 19																																																					BONUS:VAR|MasterLevel|1
FOLLOWER:PackMember19LVL=12	TYPE:Pack Member 19	HD:1																																																BONUS:STAT|STR,DEX|1	BONUS:VAR|AC_Natural_Armor|2|TYPE=Base.STACK	BONUS:VAR|MasterLevel|1	BONUS:VAR|BonusTricks|1
FOLLOWER:PackMember19LVL=13	TYPE:Pack Member 19	HD:1																																																				BONUS:VAR|MasterLevel|1
FOLLOWER:PackMember19LVL=14	TYPE:Pack Member 19	HD:1																																								BONUS:ABILITYPOOL|Companion Stat Increase|1					BONUS:VAR|MasterLevel|1
FOLLOWER:PackMember19LVL=15	TYPE:Pack Member 19																																																	BONUS:STAT|STR,DEX|1	BONUS:VAR|AC_Natural_Armor|2|TYPE=Base.STACK	BONUS:VAR|MasterLevel|1	BONUS:VAR|BonusTricks|1
FOLLOWER:PackMember19LVL=16	TYPE:Pack Member 19	HD:1		ABILITY:Special Ability|AUTOMATIC|Companion ~ Improved Evasion																																								BONUS:VAR|MasterLevel|1
FOLLOWER:PackMember19LVL=17	TYPE:Pack Member 19	HD:1																																																				BONUS:VAR|MasterLevel|1
FOLLOWER:PackMember19LVL=18	TYPE:Pack Member 19	HD:1																																																BONUS:STAT|STR,DEX|1	BONUS:VAR|AC_Natural_Armor|2|TYPE=Base.STACK	BONUS:VAR|MasterLevel|1	BONUS:VAR|BonusTricks|1
FOLLOWER:PackMember19LVL=19	TYPE:Pack Member 19																																																					BONUS:VAR|MasterLevel|1
FOLLOWER:PackMember19LVL=20	TYPE:Pack Member 19	HD:1																																								BONUS:ABILITYPOOL|Companion Stat Increase|1					BONUS:VAR|MasterLevel|1

FOLLOWER:PackMember20LVL=1	TYPE:Pack Member 20			ABILITY:Special Ability|AUTOMATIC|Animal Tricks and Training	ABILITY:Special Ability|AUTOMATIC|Companion ~ Link	ABILITY:Special Ability|AUTOMATIC|Companion ~ Share Spells	DEFINE:MasterLevel|0	DEFINE:BonusTricks|0													BONUS:VAR|MasterLevel|1	BONUS:VAR|BonusTricks|1									RACETYPE:Animal
FOLLOWER:PackMember20LVL=2	TYPE:Pack Member 20	HD:1																																																				BONUS:VAR|MasterLevel|1
FOLLOWER:PackMember20LVL=3	TYPE:Pack Member 20			ABILITY:Special Ability|AUTOMATIC|Companion ~ Evasion																																						BONUS:STAT|STR,DEX|1	BONUS:VAR|AC_Natural_Armor|2|TYPE=Base.STACK	BONUS:VAR|MasterLevel|1	BONUS:VAR|BonusTricks|1
FOLLOWER:PackMember20LVL=4	TYPE:Pack Member 20	HD:1																																								BONUS:ABILITYPOOL|Companion Stat Increase|1					BONUS:VAR|MasterLevel|1
FOLLOWER:PackMember20LVL=5	TYPE:Pack Member 20	HD:1																																																				BONUS:VAR|MasterLevel|1
FOLLOWER:PackMember20LVL=6	TYPE:Pack Member 20	HD:1		ABILITY:Special Ability|AUTOMATIC|Companion ~ Devotion																																					BONUS:STAT|STR,DEX|1	BONUS:VAR|AC_Natural_Armor|2|TYPE=Base.STACK	BONUS:VAR|MasterLevel|1	BONUS:VAR|BonusTricks|1
FOLLOWER:PackMember20LVL=7	TYPE:Pack Member 20																																																					BONUS:VAR|MasterLevel|1
FOLLOWER:PackMember20LVL=8	TYPE:Pack Member 20	HD:1																																																				BONUS:VAR|MasterLevel|1
FOLLOWER:PackMember20LVL=9	TYPE:Pack Member 20	HD:1		ABILITY:Special Ability|AUTOMATIC|Companion ~ Multiattack																													BONUS:ABILITYPOOL|Companion Stat Increase|1	BONUS:STAT|STR,DEX|1	BONUS:VAR|AC_Natural_Armor|2|TYPE=Base.STACK	BONUS:VAR|MasterLevel|1	BONUS:VAR|BonusTricks|1
FOLLOWER:PackMember20LVL=10	TYPE:Pack Member 20	HD:1																																																				BONUS:VAR|MasterLevel|1
FOLLOWER:PackMember20LVL=11	TYPE:Pack Member 20																																																					BONUS:VAR|MasterLevel|1
FOLLOWER:PackMember20LVL=12	TYPE:Pack Member 20	HD:1																																																BONUS:STAT|STR,DEX|1	BONUS:VAR|AC_Natural_Armor|2|TYPE=Base.STACK	BONUS:VAR|MasterLevel|1	BONUS:VAR|BonusTricks|1
FOLLOWER:PackMember20LVL=13	TYPE:Pack Member 20	HD:1																																																				BONUS:VAR|MasterLevel|1
FOLLOWER:PackMember20LVL=14	TYPE:Pack Member 20	HD:1																																								BONUS:ABILITYPOOL|Companion Stat Increase|1					BONUS:VAR|MasterLevel|1
FOLLOWER:PackMember20LVL=15	TYPE:Pack Member 20																																																	BONUS:STAT|STR,DEX|1	BONUS:VAR|AC_Natural_Armor|2|TYPE=Base.STACK	BONUS:VAR|MasterLevel|1	BONUS:VAR|BonusTricks|1
FOLLOWER:PackMember20LVL=16	TYPE:Pack Member 20	HD:1		ABILITY:Special Ability|AUTOMATIC|Companion ~ Improved Evasion																																								BONUS:VAR|MasterLevel|1
FOLLOWER:PackMember20LVL=17	TYPE:Pack Member 20	HD:1																																																				BONUS:VAR|MasterLevel|1
FOLLOWER:PackMember20LVL=18	TYPE:Pack Member 20	HD:1																																																BONUS:STAT|STR,DEX|1	BONUS:VAR|AC_Natural_Armor|2|TYPE=Base.STACK	BONUS:VAR|MasterLevel|1	BONUS:VAR|BonusTricks|1
FOLLOWER:PackMember20LVL=19	TYPE:Pack Member 20																																																					BONUS:VAR|MasterLevel|1
FOLLOWER:PackMember20LVL=20	TYPE:Pack Member 20	HD:1																																								BONUS:ABILITYPOOL|Companion Stat Increase|1					BONUS:VAR|MasterLevel|1


###Block: Black Blade abilities
# Class of the Master	Type			Ability																					Copy Masters Checks	Bonus to skill rank				Stat bonus				Modify VAR
FOLLOWER:BBLevel=3	TYPE:Black Blade	ABILITY:Special Ability|AUTOMATIC|Black Blade ~ Ego|Black Blade ~ Enhancement Bonus|Black Blade ~ Senses|Black Blade Arcane Pool	COPYMASTERCHECK:MASTER
FOLLOWER:BBLevel=3	TYPE:Black Blade	ABILITY:Special Ability|AUTOMATIC|Black Blade ~ Telepathy|Black Blade ~ Unbreakable|Black Blade Strike|Black Blade ~ Alertness																BONUS:STAT|INT,WIS,CHA|1	BONUS:VAR|BBEnhancement|1	BONUS:VAR|BBEgo|5
FOLLOWER:BBLevel=5	TYPE:Black Blade	ABILITY:Special Ability|AUTOMATIC|Black Blade ~ Energy Attunement																BONUS:SKILLRANK|Knowledge (Arcana)|INT	BONUS:STAT|INT,WIS,CHA|1	BONUS:VAR|BBEnhancement|1	BONUS:VAR|BBEgo|3
FOLLOWER:BBLevel=7	TYPE:Black Blade																																		BONUS:STAT|INT,WIS,CHA|1	BONUS:VAR|BBEgo|2
FOLLOWER:BBLevel=9	TYPE:Black Blade	ABILITY:Special Ability|AUTOMATIC|Black Blade ~ Teleport Blade																							BONUS:STAT|INT,WIS,CHA|1	BONUS:VAR|BBEnhancement|1	BONUS:VAR|BBEgo|2
FOLLOWER:BBLevel=11	TYPE:Black Blade																																		BONUS:STAT|INT,WIS,CHA|1	BONUS:VAR|BBEgo|2
FOLLOWER:BBLevel=13	TYPE:Black Blade	ABILITY:Special Ability|AUTOMATIC|Black Blade ~ Transfer Arcana																							BONUS:STAT|INT,WIS,CHA|1	BONUS:VAR|BBEnhancement|1	BONUS:VAR|BBEgo|2
FOLLOWER:BBLevel=15	TYPE:Black Blade																																		BONUS:STAT|INT,WIS,CHA|1	BONUS:VAR|BBEgo|2
FOLLOWER:BBLevel=17	TYPE:Black Blade	ABILITY:Special Ability|AUTOMATIC|Black Blade ~ Spell Defense																							BONUS:STAT|INT,WIS,CHA|1	BONUS:VAR|BBEnhancement|1	BONUS:VAR|BBEgo|4
FOLLOWER:BBLevel=19	TYPE:Black Blade	ABILITY:Special Ability|AUTOMATIC|Black Blade ~ Life Drinker																							BONUS:STAT|INT,WIS,CHA|1	BONUS:VAR|BBEgo|2

# Race of familiar		Type
MASTERBONUSRACE:Black Blade	TYPE:Black Blade


###Block: Beast-Bonded Witch feat tranfer
# COMMENT: I'm assuming 10 feats is enough.
# Class of the Master			Type			Number of Feats
FOLLOWER:BeastBondedFeatTransfer=1	TYPE:Familiar	BONUS:FEAT|POOL|1
FOLLOWER:BeastBondedFeatTransfer=2	TYPE:Familiar	BONUS:FEAT|POOL|1
FOLLOWER:BeastBondedFeatTransfer=3	TYPE:Familiar	BONUS:FEAT|POOL|1
FOLLOWER:BeastBondedFeatTransfer=4	TYPE:Familiar	BONUS:FEAT|POOL|1
FOLLOWER:BeastBondedFeatTransfer=5	TYPE:Familiar	BONUS:FEAT|POOL|1
FOLLOWER:BeastBondedFeatTransfer=6	TYPE:Familiar	BONUS:FEAT|POOL|1
FOLLOWER:BeastBondedFeatTransfer=7	TYPE:Familiar	BONUS:FEAT|POOL|1
FOLLOWER:BeastBondedFeatTransfer=8	TYPE:Familiar	BONUS:FEAT|POOL|1
FOLLOWER:BeastBondedFeatTransfer=9	TYPE:Familiar	BONUS:FEAT|POOL|1
FOLLOWER:BeastBondedFeatTransfer=10	TYPE:Familiar	BONUS:FEAT|POOL|1


###Block: New Familiars
###Block:Familiar Bonuses to Master
# Race of familiar						Type			Ability
MASTERBONUSRACE:Familiar (Blue-Ringed Octopus)		TYPE:Familiar	ABILITY:Internal|AUTOMATIC|Familiar (Blue-Ringed Octopus)
MASTERBONUSRACE:Familiar (Donkey Rat)			TYPE:Familiar	ABILITY:Internal|AUTOMATIC|Familiar (Donkey Rat)
MASTERBONUSRACE:Familiar (Fox)				TYPE:Familiar	ABILITY:Internal|AUTOMATIC|Familiar (Fox)
MASTERBONUSRACE:Familiar (Goat)				TYPE:Familiar	ABILITY:Internal|AUTOMATIC|Familiar (Goat)
MASTERBONUSRACE:Familiar (Scorpion (Greensting))	TYPE:Familiar	ABILITY:Internal|AUTOMATIC|Familiar (Scorpion (Greensting))
MASTERBONUSRACE:Familiar (Hedgehog)				TYPE:Familiar	ABILITY:Internal|AUTOMATIC|Familiar (Hedgehog)
MASTERBONUSRACE:Familiar (Centipede (House))		TYPE:Familiar	ABILITY:Internal|AUTOMATIC|Familiar (Centipede (House))
MASTERBONUSRACE:Familiar (Crab (Giant King))		TYPE:Familiar	ABILITY:Internal|AUTOMATIC|Familiar (Crab (Giant King))
MASTERBONUSRACE:Familiar (Pig)				TYPE:Familiar	ABILITY:Internal|AUTOMATIC|Familiar (Pig)
MASTERBONUSRACE:Familiar (Spider (Scarlet))		TYPE:Familiar	ABILITY:Internal|AUTOMATIC|Familiar (Spider (Scarlet))
MASTERBONUSRACE:Familiar (Thrush)				TYPE:Familiar	ABILITY:Internal|AUTOMATIC|Familiar (Thrush)
MASTERBONUSRACE:Familiar (Turtle)				TYPE:Familiar	ABILITY:Internal|AUTOMATIC|Familiar (Turtle)


###Block: Abilities for specific types of familiars
# Class of the Master			Type			Required Race			Apply Kit					Modify VAR
FOLLOWER:FamiliarLVL=1			TYPE:Familiar	PRERACE:1,Familiar (Thrush)	KIT:1|Thrush Familiar Language


#
FOLLOWER:EidolonCompanionLVLA=1	TYPE:Eidolon 1												BONUS:VAR|EidolonSize|mastervar("EidolonCompanionLVLA")	BONUS:VAR|EidolonEvolution|mastervar("Eidolon1EP")
FOLLOWER:EidolonCompanionLVLB=1	TYPE:Eidolon 2												BONUS:VAR|EidolonSize|mastervar("EidolonCompanionLVLB")	BONUS:VAR|EidolonEvolution|mastervar("Eidolon2EP")
FOLLOWER:EidolonCompanionLVLC=1	TYPE:Eidolon 3												BONUS:VAR|EidolonSize|mastervar("EidolonCompanionLVLC")	BONUS:VAR|EidolonEvolution|mastervar("Eidolon3EP")
FOLLOWER:EidolonCompanionLVLD=1	TYPE:Eidolon 4												BONUS:VAR|EidolonSize|mastervar("EidolonCompanionLVLD")	BONUS:VAR|EidolonEvolution|mastervar("Eidolon4EP")
FOLLOWER:EidolonCompanionLVLE=1	TYPE:Eidolon 5												BONUS:VAR|EidolonSize|mastervar("EidolonCompanionLVLE")	BONUS:VAR|EidolonEvolution|mastervar("Eidolon5EP")
FOLLOWER:EidolonCompanionLVLF=1	TYPE:Eidolon 6												BONUS:VAR|EidolonSize|mastervar("EidolonCompanionLVLF")	BONUS:VAR|EidolonEvolution|mastervar("Eidolon6EP")
FOLLOWER:EidolonCompanionLVLG=1	TYPE:Eidolon 7												BONUS:VAR|EidolonSize|mastervar("EidolonCompanionLVLG")	BONUS:VAR|EidolonEvolution|mastervar("Eidolon7EP")
FOLLOWER:EidolonCompanionLVLH=1	TYPE:Eidolon 8												BONUS:VAR|EidolonSize|mastervar("EidolonCompanionLVLH")	BONUS:VAR|EidolonEvolution|mastervar("Eidolon8EP")
