# CVS $Revision: $ $Author: $ -- Fri Jun 17 21:51:56 2016 -- reformated by PCGen PrettyLST v6.06.00
SOURCELONG:Ultimate Magic	SOURCESHORT:UM	SOURCEWEB:http://paizo.com/pathfinderRPG/v5748btpy8g7s	SOURCEDATE:2011-05
# CVS $Revision: $ $Author: $ -- Wed Sep 18 14:31:37 2013 -- reformated by prettylst.pl v1.50 (build 21406)
# ORIGINAL ENTRY: Douglas Limmer
# ORIGINAL ENTRY DATE: unknown

# Template Name			Visible	Template											Required Size	Natural Attacks

###Block: Alchemist Tentacle discovery templates
# Template Name			Visible	Template											Required Size	Natural Attacks
Alchemist Tentacle		VISIBLE:NO	TEMPLATE:CHOOSE:Medium Alchemist Tentacle|Small Alchemist Tentacle
Medium Alchemist Tentacle	VISIBLE:NO													PRESIZEEQ:M		NATURALATTACKS:Tentacle,Weapon.Natural.Weapon Group Natural.Melee.Finesseable.Bludgeoning,*1,1d4
Small Alchemist Tentacle	VISIBLE:NO													PRESIZEEQ:S		NATURALATTACKS:Tentacle,Weapon.Natural.Weapon Group Natural.Melee.Finesseable.Bludgeoning,*1,1d3

###Block: Template to activate bardic masterpieces
# Template Name		Visible	Ability
Masterpiece Activation	VISIBLE:NO	ABILITY:Special Ability|AUTOMATIC|Masterpiece ~ At the Heart of It All|PREMULT:1,[PRESPELL:1,Masterpiece (At the Heart of It All)],[PREABILITY:1,CATEGORY=FEAT,Masterpiece (At the Heart of It All)]	ABILITY:Special Ability|AUTOMATIC|Masterpiece ~ Cat-Step|PREMULT:1,[PRESPELL:1,Masterpiece (Cat-Step)],[PREABILITY:1,CATEGORY=FEAT,Masterpiece (Cat-Step)]	ABILITY:Special Ability|AUTOMATIC|Masterpiece ~ Dance of 23 Steps|PREMULT:1,[PRESPELL:1,Masterpiece (Dance of 23 Steps)],[PREABILITY:1,CATEGORY=FEAT,Masterpiece (Dance of 23 Steps)]	ABILITY:Special Ability|AUTOMATIC|Masterpiece ~ Depths of the Mountain|PREMULT:1,[PRESPELL:1,Masterpiece (Depths of the Mountain)],[PREABILITY:1,CATEGORY=FEAT,Masterpiece (Depths of the Mountain)]	ABILITY:Special Ability|AUTOMATIC|Masterpiece ~ Dumbshow of Gorroc|PREMULT:1,[PRESPELL:1,Masterpiece (Dumbshow of Gorroc)],[PREABILITY:1,CATEGORY=FEAT,Masterpiece (Dumbshow of Gorroc)]	ABILITY:Special Ability|AUTOMATIC|Masterpiece ~ House of Imaginary Walls|PREMULT:1,[PRESPELL:1,Masterpiece (House of Imaginary Walls)],[PREABILITY:1,CATEGORY=FEAT,Masterpiece (House of Imaginary Walls)]	ABILITY:Special Ability|AUTOMATIC|Masterpiece ~ Legato Piece on the Infernal Bargain|PREMULT:1,[PRESPELL:1,Masterpiece (Legato Piece on the Infernal Bargain)],[PREABILITY:1,CATEGORY=FEAT,Masterpiece (Legato Piece on the Infernal Bargain)]	ABILITY:Special Ability|AUTOMATIC|Masterpiece ~ Lullaby of Ember the Ancient|PREMULT:1,[PRESPELL:1,Masterpiece (Lullaby of Ember the Ancient)],[PREABILITY:1,CATEGORY=FEAT,Masterpiece (Lullaby of Ember the Ancient)]	ABILITY:Special Ability|AUTOMATIC|Masterpiece ~ Minuet of the Midnight Ivy|PREMULT:1,[PRESPELL:1,Masterpiece (Minuet of the Midnight Ivy)],[PREABILITY:1,CATEGORY=FEAT,Masterpiece (Minuet of the Midnight Ivy)]	ABILITY:Special Ability|AUTOMATIC|Masterpiece ~ Quickening Pulse|PREMULT:1,[PRESPELL:1,Masterpiece (Quickening Pulse)],[PREABILITY:1,CATEGORY=FEAT,Masterpiece (Quickening Pulse)]	ABILITY:Special Ability|AUTOMATIC|Masterpiece ~ Requiem of the Fallen Priest-King|PREMULT:1,[PRESPELL:1,Masterpiece (Requiem of the Fallen Priest-King)],[PREABILITY:1,CATEGORY=FEAT,Masterpiece (Requiem of the Fallen Priest-King)]	ABILITY:Special Ability|AUTOMATIC|Masterpiece ~ Stone Face|PREMULT:1,[PRESPELL:1,Masterpiece (Stone Face)],[PREABILITY:1,CATEGORY=FEAT,Masterpiece (Stone Face)]	ABILITY:Special Ability|AUTOMATIC|Masterpiece ~ Toccata and Fugue of the Danse Macabre|PREMULT:1,[PRESPELL:1,Masterpiece (Toccata and Fugue of the Danse Macabre)],[PREABILITY:1,CATEGORY=FEAT,Masterpiece (Toccata and Fugue of the Danse Macabre)]	ABILITY:Special Ability|AUTOMATIC|Masterpiece ~ Triple Time|PREMULT:1,[PRESPELL:1,Masterpiece (Triple Time)],[PREABILITY:1,CATEGORY=FEAT,Masterpiece (Triple Time)]	ABILITY:Special Ability|AUTOMATIC|Masterpiece ~ Winds of the Five Heavens|PREMULT:1,[PRESPELL:1,Masterpiece (Winds of the Five Heavens)],[PREABILITY:1,CATEGORY=FEAT,Masterpiece (Winds of the Five Heavens)]

###Block: Template for Wood Mystery Final Revelation
# Template Name			Visible	Combat bonus				Ability							Main Race Type
Wood Mystery Final Revelation	VISIBLE:NO	BONUS:COMBAT|AC|4|TYPE=Natural	ABILITY:Special Ability|AUTOMATIC|Plant Traits	RACETYPE:Plant

###Block: Template for Planar Oracle Final Revelation
# Template Name				Visible	Damage Reduction	Main Race Type	Race Subtype
Planar Oracle Final Revelation	VISIBLE:NO	DR:10/magic		RACETYPE:Outsider	RACESUBTYPE:Extraplanar

###Block: Familiar template
# Template Name			Visible	Template															Add					Ability										Apply Kit					Bonus Languages
Thrush Familiar Language	VISIBLE:NO																	ADD:LANGUAGE|TYPE=Spoken	ABILITY:Special Ability|AUTOMATIC|Familiar ~ Speak One Language


Starting Gold ~ UM		VISIBLE:NO	TEMPLATE:CHOOSE:Starting Gold UM ~ Random|Starting Gold UM ~ Maximum|Starting Gold UM ~ Average
Starting Gold UM ~ Random	VISIBLE:NO																																	KIT:1|Starting Gold UM ~ Random
Starting Gold UM ~ Maximum	VISIBLE:NO																																	KIT:1|Starting Gold UM ~ Maximum
Starting Gold UM ~ Average	VISIBLE:NO																																	KIT:1|Starting Gold UM ~ Average

Magus Spellbook			VISIBLE:NO																																	KIT:1|Magus Spellbook

Mindchemist Language		VISIBLE:NO																																							LANGBONUS:ALL



Convert Slam to Ranged Slam x1		TEMPLATE:Slam Convert x1
Convert Slam to Ranged Slam			TEMPLATE:CHOOSE:TYPE=SlamConverted

Slam Convert x1	TYPE:SlamConverted	PREVAREQ:SlamAttacks,1	BONUS:VAR|SlamAttacks|-1	BONUS:VAR|RangedSlamAttacks|1
Slam Convert x2	TYPE:SlamConverted	PREVAREQ:SlamAttacks,2	BONUS:VAR|SlamAttacks|-2	BONUS:VAR|RangedSlamAttacks|2
Slam Convert x3	TYPE:SlamConverted	PREVAREQ:SlamAttacks,3	BONUS:VAR|SlamAttacks|-3	BONUS:VAR|RangedSlamAttacks|3
Slam Convert x4	TYPE:SlamConverted	PREVAREQ:SlamAttacks,4	BONUS:VAR|SlamAttacks|-4	BONUS:VAR|RangedSlamAttacks|4
Slam Convert x5	TYPE:SlamConverted	PREVAREQ:SlamAttacks,5	BONUS:VAR|SlamAttacks|-5	BONUS:VAR|RangedSlamAttacks|5
Slam Convert x6	TYPE:SlamConverted	PREVAREQ:SlamAttacks,6	BONUS:VAR|SlamAttacks|-6	BONUS:VAR|RangedSlamAttacks|6
Slam Convert x7	TYPE:SlamConverted	PREVAREQ:SlamAttacks,7	BONUS:VAR|SlamAttacks|-7	BONUS:VAR|RangedSlamAttacks|7
