# CVS $Revision$ $Author$ -- Thu Apr 26 23:59:39 2007 -- reformated by prettylst.pl v1.38 (build 2788)
SOURCELONG:RPGObjects - Darwin's World - World Rules	SOURCESHORT:DarwinWR	SOURCEWEB:http://www.darwinrpg.com
# Original entry by wizofice2001

# ADVANCED - Advanced gets modified Skill Focus with Craft/Knowledge choice; added from CLASSES.LST at 1st Level if PRETEMPLATE:Advanced
# ADVANCED - May use his starting money to buy from the Junk Items, Foodstuffs, Good Juju, Arcanum, Gizmos, and Advanced Weapons categories
# DEGENERATE - May use his starting money to buy from the Junk Items, Good Juju, Gizmos, and Advanced Weapons categories
# FERAL - May use his starting money to buy from the Junk Items and Foodstuffs categories
# GUARDIAN - May use his starting money to buy from the Foodstuffs, Good Juju, Arcanum, Gizmos, and Advanced Weapons categories
# HEDONIST - May use his starting money to buy from the Junk Items, Foodstuffs, Good Juju, Gizmos, and Advanced Weapons categories
# PRIMITIVE - May use his starting money to buy from the Foodstuffs and Good Juju categories
# PRIMITIVE - Cannot implement a CHOOSE a Craft Class skill for Primitive
# RADICAL - May use his starting money to buy from the Junk Items, Good Juju, and Advanced Weapons categories
# RESENTFUL - May use his starting money to buy from the Junk Items and Foodstuffs categories
# RESURRECTOR - May use his starting money to buy from the Junk Items, Good Juju, Arcanum, Gizmos, and Advanced Weapons categories
# RITUAL PRESERVATIONIST - May use his starting money to buy from the Junk Items, Arcanum, Gizmos, and Advanced Weapons categories
# VISIONARY REINVENTOR - May use his starting money to buy from the Good Juju, Arcanum, Gizmos, and Advanced Weapons categories

# Template Name		Product Identity?	Level Adjustment					Source Page			Required Race													Prohibited Template																				Bonus to skill											Stat bonus											Class Skill			FAVOREDCLASS			Feat																									Automatic Languages	Bonus Languages			Removable?		SUBRACE	Optionnal Weapon Prof.						ADD:
Advanced			NAMEISPI:YES	LEVELADJUSTMENT:RacialAdjust+2		SOURCEPAGE:p.16		PRERACE:1,3rd Generation Mutant,Human (DW)								!PRETEMPLATE:Degenerate|Feral|Guardian|Hedonist|Primitive|Radical|Resentful|Resurrector|Ritual Preservationist|Visionary Reinventor															BONUS:STAT|INT|2	BONUS:STAT|WIS|2	BONUS:STAT|CHA|-4				CSKILL:TYPE.Knowledge	FAVOREDCLASS:Thinker		FEAT:Martial Weapon Proficiency|Exotic Weapon Proficiency|All Martial Weapon Proficiencies|All Exotic Weapon Proficiencies					LANGAUTO:Ancient		LANGBONUS:Computer		REMOVABLE:NO	SUBRACE:Yes
Degenerate			NAMEISPI:YES	LEVELADJUSTMENT:RacialAdjust			SOURCEPAGE:p.14		PRERACE:1,1st Generation Mutant,Human (DW)								!PRETEMPLATE:Advanced|Feral|Guardian|Hedonist|Primitive|Radical|Resentful|Resurrector|Ritual Preservationist|Visionary Reinventor															BONUS:STAT|INT|1	BONUS:STAT|CHA|-1											FAVOREDCLASS:Guardian		FEAT:Simple Weapon Proficiency|Martial Weapon Proficiency|All Martial Weapon Proficiencies										LANGAUTO:Gutter Talk	LANGBONUS:Ancient,Computer	REMOVABLE:NO	SUBRACE:Yes
Feral				NAMEISPI:YES	LEVELADJUSTMENT:(RacialAdjust-2)MAX0	SOURCEPAGE:p.12		PRERACE:1,1st Generation Mutant,Human (DW)								!PRETEMPLATE:Advanced|Degenerate|Guardian|Hedonist|Primitive|Radical|Resentful|Resurrector|Ritual Preservationist|Visionary Reinventor	BONUS:SKILL|Handle Animal,Hide,Wilderness Lore|2|TYPE=Racial			BONUS:STAT|STR|2	BONUS:STAT|CON|2	BONUS:STAT|INT|-1	BONUS:STAT|CHA|-2	CSKILL:Animal Empathy	FAVOREDCLASS:Scav			FEAT:Simple Weapon Proficiency																								LANGBONUS:Unislang		REMOVABLE:NO	SUBRACE:Yes
Guardian			NAMEISPI:NO		LEVELADJUSTMENT:RacialAdjust+2		SOURCEPAGE:p.15		PRERACE:1,Human (DW)												!PRETEMPLATE:Advanced|Degenerate|Feral|Hedonist|Primitive|Radical|Resentful|Resurrector|Ritual Preservationist|Visionary Reinventor		BONUS:SKILL|TYPE=Knowledge|2|TYPE=Racial							BONUS:STAT|INT|1	BONUS:STAT|WIS|1	BONUS:STAT|CHA|-2								FAVOREDCLASS:Guardian,Thinker	FEAT:Simple Weapon Proficiency|Martial Weapon Proficiency|Exotic Weapon Proficiency|All Martial Weapon Proficiencies|All Exotic Weapon Proficiencies	LANGAUTO:Ancient		LANGBONUS:Unislang,Computer	REMOVABLE:NO	SUBRACE:Yes
Hedonist			NAMEISPI:YES	LEVELADJUSTMENT:RacialAdjust			SOURCEPAGE:pp.15-16	PRERACE:1,Human (DW)												!PRETEMPLATE:Advanced|Degenerate|Feral|Guardian|Primitive|Radical|Resentful|Resurrector|Ritual Preservationist|Visionary Reinventor		BONUS:SKILL|Perform|2|TYPE=Racial								BONUS:STAT|STR|-1	BONUS:STAT|INT|-1	BONUS:STAT|CHA|2								FAVOREDCLASS:Thinker																											LANGAUTO:Ancient		LANGBONUS:Computer		REMOVABLE:NO	SUBRACE:Yes	WEAPONBONUS:TYPE=Exotic|TYPE=Martial|TYPE=Simple
Primitive			NAMEISPI:YES	LEVELADJUSTMENT:RacialAdjust			SOURCEPAGE:p.12		PRERACE:1,1st Generation Mutant,2nd Generation Mutant							!PRETEMPLATE:Advanced|Degenerate|Feral|Guardian|Hedonist|Radical|Resentful|Resurrector|Ritual Preservationist|Visionary Reinventor		BONUS:SKILL|Handle Animal,Knowledge (Local),Wilderness Lore|2|TYPE=Racial	BONUS:STAT|STR|2	BONUS:STAT|INT|-1							CSKILL:Animal Empathy	FAVOREDCLASS:Scav,Guardian	FEAT:Simple Weapon Proficiency																				LANGAUTO:Unislang		LANGBONUS:Trade			REMOVABLE:NO	SUBRACE:Yes										ADD:CLASSSKILLS|1|TYPE=Craft
Radical			NAMEISPI:NO		LEVELADJUSTMENT:RacialAdjust			SOURCEPAGE:p.13		PRERACE:1,1st Generation Mutant,2nd Generation Mutant,3rd Generation Mutant			!PRETEMPLATE:Advanced|Degenerate|Feral|Guardian|Hedonist|Primitive|Resentful|Resurrector|Ritual Preservationist|Visionary Reinventor														BONUS:STAT|STR|1	BONUS:STAT|INT|-1											FAVOREDCLASS:Raider		FEAT:Simple Weapon Proficiency|Martial Weapon Proficiency|All Martial Weapon Proficiencies										LANGAUTO:Unislang		LANGBONUS:Trade			REMOVABLE:NO	SUBRACE:Yes
Resentful			NAMEISPI:YES	LEVELADJUSTMENT:(RacialAdjust-1)MAX0	SOURCEPAGE:p.13		PRERACE:1,2nd Generation Mutant,3rd Generation Mutant							!PRETEMPLATE:Advanced|Degenerate|Feral|Guardian|Hedonist|Primitive|Radical|Resurrector|Ritual Preservationist|Visionary Reinventor		BONUS:SKILL|Animal Empathy,Wilderness Lore|2|TYPE=Racial				BONUS:STAT|STR|2	BONUS:STAT|INT|-1	BONUS:STAT|WIS|1								FAVOREDCLASS:Scav,Guardian	FEAT:Simple Weapon Proficiency																				LANGAUTO:Unislang		LANGBONUS:Trade			REMOVABLE:NO	SUBRACE:Yes
Resurrector			NAMEISPI:YES	LEVELADJUSTMENT:RacialAdjust+1		SOURCEPAGE:p.14		PRERACE:1,1st Generation Mutant,2nd Generation Mutant,3rd Generation Mutant,Human (DW)	!PRETEMPLATE:Advanced|Degenerate|Feral|Guardian|Hedonist|Primitive|Radical|Resentful|Ritual Preservationist|Visionary Reinventor		BONUS:SKILL|Knowledge (Technology)|2|TYPE=Racial																					FAVOREDCLASS:Thinker,Guardian	FEAT:Simple Weapon Proficiency|Martial Weapon Proficiency|All Martial Weapon Proficiencies										LANGAUTO:Unislang		LANGBONUS:Ancient,Trade		REMOVABLE:NO	SUBRACE:Yes										ADD:CLASSSKILLS|1|TYPE=Knowledge
Ritual Preservationist	NAMEISPI:YES	LEVELADJUSTMENT:(RacialAdjust-1)MAX0	SOURCEPAGE:pp.12-13	PRERACE:1,2nd Generation Mutant										!PRETEMPLATE:Advanced|Degenerate|Feral|Guardian|Hedonist|Primitive|Radical|Resentful|Resurrector|Visionary Reinventor				BONUS:SKILL|Decipher Script,Knowledge (Technology)|2|TYPE=Racial			BONUS:STAT|INT|1	BONUS:STAT|WIS|-1											FAVOREDCLASS:Scav,Thinker	FEAT:Simple Weapon Proficiency																				LANGAUTO:Gutter Talk	LANGBONUS:Unislang,Ancient	REMOVABLE:NO	SUBRACE:Yes	WEAPONBONUS:TYPE=Exotic
Visionary Reinventor	NAMEISPI:YES	LEVELADJUSTMENT:RacialAdjust+1		SOURCEPAGE:pp.14-15	PRERACE:1,1st Generation Mutant,2nd Generation Mutant,3rd Generation Mutant			!PRETEMPLATE:Advanced|Degenerate|Feral|Guardian|Hedonist|Primitive|Radical|Resentful|Resurrector|Ritual Preservationist				BONUS:SKILL|Craft (Tinker)|2|TYPE=Racial							BONUS:STAT|INT|2														FAVOREDCLASS:Thinker		FEAT:Simple Weapon Proficiency|Martial Weapon Proficiency|All Martial Weapon Proficiencies										LANGAUTO:Unislang		LANGBONUS:Gutter Talk,Trade	REMOVABLE:NO	SUBRACE:Yes
