# CVS $Revision: $ $Author: $ -- Wed Sep  3 00:18:24 2014 -- reformated by prettylst.pl v1.51 (build 24947)
SOURCELONG:Psionics Expanded	SOURCESHORT:PsiEx	SOURCEWEB:http://dreamscarredpress.com/dragonfly/index.php	SOURCEDATE:2012-07
# ORIGINAL ENTRY: Douglas Limmer
# ORIGINAL ENTRY DATE: 2013/07/05

###Block: Determines whether a Constructor gets Advanced Construct or Boost Construct
# Template Name				Visible	Template													Required Feat						Prohibited Feat				Bonus Ability Pool				Auto Feat
Improved Constructs Determination	VISIBLE:NO	TEMPLATE:CHOOSE:Get Advanced Constructs|Get Boost Construct|Get Bonus Psionic Feat
Get Advanced Constructs			VISIBLE:NO																							!PREFEAT:1,Advanced Constructs								AUTO:FEAT|Advanced Constructs
Get Boost Construct			VISIBLE:NO																							!PREFEAT:1,Boost Construct									AUTO:FEAT|Boost Construct
Get Bonus Psionic Feat			VISIBLE:NO															PREFEAT:2,Advanced Construct,Boost Construct							BONUS:ABILITYPOOL|Bonus Psionic Feat|1

###Block: Determines Psicrystal Bond choice
# Template Name		Visible	Template										Required Feat			Prohibited Feat				Auto Feat
Psicrystal Bond Choice	VISIBLE:NO	TEMPLATE:CHOOSE:Get Psicrystal Affinity|Get Improved Psicrystal
Get Psicrystal Affinity	VISIBLE:NO																	!PREFEAT:1,Psicrystal Affinity	AUTO:FEAT|Psicrystal Affinity
Get Improved Psicrystal	VISIBLE:NO												PREFEAT:1,Psicrystal Affinity							AUTO:FEAT|Improved Psicrystal

###Block: Determines whether a Metamorph gets Swift Shapeshifter or Master of Forms
# Template Name			Visible	Template												Required Feat							Prohibited Feat				Auto Feat
Quick Shift Determination	VISIBLE:NO	TEMPLATE:CHOOSE:Get Swift Shapeshifter|Get Master of All Forms|Get Nothing
Get Swift Shapeshifter		VISIBLE:NO																							!PREFEAT:1,Swift Shapeshifter		AUTO:FEAT|Swift Shapeshifter
Get Master of All Forms		VISIBLE:NO														PREFEAT:1,Swift Shapeshifter					!PREFEAT:1,Master of All Forms	AUTO:FEAT|Master of All Forms
Get Nothing				VISIBLE:NO														PREFEAT:2,Swift Shapeshifter,Master of All Forms

###Block: Determines whether a Metamorph gets Major Metamorphosis or some other power.
# Template Name				Visible	Template										Req. Known Spell				!PRESPELL					Bonus Ability Pool
Major Metamorphosis Determination	VISIBLE:NO	TEMPLATE:CHOOSE:Get Major Metamorphosis|Get Level Five Power
Get Major Metamorphosis			VISIBLE:NO																		!PRESPELL:1,Metamorphosis (Major)	BONUS:ABILITYPOOL|Metamorph Major Metamorphosis|1
Get Level Five Power			VISIBLE:NO												PRESPELL:1,Metamorphosis (Major)							BONUS:ABILITYPOOL|Metamorph Level Five Power|1

###Block: Failed Transformation templates (where needed)
# Template Name			Size		Visible	Ability								Move			Vision
Failed Transformation Blue	SIZE:S	VISIBLE:NO													VISION:Darkvision (60')
Failed Transformation Duergar			VISIBLE:NO	ABILITY:Special Ability|AUTOMATIC|DuergarDSP ~ Steady	MOVE:Walk,20	VISION:Darkvision (60')
Failed Transformation Dwarf			VISIBLE:NO	ABILITY:Special Ability|AUTOMATIC|Dwarf ~ Steady	MOVE:Walk,20	VISION:Darkvision (60')

###Block: Strengthened By Fear stat choices
# Template Name				Visible	Template																																					Combat bonus										Stat bonus
Strengthened By Fear					TEMPLATE:CHOOSE:Strengthened By Fear (Str/Dex/Con)|Strengthened By Fear (Str/Con/Dex)|Strengthened By Fear (Dex/Str/Con)|Strengthened By Fear (Dex/Con/Str)|Strengthened By Fear (Con/Str/Dex)|Strengthened By Fear (Con/Dex/Str)	BONUS:COMBAT|AC|StrengthenedByFearNABonus|TYPE=InsightNaturalArmor

Strengthened By Fear (Str/Dex/Con)	VISIBLE:NO																																																			BONUS:STAT|STR|StrengthenedByFearStatBonus1|TYPE=Insight	BONUS:STAT|DEX|StrengthenedByFearStatBonus2|TYPE=Insight	BONUS:STAT|CON|StrengthenedByFearStatBonus3|TYPE=Insight
Strengthened By Fear (Str/Con/Dex)	VISIBLE:NO																																																			BONUS:STAT|STR|StrengthenedByFearStatBonus1|TYPE=Insight	BONUS:STAT|CON|StrengthenedByFearStatBonus2|TYPE=Insight	BONUS:STAT|DEX|StrengthenedByFearStatBonus3|TYPE=Insight
Strengthened By Fear (Dex/Str/Con)	VISIBLE:NO																																																			BONUS:STAT|DEX|StrengthenedByFearStatBonus1|TYPE=Insight	BONUS:STAT|STR|StrengthenedByFearStatBonus2|TYPE=Insight	BONUS:STAT|CON|StrengthenedByFearStatBonus3|TYPE=Insight
Strengthened By Fear (Dex/Con/Str)	VISIBLE:NO																																																			BONUS:STAT|DEX|StrengthenedByFearStatBonus1|TYPE=Insight	BONUS:STAT|CON|StrengthenedByFearStatBonus2|TYPE=Insight	BONUS:STAT|STR|StrengthenedByFearStatBonus3|TYPE=Insight
Strengthened By Fear (Con/Str/Dex)	VISIBLE:NO																																																			BONUS:STAT|CON|StrengthenedByFearStatBonus1|TYPE=Insight	BONUS:STAT|STR|StrengthenedByFearStatBonus2|TYPE=Insight	BONUS:STAT|DEX|StrengthenedByFearStatBonus3|TYPE=Insight
Strengthened By Fear (Con/Dex/Str)	VISIBLE:NO																																																			BONUS:STAT|CON|StrengthenedByFearStatBonus1|TYPE=Insight	BONUS:STAT|DEX|StrengthenedByFearStatBonus2|TYPE=Insight	BONUS:STAT|STR|StrengthenedByFearStatBonus3|TYPE=Insight

###Block: Dread Fear Incarnate Template
# Template Name	Visible	Template		Main Race Type
Fear Incarnate	VISIBLE:NO	TEMPLATE:Native	RACETYPE:Outsider

###Block: Battlesense templates
# Template Name				Visible		Choose											Temporary Bonus
Battlesense attack bonus		VISIBLE:DISPLAY	CHOOSE:NUMBER|MIN=1|MAX=5|TITLE=Number of attack bonus choices		TEMPBONUS:ANYPC|COMBAT|TOHIT|%CHOICE|TYPE=Circumstance
Battlesense AC bonus			VISIBLE:DISPLAY	CHOOSE:NUMBER|MIN=1|MAX=5|TITLE=Number of AC bonus choices			TEMPBONUS:ANYPC|COMBAT|AC|%CHOICE|TYPE=Circumstance
Battlesense weapon damage bonus	VISIBLE:DISPLAY	CHOOSE:NUMBER|MIN=1|MAX=5|TITLE=Number of weapon damage bonus choices	TEMPBONUS:ANYPC|COMBAT|DAMAGE.Melee,DAMAGE.Ranged|2*%CHOICE|TYPE=Circumstance
Battlesense speed bonus			VISIBLE:DISPLAY	CHOOSE:NUMBER|MIN=1|MAX=5|TITLE=Number of movement bonus choices		TEMPBONUS:ANYPC|MOVEADD|TYPE.Walk|5*%CHOICE|TYPE=Circumstance

###Block: Activate Advanced Construct abilities
# Template Name		Required Race
Advanced Construct	PRERACE:1,Astral Construct%

###Block: Activate High Psionics
# Template Name	Description
High Psionics	DESC:Add this to activate high psionics options.

###Block: Inner Peace Maenad trait templates
# Template Name		Visible	Required Class Skill						Prohibited Class SKill							Multiple Requirements											Bonus to skill										Class Skill
Inner Peace both		VISIBLE:NO	PRECSKILL:2,Knowledge (Psionics),Knowledge (Religion)																									BONUS:SKILL|Knowledge (Religion),Knowledge (Psionics)|1|TYPE=Trait
Inner Peace religion	VISIBLE:NO																				PREMULT:2,[PRECSKILL:1,Knowledge (Religion)],[!PRECSKILL:1,Knowledge (Psionics)]	BONUS:SKILL|Knowledge (Religion)|1|TYPE=Trait					CSKILL:Knowledge (Psionics)
Inner Peace psionics	VISIBLE:NO																				PREMULT:2,[PRECSKILL:1,Knowledge (Psionics)],[!PRECSKILL:1,Knowledge (Religion)]	BONUS:SKILL|Knowledge (Psionics)|1|TYPE=Trait					CSKILL:Knowledge (Religion)
Inner Peace neither	VISIBLE:NO										!PRECSKILL:1,Knowledge (Psionics),Knowledge (Religion)																											CSKILL:Knowledge (Religion)|Knowledge (Psionics)

#
# End
#
