# CVS $Revision: $ $Author: $ -- Wed Feb  3 13:47:16 2016 -- reformated by PCGen PrettyLST v6.06.00

# Name								Dataformat			Required	Selectable		Visible
FACTDEF:ABILITY|Rogue_CF_FinesseTraining			DATAFORMAT:BOOLEAN	REQUIRED:NO	SELECTABLE:NO	VISIBLE:YES
FACTDEF:ABILITY|Rogue_CF_DebilitatingInjury		DATAFORMAT:BOOLEAN	REQUIRED:NO	SELECTABLE:NO	VISIBLE:YES
FACTDEF:ABILITY|Rogue_CF_RoguesEdge				DATAFORMAT:BOOLEAN	REQUIRED:NO	SELECTABLE:NO	VISIBLE:YES
FACTDEF:ABILITY|Rogue_CF_FinesseTraining2			DATAFORMAT:BOOLEAN	REQUIRED:NO	SELECTABLE:NO	VISIBLE:YES
FACTDEF:ABILITY|Rogue_CF_FinesseTraining3			DATAFORMAT:BOOLEAN	REQUIRED:NO	SELECTABLE:NO	VISIBLE:YES
FACTDEF:ABILITY|Rogue_CF_FinesseTraining4			DATAFORMAT:BOOLEAN	REQUIRED:NO	SELECTABLE:NO	VISIBLE:YES

FACTDEF:ABILITY|Rogue_Archetype_FinesseTraining		DATAFORMAT:BOOLEAN	REQUIRED:NO	SELECTABLE:NO	VISIBLE:YES
FACTDEF:ABILITY|Rogue_Archetype_DebilitatingInjury	DATAFORMAT:BOOLEAN	REQUIRED:NO	SELECTABLE:NO	VISIBLE:YES
FACTDEF:ABILITY|Rogue_Archetype_RoguesEdge		DATAFORMAT:BOOLEAN	REQUIRED:NO	SELECTABLE:NO	VISIBLE:YES
FACTDEF:ABILITY|Rogue_Archetype_FinesseTraining2	DATAFORMAT:BOOLEAN	REQUIRED:NO	SELECTABLE:NO	VISIBLE:YES
FACTDEF:ABILITY|Rogue_Archetype_FinesseTraining3	DATAFORMAT:BOOLEAN	REQUIRED:NO	SELECTABLE:NO	VISIBLE:YES
FACTDEF:ABILITY|Rogue_Archetype_FinesseTraining4	DATAFORMAT:BOOLEAN	REQUIRED:NO	SELECTABLE:NO	VISIBLE:YES

FACTDEF:ABILITY|Monk_CF_KiPowers4				DATAFORMAT:BOOLEAN	REQUIRED:NO	SELECTABLE:NO	VISIBLE:YES
FACTDEF:ABILITY|Monk_CF_KiPowers6				DATAFORMAT:BOOLEAN	REQUIRED:NO	SELECTABLE:NO	VISIBLE:YES
FACTDEF:ABILITY|Monk_CF_KiPowers8				DATAFORMAT:BOOLEAN	REQUIRED:NO	SELECTABLE:NO	VISIBLE:YES
FACTDEF:ABILITY|Monk_CF_KiPowers10				DATAFORMAT:BOOLEAN	REQUIRED:NO	SELECTABLE:NO	VISIBLE:YES
FACTDEF:ABILITY|Monk_CF_KiPowers12				DATAFORMAT:BOOLEAN	REQUIRED:NO	SELECTABLE:NO	VISIBLE:YES
FACTDEF:ABILITY|Monk_CF_KiPowers14				DATAFORMAT:BOOLEAN	REQUIRED:NO	SELECTABLE:NO	VISIBLE:YES
FACTDEF:ABILITY|Monk_CF_KiPowers16				DATAFORMAT:BOOLEAN	REQUIRED:NO	SELECTABLE:NO	VISIBLE:YES
FACTDEF:ABILITY|Monk_CF_KiPowers18				DATAFORMAT:BOOLEAN	REQUIRED:NO	SELECTABLE:NO	VISIBLE:YES
FACTDEF:ABILITY|Monk_CF_KiPowers20				DATAFORMAT:BOOLEAN	REQUIRED:NO	SELECTABLE:NO	VISIBLE:YES

FACTDEF:ABILITY|Monk_Archetype_KiPowers4			DATAFORMAT:BOOLEAN	REQUIRED:NO	SELECTABLE:NO	VISIBLE:YES
FACTDEF:ABILITY|Monk_Archetype_KiPowers6			DATAFORMAT:BOOLEAN	REQUIRED:NO	SELECTABLE:NO	VISIBLE:YES
FACTDEF:ABILITY|Monk_Archetype_KiPowers8			DATAFORMAT:BOOLEAN	REQUIRED:NO	SELECTABLE:NO	VISIBLE:YES
FACTDEF:ABILITY|Monk_Archetype_KiPowers10			DATAFORMAT:BOOLEAN	REQUIRED:NO	SELECTABLE:NO	VISIBLE:YES
FACTDEF:ABILITY|Monk_Archetype_KiPowers12			DATAFORMAT:BOOLEAN	REQUIRED:NO	SELECTABLE:NO	VISIBLE:YES
FACTDEF:ABILITY|Monk_Archetype_KiPowers14			DATAFORMAT:BOOLEAN	REQUIRED:NO	SELECTABLE:NO	VISIBLE:YES
FACTDEF:ABILITY|Monk_Archetype_KiPowers16			DATAFORMAT:BOOLEAN	REQUIRED:NO	SELECTABLE:NO	VISIBLE:YES
FACTDEF:ABILITY|Monk_Archetype_KiPowers18			DATAFORMAT:BOOLEAN	REQUIRED:NO	SELECTABLE:NO	VISIBLE:YES
FACTDEF:ABILITY|Monk_Archetype_KiPowers20			DATAFORMAT:BOOLEAN	REQUIRED:NO	SELECTABLE:NO	VISIBLE:YES

FACTDEF:ABILITY|Summoner_CF_EidolonSubtype			DATAFORMAT:BOOLEAN	REQUIRED:NO	SELECTABLE:NO	VISIBLE:YES
FACTDEF:ABILITY|Summoner_CF_EidolonSubtype_Agathion		DATAFORMAT:BOOLEAN	REQUIRED:NO	SELECTABLE:NO	VISIBLE:YES
FACTDEF:ABILITY|Summoner_CF_EidolonSubtype_Angel		DATAFORMAT:BOOLEAN	REQUIRED:NO	SELECTABLE:NO	VISIBLE:YES
FACTDEF:ABILITY|Summoner_CF_EidolonSubtype_Archon		DATAFORMAT:BOOLEAN	REQUIRED:NO	SELECTABLE:NO	VISIBLE:YES
FACTDEF:ABILITY|Summoner_CF_EidolonSubtype_Azata		DATAFORMAT:BOOLEAN	REQUIRED:NO	SELECTABLE:NO	VISIBLE:YES
FACTDEF:ABILITY|Summoner_CF_EidolonSubtype_Daemon		DATAFORMAT:BOOLEAN	REQUIRED:NO	SELECTABLE:NO	VISIBLE:YES
FACTDEF:ABILITY|Summoner_CF_EidolonSubtype_Demon		DATAFORMAT:BOOLEAN	REQUIRED:NO	SELECTABLE:NO	VISIBLE:YES
FACTDEF:ABILITY|Summoner_CF_EidolonSubtype_Devil		DATAFORMAT:BOOLEAN	REQUIRED:NO	SELECTABLE:NO	VISIBLE:YES
FACTDEF:ABILITY|Summoner_CF_EidolonSubtype_Div			DATAFORMAT:BOOLEAN	REQUIRED:NO	SELECTABLE:NO	VISIBLE:YES
FACTDEF:ABILITY|Summoner_CF_EidolonSubtype_Elemental		DATAFORMAT:BOOLEAN	REQUIRED:NO	SELECTABLE:NO	VISIBLE:YES
FACTDEF:ABILITY|Summoner_CF_EidolonSubtype_Inevitable		DATAFORMAT:BOOLEAN	REQUIRED:NO	SELECTABLE:NO	VISIBLE:YES
FACTDEF:ABILITY|Summoner_CF_EidolonSubtype_Protean		DATAFORMAT:BOOLEAN	REQUIRED:NO	SELECTABLE:NO	VISIBLE:YES
FACTDEF:ABILITY|Summoner_CF_EidolonSubtype_Psychopomp		DATAFORMAT:BOOLEAN	REQUIRED:NO	SELECTABLE:NO	VISIBLE:YES

