# CVS $Revision$ $Author$ -- Fri Jan 25 23:05:47 2008 -- reformated by prettylst.pl v1.38 (build 4314)
SOURCELONG:Dawning Star-Operation Quick Launch	SOURCESHORT:DS-OQL	SOURCEWEB:http://www.dawningstar.com/oql.htm

# Feat Name				Type								Required Feat												Multiple Requirements												Required Skill					Required Stat				Required Text														Special ABility								Define					Stackable?	Multiple?	Choose																			Save checks bonus			Bonus to skill									Modify VAR									Class Skill			Source Page
Alien Friend			TYPE:General																																																																																																																																						SOURCEPAGE:p.45
Blood Blister Survivor		TYPE:General																																										PRESTAT:1,CON=11																																																																																										SOURCEPAGE:p.45
Craftsman				TYPE:General																																			PRESKILL:1,TYPE.Craft=4																																										STACK:NO	MULT:YES	CHOOSE:NUMCHOICES=1|SKILL|TYPE=Craft																		BONUS:SKILL|LIST|2								BONUS:VAR|Reputation|1	BONUS:VAR|Wealth|2							SOURCEPAGE:p.45
Dawning Star Familiarity	TYPE:General																																																PRETEXT:Must have spent at least 3 years living on Dawning Star						SAB:Dawning Star Familiarity +%|DawningStarFamiliarity	DEFINE:DawningStarFamiliarity|0																																									BONUS:VAR|Wealth|2	BONUS:VAR|DawningStarFamiliarity|1					SOURCEPAGE:p.45
Eos Freedom League Member	TYPE:General																																																PRETEXT:Must have spent time training with the Eos Freedom League, Eos Freedom League Alliance																																																																							SOURCEPAGE:p.45
Explorer Training			TYPE:General.Dedicated.DedicatedFavored																															PRESKILL:1,Survival=6																																																																																																SOURCEPAGE:p.45
Faction Camp Familiarity	TYPE:General																																																PRETEXT:Must have spent at least 3 years living in one of the faction camps																				STACK:NO	MULT:YES	CHOOSE:STRING|Broken Town|Delhi|Hapeville|Lanners Crossing|Rogers Point|Shackleton|Steel End|Sun City|Sunder Ridge						BONUS:SKILL|Bluff|2																						SOURCEPAGE:p.45
Iron Scar Familiarity		TYPE:General																																																PRETEXT:Must have spent at least 3 years living in Iron Scar																																														BONUS:CHECKS|Fortitude|1																										SOURCEPAGE:p.45
Master Craftsman			TYPE:General						PREFEAT:1,Craftsman																										PRESKILL:1,TYPE.Craft=10																																									STACK:NO	MULT:YES	CHOOSE:NUMCHOICES=1|SKILL|TYPE=Craft																		BONUS:SKILL|LIST|1								BONUS:VAR|Reputation|2	BONUS:VAR|Wealth|3							SOURCEPAGE:p.46
Master Trader			TYPE:General.Charismatic.CharismaticPreferred																																					PRESTAT:1,CHA=13																																																																	BONUS:SKILL|Barter,Profession|2																				SOURCEPAGE:p.46
Measure of the City		TYPE:General																																			PRESKILL:2,Gather Information=6,Spot=6	PRESTAT:1,INT=13																																																																																										SOURCEPAGE:p.46
Mounted Combat			TYPE:General.Fast.FastPreferred																																PRESKILL:1,Ride=1																																																																																																	SOURCEPAGE:p.46
Mounted Gunplay			TYPE:General.Fast.FastPreferred			PREFEAT:1,Mounted Combat																									PRESKILL:1,Ride=3																																																																																																	SOURCEPAGE:p.46
Public Speaker			TYPE:General.Charismatic.CharismaticPreferred																																																																																																																																	SOURCEPAGE:p.46
Republic Militia Member		TYPE:General																																																PRETEXT:Must have spent time training with the Republic Militia, Republic Militia Allegiance																																																																							SOURCEPAGE:p.46
Species Familiarity		TYPE:General																																																																																																																																						SOURCEPAGE:p.46
Street Irregulars			TYPE:General						PREFEAT:1,Dawning Star Familiarity,Faction Camp Familiarity,Iron Scar Familiarity																							PRESTAT:1,CHA=13																																																																																										SOURCEPAGE:p.46
Technological Aptitude		TYPE:General.Smart.SmartPreferred																	PREMULT:1,[PREFEAT:1,Utilize Alien Technology],[PRESKILL:1,Knowledge (Technology)=10]								PRESTAT:1,INT=13																																																																																										SOURCEPAGE:p.47
Tentaari Approved Diplomat	TYPE:General																																			PRESKILL:1,Diplomacy=6				PRESTAT:3,CHA=13,INT=13,WIS=13																																																																																							SOURCEPAGE:p.47
Terraforming Training		TYPE:General																																										PRESTAT:1,INT=15																																																																	BONUS:SKILL|Knowledge (Earth and Life Sciences),Terraforming|2											CSKILL:Terraforming	SOURCEPAGE:p.47
Velin Exorcism Dancer		TYPE:General																				PREMULT:1,[PRERACE:1,Velin],[PREFEAT:1,Velin Tribal Guest]						PRESKILL:1,Perform (Dance)=6																																																																																															SOURCEPAGE:p.47
Velin Tribal Guest		TYPE:General																																																PRETEXT:Velin allegiance																																																																																		SOURCEPAGE:p.47
