# CVS $Revision$ $Author$ -- Thu Apr 26 23:59:39 2007 -- reformated by prettylst.pl v1.38 (build 2788)
SOURCELONG:Blood and Blades - The Profilers Guide to Slashers	SOURCESHORT:BloodBlades	SOURCEWEB:http://www.rpgobjects.com/index.php?page=pro&product_id=141
#Original entry by: Frank Kliewe and Paul W. King

###Arawnite Guardian: Pass without Trace spell does not exist in modern. Should it be borrowed from Fantasy? I usually only do
#that for spell-like abilities, because they are part of what defines a creature. For a class it is just a choice that is missing.

# Class Name			Output Name				Hit Dice	Type			Max Level	Source Page		Save checks bonus												Combat bonus			Modify VAR
CLASS:Bounty Hunter (BNB)	OUTPUTNAME:Bounty Hunter	HD:6		TYPE:PC.Advanced	MAXLEVEL:10	SOURCEPAGE:p.13	BONUS:CHECKS|BASE.Fortitude|CL/3	BONUS:CHECKS|BASE.Reflex,BASE.Will|(CL+3)*2/5	BONUS:COMBAT|BAB|(CL*3)/4	BONUS:VAR|ClassDefense|CL/2+1	BONUS:VAR|Reputation|CL/3+1	BONUS:VAR|Action|CL*6
# Class Name			Req. Att.	Required Skill
CLASS:Bounty Hunter (BNB)	PREATT:2	PRESKILL:3,Investigate,Listen,Sense Motive=6
# Class Name			Skill Pts/Lvl	Class Skill
CLASS:Bounty Hunter (BNB)	STARTSKILLPTS:5	CSKILL:Bluff|Computer Use|Disable Device|Drive|Forgery|Gather Information|Intimidate|Investigate|Knowledge (Behavioral Sciences)|Knowledge (Civics)|Knowledge (Current Events)|Knowledge (Streetwise)|Listen|Profession|Read/Write Language|Research|Sense Motive|Speak Language|Spot
1									AUTO:FEAT|Track
2	SA:Low-level Contact(Ex)
3												ADD:FEAT|1|TYPE.BountyHunterBNB
4	SA:Nonlethal Force(Ex)
5	SA:Mid-level Contact(Ex)
6												ADD:FEAT|1|TYPE.BountyHunterBNB
7	SA:Discern Lie(Ex)	SA:Swift Tracker(Ex)
8	SA:High-level Contact(Ex)
9												ADD:FEAT|1|TYPE.BountyHunterBNB
10	SA:Sixth Sense(Su)

# Class Name		Output Name			Hit Dice	Type			Max Level	Source Page		Save checks bonus												Combat bonus		Modify VAR
CLASS:Profiler (BNB)	OUTPUTNAME:Profiler	HD:6		TYPE:PC.Advanced	MAXLEVEL:10	SOURCEPAGE:p.15	BONUS:CHECKS|BASE.Fortitude|(CL+3)*2/5	BONUS:CHECKS|BASE.Reflex,BASE.Will|CL/2+2	BONUS:COMBAT|BAB|CL/2	BONUS:VAR|ClassDefense|CL/3+1	BONUS:VAR|Reputation|CL/3+2	BONUS:VAR|Action|CL*6
# Class Name		Required Feat		Required Skill
CLASS:Profiler (BNB)	PREFEAT:1,Attentive	PRESKILL:3,Knowledge (Bahvioral),Sense Motive=6	PRESKILL:1,Gather Information=3
# Class Name		Skill Pts/Lvl	Class Skill
CLASS:Profiler (BNB)	STARTSKILLPTS:7	CSKILL:Craft (Visual Art)|Craft (Writing)|Decipher Script|Diplomacy|Disguise|Gather Information|Intimidate|Investigate|Knowledge (Behavioral Sciences)|Knowledge (Current Events)|Knowledge (Popular Culture)|Knowledge (Streetwise)|Profession|Read/Write Language|Research|Sense Motive|Speak Language|Spot
1	SA:Profile(Ex)
2	SA:Read Target +%|ReadTarget	BONUS:VAR|ReadTarget|1	DEFINE:ReadTarget|0
3														ADD:FEAT|1|TYPE.ProfilerBNB
4	SA:Identify Motive(Ex)
5	SA:Enhanced Profile(Ex)
6						BONUS:VAR|ReadTarget|1					ADD:FEAT|1|TYPE.ProfilerBNB
7	SA:Anticipate Move(Ex)
8						BONUS:VAR|ReadTarget|2
9														ADD:FEAT|1|TYPE.ProfilerBNB
10	SA:Mindhunter(Ex)			BONUS:VAR|ReadTarget|2

###Slasher Advanced Classes

# Class Name	Hit Dice	Type					Abbreviation	Max Level	Source Page		Save checks bonus												Combat bonus		Modify VAR
CLASS:Alter Ego	HD:6		TYPE:PC.Advanced.Slasher	ABB:AEgo		MAXLEVEL:10	SOURCEPAGE:p.46	BONUS:CHECKS|BASE.Fortitude,BASE.Will|(CL+3)*2/5	BONUS:CHECKS|BASE.Reflex|CL/3	BONUS:COMBAT|BAB|CL*3/4	BONUS:VAR|ClassDefense|(CL+1)*2/5+1	BONUS:VAR|Reputation|(CL+2)/3	BONUS:VAR|Action|6
# Class Name	Required Feat												Var. Max. Value
CLASS:Alter Ego	PREFEAT:2,Mental Disorder (Dissociative),Slasher Occupation (Organized Killer)	PREVARLTEQ:CurrentSanity,-10
# Class Name	Skill Pts/Lvl	Class Skill
CLASS:Alter Ego	STARTSKILLPTS:3	CSKILL:Bluff|Diplomacy|Disguise|Forgery|Intimidate|Hide|Listen|Move Silently|Perform (Act)|Profession|Read/Write Language|Repair|Search|Sense Motive|Sleight of Hand|Speak Language|Spot
1	SA:Other Personality(Ex)
2	SA:Signature(Ex)							BONUS:SKILL|Forgery|CL|TYPE=Insight
3	SA:Ladykiller +%|Ladykiller	BONUS:VAR|Ladykiller|2								DEFINE:Ladykiller|0
4	SA:Peep(Ex)								BONUS:SKILL|Spot|4
5	SA:Hear Voices(Ex)
6						BONUS:VAR|Ladykiller|2
7	SA:Master of Disguise(Ex)					BONUS:SKILL|Disguise|CL*2|TYPE=Competence
8	SA:Truthful(Ex)							BONUS:SKILL|Bluff|CL|TYPE=Insight
9	SA:Mental Retreat(Ex)
10						BONUS:VAR|Ladykiller|2

# Class Name		Hit Dice	Type					Max Level	Source Page		Save checks bonus											Combat bonus		Modify VAR
CLASS:Arawnite Guardian	HD:6		TYPE:PC.Advanced.Slasher	MAXLEVEL:10	SOURCEPAGE:p.46	BONUS:CHECKS|BASE.Fortitude,BASE.Will|CL/2+2	BONUS:CHECKS|BASE.Reflex|CL/3	BONUS:COMBAT|BAB|CL*3/4	BONUS:VAR|ClassDefense|(CL+1)*2/5+1	BONUS:VAR|Reputation|CL/2+1	BONUS:VAR|Action|6
# Class Name		Required Skill							Required Text
CLASS:Arawnite Guardian	PRESKILL:1,Knowledge (Theology and Philosophy)=6	PRETEXT:Allegiance to Arawn
# Class Name		Skill Pts/Lvl	Class Skill
CLASS:Arawnite Guardian	STARTSKILLPTS:4	CSKILL:Concentration|TYPE.Craft|Diplomacy|Handle Animal|Treat Injury|Knowledge (Earth and Life Sciences)|Listen|Profession|Ride|Spellcraft|Spot|Survival|Swim
# Class Name		Spell Stat		Spell Type		Memorize	Automaticaly Known Spell Levels					Caster level
CLASS:Arawnite Guardian	SPELLSTAT:WIS	SPELLTYPE:Divine	MEMORIZE:NO	KNOWNSPELLS:LEVEL=0|LEVEL=1|LEVEL=2|LEVEL=3|LEVEL=4|LEVEL=5	BONUS:CASTERLEVEL|Arawnite Guardian|CL
###Block:Spells
1	SPELLLEVEL:CLASS|Arawnite Guardian=0|Create Water,Detect Magical Aura,Light,Mending,Read Magic,Resistance,Virtue
1	SPELLLEVEL:CLASS|Arawnite Guardian=1|Bane,Bless,Cause Fear,Clean,Command,Cure Light Wounds,Degauss,Faerie Fire,Jump,Magic Weapon,Obscuring Mist,Feather Fall (Spell),Mask Metal,Power Device,Sanctuary,Sleep,Trace Purge
#1	SPELLLEVEL:CLASS|Arawnite Guardian=1|Bane,Bless,Cause Fear,Clean,Command,Cure Light Wounds,Degauss,Faerie Fire,Jump,Magic Weapon,Obscuring Mist,Pass without Trace,Feather Fall (Spell),Mask Metal,Power Device,Sanctuary,Sleep,Trace Purge
1	SPELLLEVEL:CLASS|Arawnite Guardian=2|Augury,Burglar's Buddy,Cure Moderate Wounds,Enhance Ability,Glitterdust,Invisibility,Knock (Spell),Locate Object,Machine Invisibility,Protection from Arrows/Bullets,Shield Other,Spider Climb (Spell)
1	SPELLLEVEL:CLASS|Arawnite Guardian=3|Cure Serious Wounds,Electromagnetic Pulse,Gaseous Form,Hold Person,Invisibility Sphere,Nondetection,Prayer,Recharge,Shutdown,Status
1	SPELLLEVEL:CLASS|Arawnite Guardian=4|Bestow Curse,Confusion,Cure Critical Wounds,Divination,Fear,Scrying,Wire Walk
1	SPELLLEVEL:CLASS|Arawnite Guardian=5|Flaming Wrath,Greater Command,Hold Monster,Passwall,Secret Vault,Synchronicity
###Block:Standard Block
1	CAST:3,2		VISION:Darkvision (60')											LANGAUTO:Ogham
2	CAST:4,3						SA:Dark Blessing(Su)		BONUS:CHECKS|ALL|max(0,CHA)
3	CAST:4,3,2						SA:Trackless Step(Ex)
4	CAST:5,4,3						SA:Aura of Despair(Su)
5	CAST:5,4,3,2																		ADD:FEAT|1|Evasion
6	CAST:5,4,4,3																		ADD:FEAT|1|Uncanny Dodge I,Uncanny Dodge II
7	CAST:6,5,4,3,2					SA:Slippery Mind(Ex)
8	CAST:6,5,4,4,3					SA:Hide in Plain Sight(Su)
9	CAST:6,5,5,4,3,2					SA:Venom Immunity(Ex)
10	CAST:6,5,5,4,4,3					SA:Improved Evasion(Ex)

# Class Name	Hit Dice	Type					Max Level	Source Page		Save checks bonus												Combat bonus		Modify VAR
CLASS:Mad Genius	HD:6		TYPE:PC.Advanced.Slasher	MAXLEVEL:10	SOURCEPAGE:p.48	BONUS:CHECKS|BASE.Fortitude,BASE.Reflex|CL/3	BONUS:CHECKS|BASE.Will|(CL+3)*2/5	BONUS:COMBAT|BAB|CL/2	BONUS:VAR|ClassDefense|(CL+1)/3	BONUS:VAR|Reputation|(CL+2)/3	BONUS:VAR|Action|6
# Class Name	Required Feat				Required Stat	Var. Max. Value
CLASS:Mad Genius	PREFEAT:1,Occupation (Academic)	PRESTAT:1,INT=18	PREVARLTEQ:CurrentSanity|-10
# Class Name	Skill Pts/Lvl	Class Skill
CLASS:Mad Genius	STARTSKILLPTS:6	CSKILL:Bluff|Diplomacy|Disguise|Forgery|Intimidate|Hide|Listen|Move Silently|Perform (Act)|Profession|Read/Write Language|Repair|Search|Sense Motive|Sleight of Hand|Speak Language|Spot
1	SA:Trapmaster(Ex)
2	SA:Scientific Improvisation(Ex)
3	SA:Mad Knowledge(Ex) +% Bonus|CL+INT+2*(skillinfo("RANK","Knowledge (History)")>=5)
4	SA:Medical Mastery(Ex)
5	SA:Fascinate(Ex)
6	SA:Suggestion(Ex) Will save DC %|10+CL/2+CHA
7	SA:Smart Survival(Ex)
8															ADD:FEAT|1|Smart Weapon
9	SA:One Step Ahead(Ex)
10	SA:Sow Distrust(Ex) Will save DC %|10+CL/2+CHA

# Class Name	Hit Dice	Type					Max Level	Source Page		Save checks bonus											Combat bonus		Modify VAR
CLASS:Psychogene	HD:4		TYPE:PC.Advanced.Slasher	MAXLEVEL:10	SOURCEPAGE:p.50	BONUS:CHECKS|BASE.Fortitude,BASE.Reflex|CL/3	BONUS:CHECKS|BASE.Will|CL/2+2	BONUS:COMBAT|BAB|CL/2	BONUS:VAR|ClassDefense|CL/2+1	BONUS:VAR|Reputation|CL/3	BONUS:VAR|Action|6
# Class Name	Required Feat																																	Required Skill						Var. Max. Value
CLASS:Psychogene	PREFEAT:1,Wild Talent,Wild Talent (Burst),Wild Talent (Daze),Wild Talent (Detect Psionics),Wild Talent (Far Hand),Wild Talent (Far Punch),Wild Talent (Finger of Fire),Wild Talent (Missive),Wild Talent (Verve)	PRESKILL:3,Bluff,Diplomacy,Gather Information=6	PREVARLTEQ:CurrentSanity,-10
# Class Name	Skill Pts/Lvl	Class Skill
CLASS:Psychogene	STARTSKILLPTS:4	CSKILL:Autohypnosis|Bluff|Concentration|Diplomacy|Gather Information|Knowledge (Behavioral Sciences)|Knowledge (Current Events)|Knowledge (Popular Culture)|Knowledge (Theology and Philosophy)|Profession|Psicraft|Read/Write Language|Sense Motive|Speak Language
# Class Name	Spell Stat		Spell Type		Memorize	Caster level
CLASS:Psychogene	SPELLSTAT:SPELL	SPELLTYPE:Psionic	MEMORIZE:NO	BONUS:CASTERLEVEL|Psychogene|CL
###Block: Psionic subtype, BasePowerPoints, BonusPowerPoints
1	BONUS:VAR|PsychogeneML|cl("Psychogene")	BONUS:VAR|PsychogeneML|var("BL=Psychogene")				DEFINE:PsychogeneML|0	AUTO:FEAT|PsionicClass
1	BONUS:VAR|BasePowerPoints|2
1	BONUS:VAR|BasePowerPoints|1|PREVARGTEQ:PsychogeneML,2	BONUS:VAR|BasePowerPoints|1|PREVARGTEQ:PsychogeneML,3
1	BONUS:VAR|BasePowerPoints|1|PREVARGTEQ:PsychogeneML,4	BONUS:VAR|BasePowerPoints|3|PREVARGTEQ:PsychogeneML,5
1	BONUS:VAR|BasePowerPoints|3|PREVARGTEQ:PsychogeneML,6	BONUS:VAR|BasePowerPoints|5|PREVARGTEQ:PsychogeneML,7
1	BONUS:VAR|BasePowerPoints|5|PREVARGTEQ:PsychogeneML,8	BONUS:VAR|BasePowerPoints|5|PREVARGTEQ:PsychogeneML,9
1	BONUS:VAR|BasePowerPoints|7|PREVARGTEQ:PsychogeneML,10
###Block: powers
1	SPELLLEVEL:CLASS|Psychogene=0|Daze,Far Hand,Far Punch,Missive
1	SPELLLEVEL:CLASS|Psychogene=1|Combat Precognition,Control Object,Create Sound,Lesser Concussion,Lesser Mindlink,White Noise
1	SPELLLEVEL:CLASS|Psychogene=2|Combat Prescience,Concussion,Control Object (Mass),Sensitivity to Psychic Impressions
1	SPELLLEVEL:CLASS|Psychogene=3|False Sensory Input,Mindlink
1	SPELLLEVEL:CLASS|Psychogene=4|Force Mindlink,Inertial Barrier,Psychofeedback,Short Sharp Shock,Telekinesis
###Block: standard
1	KNOWN:2		SA:Psionic Skills
2	KNOWN:3
3	KNOWN:3,1
4	KNOWN:3,2
5	KNOWN:3,3,1
6	KNOWN:3,3,2
7	KNOWN:3,3,2,1
8	KNOWN:3,3,3,1
9	KNOWN:3,3,3,2
10	KNOWN:3,3,3,2,1

# Class Name	Hit Dice	Type					Max Level	Source Page		Save checks bonus												Combat bonus		Modify VAR
CLASS:Stalker	HD:8		TYPE:PC:Advanced.Slasher	MAXLEVEL:10	SOURCEPAGE:p.51	BONUS:CHECKS|BASE.Fortitude,BASE.Will|CL/3	BONUS:CHECKS|BASE.Reflex|CL/2+2	BONUS:COMBAT|BAB|CL/2	BONUS:VAR|ClassDefense|(CL+1)*2/3	BONUS:VAR|Reputation|(CL+2)/3	BONUS:VAR|Action|6
# Class Name	Req. Att.	Required Skill				Var. Max. Value
CLASS:Stalker	PREATT:2	PRESKILL:2,Hide,Move Silently=6	PREVARLTEQ:CurrentSanity,-10
# Class Name	Skill Pts/Lvl	Class Skill
CLASS:Stalker	STARTSKILLPTS:6	CSKILL:Balance|Climb|Disable Device|Disguise|Escape Artist|Hide|Investigate|Jump|Listen|Move Silently|Read/Write Language|Search|Sleight of Hand|Speak Language|Spot|Tumble
1					SA:Death Attack (Fortitude DC %)|10+CL+INT	BONUS:VAR|SneakAttack|1	AUTO:FEAT|Sneak Attack	ADD:FEAT|1|Weapon Focus
2																					ADD:FEAT|1|Weapon Specialization
3	VISION:Darkvision (60')									BONUS:VAR|SneakAttack|1
4					SA:Right Behind You (Su)												ADD:FEAT|1|TYPE.Stalker
5																					ADD:FEAT|1|Improved Critical
6													BONUS:VAR|SneakAttack|1					ADD:FEAT|1|TYPE.Stalker
7					SA:Hide in Plain Sight (Su)
8													BONUS:VAR|SneakAttack|1					ADD:FEAT|1|Greater Weapon Specialization
9					SA:Without a Trace (Ex)
10					SA:Critical Strike (Ex)					BONUS:VAR|SneakAttack|1
