# CVS $Revision$ $Author$ -- Fri Oct 19 20:16:09 2012 -- reformated by prettylst.pl v1.39 (build 15052)
SOURCELONG:The Tome of Horrors Revised	SOURCESHORT:ToHr	SOURCEWEB:http://www.necromancergames.com/	SOURCEDATE:2002-01
# Initial Author: Aaron Divinsky <boomer70@yahoo.com>

### ERRATA: Skill totals are not possible
###         Balance +1 Stat +4 Racial = +5 OK
###         Hide -4 Size +1 Stat +3 Ranks = +0 OK
###         Jump +4 Speed +4 Stat +4 Racial = +12 listed as +6
###         Listen +2 Stat +2 Ranks = +4 OK
###         Spot +2 Stat +2 Ranks = +4 OK
###         Swim +4 Stat +4 Racial = +8 listed as +7
###         9 skill points left over.
STARTPACK:Babbler Default	TYPE:DefaultMonster.MagicalBeast	VISIBLE:QUALIFY	EQUIPBUY:0	PREMULT:1,[!PRERACE:1,%],[PRERACE:1,Babbler]
ALIGN:CE
RACE:Babbler	!PRERACE:1,%
NAME:Babbler
STAT:STR=10|DEX=11|CON=10|INT=10|WIS=10|CHA=11
SKILL:Listen	RANK:2
SKILL:Spot		RANK:2
SKILL:Hide		RANK:3
FEAT:Improved Initiative
FEAT:Multiattack

STARTPACK:Banderlog Default	TYPE:DefaultMonster.MonstrousHumanoid	VISIBLE:QUALIFY	EQUIPBUY:0	PREMULT:1,[!PRERACE:1,%],[PRERACE:1,Banderlog]
ALIGN:TN
RACE:Banderlog	!PRERACE:1,%
NAME:Banderlog
STAT:STR=11|DEX=10|CON=10|INT=10|WIS=10|CHA=10
SKILL:Climb		RANK:3
SKILL:Listen	RANK:2
SKILL:Spot		RANK:2
FEAT:Alertness
FEAT:Weapon Focus (Coconut)
GEAR:Club		SIZE:PC	LOCATION:Primary Hand
GEAR:Coconut	SIZE:PC	LOCATION:Carried

STARTPACK:Baric Default	TYPE:DefaultMonster.MagicalBeast	VISIBLE:QUALIFY	EQUIPBUY:0	PREMULT:1,[!PRERACE:1,%],[PRERACE:1,Baric]
ALIGN:TN
RACE:Baric	!PRERACE:1,%
NAME:Baric
STAT:STR=10|DEX=11|CON=11|INT=10|WIS=10|CHA=10
SKILL:Listen	RANK:3
SKILL:Spot		RANK:2
FEAT:Multiattack

STARTPACK:Barrow Wight Default	TYPE:DefaultMonster.Undead	VISIBLE:QUALIFY	EQUIPBUY:0	PREMULT:1,[!PRERACE:1,%],[PRERACE:1,Barrow Wight]
ALIGN:CE
RACE:Barrow Wight	!PRERACE:1,%
NAME:Barrow Wight
STAT:STR=10|DEX=10|INT=11|WIS=11|CHA=10
SKILL:Climb			RANK:6
SKILL:Hide			RANK:6
SKILL:Listen		RANK:6
SKILL:Move Silently	RANK:6
SKILL:Search		RANK:6
SKILL:Spot			RANK:6
FEAT:Alertness
FEAT:Blind Fight
FEAT:Power Attack

STARTPACK:Basidirond Default	TYPE:DefaultMonster.Plant	VISIBLE:QUALIFY	EQUIPBUY:0	PREMULT:1,[!PRERACE:1,%],[PRERACE:1,Basidirond]
ALIGN:TN
RACE:Basidirond	!PRERACE:1,%
NAME:Basidirond
STAT:STR=11|DEX=11|CON=10|WIS=11|CHA=11

STARTPACK:Basilisk (Greater) Default	TYPE:DefaultMonster.MagicalBeast	VISIBLE:QUALIFY	EQUIPBUY:0	PREMULT:1,[!PRERACE:1,%],[PRERACE:1,Basilisk (Greater)]
ALIGN:TN
RACE:Basilisk (Greater)	!PRERACE:1,%
NAME:Basilisk, Greater
STAT:STR=11|DEX=10|CON=10|INT=10|WIS=10|CHA=10
SKILL:Listen	RANK:5
SKILL:Spot		RANK:5
SKILL:Hide		RANK:3
FEAT:Alertness
FEAT:Great Fortitude
FEAT:Multiattack
FEAT:Power Attack

STARTPACK:Bat (Doombat) Default	TYPE:DefaultMonster.MagicalBeast	VISIBLE:QUALIFY	EQUIPBUY:0	PREMULT:1,[!PRERACE:1,%],[PRERACE:1,Bat (Doombat)]
ALIGN:NE
RACE:Bat (Doombat)	!PRERACE:1,%
NAME:Doombat
STAT:STR=11|DEX=10|CON=11|INT=10|WIS=10|CHA=10
SKILL:Listen	RANK:5
SKILL:Spot		RANK:4
FEAT:Alertness
FEAT:Stealthy
FEAT:Skill Focus (Move Silently)

STARTPACK:Bat (Mobat) Default	TYPE:DefaultMonster.MagicalBeast	VISIBLE:QUALIFY	EQUIPBUY:0	PREMULT:1,[!PRERACE:1,%],[PRERACE:1,Bat (Mobat)]
ALIGN:TN
RACE:Bat (Mobat)	!PRERACE:1,%
NAME:Mobat
STAT:STR=11|DEX=10|CON=11|INT=10|WIS=10|CHA=10
SKILL:Listen		RANK:3
SKILL:Spot			RANK:3
SKILL:Move Silently	RANK:2
FEAT:Flyby Attack
FEAT:Weapon Finesse
FEAT:Alertness
FEAT:Stealthy
FEAT:Skill Focus (Move Silently)

STARTPACK:Beetle (Giant Boring) Default	TYPE:DefaultMonster.Vermin	VISIBLE:QUALIFY	EQUIPBUY:0	PREMULT:1,[!PRERACE:1,%],[PRERACE:1,Beetle (Giant Boring)]
ALIGN:TN
RACE:Beetle (Giant Boring)	!PRERACE:1,%
NAME:Beetle, Giant Boring
STAT:STR=10|DEX=10|CON=11|WIS=10|CHA=11

STARTPACK:Beetle (Giant Death Watch) Default	TYPE:DefaultMonster.Vermin	VISIBLE:QUALIFY	EQUIPBUY:0	PREMULT:1,[!PRERACE:1,%],[PRERACE:1,Beetle (Giant Death Watch)]
ALIGN:TN
RACE:Beetle (Giant Death Watch)	!PRERACE:1,%
NAME:Beetle, Giant Death Watch
STAT:STR=11|DEX=10|CON=11|WIS=10|CHA=11

STARTPACK:Beetle (Giant Rhinoceros) Default	TYPE:DefaultMonster.Vermin	VISIBLE:QUALIFY	EQUIPBUY:0	PREMULT:1,[!PRERACE:1,%],[PRERACE:1,Beetle (Giant Rhinoceros)]
ALIGN:TN
RACE:Beetle (Giant Rhinoceros)	!PRERACE:1,%
NAME:Beetle, Giant Rhinoceros
STAT:STR=11|DEX=10|CON=11|WIS=10|CHA=11

STARTPACK:Beetle (Giant Slicer) Default	TYPE:DefaultMonster.Vermin	VISIBLE:QUALIFY	EQUIPBUY:0	PREMULT:1,[!PRERACE:1,%],[PRERACE:1,Beetle (Giant Slicer)]
ALIGN:TN
RACE:Beetle (Giant Slicer)	!PRERACE:1,%
NAME:Beetle, Giant Slicer
STAT:STR=11|DEX=10|CON=11|WIS=10|CHA=11

STARTPACK:Belabra Default	TYPE:DefaultMonster.Aberration	VISIBLE:QUALIFY	EQUIPBUY:0	PREMULT:1,[!PRERACE:1,%],[PRERACE:1,Belabra]
ALIGN:TN
RACE:Belabra	!PRERACE:1,%
NAME:Belabra
STAT:STR=10|DEX=11|CON=11|INT=11|WIS=10|CHA=11
SKILL:Listen		RANK:3
SKILL:Move Silently	RANK:1
SKILL:Spot			RANK:3
FEAT:Alertness
FEAT:Toughness

### ERRATA: Listen and Spot can not have 11 ranks (excedes MAXRANK of 10)
STARTPACK:Bhuta Default	TYPE:DefaultMonster.Undead	VISIBLE:QUALIFY	EQUIPBUY:0	PREMULT:1,[!PRERACE:1,%],[PRERACE:1,Bhuta]
ALIGN:LE|NE|CE
RACE:Bhuta	!PRERACE:1,%
NAME:Bhuta
STAT:STR=10|DEX=10|INT=10|WIS=10|CHA=10
SKILL:Escape Artist	RANK:8
SKILL:Hide			RANK:5
SKILL:Intimidate		RANK:7
SKILL:Listen		RANK:10
SKILL:Move Silently	RANK:8
SKILL:Spot			RANK:10
FEAT:Power Attack
FEAT:Toughness
FEAT:Weapon Focus (Claw)

STARTPACK:Blindheim Default	TYPE:DefaultMonster.Aberration	VISIBLE:QUALIFY	EQUIPBUY:0	PREMULT:1,[!PRERACE:1,%],[PRERACE:1,Blindheim]
ALIGN:CE
RACE:Blindheim	!PRERACE:1,%
NAME:Blindheim
STAT:STR=10|DEX=10|CON=11|INT=10|WIS=10|CHA=10
SKILL:Hide		RANK:3
SKILL:Listen	RANK:4
FEAT:Alertness
FEAT:Weapon Finesse

STARTPACK:Blood Hawk Default	TYPE:DefaultMonster.MagicalBeast	VISIBLE:QUALIFY	EQUIPBUY:0	PREMULT:1,[!PRERACE:1,%],[PRERACE:1,Blood Hawk]
ALIGN:TN
RACE:Blood Hawk	!PRERACE:1,%
NAME:Blood Hawk
STAT:STR=10|DEX=11|CON=10|INT=10|WIS=10|CHA=10
SKILL:Listen	RANK:2
SKILL:Spot		RANK:2
FEAT:Weapon Finesse

STARTPACK:Bloody Bones Default	TYPE:DefaultMonster.Undead	VISIBLE:QUALIFY	EQUIPBUY:0	PREMULT:1,[!PRERACE:1,%],[PRERACE:1,Bloody Bones]
ALIGN:CE
RACE:Bloody Bones	!PRERACE:1,%
NAME:Bloody Bones
STAT:STR=10|DEX=10|INT=10|WIS=10|CHA=10
SKILL:Climb			RANK:7
SKILL:Escape Artist	RANK:7
SKILL:Hide			RANK:7
SKILL:Listen		RANK:7
SKILL:Move Silently	RANK:5
SKILL:Spot			RANK:7
FEAT:Great Fortitude
FEAT:Weapon Focus (Tendril)

STARTPACK:Boalisk Default	TYPE:DefaultMonster.MagicalBeast	VISIBLE:QUALIFY	EQUIPBUY:0	PREMULT:1,[!PRERACE:1,%],[PRERACE:1,Boalisk]
ALIGN:TN
RACE:Boalisk	!PRERACE:1,%
NAME:Boalisk
STAT:STR=11|DEX=11|CON=10|INT=10|WIS=10|CHA=10
SKILL:Balance	RANK:1
SKILL:Climb		RANK:1
SKILL:Hide		RANK:1
SKILL:Listen	RANK:2
SKILL:Spot		RANK:2
SKILL:Swim		RANK:1
FEAT:Alertness
FEAT:Toughness

STARTPACK:Bog Beast Default	TYPE:DefaultMonster.MonstrousHumanoid	VISIBLE:QUALIFY	EQUIPBUY:0	PREMULT:1,[!PRERACE:1,%],[PRERACE:1,Bog Beast]
ALIGN:TN
RACE:Bog Beast	!PRERACE:1,%
NAME:Bog Beast
STAT:STR=10|DEX=11|CON=10|INT=11|WIS=10|CHA=11
SKILL:Listen	RANK:4
SKILL:Spot		RANK:4
FEAT:Alertness
FEAT:Track

STARTPACK:Bog Mummy Default	TYPE:DefaultMonster.Undead	VISIBLE:QUALIFY	EQUIPBUY:0	PREMULT:1,[!PRERACE:1,%],[PRERACE:1,Bog Mummy]
ALIGN:CE
RACE:Bog Mummy	!PRERACE:1,%
NAME:Bog Mummy
STAT:STR=11|DEX=10|INT=10|WIS=10|CHA=11
SKILL:Hide			RANK:5
SKILL:Listen		RANK:4
SKILL:Move Silently	RANK:6
SKILL:Spot			RANK:3
FEAT:Alertness
FEAT:Improved Initiative
FEAT:Toughness

STARTPACK:Boggart Default	TYPE:DefaultMonster.Aberration	VISIBLE:QUALIFY	EQUIPBUY:0	PREMULT:1,[!PRERACE:1,%],[PRERACE:1,Boggart]
ALIGN:CE
RACE:Boggart	!PRERACE:1,%
NAME:Boggart
STAT:STR=10|DEX=11|CON=11|INT=10|WIS=10|CHA=10
SKILL:Bluff			RANK:4
SKILL:Hide			RANK:5
SKILL:Listen		RANK:5
SKILL:Search		RANK:4
SKILL:Sense Motive	RANK:4
SKILL:Spot			RANK:5
FEAT:Alertness
FEAT:Blind Fight
FEAT:Dodge

STARTPACK:Bone Cobbler Default	TYPE:DefaultMonster.Aberration	VISIBLE:QUALIFY	EQUIPBUY:0	PREMULT:1,[!PRERACE:1,%],[PRERACE:1,Bone Cobbler]
ALIGN:CE
RACE:Bone Cobbler	!PRERACE:1,%
NAME:Bone Cobbler
STAT:STR=10|DEX=11|CON=11|INT=10|WIS=10|CHA=10
SKILL:Climb			RANK:4
SKILL:Hide			RANK:4
SKILL:Listen		RANK:4
SKILL:Move Silently	RANK:4
SKILL:Spot			RANK:4
SKILL:Survival		RANK:4
FEAT:Two Weapon Fighting
FEAT:Weapon Focus (Hammer (Light))
GEAR:Hammer (Light)	SIZE:PC	LOCATION:Primary Hand
GEAR:Hammer (Light)	SIZE:PC	LOCATION:Secondary Hand

STARTPACK:Bonesnapper Default	TYPE:DefaultMonster.MagicalBeast	VISIBLE:QUALIFY	EQUIPBUY:0	PREMULT:1,[!PRERACE:1,%],[PRERACE:1,Bonesnapper]
ALIGN:TN
RACE:Bonesnapper	!PRERACE:1,%
NAME:Bonesnapper
STAT:STR=10|DEX=10|CON=10|INT=10|WIS=10|CHA=10
SKILL:Listen	RANK:4
SKILL:Spot		RANK:3
FEAT:Weapon Focus (Bite)
FEAT:Weapon Focus (Tail Slap)

STARTPACK:Bonesucker Default	TYPE:DefaultMonster.Aberration	VISIBLE:QUALIFY	EQUIPBUY:0	PREMULT:1,[!PRERACE:1,%],[PRERACE:1,Bonesucker]
ALIGN:TN
RACE:Bonesucker	!PRERACE:1,%
NAME:Bonesucker
STAT:STR=10|DEX=11|CON=11|INT=10|WIS=10|CHA=11
SKILL:Hide			RANK:5
SKILL:Listen		RANK:4
SKILL:Move Silently	RANK:4
SKILL:Search		RANK:5
SKILL:Spot			RANK:4
FEAT:Alertness
FEAT:Dodge
FEAT:Lightning Reflexes

STARTPACK:Brownie Default	TYPE:DefaultMonster.Fey	VISIBLE:QUALIFY	EQUIPBUY:0	PREMULT:1,[!PRERACE:1,%],[PRERACE:1,Brownie]
ALIGN:LG
RACE:Brownie	!PRERACE:1,%
NAME:Brownie
STAT:STR=11|DEX=10|CON=10|INT=10|WIS=10|CHA=10
SKILL:Bluff				RANK:3
SKILL:Craft (Leatherworking)	RANK:3
SKILL:Craft (Metalworking)	RANK:3
SKILL:Craft (Woodworking)	RANK:3
SKILL:Escape Artist		RANK:3
SKILL:Hide				RANK:3
SKILL:Listen			RANK:3
SKILL:Move Silently		RANK:3
SKILL:Search			RANK:2
SKILL:Sense Motive		RANK:3
SKILL:Spot				RANK:3
FEAT:Dodge
GEAR:Longsword	SIZE:PC	LOCATION:Primary Hand

STARTPACK:Buckawn Default	TYPE:DefaultMonster.Fey	VISIBLE:QUALIFY	EQUIPBUY:0	PREMULT:1,[!PRERACE:1,%],[PRERACE:1,Buckawn]
ALIGN:TN
RACE:Buckawn	!PRERACE:1,%
NAME:Buckawn
STAT:STR=10|DEX=10|CON=11|INT=10|WIS=11|CHA=10
SKILL:Bluff				RANK:3
SKILL:Craft (Poisonmaking)	RANK:2
SKILL:Escape Artist		RANK:4
SKILL:Listen			RANK:4
SKILL:Move Silently		RANK:4
SKILL:Search			RANK:3
SKILL:Spot				RANK:4
FEAT:Dodge
GEAR:Dagger	SIZE:PC	LOCATION:Primary Hand
GEAR:Dart	SIZE:PC	LOCATION:Carried

STARTPACK:Bunyip Default	TYPE:DefaultMonster.MagicalBeast	VISIBLE:QUALIFY	EQUIPBUY:0	PREMULT:1,[!PRERACE:1,%],[PRERACE:1,Bunyip]
ALIGN:TN
RACE:Bunyip	!PRERACE:1,%
NAME:Bunyip
STAT:STR=11|DEX=10|CON=11|INT=10|WIS=11|CHA=11
SKILL:Listen	RANK:4
SKILL:Spot		RANK:4
FEAT:Alertness
FEAT:Weapon Focus (Bite)
