# CVS $Revision$ $Author$ -- Fri Oct 19 20:16:09 2012 -- reformated by prettylst.pl v1.39 (build 15052)
SOURCELONG:Murchad's Legacy	SOURCESHORT:Murchad	SOURCEWEB:http://murchadslegacy.pbwiki.com/	SOURCEDATE:2005-07
#Original Entry: Eddy Anthony (MoSaT)


# Class Name		Hit Dice	Type			Abbreviation	Max Level	Source Page		Save checks bonus												Combat bonus
CLASS:Chain Dancer	HD:10		TYPE:PC.Prestige	ABB:CnDcr		MAXLEVEL:5	SOURCEPAGE:p.23	BONUS:CHECKS|BASE.Fortitude,BASE.Will|CL/3	BONUS:CHECKS|BASE.Reflex|CL/2+2	BONUS:COMBAT|BAB|CL-1|TYPE=Base.REPLACE
# Class Name		Req. Att.	Required Feat		Required Skill
CLASS:Chain Dancer	PREATT:6	PREFEAT:1,Desolati	PRESKILL:1,Perform (Spiked Chain Dancing)=8
# Class Name		Skill Pts/Lvl	Class Skill
CLASS:Chain Dancer	STARTSKILLPTS:2	CSKILL:Bluff|Climb|TYPE=Craft|Jump|Listen|Move Silently|TYPE=Perform|Search|Sense Motive|Spot|Survival|Tumble|Use Rope
###Block: Enthrall
2	BONUS:VAR|EnthralledCreatures|CL	DEFINE:EnthralledCreatures|0	ABILITY:Special Ability|AUTOMATIC|Enthrall ~ Chain Dancer
2	BONUS:VAR|EnthrallDuration|CL		DEFINE:EnthrallDuration|0	ABILITY:Special Ability|AUTOMATIC|Master Enthrall ~ Chain Dancer
4	BONUS:VAR|EnthrallDuration|CL
###Block: Normal Level Progression
1	BONUS:COMBAT|AC|ChainParryAC|TYPE=Temporary|PREAPPLY:PC	BONUS:VAR|ChainParryAC|CL	TEMPDESC:when armed with a spiked chain or elongated spiked chain the chain dancer can use his weapon of choice to attempt to automatically parry other attacks. This will apply an AC bonus valid when the character has a spiked chain and is not flatfooted.	DEFINE:ChainParryAC|0	ABILITY:Special Ability|AUTOMATIC|Chain Parry ~ Chain Dancer						AUTO:FEAT|Weapon Specialization(Chain (Spiked))
3																																																															ABILITY:Special Ability|AUTOMATIC|Weapon Use (Elongated Spiked Chain) ~ Chain Dancer
5																																																															ABILITY:Special Ability|AUTOMATIC|Weapon Proficiency (Elongated Spiked Chain) ~ Chain Dancer


# Class Name			Hit Dice	Type			Abbreviation	Max Level	Source Page		Save checks bonus												Combat bonus
CLASS:Homefront Guardian	HD:6		TYPE:PC.Prestige	ABB:HfG		MAXLEVEL:5	SOURCEPAGE:p.24	BONUS:CHECKS|BASE.Fortitude,BASE.Will|CL/3	BONUS:CHECKS|BASE.Reflex|CL/2+2	BONUS:COMBAT|BAB|CL-1|TYPE=Base.REPLACE
# Class Name			Required Feat	Required Skill					Required Text
CLASS:Homefront Guardian	PREFEAT:1,Home	PRESKILL:3,Bluff=8,Hide=8,Move Silently=8	PRETEXT:Must have slain one person with the Remarian cultural feat.
# Class Name			Skill Pts/Lvl	Class Skill
CLASS:Homefront Guardian	STARTSKILLPTS:4	CSKILL:Balance|Bluff|Climb|TYPE=Craft|Diplomacy|Disable Device|Disguise|Escape Artist|Forgery|Gather Information|Hide|Jump|Listen|Move Silently|Open Lock|Search|Sense Motive|Sleight of Hand|Spot|Swim|Tumble|Use Rope
1	AUTO:FEAT|Simple Weapon Proficiency
1	AUTO:FEAT|Armor Proficiency (Light)
###Block: Normal Level Progression
1												ADD:FEAT|Homefront Guardian Skill Bonus	ABILITY:Special Ability|AUTOMATIC|Poison Use
2	BONUS:VAR|SneakAttack|CL/2	BONUS:VAR|HomefrontPoisonSave|CL/2								ABILITY:Special Ability|AUTOMATIC|Poison Save ~ Homefront Guardian	ABILITY:Special Ability|AUTOMATIC|Sneak Attack
3												ADD:FEAT|Homefront Guardian Skill Bonus	ABILITY:Special Ability|AUTOMATIC|Homeblood use ~ Homefront Guardian
5												ADD:FEAT|Homefront Guardian Skill Bonus	ABILITY:Special Ability|AUTOMATIC|Homeblood Immunity ~ Homefront Guardian


# Class Name			Hit Dice	Type			Abbreviation	Max Level	Source Page		Save checks bonus															Combat bonus
CLASS:Imperial Legionnaire	HD:10		TYPE:PC.Prestige	ABB:ImLgn		MAXLEVEL:10	SOURCEPAGE:p.25	BONUS:CHECKS|BASE.Will|CL/3	BONUS:CHECKS|BASE.Reflex|(CL-1)/3	BONUS:CHECKS|BASE.Fortitude|CL/2+2	BONUS:COMBAT|BAB|CL|TYPE=Base.REPLACE
# Class Name			Req. Att.	Required Feat		Multiple Requirements															Required Stat						Required Text																												Req. Weapond Prof.
CLASS:Imperial Legionnaire	PREATT:6	PREFEAT:1,Remarian	PREMULT:2,[PRESKILL:1,Knowledge (Local/Remaria)=8],[PRESKILL:1,Knowledge (History)=5,Knowledge (War)=5]	PRESTAT:6,STR=8,DEX=8,CON=8,INT=8,CHA=8,WIS=8	PRETEXT:You must swear an oath to serve in the Army. When taking this prestige class, the character must advance to level 4 before being eligible to advance in any other class.	PREWEAPONPROF:1,Longsword
# Class Name			Skill Pts/Lvl	Class Skill
CLASS:Imperial Legionnaire	STARTSKILLPTS:3	CSKILL:Climb|TYPE=Craft|Handle Animal|Jump|Ride|Swim|Use Rope
1	AUTO:FEAT|Martial Weapon Proficiency|Simple Weapon Proficiency
1	AUTO:FEAT|Armor Proficiency (Light)|Armor Proficiency (Medium)|Shield Proficiency
###Block: Normal Progression
1																							BONUS:HP|CURRENTMAX|AidSoulHitPoints*%CHOICE|TYPE=Temporary|PREAPPLY:PC	BONUS:VAR|AidSoulHitPoints|2*(1+floor((CL-1)/3))	DEFINE:AidSoulHitPoints|0	CHOOSE:NUMBER|MIN=1|MAX=7|TITLE=Number of bound Legionnaires	ABILITY:Special Ability|AUTOMATIC|Aid Soul ~ Imperial Legionnaire|Soulbind ~ Imperial Legionnaire
2											BONUS:COMBAT|AC|EnhancedDefenseAC|TYPE=EnhancedDefense|PREAPPLY:PC													BONUS:VAR|EnhancedDefenseAC|((CL-2)/3)+1			DEFINE:EnhancedDefenseAC|0												ABILITY:Special Ability|AUTOMATIC|Enhanced Defense ~ Imperial Legionnaire
3																																																												ABILITY:Special Ability|AUTOMATIC|Awareness ~ Imperial Legionnaire
4																																																												ABILITY:Special Ability|AUTOMATIC|Protect Comrade ~ Imperial Legionnaire
6	BONUS:CHECKS|BASE.Will|2																																																							ABILITY:Special Ability|AUTOMATIC|Sight Through the Soul ~ Imperial Legionnaire|Soul Enforcement ~ Imperial Legionnaire
9	BONUS:CHECKS|BASE.Reflex|2|TYPE=TrueAwareness|PREAPPLY:PC																																																		ABILITY:Special Ability|AUTOMATIC|True Awareness ~ Imperial Legionnaire
10																																																												ABILITY:Special Ability|AUTOMATIC|Primarch ~ Imperial Legionnaire


# Class Name			Hit Dice	Type			Abbreviation	Max Level	Source Page		Save checks bonus															Combat bonus
CLASS:Knight of Pure Heart	HD:10		TYPE:PC.Prestige	ABB:ImLgn		MAXLEVEL:10	SOURCEPAGE:p.27	BONUS:CHECKS|BASE.Will|CL/3	BONUS:CHECKS|BASE.Reflex|(CL-1)/3	BONUS:CHECKS|BASE.Fortitude|CL/2+2	BONUS:COMBAT|BAB|CL|TYPE=Base.REPLACE
# Class Name			Req. Att.	Required Skill			Required Text												Req. Weapond Prof.
CLASS:Knight of Pure Heart	PREATT:5	PRESKILL:2,Diplomacy=5,Ride=5	PRETEXT:You must be considered to be of "noble worth" by the Calisian royal court.	PREWEAPONPROF:1,Longsword
# Class Name			Skill Pts/Lvl	Class Skill
CLASS:Knight of Pure Heart	STARTSKILLPTS:2	CSKILL:Appraise|Diplomacy|Handle Animal|Heal|Knowledge (Local/Calisia)|TYPE=Perform|Ride|Speak Language
1	BONUS:ABILITYPOOL|Passion Feat|1	ABILITY:Special Ability|AUTOMATIC|Nobility
3	BONUS:ABILITYPOOL|PureHeart|1
5	BONUS:ABILITYPOOL|Passion|1
6	BONUS:ABILITYPOOL|PureHeart|1
9	BONUS:ABILITYPOOL|PureHeart|1
10	BONUS:ABILITYPOOL|Passion|1


# Class Name		Hit Dice	Type			Abbreviation	Max Level	Source Page		Save checks bonus											Combat bonus
CLASS:Orc Skin Artist	HD:6		TYPE:PC.Prestige	ABB:SnArt		MAXLEVEL:10	SOURCEPAGE:p.29	BONUS:CHECKS|BASE.Fortitude,BASE.Reflex|CL/3	BONUS:CHECKS|BASE.Will|CL/2+2	BONUS:COMBAT|BAB|CL-1|TYPE=Base.REPLACE
# Class Name		Required Feat		Required Race					Required Skill					Req. Spell Type
CLASS:Orc Skin Artist	PREFEAT:1,Scribe Scroll	PRERACE:1,Half-Orc,Orc (Gadohig),Orc%	PRESKILL:1,Profession (Skin Art/Tattoo)=8	PRESPELLTYPE:1,Arcane=1,Divine=1
# Class Name		Skill Pts/Lvl	Class Skill
CLASS:Orc Skin Artist	STARTSKILLPTS:3	CSKILL:Concentration|TYPE=Craft|Handle Animal|Heal|TYPE=Profession|Spellcraft|Use Magic Device
# Class Name		Spell Stat		Spell Type		Automatically Known Spell Levels				Caster level
CLASS:Orc Skin Artist	SPELLSTAT:WIS	SPELLTYPE:Divine	KNOWNSPELLS:LEVEL=0|LEVEL=1|LEVEL=2|LEVEL=3|LEVEL=4	BONUS:CASTERLEVEL|Orc Skin Artist|CL
###Block: Spell list
1	SPELLLEVEL:CLASS|Orc Skin Artist=0|Create Water,Cure Minor Wounds,Detect Magic,Ghost Sound,Guidance,Light,Mending,Purify Food and Drink,Read Magic,Touch of Fatigue
1	SPELLLEVEL:CLASS|Orc Skin Artist=1|Bless,Burning Hands,Cause Fear,Command,Comprehend Languages,Cure Light Wounds,Detect Chaos,Detect Evil,Detect Good,Detect Law,Endure Elements,Obscuring Mist,Protection from Chaos,Protection from Evil,Protection from Good,Protection from Law,Sleep
1	SPELLLEVEL:CLASS|Orc Skin Artist=2|Aid,Animal Trance,Bear's Endurance,Bull's Strength,Cat's Grace,Cure Moderate Wounds,Darkness,Delay Poison,Invisibility,Mirror Image,Resist Energy,Scorching Ray,See Invisibility,Web
1	SPELLLEVEL:CLASS|Orc Skin Artist=3|Animate Dead,Bestow Curse,Contagion,Continual Flame,Cure Serious Wounds,Daylight,Deeper Darkness,Lightning Bolt,Neutralize Poison,Remove Curse,Remove Disease,Tongues
1	SPELLLEVEL:CLASS|Orc Skin Artist=4|Cure Critical Wounds,Minor Creation,Polymorph,Restoration,Stoneskin,Wall of Fire
#1	SPELLLEVEL:CLASS|Orc Skin Artist=5|Baleful Polymorph,Break Enchantment,Commune,Heal,Major Creation,Raise Dead,True Seeing,Wall of Stone
###Block: Proficiencies
1	AUTO:FEAT|Simple Weapon Proficiency
1	AUTO:FEAT|Armor Proficiency (Light)
###Block: Skin Art
1	BONUS:VAR|SkinArtProgression|(CL+1)/2	DEFINE:SkinArtProgression|0	ABILITY:Special Ability|AUTOMATIC|Skin Art ~ Orc Skin Artist
###Block Normal Level progression
1	CAST:3
2	CAST:3,1												ABILITY:Special Ability|AUTOMATIC|Remove Tattoo ~ Orc Skin Artist
3	CAST:3,1
4	CAST:4,2,1		BONUS:VAR|AugmentationBonus|2	DEFINE:AugmentationBonus|0	ABILITY:Special Ability|AUTOMATIC|Augmentation ~ Orc Skin Artist
5	CAST:4,2,2
6	CAST:4,3,2,1	BONUS:VAR|AugmentationBonus|2						ABILITY:Special Ability|AUTOMATIC|Remove Magical Tattoo ~ Orc Skin Artist
7	CAST:5,3,3,2
8	CAST:5,4,3,2,1	BONUS:VAR|AugmentationBonus|2
9	CAST:5,4,4,3,2
10	CAST:6,5,4,3,2											ABILITY:Special Ability|AUTOMATIC|Ward ~ Orc Skin Artist


# Class Name	Hit Dice	Type			Abbreviation	Max Level	Base class as subclass?	Source Page		Save checks bonus											Combat bonus
CLASS:Stargazer	HD:6		TYPE:PC.Prestige	ABB:Star		MAXLEVEL:10	ALLOWBASECLASS:NO		SOURCEPAGE:p.31	BONUS:CHECKS|BASE.Fortitude,BASE.Reflex|CL/3	BONUS:CHECKS|BASE.Will|CL/2+2	BONUS:COMBAT|BAB|CL/2|TYPE=Base.REPLACE
# Class Name	Required Race					Required Skill											Req. Spell Type
CLASS:Stargazer	PRERACE:1,Elf%,Half-Elf,Halfling%,Human	PRESKILL:4,Concentration=7,Knowledge (Astronomy)=7,Spellcraft=7,Survival=4	PRESPELLTYPE:1,Divine=3
# Class Name	Skill Pts/Lvl	Class Skill
CLASS:Stargazer	STARTSKILLPTS:3	CSKILL:Appraise|Concentration|Craft (Alchemy)|Decipher Script|Gather Information|Heal|Knowledge (Astronomy)|TYPE=Perform|TYPE=Profession|Speak Language|Spellcraft
SUBCLASS:Stargazer (Bonfire)			COST:0
SUBCLASSLEVEL:1	BONUS:VAR|SSBonfireLvl|1		ABILITY:Special Ability|AUTOMATIC|Opposing Sign - Polaris	ABILITY:Special Ability|AUTOMATIC|Star Sign (Bonfire)
SUBCLASS:Stargazer (Rainbow Dragon)		COST:0
SUBCLASSLEVEL:1	BONUS:VAR|SSRainbowDragonLvl|1	ABILITY:Special Ability|AUTOMATIC|Opposing Sign - Forgotten Child	ABILITY:Special Ability|AUTOMATIC|Star Sign (Rainbow Dragon)
SUBCLASS:Stargazer (The Faceless)		COST:0
SUBCLASSLEVEL:1	BONUS:VAR|SSFacelessLvl|1		ABILITY:Special Ability|AUTOMATIC|Opposing Sign - The Guide	ABILITY:Special Ability|AUTOMATIC|Star Sign (The Faceless)
SUBCLASS:Stargazer (The Guide)		COST:0
SUBCLASSLEVEL:1	BONUS:VAR|SSGuideLvl|1			ABILITY:Special Ability|AUTOMATIC|Opposing Sign - The Faceless	ABILITY:Special Ability|AUTOMATIC|Star Sign (The Guide)
SUBCLASS:Stargazer (The Blacksmith)		COST:0
SUBCLASSLEVEL:1	BONUS:VAR|SSBlacksmithLvl|1		ABILITY:Special Ability|AUTOMATIC|Opposing Sign - Imaginos the Grand	ABILITY:Special Ability|AUTOMATIC|Star Sign (The Blacksmith)
SUBCLASS:Stargazer (Forgotten Child)	COST:0
SUBCLASSLEVEL:1	BONUS:VAR|SSForgottenLvl|1		ABILITY:Special Ability|AUTOMATIC|Opposing Sign - Rainbow Dragon	ABILITY:Special Ability|AUTOMATIC|Star Sign (Forgotten Child)
SUBCLASS:Stargazer (Polaris)			COST:0
SUBCLASSLEVEL:1	BONUS:VAR|SSPolarisLvl|1		ABILITY:Special Ability|AUTOMATIC|Opposing Sign - Bonfire	ABILITY:Special Ability|AUTOMATIC|Star Sign (Polaris)
SUBCLASS:Stargazer (Imaginos the Grand)	COST:0
SUBCLASSLEVEL:1	BONUS:VAR|SSImaginosLvl|1		ABILITY:Special Ability|AUTOMATIC|Opposing Sign - The Blacksmith	ABILITY:Special Ability|AUTOMATIC|Star Sign (Imaginos the Grand)
###Block: Proficiencies
1	AUTO:FEAT|Simple Weapon Proficiency
1	AUTO:FEAT|Armor Proficiency (Light)
###Block: Level Progression
1								ADD:SPELLCASTER|ANY	ABILITY:Special Ability|AUTOMATIC|Navigation ~ Stargazer
2								ADD:SPELLCASTER|ANY
3								ADD:SPELLCASTER|ANY
4								ADD:SPELLCASTER|ANY	ABILITY:Special Ability|AUTOMATIC|Fortune Telling ~ Stargazer
5	BONUS:ABILITYPOOL|Star Sign Choice|1
6								ADD:SPELLCASTER|ANY
7								ADD:SPELLCASTER|ANY
9								ADD:SPELLCASTER|ANY
10	BONUS:ABILITYPOOL|Star Sign Choice|1	ADD:SPELLCASTER|ANY


# Class Name		Hit Dice	Type			Abbreviation	Max Level	Source Page		Save checks bonus											Combat bonus
CLASS:Steadfast Knight	HD:10		TYPE:PC.Prestige	ABB:SfKnt		MAXLEVEL:10	SOURCEPAGE:p.34	BONUS:CHECKS|BASE.Will,BASE.Reflex|CL/3	BONUS:CHECKS|BASE.Fortitude|CL/2+2	BONUS:COMBAT|BAB|CL|TYPE=Base.REPLACE
# Class Name		Req. Att.	Required Feat				Required Skill						Required Text						Req. Weapond Prof.
CLASS:Steadfast Knight	PREATT:3	PREFEAT:1,Armor Proficiency (Light)	PRESKILL:2,Knowledge (Nature)=10,Survival=10	PRETEXT:You must impress two Steadfast Knights	PREWEAPONPROF:1,Longbow
# Class Name		Skill Pts/Lvl	Class Skill
CLASS:Steadfast Knight	STARTSKILLPTS:4	CSKILL:Handle Animal|Climb|Heal|Knowledge (Local/Launhym)|Knowledge (Nature)|Ride|Swim|Use Rope|Survival
# Class Name		Spell Stat		Spell Type		Automatically Known Spell Levels				Caster level					Use Spell List
CLASS:Steadfast Knight	SPELLSTAT:WIS	SPELLTYPE:Divine	KNOWNSPELLS:LEVEL=0|LEVEL=1|LEVEL=2|LEVEL=3|LEVEL=4	BONUS:CASTERLEVEL|Steadfast Knight|CL	SPELLLIST:1|Ranger
###Block:Proficiencies
1	ABILITY:Special Ability|AUTOMATIC|All Automatic Proficiencies|All Martial Weapon Proficiencies	AUTO:FEAT|Martial Weapon Proficiency|Simple Weapon Proficiency
1																	AUTO:FEAT|Armor Proficiency (Heavy)|Armor Proficiency (Light)|Armor Proficiency (Medium)
1																	AUTO:FEAT|Shield Proficiency|Tower Shield Proficiency
###Block: level progression
1	CAST:0,0		BONUS:VAR|SteadfastHitPoints|CL	ABILITY:Special Ability|AUTOMATIC|Launhym Nobility ~ Steadfast Knight|Oath ~ Steadfast Knight	ABILITY:Special Ability|AUTOMATIC|Oath (Active)|Oath (Direct Action)
2	CAST:0,1
3	CAST:0,1,1
4	CAST:0,1,1								ABILITY:Special Ability|AUTOMATIC|Nobility ~ Steadfast Knight
5	CAST:0,1,1,0
6	CAST:0,1,1,1
7	CAST:0,2,1,1,0							ABILITY:Special Ability|AUTOMATIC|Blood Oath ~ Steadfast Knight	ABILITY:Special Ability|AUTOMATIC|Blood Oath (Active)|Blood Oath (Direct Action)
8	CAST:0,2,1,1,1
9	CAST:0,2,2,1,1
10	CAST:0,2,2,2,1


# Class Name		Hit Dice	Type			Abbreviation	Max Level	Source Page		Save checks bonus											Combat bonus
CLASS:Steel Dragons	HD:12		TYPE:PC.Prestige	ABB:StDrg		MAXLEVEL:10	SOURCEPAGE:p.36	BONUS:CHECKS|BASE.Will,BASE.Reflex|CL/3	BONUS:CHECKS|BASE.Fortitude|CL/2+2	BONUS:COMBAT|BAB|CL|TYPE=Base.REPLACE
# Class Name		Req. Att.	Required Feat		Required Skill
CLASS:Steel Dragons	PREATT:3	PREFEAT:1,Galkarnan	PRESKILL:7,Craft (Alchemy)=8,Craft (Gunsmithing)=4,Listen=4,Spot=4,Tumble=4,Knowledge (Architecture and Engineering)=2,Spellcraft=2
# Class Name		Skill Pts/Lvl	Class Skill
CLASS:Steel Dragons	STARTSKILLPTS:3	CSKILL:TYPE=Craft|Disable Device|TYPE=Knowledge|Listen|Spellcraft|Spot|Tumble
###Block: Proficiencies
1	AUTO:FEAT|Simple Weapon Proficiency
1	AUTO:FEAT|Armor Proficiency (Light)|Armor Proficiency (Medium)
###Block: Normal Level Progression
1																																AUTO:FEAT|Alertness
2	BONUS:ABILITYPOOL|Gunnery Feat|1
4							BONUS:VAR|MagicalAlertnessBonus|4	DEFINE:MagicalAlertnessBonus|0	ABILITY:Special Ability|AUTOMATIC|Magical Alertness ~ Steel Dragons
5	BONUS:ABILITYPOOL|Gunnery Feat|1
7																			ABILITY:Special Ability|AUTOMATIC|Fear of Flame ~ Steel Dragons
8	BONUS:ABILITYPOOL|Gunnery Feat|1
10							BONUS:VAR|MagicalAlertnessBonus|4							ABILITY:Special Ability|AUTOMATIC|Improved Magical Alertness ~ Steel Dragons


# Class Name	Hit Dice	Type			Abbreviation	Max Level	Source Page		Save checks bonus											Combat bonus
CLASS:Shadowtamer	HD:6		TYPE:PC.Prestige	ABB:ShTmr		MAXLEVEL:5	SOURCEPAGE:p.37	BONUS:CHECKS|BASE.Will,BASE.Reflex|CL/3	BONUS:CHECKS|BASE.Fortitude|CL/2+2	BONUS:COMBAT|BAB|min(3,(var("CL=Shadowtamer")-1))|TYPE=Base.REPLACE
# Class Name	Req. Att.	Required Feat	Required Skill																Required Spell School
CLASS:Shadowtamer	PREATT:3	PREFEAT:1,Shintai	PRESKILL:4,Knowledge (Arcana)=8,Knowledge (The Planes)=8,Knowledge (Nature)=4,Knowledge (Local/Shintai)=2	PRESPELLSCHOOL:1,Necromancy=3
# Class Name	Skill Pts/Lvl	Class Skill
CLASS:Shadowtamer	STARTSKILLPTS:3	CSKILL:Concentration|TYPE=Craft|Gather Information|TYPE=Knowledge|TYPE=Profession|Speak Language|Spellcraft
1							BONUS:VAR|ShadowBeast|CL	ADD:SPELLCASTER|ANY	ABILITY:Special Ability|AUTOMATIC|Lure of the Dammed ~ Shadowtamer	ABILITY:Special Ability|AUTOMATIC|Summon Shadow Beast
2												ADD:SPELLCASTER|ANY
3												ADD:SPELLCASTER|ANY
4												ADD:SPELLCASTER|ANY
5	BONUS:COMBAT|AC|2	BONUS:STAT|STR|2						ADD:SPELLCASTER|ANY	ABILITY:Special Ability|AUTOMATIC|Damned ~ Shadowtamer												TEMPLATE:Damned Spell Resistance

#
# End
#
