# CVS $Revision$ $Author$ -- Thu Oct  8 20:18:08 2009 -- reformated by prettylst.pl v1.39 (build 10232)
SOURCELONG:Murchad's Legacy	SOURCESHORT:Murchad	SOURCEWEB:http://murchadslegacy.pbwiki.com/	SOURCEDATE:2005-07
#Original Entry: Eddy Anthony (MoSaT)

# Background Feats

# Feat Name		Type			Required Class				Prohibited Class					Required Deity	Prohibited Feat			Required Non-Monster Lvl	Required Skill				Required Text									Special ABility						Description																												Stackable?	Multiple?	Choose							Selections	Add 									Save checks bonus																																																									Bonus to skill																	Class Skill	Source Page		Temporary effect description
Academy Student	TYPE:Background	PRECLASS:1,Wizard=1,Sorcerer=1											!PREFEAT:1,TYPE.Background	PREPCLEVEL:MAX=1									PRETEXT:May not take any cultural feat other than "Remarian".									DESC:You studied at the Imperial Remarian Academy and have graduated to the rank of "journeyman mage".												STACK:NO	MULT:YES	CHOOSE:SKILL|TYPE=Knowledge					ADD:LANGUAGE|TYPE=Academic																																																																BONUS:SKILL|LIST,Spellcraft|2																	SOURCEPAGE:p.15
Fame			TYPE:Background																	!PREFEAT:1,TYPE.Background	PREPCLEVEL:MAX=1																												DESC:You are well known, though not necessarily well liked.																																		ADD:FEAT|TYPE=FameSupport																																																																																					SOURCEPAGE:p.15
Leader		TYPE:Background																	!PREFEAT:1,TYPE.Background	PREPCLEVEL:MAX=1																												DESC:You are used to having a large following and giving orders																																																																																																					BONUS:SKILL|TYPE=Social|1																	SOURCEPAGE:p.15
Lone Hunter		TYPE:Background																	!PREFEAT:1,TYPE.Background	PREPCLEVEL:MAX=1																												DESC:You are used to traveling alone and being self-dependant																																																																																																					BONUS:SKILL|Heal,Hide,Survival|2																SOURCEPAGE:p.15
Mariner		TYPE:Background																	!PREFEAT:1,TYPE.Background	PREPCLEVEL:MAX=1									PRETEXT:may not take Galkarnan or Shintai cultural feats.		SAB:+4 save vs. fear caused by large creatures	DESC:You have experience with open sea and/or major river shipping. You have fought, or at least fled from, large and chilling aquatic monsters on occasion																																																																																						BONUS:SKILL|Heal,Hide,Survival|2																SOURCEPAGE:p.15
Military		TYPE:Background																	!PREFEAT:1,TYPE.Background	PREPCLEVEL:MAX=1																												DESC:You have served or spend a great deal of time with a military body																																ADD:FEAT|TYPE=MilitaryWeapon																																																																																					SOURCEPAGE:p.15
Mountaineer		TYPE:Background																	!PREFEAT:1,TYPE.Background	PREPCLEVEL:MAX=1																												DESC:You have spent time hunting, prospecting, exploring or just subsisting in the mountains																																																																																																																					SOURCEPAGE:p.16
Orator		TYPE:Background																	!PREFEAT:1,TYPE.Background	PREPCLEVEL:MAX=1																												DESC:The character has the ability to give speeches that motivate others and is used to talking in front of large crowds																																																																																																																SOURCEPAGE:p.16
Pious			TYPE:Background														PREDEITY:1,Y	!PREFEAT:1,TYPE.Background	PREPCLEVEL:MAX=1			PRESKILL:1,Knowledge (Religion)=1																				DESC:The character has great faith in a power and draws from that power's influence																																							BONUS:CHECKS|Fortitude|3|TYPE=Divine|PREDEITY:1,Denarka,Donica,Gontier,Voporix	BONUS:CHECKS|Will|3|TYPE=Divine|PREDEITY:1,Arina,Aquan,Pyrna,Geoan	BONUS:CHECKS|Fortitude|3|TYPE=Divine|!PREDEITY:1,Arina,Aquan,Pyrna,Geoan,Denarka,Donica,Gontier,Voporix	BONUS:CHECKS|Reflex|3|TYPE=Divine|PREAPPLY:PC	BONUS:CHECKS|Fortitude|-3|PREAPPLY:PC																						SOURCEPAGE:p.16	TEMPDESC:Apply this if your DM is allowing you to apply this feat to Reflex rather than Fortitude
Self Taught		TYPE:Background																	!PREFEAT:1,TYPE.Background	PREPCLEVEL:MAX=1									PRETEXT:May not take cultural feats.																																										STACK:NO	MULT:YES	CHOOSE:NUMCHOICES=1|SKILL|ALL			SELECT:2																																																																																								CSKILL:LIST	SOURCEPAGE:p.16
Tutored		TYPE:Background																	!PREFEAT:1,TYPE.Background	PREPCLEVEL:MAX=1																												DESC:You have studied underneath an arcane caster																																			ADD:FEAT|Tutored Knowledge	ADD:FEAT|Tutored Craft																																																												BONUS:SKILL|Spellcraft|2																	SOURCEPAGE:p.16
Underworld		TYPE:Background																	!PREFEAT:1,TYPE.Background	PREPCLEVEL:MAX=1																												DESC:You have connections that are beneath the law																																																																																																							BONUS:SKILL|Gather Information|6|TYPE=Temporary|PREAPPLY:PC	BONUS:SKILL|Intimidate|4|TYPE=Temporary|PREAPPLY:PC			SOURCEPAGE:p.16	TEMPDESC:Both of these bonuses are only applicable in one city and a ten-mile radius from that city, apply this when you are within your choosen city.
Urbanite		TYPE:Background							!PRECLASS:1,Barbarian=1,Druid=1,Ranger=1				!PREFEAT:1,TYPE.Background	PREPCLEVEL:MAX=1																												DESC:You are at home in the cities and are able to move within them without much difficulty. You are socially adept and have an easy time of getting your way with people.																																																																																			BONUS:SKILL|Bluff,Diplomacy,Sense Motive|2														SOURCEPAGE:p.16
Villager		TYPE:Background																	!PREFEAT:1,TYPE.Background	PREPCLEVEL:MAX=1																												DESC:You are from a small community.																							STACK:NO	MULT:YES	CHOOSE:NUMCHOICES=1|SKILL|TYPE=Craft																																																																							BONUS:SKILL|LIST,Handle Animal,Heal|2															SOURCEPAGE:p.16
Wealthy		TYPE:Background																	!PREFEAT:1,TYPE.Background	PREPCLEVEL:MAX=1									PRETEXT:May NOT take the Gadohig cultural feat.												DESC:You possess (or once had) more money than most other people.																			STACK:NO	MULT:YES	CHOOSE:NUMCHOICES=1|SKILL|Bluff|Diplomacy																																																																							BONUS:SKILL|LIST,Appraise|2																	SOURCEPAGE:p.16

###Block: Cultural Feats

# Feat Name		Type			Prohibited Class					Prohibited Feat				Required Non-Monster Lvl	Required Text								Special ABility						Innate Spells													Description												Stackable?	Multiple?	Choose							Automatically Gained Weapon Prof.	Add 					Automatic Languages					Save checks bonus							Combat bonus					Add to base move			Bonus to skill							Weapon prof. bonus					Class Skill							Source Page
Aeylamdyarian	TYPE:Cultural								!PREFEAT:1,TYPE.Cultural		PREPCLEVEL:MAX=1			PRETEXT:Must follow Druidism.																													DESC:You are from the Bright Elf homeland and identify strongly with it.	STACK:NO	MULT:YES	CHOOSE:NUMCHOICES=1|SKILL|TYPE=Knowledge												LANGAUTO:Aeylamdyarian,Launhymian,Remarian																						BONUS:SKILL|LIST,Bluff,Sense Motive|2											CSKILL:Knowledge (Local/Aeylamdyar)			SOURCEPAGE:p.17
Calisian		TYPE:Cultural	!PRECLASS:1,Barbarian=1,Druid=1,Ranger=1	!PREFEAT:1,TYPE.Cultural		PREPCLEVEL:MAX=1			PRETEXT:Must follow the Church of Light.																											DESC:You are from Calisia and identify strongly with that country.																																																						BONUS:SKILL|Knowledge (Nobility and Royalty),Ride|2									CSKILL:Knowledge (Local/Calisia)|Diplomacy	SOURCEPAGE:p.17
Desolati		TYPE:Cultural								!PREFEAT:1,TYPE.Cultural		PREPCLEVEL:MAX=1																																				DESC:You are one of the nomads from the Painted Desert or Forlornlands.														AUTO:WEAPONPROF|Chain (Spiked)																														BONUS:MOVEADD|TYPE.Walk|5	BONUS:SKILL|Survival|2														CSKILL:Knowledge (Local/Desolati)			SOURCEPAGE:p.17
Gadohig		TYPE:Cultural								!PREFEAT:1,TYPE.Cultural,Wealthy	PREPCLEVEL:MAX=1			PRETEXT:Must follow a cult god or Druidism.																										DESC:You are from one of the orc tribes.																														LANGAUTO:Orc															BONUS:COMBAT|INITIATIVE|2|TYPE=Culture						BONUS:SKILL|Survival|2														CSKILL:Knowledge (Local/Gadohig)			SOURCEPAGE:p.17
Galkarnan		TYPE:Cultural								!PREFEAT:1,TYPE.Cultural		PREPCLEVEL:MAX=1			PRETEXT:Must follow the Church of Light.																											DESC:You are from underneath the Worldspine Mountains, the dwarf homeland.	STACK:NO	MULT:YES	CHOOSE:NUMCHOICES=1|SKILL|TYPE=Craft												LANGAUTO:Galkarnic,Remarian				BONUS:CHECKS|Fortitude|2|TYPE=Culture															BONUS:SKILL|LIST|2														CSKILL:Knowledge (Local/Galkarnan)			SOURCEPAGE:p.17
Home			TYPE:Cultural								!PREFEAT:1,TYPE.Cultural		PREPCLEVEL:MAX=1			PRETEXT:May not follow cult god or Elemental Lords.		SAB:+2 culture bonus to save against any poison																DESC:You are from Provincia Minutia, the conquered Halfling province.																				ADD:FEAT|TYPE=HomeLanguage	LANGAUTO:Remarian						BONUS:CHECKS|Fortitude|1|TYPE=Culture															BONUS:SKILL|Craft (Alchemy),Hide|2												CSKILL:Knowledge (Local/Home)				SOURCEPAGE:p.17
Launhym		TYPE:Cultural								!PREFEAT:1,TYPE.Cultural		PREPCLEVEL:MAX=1			PRETEXT:Must follow Druidism.																													DESC:You are from Launhym and identify strongly with that country.														AUTO:WEAPONPROF|Longbow								LANGAUTO:Launhymian,Remarian				BONUS:CHECKS|Fortitude,Reflex,Will|1|TYPE=Culture																						BONUS:WEAPONPROF=Longbow|TOHIT|1|TYPE=Culture	CSKILL:Knowledge (Local/Launhym)			SOURCEPAGE:p.18
Remarian		TYPE:Cultural								!PREFEAT:1,TYPE.Cultural		PREPCLEVEL:MAX=1			PRETEXT:Must follow the Church of Light or Elemental Lords.																								DESC:You are from Remarian Empire. Emperius Eternum!																												LANGAUTO:Remarian						BONUS:CHECKS|Will|2|TYPE=Culture																BONUS:SKILL|Intimidate|2													CSKILL:Knowledge (Local/Remaria)			SOURCEPAGE:p.18
Shintai		TYPE:Cultural								!PREFEAT:1,TYPE.Cultural		PREPCLEVEL:MAX=1																					SPELLS:Innate|TIMES=1|CASTERLEVEL=(max(TL,1))|Darkness,10+WIS|Inflict Minor Wounds,10+WIS	DESC:You are from the Dark Elf lands. You dance with the darkness.																									LANGAUTO:Gadohig,Shintai																																										CSKILL:Knowledge (Local/Shintai)			SOURCEPAGE:p.18

###Block: The Evolving Character - Rewards

# Feat Name				Type		Visible		Required Text																												Special ABility												Description																					Stackable?	Multiple?	Choose								Add 										Bonus to skill					Weapon prof. bonus					Source Page
Defeater of the Immortal	TYPE:Reward				PRETEXT:You must have slain the Dread Immortal.																							SAB:Resistance to Fire 5	SAB:+4 bonus vs. energy drain attacks			DESC:You have assisted in the slaying of the Dread Immortal, the mightiest single creature in the Surrounding Lands.																																									SOURCEPAGE:p.202
Peacemaker				TYPE:Reward				PRETEXT:You must have established a true, lasting peace between two rival groups.																															DESC:You have successfully negotiated a lasting peace between two peoples.										STACK:NO	MULT:YES	CHOOSE:STRING|First Peace|Second Peace|Third Peace											BONUS:SKILL|Diplomacy,Sense Motive|2									SOURCEPAGE:p.202
Master of the Joust		TYPE:Reward				PRETEXT:You must have won three tourneys, one of which must have been the Grand Tourney at Baudrau Spires.																											DESC:Regular competition has kept your arm steady and strong. You have felled many noble opponents and you are a noted jouster.																								BONUS:SKILL|Ride|2				BONUS:WEAPONPROF=Lance|TOHIT|1|TYPE=Competence	SOURCEPAGE:p.203
Triumphant Hero of Launhym	TYPE:Reward				PRETEXT:You must have saved Launhym from the orcs. The chances of an orc invasion must be zero and the orcs must be in a position that they will never threaten Launhym ever again.															DESC:You have saved the kingdom! Huzzah!																													ADD:FEAT|Leadership,Triumphant Hero Ability Score Bonus																SOURCEPAGE:p.203
Damnation (aka Ylviuss' Wish)	TYPE:Reward	VISIBLE:DISPLAY	PRETEXT:You must have worked toward gaining Ylviuss' attention for two levels.																	SAB:Soulless - You may not be raised or resurrected	SAB:Mark of Divine Disfavor	DESC:You have effectively been granted a wish by Ylviuss.																										ADD:FEAT|TYPE=DamnationReward																					SOURCEPAGE:p.203

###Block: Class support

# Feat Name			Type
Endurance.MOD		TYPE:PureHeart
Far Shot.MOD		TYPE:Gunnery
Leadership.MOD		TYPE:PureHeart
Mounted Combat.MOD	TYPE:PureHeart
Mounted Archery.MOD	TYPE:Gunnery
Point Blank Shot.MOD	TYPE:Gunnery
Power Attack.MOD		TYPE:PureHeart
Precise Shot.MOD		TYPE:Gunnery
Quick Draw.MOD		TYPE:Gunnery
Rapid Shot.MOD		TYPE:Gunnery
Ride By Attack.MOD	TYPE:PureHeart
Shot on the Run.MOD	TYPE:Gunnery
Spirited Charge.MOD	TYPE:PureHeart
Trample.MOD			TYPE:PureHeart
Weapon Finesse.MOD	TYPE:Gunnery
Weapon Focus.MOD		TYPE:Gunnery.PureHeart

#
# End
#
