\046	&amp;
\042	&quot;
\047	&#39;
<	&lt;
>	&gt;
\0200	&#128;
\0201	&#129;
\0202	&#130;
\0203	&#131;
\0204	&#132;
\0205	&#133;
\0206	&#134;
\0207	&#135;
\0210	&#136;
\0211	&#137;
\0212	&#138;
\0213	&#139;
\0214	&#140;
\0215	&#141;
\0216	&#142;
\0217	&#143;
\0220	&#144;
\0221	&#145;
\0222	&#146;
\0223	&#147;
\0224	&#148;
\0225	&#149;
\0226	&#150;
\0227	&#151;
\0230	&#152;
\0231	&#153;
\0232	&#154;
\0233	&#155;
\0234	&#156;
\0235	&#157;
\0236	&#158;
\0237	&#159;
\0240	&#160;
\0241	&#161;
\0242	&#162;
\0243	&#163;
\0244	&#164;
\0245	&#165;
\0246	&#166;
\0247	&#167;
\0250	&#168;
\0251	&#169;
\0252	&#170;
\0253	&#171;
\0254	&#172;
\0255	&#173;
\0256	&#174;
\0257	&#175;
\0260	&#176;
\0261	&#177;
\0262	&#178;
\0263	&#179;
\0264	&#180;
\0265	&#181;
\0266	&#182;
\0267	&#183;
\0270	&#184;
\0271	&#185;
\0272	&#186;
\0273	&#187;
\0274	&#188;
\0275	&#189;
\0276	&#190;
\0277	&#191;
\0300	&#192;
\0301	&#193;
\0302	&#194;
\0303	&#195;
\0304	&#196;
\0305	&#197;
\0306	&#198;
\0307	&#199;
\0310	&#200;
\0311	&#201;
\0312	&#202;
\0313	&#203;
\0314	&#204;
\0315	&#205;
\0316	&#206;
\0317	&#207;
\0320	&#208;
\0321	&#209;
\0322	&#210;
\0323	&#211;
\0324	&#212;
\0325	&#213;
\0326	&#214;
\0327	&#215;
\0330	&#216;
\0331	&#217;
\0332	&#218;
\0333	&#219;
\0334	&#220;
\0335	&#221;
\0336	&#222;
\0337	&#223;
\0340	&#224;
\0341	&#225;
\0342	&#226;
\0343	&#227;
\0344	&#228;
\0345	&#229;
\0346	&#230;
\0347	&#231;
\0350	&#232;
\0351	&#233;
\0352	&#234;
\0353	&#235;
\0354	&#236;
\0355	&#237;
\0356	&#238;
\0357	&#239;
\0360	&#240;
\0361	&#241;
\0362	&#242;
\0363	&#243;
\0364	&#244;
\0365	&#245;
\0366	&#246;
\0367	&#247;
\0370	&#248;
\0371	&#249;
\0372	&#250;
\0373	&#251;
\0374	&#252;
\0375	&#253;
\0376	&#254;
\0377	&#255;
#
# The CP1252 characters that are not part of ANSI/ISO 8859-1 and
# that should therefore always be encoded as Unicode characters >255
# are the following:
#
\u201a	&#8218;	#SINGLE LOW-9 QUOTATION MARK
\u0192	&#402;	#LATIN SMALL LETTER F WITH HOOK
\u201e	&#8222;	#DOUBLE LOW-9 QUOTATION MARK
\u2026	&#8230;	#HORIZONTAL ELLIPSIS
\u2020	&#8224;	#DAGGER
\u2021	&#8225;	#DOUBLE DAGGER
\u02c6	&#710;	#MODIFIER LETTER CIRCUMFLEX ACCENT
\u2030	&#8240;	#PER MILLE SIGN
\u0160	&#352;	#LATIN CAPITAL LETTER S WITH CARON
\u2039	&#8249;	#SINGLE LEFT-POINTING ANGLE QUOTATION MARK
\u0152	&#338;	#LATIN CAPITAL LIGATURE OE
\u2018	&#8216;	#LEFT SINGLE QUOTATION MARK
\u2019	&#8217;	#RIGHT SINGLE QUOTATION MARK
\u201c	&#8220;	#LEFT DOUBLE QUOTATION MARK
\u201d	&#8221;	#RIGHT DOUBLE QUOTATION MARK
\u2022	&#8226;	#BULLET
\u2013	&#8211;	#EN DASH
\u2014	&#8212;	#EM DASH
\u02dc	&#732;	#SMALL TILDE
\u2122	&#8482;	#TRADE MARK SIGN
\u0161	&#353;	#LATIN SMALL LETTER S WITH CARON
\u203a	&#8250;	#SINGLE RIGHT-POINTING ANGLE QUOTATION MARK
\u0153	&#339;	#LATIN SMALL LIGATURE OE
\u0178	&#376;	#LATIN CAPITAL LETTER Y WITH DIAERESIS
\u2028	\n	# Unicode LINE SEPARATOR
\u2029	\n	# Unicode PARAGRAPH SEPARATOR

#[\r\n]+$	
^(.*[\r\n](.*[\r\n]?)*)$	<fo:block>$1</fo:block>
[\r\n]	</fo:block><fo:block>
<fo:block></fo:block>	<fo:block>&#160;</fo:block>
\[BR\]	\n
\{table\}	<fo:table table-layout="fixed" inline-progression-dimension="auto">
\{/table\}	</fo:table>
\{table-column([^{}]*)\}	<fo:table-column$1/>
\{table-body\}	<fo:table-body>
\{/table-body\}	</fo:table-body>
\{tr\}	<fo:table-row>
\{/tr\}	</fo:table-row>
\{td\}	<fo:table-cell><fo:block>
\{/td\}	</fo:block></fo:table-cell>
column-width=&quot;([^&%]*)\%&quot;	column-width="proportional-column-width($1)"
