# Fri Aug 20 10:09:04 2021 -- reformated by PCGen PrettyLST v6.08.00


# ------------------------------
# Vanara
# ------------------------------

###Block: Racial Abilities ~ grantor/removal MODs in vanara abilities globalvar.lst
# Ability Name		Category of Ability	Define																							Template					Modify VAR
Racial Traits ~ Vanara	CATEGORY:Internal		DEFINE:Vanara_RacialCastingStat|0	DEFINE:Vanara_RacialCastingMod|0	DEFINE:Vanara_RacialCasterlevel|0	DEFINE:Vanara_RacialConcentration|0	TEMPLATE:Racial Heritage ~ Vanara	BONUS:VAR|Vanara_RacialCastingStat|CHASCORE	BONUS:VAR|Vanara_RacialCastingMod|CHA	BONUS:VAR|Vanara_RacialCasterlevel|TL	BONUS:VAR|Vanara_RacialConcentration|Vanara_RacialCasterlevel+Vanara_RacialCastingMod

###Block: Racial Traits
# Ability Name					Unique Key				Category of Ability		Type																	Visible		Prohibited Fact								Define		Description																																			Template																									Move				Auto Language			Bonus to skill						Stat bonus										Modify VAR				Vision			Source Page		Aspects
+2 Dexterity, +2 Wisdom, -2 Charisma	KEY:Vanara ~ Ability Scores	CATEGORY:Special Ability	TYPE:RacialTraits.Vanara Racial Trait.Vanara Racial Default.SpecialQuality.Racial Ability Scores	VISIBLE:DISPLAY	!PREFACT:1,ABILITIES,Vanara_ReplaceAbilityScores=True					DESC:Vanaras are agile and perceptive, but are also rather impish and mischievous.																																																																		BONUS:STAT|DEX,WIS|2|TYPE=Racial	BONUS:STAT|CHA|-2|TYPE=Racial										SOURCEPAGE:p.xx
Vanara						KEY:Vanara ~ Type			CATEGORY:Special Ability	TYPE:RacialTraits.Vanara Racial Trait.Vanara Racial Default.SpecialQuality.Racial Type			VISIBLE:DISPLAY	!PREFACT:1,ABILITIES,Vanara_ReplaceType=True						DESC:Vanaras are humanoids with the vanara subtype.																												TEMPLATE:Humanoid|Vanara																																																											SOURCEPAGE:p.xx
Medium						KEY:Vanara ~ Size			CATEGORY:Special Ability	TYPE:RacialTraits.Vanara Racial Trait.Vanara Racial Default.SpecialQuality.Racial Size			VISIBLE:DISPLAY	!PREFACT:1,ABILITIES,Vanara_ReplaceSize=True						DESC:Vanaras are Medium creatures and have no bonuses or penalties due to their size.																						TEMPLATE:SIZE_M																																																													SOURCEPAGE:p.xx
Normal Speed					KEY:Vanara ~ Speed		CATEGORY:Special Ability	TYPE:RacialTraits.Vanara Racial Trait.Vanara Racial Default.SpecialQuality.Racial Speed			VISIBLE:DISPLAY	!PREFACT:1,ABILITIES,Vanara_ReplaceSpeed=True			DEFINE:MOVEBASE|0	DESC:Vanaras have a base speed of 30 feet and a Climb speed of 20 feet.																																																			MOVE:Walk,30,Climb,20																									BONUS:VAR|MOVEBASE|30						SOURCEPAGE:p.xx
Low-Light Vision					KEY:Vanara ~ Vision		CATEGORY:Special Ability	TYPE:RacialTraits.Vanara Racial Trait.Vanara Racial Default.SpecialQuality.Racial Vision			VISIBLE:DISPLAY	!PREFACT:1,ABILITIES,Vanara_ReplaceVision=True						DESC:A vanara can see twice as far as a human in dim light.																																																																																	BONUS:VAR|HasRacialVision|1	VISION:Low-Light Vision	SOURCEPAGE:p.xx
Nimble						KEY:Vanara ~ Nimble		CATEGORY:Special Ability	TYPE:RacialTraits.Vanara Racial Trait.Vanara Racial Default.SpecialQuality								!PREFACT:1,ABILITIES,Vanara_ReplaceNimble=True						DESC:Vanaras have a +2 racial bonus on Acrobatics and Stealth checks.																																																												BONUS:SKILL|Acrobatics,Stealth|2|TYPE=Racial																					SOURCEPAGE:p.xx	ASPECT:RacialSkillModifier|+2 Acrobatics, +2 Stealth
Prehensile Tail					KEY:Vanara ~ Prehensile Tail	CATEGORY:Special Ability	TYPE:RacialTraits.Vanara Racial Trait.Vanara Racial Default.SpecialQuality.Special Quality					!PREFACT:1,ABILITIES,Vanara_ReplacePrehensileTail=True				DESC:A vanara has a long, flexible tail that she can use to carry objects. She cannot wield weapons with her tail, but the tail allows her to retrieve a small, stowed object carried on her person as a swift action.																																																																SOURCEPAGE:p.xx
Languages						KEY:Vanara ~ Languages		CATEGORY:Special Ability	TYPE:RacialTraits.Vanara Racial Trait.Vanara Racial Default.SpecialQuality.Racial Language		VISIBLE:DISPLAY	!PREFACT:1,ABILITIES,Vanara_ReplaceLanguages=True					DESC:Vanaras begin play speaking Common and Vanaran. Vanaras with high Intelligence scores can choose from the following languages: Aklo, Celestial, Elven, Gnome, Goblin, and Sylvan.						TEMPLATE:Bonus Language ~ Aklo|Bonus Language ~ Celestial|Bonus Language ~ Elven|Bonus Language ~ Gnome|Bonus Language ~ Goblin|Bonus Language ~ Sylvan					AUTO:LANG|Common|Vanaran																													SOURCEPAGE:p.xx

###Block: Favored Enemies
# Ability Name	Unique Key						Category of Ability		Type														Define					Description																																																				Modify VAR								Source, Long Desc.		Source, Short Desc.	Source URI							Source Page		Source Pub. Date		Aspects
Humanoid (Vanara)	KEY:Favored Enemy ~ Humanoid (Vanara)	CATEGORY:Special Ability	TYPE:RangerClassFeatures.FavoredEnemy.SpecialAttack.Extraordinary.AttackOption	DEFINE:FavoredHumanoidVanara|0	DESC:You gain a +%1 bonus on Bluff, Knowledge, Perception, Sense Motive, and Survival checks when using these skills against Vanaras. Likewise, you get a +%1 bonus on weapon attack and damage rolls against such creatures. You may make Knowledge Skill checks untrained to identify such creatures.|FavoredHumanoidVanara	BONUS:VAR|FavoredHumanoidVanara|FavoredBaseBonus	SOURCELONG:Core Rulebook	SOURCESHORT:CR		SOURCEWEB:https://paizo.com/products/btpy88yj	SOURCEPAGE:p.64	SOURCEDATE:2009-08	ASPECT:Ability Benefit|+%1|FavoredHumanoidVanara	ASPECT:SkillBonus|You gain a +%1 bonus on Bluff, Knowledge, Perception, Sense Motive, and Survival checks against Vanara.|FavoredHumanoidVanara	ASPECT:CombatBonus|You gain a +%1 bonus on Attack rolls and Damage rolls against Vanara.|FavoredHumanoidVanara

###Block: Adopted Trait Race Selections
# Ability Name							Unique Key				Category of Ability		Type				Multiple?	Choose										Ability
Vanara								KEY:Adopted Race ~ Vanara	CATEGORY:Special Ability	TYPE:AdoptiveRace		MULT:YES	CHOOSE:ABILITYSELECTION|Special Ability|TYPE=Vanara Race Trait	ABILITY:Traits|VIRTUAL|%LIST
CATEGORY=Special Ability|No Race Trait Available.MOD											TYPE:Vanara Race Trait
