# CVS $Revision$ $Author$ -- Thu Aug  7 13:42:34 2008 -- reformated by prettylst.pl v1.38 (build 7233)
SOURCELONG:Curse of the Crimson Throne - Chapter 6: Crown of Fangs	SOURCESHORT:CotCT:CoF	SOURCEWEB:http://paizo.com/store/paizo/v5748btpy84el	SOURCEDATE:2008-08

STARTPACK:Akaruzug Default	VISIBLE:QUALIFY	EQUIPBUY:0	PREMULT:1,[PRERACE:1,Akaruzug],[!PRERACE:1,%]
ALIGN:LE
RACE:Akaruzug	!PRERACE:1,%
NAME:Akaruzug
STAT:STR=10|DEX=10|CON=10|INT=10|WIS=10|CHA=11


STARTPACK:Devil (Belier (Bdellavritra)) Default	VISIBLE:QUALIFY	EQUIPBUY:0	PREMULT:1,[PRERACE:1,Devil (Belier (Bdellavritra))],[!PRERACE:1,%]	SOURCEPAGE:p. 84
ALIGN:LE
RACE:Devil (Belier (Bdellavritra))	!PRERACE:1,%
NAME:Belier Devil (Bdellavritra)
SKILL:Bluff						RANK:20
SKILL:Concentration				RANK:20
SKILL:Decipher Script				RANK:20
SKILL:Diplomacy					RANK:20
SKILL:Gather Information			RANK:20
SKILL:Hide						RANK:20
SKILL:Intimidate					RANK:20
SKILL:Knowledge (Arcana)			RANK:20
SKILL:Knowledge (Nobility and Royalty)	RANK:20
SKILL:Knowledge (The Planes)			RANK:20
SKILL:Listen					RANK:20
SKILL:Move Silently				RANK:20
SKILL:Sense Motive				RANK:20
SKILL:Spellcraft					RANK:20
SKILL:Spot						RANK:20
FEAT:Combat Expertise
FEAT:Combat Reflexes
FEAT:Improved Disarm
FEAT:Improved Trip
FEAT:Iron Will
FEAT:Multiattack
STAT:STR=10|DEX=10|CON=11|INT=11|WIS=10|CHA=10


STARTPACK:Devil (Contract (Phistophilus)) Default	VISIBLE:QUALIFY	EQUIPBUY:0	PREMULT:1,[PRERACE:1,Devil (Contract (Phistophilus))],[!PRERACE:1,%]	SOURCEPAGE:p. 86
ALIGN:LE
RACE:Devil (Contract (Phistophilus))	!PRERACE:1,%
NAME:Contract Devil (Phistophilus)
STAT:STR=11|DEX=10|CON=11|INT=10|WIS=10|CHA=10
SKILL:Appraise			RANK:14
SKILL:Bluff				RANK:14
SKILL:Concentration		RANK:7
SKILL:Decipher Script		RANK:14
SKILL:Diplomacy			RANK:14
SKILL:Forgery			RANK:14
SKILL:Gather Information	RANK:14
SKILL:Intimidate			RANK:7
SKILL:Knowledge (Religion)	RANK:14
SKILL:Knowledge (The Planes)	RANK:14
SKILL:Listen			RANK:7
SKILL:Profession (Scribe)	RANK:14
SKILL:Search			RANK:7
SKILL:Sense Motive		RANK:14
SKILL:Sleight of Hand		RANK:7
SKILL:Spellcraft			RANK:7
SKILL:Spot				RANK:14
SKILL:TYPE.Knowledge		RANK:7	COUNT:2
FEAT:Improved Initiative
FEAT:Iron Will
FEAT:Mobility


STARTPACK:Mobogo Default	VISIBLE:QUALIFY	EQUIPBUY:0	PREMULT:1,[PRERACE:1,Mobogo],[!PRERACE:1,%]	SOURCEPAGE:p. 88
ALIGN:CE
RACE:Mobogo	!PRERACE:1,%
NAME:Mobogo
STAT:STR=10|DEX=10|CON=10|INT=10|WIS=10|CHA=10
SKILL:Listen	RANK:8
SKILL:Spot		RANK:7
FEAT:Combat Reflexes
FEAT:Great Fortitude
FEAT:Improved Overrun
FEAT:Power Attack
FEAT:Wingover

#
# End
#
