# CVS $Revision$ $Author$ -- Fri Jan 26 14:15:26 2007 -- reformated by prettylst.pl v1.36 (build 2045)
SOURCELONG:Fantasy Flight Games - School of Evocation	SOURCESHORT:Evoc	SOURCEWEB:http://www.fantasyflightgames.com/dd41.html
# Original entry by: Ratheof Blithwyn
# ITEM:Potion tag addition by: Paul "Yes, that Paul" Grosse (Nylanfs)

# Ball of Lightning Effect extrapolated from spell description by Eddy. - Tir Gwaith

# I have used sub-schools to denote disciplines.
# The sub-schools, descriptors and the description are from the table on p.25-30

# New spells
# Spell Name				Classes of caster				School		Sub-School				Spell Descriptors		Type		Components		Casting Time		Range				Item		Target Area or Effect																								Duration								Save Info									Spell Resistance				Cost		XP Cost	Description																												Source Page
Acerbic Gasp				CLASSES:Sorcerer,Wizard=2		SCHOOL:Evocation	SUBSCHOOL:Acid			DESCRIPTOR:Acid		TYPE:Arcane	COMPS:V, S		CASTTIME:1 action		RANGE:Close			ITEM:Potion	TARGETAREA:Cone																									DURATION:Instantaneous						SAVEINFO:Reflex half							SPELLRES:Yes								DESC:Creates cone of acid that deals 1d6 +1/two caster levels acid damage.																	SOURCEPAGE:p.31
Acid Burst					CLASSES:Sorcerer,Wizard=3		SCHOOL:Evocation	SUBSCHOOL:Acid			DESCRIPTOR:Acid		TYPE:Arcane	COMPS:V, S, M	CASTTIME:1 action		RANGE:Medium		ITEM:Potion	TARGETAREA:10-ft.-radius burst																						DURATION:Instantaneous						SAVEINFO:Reflex half							SPELLRES:Yes								DESC:Globus of acid deal 1d6 points of acid damaga/level (max 10d6) on the first round and 1 point of acid damage/level on the second round, 10-ft. radius.				SOURCEPAGE:p.31
Acid Deluge					CLASSES:Sorcerer,Wizard=7		SCHOOL:Evocation	SUBSCHOOL:Acid			DESCRIPTOR:Acid		TYPE:Arcane	COMPS:V, S, M	CASTTIME:1 action		RANGE:Medium		ITEM:Potion	TARGETAREA:One creature																								DURATION:Instantaneous						SAVEINFO:Reflex negates							SPELLRES:Yes								DESC:Wave of acid deals 1d6/level (maximum 20d6) points of acid damage to target and bull rushes opponent.												SOURCEPAGE:p.31
Acid Fount					CLASSES:Sorcerer,Wizard=6		SCHOOL:Evocation	SUBSCHOOL:Acid			DESCRIPTOR:Acid		TYPE:Arcane	COMPS:V, S, M	CASTTIME:1 action		RANGE:Medium		ITEM:Potion	TARGETAREA:Fountain of acid 15-ft. radius; 30 ft. high																		DURATION:Concentration +(CASTERLEVEL) rounds		SAVEINFO:See text								SPELLRES:Yes								DESC:Deals 2d6 points of acid damage out to 10 ft. and 1d6 out to 20ft.; Passing through fountain deals 2d8+1/level points of acid damage.						SOURCEPAGE:p.31
Acid Rain					CLASSES:Sorcerer,Wizard=8		SCHOOL:Evocation	SUBSCHOOL:Acid			DESCRIPTOR:Acid		TYPE:Arcane	COMPS:V, S, M	CASTTIME:1 action		RANGE:Medium		ITEM:Potion	TARGETAREA:Cylinder (100-ft. radius, 20 ft. high)																			DURATION:(max(CASTERLEVEL/2,1)) rounds			SAVEINFO:None (see text)						SPELLRES:Yes								DESC:Raining acid deals 4d6 points of acid damage each round for 1 round/two caster levels. Creatures must move at half speed or suffer additional 2d6 points of acid damage.	SOURCEPAGE:p.32
Acid Shield					CLASSES:Sorcerer,Wizard=4		SCHOOL:Evocation	SUBSCHOOL:Acid			DESCRIPTOR:Acid		TYPE:Arcane	COMPS:V, S, M	CASTTIME:1 action		RANGE:Personal				TARGETAREA:You																									DURATION:(CASTERLEVEL) rounds [D]				SAVEINFO:None								SPELLRES:Yes (see text)							DESC:Creatures attacking the caster take acid damage; caster is protected from force-based attacks.													SOURCEPAGE:p.32
Arcing Death				CLASSES:Sorcerer,Wizard=5		SCHOOL:Evocation	SUBSCHOOL:Electricity		DESCRIPTOR:Electricity	TYPE:Arcane	COMPS:V, S, M	CASTTIME:1 action		RANGE:Close			ITEM:Potion	TARGETAREA:1 target																								DURATION:Instantaneous						SAVEINFO:Fortitude half (see text)					SPELLRES:Yes								DESC:Creature suffers 1d8 points of electricity damage/level; creature is either stunned or knocked unconscious.											SOURCEPAGE:p.32
Aura of Cold				CLASSES:Sorcerer,Wizard=8		SCHOOL:Evocation	SUBSCHOOL:Cold			DESCRIPTOR:Cold		TYPE:Arcane	COMPS:V, S, M	CASTTIME:1 action		RANGE:20 ft.		ITEM:Potion	TARGETAREA:Radius of cold centered on you emanating 20 ft. in all directions															DURATION:(CASTERLEVEL) minutes [D]				SAVEINFO:Fortitude half							SPELLRES:Yes								DESC:You radiate cold that does 3d8 points of cold damage and freezes water.																	SOURCEPAGE:p.32
Ball Lightning				CLASSES:Sorcerer,Wizard=7		SCHOOL:Evocation	SUBSCHOOL:Electricity		DESCRIPTOR:Electricity	TYPE:Arcane	COMPS:V, S, M	CASTTIME:1 action		RANGE:Medium		ITEM:Potion	TARGETAREA:Sphere of electrical energy																					DURATION:(CASTERLEVEL) rounds [D]				SAVEINFO:Reflex negates							SPELLRES:Yes								DESC:Creates a caster-controlled ball of lightning that deals 1d6 damage/level to everyone it hits.													SOURCEPAGE:p.33
Blade of Will				CLASSES:Sorcerer,Wizard=2		SCHOOL:Evocation	SUBSCHOOL:Energy Construct					TYPE:Arcane	COMPS:V, S		CASTTIME:1 action		RANGE:Personal				TARGETAREA:Energy blade																								DURATION:(CASTERLEVEL) minutes [D]				SAVEINFO:None								SPELLRES:No									DESC:Creates an energy blade that acts like a ghost touch longsword for up to 1 min./level.														SOURCEPAGE:p.33
Boom						CLASSES:Bard,Sorcerer,Wizard=0	SCHOOL:Evocation	SUBSCHOOL:Sound			DESCRIPTOR:Sonic		TYPE:Arcane	COMPS:V, S		CASTTIME:1 action		RANGE:Close			ITEM:Potion	TARGETAREA:One creature																								DURATION:Instantaneous						SAVEINFO:Fortitude partial						SPELLRES:Yes								DESC:Deals 1 point of sonic damage and may disrupt concentration for 1d3 rounds.																SOURCEPAGE:p.34
Breath of the Winter Wolf		CLASSES:Sorcerer,Wizard=3		SCHOOL:Evocation	SUBSCHOOL:Cold			DESCRIPTOR:Cold		TYPE:Arcane	COMPS:V, S		CASTTIME:1 action		RANGE:Close			ITEM:Potion	TARGETAREA:Cone																									DURATION:Instantaneous						SAVEINFO:Reflex half							SPELLRES:Yes								DESC:Exhale a cone of cold inflicting up to 10d6 points of cold damage and causing frostbite.														SOURCEPAGE:p.34
Brittle					CLASSES:Sorcerer,Wizard=2		SCHOOL:Evocation	SUBSCHOOL:Acid			DESCRIPTOR:Acid		TYPE:Arcane	COMPS:V, S		CASTTIME:1 action		RANGE:Close			ITEM:Potion	TARGETAREA:One object																								DURATION:Permanent						SAVEINFO:Fortitude negates (harmless, object)			SPELLRES:Yes (harmless, object)					DESC:Acid vapors reduce the hardness of an object or its Break DC by 1d4/level points.															SOURCEPAGE:p.34
Broadcast					CLASSES:Sorcerer,Wizard=7		SCHOOL:Evocation	SUBSCHOOL:Sound			DESCRIPTOR:Sonic		TYPE:Arcane	COMPS:V, S, M	CASTTIME:1 minute		RANGE:See text		ITEM:Potion	TARGETAREA:One creature/3 levels																						DURATION:(max(CASTERLEVEL/3,1)) rounds [D]		SAVEINFO:None								SPELLRES:No									DESC:As sending, but sends messages to and from 1 creature/3 levels up to 1 round/3 levels.														SOURCEPAGE:p.34
Cacophony					CLASSES:Sorcerer,Wizard=7		SCHOOL:Evocation	SUBSCHOOL:Sound			DESCRIPTOR:Sonic		TYPE:Arcane	COMPS:V, S, M	CASTTIME:1 action		RANGE:Medium		ITEM:Potion	TARGETAREA:10-ft./level radius burst																					DURATION:Concentration (maximum 10 rounds)		SAVEINFO:Fortitude negates (see text)				SPELLRES:Yes								DESC:Series of sounds deal 2d6 points of damage each round and may deafen for 1d3 rounds.															SOURCEPAGE:p.34
Caustic Halo				CLASSES:Sorcerer,Wizard=0		SCHOOL:Evocation	SUBSCHOOL:Acid			DESCRIPTOR:Acid		TYPE:Arcane	COMPS:V, S		CASTTIME:1 action		RANGE:Close			ITEM:Potion	TARGETAREA:One living creature																						DURATION:1 round							SAVEINFO:Fortitude negates						SPELLRES:Yes								DESC:Target's sight, taste, and hearing are negated for 1 round.																			SOURCEPAGE:p.35
Chill						CLASSES:Sorcerer,Wizard=0		SCHOOL:Evocation	SUBSCHOOL:Cold			DESCRIPTOR:Cold		TYPE:Arcane	COMPS:V, S		CASTTIME:1 action		RANGE:Touch			ITEM:Potion	TARGETAREA:Up to 5 gallons of liquid or a single metal object weighinh no more than 5 lb.													DURATION:Instantaneous						SAVEINFO:Will negates (object)					SPELLRES:Yes (object)							DESC:Chills a liquid or an object. Weakens metal.																					SOURCEPAGE:p.35
Corrosive Sheath				CLASSES:Sorcerer,Wizard=4		SCHOOL:Evocation	SUBSCHOOL:Acid			DESCRIPTOR:Acid		TYPE:Arcane	COMPS:V, S		CASTTIME:1 action		RANGE:Medium		ITEM:Potion	TARGETAREA:One object																								DURATION:Instantaneous						SAVEINFO:Reflex negates (see text)					SPELLRES:Yes								DESC:Object suffers 1d6 points of acid damage per level, ignoring hardness. Creature wielding object suffers 2d6 points of acid damage.							SOURCEPAGE:p.35
Delayed Sound Burst			CLASSES:Sorcerer,Wizard=8		SCHOOL:Evocation	SUBSCHOOL:Sound			DESCRIPTOR:Sonic		TYPE:Arcane	COMPS:V, S, M	CASTTIME:1 action		RANGE:Long			ITEM:Potion	TARGETAREA:30-ft.-radius burst																						DURATION:Up to 5 rounds						SAVEINFO:Fortitude partial (see text)				SPELLRES:Yes (object)							DESC:1d8/level sonic damage and deafens, may delay burst up to 5 rounds.																	SOURCEPAGE:p.35
Discordant Bolt				CLASSES:Bard,Sorcerer,Wizard=3	SCHOOL:Evocation	SUBSCHOOL:Sound			DESCRIPTOR:Sonic		TYPE:Arcane	COMPS:V, S		CASTTIME:1 action		RANGE:Medium		ITEM:Potion	TARGETAREA:One creature																								DURATION:Instantaneous						SAVEINFO:Fortitude partial (see text)				SPELLRES:Yes								DESC:Bolt of sound deals 1d6 points/level of sonic damage and deafens target for 2d6 rounds.														SOURCEPAGE:p.36
Dragon's Breath				CLASSES:Sorcerer,Wizard=5		SCHOOL:Evocation	SUBSCHOOL:Fire			DESCRIPTOR:Fire		TYPE:Arcane	COMPS:V, S, M	CASTTIME:1 action		RANGE:Close			ITEM:Potion	TARGETAREA:Cone																									DURATION:Instantaneous						SAVEINFO:Reflex half							SPELLRES:Yes								DESC:Fiery cone deals 1d6 points of damage/level.																					SOURCEPAGE:p.36
Fist of Akmon				CLASSES:Sorcerer,Wizard=2		SCHOOL:Evocation	SUBSCHOOL:Force							TYPE:Arcane	COMPS:V, S		CASTTIME:1 action		RANGE:Close			ITEM:Potion	TARGETAREA:One creature																								DURATION:Instantaneous						SAVEINFO:None								SPELLRES:Yes								DESC:Hits target with a blast of force.																							SOURCEPAGE:p.36
Flamecage					CLASSES:Sorcerer,Wizard=8		SCHOOL:Evocation	SUBSCHOOL:Fire			DESCRIPTOR:Fire		TYPE:Arcane	COMPS:V, S, M	CASTTIME:1 action		RANGE:Close			ITEM:Potion	TARGETAREA:Barred cage (20-ft. cube) or windowless cell (10-ft. cube)																DURATION:(CASTERLEVEL) minutes [D]				SAVEINFO:None								SPELLRES:No									DESC:Cube of fire imprisons all inside. Deals fire damage.																				SOURCEPAGE:p.36
Flame Tongue				CLASSES:Sorcerer,Wizard=1		SCHOOL:Evocation	SUBSCHOOL:Fire			DESCRIPTOR:Fire		TYPE:Arcane	COMPS:V, S		CASTTIME:1 action		RANGE:15 ft.		ITEM:Potion	TARGETAREA:One creature (see text)																						DURATION:Instantaneous						SAVEINFO:None								SPELLRES:Yes								DESC:Tongue of fire delivers 1d6+1/two caster levels fire damage. May disarm or trip opponent.														SOURCEPAGE:p.37
Flash						CLASSES:Sorcerer,Wizard=1		SCHOOL:Evocation	SUBSCHOOL:Light							TYPE:Arcane	COMPS:V, S		CASTTIME:1 action		RANGE:Close			ITEM:Potion	TARGETAREA:Cone																									DURATION:(CASTERLEVEL) rounds					SAVEINFO:Reflex negates							SPELLRES:Yes								DESC:Creates a blidning flash of light.																							SOURCEPAGE:p.38
Flash Freeze				CLASSES:Sorcerer,Wizard=7		SCHOOL:Evocation	SUBSCHOOL:Cold			DESCRIPTOR:Cold		TYPE:Arcane	COMPS:V, S, F	CASTTIME:1 action		RANGE:Long			ITEM:Potion	TARGETAREA:(CASTERLEVEL) contiguous 10-ft. cubes (S)																			DURATION:(CASTERLEVEL) minutes (see text)			SAVEINFO:Reflex half (see text)					SPELLRES:Yes (see text)							DESC:You generate a wave of extreme cold that freezes water and causes cold damage.																SOURCEPAGE:p.38
Freezing Fog				CLASSES:Sorcerer,Wizard=2		SCHOOL:Evocation	SUBSCHOOL:Cold			DESCRIPTOR:Cold		TYPE:Arcane	COMPS:V, S		CASTTIME:1 action		RANGE:Medium		ITEM:Potion	TARGETAREA:Cloud centered on target point spreads 30 ft. and is 20 ft. high															DURATION:(CASTERLEVEL) rounds					SAVEINFO:See text								SPELLRES:No									DESC:Blankets an area in obscuring fog that covers surfaces with slippery frost.																SOURCEPAGE:p.38
Freezing Weapon				CLASSES:Sorcerer,Wizard=1		SCHOOL:Evocation	SUBSCHOOL:Cold			DESCRIPTOR:Cold		TYPE:Arcane	COMPS:V, S, M, F	CASTTIME:1 action		RANGE:Touch			ITEM:Potion	TARGETAREA:Melee weapon touched																						DURATION:(CASTERLEVEL) rounds [D]				SAVEINFO:Will negates (harmless, object)				SPELLRES:Yes (harmless, object)					DESC:Briefly gives a melee weapon the frost ability.																					SOURCEPAGE:p.39
Glacier					CLASSES:Sorcerer,Wizard=9		SCHOOL:Evocation	SUBSCHOOL:Cold			DESCRIPTOR:Cold		TYPE:Arcane	COMPS:V, S, F	CASTTIME:1 action		RANGE:Medium		ITEM:Potion	TARGETAREA:25-ft. cube of animated ice blocks																				DURATION:(CASTERLEVEL) rounds [D]				SAVEINFO:None								SPELLRES:Yes								DESC:You create a mobile mass of ice that crushes creatures caught in its path.																SOURCEPAGE:p.39
Greater Shatter				CLASSES:Bard,Sorcerer,Wizard=6	SCHOOL:Evocation	SUBSCHOOL:Sound			DESCRIPTOR:Sonic		TYPE:Arcane	COMPS:V, S, M	CASTTIME:1 action		RANGE:Medium		ITEM:Potion	TARGETAREA:10-ft.-radius spread; or one solid object or one crystalline creature														DURATION:Instantaneous						SAVEINFO:Will negates (object) or Fortitude half (see text)	SPELLRES:Yes (object)							DESC:As shatter, but 10-ft.-radius spread, damages objects of a chosen substance or deals 2d6/level sonic damage to crystalline creatures.						SOURCEPAGE:p.40
Hail of Brimstone				CLASSES:Sorcerer,Wizard=8		SCHOOL:Evocation	SUBSCHOOL:Fire			DESCRIPTOR:Fire		TYPE:Arcane	COMPS:V, S, M	CASTTIME:1 action		RANGE:Medium		ITEM:Potion	TARGETAREA:Cylinder (30-ft. radius, 100 ft. high)																			DURATION:Instantaneous						SAVEINFO:Reflex half							SPELLRES:Yes								DESC:Fiery hail rains from sky dealing 1d6 points of fire/level.																			SOURCEPAGE:p.40
Halt						CLASSES:Sorcerer,Wizard=1		SCHOOL:Evocation	SUBSCHOOL:Force							TYPE:Arcane	COMPS:V, S		CASTTIME:1 action		RANGE:10 ft.		ITEM:Potion	TARGETAREA:One creature that attempts to move into an adjacent square																DURATION:(CASTERLEVEL) minutes [D]				SAVEINFO:Fortitude negates						SPELLRES:Yes								DESC:Magical force stops your target in its tracks.																					SOURCEPAGE:p.40
Hammer of Akmon				CLASSES:Sorcerer,Wizard=6		SCHOOL:Evocation	SUBSCHOOL:Force							TYPE:Arcane	COMPS:V, S		CASTTIME:1 action		RANGE:Medium		ITEM:Potion	TARGETAREA:Magic hammer of force																						DURATION:(CASTERLEVEL) rounds [D]				SAVEINFO:None								SPELLRES:Yes								DESC:Creates a hammer of force that can be thrown and returns to its wielder every round.															SOURCEPAGE:p.40
Hurl						CLASSES:Sorcerer,Wizard=1		SCHOOL:Evocation	SUBSCHOOL:Force							TYPE:Arcane	COMPS:V, S, M	CASTTIME:1 action		RANGE:Personal				TARGETAREA:You																									DURATION:1 round																											DESC:Gain a one-time +20 bonus to your Strength when attacking with a thrown weapon.															SOURCEPAGE:p.41
Ignite					CLASSES:Sorcerer,Wizard=0		SCHOOL:Evocation	SUBSCHOOL:Fire			DESCRIPTOR:Fire		TYPE:Arcane	COMPS:V, S		CASTTIME:1 action		RANGE:Personal				TARGETAREA:6-inch flame																								DURATION:(max(CASTERLEVEL/3,1)) rounds (see text)	SAVEINFO:None								SPELLRES:Yes								DESC:Causes caster's thumb to emit a 6-inch flame that catches objects on fire or deals 1d2 points of fire damage.										SOURCEPAGE:p.41
Jolt						CLASSES:Sorcerer,Wizard=1		SCHOOL:Evocation	SUBSCHOOL:Electricity		DESCRIPTOR:Electricity	TYPE:Arcane	COMPS:V, S, M	CASTTIME:1 action		RANGE:Close			ITEM:Potion	TARGETAREA:1 target																								DURATION:Instantaneous						SAVEINFO:Fortitude negates						SPELLRES:Yes								DESC:Stuns target for 1d4 rounds.																								SOURCEPAGE:p.41
Lattice of Benefic Edification	CLASSES:Sorcerer,Wizard=5		SCHOOL:Evocation	SUBSCHOOL:Light							TYPE:Arcane	COMPS:V, S		CASTTIME:1 action		RANGE:60 ft.		ITEM:Potion	TARGETAREA:All allies within a 60-ft.-radius burst centered on you																DURATION:(CASTERLEVEL) minutes				SAVEINFO:None								SPELLRES:Yes								DESC:Beams of pure light radiate from you to your allies, infusing them with beneficial energy.														SOURCEPAGE:p.42
Lightning Shower				CLASSES:Sorcerer,Wizard=4		SCHOOL:Evocation	SUBSCHOOL:Electricity		DESCRIPTOR:Electricity	TYPE:Arcane	COMPS:V, S, M	CASTTIME:1 action		RANGE:0			ITEM:Potion	TARGETAREA:15-ft. burst centered on caster																				DURATION:Instantaneous						SAVEINFO:Reflex half							SPELLRES:Yes								DESC:Electricity deals 1d6 damage/level to everyone within 15 ft.																			SOURCEPAGE:p.42
Line of Fire				CLASSES:Sorcerer,Wizard=6		SCHOOL:Evocation	SUBSCHOOL:Fire			DESCRIPTOR:Fire		TYPE:Arcane	COMPS:V, S, M	CASTTIME:1 action		RANGE:Close			ITEM:Potion	TARGETAREA:Line of fire 6-inches wide, 10 ft. long/level (S)																	DURATION:Instantaneous						SAVEINFO:Reflex negates							SPELLRES:Yes								DESC:A line of fire extending 10 ft./level and dealing 12d6 points of fire damage.																SOURCEPAGE:p.42
Lock Bane					CLASSES:Sorcerer,Wizard=1		SCHOOL:Evocation	SUBSCHOOL:Acid			DESCRIPTOR:Acid		TYPE:Arcane	COMPS:V, S		CASTTIME:1 action		RANGE:Close			ITEM:Potion	TARGETAREA:One lock																								DURATION:Instantaneous						SAVEINFO:Fortitude negates (harmless, object)			SPELLRES:Yes (object)							DESC:Fills a lock with fast-acting acid. Reduces Open Lock check DC by 1d10 plus 1d10/two caster levels (maximum 5d10). May destroy lock, disarm traps or set off traps.	SOURCEPAGE:p.42
Missile Storm				CLASSES:Sorcerer,Wizard=9		SCHOOL:Evocation	SUBSCHOOL:Force							TYPE:Arcane	COMPS:V, S		CASTTIME:1 action		RANGE:Long			ITEM:Potion	TARGETAREA:Cone																									DURATION:Instantaneous						SAVEINFO:None								SPELLRES:Yes								DESC:A storm of magic missiles is unleashed upon your enemies.																			SOURCEPAGE:p.43
Mystic Tools				CLASSES:Sorcerer,Wizard=4		SCHOOL:Evocation	SUBSCHOOL:Energy Construct					TYPE:Arcane	COMPS:V, S		CASTTIME:1 action		RANGE:Close			ITEM:Potion	TARGETAREA:Energy replica up to (CASTERLEVEL*5) lbs.																			DURATION:(CASTERLEVEL) hours [D]				SAVEINFO:None								SPELLRES:No									DESC:Creates a temporary tool or item of the caster's choice.																			SOURCEPAGE:p.43
Noxious Vapors				CLASSES:Sorcerer,Wizard=9		SCHOOL:Evocation	SUBSCHOOL:Acid			DESCRIPTOR:Acid		TYPE:Arcane	COMPS:V, S, M	CASTTIME:1 full round	RANGE:Medium		ITEM:Potion	TARGETAREA:(CASTERLEVEL*2) 10 ft. cubes (S)																				DURATION:Instantaneous						SAVEINFO:Fortitude partial						SPELLRES:Yes								DESC:Subjects suffer 20d4 points of acid damage, 3d4 points of temporary Constitution damage and are blinded for 2d4 minutes.									SOURCEPAGE:p.44
Piercing Bolt				CLASSES:Sorcerer,Wizard=5		SCHOOL:Evocation	SUBSCHOOL:Acid			DESCRIPTOR:Acid		TYPE:Arcane	COMPS:V, S, M	CASTTIME:1 action		RANGE:Long			ITEM:Potion	TARGETAREA:One creature																								DURATION:Instantaneous						SAVEINFO:None								SPELLRES:Yes								DESC:Bolt destroys armor while dealing 1d10 acid damage +1/level.																			SOURCEPAGE:p.44
Push						CLASSES:Sorcerer,Wizard=0		SCHOOL:Evocation	SUBSCHOOL:Force							TYPE:Arcane	COMPS:V, S		CASTTIME:1 action		RANGE:Close			ITEM:Potion	TARGETAREA:One creature																								DURATION:Instantaneous						SAVEINFO:None								SPELLRES:Yes								DESC:Pushes opponent back 5 or more ft.																							SOURCEPAGE:p.44
Radiant Glow				CLASSES:Sorcerer,Wizard=3		SCHOOL:Evocation	SUBSCHOOL:Light							TYPE:Arcane	COMPS:V, M		CASTTIME:1 action		RANGE:Personal				TARGETAREA:You																									DURATION:(CASTERLEVEL) rounds [D]				SAVEINFO:None								SPELLRES:No									DESC:You are surrounded by a blinding nimbus of light.																				SOURCEPAGE:p.44
Ride the Lightning			CLASSES:Sorcerer,Wizard=3		SCHOOL:Evocation	SUBSCHOOL:Electricity		DESCRIPTOR:Electricity	TYPE:Arcane	COMPS:V, S, F	CASTTIME:1 action		RANGE:Line of Sight	ITEM:Potion	TARGETAREA:Caster Only																								DURATION:Instantaneous																										DESC:Transports the caster on a bolt of lightning to any place he can see. Can't be used offensively.													SOURCEPAGE:p.45
Sheet Lightning				CLASSES:Sorcerer,Wizard=8		SCHOOL:Evocation	SUBSCHOOL:Electricity		DESCRIPTOR:Electricity	TYPE:Arcane	COMPS:V, S, M	CASTTIME:1 action		RANGE:0			ITEM:Potion	TARGETAREA:Half-circle centered on caster with a diameter of (CASTERLEVEL*10) ft.														DURATION:Instantaneous						SAVEINFO:Reflex half							SPELLRES:Yes								DESC:Lightning bolts are fired in a half-circle.																					SOURCEPAGE:p.45
Shooting Stars				CLASSES:Sorcerer,Wizard=6		SCHOOL:Evocation	SUBSCHOOL:Light							TYPE:Arcane	COMPS:V, S, M	CASTTIME:1 action		RANGE:Close			ITEM:Potion	TARGETAREA:Up to three creatures, no two of which can be more than 20 ft. apart														DURATION:Instantaneous						SAVEINFO:None or Reflex half (see text)				SPELLRES:Yes								DESC:Three radiant projectiles fly forth to inflict damage and then explode.																	SOURCEPAGE:p.45
Sky Bolt					CLASSES:Sorcerer,Wizard=1		SCHOOL:Evocation	SUBSCHOOL:Electricity		DESCRIPTOR:Electricity	TYPE:Arcane	COMPS:V, S, M	CASTTIME:1 action		RANGE:Close			ITEM:Potion	TARGETAREA:Up to three targets in a line																					DURATION:Instantaneous						SAVEINFO:Reflex negates							SPELLRES:Yes								DESC:1d4 electricity damage/level (max: 5d4).																						SOURCEPAGE:p.46
Sonic Rupture				CLASSES:Sorcerer,Wizard=9		SCHOOL:Evocation	SUBSCHOOL:Sound			DESCRIPTOR:Sonic		TYPE:Arcane	COMPS:V, S, M	CASTTIME:1 action		RANGE:Long			ITEM:Potion	TARGETAREA:30-ft.-radius burst																						DURATION:Instantaneous						SAVEINFO:Fortitude partial (see text)				SPELLRES:Yes								DESC:Creatures within 30-ft.-radisu burst suffer either 2d4 points of permanent Constitution drain or 1d4 points od temporary Constitution damage.					SOURCEPAGE:p.46
Spark Shower				CLASSES:Sorcerer,Wizard=2		SCHOOL:Evocation	SUBSCHOOL:Electricity		DESCRIPTOR:Electricity	TYPE:Arcane	COMPS:V, S, M	CASTTIME:1 action		RANGE:0			ITEM:Potion	TARGETAREA:15 ft. spread centered on caster																				DURATION:Instantaneous						SAVEINFO:Reflex half							SPELLRES:Yes								DESC:Deals 1d4/caster level electrical damage to all within 15 ft..																		SOURCEPAGE:p.47
Spirit Hand					CLASSES:Sorcerer,Wizard=0		SCHOOL:Evocation	SUBSCHOOL:Energy Construct					TYPE:Arcane	COMPS:V, S		CASTTIME:1 action		RANGE:Close			ITEM:Potion	TARGETAREA:Invisible force																							DURATION:Instantaneous						SAVEINFO:None								SPELLRES:No									DESC:Manipulate small objects at a distance without lifting them.																			SOURCEPAGE:p.47
Tempest					CLASSES:Sorcerer,Wizard=9		SCHOOL:Evocation	SUBSCHOOL:Electricity		DESCRIPTOR:Electricity	TYPE:Arcane	COMPS:V, S, M, XP	CASTTIME:1 hour		RANGE:0			ITEM:Potion	TARGETAREA:1 mile radius																							DURATION:Instantaneous						SAVEINFO:None								SPELLRES:Yes				COST:5000	XPCOST:1000	DESC:A massive electrical storm deals damage to every creature and object within 1 mile.															SOURCEPAGE:p.47
Torpor					CLASSES:Sorcerer,Wizard=1		SCHOOL:Evocation	SUBSCHOOL:Cold			DESCRIPTOR:Cold		TYPE:Arcane	COMPS:V, S		CASTTIME:1 action		RANGE:Close			ITEM:Potion	TARGETAREA:Ray																									DURATION:(CASTERLEVEL) minutes				SAVEINFO:Fortitude negates						SPELLRES:Yes								DESC:A ray of chilling cold numbs your foe's limbs, reducing its Dexterity.																	SOURCEPAGE:p.48
Wall of Light				CLASSES:Sorcerer,Wizard=4		SCHOOL:Evocation	SUBSCHOOL:Light							TYPE:Arcane	COMPS:V, S		CASTTIME:1 action		RANGE:Medium		ITEM:Potion	TARGETAREA:Sheet of light up to (CASTERLEVEL*20) ft. long or ring of light with a radius of up to (((CASTERLEVEL/2).TRUNC)*5) ft.; either form is 20 ft. high	DURATION:Concentration + (CASTERLEVEL) round		SAVEINFO:Fortitude half or Reflex negates (see text)		SPELLRES:Yes								DESC:Creates a wall of radiant energy that provides concealment and can harm certain creatures.														SOURCEPAGE:p.48
Wall of Sound				CLASSES:Bard,Sorcerer,Wizard=6	SCHOOL:Evocation	SUBSCHOOL:Sound			DESCRIPTOR:Sonic		TYPE:Arcane	COMPS:V, S, M	CASTTIME:1 action		RANGE:Close			ITEM:Potion	TARGETAREA:Wall whose area is up to (CASTERLEVEL) 10-ft. squares or a sphere with a radius of up to (CASTERLEVEL) ft.								DURATION:(CASTERLEVEL) minutes [D]				SAVEINFO:See text								SPELLRES:Yes								DESC:Creates a sonic wall. Passing through wall deals 1d6 +1/level sonic damage, deafens creature for 1d3 rounds/level, and shatters objects.						SOURCEPAGE:p.48
Wave of Sound				CLASSES:Bard,Sorcerer,Wizard=1	SCHOOL:Evocation	SUBSCHOOL:Sound			DESCRIPTOR:Sonic		TYPE:Arcane	COMPS:V, S		CASTTIME:1 action		RANGE:Close			ITEM:Potion	TARGETAREA:One creature																								DURATION:Instantaneous						SAVEINFO:Reflex negates							SPELLRES:Yes								DESC:Wave deals 1d6+(CASTERLEVEL) points of sonic damage and deafens target for 2d6 rounds.														SOURCEPAGE:p.48
Wizard's Dawn				CLASSES:Sorcerer,Wizard=9		SCHOOL:Evocation	SUBSCHOOL:Light							TYPE:Arcane	COMPS:V, S, M	CASTTIME:1 action		RANGE:Long			ITEM:Potion	TARGETAREA:A 10 ft-ft.-diameter sphere that radiates sunlight																	DURATION:(CASTERLEVEL*10) minutes [D]			SAVEINFO:Reflex partial or Will partial (see text)		SPELLRES:Yes (see text)							DESC:Creates a false sun. Makes it day for miles around and damages certain creatures.															SOURCEPAGE:p.49
Zap						CLASSES:Sorcerer,Wizard=0		SCHOOL:Evocation	SUBSCHOOL:Electricity		DESCRIPTOR:Electricity	TYPE:Arcane	COMPS:V, S, M	CASTTIME:1 action		RANGE:Close			ITEM:Potion	TARGETAREA:1 target																								DURATION:Instantaneous						SAVEINFO:Reflex negates							SPELLRES:Yes								DESC:Target may drop an item.																									SOURCEPAGE:p.49



###Block: Modding of SRD spells to comply with the table on p.25-30

# Spell Name			Sub-School				Spell Descriptors
Flare.MOD				SUBSCHOOL:Light
Light.MOD				SUBSCHOOL:Light
Floating Disk.MOD			SUBSCHOOL:Energy Construct
Magic Missile.MOD			SUBSCHOOL:Force
Flaming Sphere.MOD		SUBSCHOOL:Fire
Darkness.MOD			SUBSCHOOL:Light
Lightning Bolt.MOD		SUBSCHOOL:Electricity
Tiny Hut.MOD			SUBSCHOOL:Energy Construct
Fireball.MOD			SUBSCHOOL:Fire
Wind Wall.MOD			SUBSCHOOL:Force
Ice Storm.MOD			SUBSCHOOL:Cold
Wall of Ice.MOD			SUBSCHOOL:Cold
Fire Shield.MOD			SUBSCHOOL:Fire
Wall of Fire.MOD			SUBSCHOOL:Fire
Shout.MOD				SUBSCHOOL:Sound
Cone of Cold.MOD			SUBSCHOOL:Cold
Interposing Hand.MOD		SUBSCHOOL:Energy Construct
Resilient Sphere.MOD		SUBSCHOOL:Force
Wall of Force.MOD			SUBSCHOOL:Force
Sending.MOD				SUBSCHOOL:Sound			DESCRIPTOR:Sonic
Freezing Sphere.MOD		SUBSCHOOL:Cold
Chain Lightning.MOD		SUBSCHOOL:Electricity
Contingency.MOD			SUBSCHOOL:Energy Construct
Forceful Hand.MOD			SUBSCHOOL:Energy Construct
Grasping Hand.MOD			SUBSCHOOL:Energy Construct
Sword.MOD				SUBSCHOOL:Energy Construct
Delayed Blast Fireball.MOD	SUBSCHOOL:Fire
Forcecage.MOD			SUBSCHOOL:Force
Prismatic Spray.MOD		SUBSCHOOL:Light
Clenched Fist.MOD			SUBSCHOOL:Energy Construct
Telekinetic Sphere.MOD		SUBSCHOOL:Force
Sunburst.MOD			SUBSCHOOL:Light
Crushing Hand.MOD			SUBSCHOOL:Energy Construct
Meteor Swarm.MOD			SUBSCHOOL:Fire
