# CVS $Revision$ $Author$ -- Tue Nov 11 16:25:26 2008 -- reformated by prettylst.pl v1.38 (build 8180)
SOURCELONG:Murchad's Legacy	SOURCESHORT:Murchad	SOURCEWEB:http://murchadslegacy.pbwiki.com/	SOURCEDATE:2005-07
#Original Entry: Eddy Anthony (MoSaT)

# Race Name				Automatic Languages	Clear Bonus Languages	Bonus Languages
Human.MOD				AUTO:LANG|Remarian		LANGBONUS:.CLEAR		LANGBONUS:Aeylamdyarian,Calisian,Desolati,Galkarnic,Homish,Launhymian
Dwarf.MOD				AUTO:LANG|Galkarnic	LANGBONUS:.CLEAR		LANGBONUS:Aeylamdyarian,Calisian,Desolati,Galkarnic,Homish,Launhymian
Elf.MOD				AUTO:LANG|Aeylamdyarian	LANGBONUS:.CLEAR		LANGBONUS:Aeylamdyarian,Calisian,Desolati,Galkarnic,Homish,Launhymian
Gnome.MOD				AUTO:LANG|Remarian		LANGBONUS:.CLEAR		LANGBONUS:Aeylamdyarian,Calisian,Desolati,Galkarnic,Homish,Launhymian
Half-Elf.MOD			AUTO:LANG|Remarian		LANGBONUS:.CLEAR		LANGBONUS:Aeylamdyarian,Calisian,Desolati,Galkarnic,Homish,Launhymian
Half-Orc.MOD			AUTO:LANG|Remarian		LANGBONUS:.CLEAR		LANGBONUS:Aeylamdyarian,Calisian,Desolati,Galkarnic,Homish,Launhymian
Halfling.MOD			AUTO:LANG|Homish		LANGBONUS:.CLEAR		LANGBONUS:Aeylamdyarian,Calisian,Desolati,Galkarnic,Homish,Launhymian

Elf (Aquatic).MOD			AUTO:LANG|Aeylamdyarian	LANGBONUS:.CLEAR		LANGBONUS:Aeylamdyarian,Calisian,Desolati,Galkarnic,Homish,Launhymian
Elf (Drow).MOD			AUTO:LANG|Aeylamdyarian	LANGBONUS:.CLEAR		LANGBONUS:Aeylamdyarian,Calisian,Desolati,Galkarnic,Homish,Launhymian
Elf (Grey).MOD			AUTO:LANG|Aeylamdyarian	LANGBONUS:.CLEAR		LANGBONUS:Aeylamdyarian,Calisian,Desolati,Galkarnic,Homish,Launhymian
Elf (Wild).MOD			AUTO:LANG|Aeylamdyarian	LANGBONUS:.CLEAR		LANGBONUS:Aeylamdyarian,Calisian,Desolati,Galkarnic,Homish,Launhymian
Elf (Wood).MOD			AUTO:LANG|Aeylamdyarian	LANGBONUS:.CLEAR		LANGBONUS:Aeylamdyarian,Calisian,Desolati,Galkarnic,Homish,Launhymian

Gnoll.MOD				AUTO:LANG|Gadohig		LANGBONUS:.CLEAR		LANGBONUS:Aeylamdyarian,Calisian,Desolati,Galkarnic,Homish,Launhymian
Gnome (Svirfneblin).MOD		AUTO:LANG|Remarian		LANGBONUS:.CLEAR		LANGBONUS:Aeylamdyarian,Calisian,Desolati,Galkarnic,Homish,Launhymian
Gnome (Forest).MOD		AUTO:LANG|Remarian		LANGBONUS:.CLEAR		LANGBONUS:Aeylamdyarian,Calisian,Desolati,Galkarnic,Homish,Launhymian
Goblin.MOD				AUTO:LANG|Gadohig		LANGBONUS:.CLEAR		LANGBONUS:Aeylamdyarian,Calisian,Desolati,Galkarnic,Homish,Launhymian
Halfling (Tallfellow).MOD	AUTO:LANG|Homish		LANGBONUS:.CLEAR		LANGBONUS:Aeylamdyarian,Calisian,Desolati,Galkarnic,Homish,Launhymian
Halfling (Deep).MOD		AUTO:LANG|Homish		LANGBONUS:.CLEAR		LANGBONUS:Aeylamdyarian,Calisian,Desolati,Galkarnic,Homish,Launhymian
Hobgoblin.MOD			AUTO:LANG|Gadohig		LANGBONUS:.CLEAR		LANGBONUS:Aeylamdyarian,Calisian,Desolati,Galkarnic,Homish,Launhymian
Kobold.MOD				AUTO:LANG|Gadohig		LANGBONUS:.CLEAR		LANGBONUS:Aeylamdyarian,Calisian,Desolati,Galkarnic,Homish,Launhymian

Orc.MOD				AUTO:LANG|Gadohig		LANGBONUS:.CLEAR		LANGBONUS:Aeylamdyarian,Calisian,Desolati,Galkarnic,Homish,Launhymian
Planetouched (Aasimar).MOD	AUTO:LANG|Remarian		LANGBONUS:.CLEAR		LANGBONUS:Aeylamdyarian,Calisian,Desolati,Galkarnic,Homish,Launhymian
Planetouched (Tiefling).MOD	AUTO:LANG|Remarian		LANGBONUS:.CLEAR		LANGBONUS:Aeylamdyarian,Calisian,Desolati,Galkarnic,Homish,Launhymian

#
# End
#
