# CVS $Revision$ $Author$ -- Fri Oct 19 20:16:09 2012 -- reformated by prettylst.pl v1.39 (build 15052)
SOURCELONG:Modern System Reference Document	SOURCESHORT:MSRD	SOURCEWEB:http://www.wizards.com/D20/article.asp?x=msrd	SOURCEDATE:2002-01
# Original entry by Eddy Anthony (MoSaT)

# Template Name	Hit Dice Size	Visible	Define			Ability																													Automatically Gained Armor Prof.	Automatically Gained Weapon Prof.	Apply Kit
Biodroid Traits	HITDIE:10		VISIBLE:NO	DEFINE:LOCK.CON|10	ABILITY:Special Ability|AUTOMATIC|Critical Systems|Cybernetic Incompatibility|Immunities|Lifelike Appearance|Rejuvenation Cycle|Repairable|Robot Resurrection																KIT:1|Biodroid Basics
Bioreplica Traits	HITDIE:10		VISIBLE:NO	DEFINE:LOCK.CON|10	ABILITY:Special Ability|AUTOMATIC|Critical Systems|Cybernetic Incompatibility|Immunities|Lifelike Appearance|Rejuvenation Cycle|Repairable|Robot Resurrection																KIT:1|Bioreplica Basics


Robot						VISIBLE:NO	DEFINE:LOCK.CON|10	ABILITY:Special Ability|AUTOMATIC|Robot Purchase DC	ABILITY:Special Ability|AUTOMATIC|Cybernetic Incompatibility|Immunities|Rejuvenation Cycle|Repairable|Robot Resurrection	AUTO:ARMORPROF|ARMORTYPE=Robotic	AUTO:WEAPONPROF|TYPE=Robotic		KIT:1|Robotic Abilities

Mindless Robot				VISIBLE:NO	DEFINE:LOCK.INT|10

###Block: Robot HP adjustment
# Template Name	Hit Dice Size	Visible	Bonus to HP
Colossal Robot				VISIBLE:NO	BONUS:HP|CURRENTMAX|120
Gargantuan Robot				VISIBLE:NO	BONUS:HP|CURRENTMAX|80
Huge Robot					VISIBLE:NO	BONUS:HP|CURRENTMAX|40
Large Robot					VISIBLE:NO	BONUS:HP|CURRENTMAX|20
Medium Robot				VISIBLE:NO	BONUS:HP|CURRENTMAX|10
Small Robot		HITDIE:%/2		VISIBLE:NO	BONUS:HP|CURRENTMAX|5
Tiny Robot		HITDIE:%/4		VISIBLE:NO
Diminutive Robot	HITDIE:%/8		VISIBLE:NO
Fine Robot		HITDIE:%/16		VISIBLE:NO

#
# End
#
