# CVS $Revision$ $Author$ -- Wed Sep  3 00:18:24 2014 -- reformated by prettylst.pl v1.51 (build 24947)
#SOURCELONG:Pathfinder Society Field Guide		SOURCESHORT:PFSFG	SOURCEWEB:http://paizo.com/pathfinderSociety/scenarios/v5748btpy84k4	SOURCEDATE:2011-08
# Original Entry by: Mark Means

ABILITYCATEGORY:Skill Specialization						EDITABLE:YES	CATEGORY:Special Ability	VISIBLE:QUALIFY	DISPLAYLOCATION:Background	TYPE:SkillSpecialization

ABILITYCATEGORY:Skill Specialization (Acrobatics) Choice			EDITABLE:YES	EDITPOOL:YES		FRACTIONALPOOL:NO		CATEGORY:Special Ability	VISIBLE:QUALIFY	DISPLAYLOCATION:Background	TYPE:SkillSpecialization_Acrobatics
ABILITYCATEGORY:Skill Specialization (Appraise) Choice					EDITABLE:YES	EDITPOOL:YES		FRACTIONALPOOL:NO		CATEGORY:Special Ability	VISIBLE:QUALIFY	DISPLAYLOCATION:Background	TYPE:SkillSpecialization_Appraise
ABILITYCATEGORY:Skill Specialization (Bluff) Choice					EDITABLE:YES	EDITPOOL:YES		FRACTIONALPOOL:NO		CATEGORY:Special Ability	VISIBLE:QUALIFY	DISPLAYLOCATION:Background	TYPE:SkillSpecialization_Bluff
ABILITYCATEGORY:Skill Specialization (Climb) Choice					EDITABLE:YES	EDITPOOL:YES		FRACTIONALPOOL:NO		CATEGORY:Special Ability	VISIBLE:QUALIFY	DISPLAYLOCATION:Background	TYPE:SkillSpecialization_Climb
#ABILITYCATEGORY:Skill Specialization (Craft) Choice					EDITABLE:YES	EDITPOOL:YES		FRACTIONALPOOL:NO		CATEGORY:Special Ability	VISIBLE:QUALIFY	DISPLAYLOCATION:Background	TYPE:SkillSpecialization_Craft
ABILITYCATEGORY:Skill Specialization (Craft (Alchemy)) Choice			EDITABLE:YES	EDITPOOL:YES		FRACTIONALPOOL:NO		CATEGORY:Special Ability	VISIBLE:QUALIFY	DISPLAYLOCATION:Background	TYPE:SkillSpecialization_Craft_Alchemy
ABILITYCATEGORY:Skill Specialization (Craft (Armor)) Choice				EDITABLE:YES	EDITPOOL:YES		FRACTIONALPOOL:NO		CATEGORY:Special Ability	VISIBLE:QUALIFY	DISPLAYLOCATION:Background	TYPE:SkillSpecialization_Craft_Armor
ABILITYCATEGORY:Skill Specialization (Craft (Baskets)) Choice			EDITABLE:YES	EDITPOOL:YES		FRACTIONALPOOL:NO		CATEGORY:Special Ability	VISIBLE:QUALIFY	DISPLAYLOCATION:Background	TYPE:SkillSpecialization_Craft_Baskets
ABILITYCATEGORY:Skill Specialization (Craft (Blacksmithing)) Choice		EDITABLE:YES	EDITPOOL:YES		FRACTIONALPOOL:NO		CATEGORY:Special Ability	VISIBLE:QUALIFY	DISPLAYLOCATION:Background	TYPE:SkillSpecialization_Craft_Blacksmithing
ABILITYCATEGORY:Skill Specialization (Craft (Books)) Choice				EDITABLE:YES	EDITPOOL:YES		FRACTIONALPOOL:NO		CATEGORY:Special Ability	VISIBLE:QUALIFY	DISPLAYLOCATION:Background	TYPE:SkillSpecialization_Craft_Books
ABILITYCATEGORY:Skill Specialization (Craft (Bows)) Choice				EDITABLE:YES	EDITPOOL:YES		FRACTIONALPOOL:NO		CATEGORY:Special Ability	VISIBLE:QUALIFY	DISPLAYLOCATION:Background	TYPE:SkillSpecialization_Craft_Bows
ABILITYCATEGORY:Skill Specialization (Craft (Calligraphy)) Choice			EDITABLE:YES	EDITPOOL:YES		FRACTIONALPOOL:NO		CATEGORY:Special Ability	VISIBLE:QUALIFY	DISPLAYLOCATION:Background	TYPE:SkillSpecialization_Craft_Calligraphy
ABILITYCATEGORY:Skill Specialization (Craft (Carpentry)) Choice			EDITABLE:YES	EDITPOOL:YES		FRACTIONALPOOL:NO		CATEGORY:Special Ability	VISIBLE:QUALIFY	DISPLAYLOCATION:Background	TYPE:SkillSpecialization_Craft_Carpentry
ABILITYCATEGORY:Skill Specialization (Craft (Cloth)) Choice				EDITABLE:YES	EDITPOOL:YES		FRACTIONALPOOL:NO		CATEGORY:Special Ability	VISIBLE:QUALIFY	DISPLAYLOCATION:Background	TYPE:SkillSpecialization_Craft_Cloth
ABILITYCATEGORY:Skill Specialization (Craft (Clothing)) Choice			EDITABLE:YES	EDITPOOL:YES		FRACTIONALPOOL:NO		CATEGORY:Special Ability	VISIBLE:QUALIFY	DISPLAYLOCATION:Background	TYPE:SkillSpecialization_Craft_Clothing
ABILITYCATEGORY:Skill Specialization (Craft (Gemcutting)) Choice			EDITABLE:YES	EDITPOOL:YES		FRACTIONALPOOL:NO		CATEGORY:Special Ability	VISIBLE:QUALIFY	DISPLAYLOCATION:Background	TYPE:SkillSpecialization_Craft_Gemcutting
ABILITYCATEGORY:Skill Specialization (Craft (Glass)) Choice				EDITABLE:YES	EDITPOOL:YES		FRACTIONALPOOL:NO		CATEGORY:Special Ability	VISIBLE:QUALIFY	DISPLAYLOCATION:Background	TYPE:SkillSpecialization_Craft_Glass
ABILITYCATEGORY:Skill Specialization (Craft (Jewelry)) Choice			EDITABLE:YES	EDITPOOL:YES		FRACTIONALPOOL:NO		CATEGORY:Special Ability	VISIBLE:QUALIFY	DISPLAYLOCATION:Background	TYPE:SkillSpecialization_Craft_Jewelry
ABILITYCATEGORY:Skill Specialization (Craft (Leather)) Choice			EDITABLE:YES	EDITPOOL:YES		FRACTIONALPOOL:NO		CATEGORY:Special Ability	VISIBLE:QUALIFY	DISPLAYLOCATION:Background	TYPE:SkillSpecialization_Craft_Leather
ABILITYCATEGORY:Skill Specialization (Craft (Locks)) Choice				EDITABLE:YES	EDITPOOL:YES		FRACTIONALPOOL:NO		CATEGORY:Special Ability	VISIBLE:QUALIFY	DISPLAYLOCATION:Background	TYPE:SkillSpecialization_Craft_Locks
ABILITYCATEGORY:Skill Specialization (Craft (Paintings)) Choice			EDITABLE:YES	EDITPOOL:YES		FRACTIONALPOOL:NO		CATEGORY:Special Ability	VISIBLE:QUALIFY	DISPLAYLOCATION:Background	TYPE:SkillSpecialization_Craft_Paintings
ABILITYCATEGORY:Skill Specialization (Craft (Pottery)) Choice			EDITABLE:YES	EDITPOOL:YES		FRACTIONALPOOL:NO		CATEGORY:Special Ability	VISIBLE:QUALIFY	DISPLAYLOCATION:Background	TYPE:SkillSpecialization_Craft_Pottery
ABILITYCATEGORY:Skill Specialization (Craft (Sculptures)) Choice			EDITABLE:YES	EDITPOOL:YES		FRACTIONALPOOL:NO		CATEGORY:Special Ability	VISIBLE:QUALIFY	DISPLAYLOCATION:Background	TYPE:SkillSpecialization_Craft_Sculptures
ABILITYCATEGORY:Skill Specialization (Craft (Ships)) Choice				EDITABLE:YES	EDITPOOL:YES		FRACTIONALPOOL:NO		CATEGORY:Special Ability	VISIBLE:QUALIFY	DISPLAYLOCATION:Background	TYPE:SkillSpecialization_Craft_Ships
ABILITYCATEGORY:Skill Specialization (Craft (Shoes)) Choice				EDITABLE:YES	EDITPOOL:YES		FRACTIONALPOOL:NO		CATEGORY:Special Ability	VISIBLE:QUALIFY	DISPLAYLOCATION:Background	TYPE:SkillSpecialization_Craft_Shoes
ABILITYCATEGORY:Skill Specialization (Craft (Stonemasonry)) Choice			EDITABLE:YES	EDITPOOL:YES		FRACTIONALPOOL:NO		CATEGORY:Special Ability	VISIBLE:QUALIFY	DISPLAYLOCATION:Background	TYPE:SkillSpecialization_Craft_Stonemasonry
ABILITYCATEGORY:Skill Specialization (Craft (Traps)) Choice				EDITABLE:YES	EDITPOOL:YES		FRACTIONALPOOL:NO		CATEGORY:Special Ability	VISIBLE:QUALIFY	DISPLAYLOCATION:Background	TYPE:SkillSpecialization_Craft_Traps
ABILITYCATEGORY:Skill Specialization (Craft (Weapons)) Choice			EDITABLE:YES	EDITPOOL:YES		FRACTIONALPOOL:NO		CATEGORY:Special Ability	VISIBLE:QUALIFY	DISPLAYLOCATION:Background	TYPE:SkillSpecialization_Craft_Weapons
ABILITYCATEGORY:Skill Specialization (Diplomacy) Choice				EDITABLE:YES	EDITPOOL:YES		FRACTIONALPOOL:NO		CATEGORY:Special Ability	VISIBLE:QUALIFY	DISPLAYLOCATION:Background	TYPE:SkillSpecialization_Diplomacy
ABILITYCATEGORY:Skill Specialization (Disable Device) Choice				EDITABLE:YES	EDITPOOL:YES		FRACTIONALPOOL:NO		CATEGORY:Special Ability	VISIBLE:QUALIFY	DISPLAYLOCATION:Background	TYPE:SkillSpecialization_DisableDevice
ABILITYCATEGORY:Skill Specialization (Disguise) Choice					EDITABLE:YES	EDITPOOL:YES		FRACTIONALPOOL:NO		CATEGORY:Special Ability	VISIBLE:QUALIFY	DISPLAYLOCATION:Background	TYPE:SkillSpecialization_Disguise
ABILITYCATEGORY:Skill Specialization (Escape Artist) Choice				EDITABLE:YES	EDITPOOL:YES		FRACTIONALPOOL:NO		CATEGORY:Special Ability	VISIBLE:QUALIFY	DISPLAYLOCATION:Background	TYPE:SkillSpecialization_EscapeArtist
ABILITYCATEGORY:Skill Specialization (Fly) Choice					EDITABLE:YES	EDITPOOL:YES		FRACTIONALPOOL:NO		CATEGORY:Special Ability	VISIBLE:QUALIFY	DISPLAYLOCATION:Background	TYPE:SkillSpecialization_Fly
ABILITYCATEGORY:Skill Specialization (Handle Animal) Choice				EDITABLE:YES	EDITPOOL:YES		FRACTIONALPOOL:NO		CATEGORY:Special Ability	VISIBLE:QUALIFY	DISPLAYLOCATION:Background	TYPE:SkillSpecialization_HandleAnimal
ABILITYCATEGORY:Skill Specialization (Heal) Choice					EDITABLE:YES	EDITPOOL:YES		FRACTIONALPOOL:NO		CATEGORY:Special Ability	VISIBLE:QUALIFY	DISPLAYLOCATION:Background	TYPE:SkillSpecialization_Heal
ABILITYCATEGORY:Skill Specialization (Intimidate) Choice				EDITABLE:YES	EDITPOOL:YES		FRACTIONALPOOL:NO		CATEGORY:Special Ability	VISIBLE:QUALIFY	DISPLAYLOCATION:Background	TYPE:SkillSpecialization_Intimidate
#ABILITYCATEGORY:Skill Specialization (Knowledge) Choice				EDITABLE:YES	EDITPOOL:YES		FRACTIONALPOOL:NO		CATEGORY:Special Ability	VISIBLE:QUALIFY	DISPLAYLOCATION:Background	TYPE:SkillSpecialization_Knowledge
ABILITYCATEGORY:Skill Specialization (Knowledge (Arcana)) Choice			EDITABLE:YES	EDITPOOL:YES		FRACTIONALPOOL:NO		CATEGORY:Special Ability	VISIBLE:QUALIFY	DISPLAYLOCATION:Background	TYPE:SkillSpecialization_Knowledge_Arcana
ABILITYCATEGORY:Skill Specialization (Knowledge (Dungeoneering)) Choice		EDITABLE:YES	EDITPOOL:YES		FRACTIONALPOOL:NO		CATEGORY:Special Ability	VISIBLE:QUALIFY	DISPLAYLOCATION:Background	TYPE:SkillSpecialization_Knowledge_Dungeoneering
ABILITYCATEGORY:Skill Specialization (Knowledge (Engineering)) Choice		EDITABLE:YES	EDITPOOL:YES		FRACTIONALPOOL:NO		CATEGORY:Special Ability	VISIBLE:QUALIFY	DISPLAYLOCATION:Background	TYPE:SkillSpecialization_Knowledge_Engineering
ABILITYCATEGORY:Skill Specialization (Knowledge (Geography)) Choice		EDITABLE:YES	EDITPOOL:YES		FRACTIONALPOOL:NO		CATEGORY:Special Ability	VISIBLE:QUALIFY	DISPLAYLOCATION:Background	TYPE:SkillSpecialization_Knowledge_Geography
ABILITYCATEGORY:Skill Specialization (Knowledge (History)) Choice			EDITABLE:YES	EDITPOOL:YES		FRACTIONALPOOL:NO		CATEGORY:Special Ability	VISIBLE:QUALIFY	DISPLAYLOCATION:Background	TYPE:SkillSpecialization_Knowledge_History
ABILITYCATEGORY:Skill Specialization (Knowledge (Local)) Choice			EDITABLE:YES	EDITPOOL:YES		FRACTIONALPOOL:NO		CATEGORY:Special Ability	VISIBLE:QUALIFY	DISPLAYLOCATION:Background	TYPE:SkillSpecialization_Knowledge_Local
ABILITYCATEGORY:Skill Specialization (Knowledge (Nature)) Choice			EDITABLE:YES	EDITPOOL:YES		FRACTIONALPOOL:NO		CATEGORY:Special Ability	VISIBLE:QUALIFY	DISPLAYLOCATION:Background	TYPE:SkillSpecialization_Knowledge_Nature
ABILITYCATEGORY:Skill Specialization (Knowledge (Nobility)) Choice			EDITABLE:YES	EDITPOOL:YES		FRACTIONALPOOL:NO		CATEGORY:Special Ability	VISIBLE:QUALIFY	DISPLAYLOCATION:Background	TYPE:SkillSpecialization_Knowledge_Nobility
ABILITYCATEGORY:Skill Specialization (Knowledge (Planes)) Choice			EDITABLE:YES	EDITPOOL:YES		FRACTIONALPOOL:NO		CATEGORY:Special Ability	VISIBLE:QUALIFY	DISPLAYLOCATION:Background	TYPE:SkillSpecialization_Knowledge_Planes
ABILITYCATEGORY:Skill Specialization (Knowledge (Religion)) Choice			EDITABLE:YES	EDITPOOL:YES		FRACTIONALPOOL:NO		CATEGORY:Special Ability	VISIBLE:QUALIFY	DISPLAYLOCATION:Background	TYPE:SkillSpecialization_Knowledge_Religion
ABILITYCATEGORY:Skill Specialization (Linguistics) Choice				EDITABLE:YES	EDITPOOL:YES		FRACTIONALPOOL:NO		CATEGORY:Special Ability	VISIBLE:QUALIFY	DISPLAYLOCATION:Background	TYPE:SkillSpecialization_Linguistics
ABILITYCATEGORY:Skill Specialization (Perception) Choice				EDITABLE:YES	EDITPOOL:YES		FRACTIONALPOOL:NO		CATEGORY:Special Ability	VISIBLE:QUALIFY	DISPLAYLOCATION:Background	TYPE:SkillSpecialization_Perception
#ABILITYCATEGORY:Skill Specialization (Perform) Choice					EDITABLE:YES	EDITPOOL:YES		FRACTIONALPOOL:NO		CATEGORY:Special Ability	VISIBLE:QUALIFY	DISPLAYLOCATION:Background	TYPE:SkillSpecialization_Perform
ABILITYCATEGORY:Skill Specialization (Perform (Act)) Choice				EDITABLE:YES	EDITPOOL:YES		FRACTIONALPOOL:NO		CATEGORY:Special Ability	VISIBLE:QUALIFY	DISPLAYLOCATION:Background	TYPE:SkillSpecialization_Perform_Act
ABILITYCATEGORY:Skill Specialization (Perform (Comedy)) Choice			EDITABLE:YES	EDITPOOL:YES		FRACTIONALPOOL:NO		CATEGORY:Special Ability	VISIBLE:QUALIFY	DISPLAYLOCATION:Background	TYPE:SkillSpecialization_Perform_Comedy
ABILITYCATEGORY:Skill Specialization (Perform (Dance)) Choice			EDITABLE:YES	EDITPOOL:YES		FRACTIONALPOOL:NO		CATEGORY:Special Ability	VISIBLE:QUALIFY	DISPLAYLOCATION:Background	TYPE:SkillSpecialization_Perform_Dance
ABILITYCATEGORY:Skill Specialization (Perform (Keyboard Instruments)) Choice	EDITABLE:YES	EDITPOOL:YES		FRACTIONALPOOL:NO		CATEGORY:Special Ability	VISIBLE:QUALIFY	DISPLAYLOCATION:Background	TYPE:SkillSpecialization_Perform_KeyboardInstruments
ABILITYCATEGORY:Skill Specialization (Perform (Oratory)) Choice			EDITABLE:YES	EDITPOOL:YES		FRACTIONALPOOL:NO		CATEGORY:Special Ability	VISIBLE:QUALIFY	DISPLAYLOCATION:Background	TYPE:SkillSpecialization_Perform_Oratory
ABILITYCATEGORY:Skill Specialization (Perform (Percussion Instruments)) Choice	EDITABLE:YES	EDITPOOL:YES		FRACTIONALPOOL:NO		CATEGORY:Special Ability	VISIBLE:QUALIFY	DISPLAYLOCATION:Background	TYPE:SkillSpecialization_Perform_PercussionInstruments
ABILITYCATEGORY:Skill Specialization (Perform (Sing)) Choice				EDITABLE:YES	EDITPOOL:YES		FRACTIONALPOOL:NO		CATEGORY:Special Ability	VISIBLE:QUALIFY	DISPLAYLOCATION:Background	TYPE:SkillSpecialization_Perform_Sing
ABILITYCATEGORY:Skill Specialization (Perform (String Instruments)) Choice	EDITABLE:YES	EDITPOOL:YES		FRACTIONALPOOL:NO		CATEGORY:Special Ability	VISIBLE:QUALIFY	DISPLAYLOCATION:Background	TYPE:SkillSpecialization_Perform_StringInstruments
ABILITYCATEGORY:Skill Specialization (Perform (Wind Instruments)) Choice		EDITABLE:YES	EDITPOOL:YES		FRACTIONALPOOL:NO		CATEGORY:Special Ability	VISIBLE:QUALIFY	DISPLAYLOCATION:Background	TYPE:SkillSpecialization_Perform_WindInstruments
#ABILITYCATEGORY:Skill Specialization (Profession) Choice				EDITABLE:YES	EDITPOOL:YES		FRACTIONALPOOL:NO		CATEGORY:Special Ability	VISIBLE:QUALIFY	DISPLAYLOCATION:Background	TYPE:SkillSpecialization_Profession
ABILITYCATEGORY:Skill Specialization (Profession (Architect)) Choice		EDITABLE:YES	EDITPOOL:YES		FRACTIONALPOOL:NO		CATEGORY:Special Ability	VISIBLE:QUALIFY	DISPLAYLOCATION:Background	TYPE:SkillSpecialization_Profession_Architect
ABILITYCATEGORY:Skill Specialization (Profession (Baker)) Choice			EDITABLE:YES	EDITPOOL:YES		FRACTIONALPOOL:NO		CATEGORY:Special Ability	VISIBLE:QUALIFY	DISPLAYLOCATION:Background	TYPE:SkillSpecialization_Profession_Baker
ABILITYCATEGORY:Skill Specialization (Profession (Barrister)) Choice		EDITABLE:YES	EDITPOOL:YES		FRACTIONALPOOL:NO		CATEGORY:Special Ability	VISIBLE:QUALIFY	DISPLAYLOCATION:Background	TYPE:SkillSpecialization_Profession_Barrister
ABILITYCATEGORY:Skill Specialization (Profession (Brewer)) Choice			EDITABLE:YES	EDITPOOL:YES		FRACTIONALPOOL:NO		CATEGORY:Special Ability	VISIBLE:QUALIFY	DISPLAYLOCATION:Background	TYPE:SkillSpecialization_Profession_Brewer
ABILITYCATEGORY:Skill Specialization (Profession (Butcher)) Choice			EDITABLE:YES	EDITPOOL:YES		FRACTIONALPOOL:NO		CATEGORY:Special Ability	VISIBLE:QUALIFY	DISPLAYLOCATION:Background	TYPE:SkillSpecialization_Profession_Butcher
ABILITYCATEGORY:Skill Specialization (Profession (Clerk)) Choice			EDITABLE:YES	EDITPOOL:YES		FRACTIONALPOOL:NO		CATEGORY:Special Ability	VISIBLE:QUALIFY	DISPLAYLOCATION:Background	TYPE:SkillSpecialization_Profession_Clerk
ABILITYCATEGORY:Skill Specialization (Profession (Cook)) Choice			EDITABLE:YES	EDITPOOL:YES		FRACTIONALPOOL:NO		CATEGORY:Special Ability	VISIBLE:QUALIFY	DISPLAYLOCATION:Background	TYPE:SkillSpecialization_Profession_Cook
ABILITYCATEGORY:Skill Specialization (Profession (Courtesan)) Choice		EDITABLE:YES	EDITPOOL:YES		FRACTIONALPOOL:NO		CATEGORY:Special Ability	VISIBLE:QUALIFY	DISPLAYLOCATION:Background	TYPE:SkillSpecialization_Profession_Courtesan
ABILITYCATEGORY:Skill Specialization (Profession (Driver)) Choice			EDITABLE:YES	EDITPOOL:YES		FRACTIONALPOOL:NO		CATEGORY:Special Ability	VISIBLE:QUALIFY	DISPLAYLOCATION:Background	TYPE:SkillSpecialization_Profession_Driver
ABILITYCATEGORY:Skill Specialization (Profession (Engineer)) Choice		EDITABLE:YES	EDITPOOL:YES		FRACTIONALPOOL:NO		CATEGORY:Special Ability	VISIBLE:QUALIFY	DISPLAYLOCATION:Background	TYPE:SkillSpecialization_Profession_Engineer
ABILITYCATEGORY:Skill Specialization (Profession (Farmer)) Choice			EDITABLE:YES	EDITPOOL:YES		FRACTIONALPOOL:NO		CATEGORY:Special Ability	VISIBLE:QUALIFY	DISPLAYLOCATION:Background	TYPE:SkillSpecialization_Profession_Farmer
ABILITYCATEGORY:Skill Specialization (Profession (Fisherman)) Choice		EDITABLE:YES	EDITPOOL:YES		FRACTIONALPOOL:NO		CATEGORY:Special Ability	VISIBLE:QUALIFY	DISPLAYLOCATION:Background	TYPE:SkillSpecialization_Profession_Fisherman
ABILITYCATEGORY:Skill Specialization (Profession (Fortune-teller)) Choice	EDITABLE:YES	EDITPOOL:YES		FRACTIONALPOOL:NO		CATEGORY:Special Ability	VISIBLE:QUALIFY	DISPLAYLOCATION:Background	TYPE:SkillSpecialization_Profession_Fortuneteller
ABILITYCATEGORY:Skill Specialization (Profession (Gambler)) Choice			EDITABLE:YES	EDITPOOL:YES		FRACTIONALPOOL:NO		CATEGORY:Special Ability	VISIBLE:QUALIFY	DISPLAYLOCATION:Background	TYPE:SkillSpecialization_Profession_Gambler
ABILITYCATEGORY:Skill Specialization (Profession (Gardener)) Choice		EDITABLE:YES	EDITPOOL:YES		FRACTIONALPOOL:NO		CATEGORY:Special Ability	VISIBLE:QUALIFY	DISPLAYLOCATION:Background	TYPE:SkillSpecialization_Profession_Gardener
ABILITYCATEGORY:Skill Specialization (Profession (Herbalist)) Choice		EDITABLE:YES	EDITPOOL:YES		FRACTIONALPOOL:NO		CATEGORY:Special Ability	VISIBLE:QUALIFY	DISPLAYLOCATION:Background	TYPE:SkillSpecialization_Profession_Herbalist
ABILITYCATEGORY:Skill Specialization (Profession (Innkeeper)) Choice		EDITABLE:YES	EDITPOOL:YES		FRACTIONALPOOL:NO		CATEGORY:Special Ability	VISIBLE:QUALIFY	DISPLAYLOCATION:Background	TYPE:SkillSpecialization_Profession_Innkeeper
ABILITYCATEGORY:Skill Specialization (Profession (Librarian)) Choice		EDITABLE:YES	EDITPOOL:YES		FRACTIONALPOOL:NO		CATEGORY:Special Ability	VISIBLE:QUALIFY	DISPLAYLOCATION:Background	TYPE:SkillSpecialization_Profession_Librarian
ABILITYCATEGORY:Skill Specialization (Profession (Merchant)) Choice		EDITABLE:YES	EDITPOOL:YES		FRACTIONALPOOL:NO		CATEGORY:Special Ability	VISIBLE:QUALIFY	DISPLAYLOCATION:Background	TYPE:SkillSpecialization_Profession_Merchant
ABILITYCATEGORY:Skill Specialization (Profession (Midwife)) Choice			EDITABLE:YES	EDITPOOL:YES		FRACTIONALPOOL:NO		CATEGORY:Special Ability	VISIBLE:QUALIFY	DISPLAYLOCATION:Background	TYPE:SkillSpecialization_Profession_Midwife
ABILITYCATEGORY:Skill Specialization (Profession (Miller)) Choice			EDITABLE:YES	EDITPOOL:YES		FRACTIONALPOOL:NO		CATEGORY:Special Ability	VISIBLE:QUALIFY	DISPLAYLOCATION:Background	TYPE:SkillSpecialization_Profession_Miller
ABILITYCATEGORY:Skill Specialization (Profession (Miner)) Choice			EDITABLE:YES	EDITPOOL:YES		FRACTIONALPOOL:NO		CATEGORY:Special Ability	VISIBLE:QUALIFY	DISPLAYLOCATION:Background	TYPE:SkillSpecialization_Profession_Miner
ABILITYCATEGORY:Skill Specialization (Profession (Porter)) Choice			EDITABLE:YES	EDITPOOL:YES		FRACTIONALPOOL:NO		CATEGORY:Special Ability	VISIBLE:QUALIFY	DISPLAYLOCATION:Background	TYPE:SkillSpecialization_Profession_Porter
ABILITYCATEGORY:Skill Specialization (Profession (Sailor)) Choice			EDITABLE:YES	EDITPOOL:YES		FRACTIONALPOOL:NO		CATEGORY:Special Ability	VISIBLE:QUALIFY	DISPLAYLOCATION:Background	TYPE:SkillSpecialization_Profession_Sailor
ABILITYCATEGORY:Skill Specialization (Profession (Scribe)) Choice			EDITABLE:YES	EDITPOOL:YES		FRACTIONALPOOL:NO		CATEGORY:Special Ability	VISIBLE:QUALIFY	DISPLAYLOCATION:Background	TYPE:SkillSpecialization_Profession_Scribe
ABILITYCATEGORY:Skill Specialization (Profession (Shepherd)) Choice		EDITABLE:YES	EDITPOOL:YES		FRACTIONALPOOL:NO		CATEGORY:Special Ability	VISIBLE:QUALIFY	DISPLAYLOCATION:Background	TYPE:SkillSpecialization_Profession_Shepherd
ABILITYCATEGORY:Skill Specialization (Profession (Soldier)) Choice			EDITABLE:YES	EDITPOOL:YES		FRACTIONALPOOL:NO		CATEGORY:Special Ability	VISIBLE:QUALIFY	DISPLAYLOCATION:Background	TYPE:SkillSpecialization_Profession_Soldier
ABILITYCATEGORY:Skill Specialization (Profession (Soothsayer)) Choice		EDITABLE:YES	EDITPOOL:YES		FRACTIONALPOOL:NO		CATEGORY:Special Ability	VISIBLE:QUALIFY	DISPLAYLOCATION:Background	TYPE:SkillSpecialization_Profession_Soothsayer
ABILITYCATEGORY:Skill Specialization (Profession (Stable Master)) Choice		EDITABLE:YES	EDITPOOL:YES		FRACTIONALPOOL:NO		CATEGORY:Special Ability	VISIBLE:QUALIFY	DISPLAYLOCATION:Background	TYPE:SkillSpecialization_Profession_StableMaster
ABILITYCATEGORY:Skill Specialization (Profession (Tanner)) Choice			EDITABLE:YES	EDITPOOL:YES		FRACTIONALPOOL:NO		CATEGORY:Special Ability	VISIBLE:QUALIFY	DISPLAYLOCATION:Background	TYPE:SkillSpecialization_Profession_Tanner
ABILITYCATEGORY:Skill Specialization (Profession (Trapper)) Choice			EDITABLE:YES	EDITPOOL:YES		FRACTIONALPOOL:NO		CATEGORY:Special Ability	VISIBLE:QUALIFY	DISPLAYLOCATION:Background	TYPE:SkillSpecialization_Profession_Trapper
ABILITYCATEGORY:Skill Specialization (Profession (Woodcutter)) Choice		EDITABLE:YES	EDITPOOL:YES		FRACTIONALPOOL:NO		CATEGORY:Special Ability	VISIBLE:QUALIFY	DISPLAYLOCATION:Background	TYPE:SkillSpecialization_Profession_Woodcutter
ABILITYCATEGORY:Skill Specialization (Ride) Choice					EDITABLE:YES	EDITPOOL:YES		FRACTIONALPOOL:NO		CATEGORY:Special Ability	VISIBLE:QUALIFY	DISPLAYLOCATION:Background	TYPE:SkillSpecialization_Ride
ABILITYCATEGORY:Skill Specialization (Sense Motive) Choice				EDITABLE:YES	EDITPOOL:YES		FRACTIONALPOOL:NO		CATEGORY:Special Ability	VISIBLE:QUALIFY	DISPLAYLOCATION:Background	TYPE:SkillSpecialization_SenseMotive
ABILITYCATEGORY:Skill Specialization (Sleight of Hand) Choice			EDITABLE:YES	EDITPOOL:YES		FRACTIONALPOOL:NO		CATEGORY:Special Ability	VISIBLE:QUALIFY	DISPLAYLOCATION:Background	TYPE:SkillSpecialization_SleightOfHand
ABILITYCATEGORY:Skill Specialization (Spellcraft) Choice				EDITABLE:YES	EDITPOOL:YES		FRACTIONALPOOL:NO		CATEGORY:Special Ability	VISIBLE:QUALIFY	DISPLAYLOCATION:Background	TYPE:SkillSpecialization_Spellcraft
ABILITYCATEGORY:Skill Specialization (Stealth) Choice					EDITABLE:YES	EDITPOOL:YES		FRACTIONALPOOL:NO		CATEGORY:Special Ability	VISIBLE:QUALIFY	DISPLAYLOCATION:Background	TYPE:SkillSpecialization_Stealth
ABILITYCATEGORY:Skill Specialization (Survival) Choice					EDITABLE:YES	EDITPOOL:YES		FRACTIONALPOOL:NO		CATEGORY:Special Ability	VISIBLE:QUALIFY	DISPLAYLOCATION:Background	TYPE:SkillSpecialization_Survival
ABILITYCATEGORY:Skill Specialization (Swim) Choice					EDITABLE:YES	EDITPOOL:YES		FRACTIONALPOOL:NO		CATEGORY:Special Ability	VISIBLE:QUALIFY	DISPLAYLOCATION:Background	TYPE:SkillSpecialization_Swim
ABILITYCATEGORY:Skill Specialization (Use Magic Device) Choice			EDITABLE:YES	EDITPOOL:YES		FRACTIONALPOOL:NO		CATEGORY:Special Ability	VISIBLE:QUALIFY	DISPLAYLOCATION:Background	TYPE:SkillSpecialization_UseMagicDevice

#
###END
#
