# CVS $Revision$ $Author$ -- Wed Jan 16 17:25:24 2008 -- reformated by prettylst.pl v1.38 (build 4314)
#SOURCELONG:System Reference Document	SOURCESHORT:SRD	SOURCEWEB:http://groups.yahoo.com/group/pcgen/files/3.0%20SRD/
# Original Entry by: Tir Gwaith, Eddy Anthony
#
# Ability Categories
#

###Block: Master Category
# Ability Category				Visible		Editable or Static?	Change Pool?	Fractional values?	Base Pool number		Category of Object			Type of Object				Plural description for UI		Display where?
ABILITYCATEGORY:Special Ability		VISIBLE:NO		EDITABLE:NO			EDITPOOL:NO		FRACTIONALPOOL:NO		CATEGORY:Special Ability

###Block: Bonus FEATs and subgroups
# Ability Category				Visible		Editable or Static?	Change Pool?	Fractional values?	Category of Object		Type of Object				Plural description for UI		Display where?
ABILITYCATEGORY:Fighter Feat			VISIBLE:QUALIFY	EDITABLE:YES		EDITPOOL:YES	FRACTIONALPOOL:NO		CATEGORY:FEAT			TYPE:Fighter				PLURAL:Fighter Feats			DISPLAYLOCATION:Feats
ABILITYCATEGORY:Wizard Feat			VISIBLE:QUALIFY	EDITABLE:YES		EDITPOOL:YES	FRACTIONALPOOL:NO		CATEGORY:FEAT			TYPE:Wizard.ItemCreation.Metamagic	PLURAL:Wizard Feats			DISPLAYLOCATION:Feats
ABILITYCATEGORY:Metamagic Feat		VISIBLE:QUALIFY	EDITABLE:YES		EDITPOOL:NO		FRACTIONALPOOL:NO		CATEGORY:FEAT			TYPE:Metamagic				PLURAL:Metamagic Feats			DISPLAYLOCATION:Feats


###Block: Special Ability and subgroups
# Ability Category				Visible		Editable or Static?	Change Pool?	Fractional values?	Base Pool number		Category of Object			Type of Object				Plural description for UI		Display where?
ABILITYCATEGORY:Rogue Special Ability	VISIBLE:YES		EDITABLE:YES		EDITPOOL:NO		FRACTIONALPOOL:NO		CATEGORY:Special Ability	TYPE:RogueAbilities			PLURAL:Rogue Special Abilities	DISPLAYLOCATION:Class Abilities
ABILITYCATEGORY:Favored Enemy			VISIBLE:YES		EDITABLE:YES		EDITPOOL:NO		FRACTIONALPOOL:NO		CATEGORY:Special Ability	TYPE:FavoredEnemy				PLURAL:Favored Enemies			DISPLAYLOCATION:Class Abilities

#
# End
#
