# CVS $Revision$ $Author$ -- Fri Oct 19 20:16:09 2012 -- reformated by prettylst.pl v1.39 (build 15052)
SOURCELONG:Mythic Dreams Studios - Dark Inheritance Campaign Setting	SOURCESHORT:Dark Inheritance	SOURCEWEB:http://www.mythicdreams.com	SOURCEDATE:2003-01
# Original Entry by: Frank Kliewe

###Block: Handguns
# Equipment Name				Required Weapon Proficiency				Type																Contains			Cost		Weight	Critical Hit Multiplier	Critical Hit Range	Damage	Range		Size		Source Page		Special Property			Rate of Fire
Colt Delta Elite (10mm autoloader)	PROFICIENCY:WEAPON|Colt Delta Elite			TYPE:Weapon.Ranged.Standard.Firearm.Pistol.Ballistic.Personal.Semiauto.Container.Projectile	CONTAINS:1|Bullet=7	COST:17	WT:3		CRITMULT:x2			CRITRANGE:1			DAMAGE:2d6	RANGE:30	SIZE:S	SOURCEPAGE:p.191	SPROP:Magazine 7, Lic(+1)	RATEOFFIRE:S
HK 0.45 Mk23 Mod 0 USSOCOM		PROFICIENCY:WEAPON|HK 0.45 Mk23 Mod 0 USSOCOM	TYPE:Weapon.Ranged.Standard.Firearm.Pistol.Ballistic.Personal.Semiauto.Container.Projectile	CONTAINS:1|Bullet=12	COST:22	WT:3		CRITMULT:x2			CRITRANGE:1			DAMAGE:2d6	RANGE:30	SIZE:S	SOURCEPAGE:p.191	SPROP:Magazine 12, Res(+2)	RATEOFFIRE:S

###Block: Submachine Guns
# Equipment Name	Required Weapon Proficiency	Type																		Contains			Cost		Weight	Critical Hit Multiplier	Critical Hit Range	Damage		Range		Size		Source Page		Special Property					Rate of Fire
FN P90		PROFICIENCY:WEAPON|FN P90	TYPE:Weapon.Ranged.Standard.Firearm.Longarm.Ballistic.Personal.Semiauto.Automatic.Container.Projectile	CONTAINS:1|Bullet=50	COST:21	WT:8		CRITMULT:x2			CRITRANGE:1			DAMAGE:2d8		RANGE:70	SIZE:L	SOURCEPAGE:p.192	SPROP:Magazine 50, Res(+2)			RATEOFFIRE:S,A
HK MP5SD6		PROFICIENCY:WEAPON|HK MP5SD6	TYPE:Weapon.Ranged.Standard.Firearm.Longarm.Ballistic.Personal.Semiauto.Container.Projectile			CONTAINS:1|Bullet=30	COST:22	WT:8		CRITMULT:x2			CRITRANGE:1			DAMAGE:2d6-1	RANGE:40	SIZE:L	SOURCEPAGE:p.192	SPROP:Magazine 30, silenced, Mil(+3)	RATEOFFIRE:S

###Block: Assault Rifles
# Equipment Name			Required Weapon Proficiency		Type																		Contains			Cost		Weight	Critical Hit Multiplier	Critical Hit Range	Damage	Range		Size		Source Page		Special Property																								Rate of Fire
Alliant OICW (Assault Rifle)	PROFICIENCY:WEAPON|Alliant OICW	TYPE:Weapon.Ranged.Standard.Firearm.Longarm.Ballistic.Personal.Semiauto.Container.Projectile			CONTAINS:1|Bullet=30	COST:17	WT:18		CRITMULT:x2			CRITRANGE:1			DAMAGE:2d8	RANGE:70	SIZE:L	SOURCEPAGE:p.193	SPROP:Magazine 30, Burst shell - air (Dam 3d6 Slashing, 10 ft. burst, Ref DC 15), Burst shell - impact (Dam 2d6 Slashing, 5 ft. burst, Ref DC 14), Mil(+3)	RATEOFFIRE:S
Norinco QB2 (5.8mm)		PROFICIENCY:WEAPON|Norinco QB2	TYPE:Weapon.Ranged.Standard.Firearm.Longarm.Ballistic.Personal.Semiauto.Automatic.Container.Projectile	CONTAINS:1|Bullet=30	COST:20	WT:8		CRITMULT:x2			CRITRANGE:1			DAMAGE:2d8	RANGE:80	SIZE:L	SOURCEPAGE:p.193	SPROP:Magazine 30, Res(+2)																						RATEOFFIRE:S,A

###Block: Shotguns
# Equipment Name			Required Weapon Proficiency			Type																		Contains			Cost		Weight	Critical Hit Multiplier	Critical Hit Range	Damage	Modifier			Range		Size		Source Page		Special Property					Rate of Fire
Benelli M1 Super 90 (12-ga)	PROFICIENCY:WEAPON|Benelli M1 Super 90	TYPE:Weapon.Ranged.Standard.Firearm.Longarm.Ballistic.Personal.Semiauto.Container.Projectile			CONTAINS:1|Bullet=7	COST:17	WT:8		CRITMULT:x2			CRITRANGE:1			DAMAGE:2d8					RANGE:40	SIZE:L	SOURCEPAGE:p.194	SPROP:Magazine 7, Lic(+1)			RATEOFFIRE:S
Daewoo USAS-12 (12-ga)		PROFICIENCY:WEAPON|Daewoo USAS-12		TYPE:Weapon.Ranged.Standard.Firearm.Longarm.Ballistic.Personal.Semiauto.Automatic.Container.Projectile	CONTAINS:1|Bullet=28	COST:18	WT:11		CRITMULT:x2			CRITRANGE:1			DAMAGE:2d8	EQMOD:UNRELIABLE|5%	RANGE:40	SIZE:L	SOURCEPAGE:p.194	SPROP:Magazine 12 box or 28 drum, Res(+2)	RATEOFFIRE:S,A
HK 512 (12-ga)			PROFICIENCY:WEAPON|HK 512			TYPE:Weapon.Ranged.Standard.Firearm.Longarm.Ballistic.Personal.Semiauto.Container.Projectile			CONTAINS:1|Bullet=7	COST:17	WT:8		CRITMULT:x2			CRITRANGE:1			DAMAGE:2d8					RANGE:40	SIZE:L	SOURCEPAGE:p.194	SPROP:Magazine 7, Lic(+1)			RATEOFFIRE:S
Pancor Jackhammer (12-ga)	PROFICIENCY:WEAPON|Pancor Jackhammer	TYPE:Weapon.Ranged.Standard.Firearm.Longarm.Ballistic.Personal.Semiauto.Automatic.Container.Projectile	CONTAINS:1|Bullet=7	COST:17	WT:8		CRITMULT:x2			CRITRANGE:1			DAMAGE:2d8					RANGE:50	SIZE:L	SOURCEPAGE:p.194	SPROP:Magazine 7, Lic(+1)			RATEOFFIRE:S,A

#
# End
#
