# CVS $Revision$ $Author$ -- Wed Feb 11 16:09:11 2009 -- reformated by prettylst.pl v1.39 (build 9329)
SOURCELONG:Sovereign Stone Campaign Sourcebook	SOURCESHORT:SovereignS	SOURCEWEB:http://www.sovstone.com	SOURCEDATE:2002-04


# Equipment Name	Required Weapon Proficiency		Type								Cost		Weight	Required Race		Critical Hit Multiplier	Critical Hit Range	Damage	Size		Source Page		Weapon prop. bonus
Byrglaif		PROFICIENCY:WEAPON|Byrglaif		TYPE:Weapon.Exotic.Melee.Slashing.Masterwork	COST:500	WT:3						CRITMULT:x2			CRITRANGE:2			DAMAGE:1d8	SIZE:S	SOURCEPAGE:p.	BONUS:WEAPON|TOHIT|1
Byrglaif (Elven)	PROFICIENCY:WEAPON|Byrglaif		TYPE:Weapon.Martial.Melee.Slashing.Masterwork	COST:500	WT:3		PRERACE:1,Elf,Elf (SS)	CRITMULT:x2			CRITRANGE:2			DAMAGE:1d8	SIZE:S	SOURCEPAGE:p.	BONUS:WEAPON|TOHIT|1
Flensing Blade	PROFICIENCY:WEAPON|Flensing Blade	TYPE:Weapon.Exotic.Melee.Slashing			COST:20	WT:7						CRITMULT:x4			CRITRANGE:1			DAMAGE:1d10	SIZE:M	SOURCEPAGE:p.
Hirglaif		PROFICIENCY:WEAPON|Hirglaif		TYPE:Weapon.Exotic.Melee.Slashing.Masterwork	COST:500	WT:6						CRITMULT:x2			CRITRANGE:2			DAMAGE:1d10	SIZE:L	SOURCEPAGE:p.	BONUS:WEAPON|TOHIT|1
Hirglaif (Elven)	PROFICIENCY:WEAPON|Hirglaif		TYPE:Weapon.Martial.Melee.Slashing.Masterwork	COST:500	WT:6		PRERACE:1,Elf,Elf (SS)	CRITMULT:x2			CRITRANGE:2			DAMAGE:1d10	SIZE:L	SOURCEPAGE:p.	BONUS:WEAPON|TOHIT|1
Sabre (Cavalry)	PROFICIENCY:WEAPON|Sabre		TYPE:Weapon.Exotic.Melee.Slashing			COST:30	WT:5						CRITMULT:x2			CRITRANGE:2			DAMAGE:2d4	SIZE:M	SOURCEPAGE:p.
Terbosh		PROFICIENCY:WEAPON|Terbosh		TYPE:Weapon.Exotic.Melee.Bludgeoning		COST:15	WT:8						CRITMULT:x2			CRITRANGE:2			DAMAGE:1d8	SIZE:L	SOURCEPAGE:p.


# Equipment Name	Required Proficiency			Type								Cost		Weight	Required Race	Critical Hit Multiplier	Critical Hit Range	Damage	Alternative Damage	Size		Source Page		Weapon prop. bonus
#Battleaxe								TYPE:Weapon.Martial.Melee.Slashing			COST:7	WT:7					CRITMULT:x3			CRITRANGE:1			DAMAGE:1d8					SIZE:M	SOURCEPAGE:p.
#Dagger (Punching)	PROFICIENCY:WEAPON|Dagger		TYPE:Weapon.Simple.Melee.Piercing			COST:2	WT:1					CRITMULT:x3			CRITRANGE:1			DAMAGE:1d4					SIZE:T	SOURCEPAGE:p.
#Falchion								TYPE:Weapon.Martial.Melee.Slashing			COST:80	WT:16					CRITMULT:x2			CRITRANGE:3			DAMAGE:2d4					SIZE:L	SOURCEPAGE:p.
#Flail (Heavy)	PROFICIENCY:WEAPON|Flail		TYPE:Weapon.Martial.Melee.Bludgeoning		COST:14	WT:20					CRITMULT:x2			CRITRANGE:2			DAMAGE:1d10					SIZE:L	SOURCEPAGE:p.
#Flail (Light)	PROFICIENCY:WEAPON|Flail		TYPE:Weapon.Martial.Melee.Bludgeoning		COST:7	WT:5					CRITMULT:x2			CRITRANGE:1			DAMAGE:1d8					SIZE:M	SOURCEPAGE:p.
#Gauntlet		PROFICIENCY:WEAPON|Unarmed Strike	TYPE:Weapon.Simple.Melee.Unarmed.Bludgeoning	COST:2	WT:2																					SOURCEPAGE:p.
#Gauntlet (Spiked)							TYPE:Weapon.Simple.Melee.Piercing			COST:5	WT:2					CRITMULT:x2			CRITRANGE:1			DAMAGE:1d4					SIZE:T	SOURCEPAGE:p.
#Glaive								TYPE:Weapon.Martial.Melee.Slashing			COST:7	WT:15					CRITMULT:x3			CRITRANGE:1			DAMAGE:1d10					SIZE:L	SOURCEPAGE:p.
#Guisarme								TYPE:Weapon.Martial.Melee.Slashing			COST:10	WT:15					CRITMULT:x3			CRITRANGE:1			DAMAGE:2d4					SIZE:L	SOURCEPAGE:p.
#Halberd								TYPE:Weapon.Martial.Melee.Piercing.Slashing	COST:7	WT:15					CRITMULT:x3			CRITRANGE:1			DAMAGE:1d10					SIZE:L	SOURCEPAGE:p.
#Handaxe								TYPE:Weapon.Martial.Melee.Slashing			COST:2	WT:5					CRITMULT:x3			CRITRANGE:1			DAMAGE:1d6					SIZE:S	SOURCEPAGE:p.
#Lance (Heavy)	PROFICIENCY:WEAPON|Lance		TYPE:Weapon.Martial.Melee.Piercing			COST:10	WT:10					CRITMULT:x3			CRITRANGE:1			DAMAGE:1d8					SIZE:M	SOURCEPAGE:p.
#Lance (Light)	PROFICIENCY:WEAPON|Lance		TYPE:Weapon.Martial.Melee.Piercing			COST:7	WT:5					CRITMULT:x3			CRITRANGE:1			DAMAGE:1d6					SIZE:S	SOURCEPAGE:p.
#Longspear								TYPE:Weapon.Martial.Melee.Piercing			COST:3	WT:9					CRITMULT:x3			CRITRANGE:1			DAMAGE:1d8					SIZE:L	SOURCEPAGE:p.
#Mace (Heavy)	PROFICIENCY:WEAPON|Mace			TYPE:Weapon.Simple.Melee.Bludgeoning		COST:10	WT:12					CRITMULT:x2			CRITRANGE:1			DAMAGE:1d8					SIZE:M	SOURCEPAGE:p.
#Mace (Light)	PROFICIENCY:WEAPON|Mace			TYPE:Weapon.Simple.Melee.Bludgeoning		COST:5	WT:6					CRITMULT:x2			CRITRANGE:1			DAMAGE:1d6					SIZE:S	SOURCEPAGE:p.
#Morningstar								TYPE:Weapon.Simple.Melee.Bludgeoning.Piercing	COST:8	WT:8					CRITMULT:x2			CRITRANGE:1			DAMAGE:1d8					SIZE:M	SOURCEPAGE:p.
#Pick (Heavy)	PROFICIENCY:WEAPON|Pick			TYPE:Weapon.Martial.Melee.Piercing			COST:9	WT:6					CRITMULT:x4			CRITRANGE:1			DAMAGE:1d6					SIZE:M	SOURCEPAGE:p.
#Pick (Light)	PROFICIENCY:WEAPON|Pick			TYPE:Weapon.Martial.Melee.Piercing			COST:4	WT:4					CRITMULT:x4			CRITRANGE:1			DAMAGE:1d4					SIZE:S	SOURCEPAGE:p.
#Quarterstaff							TYPE:Weapon.Simple.Melee.Bludgeoning.Double	COST:1	WT:4					CRITMULT:x2			CRITRANGE:1			DAMAGE:1d6	ALTDAMAGE:1d6		SIZE:L	SOURCEPAGE:p.
#Ranseur								TYPE:Weapon.Martial.Melee.Piercing			COST:12	WT:15					CRITMULT:x3			CRITRANGE:1			DAMAGE:2d4					SIZE:L	SOURCEPAGE:p.
#Rapier								TYPE:Weapon.Martial.Melee.Piercing			COST:25	WT:3					CRITMULT:x2			CRITRANGE:3			DAMAGE:1d6					SIZE:M	SOURCEPAGE:p.
#Sap									TYPE:Weapon.Martial.Melee.Bludgeoning		COST:1	WT:3					CRITMULT:x2			CRITRANGE:1			DAMAGE:1d6					SIZE:S	SOURCEPAGE:p.
#Scimitar								TYPE:Weapon.Martial.Melee.Slashing			COST:20	WT:4					CRITMULT:x2			CRITRANGE:3			DAMAGE:1d6					SIZE:M	SOURCEPAGE:p.
#Sickle								TYPE:Weapon.Simple.Melee.Slashing			COST:6	WT:3					CRITMULT:x2			CRITRANGE:1			DAMAGE:1d6					SIZE:S	SOURCEPAGE:p.
#Greatsword								TYPE:Weapon.Martial.Melee.Slashing			COST:50	WT:15					CRITMULT:x2			CRITRANGE:2			DAMAGE:2d6					SIZE:L	SOURCEPAGE:p.
#Longsword								TYPE:Weapon.Martial.Melee.Slashing			COST:20	WT:4					CRITMULT:x2			CRITRANGE:2			DAMAGE:1d8					SIZE:M	SOURCEPAGE:p.
#Sword (Short)							TYPE:Weapon.Martial.Melee.Piercing			COST:10	WT:3					CRITMULT:x2			CRITRANGE:2			DAMAGE:1d6					SIZE:S	SOURCEPAGE:p.
#Trident								TYPE:Weapon.Martial.Melee.Piercing			COST:15	WT:5					CRITMULT:x2			CRITRANGE:1			DAMAGE:1d8					SIZE:M	SOURCEPAGE:p.
#Unarmed Strike							TYPE:Weapon.Unarmed.Melee.Bludgeoning.Monk	COST:0	WT:0													DAMAGE:1d3					SIZE:T	SOURCEPAGE:p.
#Warhammer								TYPE:Weapon.Martial.Melee.Bludgeoning		COST:10	WT:8					CRITMULT:x3			CRITRANGE:1			DAMAGE:1d8					SIZE:M	SOURCEPAGE:p.
