# CVS $Revision$ $Author$ -- Tue Dec 15 01:48:08 2015 -- reformated by PCGen PrettyLST v6.06.00


# Ability Name	Category of Ability		Type			Required Race			Var. Min. Value			Multiple?	Choose						Bonus to skill		Cost		Source Page
Unhorsed Dwarf	CATEGORY:Special Ability	TYPE:General	PRERACE:1,Dwarf (Unhorsed)	PREVARGTEQ:nullandvoid,2	MULT:YES	CHOOSE:SKILL|TYPE=Craft|TYPE=Profession	BONUS:SKILL|LIST|2	COST:0.5	SOURCEPAGE:p.



# CVS $Revision$ $Author$ -- Wed Sep  3 00:18:24 2014 -- reformated by prettylst.pl v1.51 (build 24947)
SOURCELONG:Sovereign Stone Campaign Sourcebook	SOURCESHORT:SovereignS	SOURCEWEB:http://www.sovstone.com	SOURCEDATE:2002-04

###Block: Hidden Racial Feats
# Feat Name		Type			Visible	Required Race			Var. Min. Value			Multiple?	Choose						Bonus to skill		Cost		Source Page

###Block: Proficiencies
# Feat Name				Type			Visible	Auto Weapon Prof
# Ability Name			Category of Ability		Type			Auto Weapon Prof
Archer Weapon Proficiencies	CATEGORY:Special Ability	TYPE:Special	AUTO:WEAPONPROF|Shortbow|Shortbow (Composite)|Longbow|Longbow (Composite)|Sword (Short)|Handaxe
Sailor Weapon Proficiencies	CATEGORY:Special Ability	TYPE:Special	AUTO:WEAPONPROF|Rapier|Net|Scimitar|Trident

###Block: Archer Class abilities
# Feat Name				Type			Visible	Special ABility				Define			Stackable?	Multiple?	Choose												Weapon prof. bonus				Source Page
# Ability Name			Category of Ability		Type			Special ABility				Define			Stackable?	Multiple?	Choose												Weapon prof. bonus				Source Page
Archer Primary Weapon		CATEGORY:Special Ability	TYPE:ClassAbility	SAB:Primary Weapon +%|PrimaryWeap	DEFINE:PrimaryWeap|0	STACK:NO	MULT:YES	CHOOSE:WEAPONPROFICIENCY|Crossbow (Heavy)|Crossbow (Light)|Longbow|Shortbow	BONUS:WEAPONPROF=%LIST|TOHIT|PrimaryWeap	SOURCEPAGE:p.
Extra Shot				CATEGORY:Special Ability	TYPE:ClassAbility	SAB:Extra Shot																																SOURCEPAGE:p.
Improved Point Blank Shot	CATEGORY:Special Ability	TYPE:ClassAbility	SAB:Improved Point Blank Shot																														SOURCEPAGE:p.
Long Distance Accuracy		CATEGORY:Special Ability	TYPE:ClassAbility	SAB:Long Distance Accuracy																														SOURCEPAGE:p.
Ranged Disarm			CATEGORY:Special Ability	TYPE:ClassAbility	SAB:Ranged Disarm																																SOURCEPAGE:p.
Extended Range			CATEGORY:Special Ability	TYPE:ClassAbility	SAB:Extended Range																															SOURCEPAGE:p.

###Block: Mounted Warrior class abilities
# Feat Name			Type			Visible	Special ABility		Source Page
# Ability Name		Category of Ability		Type			Special ABility		Source Page
Mounted Attack		CATEGORY:Special Ability	TYPE:ClassAbility	SAB:Mounted Attack	SOURCEPAGE:p.41
Guide Mount			CATEGORY:Special Ability	TYPE:ClassAbility	SAB:Guide Mount		SOURCEPAGE:p.41
Remain in Saddle		CATEGORY:Special Ability	TYPE:ClassAbility	SAB:Remain in Saddle	SOURCEPAGE:p.41
Direct Mount		CATEGORY:Special Ability	TYPE:ClassAbility	SAB:Direct Mount		SOURCEPAGE:p.41
Defensive Riding		CATEGORY:Special Ability	TYPE:ClassAbility	SAB:Defensive Riding	SOURCEPAGE:p.41
Combat-ready Mount	CATEGORY:Special Ability	TYPE:ClassAbility	SAB:Combat-ready Mount	SOURCEPAGE:p.41
Lightning Charge		CATEGORY:Special Ability	TYPE:ClassAbility	SAB:Lightning Charge	SOURCEPAGE:p.41
Moving Target		CATEGORY:Special Ability	TYPE:ClassAbility	SAB:Moving Target		SOURCEPAGE:p.41
Devastating Trample	CATEGORY:Special Ability	TYPE:ClassAbility	SAB:Devastating Trample	SOURCEPAGE:p.41

###Block: Sailor class abilities
# Feat Name				Type			Visible	Special ABility				Define			Stackable?	Multiple?	Choose										Weapon prof. bonus				Source Page
# Ability Name			Category of Ability		Type			Special ABility				Define			Stackable?	Multiple?	Choose										Weapon prof. bonus				Source Page
Sailor Weapon Bonus		CATEGORY:Special Ability	TYPE:Internal											STACK:YES	MULT:YES	CHOOSE:WEAPONPROFICIENCY|PC[TYPE=Exotic|TYPE=Martial|TYPE=Simple]	BONUS:WEAPONPROF=%LIST|TOHIT,DAMAGE|1	SOURCEPAGE:p.41
Dirty Blow				CATEGORY:Special Ability	TYPE:ClassAbility	SAB:Dirty Blow +%d4|DirtyBlow		DEFINE:DirtyBlow|0																							SOURCEPAGE:p.41
Extraordinary Tolerance		CATEGORY:Special Ability	TYPE:ClassAbility	SAB:Extraordinary Tolerance																												SOURCEPAGE:p.41
Superior Improvised Weapon	CATEGORY:Special Ability	TYPE:ClassAbility	SAB:Superior Improvised Weapon																											SOURCEPAGE:p.41
Follow Up Strike			CATEGORY:Special Ability	TYPE:ClassAbility	SAB:Follow Up Strike																													SOURCEPAGE:p.41
Extraordinary Balance		CATEGORY:Special Ability	TYPE:ClassAbility	SAB:Extraordinary Balance																												SOURCEPAGE:p.41

###Block: Soldier class abilities
# Feat Name				Type			Visible	Special ABility				Define			Combat bonus				Source Page
# Ability Name			Category of Ability		Type			Special ABility				Define			Combat bonus				Source Page
Quick Action			CATEGORY:Special Ability	TYPE:ClassAbility	SAB:Quick Action +% |QuickAction	DEFINE:QuickAction|0	BONUS:COMBAT|INITIATIVE|QuickAction	SOURCEPAGE:p.49
Superior Bull Rush		CATEGORY:Special Ability	TYPE:ClassAbility	SAB:Superior Bull Rush													SOURCEPAGE:p.49
Coordinated Strikes		CATEGORY:Special Ability	TYPE:ClassAbility	SAB:Coordinated Strikes													SOURCEPAGE:p.49
Superior Trip			CATEGORY:Special Ability	TYPE:ClassAbility	SAB:Superior Trip														SOURCEPAGE:p.49
Improved Close order Fighting	CATEGORY:Special Ability	TYPE:ClassAbility	SAB:Improved Close-order Fighting											SOURCEPAGE:p.49
Lightning Reaction		CATEGORY:Special Ability	TYPE:ClassAbility	SAB:Lightning Reaction													SOURCEPAGE:p.49
Maximize Cover			CATEGORY:Special Ability	TYPE:ClassAbility	SAB:Maximize Cover													SOURCEPAGE:p.49
Killing Strike			CATEGORY:Special Ability	TYPE:ClassAbility	SAB:Killing Strike													SOURCEPAGE:p.49
Reflexive Strike			CATEGORY:Special Ability	TYPE:ClassAbility	SAB:Reflexive Strike													SOURCEPAGE:p.49

###Block: Stalker class abilities
# Feat Name			Type			Visible	Special ABility					Define			Source Page
# Ability Name		Category of Ability		Type			Special ABility					Define			Source Page
Skilled Disarm		CATEGORY:Special Ability	TYPE:ClassAbility	SAB:Skilled Disarm +% |SkilledDisarm	DEFINE:SkilledDisarm|0	SOURCEPAGE:p.51
Blinding Attack		CATEGORY:Special Ability	TYPE:ClassAbility	SAB:Blinding Attack								SOURCEPAGE:p.51
Incapacitating Attack	CATEGORY:Special Ability	TYPE:ClassAbility	SAB:Incapacitating Attack							SOURCEPAGE:p.51
Finishing Attack		CATEGORY:Special Ability	TYPE:ClassAbility	SAB:Finishing Attack								SOURCEPAGE:p.51
