# CVS $Revision$ $Author$ -- Wed Sep  3 17:24:32 2008 -- reformated by prettylst.pl v1.38 (build 7233)

SOURCELONG:Player's Guide to Arcanis	SOURCESHORT:PGtA	SOURCEWEB:http://www.paradigmconcepts.com	SOURCEDATE:2004-06

STARTPACK:Wizard Spell Book	EQUIPBUY:0	PREMULT:2,[PREPCLEVEL:MAX=1],[PRECLASS:1,Wizard=1]
GEAR:Spellbook (Wizard's/Blank)	LOCATION:Carried

###Block: Alignment Kits ------------------
STARTPACK:LG	VISIBLE:NO	APPLY:INSTANT
ALIGN:LG

STARTPACK:NG	VISIBLE:NO	APPLY:INSTANT
ALIGN:NG

STARTPACK:CG	VISIBLE:NO	APPLY:INSTANT
ALIGN:CG

STARTPACK:LN	VISIBLE:NO	APPLY:INSTANT
ALIGN:LN

STARTPACK:TN	VISIBLE:NO	APPLY:INSTANT
ALIGN:TN

STARTPACK:CN	VISIBLE:NO	APPLY:INSTANT
ALIGN:CN

STARTPACK:LE	VISIBLE:NO	APPLY:INSTANT
ALIGN:LE

STARTPACK:NE	VISIBLE:NO	APPLY:INSTANT
ALIGN:NE

STARTPACK:CE	VISIBLE:NO	APPLY:INSTANT
ALIGN:CE

# Monk Flurry of Blows Issue
STARTPACK:Monk Flurry of Blows	VISIBLE:NO	APPLY:INSTANT	EQUIPBUY:0
GEAR:Flurry of Blows	LOCATION:Unarmed


###########  Kits needed for Feats  ##############################
STARTPACK:Conscript	VISIBLE:NO	APPLY:INSTANT	EQUIPBUY:0
GEAR:Longsword		SIZE:PC
GEAR:Halberd		SIZE:PC
GEAR:Crossbow (Heavy)	SIZE:PC
TEMPLATE:ConscriptArmor
#GEAR:%LIST			SIZE:PC
#Causing Errors.

STARTPACK:Default Skeleton (Cloud Giant)	VISIBLE:NO	EQUIPBUY:0	PREMULT:1,[!PRERACE:1,%],[PRERACE:1,Skeleton (Cloud Giant)]
STAT:STR=11|DEX=11|CON=10|INT=10|WIS=10|CHA=10
RACE:Skeleton (Cloud Giant)	!PRERACE:1,%
NAME:Skeleton (Cloud Giant)
ALIGN:NE
FEAT:Improved Initiative
GEAR:Morningstar	SIZE:G	LOCATION:Both Hands

STARTPACK:Dwarven Militia	VISIBLE:NO	EQUIPBUY:0
GEAR:TYPE=Armor	EQMOD:MWORKA
GEAR:TYPE=Weapon	EQMOD:MWORKW

STARTPACK:Gentry (Val)	VISIBLE:NO	EQUIPBUY:0
GEAR:Altherian Flintlock (Pistol)
GEAR:Blastpowder (20)

STARTPACK:Legionnaire	VISIBLE:NO	EQUIPBUY:0
GEAR:Gladius			SIZE:PC
GEAR:Lancea				SIZE:PC
GEAR:Shield (Tower/Wood)	SIZE:PC

STARTPACK:Shining Patrol Service	VISIBLE:NO	EQUIPBUY:0
GEAR:Scimitar				SIZE:PC
GEAR:Outfit (Traveler's)		SIZE:PC
GEAR:Altherian Flintlock (Rifle)			PREMULT:1,[PREREGION:Altheria],[PRERACE:1,Val],[PREFEAT:1,TYPE=Gentry]
GEAR:Blastpowder (20)					PREMULT:1,[PREREGION:Altheria],[PRERACE:1,Val],[PREFEAT:1,TYPE=Gentry]

STARTPACK:Soldier of Retribution	VISIBLE:NO	EQUIPBUY:0
GEAR:Longsword			SIZE:PC
GEAR:TYPE=Armor.Light.Suit	SIZE:PC	MAXCOST:500

STARTPACK:Spirit Warrior Kit	VISIBLE:NO	EQUIPBUY:0
STAT:STR=22|DEX=12|INT=12|WIS=15|CHA=16
GEAR:Longsword			EQMOD:MWORKW|MAGIC_ENHANCE_4|FROST_M|GHOST_M
GEAR:Full Plate
GEAR:Shield (Heavy/Metal)
SKILL:Climb			RANK:1
SKILL:Handle Animal	RANK:8
SKILL:Intimidate		RANK:2
SKILL:Jump			RANK:2
SKILL:Listen		RANK:+12
SKILL:Ride			RANK:9
SKILL:Search		RANK:6
SKILL:Spot			RANK:12
SKILL:Survival		RANK:14

###### Default Animal Kits ####################
## Many are complete guesses as there is no detail in the book ##
## Errata from 2006-06-03 applied to Bull and dire, Ram and dire, Wolf Lizard and dire, Fire Drake, Igiho, Eloran War Elk

STARTPACK:Bull Default	VISIBLE:QUALIFY	EQUIPBUY:0	PREMULT:1,[!PRERACE:1,%],[PRERACE:1,Bull]
RACE:Bull	!PRERACE:1,%
ALIGN:TN
SKILL:Listen	RANK:5
SKILL:Spot		RANK:5
FEAT:Alertness
FEAT:Trample
STAT:STR=10|DEX=10|CON=11|INT=10|WIS=10|CHA=11

STARTPACK:Dire Animal (Dire Bull) Default	VISIBLE:QUALIFY	EQUIPBUY:0	PREMULT:1,[!PRERACE:1,%],[PRERACE:1,Dire Animal (Dire Bull)]
RACE:Dire Animal (Dire Bull)	!PRERACE:1,%
ALIGN:TN
SKILL:Listen	RANK:5
SKILL:Spot		RANK:5
FEAT:Alertness
FEAT:Improved Bull Rush
FEAT:Improved Critical(Gore)
FEAT:Improved Natural Weapon Fighting(Gore)
FEAT:Power Attack
FEAT:Trample
STAT:STR=10|DEX=10|CON=10|INT=10|WIS=10|CHA=11

STARTPACK:Dire Animal (Dire Ram) Default	VISIBLE:QUALIFY	EQUIPBUY:0	PREMULT:1,[!PRERACE:1,%],[PRERACE:1,Dire Animal (Dire Ram)]
RACE:Dire Animal (Dire Ram)	!PRERACE:1,%
ALIGN:TN
SKILL:Listen	RANK:2
SKILL:Spot		RANK:2
FEAT:Diehard
FEAT:Endurance
FEAT:Trample
STAT:STR=10|DEX=11|CON=11|INT=10|WIS=11|CHA=10

STARTPACK:Dire Animal (Dire Wolf Lizard) Default	VISIBLE:QUALIFY	EQUIPBUY:0	PREMULT:1,[!PRERACE:1,%],[PRERACE:1,Dire Animal (Dire Wolf Lizard)]
RACE:Dire Animal (Dire Wolf Lizard)	!PRERACE:1,%
ALIGN:TN
SKILL:Hide			RANK:5
SKILL:Jump			RANK:3
SKILL:Listen		RANK:3
SKILL:Move Silently	RANK:4
SKILL:Spot			RANK:1
FEAT:Alertness
FEAT:Skill Focus (Jump)
FEAT:Improved Natural Attack(Bite)
FEAT:Weapon Finesse
FEAT:Weapon Focus(Bite)
STAT:STR=10|DEX=11|CON=10|INT=10|WIS=10|CHA=10

STARTPACK:Eloran War Elk Default	VISIBLE:QUALIFY	EQUIPBUY:0	PREMULT:1,[!PRERACE:1,%],[PRERACE:1,Eloran War Elk]
RACE:Eloran War Elk	!PRERACE:1,%
ALIGN:NG
SKILL:Jump		RANK:0
SKILL:Listen	RANK:3
SKILL:Spot		RANK:3
FEAT:Alertness
FEAT:Endurance
FEAT:Run
FEAT:Improved Natural Attack(Gore)
STAT:STR=10|DEX=10|CON=10|INT=10|WIS=11|CHA=10

STARTPACK:Fire Drake Default	VISIBLE:QUALIFY	EQUIPBUY:0	PREMULT:1,[!PRERACE:1,%],[PRERACE:1,Fire Drake]
RACE:Fire Drake	!PRERACE:1,%
ALIGN:TN
SKILL:Balance	RANK:3
SKILL:Climb		RANK:5
SKILL:Hide		RANK:7
SKILL:Jump		RANK:3
SKILL:Listen	RANK:3
SKILL:Spot		RANK:4
SKILL:Survival	RANK:3
FEAT:Flyby Attack
FEAT:Hover
FEAT:Improved Natural Attack(Bite)
STAT:STR=10|DEX=10|CON=10|INT=10|WIS=11|CHA=10

STARTPACK:Igiho Default	VISIBLE:QUALIFY	EQUIPBUY:0	PREMULT:1,[!PRERACE:1,%],[PRERACE:1,Igiho]
RACE:Igiho	!PRERACE:1,%
ALIGN:TN
SKILL:Hide		RANK:7
SKILL:Listen	RANK:6
SKILL:Spot		RANK:7
FEAT:Alertness
FEAT:Weapon Finesse
STAT:STR=10|DEX=10|CON=10|INT=10|WIS=10|CHA=10

# Guess
STARTPACK:Mongoose Default	VISIBLE:QUALIFY	EQUIPBUY:0	PREMULT:1,[!PRERACE:1,%],[PRERACE:1,Mongoose]
RACE:Mongoose	!PRERACE:1,%
ALIGN:TN
SKILL:Hide			RANK:1
SKILL:Move Silently	RANK:2
SKILL:Spot			RANK:1
FEAT:Weapon Finesse
STAT:STR=11|DEX=11|CON=11|INT=10|WIS=10|CHA=10

STARTPACK:Parrot Default	VISIBLE:QUALIFY	EQUIPBUY:0	PREMULT:1,[!PRERACE:1,%],[PRERACE:1,Parrot]
RACE:Parrot	!PRERACE:1,%
NAME:Parrot
ALIGN:TN
SKILL:Spot	RANK:4
FEAT:Weapon Finesse
STAT:STR=10|DEX=11|CON=10|INT=10|WIS=10|CHA=10

STARTPACK:Ram Default	VISIBLE:QUALIFY	EQUIPBUY:0	PREMULT:1,[!PRERACE:1,%],[PRERACE:1,Ram]
RACE:Ram	!PRERACE:1,%
ALIGN:TN
SKILL:Listen	RANK:2
SKILL:Spot		RANK:2
FEAT:Diehard
FEAT:Endurance
FEAT:Trample
STAT:STR=11|DEX=11|CON=10|INT=10|WIS=11|CHA=10

# Guess
STARTPACK:Scorpion Default	VISIBLE:QUALIFY	EQUIPBUY:0	PREMULT:1,[!PRERACE:1,%],[PRERACE:1,Scorpion]
RACE:Scorpion	!PRERACE:1,%
ALIGN:TN
SKILL:Listen	RANK:1
SKILL:Spot		RANK:1
FEAT:Weapon Finesse
STAT:STR=10|DEX=11|CON=11|INT=10|WIS=10|CHA=10

# Guess
STARTPACK:Spider Default	VISIBLE:QUALIFY	EQUIPBUY:0	PREMULT:1,[!PRERACE:1,%],[PRERACE:1,Spider]
RACE:Spider	!PRERACE:1,%
ALIGN:TN
SKILL:Listen	RANK:1
SKILL:Spot		RANK:1
FEAT:Weapon Finesse
STAT:STR=10|DEX=11|CON=11|INT=10|WIS=10|CHA=10

# Guess
STARTPACK:Spider Monkey Default	VISIBLE:QUALIFY	EQUIPBUY:0	PREMULT:1,[!PRERACE:1,%],[PRERACE:1,Spider Monkey]
RACE:Spider Monkey	!PRERACE:1,%
NAME:Spider Monkey
ALIGN:TN
SKILL:Listen	RANK:2
SKILL:Spot		RANK:2
FEAT:Weapon Finesse
STAT:STR=11|DEX=11|CON=10|INT=10|WIS=10|CHA=11

STARTPACK:Wolf Lizard Default	VISIBLE:QUALIFY	EQUIPBUY:0	PREMULT:1,[!PRERACE:1,%],[PRERACE:1,Wolf Lizard]
RACE:Wolf Lizard	!PRERACE:1,%
ALIGN:TN
SKILL:Hide			RANK:4
SKILL:Jump			RANK:1
SKILL:Listen		RANK:2
SKILL:Move Silently	RANK:4
SKILL:Spot			RANK:1
FEAT:Alertness
FEAT:Weapon Finesse
FEAT:Skill Focus (Jump)
STAT:STR=10|DEX=11|CON=10|INT=10|WIS=10|CHA=10

######  Arcanis Animal Companions  ###############
## Errata from 2006-06-03 applied to Bull and dire, Ram and dire, Wolf Lizard and dire, Fire Drake, Igiho, Eloran War Elk

STARTPACK:Bull Companion	VISIBLE:NO	EQUIPBUY:0	PREMULT:1,[!PRERACE:1,%],[PRERACE:1,Bull]
RACE:Bull	!PRERACE:1,%
ALIGN:TN
SKILL:Listen	RANK:5
SKILL:Spot		RANK:5
FEAT:Alertness
FEAT:Trample
STAT:STR=10|DEX=10|CON=11|INT=10|WIS=10|CHA=11

STARTPACK:Cat Companion	VISIBLE:NO	EQUIPBUY:0	PREMULT:1,[!PRERACE:1,%],[PRERACE:1,Cat]
RACE:Cat	!PRERACE:1,%
ALIGN:TN
SKILL:Move Silently	RANK:2
SKILL:Hide			RANK:2
FEAT:Stealthy
STAT:STR=11|DEX=11|CON=11|INT=10|WIS=10|CHA=10

STARTPACK:Dire Animal (Dire Bull) Companion	VISIBLE:NO	EQUIPBUY:0	PREMULT:1,[!PRERACE:1,%],[PRERACE:1,Dire Animal (Dire Bull)]
RACE:Dire Animal (Dire Bull)	!PRERACE:1,%
ALIGN:TN
SKILL:Listen	RANK:5
SKILL:Spot		RANK:5
FEAT:Alertness
FEAT:Improved Bull Rush
FEAT:Improved Critical(Gore)
FEAT:Improved Natural Weapon Fighting(Gore)
FEAT:Power Attack
FEAT:Trample
STAT:STR=10|DEX=10|CON=10|INT=10|WIS=10|CHA=11

STARTPACK:Dire Animal (Dire Ram) Companion	VISIBLE:NO	EQUIPBUY:0	PREMULT:1,[!PRERACE:1,%],[PRERACE:1,Dire Animal (Dire Ram)]
RACE:Dire Animal (Dire Ram)	!PRERACE:1,%
ALIGN:TN
SKILL:Move Silently	RANK:1
SKILL:Listen		RANK:2
SKILL:Spot			RANK:2
FEAT:Diehard
FEAT:Endurance
FEAT:Trample
STAT:STR=10|DEX=11|CON=11|INT=10|WIS=11|CHA=10

STARTPACK:Dire Animal (Dire Wolf Lizard) Companion	VISIBLE:NO	EQUIPBUY:0	PREMULT:1,[!PRERACE:1,%],[PRERACE:1,Dire Animal (Dire Wolf Lizard)]
RACE:Dire Animal (Dire Wolf Lizard)	!PRERACE:1,%
ALIGN:TN
SKILL:Hide			RANK:5
SKILL:Jump			RANK:3
SKILL:Listen		RANK:3
SKILL:Move Silently	RANK:4
SKILL:Spot			RANK:1
FEAT:Alertness
FEAT:Skill Focus (Jump)
FEAT:Improved Natural Attack(Bite)
FEAT:Weapon Finesse
FEAT:Weapon Focus(Bite)
STAT:STR=10|DEX=11|CON=10|INT=10|WIS=10|CHA=10

STARTPACK:Ram Companion	VISIBLE:NO	EQUIPBUY:0	PREMULT:1,[!PRERACE:1,%],[PRERACE:1,Ram]
RACE:Ram	!PRERACE:1,%
ALIGN:TN
SKILL:Listen	RANK:2
SKILL:Spot		RANK:2
FEAT:Diehard
FEAT:Endurance
FEAT:Trample
STAT:STR=11|DEX=11|CON=10|INT=10|WIS=11|CHA=10

STARTPACK:Wolf Lizard Companion	VISIBLE:NO	EQUIPBUY:0	PREMULT:1,[!PRERACE:1,%],[PRERACE:1,Wolf Lizard]
RACE:Wolf Lizard	!PRERACE:1,%
ALIGN:TN
SKILL:Hide			RANK:4
SKILL:Jump			RANK:1
SKILL:Listen		RANK:2
SKILL:Move Silently	RANK:4
SKILL:Spot			RANK:1
FEAT:Alertness
FEAT:Weapon Finesse
FEAT:Skill Focus (Jump)
STAT:STR=10|DEX=11|CON=10|INT=10|WIS=10|CHA=10

######  Arcanis Familiars  ###############

# Guess
STARTPACK:Mongoose Familiar	VISIBLE:NO	EQUIPBUY:0	PREMULT:1,[!PRERACE:1,%],[PRERACE:1,Mongoose]
RACE:Mongoose	!PRERACE:1,%
ALIGN:TN
SKILL:Hide			RANK:1
SKILL:Move Silently	RANK:2
SKILL:Spot			RANK:1
FEAT:Weapon Finesse
STAT:STR=11|DEX=11|CON=10|INT=10|WIS=10|CHA=11

STARTPACK:Parrot Familiar	VISIBLE:NO	EQUIPBUY:0	PREMULT:1,[!PRERACE:1,%],[PRERACE:1,Parrot]
RACE:Parrot	!PRERACE:1,%
NAME:Parrot
ALIGN:TN
SKILL:Spot	RANK:4
FEAT:Weapon Finesse
STAT:STR=10|DEX=11|CON=10|INT=10|WIS=10|CHA=10

# Guess
STARTPACK:Scorpion Familiar	VISIBLE:NO	EQUIPBUY:0	PREMULT:1,[!PRERACE:1,%],[PRERACE:1,Scorpion]
RACE:Scorpion	!PRERACE:1,%
ALIGN:TN
SKILL:Listen	RANK:1
SKILL:Spot		RANK:1
FEAT:Weapon Finesse
STAT:STR=10|DEX=11|CON=11|INT=10|WIS=10|CHA=10

# Guess
STARTPACK:Spider Familiar	VISIBLE:NO	EQUIPBUY:0	PREMULT:1,[!PRERACE:1,%],[PRERACE:1,Spider]
RACE:Spider	!PRERACE:1,%
ALIGN:TN
SKILL:Listen	RANK:1
SKILL:Spot		RANK:1
FEAT:Weapon Finesse
STAT:STR=10|DEX=11|CON=11|INT=10|WIS=10|CHA=10

# Guess
STARTPACK:Spider Monkey Familiar	VISIBLE:NO	EQUIPBUY:0	PREMULT:1,[!PRERACE:1,%],[PRERACE:1,Spider Monkey]
RACE:Spider Monkey	!PRERACE:1,%
NAME:Spider Monkey
ALIGN:TN
SKILL:Listen	RANK:2
SKILL:Spot		RANK:2
FEAT:Weapon Finesse
STAT:STR=11|DEX=11|CON=10|CHA=11|INT=10|WIS=10

STARTPACK:Shadow Lion Default	VISIBLE:QUALIFY	EQUIPBUY:0	PREMULT:1,[!PRERACE:1,%],[PRERACE:1,Shadow Lion]
RACE:Shadow Lion	!PRERACE:1,%
NAME:Shadow Lion
ALIGN:TN
SKILL:Listen	RANK:4
SKILL:Spot		RANK:4
FEAT:Alertness
FEAT:Run
FEAT:Weapon Focus(Claw)
STAT:STR=11|DEX=11|CON=11|INT=10|WIS=10|CHA=10
