# CVS $Revision: $ $Author: $ -- Mon Feb  9 18:51:00 2015 -- reformated by PCGen PrettyLST v6.04.01
SOURCELONG:Varisia, Birthplace of Legends	SOURCESHORT:VBoL	SOURCEWEB:http://paizo.com/products/btpy8tim?Pathfinder-Player-Companion-Varisia-Birthplace-of-Legends	SOURCEDATE:2012-9
# Original Entry by: John Mooney (SLoPPYALieN)

###BLOCK: Armor
# Equipment Name	Required Armor Proficiency	Type										Cost		Weight	AC Penalty Check	Maximum DEX Bonus	Source Page		% of Spell Failure	Combat bonus
Hide Shirt		PROFICIENCY:ARMOR|Hide Shirt	TYPE:Armor.Light.ArmorProfLight.Suit.Standard.Nonmetal	COST:20	WT:18		ACCHECK:-1		MODIFY:Eq_MaxDex|MIN|4|PRIORITY=200		SOURCEPAGE:p.14	SPELLFAILURE:15		BONUS:COMBAT|AC|3|TYPE=Armor

###BLOCK: Shield
# Equipment Name		Required Shield Proficiency		Type					Cost		Weight	AC Penalty Check	Source Page		% of Spell Failure	Combat bonus
Klar (as a Shield)	PROFICIENCY:SHIELD|Shield (Light)	TYPE:Shield.Light.Standard	COST:12	WT:6		ACCHECK:-1		SOURCEPAGE:p.14	SPELLFAILURE:5		BONUS:COMBAT|AC|1|TYPE=Shield

###BLOCK: Weapon
# Equipment Name					Output Name		Required Weapon Proficiency		Type																Cost		Weight	Slot Needed	Crit Mult	Crit Range	Damage	Modifier			Wield Category	Range		Size		Source Page
Starknife									PROFICIENCY:WEAPON|Starknife		TYPE:Weapon.Resizable.Melee.Light.Martial.Standard.Piercing							COST:24	WT:3				CRITMULT:x3	CRITRANGE:1	DAMAGE:1d4	EQMOD:Material ~ Steel			WIELD:Light		RANGE:20	SIZE:M	SOURCEPAGE:p.14
Klar (as a Weapon)				OUTPUTNAME:Klar	PROFICIENCY:WEAPON|Klar			TYPE:Weapon.Resizable.Melee.Light.Martial.Standard.Slashing							COST:0	WT:0				CRITMULT:x2	CRITRANGE:1	DAMAGE:1d6	EQMOD:Material ~ Steel			WIELD:Light				SIZE:M	SOURCEPAGE:p.14
Earth Breaker								PROFICIENCY:WEAPON|Earth Breaker	TYPE:Weapon.Resizable.Melee.TwoHanded.Martial.Standard.Bludgeoning					COST:40	WT:14				CRITMULT:x3	CRITRANGE:1	DAMAGE:2d6	EQMOD:Material ~ Steel			WIELD:TwoHanded			SIZE:M	SOURCEPAGE:p.14
Scarf (Bladed)								PROFICIENCY:WEAPON|Scarf (Bladed)	TYPE:Weapon.Resizable.Melee.TwoHanded.Exotic.Standard.Reach.Finesseable.Slashing			COST:12	WT:2				CRITMULT:x2	CRITRANGE:1	DAMAGE:1d6	EQMOD:Material ~ Cloth.Special Quality ~ Disarm.Special Quality ~ Trip	WIELD:TwoHanded			SIZE:M	SOURCEPAGE:p.14
Totem Spear									PROFICIENCY:WEAPON|Totem Spear	TYPE:Weapon.Resizable.Melee.TwoHanded.Exotic.Reach.Standard.Piercing.Spear				COST:25	WT:6		SLOTS:2	CRITMULT:x3	CRITRANGE:1	DAMAGE:1d10	EQMOD:Material ~ Steel			WIELD:TwoHanded	RANGE:10	SIZE:M	SOURCEPAGE:p.14
Shoanti Bola								PROFICIENCY:WEAPON|Shoanti Bola	TYPE:Weapon.Resizable.Ranged.Exotic.Standard.Bludgeoning.Piercing.Thrown				COST:15	WT:2				CRITMULT:x2	CRITRANGE:1	DAMAGE:1d4	EQMOD:Material ~ Leather.Special Quality ~ Trip				RANGE:10	SIZE:M	SOURCEPAGE:p.14

Boot																TYPE:Weapon.Resizable.Melee.Light.Standard.Ranged.Thrown.Martial.Standard.Bludgeoning.Hammer	COST:0	WT:1				CRITMULT:x2	CRITRANGE:1	DAMAGE:1d4	EQMOD:Material ~ Wood			WIELD:Light		RANGE:10	SIZE:M	SOURCEPAGE:p.27
Boot.COPY=Bucket
Boot.COPY=Frying Pan
Boot.COPY=Mug
Boot.COPY=Rolling Pin
Boot.COPY=Spade
Boot.COPY=Stool

#You also begin play with a placard bearing an apocalyptic slogan of your choice-this wooden sign can be used as a club.
Club (Base).COPY=Daring Doomsayer's Placard	VISIBLE:YES	EQMOD:Material ~ Wood
