# CVS $Revision$ $Author$ -- Tue May 25 16:05:56 2010 -- reformated by prettylst.pl v1.39 (build 11455)
SOURCELONG:Second Darkness - Chapter 4: Endless Night	SOURCESHORT:PF16	SOURCEWEB:http://paizo.com/pathfinder/adventurePath/secondDarkness/v5748btpy81tq	SOURCEDATE:2008-11


STARTPACK:Deep Crow Default	VISIBLE:QUALIFY	EQUIPBUY:0	PREMULT:1,[PRERACE:1,Deep Crow],[!PRERACE:1,%]	SOURCEPAGE:p. 80
ALIGN:TN
RACE:Deep Crow	!PRERACE:1,%
NAME:Deep Crow
SKILL:Perception	RANK:4
SKILL:Stealth	RANK:12
FEAT:Acrobatic
FEAT:Alertness
FEAT:Combat Reflexes
FEAT:Flyby Attack
FEAT:Lunge
FEAT:Multiattack
FEAT:Improved Initiative
FEAT:Wingover
STAT:STR=11|DEX=10|CON=10|INT=10|WIS=11|CHA=10


STARTPACK:Demon (Omox) Default	VISIBLE:QUALIFY	EQUIPBUY:0	PREMULT:1,[PRERACE:1,Demon (Omox)],[!PRERACE:1,%]	SOURCEPAGE:p. 82
ALIGN:CE
RACE:Demon (Omox)	!PRERACE:1,%
NAME:Omox Demon
SKILL:Acrobatics				RANK:12
SKILL:Bluff					RANK:12
SKILL:Knowledge (Dungeoneering)	RANK:12
SKILL:Knowledge (Planes)		RANK:12
SKILL:Perception				RANK:12
SKILL:Sense Motive			RANK:12
SKILL:Stealth				RANK:12
SKILL:Swim					RANK:12
FEAT:Combat Reflexes
FEAT:Dodge
FEAT:Improved Initiative
FEAT:Iron Will
FEAT:Mobility
FEAT:Spring Attack
STAT:STR=10|DEX=11|CON=10|INT=11|WIS=10|CHA=10


STARTPACK:Ghonhatine Default	VISIBLE:QUALIFY	EQUIPBUY:0	PREMULT:1,[PRERACE:1,Ghonhatine],[!PRERACE:1,%]	SOURCEPAGE:p. 84
ALIGN:CE
RACE:Ghonhatine	!PRERACE:1,%
NAME:Ghonhatine
SKILL:Perception	RANK:3
SKILL:Stealth	RANK:3
SKILL:Survival	RANK:6
FEAT:Awesome Blow
FEAT:Cleave
FEAT:Improved Bull Rush
FEAT:Improved Sunder
FEAT:Multiattack
FEAT:Power Attack
STAT:STR=11|DEX=11|CON=10|INT=10|WIS=11|CHA=10


STARTPACK:Irnakurse Default	VISIBLE:QUALIFY	EQUIPBUY:0	PREMULT:1,[PRERACE:1,Irnakurse],[!PRERACE:1,%]	SOURCEPAGE:p. 86
ALIGN:CE
RACE:Irnakurse	!PRERACE:1,%
NAME:Irnakurse
SKILL:Acrobatics	RANK:5
SKILL:Climb		RANK:5
SKILL:Perception	RANK:10
FEAT:Combat Reflexes
FEAT:Improved Initiative
FEAT:Lightning Reflexes
FEAT:Power Attack
FEAT:Stand Still
STAT:STR=10|DEX=11|CON=10|INT=10|WIS=10|CHA=10


STARTPACK:Mothman Default	VISIBLE:QUALIFY	EQUIPBUY:0	PREMULT:1,[PRERACE:1,Mothman],[!PRERACE:1,%]	SOURCEPAGE:p. 88
ALIGN:CN
RACE:Mothman	!PRERACE:1,%
NAME:Mothman
SKILL:Acrobatics		RANK:9
SKILL:TYPE.Knowledge	RANK:9	COUNT:2
SKILL:Fly			RANK:9
SKILL:Sense Motive	RANK:9
SKILL:Perception		RANK:9
SKILL:Stealth		RANK:9
FEAT:Blind-Fight
FEAT:Flyby Attack
FEAT:Hover
FEAT:Improved Initiative
FEAT:Weapon Finesse
STAT:STR=10|DEX=11|CON=10|INT=11|WIS=11|CHA=10

#
# End
#
