# CVS $Revision$ $Author$ -- Tue Nov 11 14:22:49 2008 -- reformated by prettylst.pl v1.38 (build 8180)
SOURCELONG:Fantasy Flight Games - Seafarer's Handbook	SOURCESHORT:SFHB	SOURCEWEB:http://www.fantasyflightgames.com/llsh.html	SOURCEDATE:2002-01

STARTPACK:Abyssal Shark Default	TYPE:DefaultMonster.Outsider	VISIBLE:QUALIFY	EQUIPBUY:0	PREMULT:1,[!PRERACE:1,%],[PRERACE:1,Abyssal Shark]
STAT:CON=10|WIS=10|CHA=10|STR=10|DEX=10|INT=10
RACE:Abyssal Shark	!PRERACE:1,%
NAME:Abyssal Shark
ALIGN:CE
SKILL:Listen		RANK:28
SKILL:Move Silently	RANK:28
SKILL:Spot			RANK:28
SKILL:Swim			RANK:28
SKILL:Wilderness Lore	RANK:28
SKILL:Hide			RANK:22
SKILL:Intimidate		RANK:14
FEAT:Improved Initiative
FEAT:Track
FEAT:Power Attack
FEAT:Cleave
FEAT:Great Cleave
FEAT:Improved Bull Rush

STARTPACK:Coral Golem Default	TYPE:DefaultMonster.Construct	VISIBLE:QUALIFY	EQUIPBUY:0	PREMULT:1,[!PRERACE:1,%],[PRERACE:1,Coral Golem]
STAT:CON=10|WIS=10|CHA=10|STR=10|DEX=10|INT=10
RACE:Coral Golem	!PRERACE:1,%
NAME:Coral Golem
ALIGN:TN
SKILL:Swim	RANK:1

STARTPACK:Drowned Dead Default	TYPE:DefaultMonster.Undead	VISIBLE:QUALIFY	EQUIPBUY:0	PREMULT:1,[!PRERACE:1,%],[PRERACE:1,Drowned Dead]
STAT:CON=10|WIS=10|CHA=10|STR=10|DEX=10|INT=10
RACE:Drowned Dead	!PRERACE:1,%
NAME:Drowned Dead
ALIGN:NE
SKILL:Spot			RANK:7
SKILL:Hide			RANK:7
SKILL:Listen		RANK:7
SKILL:Move Silently	RANK:6
SKILL:Swim			RANK:12

STARTPACK:Hippocampus Default	TYPE:DefaultMonster.Beast	VISIBLE:QUALIFY	EQUIPBUY:0	PREMULT:1,[!PRERACE:1,%],[PRERACE:1,Hippocampus]
STAT:CON=10|WIS=10|CHA=10|STR=10|DEX=10|INT=10
RACE:Hippocampus	!PRERACE:1,%
NAME:Hippocampus
ALIGN:TN
SKILL:Swim		RANK:4
SKILL:Listen	RANK:6
SKILL:Spot		RANK:6
