#  Fri Nov 16 19:52:40 2018 -- reformated by PCGen PrettyLST v6.08.00
# CVS $Revision: $ $Author: $ -- Wed Feb  3 13:47:16 2016 -- reformated by PCGen PrettyLST v6.06.00

# Ability Name	Category of Ability	Define			Ability							Modify VAR
Arcanist		CATEGORY:Class
Bloodrager		CATEGORY:Class		DEFINE:BloodrageLVL|0									BONUS:VAR|BloodrageLVL|BloodragerLVL	ABILITY:Internal|AUTOMATIC|Bloodrager ~ Bloodline Tracker
Brawler		CATEGORY:Class
Hunter		CATEGORY:Class
Investigator	CATEGORY:Class
Shaman		CATEGORY:Class
Skald			CATEGORY:Class
Slayer		CATEGORY:Class
Swashbuckler	CATEGORY:Class						ABILITY:Internal|AUTOMATIC|Panache Tracker
Warpriest		CATEGORY:Class

###Block:

# Arcanist
# Ability Name				Define								Ability																												Modify VAR
CATEGORY=Class|Arcanist.MOD											ABILITY:Internal|AUTOMATIC|Arcanist ~ Class Skills|PREVAREQ:Arcanist_CF_ClassSkills,0

CATEGORY=Class|Arcanist.MOD		DEFINE:Arcanist_CF_ClassSkills|0

CATEGORY=Class|Arcanist.MOD		DEFINE:Arcanist_CF_ConsumeSpells|0
CATEGORY=Class|Arcanist.MOD		DEFINE:Arcanist_CF_ArcaneReservoir|0
CATEGORY=Class|Arcanist.MOD		DEFINE:Arcanist_CF_ArcanistExploits|0
CATEGORY=Class|Arcanist.MOD		DEFINE:Arcanist_CF_Cantrips|0
CATEGORY=Class|Arcanist.MOD		DEFINE:Arcanist_CF_GreaterArcanistExploits|0
CATEGORY=Class|Arcanist.MOD		DEFINE:Arcanist_CF_MagicalSupremacy|0

CATEGORY=Class|Arcanist.MOD		DEFINE:Arcanist_CF_Proficiencies|0
CATEGORY=Class|Arcanist.MOD		DEFINE:Arcanist_CF_WeaponProficiencies|0
CATEGORY=Class|Arcanist.MOD		DEFINE:Arcanist_CF_Spellbooks|0
CATEGORY=Class|Arcanist.MOD		DEFINE:Arcanist_CF_Spells|0

CATEGORY=Class|Arcanist.MOD		DEFINE:Arcanist_CF_ArcanistExploit1|0
CATEGORY=Class|Arcanist.MOD		DEFINE:Arcanist_CF_ArcanistExploit3|0
CATEGORY=Class|Arcanist.MOD		DEFINE:Arcanist_CF_ArcanistExploit5|0
CATEGORY=Class|Arcanist.MOD		DEFINE:Arcanist_CF_ArcanistExploit7|0
CATEGORY=Class|Arcanist.MOD		DEFINE:Arcanist_CF_ArcanistExploit9|0
CATEGORY=Class|Arcanist.MOD		DEFINE:Arcanist_CF_ArcanistExploit11|0
CATEGORY=Class|Arcanist.MOD		DEFINE:Arcanist_CF_ArcanistExploit13|0
CATEGORY=Class|Arcanist.MOD		DEFINE:Arcanist_CF_ArcanistExploit15|0
CATEGORY=Class|Arcanist.MOD		DEFINE:Arcanist_CF_ArcanistExploit17|0
CATEGORY=Class|Arcanist.MOD		DEFINE:Arcanist_CF_ArcanistExploit19|0

CATEGORY=Class|Arcanist.MOD																																								BONUS:VAR|Arcanist_CF_ArcanistExploit1|01|TYPE=Boolean|PREFACT:1,ABILITIES,Arcanist_CF_ArcanistExploit1=True
CATEGORY=Class|Arcanist.MOD																																								BONUS:VAR|Arcanist_CF_ArcanistExploit3|01|TYPE=Boolean|PREFACT:1,ABILITIES,Arcanist_CF_ArcanistExploit3=True
CATEGORY=Class|Arcanist.MOD																																								BONUS:VAR|Arcanist_CF_ArcanistExploit5|01|TYPE=Boolean|PREFACT:1,ABILITIES,Arcanist_CF_ArcanistExploit5=True
CATEGORY=Class|Arcanist.MOD																																								BONUS:VAR|Arcanist_CF_ArcanistExploit7|01|TYPE=Boolean|PREFACT:1,ABILITIES,Arcanist_CF_ArcanistExploit7=True
CATEGORY=Class|Arcanist.MOD																																								BONUS:VAR|Arcanist_CF_ArcanistExploit9|01|TYPE=Boolean|PREFACT:1,ABILITIES,Arcanist_CF_ArcanistExploit9=True
CATEGORY=Class|Arcanist.MOD																																								BONUS:VAR|Arcanist_CF_ArcanistExploit11|1|TYPE=Boolean|PREFACT:1,ABILITIES,Arcanist_CF_ArcanistExploit11=True
CATEGORY=Class|Arcanist.MOD																																								BONUS:VAR|Arcanist_CF_ArcanistExploit13|1|TYPE=Boolean|PREFACT:1,ABILITIES,Arcanist_CF_ArcanistExploit13=True
CATEGORY=Class|Arcanist.MOD																																								BONUS:VAR|Arcanist_CF_ArcanistExploit15|1|TYPE=Boolean|PREFACT:1,ABILITIES,Arcanist_CF_ArcanistExploit15=True
CATEGORY=Class|Arcanist.MOD																																								BONUS:VAR|Arcanist_CF_ArcanistExploit17|1|TYPE=Boolean|PREFACT:1,ABILITIES,Arcanist_CF_ArcanistExploit17=True
CATEGORY=Class|Arcanist.MOD																																								BONUS:VAR|Arcanist_CF_ArcanistExploit19|1|TYPE=Boolean|PREFACT:1,ABILITIES,Arcanist_CF_ArcanistExploit19=True


CATEGORY=Class|Arcanist.MOD																																								BONUS:VAR|Arcanist_CF_Spellbooks|1|TYPE=Boolean|PREFACT:1,ABILITIES,Arcanist_CF_Spellbooks=True
CATEGORY=Class|Arcanist.MOD																																								BONUS:VAR|Arcanist_CF_Spells|1|TYPE=Boolean|PREFACT:1,ABILITIES,Arcanist_CF_Spells=True



CATEGORY=Class|Arcanist.MOD																																								BONUS:VAR|Arcanist_CF_Proficiencies|1|TYPE=Boolean|PREFACT:1,ABILITIES,Arcanist_CF_Proficiencies=True
CATEGORY=Class|Arcanist.MOD																																								BONUS:VAR|Arcanist_CF_WeaponProficiencies|1|TYPE=Boolean|PREFACT:1,ABILITIES,Arcanist_CF_WeaponProficiencies=True
CATEGORY=Class|Arcanist.MOD																																								BONUS:VAR|Arcanist_CF_ClassSkills|1|TYPE=Boolean|PREFACT:1,ABILITIES,Arcanist_CF_ClassSkills=True
CATEGORY=Class|Arcanist.MOD																																								BONUS:VAR|Arcanist_CF_ConsumeSpells|1|TYPE=Boolean|PREFACT:1,ABILITIES,Arcanist_CF_ConsumeSpells=True
CATEGORY=Class|Arcanist.MOD																																								BONUS:VAR|Arcanist_CF_ArcaneReservoir|1|TYPE=Boolean|PREFACT:1,ABILITIES,Arcanist_CF_ArcaneReservoir=True
CATEGORY=Class|Arcanist.MOD																																								BONUS:VAR|Arcanist_CF_ArcanistExploits|1|TYPE=Boolean|PREFACT:1,ABILITIES,Arcanist_CF_ArcanistExploits=True
CATEGORY=Class|Arcanist.MOD																																								BONUS:VAR|Arcanist_CF_Cantrips|1|TYPE=Boolean|PREFACT:1,ABILITIES,Arcanist_CF_Cantrips=True
CATEGORY=Class|Arcanist.MOD																																								BONUS:VAR|Arcanist_CF_GreaterArcanistExploits|1|TYPE=Boolean|PREFACT:1,ABILITIES,Arcanist_CF_GreaterArcanistExploits=True
CATEGORY=Class|Arcanist.MOD																																								BONUS:VAR|Arcanist_CF_MagicalSupremacy|1|TYPE=Boolean|PREFACT:1,ABILITIES,Arcanist_CF_MagicalSupremacy=True

CATEGORY=Class|Arcanist.MOD																																								BONUS:VAR|Arcanist_CF_Proficiencies|1|TYPE=Boolean|PREABILITY:1,CATEGORY=Archetype,TYPE.Arcanist
CATEGORY=Class|Arcanist.MOD																																								BONUS:VAR|Arcanist_CF_WeaponProficiencies|1|TYPE=Boolean|PREABILITY:1,CATEGORY=Archetype,TYPE.ArcanistWeaponProficiencies
CATEGORY=Class|Arcanist.MOD																																								BONUS:VAR|Arcanist_CF_ClassSkills|1|TYPE=Boolean|PREABILITY:1,CATEGORY=Archetype,TYPE.ArcanistClassSkills
CATEGORY=Class|Arcanist.MOD																																								BONUS:VAR|Arcanist_CF_ConsumeSpells|1|TYPE=Boolean|PREABILITY:1,CATEGORY=Archetype,TYPE.ArcanistConsumeSpells
CATEGORY=Class|Arcanist.MOD																																								BONUS:VAR|Arcanist_CF_ArcaneReservoir|1|TYPE=Boolean|PREABILITY:1,CATEGORY=Archetype,TYPE.ArcanistArcaneReservoir
CATEGORY=Class|Arcanist.MOD																																								BONUS:VAR|Arcanist_CF_ArcanistExploits|1|TYPE=Boolean|PREABILITY:1,CATEGORY=Archetype,TYPE.ArcanistArcanistExploits
CATEGORY=Class|Arcanist.MOD																																								BONUS:VAR|Arcanist_CF_Cantrips|1|TYPE=Boolean|PREABILITY:1,CATEGORY=Archetype,TYPE.ArcanistCantrips
CATEGORY=Class|Arcanist.MOD																																								BONUS:VAR|Arcanist_CF_GreaterArcanistExploits|1|TYPE=Boolean|PREABILITY:1,CATEGORY=Archetype,TYPE.ArcanistGreaterArcanistExploits
CATEGORY=Class|Arcanist.MOD																																								BONUS:VAR|Arcanist_CF_MagicalSupremacy|1|TYPE=Boolean|PREABILITY:1,CATEGORY=Archetype,TYPE.ArcanistMagicalSupremacy

#
CATEGORY=Class|Bloodrager.MOD											ABILITY:Internal|AUTOMATIC|Bloodrager ~ Class Skills|PREVAREQ:Bloodrager_CF_ClassSkills,0

CATEGORY=Class|Bloodrager.MOD		DEFINE:Bloodrager_CF_Bloodline|0
CATEGORY=Class|Bloodrager.MOD		DEFINE:Bloodrager_CF_Bloodrage|0
CATEGORY=Class|Bloodrager.MOD		DEFINE:Bloodrager_CF_FastMovement|0
CATEGORY=Class|Bloodrager.MOD		DEFINE:Bloodrager_CF_BloodSanctuary|0
CATEGORY=Class|Bloodrager.MOD		DEFINE:Bloodrager_CF_BloodCasting|0
CATEGORY=Class|Bloodrager.MOD		DEFINE:Bloodrager_CF_EschewMaterials|0
CATEGORY=Class|Bloodrager.MOD		DEFINE:Bloodrager_CF_Spells|0
CATEGORY=Class|Bloodrager.MOD		DEFINE:Bloodrager_CF_DamageReduction|0
CATEGORY=Class|Bloodrager.MOD		DEFINE:Bloodrager_CF_GreaterBloodrage|0
CATEGORY=Class|Bloodrager.MOD		DEFINE:Bloodrager_CF_IndomitableWill|0
CATEGORY=Class|Bloodrager.MOD		DEFINE:Bloodrager_CF_TirelessBloodrage|0
CATEGORY=Class|Bloodrager.MOD		DEFINE:Bloodrager_CF_MightyBloodrage|0

CATEGORY=Class|Bloodrager.MOD		DEFINE:Bloodrager_CF_BloodlineFeat6|0
CATEGORY=Class|Bloodrager.MOD		DEFINE:Bloodrager_CF_BloodlineFeat9|0
CATEGORY=Class|Bloodrager.MOD		DEFINE:Bloodrager_CF_BloodlineFeat12|0
CATEGORY=Class|Bloodrager.MOD		DEFINE:Bloodrager_CF_BloodlineFeat15|0
CATEGORY=Class|Bloodrager.MOD		DEFINE:Bloodrager_CF_BloodlineFeat18|0
CATEGORY=Class|Bloodrager.MOD		DEFINE:Bloodrager_CF_BloodlinePower1|0
CATEGORY=Class|Bloodrager.MOD		DEFINE:Bloodrager_CF_BloodlinePower4|0
CATEGORY=Class|Bloodrager.MOD		DEFINE:Bloodrager_CF_BloodlinePower8|0
CATEGORY=Class|Bloodrager.MOD		DEFINE:Bloodrager_CF_BloodlinePower12|0
CATEGORY=Class|Bloodrager.MOD		DEFINE:Bloodrager_CF_BloodlinePower16|0
CATEGORY=Class|Bloodrager.MOD		DEFINE:Bloodrager_CF_BloodlinePower20|0
CATEGORY=Class|Bloodrager.MOD																																								BONUS:VAR|Bloodrager_CF_Bloodline|1|TYPE=Boolean|PREFACT:1,ABILITIES,Bloodrager_CF_Bloodline=True
CATEGORY=Class|Bloodrager.MOD																																								BONUS:VAR|Bloodrager_CF_Bloodrage|1|TYPE=Boolean|PREFACT:1,ABILITIES,Bloodrager_CF_Bloodrage=True
CATEGORY=Class|Bloodrager.MOD																																								BONUS:VAR|Bloodrager_CF_FastMovement|1|TYPE=Boolean|PREFACT:1,ABILITIES,Bloodrager_CF_FastMovement=True
CATEGORY=Class|Bloodrager.MOD																																								BONUS:VAR|Bloodrager_CF_BloodSanctuary|1|TYPE=Boolean|PREFACT:1,ABILITIES,Bloodrager_CF_BloodSanctuary=True
CATEGORY=Class|Bloodrager.MOD																																								BONUS:VAR|Bloodrager_CF_BloodCasting|1|TYPE=Boolean|PREFACT:1,ABILITIES,Bloodrager_CF_BloodCasting=True
CATEGORY=Class|Bloodrager.MOD																																								BONUS:VAR|Bloodrager_CF_EschewMaterials|1|TYPE=Boolean|PREFACT:1,ABILITIES,Bloodrager_CF_EschewMaterials=True
CATEGORY=Class|Bloodrager.MOD																																								BONUS:VAR|Bloodrager_CF_Spells|1|TYPE=Boolean|PREFACT:1,ABILITIES,Bloodrager_CF_Spells=True
CATEGORY=Class|Bloodrager.MOD																																								BONUS:VAR|Bloodrager_CF_DamageReduction|1|TYPE=Boolean|PREFACT:1,ABILITIES,Bloodrager_CF_DamageReduction=True
CATEGORY=Class|Bloodrager.MOD																																								BONUS:VAR|Bloodrager_CF_GreaterBloodrage|1|TYPE=Boolean|PREFACT:1,ABILITIES,Bloodrager_CF_GreaterBloodrage=True
CATEGORY=Class|Bloodrager.MOD																																								BONUS:VAR|Bloodrager_CF_IndomitableWill|1|TYPE=Boolean|PREFACT:1,ABILITIES,Bloodrager_CF_IndomitableWill=True
CATEGORY=Class|Bloodrager.MOD																																								BONUS:VAR|Bloodrager_CF_TirelessBloodrage|1|TYPE=Boolean|PREFACT:1,ABILITIES,Bloodrager_CF_TirelessBloodrage=True
CATEGORY=Class|Bloodrager.MOD																																								BONUS:VAR|Bloodrager_CF_MightyBloodrage|1|TYPE=Boolean|PREFACT:1,ABILITIES,Bloodrager_CF_MightyBloodrage=True

CATEGORY=Class|Bloodrager.MOD																																								BONUS:VAR|Bloodrager_CF_BloodlineFeat6|1|TYPE=Boolean|PREFACT:1,ABILITIES,Bloodrager_CF_BloodlineFeat6=True
CATEGORY=Class|Bloodrager.MOD																																								BONUS:VAR|Bloodrager_CF_BloodlineFeat9|1|TYPE=Boolean|PREFACT:1,ABILITIES,Bloodrager_CF_BloodlineFeat9=True
CATEGORY=Class|Bloodrager.MOD																																								BONUS:VAR|Bloodrager_CF_BloodlineFeat12|1|TYPE=Boolean|PREFACT:1,ABILITIES,Bloodrager_CF_BloodlineFeat12=True
CATEGORY=Class|Bloodrager.MOD																																								BONUS:VAR|Bloodrager_CF_BloodlineFeat15|1|TYPE=Boolean|PREFACT:1,ABILITIES,Bloodrager_CF_BloodlineFeat15=True
CATEGORY=Class|Bloodrager.MOD																																								BONUS:VAR|Bloodrager_CF_BloodlineFeat18|1|TYPE=Boolean|PREFACT:1,ABILITIES,Bloodrager_CF_BloodlineFeat18=True
CATEGORY=Class|Bloodrager.MOD																																								BONUS:VAR|Bloodrager_CF_BloodlinePower1|1|TYPE=Boolean|PREFACT:1,ABILITIES,Bloodrager_CF_BloodlinePower1=True
CATEGORY=Class|Bloodrager.MOD																																								BONUS:VAR|Bloodrager_CF_BloodlinePower4|1|TYPE=Boolean|PREFACT:1,ABILITIES,Bloodrager_CF_BloodlinePower4=True
CATEGORY=Class|Bloodrager.MOD																																								BONUS:VAR|Bloodrager_CF_BloodlinePower8|1|TYPE=Boolean|PREFACT:1,ABILITIES,Bloodrager_CF_BloodlinePower8=True
CATEGORY=Class|Bloodrager.MOD																																								BONUS:VAR|Bloodrager_CF_BloodlinePower12|1|TYPE=Boolean|PREFACT:1,ABILITIES,Bloodrager_CF_BloodlinePower12=True
CATEGORY=Class|Bloodrager.MOD																																								BONUS:VAR|Bloodrager_CF_BloodlinePower16|1|TYPE=Boolean|PREFACT:1,ABILITIES,Bloodrager_CF_BloodlinePower16=True
CATEGORY=Class|Bloodrager.MOD																																								BONUS:VAR|Bloodrager_CF_BloodlinePower20|1|TYPE=Boolean|PREFACT:1,ABILITIES,Bloodrager_CF_BloodlinePower20=True







CATEGORY=Class|Bloodrager.MOD																																								BONUS:VAR|Bloodrager_CF_Bloodline|1|TYPE=Boolean|PREABILITY:1,CATEGORY=Archetype,TYPE.BloodragerBloodline
CATEGORY=Class|Bloodrager.MOD																																								BONUS:VAR|Bloodrager_CF_Bloodrage|1|TYPE=Boolean|PREABILITY:1,CATEGORY=Archetype,TYPE.BloodragerBloodrage
CATEGORY=Class|Bloodrager.MOD																																								BONUS:VAR|Bloodrager_CF_FastMovement|1|TYPE=Boolean|PREABILITY:1,CATEGORY=Archetype,TYPE.BloodragerFastMovement
CATEGORY=Class|Bloodrager.MOD																																								BONUS:VAR|Bloodrager_CF_BloodSanctuary|1|TYPE=Boolean|PREABILITY:1,CATEGORY=Archetype,TYPE.BloodragerBloodSanctuary
CATEGORY=Class|Bloodrager.MOD																																								BONUS:VAR|Bloodrager_CF_BloodCasting|1|TYPE=Boolean|PREABILITY:1,CATEGORY=Archetype,TYPE.BloodragerBloodCasting
CATEGORY=Class|Bloodrager.MOD																																								BONUS:VAR|Bloodrager_CF_EschewMaterials|1|TYPE=Boolean|PREABILITY:1,CATEGORY=Archetype,TYPE.BloodragerEschewMaterials
CATEGORY=Class|Bloodrager.MOD																																								BONUS:VAR|Bloodrager_CF_DamageReduction|1|TYPE=Boolean|PREABILITY:1,CATEGORY=Archetype,TYPE.BloodragerDamageReduction
CATEGORY=Class|Bloodrager.MOD																																								BONUS:VAR|Bloodrager_CF_GreaterBloodrage|1|TYPE=Boolean|PREABILITY:1,CATEGORY=Archetype,TYPE.BloodragerGreaterBloodrage
CATEGORY=Class|Bloodrager.MOD																																								BONUS:VAR|Bloodrager_CF_IndomitableWill|1|TYPE=Boolean|PREABILITY:1,CATEGORY=Archetype,TYPE.BloodragerIndomitableWill
CATEGORY=Class|Bloodrager.MOD																																								BONUS:VAR|Bloodrager_CF_TirelessBloodrage|1|TYPE=Boolean|PREABILITY:1,CATEGORY=Archetype,TYPE.BloodragerTirelessBloodrage
CATEGORY=Class|Bloodrager.MOD																																								BONUS:VAR|Bloodrager_CF_MightyBloodrage|1|TYPE=Boolean|PREABILITY:1,CATEGORY=Archetype,TYPE.BloodragerMightyBloodrage

CATEGORY=Class|Bloodrager.MOD		DEFINE:Bloodrager_CF_UncannyDodge|0
CATEGORY=Class|Bloodrager.MOD		DEFINE:Bloodrager_CF_ImprovedUncannyDodge|0
CATEGORY=Class|Bloodrager.MOD		DEFINE:Bloodrager_CF_ArmorProficiency|0
CATEGORY=Class|Bloodrager.MOD		DEFINE:Bloodrager_CF_WeaponProficiencies|0
CATEGORY=Class|Bloodrager.MOD		DEFINE:Bloodrager_CF_Spells|0



CATEGORY=Class|Bloodrager.MOD																																								BONUS:VAR|Bloodrager_CF_UncannyDodge|1|TYPE=Boolean|PREFACT:1,ABILITIES,Bloodrager_CF_UncannyDodge=True
CATEGORY=Class|Bloodrager.MOD																																								BONUS:VAR|Bloodrager_CF_ImprovedUncannyDodge|1|TYPE=Boolean|PREFACT:1,ABILITIES,Bloodrager_CF_ImprovedUncannyDodge=True
CATEGORY=Class|Bloodrager.MOD																																								BONUS:VAR|Bloodrager_CF_ArmorProficiency|1|TYPE=Boolean|PREFACT:1,ABILITIES,Bloodrager_CF_ArmorProficiency=True
CATEGORY=Class|Bloodrager.MOD																																								BONUS:VAR|Bloodrager_CF_WeaponProficiencies|1|TYPE=Boolean|PREFACT:1,ABILITIES,Bloodrager_CF_WeaponProficiencies=True
CATEGORY=Class|Bloodrager.MOD																																								BONUS:VAR|Bloodrager_CF_Spells|1|TYPE=Boolean|PREFACT:1,ABILITIES,Bloodrager_CF_Spells=True


CATEGORY=Class|Brawler.MOD											ABILITY:Internal|AUTOMATIC|Brawler ~ Class Skills|PREVAREQ:Brawler_CF_ClassSkills,0
CATEGORY=Class|Brawler.MOD											ABILITY:Internal|AUTOMATIC|Brawler ~ Unarmed Damage|PREVAREQ:Brawler_CF_UnarmedStrike,0	ABILITY:FEAT|AUTOMATIC|Improved Unarmed Strike|PREVAREQ:Brawler_CF_UnarmedStrike,0

CATEGORY=Class|Brawler.MOD		DEFINE:Brawler_CF_Proficiencies|0
CATEGORY=Class|Brawler.MOD		DEFINE:Brawler_CF_ArmorProficiencies|0
CATEGORY=Class|Brawler.MOD		DEFINE:Brawler_CF_WeaponProficiencies|0
CATEGORY=Class|Brawler.MOD		DEFINE:Brawler_CF_ClassSkills|0
CATEGORY=Class|Brawler.MOD		DEFINE:Brawler_CF_UnarmedStrike|0
CATEGORY=Class|Brawler.MOD		DEFINE:Brawler_CF_BrawlersCunning|0
CATEGORY=Class|Brawler.MOD		DEFINE:Brawler_CF_MartialFlexibility|0
CATEGORY=Class|Brawler.MOD		DEFINE:Brawler_CF_MartialTraining|0
CATEGORY=Class|Brawler.MOD		DEFINE:Brawler_CF_BonusFeats|0
CATEGORY=Class|Brawler.MOD		DEFINE:Brawler_CF_BrawlersFlurry|0
CATEGORY=Class|Brawler.MOD		DEFINE:Brawler_CF_ManeuverTraining|0
CATEGORY=Class|Brawler.MOD		DEFINE:Brawler_CF_ACBonus|0
CATEGORY=Class|Brawler.MOD		DEFINE:Brawler_CF_Knockout|0
CATEGORY=Class|Brawler.MOD		DEFINE:Brawler_CF_BrawlersStrike|0
CATEGORY=Class|Brawler.MOD		DEFINE:Brawler_CF_CloseWeaponMastery|0
CATEGORY=Class|Brawler.MOD		DEFINE:Brawler_CF_AwesomeBlow|0
CATEGORY=Class|Brawler.MOD		DEFINE:Brawler_CF_ImprovedAwesomeBlow|0

CATEGORY=Class|Brawler.MOD		DEFINE:Brawler_CF_BonusFeat2|0
CATEGORY=Class|Brawler.MOD		DEFINE:Brawler_CF_BonusFeat5|0
CATEGORY=Class|Brawler.MOD		DEFINE:Brawler_CF_BonusFeat8|0
CATEGORY=Class|Brawler.MOD		DEFINE:Brawler_CF_BonusFeat11|0
CATEGORY=Class|Brawler.MOD		DEFINE:Brawler_CF_BonusFeat14|0
CATEGORY=Class|Brawler.MOD		DEFINE:Brawler_CF_BonusFeat17|0
CATEGORY=Class|Brawler.MOD		DEFINE:Brawler_CF_BonusFeat20|0

CATEGORY=Class|Brawler.MOD																																								BONUS:VAR|Brawler_CF_BonusFeat2|1|TYPE=Boolean|PREFACT:1,ABILITIES,Brawler_CF_BonusFeat2=True
CATEGORY=Class|Brawler.MOD																																								BONUS:VAR|Brawler_CF_BonusFeat5|1|TYPE=Boolean|PREFACT:1,ABILITIES,Brawler_CF_BonusFeat5=True
CATEGORY=Class|Brawler.MOD																																								BONUS:VAR|Brawler_CF_BonusFeat8|1|TYPE=Boolean|PREFACT:1,ABILITIES,Brawler_CF_BonusFeat8=True
CATEGORY=Class|Brawler.MOD																																								BONUS:VAR|Brawler_CF_BonusFeat11|1|TYPE=Boolean|PREFACT:1,ABILITIES,Brawler_CF_BonusFeat11=True
CATEGORY=Class|Brawler.MOD																																								BONUS:VAR|Brawler_CF_BonusFeat14|1|TYPE=Boolean|PREFACT:1,ABILITIES,Brawler_CF_BonusFeat14=True
CATEGORY=Class|Brawler.MOD																																								BONUS:VAR|Brawler_CF_BonusFeat17|1|TYPE=Boolean|PREFACT:1,ABILITIES,Brawler_CF_BonusFeat17=True
CATEGORY=Class|Brawler.MOD																																								BONUS:VAR|Brawler_CF_BonusFeat20|1|TYPE=Boolean|PREFACT:1,ABILITIES,Brawler_CF_BonusFeat20=True


CATEGORY=Class|Brawler.MOD																																								BONUS:VAR|Brawler_CF_Proficiencies|1|TYPE=Boolean|PREFACT:1,ABILITIES,Brawler_CF_Proficiencies=True
CATEGORY=Class|Brawler.MOD																																								BONUS:VAR|Brawler_CF_ArmorProficiencies|1|TYPE=Boolean|PREFACT:1,ABILITIES,Brawler_CF_ArmorProficiencies=True
CATEGORY=Class|Brawler.MOD																																								BONUS:VAR|Brawler_CF_WeaponProficiencies|1|TYPE=Boolean|PREFACT:1,ABILITIES,Brawler_CF_WeaponProficiencies=True
CATEGORY=Class|Brawler.MOD																																								BONUS:VAR|Brawler_CF_ClassSkills|1|TYPE=Boolean|PREFACT:1,ABILITIES,Brawler_CF_ClassSkills=True
CATEGORY=Class|Brawler.MOD																																								BONUS:VAR|Brawler_CF_UnarmedStrike|1|TYPE=Boolean|PREFACT:1,ABILITIES,Brawler_CF_UnarmedStrike=True
CATEGORY=Class|Brawler.MOD																																								BONUS:VAR|Brawler_CF_BrawlersCunning|1|TYPE=Boolean|PREFACT:1,ABILITIES,Brawler_CF_BrawlersCunning=True
CATEGORY=Class|Brawler.MOD																																								BONUS:VAR|Brawler_CF_MartialFlexibility|1|TYPE=Boolean|PREFACT:1,ABILITIES,Brawler_CF_MartialFlexibility=True
CATEGORY=Class|Brawler.MOD																																								BONUS:VAR|Brawler_CF_MartialTraining|1|TYPE=Boolean|PREFACT:1,ABILITIES,Brawler_CF_MartialTraining=True
CATEGORY=Class|Brawler.MOD																																								BONUS:VAR|Brawler_CF_BonusFeats|1|TYPE=Boolean|PREFACT:1,ABILITIES,Brawler_CF_BonusFeats=True
CATEGORY=Class|Brawler.MOD																																								BONUS:VAR|Brawler_CF_BrawlersFlurry|1|TYPE=Boolean|PREFACT:1,ABILITIES,Brawler_CF_BrawlersFlurry=True
CATEGORY=Class|Brawler.MOD																																								BONUS:VAR|Brawler_CF_ManeuverTraining|1|TYPE=Boolean|PREFACT:1,ABILITIES,Brawler_CF_ManeuverTraining=True
CATEGORY=Class|Brawler.MOD																																								BONUS:VAR|Brawler_CF_ACBonus|1|TYPE=Boolean|PREFACT:1,ABILITIES,Brawler_CF_ACBonus=True
CATEGORY=Class|Brawler.MOD																																								BONUS:VAR|Brawler_CF_Knockout|1|TYPE=Boolean|PREFACT:1,ABILITIES,Brawler_CF_Knockout=True
CATEGORY=Class|Brawler.MOD																																								BONUS:VAR|Brawler_CF_BrawlersStrike|1|TYPE=Boolean|PREFACT:1,ABILITIES,Brawler_CF_BrawlersStrike=True
CATEGORY=Class|Brawler.MOD																																								BONUS:VAR|Brawler_CF_CloseWeaponMastery|1|TYPE=Boolean|PREFACT:1,ABILITIES,Brawler_CF_CloseWeaponMastery=True
CATEGORY=Class|Brawler.MOD																																								BONUS:VAR|Brawler_CF_AwesomeBlow|1|TYPE=Boolean|PREFACT:1,ABILITIES,Brawler_CF_AwesomeBlow=True
CATEGORY=Class|Brawler.MOD																																								BONUS:VAR|Brawler_CF_ImprovedAwesomeBlow|1|TYPE=Boolean|PREFACT:1,ABILITIES,Brawler_CF_ImprovedAwesomeBlow=True

CATEGORY=Class|Brawler.MOD																																								BONUS:VAR|Brawler_CF_Proficiencies|1|TYPE=Boolean|PREABILITY:1,CATEGORY=Archetype,TYPE.BrawlerProficiencies
CATEGORY=Class|Brawler.MOD																																								BONUS:VAR|Brawler_CF_ArmorProficiencies|1|TYPE=Boolean|PREABILITY:1,CATEGORY=Archetype,TYPE.BrawlerArmorProficiencies
CATEGORY=Class|Brawler.MOD																																								BONUS:VAR|Brawler_CF_WeaponProficiencies|1|TYPE=Boolean|PREABILITY:1,CATEGORY=Archetype,TYPE.BrawlerWeaponProficiencies
CATEGORY=Class|Brawler.MOD																																								BONUS:VAR|Brawler_CF_ClassSkills|1|TYPE=Boolean|PREABILITY:1,CATEGORY=Archetype,TYPE.BrawlerClassSkills
CATEGORY=Class|Brawler.MOD																																								BONUS:VAR|Brawler_CF_UnarmedStrike|1|TYPE=Boolean|PREABILITY:1,CATEGORY=Archetype,TYPE.BrawlerUnarmedStrike
CATEGORY=Class|Brawler.MOD																																								BONUS:VAR|Brawler_CF_BrawlersCunning|1|TYPE=Boolean|PREABILITY:1,CATEGORY=Archetype,TYPE.BrawlerBrawlersCunning
CATEGORY=Class|Brawler.MOD																																								BONUS:VAR|Brawler_CF_MartialFlexibility|1|TYPE=Boolean|PREABILITY:1,CATEGORY=Archetype,TYPE.BrawlerMartialFlexibility
CATEGORY=Class|Brawler.MOD																																								BONUS:VAR|Brawler_CF_MartialTraining|1|TYPE=Boolean|PREABILITY:1,CATEGORY=Archetype,TYPE.BrawlerMartialTraining
CATEGORY=Class|Brawler.MOD																																								BONUS:VAR|Brawler_CF_BonusFeats|1|TYPE=Boolean|PREABILITY:1,CATEGORY=Archetype,TYPE.BrawlerBonusFeats
CATEGORY=Class|Brawler.MOD																																								BONUS:VAR|Brawler_CF_BrawlersFlurry|1|TYPE=Boolean|PREABILITY:1,CATEGORY=Archetype,TYPE.BrawlerBrawlersFlurry
CATEGORY=Class|Brawler.MOD																																								BONUS:VAR|Brawler_CF_ManeuverTraining|1|TYPE=Boolean|PREABILITY:1,CATEGORY=Archetype,TYPE.BrawlerManeuverTraining
CATEGORY=Class|Brawler.MOD																																								BONUS:VAR|Brawler_CF_ACBonus|1|TYPE=Boolean|PREABILITY:1,CATEGORY=Archetype,TYPE.BrawlerACBonus
CATEGORY=Class|Brawler.MOD																																								BONUS:VAR|Brawler_CF_Knockout|1|TYPE=Boolean|PREABILITY:1,CATEGORY=Archetype,TYPE.BrawlerKnockout
CATEGORY=Class|Brawler.MOD																																								BONUS:VAR|Brawler_CF_BrawlersStrike|1|TYPE=Boolean|PREABILITY:1,CATEGORY=Archetype,TYPE.BrawlerBrawlersStrike
CATEGORY=Class|Brawler.MOD																																								BONUS:VAR|Brawler_CF_CloseWeaponMastery|1|TYPE=Boolean|PREABILITY:1,CATEGORY=Archetype,TYPE.BrawlerCloseWeaponMastery
CATEGORY=Class|Brawler.MOD																																								BONUS:VAR|Brawler_CF_AwesomeBlow|1|TYPE=Boolean|PREABILITY:1,CATEGORY=Archetype,TYPE.BrawlerAwesomeBlow
CATEGORY=Class|Brawler.MOD																																								BONUS:VAR|Brawler_CF_ImprovedAwesomeBlow|1|TYPE=Boolean|PREABILITY:1,CATEGORY=Archetype,TYPE.BrawlerImprovedAwesomeBlow

#
CATEGORY=Class|Hunter.MOD											ABILITY:Internal|AUTOMATIC|Hunter ~ Class Skills|PREVAREQ:Hunter_CF_ClassSkills,0

CATEGORY=Class|Hunter.MOD		DEFINE:Hunter_CF_ClassSkills|0

CATEGORY=Class|Hunter.MOD		DEFINE:Hunter_CF_WeaponProficiencies|0
CATEGORY=Class|Hunter.MOD		DEFINE:Hunter_CF_ArmorProficiencies|0
CATEGORY=Class|Hunter.MOD		DEFINE:Hunter_CF_AnimalCompanion|0
CATEGORY=Class|Hunter.MOD		DEFINE:Hunter_CF_AnimalFocus|0
CATEGORY=Class|Hunter.MOD		DEFINE:Hunter_CF_NatureTraining|0
CATEGORY=Class|Hunter.MOD		DEFINE:Hunter_CF_Orisons|0
CATEGORY=Class|Hunter.MOD		DEFINE:Hunter_CF_WildEmpathy|0
CATEGORY=Class|Hunter.MOD		DEFINE:Hunter_CF_PreciseCompanion|0
CATEGORY=Class|Hunter.MOD		DEFINE:Hunter_CF_Track|0
CATEGORY=Class|Hunter.MOD		DEFINE:Hunter_CF_HunterTactics|0
CATEGORY=Class|Hunter.MOD		DEFINE:Hunter_CF_TeamworkFeats|0
CATEGORY=Class|Hunter.MOD		DEFINE:Hunter_CF_ImprovedEmpathicLink|0
CATEGORY=Class|Hunter.MOD		DEFINE:Hunter_CF_WoodlandStride|0
CATEGORY=Class|Hunter.MOD		DEFINE:Hunter_CF_BonusTricks|0
CATEGORY=Class|Hunter.MOD		DEFINE:Hunter_CF_SecondAnimalFocus|0
CATEGORY=Class|Hunter.MOD		DEFINE:Hunter_CF_SwiftTracker|0
CATEGORY=Class|Hunter.MOD		DEFINE:Hunter_CF_RaiseAnimalCompanion|0
CATEGORY=Class|Hunter.MOD		DEFINE:Hunter_CF_SpeakWithMaster|0
CATEGORY=Class|Hunter.MOD		DEFINE:Hunter_CF_GreaterEmpathicLink|0
CATEGORY=Class|Hunter.MOD		DEFINE:Hunter_CF_OneWithTheWild|0
CATEGORY=Class|Hunter.MOD		DEFINE:Hunter_CF_MasterHunter|0

CATEGORY=Class|Hunter.MOD																																								BONUS:VAR|Hunter_CF_ClassSkills|1|TYPE=Boolean|PREFACT:1,ABILITIES,Hunter_CF_ClassSkills=True
CATEGORY=Class|Hunter.MOD																																								BONUS:VAR|Hunter_CF_WeaponProficiencies|1|TYPE=Boolean|PREFACT:1,ABILITIES,Hunter_CF_WeaponProficiencies=True
CATEGORY=Class|Hunter.MOD																																								BONUS:VAR|Hunter_CF_ArmorProficiencies|1|TYPE=Boolean|PREFACT:1,ABILITIES,Hunter_CF_ArmorProficiencies=True
CATEGORY=Class|Hunter.MOD																																								BONUS:VAR|Hunter_CF_AnimalCompanion|1|TYPE=Boolean|PREFACT:1,ABILITIES,Hunter_CF_AnimalCompanion=True
CATEGORY=Class|Hunter.MOD																																								BONUS:VAR|Hunter_CF_AnimalFocus|1|TYPE=Boolean|PREFACT:1,ABILITIES,Hunter_CF_AnimalFocus=True
CATEGORY=Class|Hunter.MOD																																								BONUS:VAR|Hunter_CF_NatureTraining|1|TYPE=Boolean|PREFACT:1,ABILITIES,Hunter_CF_NatureTraining=True
CATEGORY=Class|Hunter.MOD																																								BONUS:VAR|Hunter_CF_Orisons|1|TYPE=Boolean|PREFACT:1,ABILITIES,Hunter_CF_Orisons=True
CATEGORY=Class|Hunter.MOD																																								BONUS:VAR|Hunter_CF_WildEmpathy|1|TYPE=Boolean|PREFACT:1,ABILITIES,Hunter_CF_WildEmpathy=True
CATEGORY=Class|Hunter.MOD																																								BONUS:VAR|Hunter_CF_PreciseCompanion|1|TYPE=Boolean|PREFACT:1,ABILITIES,Hunter_CF_PreciseCompanion=True
CATEGORY=Class|Hunter.MOD																																								BONUS:VAR|Hunter_CF_Track|1|TYPE=Boolean|PREFACT:1,ABILITIES,Hunter_CF_Track=True
CATEGORY=Class|Hunter.MOD																																								BONUS:VAR|Hunter_CF_HunterTactics|1|TYPE=Boolean|PREFACT:1,ABILITIES,Hunter_CF_HunterTactics=True
CATEGORY=Class|Hunter.MOD																																								BONUS:VAR|Hunter_CF_TeamworkFeats|1|TYPE=Boolean|PREFACT:1,ABILITIES,Hunter_CF_TeamworkFeats=True
CATEGORY=Class|Hunter.MOD																																								BONUS:VAR|Hunter_CF_ImprovedEmpatheticLink|1|TYPE=Boolean|PREFACT:1,ABILITIES,Hunter_CF_ImprovedEmpathicLink=True
CATEGORY=Class|Hunter.MOD																																								BONUS:VAR|Hunter_CF_WoodlandStride|1|TYPE=Boolean|PREFACT:1,ABILITIES,Hunter_CF_WoodlandStride=True
CATEGORY=Class|Hunter.MOD																																								BONUS:VAR|Hunter_CF_BonusTricks|1|TYPE=Boolean|PREFACT:1,ABILITIES,Hunter_CF_BonusTricks=True
CATEGORY=Class|Hunter.MOD																																								BONUS:VAR|Hunter_CF_SecondAnimalFocus|1|TYPE=Boolean|PREFACT:1,ABILITIES,Hunter_CF_SecondAnimalFocus=True
CATEGORY=Class|Hunter.MOD																																								BONUS:VAR|Hunter_CF_SwiftTracker|1|TYPE=Boolean|PREFACT:1,ABILITIES,Hunter_CF_SwiftTracker=True
CATEGORY=Class|Hunter.MOD																																								BONUS:VAR|Hunter_CF_RaiseAnimalCompanion|1|TYPE=Boolean|PREFACT:1,ABILITIES,Hunter_CF_RaiseAnimalCompanion=True
CATEGORY=Class|Hunter.MOD																																								BONUS:VAR|Hunter_CF_SpeakWithMaster|1|TYPE=Boolean|PREFACT:1,ABILITIES,Hunter_CF_SpeakWithMaster=True
CATEGORY=Class|Hunter.MOD																																								BONUS:VAR|Hunter_CF_GreaterEmpathicLink|1|TYPE=Boolean|PREFACT:1,ABILITIES,Hunter_CF_GreaterEmpathicLink=True
CATEGORY=Class|Hunter.MOD																																								BONUS:VAR|Hunter_CF_OneWithTheWild|1|TYPE=Boolean|PREFACT:1,ABILITIES,Hunter_CF_OneWithTheWild=True
CATEGORY=Class|Hunter.MOD																																								BONUS:VAR|Hunter_CF_MasterHunter|1|TYPE=Boolean|PREFACT:1,ABILITIES,Hunter_CF_MasterHunter=True

CATEGORY=Class|Hunter.MOD																																								BONUS:VAR|Hunter_CF_WeaponProficiencies|1|TYPE=Boolean|PREABILITY:1,CATEGORY=Archetype,TYPE.HunterWeaponProficiencies
CATEGORY=Class|Hunter.MOD																																								BONUS:VAR|Hunter_CF_ArmorProficiencies|1|TYPE=Boolean|PREABILITY:1,CATEGORY=Archetype,TYPE.HunterArmorProficiencies
CATEGORY=Class|Hunter.MOD																																								BONUS:VAR|Hunter_CF_AnimalCompanion|1|TYPE=Boolean|PREABILITY:1,CATEGORY=Archetype,TYPE.HunterAnimalCompanion
CATEGORY=Class|Hunter.MOD																																								BONUS:VAR|Hunter_CF_AnimalFocus|1|TYPE=Boolean|PREABILITY:1,CATEGORY=Archetype,TYPE.HunterAnimalFocus
CATEGORY=Class|Hunter.MOD																																								BONUS:VAR|Hunter_CF_NatureTraining|1|TYPE=Boolean|PREABILITY:1,CATEGORY=Archetype,TYPE.HunterNatureTraining
CATEGORY=Class|Hunter.MOD																																								BONUS:VAR|Hunter_CF_Orisons|1|TYPE=Boolean|PREABILITY:1,CATEGORY=Archetype,TYPE.HunterOrisons
CATEGORY=Class|Hunter.MOD																																								BONUS:VAR|Hunter_CF_WildEmpathy|1|TYPE=Boolean|PREABILITY:1,CATEGORY=Archetype,TYPE.HunterWildEmpathy
CATEGORY=Class|Hunter.MOD																																								BONUS:VAR|Hunter_CF_PreciseCompanion|1|TYPE=Boolean|PREABILITY:1,CATEGORY=Archetype,TYPE.HunterPreciseCompanion
CATEGORY=Class|Hunter.MOD																																								BONUS:VAR|Hunter_CF_Track|1|TYPE=Boolean|PREABILITY:1,CATEGORY=Archetype,TYPE.HunterTrack
CATEGORY=Class|Hunter.MOD																																								BONUS:VAR|Hunter_CF_HunterTactics|1|TYPE=Boolean|PREABILITY:1,CATEGORY=Archetype,TYPE.HunterHunterTactics
CATEGORY=Class|Hunter.MOD																																								BONUS:VAR|Hunter_CF_TeamworkFeats|1|TYPE=Boolean|PREABILITY:1,CATEGORY=Archetype,TYPE.HunterTeamworkFeats
CATEGORY=Class|Hunter.MOD																																								BONUS:VAR|Hunter_CF_ImprovedEmpatheticLink|1|TYPE=Boolean|PREABILITY:1,CATEGORY=Archetype,TYPE.HunterImprovedEmpathicLink
CATEGORY=Class|Hunter.MOD																																								BONUS:VAR|Hunter_CF_WoodlandStride|1|TYPE=Boolean|PREABILITY:1,CATEGORY=Archetype,TYPE.HunterWoodlandStride
CATEGORY=Class|Hunter.MOD																																								BONUS:VAR|Hunter_CF_BonusTricks|1|TYPE=Boolean|PREABILITY:1,CATEGORY=Archetype,TYPE.HunterBonusTricks
CATEGORY=Class|Hunter.MOD																																								BONUS:VAR|Hunter_CF_SecondAnimalFocus|1|TYPE=Boolean|PREABILITY:1,CATEGORY=Archetype,TYPE.HunterSecondAnimalFocus
CATEGORY=Class|Hunter.MOD																																								BONUS:VAR|Hunter_CF_SwiftTracker|1|TYPE=Boolean|PREABILITY:1,CATEGORY=Archetype,TYPE.HunterSwiftTracker
CATEGORY=Class|Hunter.MOD																																								BONUS:VAR|Hunter_CF_RaiseAnimalCompanion|1|TYPE=Boolean|PREABILITY:1,CATEGORY=Archetype,TYPE.HunterRaiseAnimalCompanion
CATEGORY=Class|Hunter.MOD																																								BONUS:VAR|Hunter_CF_SpeakWithMaster|1|TYPE=Boolean|PREABILITY:1,CATEGORY=Archetype,TYPE.HunterSpeakWithMaster
CATEGORY=Class|Hunter.MOD																																								BONUS:VAR|Hunter_CF_GreaterEmpathicLink|1|TYPE=Boolean|PREABILITY:1,CATEGORY=Archetype,TYPE.HunterGreaterEmpathicLink
CATEGORY=Class|Hunter.MOD																																								BONUS:VAR|Hunter_CF_OneWithTheWild|1|TYPE=Boolean|PREABILITY:1,CATEGORY=Archetype,TYPE.HunterOneWithTheWild
CATEGORY=Class|Hunter.MOD																																								BONUS:VAR|Hunter_CF_MasterHunter|1|TYPE=Boolean|PREABILITY:1,CATEGORY=Archetype,TYPE.HunterMasterHunter


CATEGORY=Class|Hunter.MOD		DEFINE:Hunter_CF_TeamworkFeat3|0
CATEGORY=Class|Hunter.MOD		DEFINE:Hunter_CF_TeamworkFeat6|0
CATEGORY=Class|Hunter.MOD		DEFINE:Hunter_CF_TeamworkFeat8|0
CATEGORY=Class|Hunter.MOD		DEFINE:Hunter_CF_TeamworkFeat9|0
CATEGORY=Class|Hunter.MOD		DEFINE:Hunter_CF_TeamworkFeat12|0
CATEGORY=Class|Hunter.MOD		DEFINE:Hunter_CF_TeamworkFeat15|0
CATEGORY=Class|Hunter.MOD		DEFINE:Hunter_CF_TeamworkFeat18|0

CATEGORY=Class|Hunter.MOD																																								BONUS:VAR|Hunter_CF_TeamworkFeat3|1|TYPE=Boolean|PREFACT:1,ABILITIES,Hunter_CF_TeamworkFeat3=True
CATEGORY=Class|Hunter.MOD																																								BONUS:VAR|Hunter_CF_TeamworkFeat6|1|TYPE=Boolean|PREFACT:1,ABILITIES,Hunter_CF_TeamworkFeat6=True
CATEGORY=Class|Hunter.MOD																																								BONUS:VAR|Hunter_CF_TeamworkFeat8|1|TYPE=Boolean|PREFACT:1,ABILITIES,Hunter_CF_TeamworkFeat8=True
CATEGORY=Class|Hunter.MOD																																								BONUS:VAR|Hunter_CF_TeamworkFeat9|1|TYPE=Boolean|PREFACT:1,ABILITIES,Hunter_CF_TeamworkFeat9=True
CATEGORY=Class|Hunter.MOD																																								BONUS:VAR|Hunter_CF_TeamworkFeat12|1|TYPE=Boolean|PREFACT:1,ABILITIES,Hunter_CF_TeamworkFeat12=True
CATEGORY=Class|Hunter.MOD																																								BONUS:VAR|Hunter_CF_TeamworkFeat15|1|TYPE=Boolean|PREFACT:1,ABILITIES,Hunter_CF_TeamworkFeat15=True
CATEGORY=Class|Hunter.MOD																																								BONUS:VAR|Hunter_CF_TeamworkFeat18|1|TYPE=Boolean|PREFACT:1,ABILITIES,Hunter_CF_TeamworkFeat18=True













CATEGORY=Class|Investigator.MOD										ABILITY:Internal|AUTOMATIC|Investigator ~ Class Skills|PREVAREQ:Investigator_CF_ClassSkills,0


CATEGORY=Class|Investigator.MOD	DEFINE:Investigator_CF_Proficiencies|0
CATEGORY=Class|Investigator.MOD	DEFINE:Investigator_CF_Alchemy|0
CATEGORY=Class|Investigator.MOD	DEFINE:Investigator_CF_Inspiration|0
CATEGORY=Class|Investigator.MOD	DEFINE:Investigator_CF_Trapfinding|0
CATEGORY=Class|Investigator.MOD	DEFINE:Investigator_CF_PoisonLore|0
CATEGORY=Class|Investigator.MOD	DEFINE:Investigator_CF_PoisonResistance|0
CATEGORY=Class|Investigator.MOD	DEFINE:Investigator_CF_InvestigatorTalents|0
CATEGORY=Class|Investigator.MOD	DEFINE:Investigator_CF_KeenRecollection|0
CATEGORY=Class|Investigator.MOD	DEFINE:Investigator_CF_TrapSense|0
CATEGORY=Class|Investigator.MOD	DEFINE:Investigator_CF_SwiftAlchemy|0
CATEGORY=Class|Investigator.MOD	DEFINE:Investigator_CF_StudiedCombat|0
CATEGORY=Class|Investigator.MOD	DEFINE:Investigator_CF_StudiedStrike|0
CATEGORY=Class|Investigator.MOD	DEFINE:Investigator_CF_TrueInspiration|0

CATEGORY=Class|Investigator.MOD	DEFINE:Investigator_CF_Talent3|0
CATEGORY=Class|Investigator.MOD	DEFINE:Investigator_CF_Talent5|0
CATEGORY=Class|Investigator.MOD	DEFINE:Investigator_CF_Talent7|0
CATEGORY=Class|Investigator.MOD	DEFINE:Investigator_CF_Talent9|0
CATEGORY=Class|Investigator.MOD	DEFINE:Investigator_CF_Talent11|0
CATEGORY=Class|Investigator.MOD	DEFINE:Investigator_CF_Talent13|0
CATEGORY=Class|Investigator.MOD	DEFINE:Investigator_CF_Talent15|0
CATEGORY=Class|Investigator.MOD	DEFINE:Investigator_CF_Talent17|0
CATEGORY=Class|Investigator.MOD	DEFINE:Investigator_CF_Talent19|0
CATEGORY=Class|Investigator.MOD	DEFINE:Investigator_CF_PoisonResistance2|0
CATEGORY=Class|Investigator.MOD	DEFINE:Investigator_CF_PoisonResistance4|0
CATEGORY=Class|Investigator.MOD	DEFINE:Investigator_CF_PoisonResistance6|0
CATEGORY=Class|Investigator.MOD	DEFINE:Investigator_CF_PoisonImmunity|0




CATEGORY=Class|Investigator.MOD																																							BONUS:VAR|Investigator_CF_PoisonResistance2|1|TYPE=Boolean|PREFACT:1,ABILITIES,Investigator_CF_PoisonResistance2=True
CATEGORY=Class|Investigator.MOD																																							BONUS:VAR|Investigator_CF_PoisonResistance4|1|TYPE=Boolean|PREFACT:1,ABILITIES,Investigator_CF_PoisonResistance4=True
CATEGORY=Class|Investigator.MOD																																							BONUS:VAR|Investigator_CF_PoisonResistance6|1|TYPE=Boolean|PREFACT:1,ABILITIES,Investigator_CF_PoisonResistance6=True
CATEGORY=Class|Investigator.MOD																																							BONUS:VAR|Investigator_CF_PoisonImmunity|1|TYPE=Boolean|PREFACT:1,ABILITIES,Investigator_CF_PoisonImmunity=True
CATEGORY=Class|Investigator.MOD																																							BONUS:VAR|Investigator_CF_ClassSkills|1|TYPE=Boolean|PREFACT:1,ABILITIES,Investigator_CF_ClassSkills=True


CATEGORY=Class|Investigator.MOD																																							BONUS:VAR|Investigator_CF_Talent3|1|TYPE=Boolean|PREFACT:1,ABILITIES,Investigator_CF_Talent3=True
CATEGORY=Class|Investigator.MOD																																							BONUS:VAR|Investigator_CF_Talent5|1|TYPE=Boolean|PREFACT:1,ABILITIES,Investigator_CF_Talent5=True
CATEGORY=Class|Investigator.MOD																																							BONUS:VAR|Investigator_CF_Talent7|1|TYPE=Boolean|PREFACT:1,ABILITIES,Investigator_CF_Talent7=True
CATEGORY=Class|Investigator.MOD																																							BONUS:VAR|Investigator_CF_Talent9|1|TYPE=Boolean|PREFACT:1,ABILITIES,Investigator_CF_Talent9=True
CATEGORY=Class|Investigator.MOD																																							BONUS:VAR|Investigator_CF_Talent11|1|TYPE=Boolean|PREFACT:1,ABILITIES,Investigator_CF_Talent11=True
CATEGORY=Class|Investigator.MOD																																							BONUS:VAR|Investigator_CF_Talent13|1|TYPE=Boolean|PREFACT:1,ABILITIES,Investigator_CF_Talent13=True
CATEGORY=Class|Investigator.MOD																																							BONUS:VAR|Investigator_CF_Talent15|1|TYPE=Boolean|PREFACT:1,ABILITIES,Investigator_CF_Talent15=True
CATEGORY=Class|Investigator.MOD																																							BONUS:VAR|Investigator_CF_Talent17|1|TYPE=Boolean|PREFACT:1,ABILITIES,Investigator_CF_Talent17=True
CATEGORY=Class|Investigator.MOD																																							BONUS:VAR|Investigator_CF_Talent19|1|TYPE=Boolean|PREFACT:1,ABILITIES,Investigator_CF_Talent19=True
CATEGORY=Class|Investigator.MOD																																							BONUS:VAR|Investigator_CF_Proficiencies|1|TYPE=Boolean|PREFACT:1,ABILITIES,Investigator_CF_WeaponProficiencies=True
CATEGORY=Class|Investigator.MOD																																							BONUS:VAR|Investigator_CF_Proficiencies|1|TYPE=Boolean|PREFACT:1,ABILITIES,Investigator_CF_ArmorProficiencies=True
CATEGORY=Class|Investigator.MOD																																							BONUS:VAR|Investigator_CF_Alchemy|1|TYPE=Boolean|PREFACT:1,ABILITIES,Investigator_CF_Alchemy=True
CATEGORY=Class|Investigator.MOD																																							BONUS:VAR|Investigator_CF_Inspiration|1|TYPE=Boolean|PREFACT:1,ABILITIES,Investigator_CF_Inspiration=True
CATEGORY=Class|Investigator.MOD																																							BONUS:VAR|Investigator_CF_Trapfinding|1|TYPE=Boolean|PREFACT:1,ABILITIES,Investigator_CF_Trapfinding=True
CATEGORY=Class|Investigator.MOD																																							BONUS:VAR|Investigator_CF_PoisonLore|1|TYPE=Boolean|PREFACT:1,ABILITIES,Investigator_CF_PoisonLore=True
CATEGORY=Class|Investigator.MOD																																							BONUS:VAR|Investigator_CF_PoisonResistance|1|TYPE=Boolean|PREFACT:1,ABILITIES,Investigator_CF_PoisonResistance=True
CATEGORY=Class|Investigator.MOD																																							BONUS:VAR|Investigator_CF_InvestigatorTalents|1|TYPE=Boolean|PREFACT:1,ABILITIES,Investigator_CF_InvestigatorTalents=True
CATEGORY=Class|Investigator.MOD																																							BONUS:VAR|Investigator_CF_KeenRecollection|1|TYPE=Boolean|PREFACT:1,ABILITIES,Investigator_CF_KeenRecollection=True
CATEGORY=Class|Investigator.MOD																																							BONUS:VAR|Investigator_CF_TrapSense|1|TYPE=Boolean|PREFACT:1,ABILITIES,Investigator_CF_TrapSense=True
CATEGORY=Class|Investigator.MOD																																							BONUS:VAR|Investigator_CF_SwiftAlchemy|1|TYPE=Boolean|PREFACT:1,ABILITIES,Investigator_CF_SwiftAlchemy=True
CATEGORY=Class|Investigator.MOD																																							BONUS:VAR|Investigator_CF_StudiedCombat|1|TYPE=Boolean|PREFACT:1,ABILITIES,Investigator_CF_StudiedCombat=True
CATEGORY=Class|Investigator.MOD																																							BONUS:VAR|Investigator_CF_StudiedStrike|1|TYPE=Boolean|PREFACT:1,ABILITIES,Investigator_CF_StudiedStrike=True
CATEGORY=Class|Investigator.MOD																																							BONUS:VAR|Investigator_CF_TrueInspiration|1|TYPE=Boolean|PREFACT:1,ABILITIES,Investigator_CF_TrueInspiration=True

CATEGORY=Class|Investigator.MOD																																							BONUS:VAR|Investigator_CF_Proficiencies|1|TYPE=Boolean|PREABILITY:1,CATEGORY=Archetype,TYPE.InvestigatorWeaponProficiencies
CATEGORY=Class|Investigator.MOD																																							BONUS:VAR|Investigator_CF_Proficiencies|1|TYPE=Boolean|PREABILITY:1,CATEGORY=Archetype,TYPE.InvestigatorArmorProficiencies
CATEGORY=Class|Investigator.MOD																																							BONUS:VAR|Investigator_CF_Alchemy|1|TYPE=Boolean|PREABILITY:1,CATEGORY=Archetype,TYPE.InvestigatorAlchemy
CATEGORY=Class|Investigator.MOD																																							BONUS:VAR|Investigator_CF_Inspiration|1|TYPE=Boolean|PREABILITY:1,CATEGORY=Archetype,TYPE.InvestigatorInspiration
CATEGORY=Class|Investigator.MOD																																							BONUS:VAR|Investigator_CF_Trapfinding|1|TYPE=Boolean|PREABILITY:1,CATEGORY=Archetype,TYPE.InvestigatorTrapfinding
CATEGORY=Class|Investigator.MOD																																							BONUS:VAR|Investigator_CF_PoisonLore|1|TYPE=Boolean|PREABILITY:1,CATEGORY=Archetype,TYPE.InvestigatorPoisonLore
CATEGORY=Class|Investigator.MOD																																							BONUS:VAR|Investigator_CF_PoisonResistance|1|TYPE=Boolean|PREABILITY:1,CATEGORY=Archetype,TYPE.InvestigatorPoisonResistance
CATEGORY=Class|Investigator.MOD																																							BONUS:VAR|Investigator_CF_InvestigatorTalents|1|TYPE=Boolean|PREABILITY:1,CATEGORY=Archetype,TYPE.InvestigatorTalents
CATEGORY=Class|Investigator.MOD																																							BONUS:VAR|Investigator_CF_KeenRecollection|1|TYPE=Boolean|PREABILITY:1,CATEGORY=Archetype,TYPE.InvestigatorKeenRecollection
CATEGORY=Class|Investigator.MOD																																							BONUS:VAR|Investigator_CF_TrapSense|1|TYPE=Boolean|PREABILITY:1,CATEGORY=Archetype,TYPE.InvestigatorTrapSense
CATEGORY=Class|Investigator.MOD																																							BONUS:VAR|Investigator_CF_SwiftAlchemy|1|TYPE=Boolean|PREABILITY:1,CATEGORY=Archetype,TYPE.InvestigatorSwiftAlchemy
CATEGORY=Class|Investigator.MOD																																							BONUS:VAR|Investigator_CF_StudiedCombat|1|TYPE=Boolean|PREABILITY:1,CATEGORY=Archetype,TYPE.InvestigatorStudiedCombat
CATEGORY=Class|Investigator.MOD																																							BONUS:VAR|Investigator_CF_StudiedStrike|1|TYPE=Boolean|PREABILITY:1,CATEGORY=Archetype,TYPE.InvestigatorStudiedStrike
CATEGORY=Class|Investigator.MOD																																							BONUS:VAR|Investigator_CF_TrueInspiration|1|TYPE=Boolean|PREABILITY:1,CATEGORY=Archetype,TYPE.InvestigatorTrueInspiration

CATEGORY=Class|Shaman.MOD											ABILITY:Internal|AUTOMATIC|Shaman ~ Class Skills|PREVAREQ:Shaman_CF_ClassSkills,0

CATEGORY=Class|Shaman.MOD		DEFINE:Shaman_CF_ClassSkills|0

CATEGORY=Class|Shaman.MOD		DEFINE:Shaman_CF_Proficiencies|0
CATEGORY=Class|Shaman.MOD		DEFINE:Shaman_CF_Orisons|0
CATEGORY=Class|Shaman.MOD		DEFINE:Shaman_CF_Spirit|0
CATEGORY=Class|Shaman.MOD		DEFINE:Shaman_CF_SpiritAnimal|0
CATEGORY=Class|Shaman.MOD		DEFINE:Shaman_CF_SpiritMagic|0
CATEGORY=Class|Shaman.MOD		DEFINE:Shaman_CF_Hex|0
CATEGORY=Class|Shaman.MOD		DEFINE:Shaman_CF_WanderingSpirit|0
CATEGORY=Class|Shaman.MOD		DEFINE:Shaman_CF_WanderingHex|0
CATEGORY=Class|Shaman.MOD		DEFINE:Shaman_CF_Manifestation|0

CATEGORY=Class|Shaman.MOD		DEFINE:Shaman_CF_Hex1|0
CATEGORY=Class|Shaman.MOD		DEFINE:Shaman_CF_Hex2|0
CATEGORY=Class|Shaman.MOD		DEFINE:Shaman_CF_Hex4|0
CATEGORY=Class|Shaman.MOD		DEFINE:Shaman_CF_Hex6|0
CATEGORY=Class|Shaman.MOD		DEFINE:Shaman_CF_Hex8|0
CATEGORY=Class|Shaman.MOD		DEFINE:Shaman_CF_Hex10|0
CATEGORY=Class|Shaman.MOD		DEFINE:Shaman_CF_Hex12|0
CATEGORY=Class|Shaman.MOD		DEFINE:Shaman_CF_Hex14|0
CATEGORY=Class|Shaman.MOD		DEFINE:Shaman_CF_Hex16|0
CATEGORY=Class|Shaman.MOD		DEFINE:Shaman_CF_Hex18|0
CATEGORY=Class|Shaman.MOD		DEFINE:Shaman_CF_Hex20|0
CATEGORY=Class|Shaman.MOD		DEFINE:Shaman_CF_WanderingSpiritBase|0
CATEGORY=Class|Shaman.MOD		DEFINE:Shaman_CF_WanderingSpiritTrue|0
CATEGORY=Class|Shaman.MOD		DEFINE:Shaman_CF_WanderingSpiritGreater|0
CATEGORY=Class|Shaman.MOD		DEFINE:Shaman_CF_WanderingHex6|0
CATEGORY=Class|Shaman.MOD		DEFINE:Shaman_CF_WanderingHex14|0

CATEGORY=Class|Shaman.MOD																																								BONUS:VAR|Shaman_CF_Hex1|1|TYPE=Boolean|PREFACT:1,ABILITIES,Shaman_CF_Hex1=True
CATEGORY=Class|Shaman.MOD																																								BONUS:VAR|Shaman_CF_Hex2|1|TYPE=Boolean|PREFACT:1,ABILITIES,Shaman_CF_Hex2=True
CATEGORY=Class|Shaman.MOD																																								BONUS:VAR|Shaman_CF_Hex4|1|TYPE=Boolean|PREFACT:1,ABILITIES,Shaman_CF_Hex4=True
CATEGORY=Class|Shaman.MOD																																								BONUS:VAR|Shaman_CF_Hex6|1|TYPE=Boolean|PREFACT:1,ABILITIES,Shaman_CF_Hex6=True
CATEGORY=Class|Shaman.MOD																																								BONUS:VAR|Shaman_CF_Hex8|1|TYPE=Boolean|PREFACT:1,ABILITIES,Shaman_CF_Hex8=True
CATEGORY=Class|Shaman.MOD																																								BONUS:VAR|Shaman_CF_Hex10|1|TYPE=Boolean|PREFACT:1,ABILITIES,Shaman_CF_Hex10=True
CATEGORY=Class|Shaman.MOD																																								BONUS:VAR|Shaman_CF_Hex12|1|TYPE=Boolean|PREFACT:1,ABILITIES,Shaman_CF_Hex12=True
CATEGORY=Class|Shaman.MOD																																								BONUS:VAR|Shaman_CF_Hex14|1|TYPE=Boolean|PREFACT:1,ABILITIES,Shaman_CF_Hex14=True
CATEGORY=Class|Shaman.MOD																																								BONUS:VAR|Shaman_CF_Hex16|1|TYPE=Boolean|PREFACT:1,ABILITIES,Shaman_CF_Hex16=True
CATEGORY=Class|Shaman.MOD																																								BONUS:VAR|Shaman_CF_Hex18|1|TYPE=Boolean|PREFACT:1,ABILITIES,Shaman_CF_Hex18=True
CATEGORY=Class|Shaman.MOD																																								BONUS:VAR|Shaman_CF_Hex20|1|TYPE=Boolean|PREFACT:1,ABILITIES,Shaman_CF_Hex20=True
CATEGORY=Class|Shaman.MOD																																								BONUS:VAR|Shaman_CF_WanderingSpiritBase|1|TYPE=Boolean|PREFACT:1,ABILITIES,Shaman_CF_WanderingSpiritBase=True
CATEGORY=Class|Shaman.MOD																																								BONUS:VAR|Shaman_CF_WanderingSpiritTrue|1|TYPE=Boolean|PREFACT:1,ABILITIES,Shaman_CF_WanderingSpiritTrue=True
CATEGORY=Class|Shaman.MOD																																								BONUS:VAR|Shaman_CF_WanderingSpiritGreater|1|TYPE=Boolean|PREFACT:1,ABILITIES,Shaman_CF_WanderingSpiritGreater=True
CATEGORY=Class|Shaman.MOD																																								BONUS:VAR|Shaman_CF_WanderingHex6|1|TYPE=Boolean|PREFACT:1,ABILITIES,Shaman_CF_WanderingHex6=True
CATEGORY=Class|Shaman.MOD																																								BONUS:VAR|Shaman_CF_WanderingHex14|1|TYPE=Boolean|PREFACT:1,ABILITIES,Shaman_CF_WanderingHex14=True

CATEGORY=Class|Shaman.MOD																																								BONUS:VAR|Shaman_CF_ClassSkills|1|TYPE=Boolean|PREFACT:1,ABILITIES,Shaman_CF_ClassSkills=True
CATEGORY=Class|Shaman.MOD																																								BONUS:VAR|Shaman_CF_Proficiencies|1|TYPE=Boolean|PREFACT:1,ABILITIES,Shaman_CF_WeaponProficiencies=True
CATEGORY=Class|Shaman.MOD																																								BONUS:VAR|Shaman_CF_Proficiencies|1|TYPE=Boolean|PREFACT:1,ABILITIES,Shaman_CF_ArmorProficiencies=True
CATEGORY=Class|Shaman.MOD																																								BONUS:VAR|Shaman_CF_Orisons|1|TYPE=Boolean|PREFACT:1,ABILITIES,Shaman_CF_Orisons=True
CATEGORY=Class|Shaman.MOD																																								BONUS:VAR|Shaman_CF_Spirit|1|TYPE=Boolean|PREFACT:1,ABILITIES,Shaman_CF_Spirit=True
CATEGORY=Class|Shaman.MOD																																								BONUS:VAR|Shaman_CF_SpiritAnimal|1|TYPE=Boolean|PREFACT:1,ABILITIES,Shaman_CF_SpiritAnimal=True
CATEGORY=Class|Shaman.MOD																																								BONUS:VAR|Shaman_CF_SpiritMagic|1|TYPE=Boolean|PREFACT:1,ABILITIES,Shaman_CF_SpiritMagic=True
CATEGORY=Class|Shaman.MOD																																								BONUS:VAR|Shaman_CF_Hex|1|TYPE=Boolean|PREFACT:1,ABILITIES,Shaman_CF_Hex=True
CATEGORY=Class|Shaman.MOD																																								BONUS:VAR|Shaman_CF_WanderingSpirit|1|TYPE=Boolean|PREFACT:1,ABILITIES,Shaman_CF_WanderingSpirit=True
CATEGORY=Class|Shaman.MOD																																								BONUS:VAR|Shaman_CF_WanderingHex|1|TYPE=Boolean|PREFACT:1,ABILITIES,Shaman_CF_WanderingHex=True
CATEGORY=Class|Shaman.MOD																																								BONUS:VAR|Shaman_CF_Manifestation|1|TYPE=Boolean|PREFACT:1,ABILITIES,Shaman_CF_Manifestation=True

CATEGORY=Class|Shaman.MOD																																								BONUS:VAR|Shaman_CF_WeaponProficiencies|1|TYPE=Boolean|PREABILITY:1,CATEGORY=Archetype,TYPE.ShamanWeaponProficiencies
CATEGORY=Class|Shaman.MOD																																								BONUS:VAR|Shaman_CF_ArmorProficiencies|1|TYPE=Boolean|PREABILITY:1,CATEGORY=Archetype,TYPE.ShamanArmorProficiencies
CATEGORY=Class|Shaman.MOD																																								BONUS:VAR|Shaman_CF_Orisons|1|TYPE=Boolean|PREABILITY:1,CATEGORY=Archetype,TYPE.ShamanOrisons
CATEGORY=Class|Shaman.MOD																																								BONUS:VAR|Shaman_CF_Spirit|1|TYPE=Boolean|PREABILITY:1,CATEGORY=Archetype,TYPE.ShamanSpirit
CATEGORY=Class|Shaman.MOD																																								BONUS:VAR|Shaman_CF_SpiritAnimal|1|TYPE=Boolean|PREABILITY:1,CATEGORY=Archetype,TYPE.ShamanSpiritAnimal
CATEGORY=Class|Shaman.MOD																																								BONUS:VAR|Shaman_CF_SpiritMagic|1|TYPE=Boolean|PREABILITY:1,CATEGORY=Archetype,TYPE.ShamanSpiritMagic
CATEGORY=Class|Shaman.MOD																																								BONUS:VAR|Shaman_CF_Hex|1|TYPE=Boolean|PREABILITY:1,CATEGORY=Archetype,TYPE.ShamanHex
CATEGORY=Class|Shaman.MOD																																								BONUS:VAR|Shaman_CF_WanderingSpirit|1|TYPE=Boolean|PREABILITY:1,CATEGORY=Archetype,TYPE.ShamanWanderingSpirit
CATEGORY=Class|Shaman.MOD																																								BONUS:VAR|Shaman_CF_WanderingHex|1|TYPE=Boolean|PREABILITY:1,CATEGORY=Archetype,TYPE.ShamanWanderingHex
CATEGORY=Class|Shaman.MOD																																								BONUS:VAR|Shaman_CF_Manifestation|1|TYPE=Boolean|PREABILITY:1,CATEGORY=Archetype,TYPE.ShamanManifestation

#
CATEGORY=Class|Skald.MOD											ABILITY:Internal|AUTOMATIC|Skald ~ Class Skills|PREVAREQ:Skald_CF_ClassSkills,0
CATEGORY=Class|Skald.MOD		DEFINE:Skald_CF_Proficiencies|0
CATEGORY=Class|Skald.MOD		DEFINE:Skald_CF_ClassSkills|0
CATEGORY=Class|Skald.MOD		DEFINE:Skald_CF_BardicKnowledge|0
CATEGORY=Class|Skald.MOD		DEFINE:Skald_CF_Cantrips|0
CATEGORY=Class|Skald.MOD		DEFINE:Skald_CF_RagingSong|0
CATEGORY=Class|Skald.MOD		DEFINE:Skald_CF_InspiredRage|0
CATEGORY=Class|Skald.MOD		DEFINE:Skald_CF_ScribeScroll|0
CATEGORY=Class|Skald.MOD		DEFINE:Skald_CF_VersatilePerformance|0
CATEGORY=Class|Skald.MOD		DEFINE:Skald_CF_WellVersed|0
CATEGORY=Class|Skald.MOD		DEFINE:Skald_CF_RagePowers|0
CATEGORY=Class|Skald.MOD		DEFINE:Skald_CF_SongOfMarching|0
CATEGORY=Class|Skald.MOD		DEFINE:Skald_CF_UncannyDodge|0
CATEGORY=Class|Skald.MOD		DEFINE:Skald_CF_SpellKenning|0
CATEGORY=Class|Skald.MOD		DEFINE:Skald_CF_SongOfStrength|0
CATEGORY=Class|Skald.MOD		DEFINE:Skald_CF_LoreMaster|0
CATEGORY=Class|Skald.MOD		DEFINE:Skald_CF_ImprovedUncannyDodge|0
CATEGORY=Class|Skald.MOD		DEFINE:Skald_CF_DamageReduction|0
CATEGORY=Class|Skald.MOD		DEFINE:Skald_CF_DirgeOfDoom|0
CATEGORY=Class|Skald.MOD		DEFINE:Skald_CF_SongOfTheFallen|0
CATEGORY=Class|Skald.MOD		DEFINE:Skald_CF_MasterSkald|0

CATEGORY=Class|Skald.MOD		DEFINE:Skald_CF_SpellKenning5|0
CATEGORY=Class|Skald.MOD		DEFINE:Skald_CF_SpellKenning11|0
CATEGORY=Class|Skald.MOD		DEFINE:Skald_CF_SpellKenning17|0
CATEGORY=Class|Skald.MOD		DEFINE:Skald_CF_RagePower3|0
CATEGORY=Class|Skald.MOD		DEFINE:Skald_CF_RagePower6|0
CATEGORY=Class|Skald.MOD		DEFINE:Skald_CF_RagePower9|0
CATEGORY=Class|Skald.MOD		DEFINE:Skald_CF_RagePower12|0
CATEGORY=Class|Skald.MOD		DEFINE:Skald_CF_RagePower15|0
CATEGORY=Class|Skald.MOD		DEFINE:Skald_CF_RagePower18|0
CATEGORY=Class|Skald.MOD		DEFINE:Skald_CF_VersatilePerformance2|0
CATEGORY=Class|Skald.MOD		DEFINE:Skald_CF_VersatilePerformance7|0
CATEGORY=Class|Skald.MOD		DEFINE:Skald_CF_VersatilePerformance12|0
CATEGORY=Class|Skald.MOD		DEFINE:Skald_CF_VersatilePerformance17|0

CATEGORY=Class|Skald.MOD																																								BONUS:VAR|Skald_CF_SpellKenning5|1|TYPE=Boolean|PREFACT:1,ABILITIES,Skald_CF_SpellKenning5=True
CATEGORY=Class|Skald.MOD																																								BONUS:VAR|Skald_CF_SpellKenning11|1|TYPE=Boolean|PREFACT:1,ABILITIES,Skald_CF_SpellKenning11=True
CATEGORY=Class|Skald.MOD																																								BONUS:VAR|Skald_CF_SpellKenning17|1|TYPE=Boolean|PREFACT:1,ABILITIES,Skald_CF_SpellKenning17=True
CATEGORY=Class|Skald.MOD																																								BONUS:VAR|Skald_CF_RagePower3|1|TYPE=Boolean|PREFACT:1,ABILITIES,Skald_CF_RagePower3=True
CATEGORY=Class|Skald.MOD																																								BONUS:VAR|Skald_CF_RagePower6|1|TYPE=Boolean|PREFACT:1,ABILITIES,Skald_CF_RagePower6=True
CATEGORY=Class|Skald.MOD																																								BONUS:VAR|Skald_CF_RagePower9|1|TYPE=Boolean|PREFACT:1,ABILITIES,Skald_CF_RagePower9=True
CATEGORY=Class|Skald.MOD																																								BONUS:VAR|Skald_CF_RagePower12|1|TYPE=Boolean|PREFACT:1,ABILITIES,Skald_CF_RagePower12=True
CATEGORY=Class|Skald.MOD																																								BONUS:VAR|Skald_CF_RagePower15|1|TYPE=Boolean|PREFACT:1,ABILITIES,Skald_CF_RagePower15=True
CATEGORY=Class|Skald.MOD																																								BONUS:VAR|Skald_CF_RagePower18|1|TYPE=Boolean|PREFACT:1,ABILITIES,Skald_CF_RagePower18=True
CATEGORY=Class|Skald.MOD																																								BONUS:VAR|Skald_CF_VersatilePerformance2|1|TYPE=Boolean|PREFACT:1,ABILITIES,Skald_CF_VersatilePerformance2=True
CATEGORY=Class|Skald.MOD																																								BONUS:VAR|Skald_CF_VersatilePerformance7|1|TYPE=Boolean|PREFACT:1,ABILITIES,Skald_CF_VersatilePerformance7=True
CATEGORY=Class|Skald.MOD																																								BONUS:VAR|Skald_CF_VersatilePerformance12|1|TYPE=Boolean|PREFACT:1,ABILITIES,Skald_CF_VersatilePerformance12=True
CATEGORY=Class|Skald.MOD																																								BONUS:VAR|Skald_CF_VersatilePerformance17|1|TYPE=Boolean|PREFACT:1,ABILITIES,Skald_CF_VersatilePerformance17=True

CATEGORY=Class|Skald.MOD																																								BONUS:VAR|Skald_CF_ClassSkills|1|TYPE=Boolean|PREFACT:1,ABILITIES,Skald_CF_ClassSkills=True
CATEGORY=Class|Skald.MOD																																								BONUS:VAR|Skald_CF_Proficiencies|1|TYPE=Boolean|PREFACT:1,ABILITIES,Skald_CF_WeaponProficiencies=True
CATEGORY=Class|Skald.MOD																																								BONUS:VAR|Skald_CF_Proficiencies|1|TYPE=Boolean|PREFACT:1,ABILITIES,Skald_CF_ArmorProficiencies=True
CATEGORY=Class|Skald.MOD																																								BONUS:VAR|Skald_CF_BardicKnowledge|1|TYPE=Boolean|PREFACT:1,ABILITIES,Skald_CF_BardicKnowledge=True
CATEGORY=Class|Skald.MOD																																								BONUS:VAR|Skald_CF_Cantrips|1|TYPE=Boolean|PREFACT:1,ABILITIES,Skald_CF_Cantrips=True
CATEGORY=Class|Skald.MOD																																								BONUS:VAR|Skald_CF_RagingSong|1|TYPE=Boolean|PREFACT:1,ABILITIES,Skald_CF_RagingSong=True
CATEGORY=Class|Skald.MOD																																								BONUS:VAR|Skald_CF_InspiredRage|1|TYPE=Boolean|PREFACT:1,ABILITIES,Skald_CF_InspiredRage=True
CATEGORY=Class|Skald.MOD																																								BONUS:VAR|Skald_CF_ScribeScroll|1|TYPE=Boolean|PREFACT:1,ABILITIES,Skald_CF_ScribeScroll=True
CATEGORY=Class|Skald.MOD																																								BONUS:VAR|Skald_CF_VersatilePerformance|1|TYPE=Boolean|PREFACT:1,ABILITIES,Skald_CF_VersatilePerformance=True
CATEGORY=Class|Skald.MOD																																								BONUS:VAR|Skald_CF_WellVersed|1|TYPE=Boolean|PREFACT:1,ABILITIES,Skald_CF_WellVersed=True
CATEGORY=Class|Skald.MOD																																								BONUS:VAR|Skald_CF_RagePowers|1|TYPE=Boolean|PREFACT:1,ABILITIES,Skald_CF_RagePowers=True
CATEGORY=Class|Skald.MOD																																								BONUS:VAR|Skald_CF_SongOfMarching|1|TYPE=Boolean|PREFACT:1,ABILITIES,Skald_CF_SongOfMarching=True
CATEGORY=Class|Skald.MOD																																								BONUS:VAR|Skald_CF_UncannyDodge|1|TYPE=Boolean|PREFACT:1,ABILITIES,Skald_CF_UncannyDodge=True
CATEGORY=Class|Skald.MOD																																								BONUS:VAR|Skald_CF_SpellKenning|1|TYPE=Boolean|PREFACT:1,ABILITIES,Skald_CF_SpellKenning=True
CATEGORY=Class|Skald.MOD																																								BONUS:VAR|Skald_CF_SongOfStrength|1|TYPE=Boolean|PREFACT:1,ABILITIES,Skald_CF_SongOfStrength=True
CATEGORY=Class|Skald.MOD																																								BONUS:VAR|Skald_CF_LoreMaster|1|TYPE=Boolean|PREFACT:1,ABILITIES,Skald_CF_LoreMaster=True
CATEGORY=Class|Skald.MOD																																								BONUS:VAR|Skald_CF_ImprovedUncannyDodge|1|TYPE=Boolean|PREFACT:1,ABILITIES,Skald_CF_ImprovedUncannyDodge=True
CATEGORY=Class|Skald.MOD																																								BONUS:VAR|Skald_CF_DamageReduction|1|TYPE=Boolean|PREFACT:1,ABILITIES,Skald_CF_DamageReduction=True
CATEGORY=Class|Skald.MOD																																								BONUS:VAR|Skald_CF_DirgeOfDoom|1|TYPE=Boolean|PREFACT:1,ABILITIES,Skald_CF_DirgeOfDoom=True
CATEGORY=Class|Skald.MOD																																								BONUS:VAR|Skald_CF_SongOfTheFallen|1|TYPE=Boolean|PREFACT:1,ABILITIES,Skald_CF_SongOfTheFallen=True
CATEGORY=Class|Skald.MOD																																								BONUS:VAR|Skald_CF_MasterSkald|1|TYPE=Boolean|PREFACT:1,ABILITIES,Skald_CF_MasterSkald=True

CATEGORY=Class|Skald.MOD																																								BONUS:VAR|Skald_CF_WeaponProficiencies|1|TYPE=Boolean|PREABILITY:1,CATEGORY=Archetype,TYPE.SkaldWeaponProficiencies
CATEGORY=Class|Skald.MOD																																								BONUS:VAR|Skald_CF_ArmorProficiencies|1|TYPE=Boolean|PREABILITY:1,CATEGORY=Archetype,TYPE.SkaldArmorProficiencies
CATEGORY=Class|Skald.MOD																																								BONUS:VAR|Skald_CF_BardicKnowledge|1|TYPE=Boolean|PREABILITY:1,CATEGORY=Archetype,TYPE.SkaldBardicKnowledge
CATEGORY=Class|Skald.MOD																																								BONUS:VAR|Skald_CF_Cantrips|1|TYPE=Boolean|PREABILITY:1,CATEGORY=Archetype,TYPE.SkaldCantrips
CATEGORY=Class|Skald.MOD																																								BONUS:VAR|Skald_CF_RagingSong|1|TYPE=Boolean|PREABILITY:1,CATEGORY=Archetype,TYPE.SkaldRagingSong
CATEGORY=Class|Skald.MOD																																								BONUS:VAR|Skald_CF_InspiredRage|1|TYPE=Boolean|PREABILITY:1,CATEGORY=Archetype,TYPE.SkaldInspiredRage
CATEGORY=Class|Skald.MOD																																								BONUS:VAR|Skald_CF_ScribeScroll|1|TYPE=Boolean|PREABILITY:1,CATEGORY=Archetype,TYPE.SkaldScribeScroll
CATEGORY=Class|Skald.MOD																																								BONUS:VAR|Skald_CF_VersatilePerformance|1|TYPE=Boolean|PREABILITY:1,CATEGORY=Archetype,TYPE.SkaldVersatilePerformance
CATEGORY=Class|Skald.MOD																																								BONUS:VAR|Skald_CF_WellVersed|1|TYPE=Boolean|PREABILITY:1,CATEGORY=Archetype,TYPE.SkaldWellVersed
CATEGORY=Class|Skald.MOD																																								BONUS:VAR|Skald_CF_RagePowers|1|TYPE=Boolean|PREABILITY:1,CATEGORY=Archetype,TYPE.SkaldRagePowers
CATEGORY=Class|Skald.MOD																																								BONUS:VAR|Skald_CF_SongOfMarching|1|TYPE=Boolean|PREABILITY:1,CATEGORY=Archetype,TYPE.SkaldSongOfMarching
CATEGORY=Class|Skald.MOD																																								BONUS:VAR|Skald_CF_UncannyDodge|1|TYPE=Boolean|PREABILITY:1,CATEGORY=Archetype,TYPE.SkaldUncannyDodge
CATEGORY=Class|Skald.MOD																																								BONUS:VAR|Skald_CF_SpellKenning|1|TYPE=Boolean|PREABILITY:1,CATEGORY=Archetype,TYPE.SkaldSpellKenning
CATEGORY=Class|Skald.MOD																																								BONUS:VAR|Skald_CF_SongOfStrength|1|TYPE=Boolean|PREABILITY:1,CATEGORY=Archetype,TYPE.SkaldSongOfStrength
CATEGORY=Class|Skald.MOD																																								BONUS:VAR|Skald_CF_LoreMaster|1|TYPE=Boolean|PREABILITY:1,CATEGORY=Archetype,TYPE.SkaldLoreMaster
CATEGORY=Class|Skald.MOD																																								BONUS:VAR|Skald_CF_ImprovedUncannyDodge|1|TYPE=Boolean|PREABILITY:1,CATEGORY=Archetype,TYPE.SkaldImprovedUncannyDodge
CATEGORY=Class|Skald.MOD																																								BONUS:VAR|Skald_CF_DamageReduction|1|TYPE=Boolean|PREABILITY:1,CATEGORY=Archetype,TYPE.SkaldDamageReduction
CATEGORY=Class|Skald.MOD																																								BONUS:VAR|Skald_CF_DirgeOfDoom|1|TYPE=Boolean|PREABILITY:1,CATEGORY=Archetype,TYPE.SkaldDirgeOfDoom
CATEGORY=Class|Skald.MOD																																								BONUS:VAR|Skald_CF_SongOfTheFallen|1|TYPE=Boolean|PREABILITY:1,CATEGORY=Archetype,TYPE.SkaldSongOfTheFallen
CATEGORY=Class|Skald.MOD																																								BONUS:VAR|Skald_CF_MasterSkald|1|TYPE=Boolean|PREABILITY:1,CATEGORY=Archetype,TYPE.SkaldMasterSkald



CATEGORY=Class|Slayer.MOD											ABILITY:Internal|AUTOMATIC|Slayer ~ Class Skills|PREVAREQ:Slayer_CF_ClassSkills,0


CATEGORY=Class|Slayer.MOD		DEFINE:Slayer_CF_ClassSkills|0
CATEGORY=Class|Slayer.MOD		DEFINE:Slayer_CF_ArmorProficiencies|0
CATEGORY=Class|Slayer.MOD		DEFINE:Slayer_CF_WeaponProficiencies|0
CATEGORY=Class|Slayer.MOD		DEFINE:Slayer_CF_LightArmorProficiency|0
CATEGORY=Class|Slayer.MOD		DEFINE:Slayer_CF_MediumArmorProficiency|0
CATEGORY=Class|Slayer.MOD		DEFINE:Slayer_CF_ShieldProficiency|0
CATEGORY=Class|Slayer.MOD		DEFINE:Slayer_CF_StudiedTarget|0
CATEGORY=Class|Slayer.MOD		DEFINE:Slayer_CF_Track|0
CATEGORY=Class|Slayer.MOD		DEFINE:Slayer_CF_Talents|0
CATEGORY=Class|Slayer.MOD		DEFINE:Slayer_CF_SneakAttack|0
CATEGORY=Class|Slayer.MOD		DEFINE:Slayer_CF_Stalker|0
CATEGORY=Class|Slayer.MOD		DEFINE:Slayer_CF_SwiftTracker|0
CATEGORY=Class|Slayer.MOD		DEFINE:Slayer_CF_SlayersAdvance|0
CATEGORY=Class|Slayer.MOD		DEFINE:Slayer_CF_Quarry|0
CATEGORY=Class|Slayer.MOD		DEFINE:Slayer_CF_ImprovedQuarry|0
CATEGORY=Class|Slayer.MOD		DEFINE:Slayer_CF_MasterSlayer|0


CATEGORY=Class|Slayer.MOD		DEFINE:Slayer_CF_Talent2|0
CATEGORY=Class|Slayer.MOD		DEFINE:Slayer_CF_Talent4|0
CATEGORY=Class|Slayer.MOD		DEFINE:Slayer_CF_Talent6|0
CATEGORY=Class|Slayer.MOD		DEFINE:Slayer_CF_Talent8|0
CATEGORY=Class|Slayer.MOD		DEFINE:Slayer_CF_Talent10|0
CATEGORY=Class|Slayer.MOD		DEFINE:Slayer_CF_Talent12|0
CATEGORY=Class|Slayer.MOD		DEFINE:Slayer_CF_Talent14|0
CATEGORY=Class|Slayer.MOD		DEFINE:Slayer_CF_Talent16|0
CATEGORY=Class|Slayer.MOD		DEFINE:Slayer_CF_Talent18|0
CATEGORY=Class|Slayer.MOD		DEFINE:Slayer_CF_Talent20|0

CATEGORY=Class|Slayer.MOD																																								BONUS:VAR|Slayer_CF_Talent2|1|TYPE=Boolean|PREFACT:1,ABILITIES,Slayer_CF_Talent2=True
CATEGORY=Class|Slayer.MOD																																								BONUS:VAR|Slayer_CF_Talent4|1|TYPE=Boolean|PREFACT:1,ABILITIES,Slayer_CF_Talent4=True
CATEGORY=Class|Slayer.MOD																																								BONUS:VAR|Slayer_CF_Talent6|1|TYPE=Boolean|PREFACT:1,ABILITIES,Slayer_CF_Talent6=True
CATEGORY=Class|Slayer.MOD																																								BONUS:VAR|Slayer_CF_Talent8|1|TYPE=Boolean|PREFACT:1,ABILITIES,Slayer_CF_Talent8=True
CATEGORY=Class|Slayer.MOD																																								BONUS:VAR|Slayer_CF_Talent10|1|TYPE=Boolean|PREFACT:1,ABILITIES,Slayer_CF_Talent10=True
CATEGORY=Class|Slayer.MOD																																								BONUS:VAR|Slayer_CF_Talent12|1|TYPE=Boolean|PREFACT:1,ABILITIES,Slayer_CF_Talent12=True
CATEGORY=Class|Slayer.MOD																																								BONUS:VAR|Slayer_CF_Talent14|1|TYPE=Boolean|PREFACT:1,ABILITIES,Slayer_CF_Talent14=True
CATEGORY=Class|Slayer.MOD																																								BONUS:VAR|Slayer_CF_Talent16|1|TYPE=Boolean|PREFACT:1,ABILITIES,Slayer_CF_Talent16=True
CATEGORY=Class|Slayer.MOD																																								BONUS:VAR|Slayer_CF_Talent18|1|TYPE=Boolean|PREFACT:1,ABILITIES,Slayer_CF_Talent18=True
CATEGORY=Class|Slayer.MOD																																								BONUS:VAR|Slayer_CF_Talent20|1|TYPE=Boolean|PREFACT:1,ABILITIES,Slayer_CF_Talent20=True

CATEGORY=Class|Slayer.MOD																																								BONUS:VAR|Slayer_CF_ClassSkills|1|TYPE=Boolean|PREFACT:1,ABILITIES,Slayer_CF_ClassSkills=True
CATEGORY=Class|Slayer.MOD																																								BONUS:VAR|Slayer_CF_ArmorProficiencies|1|TYPE=Boolean|PREFACT:1,ABILITIES,Slayer_CF_ArmorProficiencies=True
CATEGORY=Class|Slayer.MOD																																								BONUS:VAR|Slayer_CF_WeaponProficiencies|1|TYPE=Boolean|PREFACT:1,ABILITIES,Slayer_CF_WeaponProficiencies=True
CATEGORY=Class|Slayer.MOD																																								BONUS:VAR|Slayer_CF_LightArmorProficiency|1|TYPE=Boolean|PREFACT:1,ABILITIES,Slayer_CF_LightArmorProficiency=True
CATEGORY=Class|Slayer.MOD																																								BONUS:VAR|Slayer_CF_MediumArmorProficiency|1|TYPE=Boolean|PREFACT:1,ABILITIES,Slayer_CF_MediumArmorProficiency=True
CATEGORY=Class|Slayer.MOD																																								BONUS:VAR|Slayer_CF_ShieldProficiency|1|TYPE=Boolean|PREFACT:1,ABILITIES,Slayer_CF_ShieldProficiency=True
CATEGORY=Class|Slayer.MOD																																								BONUS:VAR|Slayer_CF_StudiedTarget|1|TYPE=Boolean|PREFACT:1,ABILITIES,Slayer_CF_StudiedTarget=True
CATEGORY=Class|Slayer.MOD																																								BONUS:VAR|Slayer_CF_Track|1|TYPE=Boolean|PREFACT:1,ABILITIES,Slayer_CF_Track=True
CATEGORY=Class|Slayer.MOD																																								BONUS:VAR|Slayer_CF_Talents|1|TYPE=Boolean|PREFACT:1,ABILITIES,Slayer_CF_Talents=True
CATEGORY=Class|Slayer.MOD																																								BONUS:VAR|Slayer_CF_SneakAttack|1|TYPE=Boolean|PREFACT:1,ABILITIES,Slayer_CF_SneakAttack=True
CATEGORY=Class|Slayer.MOD																																								BONUS:VAR|Slayer_CF_Stalker|1|TYPE=Boolean|PREFACT:1,ABILITIES,Slayer_CF_Stalker=True
CATEGORY=Class|Slayer.MOD																																								BONUS:VAR|Slayer_CF_SwiftTracker|1|TYPE=Boolean|PREFACT:1,ABILITIES,Slayer_CF_SwiftTracker=True
CATEGORY=Class|Slayer.MOD																																								BONUS:VAR|Slayer_CF_SlayersAdvance|1|TYPE=Boolean|PREFACT:1,ABILITIES,Slayer_CF_SlayersAdvance=True
CATEGORY=Class|Slayer.MOD																																								BONUS:VAR|Slayer_CF_Quarry|1|TYPE=Boolean|PREFACT:1,ABILITIES,Slayer_CF_Quarry=True
CATEGORY=Class|Slayer.MOD																																								BONUS:VAR|Slayer_CF_ImprovedQuarry|1|TYPE=Boolean|PREFACT:1,ABILITIES,Slayer_CF_ImprovedQuarry=True
CATEGORY=Class|Slayer.MOD																																								BONUS:VAR|Slayer_CF_MasterSlayer|1|TYPE=Boolean|PREFACT:1,ABILITIES,Slayer_CF_MasterSlayer=True

CATEGORY=Class|Slayer.MOD																																								BONUS:VAR|Slayer_CF_ArmorProficiencies|1|TYPE=Boolean|PREABILITY:1,CATEGORY=Archetype,TYPE.SlayerArmorProficiencies
CATEGORY=Class|Slayer.MOD																																								BONUS:VAR|Slayer_CF_WeaponProficiencies|1|TYPE=Boolean|PREABILITY:1,CATEGORY=Archetype,TYPE.SlayerWeaponProficiencies
CATEGORY=Class|Slayer.MOD																																								BONUS:VAR|Slayer_CF_LightArmorProficiency|1|TYPE=Boolean|PREABILITY:1,CATEGORY=Archetype,TYPE.SlayerLightArmorProficiency
CATEGORY=Class|Slayer.MOD																																								BONUS:VAR|Slayer_CF_MediumArmorProficiency|1|TYPE=Boolean|PREABILITY:1,CATEGORY=Archetype,TYPE.SlayerMediumArmorProficiency
CATEGORY=Class|Slayer.MOD																																								BONUS:VAR|Slayer_CF_ShieldProficiency|1|TYPE=Boolean|PREABILITY:1,CATEGORY=Archetype,TYPE.SlayerShieldProficiency
CATEGORY=Class|Slayer.MOD																																								BONUS:VAR|Slayer_CF_StudiedTarget|1|TYPE=Boolean|PREABILITY:1,CATEGORY=Archetype,TYPE.SlayerStudiedTarget
CATEGORY=Class|Slayer.MOD																																								BONUS:VAR|Slayer_CF_Track|1|TYPE=Boolean|PREABILITY:1,CATEGORY=Archetype,TYPE.SlayerTrack
CATEGORY=Class|Slayer.MOD																																								BONUS:VAR|Slayer_CF_Talents|1|TYPE=Boolean|PREABILITY:1,CATEGORY=Archetype,TYPE.SlayerTalents
CATEGORY=Class|Slayer.MOD																																								BONUS:VAR|Slayer_CF_SneakAttack|1|TYPE=Boolean|PREABILITY:1,CATEGORY=Archetype,TYPE.SlayerSneakAttack
CATEGORY=Class|Slayer.MOD																																								BONUS:VAR|Slayer_CF_Stalker|1|TYPE=Boolean|PREABILITY:1,CATEGORY=Archetype,TYPE.SlayerStalker
CATEGORY=Class|Slayer.MOD																																								BONUS:VAR|Slayer_CF_SwiftTracker|1|TYPE=Boolean|PREABILITY:1,CATEGORY=Archetype,TYPE.SlayerSwiftTracker
CATEGORY=Class|Slayer.MOD																																								BONUS:VAR|Slayer_CF_SlayersAdvance|1|TYPE=Boolean|PREABILITY:1,CATEGORY=Archetype,TYPE.SlayerSlayersAdvance
CATEGORY=Class|Slayer.MOD																																								BONUS:VAR|Slayer_CF_Quarry|1|TYPE=Boolean|PREABILITY:1,CATEGORY=Archetype,TYPE.SlayerQuarry
CATEGORY=Class|Slayer.MOD																																								BONUS:VAR|Slayer_CF_ImprovedQuarry|1|TYPE=Boolean|PREABILITY:1,CATEGORY=Archetype,TYPE.SlayerImprovedQuarry
CATEGORY=Class|Slayer.MOD																																								BONUS:VAR|Slayer_CF_MasterSlayer|1|TYPE=Boolean|PREABILITY:1,CATEGORY=Archetype,TYPE.SlayerMasterSlayer




CATEGORY=Class|Swashbuckler.MOD										ABILITY:Internal|AUTOMATIC|Swashbuckler ~ Class Skills|PREVAREQ:Swashbuckler_CF_ClassSkills,0


CATEGORY=Class|Swashbuckler.MOD	DEFINE:Swashbuckler_CF_ClassSkills|0

CATEGORY=Class|Swashbuckler.MOD	DEFINE:Swashbuckler_CF_Proficiencies|0


CATEGORY=Class|Swashbuckler.MOD	DEFINE:Swashbuckler_CF_WeaponProficiencies|0
CATEGORY=Class|Swashbuckler.MOD	DEFINE:Swashbuckler_CF_ArmorProficiencies|0
CATEGORY=Class|Swashbuckler.MOD	DEFINE:Swashbuckler_CF_LightArmorProficiencies|0
CATEGORY=Class|Swashbuckler.MOD	DEFINE:Swashbuckler_CF_ShieldProficiencies|0
CATEGORY=Class|Swashbuckler.MOD	DEFINE:Swashbuckler_CF_Panache|0
CATEGORY=Class|Swashbuckler.MOD	DEFINE:Swashbuckler_CF_Deeds|0
CATEGORY=Class|Swashbuckler.MOD	DEFINE:Swashbuckler_CF_SwashbucklerFinesse|0
CATEGORY=Class|Swashbuckler.MOD	DEFINE:Swashbuckler_CF_CharmedLife|0
CATEGORY=Class|Swashbuckler.MOD	DEFINE:Swashbuckler_CF_Nimble|0
CATEGORY=Class|Swashbuckler.MOD	DEFINE:Swashbuckler_CF_BonusFeats|0
CATEGORY=Class|Swashbuckler.MOD	DEFINE:Swashbuckler_CF_SwashbucklerWeaponTraining|0
CATEGORY=Class|Swashbuckler.MOD	DEFINE:Swashbuckler_CF_SwashbucklerWeaponMastery|0

CATEGORY=Class|Swashbuckler.MOD																																							BONUS:VAR|Swashbuckler_CF_ClassSkills|1|TYPE=Boolean|PREFACT:1,ABILITIES,Swashbuckler_CF_ClassSkills=True
CATEGORY=Class|Swashbuckler.MOD																																							BONUS:VAR|Swashbuckler_CF_Proficiencies|1|TYPE=Boolean|PREFACT:1,ABILITIES,Swashbuckler_CF_Proficiencies=True
CATEGORY=Class|Swashbuckler.MOD																																							BONUS:VAR|Swashbuckler_CF_WeaponProficiencies|1|TYPE=Boolean|PREFACT:1,ABILITIES,Swashbuckler_CF_WeaponProficiencies=True
CATEGORY=Class|Swashbuckler.MOD																																							BONUS:VAR|Swashbuckler_CF_ArmorProficiencies|1|TYPE=Boolean|PREFACT:1,ABILITIES,Swashbuckler_CF_ArmorProficiencies=True
CATEGORY=Class|Swashbuckler.MOD																																							BONUS:VAR|Swashbuckler_CF_LightArmorProficiencies|1|TYPE=Boolean|PREFACT:1,ABILITIES,Swashbuckler_CF_LightArmorProficiencies=True
CATEGORY=Class|Swashbuckler.MOD																																							BONUS:VAR|Swashbuckler_CF_ShieldProficiencies|1|TYPE=Boolean|PREFACT:1,ABILITIES,Swashbuckler_CF_ShieldProficiencies=True
CATEGORY=Class|Swashbuckler.MOD																																							BONUS:VAR|Swashbuckler_CF_Panache|1|TYPE=Boolean|PREFACT:1,ABILITIES,Swashbuckler_CF_Panache=True
CATEGORY=Class|Swashbuckler.MOD																																							BONUS:VAR|Swashbuckler_CF_Deeds|1|TYPE=Boolean|PREFACT:1,ABILITIES,Swashbuckler_CF_Deeds=True
CATEGORY=Class|Swashbuckler.MOD																																							BONUS:VAR|Swashbuckler_CF_SwashbucklerFinesse|1|TYPE=Boolean|PREFACT:1,ABILITIES,Swashbuckler_CF_SwashbucklerFinesse=True
CATEGORY=Class|Swashbuckler.MOD																																							BONUS:VAR|Swashbuckler_CF_CharmedLife|1|TYPE=Boolean|PREFACT:1,ABILITIES,Swashbuckler_CF_CharmedLife=True
CATEGORY=Class|Swashbuckler.MOD																																							BONUS:VAR|Swashbuckler_CF_Nimble|1|TYPE=Boolean|PREFACT:1,ABILITIES,Swashbuckler_CF_Nimble=True
CATEGORY=Class|Swashbuckler.MOD																																							BONUS:VAR|Swashbuckler_CF_BonusFeats|1|TYPE=Boolean|PREFACT:1,ABILITIES,Swashbuckler_CF_BonusFeats=True
CATEGORY=Class|Swashbuckler.MOD																																							BONUS:VAR|Swashbuckler_CF_SwashbucklerWeaponTraining|1|TYPE=Boolean|PREFACT:1,ABILITIES,Swashbuckler_CF_SwashbucklerWeaponTraining=True
CATEGORY=Class|Swashbuckler.MOD																																							BONUS:VAR|Swashbuckler_CF_SwashbucklerWeaponMastery|1|TYPE=Boolean|PREFACT:1,ABILITIES,Swashbuckler_CF_SwashbucklerWeaponMastery=True

CATEGORY=Class|Swashbuckler.MOD																																							BONUS:VAR|Swashbuckler_CF_WeaponProficiencies|1|TYPE=Boolean|PREABILITY:1,CATEGORY=Archetype,TYPE.SwashbucklerWeaponProficiency
CATEGORY=Class|Swashbuckler.MOD																																							BONUS:VAR|Swashbuckler_CF_ArmorProficiencies|1|TYPE=Boolean|PREABILITY:1,CATEGORY=Archetype,TYPE.SwashbucklerArmorProficiencies
CATEGORY=Class|Swashbuckler.MOD																																							BONUS:VAR|Swashbuckler_CF_LightArmorProficiencies|1|TYPE=Boolean|PREABILITY:1,CATEGORY=Archetype,TYPE.SwashbucklerLightArmorProficiency
CATEGORY=Class|Swashbuckler.MOD																																							BONUS:VAR|Swashbuckler_CF_ShieldProficiencies|1|TYPE=Boolean|PREABILITY:1,CATEGORY=Archetype,TYPE.SwashbucklerShieldProficiency
CATEGORY=Class|Swashbuckler.MOD																																							BONUS:VAR|Swashbuckler_CF_Panache|1|TYPE=Boolean|PREABILITY:1,CATEGORY=Archetype,TYPE.SwashbucklerPanache
CATEGORY=Class|Swashbuckler.MOD																																							BONUS:VAR|Swashbuckler_CF_Deeds|1|TYPE=Boolean|PREABILITY:1,CATEGORY=Archetype,TYPE.SwashbucklerDeeds
CATEGORY=Class|Swashbuckler.MOD																																							BONUS:VAR|Swashbuckler_CF_SwashbucklerFinesse|1|TYPE=Boolean|PREABILITY:1,CATEGORY=Archetype,TYPE.SwashbucklerSwashbucklerFinesse
CATEGORY=Class|Swashbuckler.MOD																																							BONUS:VAR|Swashbuckler_CF_CharmedLife|1|TYPE=Boolean|PREABILITY:1,CATEGORY=Archetype,TYPE.SwashbucklerCharmedLife
CATEGORY=Class|Swashbuckler.MOD																																							BONUS:VAR|Swashbuckler_CF_Nimble|1|TYPE=Boolean|PREABILITY:1,CATEGORY=Archetype,TYPE.SwashbucklerNimble
CATEGORY=Class|Swashbuckler.MOD																																							BONUS:VAR|Swashbuckler_CF_BonusFeats|1|TYPE=Boolean|PREABILITY:1,CATEGORY=Archetype,TYPE.SwashbucklerBonusFeats
CATEGORY=Class|Swashbuckler.MOD																																							BONUS:VAR|Swashbuckler_CF_SwashbucklerWeaponTraining|1|TYPE=Boolean|PREABILITY:1,CATEGORY=Archetype,TYPE.SwashbucklerSwashbucklerWeaponTraining
CATEGORY=Class|Swashbuckler.MOD																																							BONUS:VAR|Swashbuckler_CF_SwashbucklerWeaponMastery|1|TYPE=Boolean|PREABILITY:1,CATEGORY=Archetype,TYPE.SwashbucklerSwashbucklerWeaponMastery




CATEGORY=Class|Swashbuckler.MOD	DEFINE:Swashbuckler_CF_DerringDoDeed|0
CATEGORY=Class|Swashbuckler.MOD	DEFINE:Swashbuckler_CF_DodgingPanacheDeed|0
CATEGORY=Class|Swashbuckler.MOD	DEFINE:Swashbuckler_CF_OpportuneParryandRiposteDeed|0
CATEGORY=Class|Swashbuckler.MOD	DEFINE:Swashbuckler_CF_KipUpDeed|0
CATEGORY=Class|Swashbuckler.MOD	DEFINE:Swashbuckler_CF_MenacingSwordplayDeed|0
CATEGORY=Class|Swashbuckler.MOD	DEFINE:Swashbuckler_CF_PreciseStrikeDeed|0
CATEGORY=Class|Swashbuckler.MOD	DEFINE:Swashbuckler_CF_SwashbucklersInitiativeDeed|0
CATEGORY=Class|Swashbuckler.MOD	DEFINE:Swashbuckler_CF_SwashbucklersGraceDeed|0
CATEGORY=Class|Swashbuckler.MOD	DEFINE:Swashbuckler_CF_SuperiorFeintDeed|0
CATEGORY=Class|Swashbuckler.MOD	DEFINE:Swashbuckler_CF_TargetedStrikeDeed|0
CATEGORY=Class|Swashbuckler.MOD	DEFINE:Swashbuckler_CF_BleedingWoundDeed|0
CATEGORY=Class|Swashbuckler.MOD	DEFINE:Swashbuckler_CF_SubtleBladeDeed|0
CATEGORY=Class|Swashbuckler.MOD	DEFINE:Swashbuckler_CF_EvasiveDeed|0
CATEGORY=Class|Swashbuckler.MOD	DEFINE:Swashbuckler_CF_DizzyingDefenseDeed|0
CATEGORY=Class|Swashbuckler.MOD	DEFINE:Swashbuckler_CF_PerfectThrustDeed|0
CATEGORY=Class|Swashbuckler.MOD	DEFINE:Swashbuckler_CF_SwashbucklersEdgeDeed|0
CATEGORY=Class|Swashbuckler.MOD	DEFINE:Swashbuckler_CF_CheatDeathDeed|0
CATEGORY=Class|Swashbuckler.MOD	DEFINE:Swashbuckler_CF_DeadlyStabDeed|0
CATEGORY=Class|Swashbuckler.MOD	DEFINE:Swashbuckler_CF_StunningStabDeed|0
CATEGORY=Class|Swashbuckler.MOD	DEFINE:Swashbuckler_CF_BonusFeat4|0
CATEGORY=Class|Swashbuckler.MOD	DEFINE:Swashbuckler_CF_BonusFeat8|0
CATEGORY=Class|Swashbuckler.MOD	DEFINE:Swashbuckler_CF_BonusFeat12|0
CATEGORY=Class|Swashbuckler.MOD	DEFINE:Swashbuckler_CF_BonusFeat16|0
CATEGORY=Class|Swashbuckler.MOD	DEFINE:Swashbuckler_CF_BonusFeat20|0

CATEGORY=Class|Swashbuckler.MOD																																							BONUS:VAR|Swashbuckler_CF_DerringDoDeed|1|TYPE=Boolean|PREFACT:1,ABILITIES,Swashbuckler_CF_DerringDoDeed=True
CATEGORY=Class|Swashbuckler.MOD																																							BONUS:VAR|Swashbuckler_CF_DodgingPanacheDeed|1|TYPE=Boolean|PREFACT:1,ABILITIES,Swashbuckler_CF_DodgingPanacheDeed=True
CATEGORY=Class|Swashbuckler.MOD																																							BONUS:VAR|Swashbuckler_CF_OpportuneParryandRiposteDeed|1|TYPE=Boolean|PREFACT:1,ABILITIES,Swashbuckler_CF_OpportuneParryandRiposteDeed=True
CATEGORY=Class|Swashbuckler.MOD																																							BONUS:VAR|Swashbuckler_CF_KipUpDeed|1|TYPE=Boolean|PREFACT:1,ABILITIES,Swashbuckler_CF_KipUpDeed=True
CATEGORY=Class|Swashbuckler.MOD																																							BONUS:VAR|Swashbuckler_CF_MenacingSwordplayDeed|1|TYPE=Boolean|PREFACT:1,ABILITIES,Swashbuckler_CF_MenacingSwordplayDeed=True
CATEGORY=Class|Swashbuckler.MOD																																							BONUS:VAR|Swashbuckler_CF_PreciseStrikeDeed|1|TYPE=Boolean|PREFACT:1,ABILITIES,Swashbuckler_CF_PreciseStrikeDeed=True
CATEGORY=Class|Swashbuckler.MOD																																							BONUS:VAR|Swashbuckler_CF_SwashbucklersInitiativeDeed|1|TYPE=Boolean|PREFACT:1,ABILITIES,Swashbuckler_CF_SwashbucklersInitiativeDeed=True
CATEGORY=Class|Swashbuckler.MOD																																							BONUS:VAR|Swashbuckler_CF_SwashbucklersGraceDeed|1|TYPE=Boolean|PREFACT:1,ABILITIES,Swashbuckler_CF_SwashbucklersGraceDeed=True
CATEGORY=Class|Swashbuckler.MOD																																							BONUS:VAR|Swashbuckler_CF_SuperiorFeintDeed|1|TYPE=Boolean|PREFACT:1,ABILITIES,Swashbuckler_CF_SuperiorFeintDeed=True
CATEGORY=Class|Swashbuckler.MOD																																							BONUS:VAR|Swashbuckler_CF_TargetedStrikeDeed|1|TYPE=Boolean|PREFACT:1,ABILITIES,Swashbuckler_CF_TargetedStrikeDeed=True
CATEGORY=Class|Swashbuckler.MOD																																							BONUS:VAR|Swashbuckler_CF_BleedingWoundDeed|1|TYPE=Boolean|PREFACT:1,ABILITIES,Swashbuckler_CF_BleedingWoundDeed=True
CATEGORY=Class|Swashbuckler.MOD																																							BONUS:VAR|Swashbuckler_CF_SubtleBladeDeed|1|TYPE=Boolean|PREFACT:1,ABILITIES,Swashbuckler_CF_SubtleBladeDeed=True
CATEGORY=Class|Swashbuckler.MOD																																							BONUS:VAR|Swashbuckler_CF_EvasiveDeed|1|TYPE=Boolean|PREFACT:1,ABILITIES,Swashbuckler_CF_EvasiveDeed=True
CATEGORY=Class|Swashbuckler.MOD																																							BONUS:VAR|Swashbuckler_CF_DizzyingDefenseDeed|1|TYPE=Boolean|PREFACT:1,ABILITIES,Swashbuckler_CF_DizzyingDefenseDeed=True
CATEGORY=Class|Swashbuckler.MOD																																							BONUS:VAR|Swashbuckler_CF_PerfectThrustDeed|1|TYPE=Boolean|PREFACT:1,ABILITIES,Swashbuckler_CF_PerfectThrustDeed=True
CATEGORY=Class|Swashbuckler.MOD																																							BONUS:VAR|Swashbuckler_CF_SwashbucklersEdgeDeed|1|TYPE=Boolean|PREFACT:1,ABILITIES,Swashbuckler_CF_SwashbucklersEdgeDeed=True
CATEGORY=Class|Swashbuckler.MOD																																							BONUS:VAR|Swashbuckler_CF_CheatDeathDeed|1|TYPE=Boolean|PREFACT:1,ABILITIES,Swashbuckler_CF_CheatDeathDeed=True
CATEGORY=Class|Swashbuckler.MOD																																							BONUS:VAR|Swashbuckler_CF_DeadlyStabDeed|1|TYPE=Boolean|PREFACT:1,ABILITIES,Swashbuckler_CF_DeadlyStabDeed=True
CATEGORY=Class|Swashbuckler.MOD																																							BONUS:VAR|Swashbuckler_CF_StunningStabDeed|1|TYPE=Boolean|PREFACT:1,ABILITIES,Swashbuckler_CF_StunningStabDeed=True
CATEGORY=Class|Swashbuckler.MOD																																							BONUS:VAR|Swashbuckler_CF_BonusFeat4|1|TYPE=Boolean|PREFACT:1,ABILITIES,Swashbuckler_CF_BonusFeat4=True
CATEGORY=Class|Swashbuckler.MOD																																							BONUS:VAR|Swashbuckler_CF_BonusFeat8|1|TYPE=Boolean|PREFACT:1,ABILITIES,Swashbuckler_CF_BonusFeat8=True
CATEGORY=Class|Swashbuckler.MOD																																							BONUS:VAR|Swashbuckler_CF_BonusFeat12|1|TYPE=Boolean|PREFACT:1,ABILITIES,Swashbuckler_CF_BonusFeat12=True
CATEGORY=Class|Swashbuckler.MOD																																							BONUS:VAR|Swashbuckler_CF_BonusFeat16|1|TYPE=Boolean|PREFACT:1,ABILITIES,Swashbuckler_CF_BonusFeat16=True
CATEGORY=Class|Swashbuckler.MOD																																							BONUS:VAR|Swashbuckler_CF_BonusFeat20|1|TYPE=Boolean|PREFACT:1,ABILITIES,Swashbuckler_CF_BonusFeat20=True




CATEGORY=Class|Warpriest.MOD											ABILITY:Internal|AUTOMATIC|Warpriest ~ Class Skills|PREVAREQ:Warpriest_CF_ClassSkills,0

CATEGORY=Class|Warpriest.MOD		DEFINE:Warpriest_CF_ClassSkills|0
CATEGORY=Class|Warpriest.MOD		DEFINE:Warpriest_CF_ArmorProficiencies|0
CATEGORY=Class|Warpriest.MOD		DEFINE:Warpriest_CF_WeaponProficiencies|0
CATEGORY=Class|Warpriest.MOD		DEFINE:Warpriest_CF_LightArmorProficiency|0
CATEGORY=Class|Warpriest.MOD		DEFINE:Warpriest_CF_MediumArmorProficiency|0
CATEGORY=Class|Warpriest.MOD		DEFINE:Warpriest_CF_HeavyArmorProficiency|0
CATEGORY=Class|Warpriest.MOD		DEFINE:Warpriest_CF_ShieldProficiencies|0
CATEGORY=Class|Warpriest.MOD		DEFINE:Warpriest_CF_Aura|0
CATEGORY=Class|Warpriest.MOD		DEFINE:Warpriest_CF_Blessings|0
CATEGORY=Class|Warpriest.MOD		DEFINE:Warpriest_CF_FocusWeapon|0
CATEGORY=Class|Warpriest.MOD		DEFINE:Warpriest_CF_Orisons|0
CATEGORY=Class|Warpriest.MOD		DEFINE:Warpriest_CF_SacredWeapon|0
CATEGORY=Class|Warpriest.MOD		DEFINE:Warpriest_CF_SpontaneousCasting|0
CATEGORY=Class|Warpriest.MOD		DEFINE:Warpriest_CF_BonusLanguages|0
CATEGORY=Class|Warpriest.MOD		DEFINE:Warpriest_CF_Fervor|0
CATEGORY=Class|Warpriest.MOD		DEFINE:Warpriest_CF_BonusFeats|0
CATEGORY=Class|Warpriest.MOD		DEFINE:Warpriest_CF_ChannelEnergy|0
CATEGORY=Class|Warpriest.MOD		DEFINE:Warpriest_CF_SacredArmor|0
CATEGORY=Class|Warpriest.MOD		DEFINE:Warpriest_CF_AspectOfWar|0

CATEGORY=Class|Warpriest.MOD		DEFINE:Warpriest_CF_BonusFeat3|0
CATEGORY=Class|Warpriest.MOD		DEFINE:Warpriest_CF_BonusFeat6|0
CATEGORY=Class|Warpriest.MOD		DEFINE:Warpriest_CF_BonusFeat9|0
CATEGORY=Class|Warpriest.MOD		DEFINE:Warpriest_CF_BonusFeat12|0
CATEGORY=Class|Warpriest.MOD		DEFINE:Warpriest_CF_BonusFeat15|0
CATEGORY=Class|Warpriest.MOD		DEFINE:Warpriest_CF_BonusFeat18|0







###Block:
# Ability Name			Modify VAR
CATEGORY=Class|Warpriest.MOD	BONUS:VAR|Warpriest_CF_ClassSkills|1|TYPE=Boolean|PREFACT:1,ABILITIES,Warpriest_CF_ClassSkills=True
CATEGORY=Class|Warpriest.MOD	BONUS:VAR|Warpriest_CF_ArmorProficiencies|1|TYPE=Boolean|PREFACT:1,ABILITIES,Warpriest_CF_ArmorProficiencies=True
CATEGORY=Class|Warpriest.MOD	BONUS:VAR|Warpriest_CF_WeaponProficiencies|1|TYPE=Boolean|PREFACT:1,ABILITIES,Warpriest_CF_WeaponProficiencies=True
CATEGORY=Class|Warpriest.MOD	BONUS:VAR|Warpriest_CF_LightArmorProficiency|1|TYPE=Boolean|PREFACT:1,ABILITIES,Warpriest_CF_LightArmorProficiency=True
CATEGORY=Class|Warpriest.MOD	BONUS:VAR|Warpriest_CF_MediumArmorProficiency|1|TYPE=Boolean|PREFACT:1,ABILITIES,Warpriest_CF_MediumArmorProficiency=True
CATEGORY=Class|Warpriest.MOD	BONUS:VAR|Warpriest_CF_HeavyArmorProficiency|1|TYPE=Boolean|PREFACT:1,ABILITIES,Warpriest_CF_HeavyArmorProficiency=True
CATEGORY=Class|Warpriest.MOD	BONUS:VAR|Warpriest_CF_ShieldProficiencies|1|TYPE=Boolean|PREFACT:1,ABILITIES,Warpriest_CF_ShieldProficiencies=True
CATEGORY=Class|Warpriest.MOD	BONUS:VAR|Warpriest_CF_Aura|1|TYPE=Boolean|PREFACT:1,ABILITIES,Warpriest_CF_Aura=True
CATEGORY=Class|Warpriest.MOD	BONUS:VAR|Warpriest_CF_Blessings|1|TYPE=Boolean|PREFACT:1,ABILITIES,Warpriest_CF_Blessings=True
CATEGORY=Class|Warpriest.MOD	BONUS:VAR|Warpriest_CF_FocusWeapon|1|TYPE=Boolean|PREFACT:1,ABILITIES,Warpriest_CF_FocusWeapon=True
CATEGORY=Class|Warpriest.MOD	BONUS:VAR|Warpriest_CF_Orisons|1|TYPE=Boolean|PREFACT:1,ABILITIES,Warpriest_CF_Orisons=True
CATEGORY=Class|Warpriest.MOD	BONUS:VAR|Warpriest_CF_SacredWeapon|1|TYPE=Boolean|PREFACT:1,ABILITIES,Warpriest_CF_SacredWeapon=True
CATEGORY=Class|Warpriest.MOD	BONUS:VAR|Warpriest_CF_SpontaneousCasting|1|TYPE=Boolean|PREFACT:1,ABILITIES,Warpriest_CF_SpontaneousCasting=True
CATEGORY=Class|Warpriest.MOD	BONUS:VAR|Warpriest_CF_BonusLanguages|1|TYPE=Boolean|PREFACT:1,ABILITIES,Warpriest_CF_BonusLanguages=True
CATEGORY=Class|Warpriest.MOD	BONUS:VAR|Warpriest_CF_Fervor|1|TYPE=Boolean|PREFACT:1,ABILITIES,Warpriest_CF_Fervor=True
CATEGORY=Class|Warpriest.MOD	BONUS:VAR|Warpriest_CF_BonusFeats|1|TYPE=Boolean|PREFACT:1,ABILITIES,Warpriest_CF_BonusFeats=True
CATEGORY=Class|Warpriest.MOD	BONUS:VAR|Warpriest_CF_ChannelEnergy|1|TYPE=Boolean|PREFACT:1,ABILITIES,Warpriest_CF_ChannelEnergy=True
CATEGORY=Class|Warpriest.MOD	BONUS:VAR|Warpriest_CF_SacredArmor|1|TYPE=Boolean|PREFACT:1,ABILITIES,Warpriest_CF_SacredArmor=True
CATEGORY=Class|Warpriest.MOD	BONUS:VAR|Warpriest_CF_AspectOfWar|1|TYPE=Boolean|PREFACT:1,ABILITIES,Warpriest_CF_AspectOfWar=True

CATEGORY=Class|Warpriest.MOD	BONUS:VAR|Warpriest_CF_BonusFeat3|1|TYPE=Boolean|PREFACT:1,ABILITIES,Warpriest_CF_BonusFeat3=True
CATEGORY=Class|Warpriest.MOD	BONUS:VAR|Warpriest_CF_BonusFeat6|1|TYPE=Boolean|PREFACT:1,ABILITIES,Warpriest_CF_BonusFeat6=True
CATEGORY=Class|Warpriest.MOD	BONUS:VAR|Warpriest_CF_BonusFeat9|1|TYPE=Boolean|PREFACT:1,ABILITIES,Warpriest_CF_BonusFeat9=True
CATEGORY=Class|Warpriest.MOD	BONUS:VAR|Warpriest_CF_BonusFeat12|1|TYPE=Boolean|PREFACT:1,ABILITIES,Warpriest_CF_BonusFeat12=True
CATEGORY=Class|Warpriest.MOD	BONUS:VAR|Warpriest_CF_BonusFeat15|1|TYPE=Boolean|PREFACT:1,ABILITIES,Warpriest_CF_BonusFeat15=True
CATEGORY=Class|Warpriest.MOD	BONUS:VAR|Warpriest_CF_BonusFeat18|1|TYPE=Boolean|PREFACT:1,ABILITIES,Warpriest_CF_BonusFeat18=True
















CATEGORY=Class|Warpriest.MOD	BONUS:VAR|Warpriest_CF_ArmorProficiencies|1|TYPE=Boolean|PREABILITY:1,CATEGORY=Archetype,TYPE.WarpriestArmorProficiencies
CATEGORY=Class|Warpriest.MOD	BONUS:VAR|Warpriest_CF_WeaponProficiencies|1|TYPE=Boolean|PREABILITY:1,CATEGORY=Archetype,TYPE.WarpriestWeaponProficiencies
CATEGORY=Class|Warpriest.MOD	BONUS:VAR|Warpriest_CF_LightArmorProficiency|1|TYPE=Boolean|PREABILITY:1,CATEGORY=Archetype,TYPE.WarpriestLightArmorProficiency
CATEGORY=Class|Warpriest.MOD	BONUS:VAR|Warpriest_CF_MediumArmorProficiency|1|TYPE=Boolean|PREABILITY:1,CATEGORY=Archetype,TYPE.WarpriestMediumArmorProficiency
CATEGORY=Class|Warpriest.MOD	BONUS:VAR|Warpriest_CF_HeavyArmorProficiency|1|TYPE=Boolean|PREABILITY:1,CATEGORY=Archetype,TYPE.WarpriestHeavyArmorProficiency
CATEGORY=Class|Warpriest.MOD	BONUS:VAR|Warpriest_CF_ShieldProficiencies|1|TYPE=Boolean|PREABILITY:1,CATEGORY=Archetype,TYPE.WarpriestShieldProficiencies
CATEGORY=Class|Warpriest.MOD	BONUS:VAR|Warpriest_CF_Aura|1|TYPE=Boolean|PREABILITY:1,CATEGORY=Archetype,TYPE.WarpriestAura
CATEGORY=Class|Warpriest.MOD	BONUS:VAR|Warpriest_CF_Blessings|1|TYPE=Boolean|PREABILITY:1,CATEGORY=Archetype,TYPE.WarpriestBlessings
CATEGORY=Class|Warpriest.MOD	BONUS:VAR|Warpriest_CF_FocusWeapon|1|TYPE=Boolean|PREABILITY:1,CATEGORY=Archetype,TYPE.WarpriestFocusWeapon
CATEGORY=Class|Warpriest.MOD	BONUS:VAR|Warpriest_CF_Orisons|1|TYPE=Boolean|PREABILITY:1,CATEGORY=Archetype,TYPE.WarpriestOrisons
CATEGORY=Class|Warpriest.MOD	BONUS:VAR|Warpriest_CF_SacredWeapon|1|TYPE=Boolean|PREABILITY:1,CATEGORY=Archetype,TYPE.WarpriestSacredWeapon
CATEGORY=Class|Warpriest.MOD	BONUS:VAR|Warpriest_CF_SpontaneousCasting|1|TYPE=Boolean|PREABILITY:1,CATEGORY=Archetype,TYPE.WarpriestSpontaneousCasting
CATEGORY=Class|Warpriest.MOD	BONUS:VAR|Warpriest_CF_BonusLanguages|1|TYPE=Boolean|PREABILITY:1,CATEGORY=Archetype,TYPE.WarpriestBonusLanguages
CATEGORY=Class|Warpriest.MOD	BONUS:VAR|Warpriest_CF_Fervor|1|TYPE=Boolean|PREABILITY:1,CATEGORY=Archetype,TYPE.WarpriestFervor
CATEGORY=Class|Warpriest.MOD	BONUS:VAR|Warpriest_CF_BonusFeats|1|TYPE=Boolean|PREABILITY:1,CATEGORY=Archetype,TYPE.WarpriestBonusFeats
CATEGORY=Class|Warpriest.MOD	BONUS:VAR|Warpriest_CF_ChannelEnergy|1|TYPE=Boolean|PREABILITY:1,CATEGORY=Archetype,TYPE.WarpriestChannelEnergy
CATEGORY=Class|Warpriest.MOD	BONUS:VAR|Warpriest_CF_SacredArmor|1|TYPE=Boolean|PREABILITY:1,CATEGORY=Archetype,TYPE.WarpriestSacredArmor
CATEGORY=Class|Warpriest.MOD	BONUS:VAR|Warpriest_CF_AspectOfWar|1|TYPE=Boolean|PREABILITY:1,CATEGORY=Archetype,TYPE.WarpriestAspectOfWar
