# CVS $Revision$ $Author$ -- Sun Aug 10 23:59:36 2008 -- reformated by prettylst.pl v1.38 (build 7233)
SOURCELONG:Curse of the Crimson Throne - Chapter 4: A History of Ashes	SOURCESHORT:PF10	SOURCEWEB:http://paizo.com/pathfinder/v5748btpy82u9	SOURCEDATE:2008-7
# Original Entry by: Paul Grosse

####Block: Simple Weapons
# Equipment Name		Output Name				Required Proficiency				Type									Alternative Type	Cost		Weight	Slot Needed	Critical Hit Multiplier	Critical Hit Range	Alternative Critical	Alternative Critical Range	Damage	Alternative Damage	Modifier		Alternative Modifier	Wield Category	Range		Reach		Reach Multiplier	Size		BONUS:EQM	Weapon prop. bonus	Special Property
#------light---------
#-----one handed -------
#-----two handed -------

####Block: Martial Weapons
# Equipment Name		Output Name				Required Proficiency				Type									Alternative Type	Cost		Weight	Slot Needed	Critical Hit Multiplier	Critical Hit Range	Alternative Critical	Alternative Critical Range	Damage	Alternative Damage	Modifier		Alternative Modifier	Wield Category	Range		Reach		Reach Multiplier	Size		BONUS:EQM	Weapon prop. bonus	Special Property
#------light---------
#-----one handed -------
#-----two handed -------

####Block: Exotic Weapons
# Equipment Name		Output Name				Required Proficiency				Type									Alternative Type	Cost		Weight	Slot Needed	Critical Hit Multiplier	Critical Hit Range	Alternative Critical	Alternative Critical Range	Damage	Alternative Damage	Modifier		Alternative Modifier	Wield Category	Range		Reach		Reach Multiplier	Size		BONUS:EQM	Weapon prop. bonus	Special Property
#------light---------
#-----one handed -------
#-----two handed -------
# Equipment Name	Required Proficiency			Type											Cost		Weight	Slot Needed	Critical Hit Multiplier	Critical Hit Range	Damage	Modifier	Wield Category	Range		Size		Source Page		Bonus to skill
Totem Spear		PROFICIENCY:WEAPON|Totem Spear	TYPE:Weapon.Melee.TwoHanded.Exotic.Reach.Standard.Piercing.Spear	COST:25	WT:6		SLOTS:2	CRITMULT:x3			CRITRANGE:1			DAMAGE:1d10	EQMOD:STEEL	WIELD:TwoHanded	RANGE:10	SIZE:M	SOURCEPAGE:p.35	BONUS:SKILL|Jump,Tumble|2|TYPE=Circumstance

#
# Eof
#
