# CVS $Revision$ $Author$ -- Wed Feb 11 23:16:39 2009 -- reformated by prettylst.pl v1.39 (build 9329)
SOURCELONG:Battlefield Press - Cityscape	SOURCESHORT:Cityscape	SOURCEWEB:http://battlefieldpress.com	SOURCEDATE:2002-11
# Original Entry by: bD_92 and Tir Gwaith

# Firearms
# Equipment Name	Type											Cost		Weight	Critical Hit Multiplier	Critical Hit Range	Damage		Range		Size		Source Page		Special Property
Beretta 92F		TYPE:Weapon.Ranged.Standard.Firearm.Personal				COST:350	WT:3		CRITMULT:x2			CRITRANGE:1			DAMAGE:2d6		RANGE:40	SIZE:S	SOURCEPAGE:p.	SPROP:Holds 15 Shots
M1911 .45		TYPE:Weapon.Ranged.Standard.Firearm.Personal				COST:400	WT:2.5	CRITMULT:x2			CRITRANGE:1			DAMAGE:2d6		RANGE:30	SIZE:S	SOURCEPAGE:p.	SPROP:Holds 7 Shots
IMI Eagle		TYPE:Weapon.Ranged.Standard.Firearm.Personal				COST:1000	WT:4.5	CRITMULT:x2			CRITRANGE:1			DAMAGE:1d12		RANGE:50	SIZE:S	SOURCEPAGE:p.	SPROP:Holds 9 Shots
Luger 9mm		TYPE:Weapon.Ranged.Standard.Firearm.Personal				COST:27	WT:2		CRITMULT:x2			CRITRANGE:1			DAMAGE:1d8		RANGE:30	SIZE:S	SOURCEPAGE:p.	SPROP:Holds 8 Shots

Colt Army		TYPE:Weapon.Ranged.Standard.Firearm.Personal				COST:250	WT:2.5	CRITMULT:x2			CRITRANGE:1			DAMAGE:1d10+1	RANGE:35	SIZE:S	SOURCEPAGE:p.	SPROP:Holds 6 Shots
Colt Navy		TYPE:Weapon.Ranged.Standard.Firearm.Personal				COST:275	WT:2.5	CRITMULT:x2			CRITRANGE:1			DAMAGE:1d10+1	RANGE:35	SIZE:S	SOURCEPAGE:p.	SPROP:Holds 6 Shots
Colt Dragoon	TYPE:Weapon.Ranged.Standard.Firearm.Personal				COST:400	WT:4		CRITMULT:x2			CRITRANGE:1			DAMAGE:1d12+1	RANGE:50	SIZE:S	SOURCEPAGE:p.	SPROP:Holds 6 Shots
Colt Python		TYPE:Weapon.Ranged.Standard.Firearm.Personal				COST:250	WT:3		CRITMULT:x2			CRITRANGE:1			DAMAGE:2d6+1	RANGE:40	SIZE:S	SOURCEPAGE:p.	SPROP:Holds 6 Shots
Derringer		TYPE:Weapon.Ranged.Standard.Firearm.Personal				COST:150	WT:1		CRITMULT:x2			CRITRANGE:1			DAMAGE:2d6		RANGE:10	SIZE:S	SOURCEPAGE:p.	SPROP:Holds 1 Shot

Thompson .45	TYPE:Weapon.Ranged.Standard.Firearm.Personal				COST:180	WT:12		CRITMULT:x2			CRITRANGE:1			DAMAGE:1d12+2	RANGE:100	SIZE:S	SOURCEPAGE:p.	SPROP:Holds 20 Shots
IMI Uzi		TYPE:Weapon.Ranged.Standard.Firearm.Personal				COST:200	WT:9.5	CRITMULT:x2			CRITRANGE:1			DAMAGE:1d10		RANGE:30	SIZE:S	SOURCEPAGE:p.	SPROP:Holds 25 Shots

M16			TYPE:Weapon.Ranged.Standard.Firearm.Advanced				COST:600	WT:8		CRITMULT:x2			CRITRANGE:1			DAMAGE:2d8+2	RANGE:100	SIZE:M	SOURCEPAGE:p.	SPROP:Holds 20 Shots
AK 47			TYPE:Weapon.Ranged.Standard.Firearm.Advanced				COST:390	WT:10.5	CRITMULT:x2			CRITRANGE:1			DAMAGE:2d8+2	RANGE:100	SIZE:M	SOURCEPAGE:p.	SPROP:Holds 20 Shots

M72A3LAW		TYPE:Weapon.Ranged.Standard.Heavy						COST:300	WT:5		CRITMULT:-			CRITRANGE:1			DAMAGE:10d6		RANGE:20	SIZE:L	SOURCEPAGE:p.	SPROP:Holds 1 Shot

# Futuristic
Antimatter Pistol	TYPE:Weapon.Ranged.Standard.Firearm.Futuristic				COST:1500	WT:8		CRITMULT:x3			CRITRANGE:1			DAMAGE:4d10		RANGE:5	SIZE:S	SOURCEPAGE:p.	SPROP:Holds 10 Shots
Antimatter Rifle	TYPE:Weapon.Ranged.Standard.Firearm.Futuristic				COST:2500	WT:10		CRITMULT:x3			CRITRANGE:1			DAMAGE:6d10		RANGE:10	SIZE:M	SOURCEPAGE:p.	SPROP:Holds 5 Shots
Blaster Pistol	TYPE:Weapon.Ranged.Standard.Firearm.Futuristic				COST:700	WT:2		CRITMULT:x3			CRITRANGE:2			DAMAGE:3d6		RANGE:30	SIZE:S	SOURCEPAGE:p.	SPROP:Holds 30 Shots
Blaster Rifle	TYPE:Weapon.Ranged.Standard.Firearm.Futuristic				COST:1000	WT:10		CRITMULT:x3			CRITRANGE:2			DAMAGE:3d8		RANGE:30	SIZE:M	SOURCEPAGE:p.	SPROP:Holds 30 Shots
Laser Pistol	TYPE:Weapon.Ranged.Standard.Firearm.Futuristic				COST:600	WT:2		CRITMULT:x3			CRITRANGE:1			DAMAGE:2d10		RANGE:50	SIZE:S	SOURCEPAGE:p.	SPROP:Holds 50 Shots
Laser Rifle		TYPE:Weapon.Ranged.Standard.Firearm.Futuristic				COST:900	WT:7		CRITMULT:x3			CRITRANGE:1			DAMAGE:3d10		RANGE:50	SIZE:M	SOURCEPAGE:p.	SPROP:Holds 50 Shots

#SMALL
Bola			TYPE:Weapon.Exotic.Ranged.Tangling.Standard				COST:35	WT:5		CRITMULT:x2			CRITRANGE:1			DAMAGE:0		RANGE:10
Boomerang		TYPE:Weapon.Exotic.Ranged.Bludgeoning.Thrown.Standard.Wooden	COST:0	WT:1		CRITMULT:x2			CRITRANGE:1			DAMAGE:1		RANGE:10

#Martial Ranged
Speargun		TYPE:Weapon.Martial.Ranged.Standard.Piercing				COST:500	WT:5		CRITMULT:x3			CRITRANGE:1			DAMAGE:1d6		RANGE:10
