# CVS $Revision: 11672 $ $Author: eddyanthony $ -- Fri Sep 17 15:19:14 2010 -- reformated by prettylst.pl v1.39 (build 11455)
SOURCELONG:Sargava, the Lost Colony	SOURCESHORT:StLC	SOURCEWEB:http://paizo.com/pathfinder/pathfinderCompanion/pathfinderRPG/v5748btpy8ey2	SOURCEDATE:2010-07
# Original Entry by: Stefan Radermacher

###Block: Special Substances and Items
# Equipment Name		Type							Cost		Weight	Source Page
Kaava Musk (Flask)	TYPE:Goods.Alchemical.Flask.Consumable	COST:40	WT:0.5	SOURCEPAGE:p.24	NAMEISPI:YES

###Block: Shields
# Equipment Name					Output Name					Required Shield Proficiency		Type						Cost		Weight	Modifier											Source Page		Combat bonus					Special Property
Mwangi Spirit Shield (Bull's Strength)	OUTPUTNAME:Mwangi Spirit Shield	PROFICIENCY:SHIELD|Shield (Light)	TYPE:Shield.Light.Specific.Nonmetal	COST:3	WT:5		EQMOD:WOOD.PLUS1S.GHOST.MAGIC_COST|15240.USES_PER_DAY_1|CHARGES[1]	SOURCEPAGE:p.29	BONUS:COMBAT|AC|1|TYPE=Shield.REPLACE	SPROP:Can grant its bearer Bull's Strength for 1 minute once per day.	NAMEISPI:YES
Mwangi Spirit Shield (Cat's Grace)		OUTPUTNAME:Mwangi Spirit Shield	PROFICIENCY:SHIELD|Shield (Light)	TYPE:Shield.Light.Specific.Nonmetal	COST:3	WT:5		EQMOD:WOOD.PLUS1S.GHOST.MAGIC_COST|15240.USES_PER_DAY_1|CHARGES[1]	SOURCEPAGE:p.29	BONUS:COMBAT|AC|1|TYPE=Shield.REPLACE	SPROP:Can grant its bearer Cat's Grace for 1 minute once per day.	NAMEISPI:YES
Mwangi Spirit Shield (Bear's Endurance)	OUTPUTNAME:Mwangi Spirit Shield	PROFICIENCY:SHIELD|Shield (Light)	TYPE:Shield.Light.Specific.Nonmetal	COST:3	WT:5		EQMOD:WOOD.PLUS1S.GHOST.MAGIC_COST|15240.USES_PER_DAY_1|CHARGES[1]	SOURCEPAGE:p.29	BONUS:COMBAT|AC|1|TYPE=Shield.REPLACE	SPROP:Can grant its bearer Bear's Endurance for 1 minute once per day.	NAMEISPI:YES

###Block: Weapons
# Equipment Name		Required Weapon Proficiency		Type											Cost		Weight	Critical Hit Multiplier	Critical Hit Range	Damage	Modifier										Wield Category	Size		Source Page		Special Property
Machete of Clearing	PROFICIENCY:WEAPON|Sword (Short)	TYPE:Weapon.Melee.Light.Finesseable.Martial.Specific.Piercing	COST:10	WT:2		CRITMULT:x2			CRITRANGE:2			DAMAGE:1d6	EQMOD:STEEL.PLUS1W.MAGIC_COST|3240.USES_PER_DAY_1|CHARGES[1]	WIELD:Light		SIZE:M	SOURCEPAGE:p.29	SPROP:Once per day, cast Defoliate to clear vegetation.

###Block: Staves
# Equipment Name		Type			Cost		Weight	Modifier					Source Page		Special Property
Staff of Spirit-Talking	TYPE:Magic.Staff	COST:39050	WT:5		EQMOD:CHARGED_STAFF|CHARGES[10]	SOURCEPAGE:p.29	SPROP:Speak with Animals (1 charge), Speak with Plants (1 charge), Command Plants (1 charge), Commune with Nature (2 charges), Stone Tell (2 Charges)

###Block: Wondrous Items
# Equipment Name		Type					Cost		Weight	Modifier					Source Page		Special Property
Cloak of the Jungle	TYPE:Magic.Wondrous.Cloak	COST:2400	WT:1		EQMOD:USES_PER_DAY_1|CHARGES[1]	SOURCEPAGE:p.28	SPROP:Once per day, assume the form of a Large tree or shrub, as Tree Shape, for up to 1 hour.
Expedition Pavilion	TYPE:Magic.Wondrous		COST:6400	WT:10								SOURCEPAGE:p.28
Jungle Boots		TYPE:Magic.Wondrous.Boots	COST:6000	WT:1								SOURCEPAGE:p.29	SPROP:Move through normal undergrowth without hindrance.

#
# End
#
