# CVS $Revision$ $Author$ -- Wed Feb  3 13:47:16 2016 -- reformated by PCGen PrettyLST v6.06.00
#
# Spycraft PCGen dataset by Eddy Anthony
#

SOURCELONG:AEG Spycraft	SOURCESHORT:Spycraft	SOURCEWEB:http://www.crafty-games.com/product_catalog/spycraftfirsted	SOURCEDATE:2003-01

###Block: Basic Combat Feats

# Feat Name							Output Name						Type			Required Feat									Req. nb of Hands	Required Lvl	Required Stat		PRETOTALAB		Description																									Stackable?	Multiple?	Choose								Auto Armor Prof				Auto Weapon Prof				Combat bonus						Bonus to HP			Add to base move			Save bonus					Weapon prof. bonus			Source Page
# Ability Name						Output Name						Category of Ability	Type			Required Ability												Req. nb of Hands	Required Lvl	Required Stat		PRETOTALAB		Description																									Stackable?	Multiple?	Choose								Auto Armor Prof				Auto Weapon Prof				Combat bonus						Bonus to HP			Add to base move			Save bonus					Weapon prof. bonus			Source Page
Ambidexterity													CATEGORY:FEAT		TYPE:BasicCombat															PREHANDSEQ:2				PRESTAT:1,DEX=15					DESC:You ignore all penalties for using an off hand. The character is neither left-handed nor right-handed.																																		BONUS:COMBAT|TOHIT-SECONDARY|4																								SOURCEPAGE:p.68
Armor Proficiency (Heavy)											CATEGORY:FEAT		TYPE:BasicCombat	PREABILITY:2,CATEGORY=FEAT,Armor Proficiency (Medium),Armor Proficiency (Light)														DESC:You are proficient with heavy armor.																																	AUTO:ARMORPROF|ARMORTYPE=Heavy																																				SOURCEPAGE:p.68
Armor Proficiency (Light)											CATEGORY:FEAT		TYPE:BasicCombat																												DESC:You are proficient with light armor.																																	AUTO:ARMORPROF|ARMORTYPE=Light																																				SOURCEPAGE:p.68
Armor Proficiency (Medium)											CATEGORY:FEAT		TYPE:BasicCombat	PREABILITY:1,CATEGORY=FEAT,Armor Proficiency (Light)																			DESC:You are proficient with medium armor.																																AUTO:ARMORPROF|ARMORTYPE=Medium																																				SOURCEPAGE:p.68
Career Operative													CATEGORY:FEAT		TYPE:BasicCombat																		PRELEVEL:MIN=6								DESC:Your experience as a super spy make you very hard to kill.																																																										BONUS:SAVE|Fortitude,Reflex,Will|1							SOURCEPAGE:p.69
Combat Instincts													CATEGORY:FEAT		TYPE:BasicCombat																												DESC:You react instinctively when an opportunity presents itself in melee combat.																																																																			SOURCEPAGE:p.69
Confident Charge													CATEGORY:FEAT		TYPE:BasicCombat																					PRESTAT:2,DEX=13,WIS=13				DESC:You can charge around corners.																																																																											SOURCEPAGE:p.69
Endurance														CATEGORY:FEAT		TYPE:BasicCombat																												DESC:You have incredible stamina.																																																																											SOURCEPAGE:p.69
Expertise														CATEGORY:FEAT		TYPE:BasicCombat																					PRESTAT:1,INT=13					DESC:When you use the attack action in melee, you can take a penalty of as much as -5 on your attack and add the same number (up to +5) to your Defense.																																																							SOURCEPAGE:p.69
Great Fortitude													CATEGORY:FEAT		TYPE:BasicCombat																												DESC:You are much tougher than usual.																																																														BONUS:SAVE|Fortitude|2									SOURCEPAGE:p.69
Improved Disarm													CATEGORY:FEAT		TYPE:BasicCombat	PREABILITY:1,CATEGORY=FEAT,Expertise														PRESTAT:1,INT=13					DESC:You do not suffer an attack of opportunity when the character attempts to disarm an opponent, nor does the opponent have a chance to disarm.																																																								SOURCEPAGE:p.69
Improved Initiative												CATEGORY:FEAT		TYPE:BasicCombat																												DESC:You react faster than normal during a fight.																																											BONUS:COMBAT|INITIATIVE|4																									SOURCEPAGE:p.69
Improved Two Weapon Fighting				OUTPUTNAME:Improved Two-Weapon Fighting	CATEGORY:FEAT		TYPE:BasicCombat	PREABILITY:2,CATEGORY=FEAT,Two Weapon Fighting,Ambidexterity														PRETOTALAB:9	DESC:You are an expert at fighting while using two weapons																																										BONUS:COMBAT|SECONDARYATTACKS|1																								SOURCEPAGE:p.69
Increased Speed													CATEGORY:FEAT		TYPE:BasicCombat	PREABILITY:1,CATEGORY=FEAT,Run																						DESC:You move significantly faster than normal.																																																								BONUS:MOVEADD|TYPE.Walk|10													SOURCEPAGE:p.69
Iron Will														CATEGORY:FEAT		TYPE:BasicCombat																												DESC:You have extremely strong willpower.																																																														BONUS:SAVE|Will|2										SOURCEPAGE:p.69
Lightning Reflexes												CATEGORY:FEAT		TYPE:BasicCombat																												DESC:You have faster than normal reflexes.																																																													BONUS:SAVE|Reflex|2									SOURCEPAGE:p.69
Mobility														CATEGORY:FEAT		TYPE:BasicCombat																					PRESTAT:1,DEX=13					DESC:You may move away from adjacent opponents in the middle of combat, you may move up to twice your speed when taking the total defense action.																																																								SOURCEPAGE:p.70
Quick Draw														CATEGORY:FEAT		TYPE:BasicCombat																					PRESTAT:1,DEX=13		PRETOTALAB:1	DESC:You may draw a weapon you have equipped as a free action rather than a half action.																																																																		SOURCEPAGE:p.70
Quick Healer													CATEGORY:FEAT		TYPE:BasicCombat																					PRESTAT:1,CON=13					DESC:You heal faster than normal.																																																																											SOURCEPAGE:p.70
Run															CATEGORY:FEAT		TYPE:BasicCombat																												DESC:You are able to move five times your speed when running.																																																																						SOURCEPAGE:p.70
Sidestep														CATEGORY:FEAT		TYPE:BasicCombat																					PRESTAT:1,DEX=13					DESC:You are good at evading attacks.																																																																										SOURCEPAGE:p.70
Surge of Speed													CATEGORY:FEAT		TYPE:BasicCombat																												DESC:You may preform an additional action each round.																																																																								SOURCEPAGE:p.71
Toughness VP													CATEGORY:FEAT		TYPE:BasicCombat																												DESC:You are tougher than normal																					STACK:YES	MULT:YES	CHOOSE:NOCHOICE																											BONUS:HP|CURRENTMAX|4																		SOURCEPAGE:p.71
Toughness WP													CATEGORY:FEAT		TYPE:BasicCombat																												DESC:You are tougher than normal																					STACK:YES	MULT:YES	CHOOSE:NOCHOICE																											BONUS:HP|ALTHP|2																			SOURCEPAGE:p.71
Two Weapon Fighting					OUTPUTNAME:Two-Weapon Fighting		CATEGORY:FEAT		TYPE:BasicCombat															PREHANDSEQ:2											DESC:You are able to fight with a weapon in each hand, making one extra attack each round for the off-hand weapon.																																BONUS:COMBAT|TOHIT-PRIMARY,TOHIT-SECONDARY|2																						SOURCEPAGE:p.71
Weapon Group Proficiency (Hurled)										CATEGORY:FEAT		TYPE:BasicCombat																												DESC:You are proficient with hurled weapons.																																						AUTO:WEAPONPROF|TYPE=Hurled																															SOURCEPAGE:p.71
Weapon Group Proficiency (Handgun)										CATEGORY:FEAT		TYPE:BasicCombat																												DESC:You are proficient with handguns.																																							AUTO:WEAPONPROF|TYPE=Handgun																															SOURCEPAGE:p.71
Weapon Group Proficiency (Melee)										CATEGORY:FEAT		TYPE:BasicCombat																												DESC:You are proficient with melee weapons.																																						AUTO:WEAPONPROF|TYPE=Melee																															SOURCEPAGE:p.71
Weapon Group Proficiency (Rifle)										CATEGORY:FEAT		TYPE:BasicCombat																												DESC:You are proficient with rifles.																																							AUTO:WEAPONPROF|TYPE=Rifle																															SOURCEPAGE:p.71
Weapon Group Proficiency (Tactical)										CATEGORY:FEAT		TYPE:BasicCombat																												DESC:You are proficient with tactical weapons.																																						AUTO:WEAPONPROF|TYPE=Tactical																															SOURCEPAGE:p.71
Weapon Group Proficiency (Exotic/Archaic)									CATEGORY:FEAT		TYPE:BasicCombat																												DESC:You are proficient with Archaic weapons.																																						AUTO:WEAPONPROF|TYPE=Archaic																															SOURCEPAGE:p.71
Weapon Group Proficiency (Exotic/Martial Arts)								CATEGORY:FEAT		TYPE:BasicCombat																												DESC:You are proficient with Martial Arts weapons.																																					AUTO:WEAPONPROF|TYPE=Martial Arts																														SOURCEPAGE:p.71
Weapon Focus													CATEGORY:FEAT		TYPE:BasicCombat																									PRETOTALAB:1	DESC:You are highly proficient with this weapon.																				MULT:YES	CHOOSE:WEAPONPROFICIENCY|Grapple|PC|Unarmed Strike																																				BONUS:WEAPONPROF=%LIST|TOHIT|1	SOURCEPAGE:p.71
Zen Focus														CATEGORY:FEAT		TYPE:BasicCombat																					PRESTAT:1,WIS=13					DESC:You can sense the approximate location of foes without being able to see them.																																																																			SOURCEPAGE:p.71
Zen Shot														CATEGORY:FEAT		TYPE:BasicCombat	PREABILITY:1,CATEGORY=FEAT,Zen Focus																		PRETOTALAB:4	DESC:You have the uncanny ability to precisely track your enemies when firing at them.																																																																		SOURCEPAGE:p.71
Zen Mastery														CATEGORY:FEAT		TYPE:BasicCombat	PREABILITY:1,CATEGORY=FEAT,Zen Shot																			PRETOTALAB:9	DESC:You may use your inner clarity to guide an attack more accurately to its target.																																																																		SOURCEPAGE:p.71

###Block: Melee Combat Feats

# Feat Name			Output Name			Type			Required Feat					Required Stat	PRETOTALAB		Description																					Multiple?	Choose										Weapon prof. bonus															Source Page
# Ability Name		Output Name			Category of Ability	Type			Required Ability							Required Stat	PRETOTALAB		Description																					Multiple?	Choose										Weapon prof. bonus															Source Page
Assassin							CATEGORY:FEAT		TYPE:MeleeCombat	PREABILITY:1,CATEGORY=FEAT,Darting Weapon						PRETOTALAB:6	DESC:You are trained to target your opponent's vital areas.																										BONUS:WEAPONPROF=TYPE.Melee|CRITRANGEADD|1											SOURCEPAGE:p.72
Blind Fight			OUTPUTNAME:Blind-Fight	CATEGORY:FEAT		TYPE:MeleeCombat																DESC:While in melee, you can sense the approximate location of foes without being able to see them.																																					SOURCEPAGE:p.72
Blindsight 5 ft. Radius					CATEGORY:FEAT		TYPE:MeleeCombat	PREABILITY:1,CATEGORY=FEAT,Blind Fight			PRESTAT:1,WIS=13	PRETOTALAB:4	DESC:You can sense nearby opponents even in total darkness.																																												SOURCEPAGE:p.72
Cleave							CATEGORY:FEAT		TYPE:MeleeCombat	PREABILITY:1,CATEGORY=FEAT,Power Attack									DESC:Your strength allows you to effectively follow through with a melee attack.																																								SOURCEPAGE:p.72
Cleaving Charge						CATEGORY:FEAT		TYPE:MeleeCombat	PREABILITY:1,CATEGORY=FEAT,Great Cleave			PRESTAT:1,STR=15	PRETOTALAB:6	DESC:You can wade through your opponents.																																															SOURCEPAGE:p.73
Darting Weapon						CATEGORY:FEAT		TYPE:MeleeCombat	PREABILITY:1,CATEGORY=FEAT,Expertise						PRETOTALAB:3	DESC:Your melee attacks are incredibly fast.																																														SOURCEPAGE:p.73
Double Blow							CATEGORY:FEAT		TYPE:MeleeCombat	PREABILITY:1,CATEGORY=FEAT,Snake Strike						PRETOTALAB:12	DESC:You attack quicker than most when using a melee weapon.																																											SOURCEPAGE:p.73
Flashing Weapon						CATEGORY:FEAT		TYPE:MeleeCombat																DESC:You are able to wield a melee weapon with increased speed, but decreased accuracy.																																							SOURCEPAGE:p.73
Great Cleave						CATEGORY:FEAT		TYPE:MeleeCombat																DESC:You are able to wield a melee weapon with great force, allowing you to strike multiple times when dropping opponents.																																	SOURCEPAGE:p.73
Improved Weapon Focus					CATEGORY:FEAT		TYPE:MeleeCombat	PREABILITY:1,CATEGORY=FEAT,Weapon Focus						PRETOTALAB:3	DESC:You have greatly improved your training with this weapon.												MULT:YES	CHOOSE:WEAPONPROFICIENCY|ABILITY=FEAT[Weapon Focus]			BONUS:WEAPONPROF=%LIST|DAMAGE|2|TYPE=NotRanged.STACK										SOURCEPAGE:p.73
Improvised Weapon						CATEGORY:FEAT		TYPE:MeleeCombat										PRESTAT:1,WIS=13				DESC:You are able to turn ordinary items in your vicinity into brutally efficient combat tools.																																						SOURCEPAGE:p.73
Master Assassin						CATEGORY:FEAT		TYPE:MeleeCombat	PREABILITY:1,CATEGORY=FEAT,Assassin							PRETOTALAB:12	DESC:You are expert at striking at your opponents weak spots with a weapon.																							BONUS:WEAPONPROF=TYPE.Melee|CRITRANGEADD|2											SOURCEPAGE:p.73
Master Duelist						CATEGORY:FEAT		TYPE:MeleeCombat	PREABILITY:1,CATEGORY=FEAT,Weapon Master						PRETOTALAB:12	DESC:You are an expert with this weapon.																MULT:YES	CHOOSE:WEAPONPROFICIENCY|ABILITY=FEAT[Weapon Master]			BONUS:WEAPONPROF=%LIST|TOHIT|1|TYPE=NotRanged.STACK	BONUS:WEAPONPROF=%LIST|DAMAGE|2|TYPE=NotRanged.STACK	SOURCEPAGE:p.73
Power Attack						CATEGORY:FEAT		TYPE:MeleeCombat										PRESTAT:1,STR=13				DESC:Your melee attacks are incredibly powerful.																																													SOURCEPAGE:p.74
Snake Strike						CATEGORY:FEAT		TYPE:MeleeCombat	PREABILITY:2,CATEGORY=FEAT,Flashing Weapon,Quick Draw				PRETOTALAB:6	DESC:You are so fast at drawing your weapon that you consistently take your opponents by surprise.																																					SOURCEPAGE:p.74
Swift Strike						CATEGORY:FEAT		TYPE:MeleeCombat	PREABILITY:2,CATEGORY=FEAT,Mobility,Sidestep					PRETOTALAB:6	DESC:You may move while making a melee attack.																																														SOURCEPAGE:p.74
Trail of Blood						CATEGORY:FEAT		TYPE:MeleeCombat	PREABILITY:1,CATEGORY=FEAT,Cleaving Charge					PRETOTALAB:12	DESC:You can mow down your enemies, leaving a swath of death behind you.																																									SOURCEPAGE:p.74
Ultimate Duelist						CATEGORY:FEAT		TYPE:MeleeCombat	PREABILITY:1,CATEGORY=FEAT,Master Duelist						PRETOTALAB:18	DESC:You have mastered this weapon.																	MULT:YES	CHOOSE:WEAPONPROFICIENCY|ABILITY=FEAT[Master Duelist]			BONUS:WEAPONPROF=%LIST|TOHIT|1|TYPE=NotRanged.STACK	BONUS:WEAPONPROF=%LIST|DAMAGE|4|TYPE=NotRanged.STACK	SOURCEPAGE:p.73
Weapon Finesse						CATEGORY:FEAT		TYPE:MeleeCombat													PRETOTALAB:1	DESC:By relying more on your dexterity than your strength, you have mastered one weapon.								MULT:YES	CHOOSE:WEAPONPROFICIENCY|EQUIPMENT[TYPE=Melee,WIELD=Light],PC	BONUS:WEAPONPROF=%LIST|TOHIT|(max(STR,DEX)+SHIELDACCHECK)-STR|TYPE=NotRanged						SOURCEPAGE:p.74
# CHOOSE:WEAPONPROFICIENCY|EQUIPMENT[TYPE=Finesseable]|EQUIPMENT[TYPE=Melee,WIELD=Light],PC|EQUIPMENT[TYPE=Natural]	BONUS:WEAPONPROF=%LIST|TOHIT|(max(STR,DEX)+SHIELDACCHECK)-STR|TYPE=NotRanged						SOURCEPAGE:p.74
Weapon Master						CATEGORY:FEAT		TYPE:MeleeCombat	PREABILITY:1,CATEGORY=FEAT,Improved Weapon Focus				PRETOTALAB:6	DESC:You have great mastery with this weapon.															MULT:YES	CHOOSE:WEAPONPROFICIENCY|ABILITY=FEAT[Improved Weapon Focus]	BONUS:WEAPONPROF=%LIST|TOHIT|1|TYPE=NotRanged.STACK	BONUS:WEAPONPROF=%LIST|DAMAGE|2|TYPE=NotRanged.STACK	SOURCEPAGE:p.74
Whirlwind Attack						CATEGORY:FEAT		TYPE:MeleeCombat	PREABILITY:2,CATEGORY=FEAT,Expertise,Swift Strike							DESC:You can enter a controlled state of frenzy, during which you can attack all opponents within your reach with one melee attack.																																SOURCEPAGE:p.75

###Block: Ranged Combat Feats

# Feat Name			Type			Required Feat							Required Stat	PRETOTALAB		Description																			Combat bonus							% bonus to range								Source Page		Temporary Bonus
# Ability Name		Category of Ability	Type			Required Ability										Required Stat	PRETOTALAB		Description																			Combat bonus							% bonus to range								Source Page		Temporary Bonus
Bullseye			CATEGORY:FEAT		TYPE:RangedCombat	PREABILITY:1,CATEGORY=FEAT,Precise Shot									PRETOTALAB:3	DESC:You can take flamboyant shots that are especially lethal.																													SOURCEPAGE:p.75
Controlled Burst		CATEGORY:FEAT		TYPE:RangedCombat	PREABILITY:1,CATEGORY=FEAT,Rapid Shot												DESC:You are skilled at firing controlled bursts, able to hit the right marks for maximum effect upon your targets.																				SOURCEPAGE:p.75
Controlled Strafe		CATEGORY:FEAT		TYPE:RangedCombat	PREABILITY:1,CATEGORY=FEAT,Controlled Burst								PRETOTALAB:6	DESC:You are skilled at making controlled strafe attacks.																														SOURCEPAGE:p.75
Coordinate Fire		CATEGORY:FEAT		TYPE:RangedCombat	PREABILITY:1,CATEGORY=FEAT,Lay Down Fire									PRETOTALAB:6	DESC:You are most effective when working in concert with your teammates.																											SOURCEPAGE:p.75
Diving Shot			CATEGORY:FEAT		TYPE:RangedCombat	PREABILITY:1,CATEGORY=FEAT,Shot on the Run								PRETOTALAB:6	DESC:You may take evasive actions while attacking.																															SOURCEPAGE:p.75
Extreme Range		CATEGORY:FEAT		TYPE:RangedCombat	PREABILITY:1,CATEGORY=FEAT,Far Shot										PRETOTALAB:3	DESC:You're so skilled with ranged weapons that your shots are effective over great distances.														BONUS:RANGEMULT|PROJECTILE|50	BONUS:RANGEMULT|THROWN|100	SOURCEPAGE:p.75
Far Shot			CATEGORY:FEAT		TYPE:RangedCombat																			DESC:You have practiced firing at increased range.																					BONUS:RANGEMULT|PROJECTILE|50	BONUS:RANGEMULT|THROWN|100	SOURCEPAGE:p.75
Hail of Bullets		CATEGORY:FEAT		TYPE:RangedCombat	PREABILITY:1,CATEGORY=FEAT,Controlled Strafe								PRETOTALAB:12	DESC:You can fire more than one burst per attack.																															SOURCEPAGE:p.75
Increased Precision	CATEGORY:FEAT		TYPE:RangedCombat	PREABILITY:1,CATEGORY=FEAT,Extreme Range									PRETOTALAB:6	DESC:You may make precision shots at range.																																SOURCEPAGE:p.76
Lay Down Fire		CATEGORY:FEAT		TYPE:RangedCombat	PREABILITY:1,CATEGORY=FEAT,Point Blank Shot								PRETOTALAB:3	DESC:You are extremely effective at laying down cover or suppressive fire.																											SOURCEPAGE:p.76
Lightning Draw		CATEGORY:FEAT		TYPE:RangedCombat	PREABILITY:2,CATEGORY=FEAT,Quick Draw,Snap Shot								PRETOTALAB:6	DESC:You often catch your opponents by surprise.																															SOURCEPAGE:p.76
Marksman			CATEGORY:FEAT		TYPE:RangedCombat	PREABILITY:1,CATEGORY=FEAT,Precise Shot									PRETOTALAB:3	DESC:When you have time to aim your shots,you can shoot a ranged weapon with deadly effectiveness.																							SOURCEPAGE:p.76
Master Sniper		CATEGORY:FEAT		TYPE:RangedCombat	PREABILITY:1,CATEGORY=FEAT,Sniper										PRETOTALAB:12	DESC:You are an expert at making killing shots with ranged weapons at long range.																										SOURCEPAGE:p.76
Point Blank Shot		CATEGORY:FEAT		TYPE:RangedCombat													PRESTAT:1,DEX=13				DESC:You have been trained to shoot accurately at close range.										BONUS:COMBAT|TOHIT-SHORTRANGE,DAMAGE-SHORTRANGE|1											SOURCEPAGE:p.76
Precise Shot		CATEGORY:FEAT		TYPE:RangedCombat	PREABILITY:1,CATEGORY=FEAT,Point Blank Shot											DESC:You are especially skilled at firing into melee combat or past intervening obstacles.																								SOURCEPAGE:p.76
Quick Reload		CATEGORY:FEAT		TYPE:RangedCombat	PREABILITY:1,CATEGORY=FEAT,Speed Trigger						PRESTAT:1,DEX=13	PRETOTALAB:3	DESC:You can reload a weapon with incredible speed.																															SOURCEPAGE:p.76
Rapid Shot			CATEGORY:FEAT		TYPE:RangedCombat	PREABILITY:1,CATEGORY=FEAT,Speed Trigger						PRESTAT:1,DEX=13	PRETOTALAB:3	DESC:You are able to fire ranged weapons at an increased rate, but you suffer a loss of accuracy.																							SOURCEPAGE:p.77	TEMPBONUS:EQ|Weapon,Ranged|WEAPON|TOHIT|-2	TEMPBONUS:EQ|Weapon,Ranged|WEAPON|ATTACKS|1
Sharp-Shooting		CATEGORY:FEAT		TYPE:RangedCombat	PREABILITY:1,CATEGORY=FEAT,Precise Shot									PRETOTALAB:3	DESC:You may fire ranged weapons accurately through cover.																														SOURCEPAGE:p.77
Shot on the Run		CATEGORY:FEAT		TYPE:RangedCombat	PREABILITY:3,CATEGORY=FEAT,Point Blank Shot,Sidestep,Mobility								DESC:You may move while making a ranged attack.																																SOURCEPAGE:p.77
Snap Shot			CATEGORY:FEAT		TYPE:RangedCombat	PREABILITY:1,CATEGORY=FEAT,Rapid Shot												DESC:You are able to get a shot off faster than most.																															SOURCEPAGE:p.77
Sniper			CATEGORY:FEAT		TYPE:RangedCombat	PREABILITY:3,CATEGORY=FEAT,Increased Precision,Marksman,Sharp-Shooting				PRETOTALAB:9	DESC:You have been trained to make killing shots with ranged weapons at long range.																										SOURCEPAGE:p.77
Speed Trigger		CATEGORY:FEAT		TYPE:RangedCombat																			DESC:You are skilled with extremely rapid gunfire, even with single-shot firearms.																										SOURCEPAGE:p.78

###Block: Unarmed Combat Feats

# Feat Name				Type				Required Feat														Required Stat	PRETOTALAB		Special ABility						Description																												Unarmed Damage					Weapon prof. bonus						Source Page
# Ability Name			Category of Ability	Type				Required Ability																	Required Stat	PRETOTALAB		Special ABility						Description																												Unarmed Damage						Weapon prof. bonus						Source Page
Blocking Basics			CATEGORY:FEAT		TYPE:UnarmedCombat																										SAB:Break Weapon	SAB:Shifting Throw		DESC:You have trained in the fundamentals of blocking and redirecting opponents' melee and unarmed attacks.																													SOURCEPAGE:p.78
Blocking Mastery			CATEGORY:FEAT		TYPE:UnarmedCombat	PREABILITY:2,CATEGORY=FEAT,Blocking Basics,Martial Arts													PRETOTALAB:3	SAB:Adrenaline Burst	SAB:Redirection		DESC:You are a flurry of movement few opponents can touch.																																					SOURCEPAGE:p.78
Chi Strike				CATEGORY:FEAT		TYPE:UnarmedCombat																				PRESTAT:1,WIS=13												DESC:Your unarmed attacks are incredibly powerful.																																						SOURCEPAGE:p.79
Dodging Basics			CATEGORY:FEAT		TYPE:UnarmedCombat																										SAB:Deflect Arrows	SAB:Flying Back Flip	DESC:You have trained in the fundamentals of avoiding attacks.																																				SOURCEPAGE:p.79
Dodging Mastery			CATEGORY:FEAT		TYPE:UnarmedCombat	PREABILITY:2,CATEGORY=FEAT,Dodging Basics,Martial Arts													PRETOTALAB:3	SAB:Dodge Bullets	SAB:Iron Man			DESC:You have mastered several styles of martial arts that emphasize avoidance.																																	SOURCEPAGE:p.79
Five Style Adept			CATEGORY:FEAT		TYPE:UnarmedCombat	PREABILITY:5,CATEGORY=FEAT,Martial Arts,Blocking Basics,Dodging Basics,Holding Basics,Throwing Basics						PRETOTALAB:6									DESC:You have blended four primary styles of the world into a new technique of your own creation.																														SOURCEPAGE:p.79
Holding Basics			CATEGORY:FEAT		TYPE:UnarmedCombat																										SAB:Joint Lock	SAB:One-handed Choke		DESC:You have trained in the fundamentals of holds and locks, making it both easier for you to grapple someone and harder for them to escape once you have been successful.																		SOURCEPAGE:p.79
Holding Mastery			CATEGORY:FEAT		TYPE:UnarmedCombat	PREABILITY:2,CATEGORY=FEAT,Holding Basics,Martial Arts													PRETOTALAB:3	SAB:Bone Grind	SAB:Nerve Lock			DESC:You have mastered several styles of martial arts that emphasizes holds and locks.																																SOURCEPAGE:p.79
Iron Fist				CATEGORY:FEAT		TYPE:UnarmedCombat	PREABILITY:2,CATEGORY=FEAT,Chi Strike,Martial Arts																									DESC:You have practiced a variety of breaking and smashing techniques, and can easily shatter items with your attacks.																											SOURCEPAGE:p.79
Kicking Basics			CATEGORY:FEAT		TYPE:UnarmedCombat																										SAB:Jump Kick	SAB:Roundhouse Kick		DESC:You have trained in the fundamentals of kicks.																																						SOURCEPAGE:p.80
Kicking Mastery			CATEGORY:FEAT		TYPE:UnarmedCombat	PREABILITY:2,CATEGORY=FEAT,Kicking Basics,Martial Arts													PRETOTALAB:3	SAB:Drop Kick	SAB:Flying Jump Kick		DESC:You have mastered several styles of martial arts that emphasize kicks, and can mesh them together as one fluid fighting style.																									SOURCEPAGE:p.80
Martial Arts			CATEGORY:FEAT		TYPE:UnarmedCombat																																		DESC:You have received focused training in unarmed combat and are able to deal greater damage or even critical hits when using unarmed attacks.						UDAM:1d1,1d2,1d3,1d4,1d6,1d8,2d6,3d6,4d6,4d6										SOURCEPAGE:p.80
Master of the Fifth Style	CATEGORY:FEAT		TYPE:UnarmedCombat	PREABILITY:5,CATEGORY=FEAT,Five Style Adept,Blocking Mastery,Dodging Mastery,Holding Mastery,Throwing Mastery				PRETOTALAB:12									DESC:Your personal style has gained international recognition																			UDAM:1d3,1d4,1d6,1d8,1d10,2d8,3d8,4d8,6d8,6d8	BONUS:WEAPONPROF=Unarmed Strike|CRITRANGEADD|2		SOURCEPAGE:p.80
Master of the Sixth Style	CATEGORY:FEAT		TYPE:UnarmedCombat	PREABILITY:1,CATEGORY=FEAT,Master of the Fifth Style														PRETOTALAB:18									DESC:People compete professionally with your personal martial arts style.																	UDAM:1d3,1d4,1d6,1d8,1d12,2d8,3d8,4d8,6d8,6d8	BONUS:WEAPONPROF=Unarmed Strike|CRITRANGEADD|1		SOURCEPAGE:p.80
Punching Basics			CATEGORY:FEAT		TYPE:UnarmedCombat																										SAB:Knuckle Punch	SAB:Palm Strike			DESC:You have trained in the fundamentals of punches and nerve touches.																										BONUS:WEAPONPROF=Unarmed Strike|DAMAGE|(STR*1.5)-STR	SOURCEPAGE:p.80
Punching Mastery			CATEGORY:FEAT		TYPE:UnarmedCombat	PREABILITY:2,CATEGORY=FEAT,Punching Basics,Martial Arts													PRETOTALAB:3	SAB:Flying Palm	SAB:Pain Touch			DESC:You have mastered several styles of martial arts that emphasize punches and nerve touches.																															SOURCEPAGE:p.81
Shattering Blow			CATEGORY:FEAT		TYPE:UnarmedCombat	PREABILITY:1,CATEGORY=FEAT,Iron Fist																PRETOTALAB:3									DESC:You have mastered a variety of breaking and shattering techniques, allowing you to destroy inanimate objects with alarming ease.							UDAM:1d2,1d3,1d4,1d6,1d8,2d6,3d6,4d6,6d6,6d6										SOURCEPAGE:p.81
Throwing Basics			CATEGORY:FEAT		TYPE:UnarmedCombat																										SAB:Flying Tackle	SAB:Foot Sweep			DESC:You have trained in the fundamentals of throws and sweeps.																																				SOURCEPAGE:p.81
Throwing Mastery			CATEGORY:FEAT		TYPE:UnarmedCombat	PREABILITY:2,CATEGORY=FEAT,Throwing Basics,Martial Arts													PRETOTALAB:3	SAB:Flying Throw	SAB:Take Down			DESC:You have mastered several styles of martial arts that emphasize throws and sweeps.																																SOURCEPAGE:p.81
Warrior's Grace			CATEGORY:FEAT		TYPE:UnarmedCombat	PREABILITY:1,CATEGORY=FEAT,Martial Arts																PRETOTALAB:3									DESC:You are able to deliver a rapid string of martial arts attacks at the price of accuracy																															SOURCEPAGE:p.81

###Block: Chase

# Feat Name			Type		Required Feat					Req. Special Ability	Required Skill				Required Stat	PRETOTALAB		Description																					Source Page
# Ability Name		Category of Ability	Type		Required Ability								Req. Special Ability	Required Skill				Required Stat	PRETOTALAB		Description																					Source Page
A Gun in the Other	CATEGORY:FEAT		TYPE:Chase	PREABILITY:2,CATEGORY=FEAT,Drive By,One Hand on the Wheel														PRETOTALAB:6	DESC:You are a master of kicking butt from the driver seat.													SOURCEPAGE:p.81
Baby It			CATEGORY:FEAT		TYPE:Chase																											DESC:You can coax a damaged vehicle to continue to perform.													SOURCEPAGE:p.81
Circus Stunt		CATEGORY:FEAT		TYPE:Chase	PREABILITY:1,CATEGORY=FEAT,Acrobatic				PRESA:1,Daredevil														DESC:You have more than little practice with leaping from one vehicle to another.									SOURCEPAGE:p.82
Defensive Driving		CATEGORY:FEAT		TYPE:Chase	PREABILITY:1,CATEGORY=FEAT,Speed Demon																				DESC:You are expert at eluding pursuit.																SOURCEPAGE:p.82
Demolition Derby		CATEGORY:FEAT		TYPE:Chase	PREABILITY:2,CATEGORY=FEAT,Hold Together Baby,Oversteer																	DESC:You are expert at using the crumple zones and structure of your vehicle to soak up damage without using losing performance.	SOURCEPAGE:p.82
Drive By			CATEGORY:FEAT		TYPE:Chase	PREABILITY:1,CATEGORY=FEAT,Ride Shotgun																	PRETOTALAB:3	DESC:You are expert at hitting targets as you race past them.												SOURCEPAGE:p.82
Extra Familiarity		CATEGORY:FEAT		TYPE:Chase											PRESA:1,Familiarity							PRESTAT:1,INT=13				DESC:You are well versed in the technical and performance details of a wide variety of vehicles.						SOURCEPAGE:p.82
Firm Hand			CATEGORY:FEAT		TYPE:Chase																					PRESTAT:1,DEX=13				DESC:You are good at maintaining control of a damaged vehicle.												SOURCEPAGE:p.83
Hold Together Baby	CATEGORY:FEAT		TYPE:Chase	PREABILITY:1,CATEGORY=FEAT,Baby It					PRESA:1,Familiarity													DESC:You can continue to limp a vehicle along that other drivers would consider wrecked.								SOURCEPAGE:p.83
In My Sights		CATEGORY:FEAT		TYPE:Chase	PREABILITY:1,CATEGORY=FEAT,Grease Monkey														PRESTAT:1,INT=13				DESC:You know where to shoot vehicles for maximum effect.													SOURCEPAGE:p.83
Instant Hotwire		CATEGORY:FEAT		TYPE:Chase															PRESKILL:2,Mechanics=2,Open Lock=2							DESC:You are a master at circumventing vehicle security.													SOURCEPAGE:p.83
Jackrabbit Start		CATEGORY:FEAT		TYPE:Chase	PREABILITY:1,CATEGORY=FEAT,Defensive Driving																			DESC:When it's time to start running, you're already long gone.												SOURCEPAGE:p.83
Lane Dancer			CATEGORY:FEAT		TYPE:Chase															PRESKILL:1,Driver=5									DESC:You are highly skilled at weaving in and out of traffic and other obstacles at high speed.							SOURCEPAGE:p.83
Lock It Down		CATEGORY:FEAT		TYPE:Chase											PRESA:1,Elbow Grease													DESC:You can patch a vehicle back together with duct tape and bubble gum... while it is moving.							SOURCEPAGE:p.83
Offensive Driving		CATEGORY:FEAT		TYPE:Chase	PREABILITY:1,CATEGORY=FEAT,Speed Demon																				DESC:You are expert at pursuit.																	SOURCEPAGE:p.84
One Hand on the Wheel	CATEGORY:FEAT		TYPE:Chase											PRESA:1,Daredevil														DESC:You can still manage a few small tasks while driving like a madman.										SOURCEPAGE:p.84
Oversteer			CATEGORY:FEAT		TYPE:Chase	PREABILITY:1,CATEGORY=FEAT,Firm Hand																				DESC:You are good at avoiding and mitigating crashes.														SOURCEPAGE:p.84
Relentless Pursuit	CATEGORY:FEAT		TYPE:Chase	PREABILITY:1,CATEGORY=FEAT,Offensive Driving																			DESC:Once you're on the trail, you never give up the hunt.													SOURCEPAGE:p.84
Ride Shotgun		CATEGORY:FEAT		TYPE:Chase																								PRETOTALAB:1	DESC:You are experienced with compensating for the bumps and turns of high-speed chases.								SOURCEPAGE:p.84
Test Lap			CATEGORY:FEAT		TYPE:Chase											PRESA:1,Familiarity							PRESTAT:1,WIS=13				DESC:You can break in a new vehicle in no time flat.														SOURCEPAGE:p.84
Wave Runner			CATEGORY:FEAT		TYPE:Chase															PRESKILL:1,Boating=5									DESC:You are completely undaunted by high seas, narrow channels, or even churning rapids.								SOURCEPAGE:p.84
Wind Rider			CATEGORY:FEAT		TYPE:Chase															PRESKILL:1,Pilot=5									DESC:You are adept at riding out turbulence and guessing which way to turn so as not to fight with sudden gusts.				SOURCEPAGE:p.84

###Block: Covert

# Feat Name			Type		Required Feat				Required Skill								Required Stat	Special ABility																Define									Description																										Modify VAR							Source Page
# Ability Name		Category of Ability	Type		Required Ability						Required Skill								Required Stat	Special ABility																Define									Description																										Modify VAR							Source Page
Break Fall			CATEGORY:FEAT		TYPE:Covert									PRESKILL:2,Climb=4,Tumble=4						PRESTAT:1,DEX=13																													DESC:You have learned how to cushion the impact of a fall.																										SOURCEPAGE:p.84
Hidden Run			CATEGORY:FEAT		TYPE:Covert	PREABILITY:1,CATEGORY=FEAT,Improved Equilibrium	PRESKILL:2,Hide=2,Move Silently=2																																				DESC:You are a fleeting shadow, nearly invisible even as you rush past your opponents.																					SOURCEPAGE:p.85
Improved Equilibrium	CATEGORY:FEAT		TYPE:Covert									PRESKILL:2,Balance=4,Climb=4						PRESTAT:1,DEX=13																													DESC:You are able to perform acrobatic maneuvers on high rooftops, sloping ledges, and other precarious surfaces with remarkable ease.													SOURCEPAGE:p.85
Jump Up			CATEGORY:FEAT		TYPE:Covert																			PRESTAT:1,DEX=13																													DESC:You are able to quickly jump back up after a fall.																										SOURCEPAGE:p.85
Moving Target		CATEGORY:FEAT		TYPE:Covert									PRESKILL:1,Tumble=8							PRESTAT:1,DEX=13																													DESC:By tumbling and springing in unexpected directions, you can make yourself difficult to hit.																			SOURCEPAGE:p.85
Nimble Fingers		CATEGORY:FEAT		TYPE:Covert									PRESKILL:3,Escape Artist=4,Open Lock=4,Sleight of Hand=4				SAB:Fast Slip %/session|FastSlip	SAB:Fast Pick %/session|FastPick	SAB:Fast Swipe %/session|FastSwipe	DEFINE:FastSlip|0	DEFINE:FastPick|0	DEFINE:FastSwipe|0	DESC:Your natural skills as a thief have been finely honed by years of experience and training.												BONUS:VAR|FastSlip,FastPick,FastSwipe|(TL/4)+1	SOURCEPAGE:p.85
Spider Walk			CATEGORY:FEAT		TYPE:Covert	PREABILITY:1,CATEGORY=FEAT,Improved Equilibrium	PRESKILL:2,Balance=8,Climb=8																																					DESC:You are so practiced at climbing, you have no trouble negotiating wet or slippery surfaces.																			SOURCEPAGE:p.86
Traceless			CATEGORY:FEAT		TYPE:Covert																			PRESTAT:1,INT=13																													DESC:You have developed the habit of removing signs of your passage: wiping fingerprints, smudging footprints, and wearing gloves have all become natural to you.									SOURCEPAGE:p.86

###Block: Gear Feats

# Feat Name				Type		Description																	Stackable?	Multiple?	Choose				Modify VAR				Source Page
# Ability Name			Category of Ability	Type		Description																	Stackable?	Multiple?	Choose				Modify VAR				Source Page
Extra Budget			CATEGORY:FEAT		TYPE:Gear	DESC:You have a friend in the equipment dispensary who can provide you with extra equipment.			STACK:NO	MULT:YES	CHOOSE:STRING|1st|2nd|3rd|4th	BONUS:VAR|BUDGETPOINTS|5	SOURCEPAGE:p.86
Extra R and D Support		CATEGORY:FEAT		TYPE:Gear	DESC:You have a friend in the Research &amp; Development department who can provide you with extra gadgets.	STACK:NO	MULT:YES	CHOOSE:STRING|1st|2nd|3rd|4th	BONUS:VAR|GADGETPOINTS|2	SOURCEPAGE:p.86
Signature Gear			CATEGORY:FEAT		TYPE:Gear	DESC:You carry a signature piece of gear.																										SOURCEPAGE:p.86
Signature Gadget or Vehicle	CATEGORY:FEAT		TYPE:Gear	DESC:You own and use a signature gadget or vehicle.																								SOURCEPAGE:p.87

###Block: Basic Skill Feats

# Feat Name			Type			Required Skill								Description																									Bonus to skill																																																										Source Page
# Ability Name		Category of Ability	Type			Required Skill								Description																									Bonus to skill																																																																			Source Page
Acrobatic			CATEGORY:FEAT		TYPE:BasicSkill	PRESKILL:3,Balance=1,Jump=1,Tumble=1				DESC:You are very agile.																						BONUS:SKILL|Balance,Jump,Tumble|2	BONUS:SKILL|Balance,Jump,Tumble|1|PREABILITY:1,CATEGORY=FEAT,Advanced Skill Mastery (Acrobatic)	BONUS:SKILL|Balance,Jump,Tumble|1|PREABILITY:1,CATEGORY=FEAT,Grand Skill Mastery (Acrobatic)	BONUS:SKILL|Balance,Jump,Tumble|1|PREABILITY:1,CATEGORY=FEAT,Perfect Skill Mastery (Acrobatic)																SOURCEPAGE:p.87
Alertness			CATEGORY:FEAT		TYPE:BasicSkill	PRESKILL:3,Listen=1,Search=1,Spot=1					DESC:You are extremely observant and have a heightened sense of awareness.														BONUS:SKILL|Listen,Search,Spot|2	BONUS:SKILL|Listen,Search,Spot|1|PREABILITY:1,CATEGORY=FEAT,Advanced Skill Mastery (Alertness)	BONUS:SKILL|Listen,Search,Spot|1|PREABILITY:1,CATEGORY=FEAT,Grand Skill Mastery (Alertness)	BONUS:SKILL|Listen,Search,Spot|1|PREABILITY:1,CATEGORY=FEAT,Perfect Skill Mastery (Alertness)																SOURCEPAGE:p.87
Athletic			CATEGORY:FEAT		TYPE:BasicSkill	PRESKILL:3,Climb=1,Swim=1,TYPE.Sport=1				DESC:A natural athlete, you perform simple athletic feats with ease.															BONUS:SKILL|Climb,Swim,TYPE.Sport|2	BONUS:SKILL|Climb,Swim,TYPE.Sport|1|PREABILITY:1,CATEGORY=FEAT,Advanced Skill Mastery (Athletic)	BONUS:SKILL|Climb,Swim,TYPE.Sport|1|PREABILITY:1,CATEGORY=FEAT,Grand Skill Mastery (Athletic)	BONUS:SKILL|Climb,Swim,TYPE.Sport|1|PREABILITY:1,CATEGORY=FEAT,Perfect Skill Mastery (Athletic)															SOURCEPAGE:p.87
Field Operative		CATEGORY:FEAT		TYPE:BasicSkill	PRESKILL:3,Innuendo=1,Read Lips=1,Sense Motive=1		DESC:Your hands-on experience has taught you how to gather and pass on information right under the nose of the enemy.							BONUS:SKILL|Innuendo,Read Lips,Sense Motive|2	BONUS:SKILL|Innuendo,Read Lips,Sense Motive|1|PREABILITY:1,CATEGORY=FEAT,Advanced Skill Mastery (Field Operative)	BONUS:SKILL|Innuendo,Read Lips,Sense Motive|1|PREABILITY:1,CATEGORY=FEAT,Grand Skill Mastery (Field Operative)	BONUS:SKILL|Innuendo,Read Lips,Sense Motive|1|PREABILITY:1,CATEGORY=FEAT,Perfect Skill Mastery (Field Operative)					SOURCEPAGE:p.87
Grease Monkey		CATEGORY:FEAT		TYPE:BasicSkill	PRESKILL:2,Electronics=1,Mechanics=1				DESC:You're gifted with machines and electronics.																		BONUS:SKILL|Electronics,Mechanics|2	BONUS:SKILL|Electronics,Mechanics|1|PREABILITY:1,CATEGORY=FEAT,Advanced Skill Mastery (Grease Monkey)	BONUS:SKILL|Electronics,Mechanics|1|PREABILITY:1,CATEGORY=FEAT,Grand Skill Mastery (Grease Monkey)	BONUS:SKILL|Electronics,Mechanics|1|PREABILITY:1,CATEGORY=FEAT,Perfect Skill Mastery (Grease Monkey)													SOURCEPAGE:p.88
Magician			CATEGORY:FEAT		TYPE:BasicSkill	PRESKILL:3,Escape Artist=1,Open Lock=1,Sleight of Hand=1	DESC:You are skilled in the arts of prestidigitation.																		BONUS:SKILL|Escape Artist,Open Lock,Sleight of Hand|2	BONUS:SKILL|Escape Artist,Open Lock,Sleight of Hand|1|PREABILITY:1,CATEGORY=FEAT,Advanced Skill Mastery (Magician)	BONUS:SKILL|Escape Artist,Open Lock,Sleight of Hand|1|PREABILITY:1,CATEGORY=FEAT,Grand Skill Mastery (Magician)	BONUS:SKILL|Escape Artist,Open Lock,Sleight of Hand|1|PREABILITY:1,CATEGORY=FEAT,Perfect Skill Mastery (Magician)			SOURCEPAGE:p.88
Master Fence		CATEGORY:FEAT		TYPE:BasicSkill	PRESKILL:3,Appraise=1,Forgery=1,Gather Information=1		DESC:You can make and spot great forgeries.																			BONUS:SKILL|Appraise,Forgery,Gather Information|2	BONUS:SKILL|Appraise,Forgery,Gather Information|1|PREABILITY:1,CATEGORY=FEAT,Advanced Skill Mastery (Master Fence)	BONUS:SKILL|Appraise,Forgery,Gather Information|1|PREABILITY:1,CATEGORY=FEAT,Grand Skill Mastery (Master Fence)	BONUS:SKILL|Appraise,Forgery,Gather Information|1|PREABILITY:1,CATEGORY=FEAT,Perfect Skill Mastery (Master Fence)			SOURCEPAGE:p.88
Mathematical Genius	CATEGORY:FEAT		TYPE:BasicSkill	PRESKILL:2,Computers=1,Cryptography=1				DESC:You have an innate understanding of mathematics that greatly aids your understanding of computers and cryptography.						BONUS:SKILL|Computers,Cryptography|2	BONUS:SKILL|Computers,Cryptography|1|PREABILITY:1,CATEGORY=FEAT,Advanced Skill Mastery (Mathematical Genius)	BONUS:SKILL|Computers,Cryptography|1|PREABILITY:1,CATEGORY=FEAT,Grand Skill Mastery (Mathematical Genius)	BONUS:SKILL|Computers,Cryptography|1|PREABILITY:1,CATEGORY=FEAT,Perfect Skill Mastery (Mathematical Genius)								SOURCEPAGE:p.88
Mimic				CATEGORY:FEAT		TYPE:BasicSkill	PRESKILL:2,Disguise=1,Perform=1					DESC:You're a natural at impersonating others.																			BONUS:SKILL|Disguise,Perform|2	BONUS:SKILL|Disguise,Perform|1|PREABILITY:1,CATEGORY=FEAT,Advanced Skill Mastery (Mimic)	BONUS:SKILL|Disguise,Perform|1|PREABILITY:1,CATEGORY=FEAT,Grand Skill Mastery (Mimic)	BONUS:SKILL|Disguise,Perform|1|PREABILITY:1,CATEGORY=FEAT,Perfect Skill Mastery (Mimic)																			SOURCEPAGE:p.88
Ordinary Past		CATEGORY:FEAT		TYPE:BasicSkill	PRESKILL:3,TYPE.Craft=1,TYPE.Hobby=1,TYPE.Profession=1	DESC:You used to lead an ordinary 9 to 5 lifestyle.																		BONUS:SKILL|TYPE.Craft,TYPE.Hobby,TYPE.Profession|2	BONUS:SKILL|TYPE.Craft,TYPE.Hobby,TYPE.Profession|1|PREABILITY:1,CATEGORY=FEAT,Advanced Skill Mastery (Ordinary Past)	BONUS:SKILL|TYPE.Craft,TYPE.Hobby,TYPE.Profession|1|PREABILITY:1,CATEGORY=FEAT,Grand Skill Mastery (Ordinary Past)	BONUS:SKILL|TYPE.Craft,TYPE.Hobby,TYPE.Profession|1|PREABILITY:1,CATEGORY=FEAT,Perfect Skill Mastery (Ordinary Past)	SOURCEPAGE:p.88
Outdoorsman			CATEGORY:FEAT		TYPE:BasicSkill	PRESKILL:3,Handle Animal=1,Survival=1,Use Rope=1		DESC:You have spent a lot of time in the wilderness.																		BONUS:SKILL|Handle Animal,Survival,Use Rope|2	BONUS:SKILL|Handle Animal,Survival,Use Rope|1|PREABILITY:1,CATEGORY=FEAT,Advanced Skill Mastery (Outdoorsman)	BONUS:SKILL|Handle Animal,Survival,Use Rope|1|PREABILITY:1,CATEGORY=FEAT,Grand Skill Mastery (Outdoorsman)	BONUS:SKILL|Handle Animal,Survival,Use Rope|1|PREABILITY:1,CATEGORY=FEAT,Perfect Skill Mastery (Outdoorsman)						SOURCEPAGE:p.89
Persuasive			CATEGORY:FEAT		TYPE:BasicSkill	PRESKILL:3,Bluff=1,Diplomacy=1,Intimidate=1			DESC:You have tremendous powers of persuasion.																			BONUS:SKILL|Bluff,Diplomacy,Intimidate|2	BONUS:SKILL|Bluff,Diplomacy,Intimidate|1|PREABILITY:1,CATEGORY=FEAT,Advanced Skill Mastery (Persuasive)	BONUS:SKILL|Bluff,Diplomacy,Intimidate|1|PREABILITY:1,CATEGORY=FEAT,Grand Skill Mastery (Persuasive)	BONUS:SKILL|Bluff,Diplomacy,Intimidate|1|PREABILITY:1,CATEGORY=FEAT,Perfect Skill Mastery (Persuasive)										SOURCEPAGE:p.89
Police Training		CATEGORY:FEAT		TYPE:BasicSkill	PRESKILL:3,Bureaucracy=1,Demolitions=1,Surveillance=1		DESC:You are especially familiar with police techniques, including bomb squad practices.												BONUS:SKILL|Bureaucracy,Demolitions,Surveillance|2	BONUS:SKILL|Bureaucracy,Demolitions,Surveillance|1|PREABILITY:1,CATEGORY=FEAT,Advanced Skill Mastery (Police Training)	BONUS:SKILL|Bureaucracy,Demolitions,Surveillance|1|PREABILITY:1,CATEGORY=FEAT,Grand Skill Mastery (Police Training)	BONUS:SKILL|Bureaucracy,Demolitions,Surveillance|1|PREABILITY:1,CATEGORY=FEAT,Perfect Skill Mastery (Police Training)	SOURCEPAGE:p.89
Scholarly			CATEGORY:FEAT		TYPE:BasicSkill	PRESKILL:2,Concentration=1,TYPE.Knowledge=1			DESC:You have delved into a number of esoteric subjects in your spare time.														BONUS:SKILL|Concentration,TYPE.Knowledge|2	BONUS:SKILL|Concentration,TYPE.Knowledge|1|PREABILITY:1,CATEGORY=FEAT,Advanced Skill Mastery (Scholarly)	BONUS:SKILL|Concentration,TYPE.Knowledge|1|PREABILITY:1,CATEGORY=FEAT,Grand Skill Mastery (Scholarly)	BONUS:SKILL|Concentration,TYPE.Knowledge|1|PREABILITY:1,CATEGORY=FEAT,Perfect Skill Mastery (Scholarly)									SOURCEPAGE:p.89
Speed Demon			CATEGORY:FEAT		TYPE:BasicSkill	PRESKILL:3,Boating=1,Driver=1,Pilot=1				DESC:You love fast vehicles of all shapes and sizes.																		BONUS:SKILL|Boating,Driver,Pilot|2	BONUS:SKILL|Boating,Driver,Pilot|1|PREABILITY:1,CATEGORY=FEAT,Advanced Skill Mastery (Speed Demon)	BONUS:SKILL|Boating,Driver,Pilot|1|PREABILITY:1,CATEGORY=FEAT,Grand Skill Mastery (Speed Demon)	BONUS:SKILL|Boating,Driver,Pilot|1|PREABILITY:1,CATEGORY=FEAT,Perfect Skill Mastery (Speed Demon)														SOURCEPAGE:p.89
Stealthy			CATEGORY:FEAT		TYPE:BasicSkill	PRESKILL:2,Hide=1,Move Silently=1					DESC:You rarely leave a strong impression.																			BONUS:SKILL|Hide,Move Silently|2	BONUS:SKILL|Hide,Move Silently|1|PREABILITY:1,CATEGORY=FEAT,Advanced Skill Mastery (Stealthy)	BONUS:SKILL|Hide,Move Silently|1|PREABILITY:1,CATEGORY=FEAT,Grand Skill Mastery (Stealthy)	BONUS:SKILL|Hide,Move Silently|1|PREABILITY:1,CATEGORY=FEAT,Perfect Skill Mastery (Stealthy)																SOURCEPAGE:p.89
World Traveler		CATEGORY:FEAT		TYPE:BasicSkill	PRESKILL:3,Cultures=1,Languages=1,First Aid=1			DESC:You were a member of the Peace Corps or similar organization, and received training required to provide basic medical support in other countries.	BONUS:SKILL|Cultures,Languages,First Aid|2	BONUS:SKILL|Cultures,Languages,First Aid|1|PREABILITY:1,CATEGORY=FEAT,Advanced Skill Mastery (World Traveler)	BONUS:SKILL|Cultures,Languages,First Aid|1|PREABILITY:1,CATEGORY=FEAT,Grand Skill Mastery (World Traveler)	BONUS:SKILL|Cultures,Languages,First Aid|1|PREABILITY:1,CATEGORY=FEAT,Perfect Skill Mastery (World Traveler)						SOURCEPAGE:p.89

###Block: Advanced Skill Feats

# Feat Name			Type				Required Feat				Required Lvl	Required Non-Monster Lvl	Description																		Stackable?	Multiple?	Choose																																																																																																																																																																																																																																																																																																																																																																																																																																																																																																																																						Ability									Bonus to skill		Modify VAR		Class Skill	Source Page
# Ability Name		Category of Ability	Type				Required Ability							Required Lvl	Required Non-Monster Lvl	Description																		Stackable?	Multiple?	Choose																																																																																																																																																																																																																																																																																																																																																																																																																																																																																																																																						Ability									Bonus to skill		Modify VAR		Class Skill	Source Page
Advanced Skill Mastery	CATEGORY:FEAT		TYPE:AdvancedSkill	PREABILITY:1,CATEGORY=FEAT,TYPE.BasicSkill		PRELEVEL:MIN=6						DESC:You have worked diligently to improve one of your basic skill feats.									MULT:YES	CHOOSE:ABILITY|FEAT|PC[TYPE=BasicSkill]																																																																																																																																																																																																																																																																																																																																																																																																																																																																																																																																																				SOURCEPAGE:p.89
False Start			CATEGORY:FEAT		TYPE:AdvancedSkill	PREABILITY:1,CATEGORY=FEAT,TYPE.BasicSkill										DESC:You have become so accustomed to using your skills that you automatically know your use of them is flawed.			MULT:YES	CHOOSE:ABILITY|FEAT|PC[TYPE=BasicSkill]																																																																																																																																																																																																																																																																																																																																																																																																																																																																																																																																																				SOURCEPAGE:p.89
Grand Skill Mastery	CATEGORY:FEAT		TYPE:AdvancedSkill	PREABILITY:1,CATEGORY=FEAT,Advanced Skill Mastery	PRELEVEL:MIN=12						DESC:You excel with one particular skill.															MULT:YES	CHOOSE:ABILITY|FEAT|Advanced Skill Mastery																																																																																																																																																																																																																																																																																																																																																																																																																																																																																																																																																			SOURCEPAGE:p.90
Perfect Skill Mastery	CATEGORY:FEAT		TYPE:AdvancedSkill	PREABILITY:1,CATEGORY=FEAT,Grand Skill Mastery		PRELEVEL:MIN=18						DESC:You have become one of the world's greatest experts in a particular field.								MULT:YES	CHOOSE:ABILITY|FEAT|Grand Skill Mastery																																																																																																																																																																																																																																																																																																																																																																																																																																																																																																																																																				SOURCEPAGE:p.90
Quick Use			CATEGORY:FEAT		TYPE:AdvancedSkill																		DESC:You are very quick and efficient with a particular skill.											MULT:YES	CHOOSE:SKILL|RANKS=1																																																																																																																																																																																																																																																																																																																																																																																																																																																																																																																																																							SOURCEPAGE:p.90
Talented			CATEGORY:FEAT		TYPE:AdvancedSkill													PREPCLEVEL:MAX=1			DESC:You are extraordinarily gifted in the use of a single skill.											MULT:YES	CHOOSE:SKILL|TYPE=Charisma|TYPE=Constitution|TYPE=Dexterity|TYPE=Intelligence|TYPE=Strength|TYPE=Wisdom																																																																																																																																																																																																																																																																																																																																																																																																																																																																																																																																BONUS:SKILL|LIST|1				CSKILL:LIST	SOURCEPAGE:p.90
Track				CATEGORY:FEAT		TYPE:AdvancedSkill																		DESC:You can follow the trail of pray - human and animal - across nearly any type of terrain.																																																																																																																																																																																																																																																																																																																																																																																																																																																																																																																																																																		SOURCEPAGE:p.90

#TODO: Training is non functional at this time, need to find a way to add 4 points to the skill pool
Training			CATEGORY:FEAT		TYPE:AdvancedSkill																		DESC:You have devoted a great deal of your spare time to improving your skills.						STACK:YES	MULT:YES	CHOOSE:NOCHOICE																																																																																																																																																																																																																																																																																																																																																																																																																																																																																																																																																								SOURCEPAGE:p.91

#TODO: Unlocked Potential is non functional at this time, need a way to raise the max ranks for a class skill
Unlocked Potential	CATEGORY:FEAT		TYPE:AdvancedSkill																		DESC:You have incredible potential for improvement with one of your skills.							STACK:YES	MULT:YES	CHOOSE:STRING|Mx_RankAppraise|Mx_RankBackground_Amnesia|Mx_RankBackground_Debt|Mx_RankBackground_Defeated|Mx_RankBackground_Fear|Mx_RankBackground_Game_Control_Fiat|Mx_RankBackground_Hunted|Mx_RankBackground_Long_Term_Mission|Mx_RankBackground_Lost_Love|Mx_RankBackground_Mistaken_Identity|Mx_RankBackground_Nemesis|Mx_RankBackground_Obligation|Mx_RankBackground_Resolved_Background_Points|Mx_RankBackground_Romance|Mx_RankBackground_Stolen_Object|Mx_RankBackground_True_Identity|Mx_RankBackground_Vendetta|Mx_RankBackground_Vow|Mx_RankBalance|Mx_RankBluff|Mx_RankBoating|Mx_RankBureaucracy|Mx_RankClimb|Mx_RankComputers|Mx_RankConcentration|Mx_RankCraft_Bookbinding|Mx_RankCraft_Calligraphy|Mx_RankCraft_Carpentry|Mx_RankCraft_Ceramics|Mx_RankCraft_Painting|Mx_RankCraft_Plumbing|Mx_RankCraft_Welding|Mx_RankCryptography|Mx_RankCultures|Mx_RankDemolitions|Mx_RankDiplomacy|Mx_RankDisguise|Mx_RankDriver|Mx_RankElectronics|Mx_RankEscape_Artist|Mx_RankFirst_Aid|Mx_RankForgery|Mx_RankGather_Information|Mx_RankHandle_Animal|Mx_RankHide|Mx_RankHobby_Clubbing|Mx_RankHobby_Creative_Writing|Mx_RankHobby_Gambling|Mx_RankHobby_Gaming|Mx_RankHobby_Gardening|Mx_RankHobby_Internet_Surfing|Mx_RankHobby_Jogging|Mx_RankHobby_Puzzle_Solving|Mx_RankHobby_Reading|Mx_RankHobby_Shopping|Mx_RankHobby_Socializing|Mx_RankHobby_Stamp_Collecting|Mx_RankHobby_Tinkering|Mx_RankHobby_Travelling|Mx_RankInnuendo|Mx_RankIntimidate|Mx_RankJump|Mx_RankKnowledge_Architecture|Mx_RankKnowledge_Big_Business|Mx_RankKnowledge_Biology|Mx_RankKnowledge_Chaos_Theory|Mx_RankKnowledge_Chemistry|Mx_RankKnowledge_Conspiracy_Theory|Mx_RankKnowledge_Criminal_Behavior|Mx_RankKnowledge_Engineering|Mx_RankKnowledge_English_Literature|Mx_RankKnowledge_Finance|Mx_RankKnowledge_Forensics|Mx_RankKnowledge_Geography|Mx_RankKnowledge_History|Mx_RankKnowledge_Idle_Gossip|Mx_RankKnowledge_Local|Mx_RankKnowledge_Munitions|Mx_RankKnowledge_Nature|Mx_RankKnowledge_Occult_Science|Mx_RankKnowledge_Physics|Mx_RankKnowledge_Political_Science|Mx_RankKnowledge_Religion|Mx_RankKnowledge_Spy_Agencies|Mx_RankKnowledge_Underworld|Mx_RankKnowledge_Vehicals|Mx_RankLanguages|Mx_RankListen|Mx_RankMechanics|Mx_RankMove_Silently|Mx_RankOpen_Lock|Mx_RankPerform|Mx_RankPilot|Mx_RankProfession_Computer_Technicion|Mx_RankProfession_Diplomat|Mx_RankProfession_Doctor|Mx_RankProfession_Hunter|Mx_RankProfession_Lawyer|Mx_RankProfession_Mechanic|Mx_RankProfession_Military_Officer|Mx_RankProfession_Spy|Mx_RankProfession_Teacher|Mx_RankProfession_Terrorist|Mx_RankProfession_Web_Programmer|Mx_RankRead_Lips|Mx_RankSearch|Mx_RankSense_Motive|Mx_RankSleight_of_Hand|Mx_RankSport_Baseball|Mx_RankSport_Basketball|Mx_RankSport_Boat_Racing|Mx_RankSport_Drag_Racing|Mx_RankSport_Football|Mx_RankSport_Hockey|Mx_RankSport_Horse_Racing|Mx_RankSport_Jai_alai|Mx_RankSport_Plane_Racing|Mx_RankSport_Rugby|Mx_RankSport_Soccer|Mx_RankSport_Stock_Car_Racing|Mx_RankSport_Swimming|Mx_RankSport_Tennis|Mx_RankSport_Track_and_Field|Mx_RankSpot|Mx_RankSurveillance|Mx_RankSurvival|Mx_RankSwim|Mx_RankTumble|Mx_RankUse_Rope|TITLE=Choose the Skill You want to increase the Maximum Ranks	ABILITY:Internal|AUTOMATIC|Unlocked Potential Skill Tracker					BONUS:VAR|%LIST|3
#CHOOSE:SKILL|CLASS[TYPE=UnlockedPotential]																							SOURCEPAGE:p.91

###Block: Style Feats

# Feat Name		Type		Required Feat		Required Lvl	Req. Special Ability	Required Skill					Required Stat	Special ABility							Define					Description																																							Stackable?	Multiple?	Choose		Modify VAR					Source Page
# Ability Name	Category of Ability	Type		Required Ability					Required Lvl	Req. Special Ability	Required Skill					Required Stat	Special ABility							Define					Description																																							Stackable?	Multiple?	Choose		Modify VAR					Source Page
Card Shark		CATEGORY:FEAT		TYPE:Style																																								DESC:You dabbled with competitive gambling for many years.																																												SOURCEPAGE:p.91
Charmer		CATEGORY:FEAT		TYPE:Style																																								DESC:You have a way of bringing people around.																																														SOURCEPAGE:p.91
Filthy Rich		CATEGORY:FEAT		TYPE:Style																																								DESC:You don't just live the high life - you were born to it.																																											SOURCEPAGE:p.91
Five Star Service	CATEGORY:FEAT		TYPE:Style	PREABILITY:1,CATEGORY=FEAT,Filthy Rich																																	DESC:You are known around the world as a connoisseur of the high life.																																										SOURCEPAGE:p.91
Flawless Identity	CATEGORY:FEAT		TYPE:Style																																								DESC:You have a perfect cover identity, complete with history, eyewitnesses and documentation.																																						SOURCEPAGE:p.92
Fortunate		CATEGORY:FEAT		TYPE:Style																									SAB:Extra %d4 Action Die|FortunateExtraActionDie	DEFINE:FortunateExtraActionDie|0	DESC:You are unusually lucky, even for a trained agent.																															STACK:YES	MULT:YES	CHOOSE:NOCHOICE	BONUS:VAR|FortunateExtraActionDie|1	SOURCEPAGE:p.92
Handler		CATEGORY:FEAT		TYPE:Style	PREABILITY:1,CATEGORY=FEAT,Undermine																																	DESC:You are experienced in recruiting and cultivating moles within enemy organizations.																																							SOURCEPAGE:p.92
Hard Core		CATEGORY:FEAT		TYPE:Style																																								DESC:There is a core of fierce professionalism in you that makes even your worst enemies treat you with respect.																																			SOURCEPAGE:p.93
Mark			CATEGORY:FEAT		TYPE:Style																						PRESTAT:1,WIS=13																DESC:You can size someone up with a glance.																																														SOURCEPAGE:p.93
Old Debts		CATEGORY:FEAT		TYPE:Style											PRESA:1,Backup																											DESC:Friends help you move. Real friends help you move bodies.																																											SOURCEPAGE:p.93
Personal Staff	CATEGORY:FEAT		TYPE:Style	PREABILITY:1,CATEGORY=FEAT,Filthy Rich																																	DESC:You have a small network of servants, assistants and aids you may call upon in non-combat situations.																																				SOURCEPAGE:p.94
Play the Odds	CATEGORY:FEAT		TYPE:Style																																								DESC:You are a cold and calculating gambler, able to study the odds and formulate strategies for victory that make bookies shudder.																																SOURCEPAGE:p.94
Political Favors	CATEGORY:FEAT		TYPE:Style								PRELEVEL:MIN=3																														DESC:You have put critical information in front of powerful individuals in the past. Now they owe you a little quid pro quo.																																	SOURCEPAGE:p.94
Private Identity	CATEGORY:FEAT		TYPE:Style																									SAB:Private Identities - %|PrivateIdentities		DEFINE:PrivateIdentities|0		DESC:You have a hidden identity.																																			STACK:YES	MULT:YES	CHOOSE:NOCHOICE	BONUS:VAR|PrivateIdentities|1		SOURCEPAGE:p.94
Safe House		CATEGORY:FEAT		TYPE:Style																																								DESC:Whether it's an old family estate or just a rented flat, there's always a roof over your head -- usually one not far from the action.																														SOURCEPAGE:p.94
Silver Tongue	CATEGORY:FEAT		TYPE:Style																																								DESC:You have a knack for making even the unthinkable sound not only possible, but very, very appealing.																																				SOURCEPAGE:p.94
The Look		CATEGORY:FEAT		TYPE:Style																						PRESTAT:1,CHA=13																DESC:Whether it's devilishly handsome good looks, a laugh that melts hearts, all the right curves, or a smile that makes people weak in the knees, you've got what it takes to make members of the opposite sex stop and give you the eye.														SOURCEPAGE:p.94
Undermine		CATEGORY:FEAT		TYPE:Style															PRESKILL:2,Innuendo=2,Sense Motive=2	PRESTAT:1,CHA=13																DESC:You excel at playing with people's insecurities.																																													SOURCEPAGE:p.94

#
# End
#
