# CVS $Revision$ $Author$ -- Tue Dec 15 01:48:08 2015 -- reformated by PCGen PrettyLST v6.06.00
SOURCELONG:Alderac Entertainment Group - War	SOURCESHORT:War	SOURCEWEB:http://alderac.com/d20	SOURCEDATE:2003-01

# Feat Name			Type				Required Feat					Must be Smaller	Required Skill		Required Stat	PRETOTALAB		Description																														Source Page
# Ability Name		Category of Ability	Type				Required Ability								Must be Smaller	Required Skill		Required Stat	PRETOTALAB		Description																														Source Page
Acrobatic Strike		CATEGORY:FEAT		TYPE:General															PRESKILL:1,Tumble=1	PRESTAT:1,DEX=13				DESC:As a full-round action, you may take a Tumble check (DC 25) to make a single melee attack at your highest bonus against an opponend who loses his Dex bonus to AC.				SOURCEPAGE:p.44
Adaptive Fighting		CATEGORY:FEAT		TYPE:General.Fighter	PREABILITY:1,CATEGORY=FEAT,Power Attack																	DESC:When using a weapon one size larger than yourself, you may make a second attack with the butt of the weapon as if it were a double weapon.								SOURCEPAGE:p.44
Counter Charge		CATEGORY:FEAT		TYPE:General.Fighter	PREABILITY:1,CATEGORY=FEAT,Combat Reflexes																DESC:If you ready an action to use this against a charging enemy, you may take a five-foot step in order to force the opponent to end his charge five feet early.					SOURCEPAGE:p.44
Distract			CATEGORY:FEAT		TYPE:General		PREABILITY:1,CATEGORY=FEAT,Dodge																		DESC:You receive a +4 dodge bonus to AC against attacks of opportunity caused by non-movement actions.														SOURCEPAGE:p.44
Evasive Fighting		CATEGORY:FEAT		TYPE:General.Fighter	PREABILITY:1,CATEGORY=FEAT,Dodge																		DESC:When an opponent charges you, you duck aside at the last moment, ruining his attack.																	SOURCEPAGE:p.44
Follow Through		CATEGORY:FEAT		TYPE:General.Fighter	PREABILITY:1,CATEGORY=FEAT,Power Attack											PRESTAT:1,STR=13				DESC:When you drop an opponent in melee, you may immediately make a five-foot step to occupy your enemy's position.												SOURCEPAGE:p.45
Frenzied Attack		CATEGORY:FEAT		TYPE:General		PREABILITY:1,CATEGORY=FEAT,Power Attack														PRETOTALAB:4	DESC:When you take a full attack action, you may take an additional attack at your highest base attack bonus at a -4 penalty.											SOURCEPAGE:p.45
Improved Balance		CATEGORY:FEAT		TYPE:General.Fighter																		PRESTAT:1,STR=13				DESC:You gain a +4 competence bonus to grapple attacks to avoid being held by an opponent.																SOURCEPAGE:p.45
Overpowering Attack	CATEGORY:FEAT		TYPE:General.Fighter	PREABILITY:1,CATEGORY=FEAT,Power Attack											PRESTAT:1,STR=15				DESC:When you attack an opponent who uses the fighting defensively or total defense, you gain a +2 bonus to hit.													SOURCEPAGE:p.45
Neutralize Enemy		CATEGORY:FEAT		TYPE:General.Fighter																					PRETOTALAB:5	DESC:As a full-round action, you can release a flurry of blows at your opponent, forcing him on the defensive.													SOURCEPAGE:p.46
Power Shot			CATEGORY:FEAT		TYPE:General.Fighter	PREABILITY:2,CATEGORY=FEAT,Point Blank Shot,Power Attack											PRETOTALAB:5	DESC:If you cause a creature to drop with a missile attack, such as by reducing it to 0 or fewer hit points, your missile rips through the  target and potentially strikes a second foe.	SOURCEPAGE:p.46
Power Throw			CATEGORY:FEAT		TYPE:General.Fighter																		PRESTAT:1,STR=15				DESC:If you are grappling, you may make a grapple check to pick up your opponent and throw him, if you have the Strength to lift the opponent above your head.					SOURCEPAGE:p.47
Relentless			CATEGORY:FEAT		TYPE:General		PREABILITY:1,CATEGORY=FEAT,Too Tough to Die										PRESTAT:1,CON=13				DESC:You automatically make your Fort save to avoid dying from massive damage.																		SOURCEPAGE:p.47
Rope a Dope			CATEGORY:FEAT		TYPE:General																			PRESTAT:1,DEX=13				DESC:The first time you attack an enemy you may elect to miss automatically.  The next time you strike that opponent, you gain a +6 circumstance bonus to hit.					SOURCEPAGE:p.47
Surge				CATEGORY:FEAT		TYPE:General		PREABILITY:1,CATEGORY=FEAT,Improved Initiative																DESC:At any point in combat, you may add up to a +5 bonus to your current initiative value.																SOURCEPAGE:p.47
Swarm Attack		CATEGORY:FEAT		TYPE:General.Fighter											PRESIZELT:M												DESC: You may occupy the same square as an ally who is the same size or smaller.																		SOURCEPAGE:p.48
Too Tough to Die		CATEGORY:FEAT		TYPE:General		PREABILITY:1,CATEGORY=FEAT,Toughness																	DESC: When reduced to less than 0 hit points, you have a 20%% chance per round of stabilizing.																SOURCEPAGE:p.49
