# CVS $Revision$ $Author$ -- Fri Nov 23 01:10:13 2007 -- reformated by prettylst.pl v1.38 (build 2788)
SOURCELONG:Path of Shadow	SOURCESHORT:PathShadow	SOURCEWEB:http://www.fantasyflightgames.com/ll.html
# Original entry by: Blithwyn



###########################
##   Legendary Abilites  ##
###########################

###Block:Generic legendary abilities
# Feat Name				Type					Visible	Prohibited Feat					Stat bonus					Source Page		SAB
Enhanced Strength I		TYPE:LegendaryEnhancedSTR	VISIBLE:NO	!PREFEAT:1,TYPE.LegendaryEnhancedSTR	BONUS:STAT|STR|1|TYPE=Legendary	SOURCEPAGE:p.83	SAB:Enhanced Strength I
Enhanced Strength II		TYPE:LegendaryEnhancedSTR	VISIBLE:NO	!PREFEAT:1,TYPE.LegendaryEnhancedSTR	BONUS:STAT|STR|2|TYPE=Legendary	SOURCEPAGE:p.83	SAB:Enhanced Strength II
Enhanced Strength III		TYPE:LegendaryEnhancedSTR	VISIBLE:NO	!PREFEAT:1,TYPE.LegendaryEnhancedSTR	BONUS:STAT|STR|3|TYPE=Legendary	SOURCEPAGE:p.83	SAB:Enhanced Strength III
Enhanced Strength IV		TYPE:LegendaryEnhancedSTR	VISIBLE:NO	!PREFEAT:1,TYPE.LegendaryEnhancedSTR	BONUS:STAT|STR|4|TYPE=Legendary	SOURCEPAGE:p.83	SAB:Enhanced Strength IV
Enhanced Strength V		TYPE:LegendaryEnhancedSTR	VISIBLE:NO	!PREFEAT:1,TYPE.LegendaryEnhancedSTR	BONUS:STAT|STR|5|TYPE=Legendary	SOURCEPAGE:p.83	SAB:Enhanced Strength V

Enhanced Dexterity I		TYPE:LegendaryEnhancedDEX	VISIBLE:NO	!PREFEAT:1,TYPE.LegendaryEnhancedDEX	BONUS:STAT|DEX|1|TYPE=Legendary	SOURCEPAGE:p.83	SAB:Enhanced Dexterity I
Enhanced Dexterity II		TYPE:LegendaryEnhancedDEX	VISIBLE:NO	!PREFEAT:1,TYPE.LegendaryEnhancedDEX	BONUS:STAT|DEX|2|TYPE=Legendary	SOURCEPAGE:p.83	SAB:Enhanced Dexterity II
Enhanced Dexterity III		TYPE:LegendaryEnhancedDEX	VISIBLE:NO	!PREFEAT:1,TYPE.LegendaryEnhancedDEX	BONUS:STAT|DEX|3|TYPE=Legendary	SOURCEPAGE:p.83	SAB:Enhanced Dexterity III
Enhanced Dexterity IV		TYPE:LegendaryEnhancedDEX	VISIBLE:NO	!PREFEAT:1,TYPE.LegendaryEnhancedDEX	BONUS:STAT|DEX|4|TYPE=Legendary	SOURCEPAGE:p.83	SAB:Enhanced Dexterity IV
Enhanced Dexterity V		TYPE:LegendaryEnhancedDEX	VISIBLE:NO	!PREFEAT:1,TYPE.LegendaryEnhancedDEX	BONUS:STAT|DEX|5|TYPE=Legendary	SOURCEPAGE:p.83	SAB:Enhanced Dexterity V

#Constitution not used

Enhanced Intelligence I		TYPE:LegendaryEnhancedINT	VISIBLE:NO	!PREFEAT:1,TYPE.LegendaryEnhancedINT	BONUS:STAT|INT|1|TYPE=Legendary	SOURCEPAGE:p.91	SAB:Enhanced Intelligence I
Enhanced Intelligence II	TYPE:LegendaryEnhancedINT	VISIBLE:NO	!PREFEAT:1,TYPE.LegendaryEnhancedINT	BONUS:STAT|INT|2|TYPE=Legendary	SOURCEPAGE:p.91	SAB:Enhanced Intelligence II
Enhanced Intelligence III	TYPE:LegendaryEnhancedINT	VISIBLE:NO	!PREFEAT:1,TYPE.LegendaryEnhancedINT	BONUS:STAT|INT|3|TYPE=Legendary	SOURCEPAGE:p.91	SAB:Enhanced Intelligence III
Enhanced Intelligence IV	TYPE:LegendaryEnhancedINT	VISIBLE:NO	!PREFEAT:1,TYPE.LegendaryEnhancedINT	BONUS:STAT|INT|4|TYPE=Legendary	SOURCEPAGE:p.91	SAB:Enhanced Intelligence IV
Enhanced Intelligence V		TYPE:LegendaryEnhancedINT	VISIBLE:NO	!PREFEAT:1,TYPE.LegendaryEnhancedINT	BONUS:STAT|INT|5|TYPE=Legendary	SOURCEPAGE:p.91	SAB:Enhanced Intelligence V

Enhanced Wisdom I			TYPE:LegendaryEnhancedWIS	VISIBLE:NO	!PREFEAT:1,TYPE.LegendaryEnhancedWIS	BONUS:STAT|WIS|1|TYPE=Legendary	SOURCEPAGE:p.101	SAB:Enhanced Wisdom I
Enhanced Wisdom II		TYPE:LegendaryEnhancedWIS	VISIBLE:NO	!PREFEAT:1,TYPE.LegendaryEnhancedWIS	BONUS:STAT|WIS|2|TYPE=Legendary	SOURCEPAGE:p.101	SAB:Enhanced Wisdom II
Enhanced Wisdom III		TYPE:LegendaryEnhancedWIS	VISIBLE:NO	!PREFEAT:1,TYPE.LegendaryEnhancedWIS	BONUS:STAT|WIS|3|TYPE=Legendary	SOURCEPAGE:p.101	SAB:Enhanced Wisdom III
Enhanced Wisdom IV		TYPE:LegendaryEnhancedWIS	VISIBLE:NO	!PREFEAT:1,TYPE.LegendaryEnhancedWIS	BONUS:STAT|WIS|4|TYPE=Legendary	SOURCEPAGE:p.101	SAB:Enhanced Wisdom IV
Enhanced Wisdom V			TYPE:LegendaryEnhancedWIS	VISIBLE:NO	!PREFEAT:1,TYPE.LegendaryEnhancedWIS	BONUS:STAT|WIS|5|TYPE=Legendary	SOURCEPAGE:p.101	SAB:Enhanced Wisdom V

Enhanced Charisma I		TYPE:LegendaryEnhancedCHA	VISIBLE:NO	!PREFEAT:1,TYPE.LegendaryEnhancedCHA	BONUS:STAT|CHA|1|TYPE=Legendary	SOURCEPAGE:p.103	SAB:Enhanced Charisma I
Enhanced Charisma II		TYPE:LegendaryEnhancedCHA	VISIBLE:NO	!PREFEAT:1,TYPE.LegendaryEnhancedCHA	BONUS:STAT|CHA|2|TYPE=Legendary	SOURCEPAGE:p.103	SAB:Enhanced Charisma II
Enhanced Charisma III		TYPE:LegendaryEnhancedCHA	VISIBLE:NO	!PREFEAT:1,TYPE.LegendaryEnhancedCHA	BONUS:STAT|CHA|3|TYPE=Legendary	SOURCEPAGE:p.103	SAB:Enhanced Charisma III
Enhanced Charisma IV		TYPE:LegendaryEnhancedCHA	VISIBLE:NO	!PREFEAT:1,TYPE.LegendaryEnhancedCHA	BONUS:STAT|CHA|4|TYPE=Legendary	SOURCEPAGE:p.103	SAB:Enhanced Charisma IV
Enhanced Charisma V		TYPE:LegendaryEnhancedCHA	VISIBLE:NO	!PREFEAT:1,TYPE.LegendaryEnhancedCHA	BONUS:STAT|CHA|5|TYPE=Legendary	SOURCEPAGE:p.103	SAB:Enhanced Charisma V

###Block:Abyssal Infiltrator legendary abilities
# Feat Name				Type								Visible	Required Class				Prohibited Feat				Innate Spells							Choose				Bonus to skill				Source Page		SAB
Abyssal Skill I			TYPE:LAAbyssalSkill.AbyssalInfiltratorLAPL1	VISIBLE:NO	PRECLASS:1,Abyssal Infiltrator=1	!PREFEAT:1,TYPE.LAAbyssalSkill										CHOOSE:SKILLSNAMEDTOCSKILL|1	BONUS:SKILL|LIST|3|TYPE=Legendary	SOURCEPAGE:p.83	SAB:Abyssal Skill I
Abyssal Skill II			TYPE:LAAbyssalSkill.AbyssalInfiltratorLAPL2	VISIBLE:NO	PRECLASS:1,Abyssal Infiltrator=2	!PREFEAT:1,TYPE.LAAbyssalSkill										CHOOSE:SKILLSNAMEDTOCSKILL|2	BONUS:SKILL|LIST|6|TYPE=Legendary	SOURCEPAGE:p.83	SAB:Abyssal Skill II
Abyssal Skill III			TYPE:LAAbyssalSkill.AbyssalInfiltratorLAPL3	VISIBLE:NO	PRECLASS:1,Abyssal Infiltrator=3	!PREFEAT:1,TYPE.LAAbyssalSkill										CHOOSE:SKILLSNAMEDTOCSKILL|3	BONUS:SKILL|LIST|9|TYPE=Legendary	SOURCEPAGE:p.83	SAB:Abyssal Skill III
Abyssal Skill IV			TYPE:LAAbyssalSkill.AbyssalInfiltratorLAPL4	VISIBLE:NO	PRECLASS:1,Abyssal Infiltrator=4	!PREFEAT:1,TYPE.LAAbyssalSkill										CHOOSE:SKILLSNAMEDTOCSKILL|4	BONUS:SKILL|LIST|12|TYPE=Legendary	SOURCEPAGE:p.83	SAB:Abyssal Skill IV
Abyssal Skill V			TYPE:LAAbyssalSkill.AbyssalInfiltratorLAPL5	VISIBLE:NO	PRECLASS:1,Abyssal Infiltrator=5	!PREFEAT:1,TYPE.LAAbyssalSkill										CHOOSE:SKILLSNAMEDTOCSKILL|5	BONUS:SKILL|LIST|16|TYPE=Legendary	SOURCEPAGE:p.83	SAB:Abyssal Skill V
Deadly Precision I		TYPE:LADeadlyPrecision.AbyssalInfiltratorLAPL1	VISIBLE:NO	PRECLASS:1,Abyssal Infiltrator=1	!PREFEAT:1,TYPE.LADeadlyPrecision																					SOURCEPAGE:p.83	SAB:Deadly Precision I (Ex)
Deadly Precision II		TYPE:LADeadlyPrecision.AbyssalInfiltratorLAPL2	VISIBLE:NO	PRECLASS:1,Abyssal Infiltrator=2	!PREFEAT:1,TYPE.LADeadlyPrecision																					SOURCEPAGE:p.83	SAB:Deadly Precision II (Ex)
Deadly Precision III		TYPE:LADeadlyPrecision.AbyssalInfiltratorLAPL3	VISIBLE:NO	PRECLASS:1,Abyssal Infiltrator=3	!PREFEAT:1,TYPE.LADeadlyPrecision																					SOURCEPAGE:p.83	SAB:Deadly Precision III (Ex)
Deadly Precision IV		TYPE:LADeadlyPrecision.AbyssalInfiltratorLAPL4	VISIBLE:NO	PRECLASS:1,Abyssal Infiltrator=4	!PREFEAT:1,TYPE.LADeadlyPrecision																					SOURCEPAGE:p.83	SAB:Deadly Precision IV (Ex)
Deadly Precision V		TYPE:LADeadlyPrecision.AbyssalInfiltratorLAPL5	VISIBLE:NO	PRECLASS:1,Abyssal Infiltrator=5	!PREFEAT:1,TYPE.LADeadlyPrecision																					SOURCEPAGE:p.83	SAB:Deadly Precision V (Ex)
Resist the Power of Faith I	TYPE:LAResistPowerFaith.AbyssalInfiltratorLAPL1	VISIBLE:NO	PRECLASS:1,Abyssal Infiltrator=1	!PREFEAT:1,TYPE.LAResistPowerFaith																					SOURCEPAGE:p.83	SAB:Resist the Power of Faith I (Ex)
Resist the Power of Faith II	TYPE:LAResistPowerFaith.AbyssalInfiltratorLAPL2	VISIBLE:NO	PRECLASS:1,Abyssal Infiltrator=2	!PREFEAT:1,TYPE.LAResistPowerFaith																					SOURCEPAGE:p.83	SAB:Resist the Power of Faith II (Ex)
Resist the Power of Faith III	TYPE:LAResistPowerFaith.AbyssalInfiltratorLAPL3	VISIBLE:NO	PRECLASS:1,Abyssal Infiltrator=3	!PREFEAT:1,TYPE.LAResistPowerFaith																					SOURCEPAGE:p.83	SAB:Resist the Power of Faith III (Ex)
Resist the Power of Faith IV	TYPE:LAResistPowerFaith.AbyssalInfiltratorLAPL4	VISIBLE:NO	PRECLASS:1,Abyssal Infiltrator=4	!PREFEAT:1,TYPE.LAResistPowerFaith																					SOURCEPAGE:p.83	SAB:Resist the Power of Faith IV (Ex)
Resist the Power of Faith V	TYPE:LAResistPowerFaith.AbyssalInfiltratorLAPL5	VISIBLE:NO	PRECLASS:1,Abyssal Infiltrator=5	!PREFEAT:1,TYPE.LAResistPowerFaith																					SOURCEPAGE:p.83	SAB:Resist the Power of Faith V (Ex)
# maybe add x/day a la smite evil
Smite Good I			TYPE:LASmiteGood.AbyssalInfiltratorLAPL1		VISIBLE:NO	PRECLASS:1,Abyssal Infiltrator=1	!PREFEAT:1,TYPE.LASmiteGood																						SOURCEPAGE:p.83	SAB:Smite Good I (Su)
Smite Good II			TYPE:LASmiteGood.AbyssalInfiltratorLAPL2		VISIBLE:NO	PRECLASS:1,Abyssal Infiltrator=2	!PREFEAT:1,TYPE.LASmiteGood																						SOURCEPAGE:p.83	SAB:Smite Good II (Su)
Smite Good III			TYPE:LASmiteGood.AbyssalInfiltratorLAPL3		VISIBLE:NO	PRECLASS:1,Abyssal Infiltrator=3	!PREFEAT:1,TYPE.LASmiteGood																						SOURCEPAGE:p.83	SAB:Smite Good III (Su)
Smite Good IV			TYPE:LASmiteGood.AbyssalInfiltratorLAPL4		VISIBLE:NO	PRECLASS:1,Abyssal Infiltrator=4	!PREFEAT:1,TYPE.LASmiteGood																						SOURCEPAGE:p.83	SAB:Smite Good IV (Su)
Smite Good V			TYPE:LASmiteGood.AbyssalInfiltratorLAPL5		VISIBLE:NO	PRECLASS:1,Abyssal Infiltrator=5	!PREFEAT:1,TYPE.LASmiteGood																						SOURCEPAGE:p.83	SAB:Smite Good V (Su)
Unseen Assassin I			TYPE:LAUnseenAssassin.AbyssalInfiltratorLAPL1	VISIBLE:NO	PRECLASS:1,Abyssal Infiltrator=1	!PREFEAT:1,TYPE.LAUnseenAssassin	SPELLS:Innate|TIMES=1|Ethereal Jaunt|Invisibility												SOURCEPAGE:p.83	SAB:Unseen Assassin I (Sp)
Unseen Assassin II		TYPE:LAUnseenAssassin.AbyssalInfiltratorLAPL2	VISIBLE:NO	PRECLASS:1,Abyssal Infiltrator=2	!PREFEAT:1,TYPE.LAUnseenAssassin	SPELLS:Innate|TIMES=2|Ethereal Jaunt|Invisibility												SOURCEPAGE:p.83	SAB:Unseen Assassin II (Sp)
Unseen Assassin III		TYPE:LAUnseenAssassin.AbyssalInfiltratorLAPL3	VISIBLE:NO	PRECLASS:1,Abyssal Infiltrator=3	!PREFEAT:1,TYPE.LAUnseenAssassin	SPELLS:Innate|TIMES=3|Ethereal Jaunt|Invisibility												SOURCEPAGE:p.83	SAB:Unseen Assassin III (Sp)
Unseen Assassin IV		TYPE:LAUnseenAssassin.AbyssalInfiltratorLAPL4	VISIBLE:NO	PRECLASS:1,Abyssal Infiltrator=4	!PREFEAT:1,TYPE.LAUnseenAssassin	SPELLS:Innate|TIMES=4|Ethereal Jaunt|Invisibility												SOURCEPAGE:p.83	SAB:Unseen Assassin IV (Sp)
Unseen Assassin V			TYPE:LAUnseenAssassin.AbyssalInfiltratorLAPL5	VISIBLE:NO	PRECLASS:1,Abyssal Infiltrator=5	!PREFEAT:1,TYPE.LAUnseenAssassin	SPELLS:Innate|TIMES=5|Ethereal Jaunt|Invisibility												SOURCEPAGE:p.83	SAB:Unseen Assassin V (Sp)


###Block:Blood Thief legendary abilities
# Feat Name			Type						Visible	Required Class			Prohibited Feat			Stat bonus					Damage Reduction	Source Page		SAB
Blood of Life I		TYPE:LABloodLife.BloodThiefLAPL1	VISIBLE:NO	PRECLASS:1,Blood Thief=1	!PREFEAT:1,TYPE.LABloodLife	BONUS:STAT|CON|1|TYPE=Legendary				SOURCEPAGE:p.85	SAB:Blood of Life I
Blood of Life II		TYPE:LABloodLife.BloodThiefLAPL2	VISIBLE:NO	PRECLASS:1,Blood Thief=2	!PREFEAT:1,TYPE.LABloodLife	BONUS:STAT|CON|2|TYPE=Legendary				SOURCEPAGE:p.85	SAB:Blood of Life II
Blood of Life III		TYPE:LABloodLife.BloodThiefLAPL3	VISIBLE:NO	PRECLASS:1,Blood Thief=3	!PREFEAT:1,TYPE.LABloodLife	BONUS:STAT|CON|3|TYPE=Legendary				SOURCEPAGE:p.85	SAB:Blood of Life III
Blood of Life IV		TYPE:LABloodLife.BloodThiefLAPL4	VISIBLE:NO	PRECLASS:1,Blood Thief=4	!PREFEAT:1,TYPE.LABloodLife	BONUS:STAT|CON|4|TYPE=Legendary				SOURCEPAGE:p.85	SAB:Blood of Life IV
Blood of Life V		TYPE:LABloodLife.BloodThiefLAPL5	VISIBLE:NO	PRECLASS:1,Blood Thief=5	!PREFEAT:1,TYPE.LABloodLife	BONUS:STAT|CON|5|TYPE=Legendary				SOURCEPAGE:p.85	SAB:Blood of Life V
Blood of Might I		TYPE:LABloodMight.BloodThiefLAPL1	VISIBLE:NO	PRECLASS:1,Blood Thief=1	!PREFEAT:1,TYPE.LABloodMight	BONUS:STAT|STR|1|TYPE=Legendary				SOURCEPAGE:p.85	SAB:Blood of Might I
Blood of Might II		TYPE:LABloodMight.BloodThiefLAPL2	VISIBLE:NO	PRECLASS:1,Blood Thief=2	!PREFEAT:1,TYPE.LABloodMight	BONUS:STAT|STR|2|TYPE=Legendary				SOURCEPAGE:p.85	SAB:Blood of Might II
Blood of Might III	TYPE:LABloodMight.BloodThiefLAPL3	VISIBLE:NO	PRECLASS:1,Blood Thief=3	!PREFEAT:1,TYPE.LABloodMight	BONUS:STAT|STR|3|TYPE=Legendary				SOURCEPAGE:p.85	SAB:Blood of Might III
Blood of Might IV		TYPE:LABloodMight.BloodThiefLAPL4	VISIBLE:NO	PRECLASS:1,Blood Thief=4	!PREFEAT:1,TYPE.LABloodMight	BONUS:STAT|STR|4|TYPE=Legendary				SOURCEPAGE:p.85	SAB:Blood of Might IV
Blood of Might V		TYPE:LABloodMight.BloodThiefLAPL5	VISIBLE:NO	PRECLASS:1,Blood Thief=5	!PREFEAT:1,TYPE.LABloodMight	BONUS:STAT|STR|5|TYPE=Legendary				SOURCEPAGE:p.85	SAB:Blood of Might V
Blood Drain I		TYPE:LABloodDrain.BloodThiefLAPL1	VISIBLE:NO	PRECLASS:1,Blood Thief=1	!PREFEAT:1,TYPE.LABloodDrain										SOURCEPAGE:p.85	SAB:Blood Drain I (Su)
Blood Drain II		TYPE:LABloodDrain.BloodThiefLAPL2	VISIBLE:NO	PRECLASS:1,Blood Thief=2	!PREFEAT:1,TYPE.LABloodDrain										SOURCEPAGE:p.85	SAB:Blood Drain II (Su)
Blood Drain III		TYPE:LABloodDrain.BloodThiefLAPL3	VISIBLE:NO	PRECLASS:1,Blood Thief=3	!PREFEAT:1,TYPE.LABloodDrain										SOURCEPAGE:p.85	SAB:Blood Drain III (Su)
Blood Drain IV		TYPE:LABloodDrain.BloodThiefLAPL4	VISIBLE:NO	PRECLASS:1,Blood Thief=4	!PREFEAT:1,TYPE.LABloodDrain										SOURCEPAGE:p.85	SAB:Blood Drain IV (Su)
Blood Drain V		TYPE:LABloodDrain.BloodThiefLAPL5	VISIBLE:NO	PRECLASS:1,Blood Thief=5	!PREFEAT:1,TYPE.LABloodDrain										SOURCEPAGE:p.85	SAB:Blood Drain V (Su)
Bloodform I			TYPE:LABloodform.BloodThiefLAPL1	VISIBLE:NO	PRECLASS:1,Blood Thief=1	!PREFEAT:1,TYPE.LABloodform										SOURCEPAGE:p.85	SAB:Bloodform I (Su)
Bloodform II		TYPE:LABloodform.BloodThiefLAPL2	VISIBLE:NO	PRECLASS:1,Blood Thief=2	!PREFEAT:1,TYPE.LABloodform										SOURCEPAGE:p.85	SAB:Bloodform II (Su)
Bloodform III		TYPE:LABloodform.BloodThiefLAPL3	VISIBLE:NO	PRECLASS:1,Blood Thief=3	!PREFEAT:1,TYPE.LABloodform										SOURCEPAGE:p.85	SAB:Bloodform III (Su)
Bloodform IV		TYPE:LABloodform.BloodThiefLAPL4	VISIBLE:NO	PRECLASS:1,Blood Thief=4	!PREFEAT:1,TYPE.LABloodform										SOURCEPAGE:p.85	SAB:Bloodform IV (Su)
Bloodform V			TYPE:LABloodform.BloodThiefLAPL5	VISIBLE:NO	PRECLASS:1,Blood Thief=5	!PREFEAT:1,TYPE.LABloodform										SOURCEPAGE:p.85	SAB:Bloodform V (Su)
Sense Blood I		TYPE:LASenseBlood.BloodThiefLAPL1	VISIBLE:NO	PRECLASS:1,Blood Thief=1	!PREFEAT:1,TYPE.LASenseBlood										SOURCEPAGE:p.85	SAB:Sense Blood I (Su)
Sense Blood II		TYPE:LASenseBlood.BloodThiefLAPL2	VISIBLE:NO	PRECLASS:1,Blood Thief=2	!PREFEAT:1,TYPE.LASenseBlood										SOURCEPAGE:p.85	SAB:Sense Blood II (Su)
Sense Blood III		TYPE:LASenseBlood.BloodThiefLAPL3	VISIBLE:NO	PRECLASS:1,Blood Thief=3	!PREFEAT:1,TYPE.LASenseBlood										SOURCEPAGE:p.85	SAB:Sense Blood III (Su)
Sense Blood IV		TYPE:LASenseBlood.BloodThiefLAPL4	VISIBLE:NO	PRECLASS:1,Blood Thief=4	!PREFEAT:1,TYPE.LASenseBlood										SOURCEPAGE:p.85	SAB:Sense Blood IV (Su)
Sense Blood V		TYPE:LASenseBlood.BloodThiefLAPL5	VISIBLE:NO	PRECLASS:1,Blood Thief=5	!PREFEAT:1,TYPE.LASenseBlood										SOURCEPAGE:p.85	SAB:Sense Blood V (Su)
# Use BONUS:DR instead?
Staunch I			TYPE:LAStaunch.BloodThiefLAPL1	VISIBLE:NO	PRECLASS:1,Blood Thief=1	!PREFEAT:1,TYPE.LAStaunch							DR:1/-		SOURCEPAGE:p.85	SAB:Staunch I (Su)
Staunch II			TYPE:LAStaunch.BloodThiefLAPL2	VISIBLE:NO	PRECLASS:1,Blood Thief=2	!PREFEAT:1,TYPE.LAStaunch							DR:2/-		SOURCEPAGE:p.85	SAB:Staunch II (Su)
Staunch III			TYPE:LAStaunch.BloodThiefLAPL3	VISIBLE:NO	PRECLASS:1,Blood Thief=3	!PREFEAT:1,TYPE.LAStaunch							DR:3/-		SOURCEPAGE:p.85	SAB:Staunch III (Su)
Staunch IV			TYPE:LAStaunch.BloodThiefLAPL4	VISIBLE:NO	PRECLASS:1,Blood Thief=4	!PREFEAT:1,TYPE.LAStaunch							DR:4/-		SOURCEPAGE:p.85	SAB:Staunch IV (Su)
Staunch V			TYPE:LAStaunch.BloodThiefLAPL5	VISIBLE:NO	PRECLASS:1,Blood Thief=5	!PREFEAT:1,TYPE.LAStaunch							DR:5/-		SOURCEPAGE:p.85	SAB:Staunch V (Su)
Steal Blood I		TYPE:LAStealBlood.BloodThiefLAPL1	VISIBLE:NO	PRECLASS:1,Blood Thief=1	!PREFEAT:1,TYPE.LAStealBlood										SOURCEPAGE:p.85	SAB:Steal Blood I (Sp)
Steal Blood II		TYPE:LAStealBlood.BloodThiefLAPL2	VISIBLE:NO	PRECLASS:1,Blood Thief=2	!PREFEAT:1,TYPE.LAStealBlood										SOURCEPAGE:p.85	SAB:Steal Blood II (Sp)
Steal Blood III		TYPE:LAStealBlood.BloodThiefLAPL3	VISIBLE:NO	PRECLASS:1,Blood Thief=3	!PREFEAT:1,TYPE.LAStealBlood										SOURCEPAGE:p.85	SAB:Steal Blood III (Sp)
Steal Blood IV		TYPE:LAStealBlood.BloodThiefLAPL4	VISIBLE:NO	PRECLASS:1,Blood Thief=4	!PREFEAT:1,TYPE.LAStealBlood										SOURCEPAGE:p.85	SAB:Steal Blood IV (Sp)
Steal Blood V		TYPE:LAStealBlood.BloodThiefLAPL5	VISIBLE:NO	PRECLASS:1,Blood Thief=5	!PREFEAT:1,TYPE.LAStealBlood										SOURCEPAGE:p.85	SAB:Steal Blood V (Sp)
Wounding I			TYPE:LAWounding.BloodThiefLAPL1	VISIBLE:NO	PRECLASS:1,Blood Thief=1	!PREFEAT:1,TYPE.LAWounding										SOURCEPAGE:p.85	SAB:Wounding I (Ex)
Wounding II			TYPE:LAWounding.BloodThiefLAPL2	VISIBLE:NO	PRECLASS:1,Blood Thief=2	!PREFEAT:1,TYPE.LAWounding										SOURCEPAGE:p.85	SAB:Wounding II (Ex)
Wounding III		TYPE:LAWounding.BloodThiefLAPL3	VISIBLE:NO	PRECLASS:1,Blood Thief=3	!PREFEAT:1,TYPE.LAWounding										SOURCEPAGE:p.85	SAB:Wounding III (Ex)
Wounding IV			TYPE:LAWounding.BloodThiefLAPL4	VISIBLE:NO	PRECLASS:1,Blood Thief=4	!PREFEAT:1,TYPE.LAWounding										SOURCEPAGE:p.85	SAB:Wounding IV (Ex)
Wounding V			TYPE:LAWounding.BloodThiefLAPL5	VISIBLE:NO	PRECLASS:1,Blood Thief=5	!PREFEAT:1,TYPE.LAWounding										SOURCEPAGE:p.85	SAB:Wounding V (Ex)

###Block:Fortune's Fool legendary abilities
# Feat Name						Type							Visible	Required Class			Prohibited Feat				Innate Spells				Save checks bonus							Stat bonus					Source Page		SAB
Clever I						TYPE:LAClever.FortuneFoolLAPL1		VISIBLE:NO	PRECLASS:1,Fortune's Fool=1	!PREFEAT:1,TYPE.LAClever																	BONUS:STAT|INT|1|TYPE=Legendary	SOURCEPAGE:p.87	SAB:Clever I
Clever II						TYPE:LAClever.FortuneFoolLAPL2		VISIBLE:NO	PRECLASS:1,Fortune's Fool=2	!PREFEAT:1,TYPE.LAClever																	BONUS:STAT|INT|2|TYPE=Legendary	SOURCEPAGE:p.87	SAB:Clever II
Clever III						TYPE:LAClever.FortuneFoolLAPL3		VISIBLE:NO	PRECLASS:1,Fortune's Fool=3	!PREFEAT:1,TYPE.LAClever																	BONUS:STAT|INT|3|TYPE=Legendary	SOURCEPAGE:p.87	SAB:Clever III
Clever IV						TYPE:LAClever.FortuneFoolLAPL4		VISIBLE:NO	PRECLASS:1,Fortune's Fool=4	!PREFEAT:1,TYPE.LAClever																	BONUS:STAT|INT|4|TYPE=Legendary	SOURCEPAGE:p.87	SAB:Clever IV
Clever V						TYPE:LAClever.FortuneFoolLAPL5		VISIBLE:NO	PRECLASS:1,Fortune's Fool=5	!PREFEAT:1,TYPE.LAClever																	BONUS:STAT|INT|5|TYPE=Legendary	SOURCEPAGE:p.87	SAB:Clever V
Nimble I						TYPE:LANimble.FortuneFoolLAPL1		VISIBLE:NO	PRECLASS:1,Fortune's Fool=1	!PREFEAT:1,TYPE.LANimble																	BONUS:STAT|DEX|1|TYPE=Legendary	SOURCEPAGE:p.87	SAB:Nimble I
Nimble II						TYPE:LANimble.FortuneFoolLAPL2		VISIBLE:NO	PRECLASS:1,Fortune's Fool=2	!PREFEAT:1,TYPE.LANimble																	BONUS:STAT|DEX|2|TYPE=Legendary	SOURCEPAGE:p.87	SAB:Nimble II
Nimble III						TYPE:LANimble.FortuneFoolLAPL3		VISIBLE:NO	PRECLASS:1,Fortune's Fool=3	!PREFEAT:1,TYPE.LANimble																	BONUS:STAT|DEX|3|TYPE=Legendary	SOURCEPAGE:p.87	SAB:Nimble III
Nimble IV						TYPE:LANimble.FortuneFoolLAPL4		VISIBLE:NO	PRECLASS:1,Fortune's Fool=4	!PREFEAT:1,TYPE.LANimble																	BONUS:STAT|DEX|4|TYPE=Legendary	SOURCEPAGE:p.87	SAB:Nimble IV
Nimble V						TYPE:LANimble.FortuneFoolLAPL5		VISIBLE:NO	PRECLASS:1,Fortune's Fool=5	!PREFEAT:1,TYPE.LANimble																	BONUS:STAT|DEX|5|TYPE=Legendary	SOURCEPAGE:p.87	SAB:Nimble V
Fortuitous I					TYPE:LAFortuitous.FortuneFoolLAPL1		VISIBLE:NO	PRECLASS:1,Fortune's Fool=1	!PREFEAT:1,TYPE.LAFortuitous								BONUS:CHECKS|Fortitude,Reflex,Will|1|TYPE=Legendary							SOURCEPAGE:p.87	SAB:Fortuitous I
Fortuitous II					TYPE:LAFortuitous.FortuneFoolLAPL2		VISIBLE:NO	PRECLASS:1,Fortune's Fool=2	!PREFEAT:1,TYPE.LAFortuitous								BONUS:CHECKS|Fortitude,Reflex,Will|2|TYPE=Legendary							SOURCEPAGE:p.87	SAB:Fortuitous II
Fortuitous III					TYPE:LAFortuitous.FortuneFoolLAPL3		VISIBLE:NO	PRECLASS:1,Fortune's Fool=3	!PREFEAT:1,TYPE.LAFortuitous								BONUS:CHECKS|Fortitude,Reflex,Will|3|TYPE=Legendary							SOURCEPAGE:p.87	SAB:Fortuitous III
Fortuitous IV					TYPE:LAFortuitous.FortuneFoolLAPL4		VISIBLE:NO	PRECLASS:1,Fortune's Fool=4	!PREFEAT:1,TYPE.LAFortuitous								BONUS:CHECKS|Fortitude,Reflex,Will|4|TYPE=Legendary							SOURCEPAGE:p.87	SAB:Fortuitous IV
Fortuitous V					TYPE:LAFortuitous.FortuneFoolLAPL5		VISIBLE:NO	PRECLASS:1,Fortune's Fool=5	!PREFEAT:1,TYPE.LAFortuitous								BONUS:CHECKS|Fortitude,Reflex,Will|5|TYPE=Legendary							SOURCEPAGE:p.87	SAB:Fortuitous V
Fool of Fortune I					TYPE:LAFoolFortune.FortuneFoolLAPL1		VISIBLE:NO	PRECLASS:1,Fortune's Fool=1	!PREFEAT:1,TYPE.LAFoolFortune																							SOURCEPAGE:p.87	SAB:Fool of Fortune I (Su)
Fool of Fortune II				TYPE:LAFoolFortune.FortuneFoolLAPL2		VISIBLE:NO	PRECLASS:1,Fortune's Fool=2	!PREFEAT:1,TYPE.LAFoolFortune																							SOURCEPAGE:p.87	SAB:Fool of Fortune II (Su)
Fool of Fortune III				TYPE:LAFoolFortune.FortuneFoolLAPL3		VISIBLE:NO	PRECLASS:1,Fortune's Fool=3	!PREFEAT:1,TYPE.LAFoolFortune																							SOURCEPAGE:p.87	SAB:Fool of Fortune III (Su)
Fool of Fortune IV				TYPE:LAFoolFortune.FortuneFoolLAPL4		VISIBLE:NO	PRECLASS:1,Fortune's Fool=4	!PREFEAT:1,TYPE.LAFoolFortune																							SOURCEPAGE:p.87	SAB:Fool of Fortune IV (Su)
Fool of Fortune V					TYPE:LAFoolFortune.FortuneFoolLAPL5		VISIBLE:NO	PRECLASS:1,Fortune's Fool=5	!PREFEAT:1,TYPE.LAFoolFortune																							SOURCEPAGE:p.87	SAB:Fool of Fortune V (Su)
Insight of the Fool I				TYPE:LAInsightFool.FortuneFoolLAPL1		VISIBLE:NO	PRECLASS:1,Fortune's Fool=1	!PREFEAT:1,TYPE.LAInsightFool		SPELLS:Innate|TIMES=1|Foresight																SOURCEPAGE:p.87	SAB:Insight of the Fool I (Sp)
Insight of the Fool II				TYPE:LAInsightFool.FortuneFoolLAPL2		VISIBLE:NO	PRECLASS:1,Fortune's Fool=2	!PREFEAT:1,TYPE.LAInsightFool		SPELLS:Innate|TIMES=2|Foresight																SOURCEPAGE:p.87	SAB:Insight of the Fool II (Sp)
Insight of the Fool III				TYPE:LAInsightFool.FortuneFoolLAPL3		VISIBLE:NO	PRECLASS:1,Fortune's Fool=3	!PREFEAT:1,TYPE.LAInsightFool		SPELLS:Innate|TIMES=3|Foresight																SOURCEPAGE:p.87	SAB:Insight of the Fool III (Sp)
Insight of the Fool IV				TYPE:LAInsightFool.FortuneFoolLAPL4		VISIBLE:NO	PRECLASS:1,Fortune's Fool=4	!PREFEAT:1,TYPE.LAInsightFool		SPELLS:Innate|TIMES=4|Foresight																SOURCEPAGE:p.87	SAB:Insight of the Fool IV (Sp)
Insight of the Fool V				TYPE:LAInsightFool.FortuneFoolLAPL5		VISIBLE:NO	PRECLASS:1,Fortune's Fool=5	!PREFEAT:1,TYPE.LAInsightFool		SPELLS:Innate|TIMES=5|Foresight																SOURCEPAGE:p.87	SAB:Insight of the Fool V (Sp)
# You can pick Luck of the Survivor, each time to a new saving throw (no stacking), i.e. similar to Weapon Focus
# not sure how to do this yet.... Done by listing them explicitly for now.
Luck of the Survivor I (Fortitude)		TYPE:LALuckSurvFort.FortuneFoolLAPL1	VISIBLE:NO	PRECLASS:1,Fortune's Fool=1	!PREFEAT:1,TYPE.LALuckSurvFort																						SOURCEPAGE:p.87	SAB:Luck of the Survivor (Fortitude (1 roll))
Luck of the Survivor II (Fortitude)		TYPE:LALuckSurvFort.FortuneFoolLAPL2	VISIBLE:NO	PRECLASS:1,Fortune's Fool=2	!PREFEAT:1,TYPE.LALuckSurvFort																						SOURCEPAGE:p.87	SAB:Luck of the Survivor (Fortitude (2 rolls))
Luck of the Survivor III (Fortitude)	TYPE:LALuckSurvFort.FortuneFoolLAPL3	VISIBLE:NO	PRECLASS:1,Fortune's Fool=3	!PREFEAT:1,TYPE.LALuckSurvFort																						SOURCEPAGE:p.87	SAB:Luck of the Survivor (Fortitude (3 rolls))
Luck of the Survivor IV (Fortitude)		TYPE:LALuckSurvFort.FortuneFoolLAPL4	VISIBLE:NO	PRECLASS:1,Fortune's Fool=4	!PREFEAT:1,TYPE.LALuckSurvFort																						SOURCEPAGE:p.87	SAB:Luck of the Survivor (Fortitude (4 rolls))
Luck of the Survivor V (Fortitude)		TYPE:LALuckSurvFort.FortuneFoolLAPL5	VISIBLE:NO	PRECLASS:1,Fortune's Fool=5	!PREFEAT:1,TYPE.LALuckSurvFort																						SOURCEPAGE:p.87	SAB:Luck of the Survivor (Fortitude (5 rolls))
Luck of the Survivor I (Reflex)		TYPE:LALuckSurvRefl.FortuneFoolLAPL1	VISIBLE:NO	PRECLASS:1,Fortune's Fool=1	!PREFEAT:1,TYPE.LALuckSurvRefl																						SOURCEPAGE:p.87	SAB:Luck of the Survivor (Reflex (1 roll))
Luck of the Survivor II (Reflex)		TYPE:LALuckSurvRefl.FortuneFoolLAPL2	VISIBLE:NO	PRECLASS:1,Fortune's Fool=2	!PREFEAT:1,TYPE.LALuckSurvRefl																						SOURCEPAGE:p.87	SAB:Luck of the Survivor (Reflex (2 rolls))
Luck of the Survivor III (Reflex)		TYPE:LALuckSurvRefl.FortuneFoolLAPL3	VISIBLE:NO	PRECLASS:1,Fortune's Fool=3	!PREFEAT:1,TYPE.LALuckSurvRefl																						SOURCEPAGE:p.87	SAB:Luck of the Survivor (Reflex (3 rolls))
Luck of the Survivor IV (Reflex)		TYPE:LALuckSurvRefl.FortuneFoolLAPL4	VISIBLE:NO	PRECLASS:1,Fortune's Fool=4	!PREFEAT:1,TYPE.LALuckSurvRefl																						SOURCEPAGE:p.87	SAB:Luck of the Survivor (Reflex (4 rolls))
Luck of the Survivor V (Reflex)		TYPE:LALuckSurvRefl.FortuneFoolLAPL5	VISIBLE:NO	PRECLASS:1,Fortune's Fool=5	!PREFEAT:1,TYPE.LALuckSurvRefl																						SOURCEPAGE:p.87	SAB:Luck of the Survivor (Reflex (5 rolls))
Luck of the Survivor I (Will)			TYPE:LALuckSurvWill.FortuneFoolLAPL1	VISIBLE:NO	PRECLASS:1,Fortune's Fool=1	!PREFEAT:1,TYPE.LALuckSurvWill																						SOURCEPAGE:p.87	SAB:Luck of the Survivor (Will (1 roll))
Luck of the Survivor II (Will)		TYPE:LALuckSurvWill.FortuneFoolLAPL2	VISIBLE:NO	PRECLASS:1,Fortune's Fool=2	!PREFEAT:1,TYPE.LALuckSurvWill																						SOURCEPAGE:p.87	SAB:Luck of the Survivor (Will (2 rolls))
Luck of the Survivor III (Will)		TYPE:LALuckSurvWill.FortuneFoolLAPL3	VISIBLE:NO	PRECLASS:1,Fortune's Fool=3	!PREFEAT:1,TYPE.LALuckSurvWill																						SOURCEPAGE:p.87	SAB:Luck of the Survivor (Will (3 rolls))
Luck of the Survivor IV (Will)		TYPE:LALuckSurvWill.FortuneFoolLAPL4	VISIBLE:NO	PRECLASS:1,Fortune's Fool=4	!PREFEAT:1,TYPE.LALuckSurvWill																						SOURCEPAGE:p.87	SAB:Luck of the Survivor (Will (4 rolls))
Luck of the Survivor V (Will)			TYPE:LALuckSurvWill.FortuneFoolLAPL5	VISIBLE:NO	PRECLASS:1,Fortune's Fool=5	!PREFEAT:1,TYPE.LALuckSurvWill																						SOURCEPAGE:p.87	SAB:Luck of the Survivor (Will (5 rolls))
Lucky Shot I					TYPE:LALuckyShot.FortuneFoolLAPL1		VISIBLE:NO	PRECLASS:1,Fortune's Fool=1	!PREFEAT:1,TYPE.LALuckyShot																							SOURCEPAGE:p.87	SAB:Lucky Shot I (1/day) (Ex)
Lucky Shot II					TYPE:LALuckyShot.FortuneFoolLAPL2		VISIBLE:NO	PRECLASS:1,Fortune's Fool=2	!PREFEAT:1,TYPE.LALuckyShot																							SOURCEPAGE:p.87	SAB:Lucky Shot II (2/day) (Ex)
Lucky Shot III					TYPE:LALuckyShot.FortuneFoolLAPL3		VISIBLE:NO	PRECLASS:1,Fortune's Fool=3	!PREFEAT:1,TYPE.LALuckyShot																							SOURCEPAGE:p.87	SAB:Lucky Shot III (3/day) (Ex)
Lucky Shot IV					TYPE:LALuckyShot.FortuneFoolLAPL4		VISIBLE:NO	PRECLASS:1,Fortune's Fool=4	!PREFEAT:1,TYPE.LALuckyShot																							SOURCEPAGE:p.87	SAB:Lucky Shot IV (4/day) (Ex)
Lucky Shot V					TYPE:LALuckyShot.FortuneFoolLAPL5		VISIBLE:NO	PRECLASS:1,Fortune's Fool=5	!PREFEAT:1,TYPE.LALuckyShot																							SOURCEPAGE:p.87	SAB:Lucky Shot V (5/day) (Ex)


###Block:Grey Hand legendary abilities
# Feat Name			Type						Visible	Required Class		Prohibited Feat				Combat bonus			Stat bonus					Modify VAR			Source Page		SAB
Cunning I			TYPE:LACunning.GreyHandLAPL1		VISIBLE:NO	PRECLASS:1,Grey Hand=1	!PREFEAT:1,TYPE.LACunning							BONUS:STAT|INT|1|TYPE=Legendary					SOURCEPAGE:p.88	SAB:Cunning I
Cunning II			TYPE:LACunning.GreyHandLAPL2		VISIBLE:NO	PRECLASS:1,Grey Hand=2	!PREFEAT:1,TYPE.LACunning							BONUS:STAT|INT|2|TYPE=Legendary					SOURCEPAGE:p.88	SAB:Cunning II
Cunning III			TYPE:LACunning.GreyHandLAPL3		VISIBLE:NO	PRECLASS:1,Grey Hand=3	!PREFEAT:1,TYPE.LACunning							BONUS:STAT|INT|3|TYPE=Legendary					SOURCEPAGE:p.88	SAB:Cunning III
Cunning IV			TYPE:LACunning.GreyHandLAPL4		VISIBLE:NO	PRECLASS:1,Grey Hand=4	!PREFEAT:1,TYPE.LACunning							BONUS:STAT|INT|4|TYPE=Legendary					SOURCEPAGE:p.88	SAB:Cunning IV
Cunning V			TYPE:LACunning.GreyHandLAPL5		VISIBLE:NO	PRECLASS:1,Grey Hand=5	!PREFEAT:1,TYPE.LACunning							BONUS:STAT|INT|5|TYPE=Legendary					SOURCEPAGE:p.88	SAB:Cunning V
Killer's Grace I		TYPE:LAKillerGrace.GreyHandLAPL1	VISIBLE:NO	PRECLASS:1,Grey Hand=1	!PREFEAT:1,TYPE.LAKillerGrace							BONUS:STAT|DEX|1|TYPE=Legendary					SOURCEPAGE:p.88	SAB:Killer's Grace I
Killer's Grace II		TYPE:LAKillerGrace.GreyHandLAPL2	VISIBLE:NO	PRECLASS:1,Grey Hand=2	!PREFEAT:1,TYPE.LAKillerGrace							BONUS:STAT|DEX|2|TYPE=Legendary					SOURCEPAGE:p.88	SAB:Killer's Grace II
Killer's Grace III	TYPE:LAKillerGrace.GreyHandLAPL3	VISIBLE:NO	PRECLASS:1,Grey Hand=3	!PREFEAT:1,TYPE.LAKillerGrace							BONUS:STAT|DEX|3|TYPE=Legendary					SOURCEPAGE:p.88	SAB:Killer's Grace III
Killer's Grace IV		TYPE:LAKillerGrace.GreyHandLAPL4	VISIBLE:NO	PRECLASS:1,Grey Hand=4	!PREFEAT:1,TYPE.LAKillerGrace							BONUS:STAT|DEX|4|TYPE=Legendary					SOURCEPAGE:p.88	SAB:Killer's Grace IV
Killer's Grace V		TYPE:LAKillerGrace.GreyHandLAPL5	VISIBLE:NO	PRECLASS:1,Grey Hand=5	!PREFEAT:1,TYPE.LAKillerGrace							BONUS:STAT|DEX|5|TYPE=Legendary					SOURCEPAGE:p.88	SAB:Killer's Grace V
Killing Attack I		TYPE:LAKillingAttack.GreyHandLAPL1	VISIBLE:NO	PRECLASS:1,Grey Hand=1	!PREFEAT:1,TYPE.LAKillingAttack																SOURCEPAGE:p.88	SAB:Killing Attack I (Ex)
Killing Attack II		TYPE:LAKillingAttack.GreyHandLAPL2	VISIBLE:NO	PRECLASS:1,Grey Hand=2	!PREFEAT:1,TYPE.LAKillingAttack																SOURCEPAGE:p.88	SAB:Killing Attack II (Ex)
Killing Attack III	TYPE:LAKillingAttack.GreyHandLAPL3	VISIBLE:NO	PRECLASS:1,Grey Hand=3	!PREFEAT:1,TYPE.LAKillingAttack																SOURCEPAGE:p.88	SAB:Killing Attack III (Ex)
Killing Attack IV		TYPE:LAKillingAttack.GreyHandLAPL4	VISIBLE:NO	PRECLASS:1,Grey Hand=4	!PREFEAT:1,TYPE.LAKillingAttack																SOURCEPAGE:p.88	SAB:Killing Attack IV (Ex)
Killing Attack V		TYPE:LAKillingAttack.GreyHandLAPL5	VISIBLE:NO	PRECLASS:1,Grey Hand=5	!PREFEAT:1,TYPE.LAKillingAttack																SOURCEPAGE:p.88	SAB:Killing Attack V (Ex)
Coup de Main I		TYPE:LACoupMain.GreyHandLAPL1		VISIBLE:NO	PRECLASS:1,Grey Hand=1	!PREFEAT:1,TYPE.LACoupMain		BONUS:COMBAT|INITIATIVE|2											SOURCEPAGE:p.89	SAB:Coup de Main I (Ex)
Coup de Main II		TYPE:LACoupMain.GreyHandLAPL2		VISIBLE:NO	PRECLASS:1,Grey Hand=2	!PREFEAT:1,TYPE.LACoupMain		BONUS:COMBAT|INITIATIVE|4											SOURCEPAGE:p.89	SAB:Coup de Main II (Ex)
Coup de Main III		TYPE:LACoupMain.GreyHandLAPL3		VISIBLE:NO	PRECLASS:1,Grey Hand=3	!PREFEAT:1,TYPE.LACoupMain		BONUS:COMBAT|INITIATIVE|6											SOURCEPAGE:p.89	SAB:Coup de Main III (Ex)
Coup de Main IV		TYPE:LACoupMain.GreyHandLAPL4		VISIBLE:NO	PRECLASS:1,Grey Hand=4	!PREFEAT:1,TYPE.LACoupMain		BONUS:COMBAT|INITIATIVE|8											SOURCEPAGE:p.89	SAB:Coup de Main IV (Ex)
Coup de Main V		TYPE:LACoupMain.GreyHandLAPL5		VISIBLE:NO	PRECLASS:1,Grey Hand=5	!PREFEAT:1,TYPE.LACoupMain		BONUS:COMBAT|INITIATIVE|10											SOURCEPAGE:p.89	SAB:Coup de Main V (Ex)
Fading Presence I		TYPE:LAFadingPresence.GreyHandLAPL1	VISIBLE:NO	PRECLASS:1,Grey Hand=1	!PREFEAT:1,TYPE.LAFadingPresence																SOURCEPAGE:p.89	SAB:Fading Presence I (Ex)
Fading Presence II	TYPE:LAFadingPresence.GreyHandLAPL2	VISIBLE:NO	PRECLASS:1,Grey Hand=2	!PREFEAT:1,TYPE.LAFadingPresence																SOURCEPAGE:p.89	SAB:Fading Presence II (Ex)
Fading Presence III	TYPE:LAFadingPresence.GreyHandLAPL3	VISIBLE:NO	PRECLASS:1,Grey Hand=3	!PREFEAT:1,TYPE.LAFadingPresence																SOURCEPAGE:p.89	SAB:Fading Presence III (Ex)
Fading Presence IV	TYPE:LAFadingPresence.GreyHandLAPL4	VISIBLE:NO	PRECLASS:1,Grey Hand=4	!PREFEAT:1,TYPE.LAFadingPresence																SOURCEPAGE:p.89	SAB:Fading Presence IV (Ex)
Fading Presence V		TYPE:LAFadingPresence.GreyHandLAPL5	VISIBLE:NO	PRECLASS:1,Grey Hand=5	!PREFEAT:1,TYPE.LAFadingPresence																SOURCEPAGE:p.89	SAB:Fading Presence V (Ex)
Murderous I			TYPE:LAMurderous.GreyHandLAPL1	VISIBLE:NO	PRECLASS:1,Grey Hand=1	!PREFEAT:1,TYPE.LAMurderous													BONUS:VAR|SneakAttack|1	SOURCEPAGE:p.89	SAB:Murderous I (Ex)
Murderous II		TYPE:LAMurderous.GreyHandLAPL2	VISIBLE:NO	PRECLASS:1,Grey Hand=2	!PREFEAT:1,TYPE.LAMurderous													BONUS:VAR|SneakAttack|2	SOURCEPAGE:p.89	SAB:Murderous II (Ex)
Murderous III		TYPE:LAMurderous.GreyHandLAPL3	VISIBLE:NO	PRECLASS:1,Grey Hand=3	!PREFEAT:1,TYPE.LAMurderous													BONUS:VAR|SneakAttack|3	SOURCEPAGE:p.89	SAB:Murderous III (Ex)
Murderous IV		TYPE:LAMurderous.GreyHandLAPL4	VISIBLE:NO	PRECLASS:1,Grey Hand=4	!PREFEAT:1,TYPE.LAMurderous													BONUS:VAR|SneakAttack|4	SOURCEPAGE:p.89	SAB:Murderous IV (Ex)
Murderous V			TYPE:LAMurderous.GreyHandLAPL5	VISIBLE:NO	PRECLASS:1,Grey Hand=5	!PREFEAT:1,TYPE.LAMurderous													BONUS:VAR|SneakAttack|5	SOURCEPAGE:p.89	SAB:Murderous V (Ex)
Shadow of Death I		TYPE:LAShadowDeath.GreyHandLAPL1	VISIBLE:NO	PRECLASS:1,Grey Hand=1	!PREFEAT:1,TYPE.LAShadowDeath																	SOURCEPAGE:p.89	SAB:Shadow of Death I (Ex)
Shadow of Death II	TYPE:LAShadowDeath.GreyHandLAPL2	VISIBLE:NO	PRECLASS:1,Grey Hand=2	!PREFEAT:1,TYPE.LAShadowDeath																	SOURCEPAGE:p.89	SAB:Shadow of Death II (Ex)
Shadow of Death III	TYPE:LAShadowDeath.GreyHandLAPL3	VISIBLE:NO	PRECLASS:1,Grey Hand=3	!PREFEAT:1,TYPE.LAShadowDeath																	SOURCEPAGE:p.89	SAB:Shadow of Death III (Ex)
Shadow of Death IV	TYPE:LAShadowDeath.GreyHandLAPL4	VISIBLE:NO	PRECLASS:1,Grey Hand=4	!PREFEAT:1,TYPE.LAShadowDeath																	SOURCEPAGE:p.89	SAB:Shadow of Death IV (Ex)
Shadow of Death V		TYPE:LAShadowDeath.GreyHandLAPL5	VISIBLE:NO	PRECLASS:1,Grey Hand=5	!PREFEAT:1,TYPE.LAShadowDeath																	SOURCEPAGE:p.89	SAB:Shadow of Death V (Ex)
Unrepentant I		TYPE:LAUnrepentant.GreyHandLAPL1	VISIBLE:NO	PRECLASS:1,Grey Hand=1	!PREFEAT:1,TYPE.LAUnrepentant																	SOURCEPAGE:p.89	SAB:Unrepentant I (Ex)
Unrepentant II		TYPE:LAUnrepentant.GreyHandLAPL2	VISIBLE:NO	PRECLASS:1,Grey Hand=2	!PREFEAT:1,TYPE.LAUnrepentant																	SOURCEPAGE:p.89	SAB:Unrepentant II (Ex)
Unrepentant III		TYPE:LAUnrepentant.GreyHandLAPL3	VISIBLE:NO	PRECLASS:1,Grey Hand=3	!PREFEAT:1,TYPE.LAUnrepentant																	SOURCEPAGE:p.89	SAB:Unrepentant III (Ex)
Unrepentant IV		TYPE:LAUnrepentant.GreyHandLAPL4	VISIBLE:NO	PRECLASS:1,Grey Hand=4	!PREFEAT:1,TYPE.LAUnrepentant																	SOURCEPAGE:p.89	SAB:Unrepentant IV (Ex)
Unrepentant V		TYPE:LAUnrepentant.GreyHandLAPL5	VISIBLE:NO	PRECLASS:1,Grey Hand=5	!PREFEAT:1,TYPE.LAUnrepentant																	SOURCEPAGE:p.89	SAB:Unrepentant V (Ex)


###Block:Hand of the Reaper legendary abilities
# Feat Name					Type							Visible	Required Class				Prohibited Feat				Bonus to HP			Bonus to skill							Source Page		SAB
Bastion of Physical Prowess I		TYPE:LAPhysicalProwess.HandReaperLAPL1	VISIBLE:NO	PRECLASS:1,Hand of the Reaper=1	!PREFEAT:1,TYPE.LAPhysicalProwess	BONUS:HP|CURRENTMAX|4										SOURCEPAGE:p.91	SAB:Bastion of Physical Prowess I (Ex)
Bastion of Physical Prowess II	TYPE:LAPhysicalProwess.HandReaperLAPL2	VISIBLE:NO	PRECLASS:1,Hand of the Reaper=2	!PREFEAT:1,TYPE.LAPhysicalProwess	BONUS:HP|CURRENTMAX|8										SOURCEPAGE:p.91	SAB:Bastion of Physical Prowess II (Ex)
Bastion of Physical Prowess III	TYPE:LAPhysicalProwess.HandReaperLAPL3	VISIBLE:NO	PRECLASS:1,Hand of the Reaper=3	!PREFEAT:1,TYPE.LAPhysicalProwess	BONUS:HP|CURRENTMAX|12										SOURCEPAGE:p.91	SAB:Bastion of Physical Prowess III (Ex)
Bastion of Physical Prowess IV	TYPE:LAPhysicalProwess.HandReaperLAPL4	VISIBLE:NO	PRECLASS:1,Hand of the Reaper=4	!PREFEAT:1,TYPE.LAPhysicalProwess	BONUS:HP|CURRENTMAX|16										SOURCEPAGE:p.91	SAB:Bastion of Physical Prowess IV (Ex)
Bastion of Physical Prowess V		TYPE:LAPhysicalProwess.HandReaperLAPL5	VISIBLE:NO	PRECLASS:1,Hand of the Reaper=5	!PREFEAT:1,TYPE.LAPhysicalProwess	BONUS:HP|CURRENTMAX|20										SOURCEPAGE:p.91	SAB:Bastion of Physical Prowess V (Ex)
Master of Deception I			TYPE:LAMasterDeception.HandReaperLAPL1	VISIBLE:NO	PRECLASS:1,Hand of the Reaper=1	!PREFEAT:1,TYPE.LAMasterDeception					BONUS:SKILL|Bluff,Diplomacy,Disguise,Sense Motive|2	SOURCEPAGE:p.91	SAB:Master of Deception I
Master of Deception II			TYPE:LAMasterDeception.HandReaperLAPL2	VISIBLE:NO	PRECLASS:1,Hand of the Reaper=2	!PREFEAT:1,TYPE.LAMasterDeception					BONUS:SKILL|Bluff,Diplomacy,Disguise,Sense Motive|4	SOURCEPAGE:p.91	SAB:Master of Deception II
Master of Deception III			TYPE:LAMasterDeception.HandReaperLAPL3	VISIBLE:NO	PRECLASS:1,Hand of the Reaper=3	!PREFEAT:1,TYPE.LAMasterDeception					BONUS:SKILL|Bluff,Diplomacy,Disguise,Sense Motive|6	SOURCEPAGE:p.91	SAB:Master of Deception III
Master of Deception IV			TYPE:LAMasterDeception.HandReaperLAPL4	VISIBLE:NO	PRECLASS:1,Hand of the Reaper=4	!PREFEAT:1,TYPE.LAMasterDeception					BONUS:SKILL|Bluff,Diplomacy,Disguise,Sense Motive|8	SOURCEPAGE:p.91	SAB:Master of Deception IV
Master of Deception V			TYPE:LAMasterDeception.HandReaperLAPL5	VISIBLE:NO	PRECLASS:1,Hand of the Reaper=5	!PREFEAT:1,TYPE.LAMasterDeception					BONUS:SKILL|Bluff,Diplomacy,Disguise,Sense Motive|10	SOURCEPAGE:p.91	SAB:Master of Deception V
Reaper's Insight I			TYPE:LAReaperInsight.HandReaperLAPL1	VISIBLE:NO	PRECLASS:1,Hand of the Reaper=1	!PREFEAT:1,TYPE.LAReaperInsight														SOURCEPAGE:p.91	SAB:Reaper's Insight I (Ex)
Reaper's Insight II			TYPE:LAReaperInsight.HandReaperLAPL2	VISIBLE:NO	PRECLASS:1,Hand of the Reaper=2	!PREFEAT:1,TYPE.LAReaperInsight														SOURCEPAGE:p.91	SAB:Reaper's Insight II (Ex)
Reaper's Insight III			TYPE:LAReaperInsight.HandReaperLAPL3	VISIBLE:NO	PRECLASS:1,Hand of the Reaper=3	!PREFEAT:1,TYPE.LAReaperInsight														SOURCEPAGE:p.91	SAB:Reaper's Insight III (Ex)
Reaper's Insight IV			TYPE:LAReaperInsight.HandReaperLAPL4	VISIBLE:NO	PRECLASS:1,Hand of the Reaper=4	!PREFEAT:1,TYPE.LAReaperInsight														SOURCEPAGE:p.91	SAB:Reaper's Insight IV (Ex)
Reaper's Insight V			TYPE:LAReaperInsight.HandReaperLAPL5	VISIBLE:NO	PRECLASS:1,Hand of the Reaper=5	!PREFEAT:1,TYPE.LAReaperInsight														SOURCEPAGE:p.91	SAB:Reaper's Insight V (Ex)
Reaper's Touch I				TYPE:LAReaperTouch.HandReaperLAPL1		VISIBLE:NO	PRECLASS:1,Hand of the Reaper=1	!PREFEAT:1,TYPE.LAReaperTouch															SOURCEPAGE:p.91	SAB:Reaper's Touch I (Ex)
Reaper's Touch II				TYPE:LAReaperTouch.HandReaperLAPL2		VISIBLE:NO	PRECLASS:1,Hand of the Reaper=2	!PREFEAT:1,TYPE.LAReaperTouch															SOURCEPAGE:p.91	SAB:Reaper's Touch II (Ex)
Reaper's Touch III			TYPE:LAReaperTouch.HandReaperLAPL3		VISIBLE:NO	PRECLASS:1,Hand of the Reaper=3	!PREFEAT:1,TYPE.LAReaperTouch															SOURCEPAGE:p.91	SAB:Reaper's Touch III (Ex)
Reaper's Touch IV				TYPE:LAReaperTouch.HandReaperLAPL4		VISIBLE:NO	PRECLASS:1,Hand of the Reaper=4	!PREFEAT:1,TYPE.LAReaperTouch															SOURCEPAGE:p.91	SAB:Reaper's Touch IV (Ex)
Reaper's Touch V				TYPE:LAReaperTouch.HandReaperLAPL5		VISIBLE:NO	PRECLASS:1,Hand of the Reaper=5	!PREFEAT:1,TYPE.LAReaperTouch															SOURCEPAGE:p.91	SAB:Reaper's Touch V (Ex)

###Block:Incantator legendary abilities
# Feat Name				Type						Visible	Required Class		Prohibited Feat			Bonus to skill									Stat bonus					Spell Res.	Source Page		SAB
Legendary Charm I			TYPE:LALegCharm.IncantatorLAPL1	VISIBLE:NO	PRECLASS:1,Incantator=1	!PREFEAT:1,TYPE.LALegCharm												BONUS:STAT|CHA|1|TYPE=Legendary			SOURCEPAGE:p.93	SAB:Legendary Charm I (Ex)
Legendary Charm II		TYPE:LALegCharm.IncantatorLAPL2	VISIBLE:NO	PRECLASS:1,Incantator=2	!PREFEAT:1,TYPE.LALegCharm												BONUS:STAT|CHA|2|TYPE=Legendary			SOURCEPAGE:p.93	SAB:Legendary Charm II (Ex)
Legendary Charm III		TYPE:LALegCharm.IncantatorLAPL3	VISIBLE:NO	PRECLASS:1,Incantator=3	!PREFEAT:1,TYPE.LALegCharm												BONUS:STAT|CHA|3|TYPE=Legendary			SOURCEPAGE:p.93	SAB:Legendary Charm III (Ex)
Legendary Charm IV		TYPE:LALegCharm.IncantatorLAPL4	VISIBLE:NO	PRECLASS:1,Incantator=4	!PREFEAT:1,TYPE.LALegCharm												BONUS:STAT|CHA|4|TYPE=Legendary			SOURCEPAGE:p.93	SAB:Legendary Charm IV (Ex)
Legendary Charm V			TYPE:LALegCharm.IncantatorLAPL5	VISIBLE:NO	PRECLASS:1,Incantator=5	!PREFEAT:1,TYPE.LALegCharm												BONUS:STAT|CHA|5|TYPE=Legendary			SOURCEPAGE:p.93	SAB:Legendary Charm V (Ex)
Legendary Mind I			TYPE:LALegMind.IncantatorLAPL1	VISIBLE:NO	PRECLASS:1,Incantator=1	!PREFEAT:1,TYPE.LALegMind												BONUS:STAT|INT|1|TYPE=Legendary			SOURCEPAGE:p.93	SAB:Legendary Mind I (Ex)
Legendary Mind II			TYPE:LALegMind.IncantatorLAPL2	VISIBLE:NO	PRECLASS:1,Incantator=2	!PREFEAT:1,TYPE.LALegMind												BONUS:STAT|INT|2|TYPE=Legendary			SOURCEPAGE:p.93	SAB:Legendary Mind II (Ex)
Legendary Mind III		TYPE:LALegMind.IncantatorLAPL3	VISIBLE:NO	PRECLASS:1,Incantator=3	!PREFEAT:1,TYPE.LALegMind												BONUS:STAT|INT|3|TYPE=Legendary			SOURCEPAGE:p.93	SAB:Legendary Mind III (Ex)
Legendary Mind IV			TYPE:LALegMind.IncantatorLAPL4	VISIBLE:NO	PRECLASS:1,Incantator=4	!PREFEAT:1,TYPE.LALegMind												BONUS:STAT|INT|4|TYPE=Legendary			SOURCEPAGE:p.93	SAB:Legendary Mind IV (Ex)
Legendary Mind V			TYPE:LALegMind.IncantatorLAPL5	VISIBLE:NO	PRECLASS:1,Incantator=5	!PREFEAT:1,TYPE.LALegMind												BONUS:STAT|INT|5|TYPE=Legendary			SOURCEPAGE:p.93	SAB:Legendary Mind V (Ex)
Craft Spell I			TYPE:LACraftSpell.IncantatorLAPL1	VISIBLE:NO	PRECLASS:1,Incantator=1	!PREFEAT:1,TYPE.LACraftSpell																				SOURCEPAGE:p.93	SAB:Craft Spell I (Su)
Craft Spell II			TYPE:LACraftSpell.IncantatorLAPL2	VISIBLE:NO	PRECLASS:1,Incantator=2	!PREFEAT:1,TYPE.LACraftSpell																				SOURCEPAGE:p.93	SAB:Craft Spell II (Su)
Craft Spell III			TYPE:LACraftSpell.IncantatorLAPL3	VISIBLE:NO	PRECLASS:1,Incantator=3	!PREFEAT:1,TYPE.LACraftSpell																				SOURCEPAGE:p.93	SAB:Craft Spell III (Su)
Craft Spell IV			TYPE:LACraftSpell.IncantatorLAPL4	VISIBLE:NO	PRECLASS:1,Incantator=4	!PREFEAT:1,TYPE.LACraftSpell																				SOURCEPAGE:p.93	SAB:Craft Spell IV (Su)
Craft Spell V			TYPE:LACraftSpell.IncantatorLAPL5	VISIBLE:NO	PRECLASS:1,Incantator=5	!PREFEAT:1,TYPE.LACraftSpell																				SOURCEPAGE:p.93	SAB:Craft Spell V (Su)
Detect Magic I			TYPE:LADetectMagic.IncantatorLAPL1	VISIBLE:NO	PRECLASS:1,Incantator=1	!PREFEAT:1,TYPE.LADetectMagic																				SOURCEPAGE:p.93	SAB:Detect Magic I (Sp)
Detect Magic II			TYPE:LADetectMagic.IncantatorLAPL2	VISIBLE:NO	PRECLASS:1,Incantator=2	!PREFEAT:1,TYPE.LADetectMagic																				SOURCEPAGE:p.93	SAB:Detect Magic II (Sp)
Detect Magic III			TYPE:LADetectMagic.IncantatorLAPL3	VISIBLE:NO	PRECLASS:1,Incantator=3	!PREFEAT:1,TYPE.LADetectMagic																				SOURCEPAGE:p.93	SAB:Detect Magic III (Sp)
Detect Magic IV			TYPE:LADetectMagic.IncantatorLAPL4	VISIBLE:NO	PRECLASS:1,Incantator=4	!PREFEAT:1,TYPE.LADetectMagic																				SOURCEPAGE:p.93	SAB:Detect Magic IV (Sp)
Detect Magic V			TYPE:LADetectMagic.IncantatorLAPL5	VISIBLE:NO	PRECLASS:1,Incantator=5	!PREFEAT:1,TYPE.LADetectMagic																				SOURCEPAGE:p.93	SAB:Detect Magic V (Sp)
High Arcane Knowledge I		TYPE:LAHighArcane.IncantatorLAPL1	VISIBLE:NO	PRECLASS:1,Incantator=1	!PREFEAT:1,TYPE.LAHighArcane	BONUS:SKILL|Knowledge (Arcana),Spellcraft,Use Magic Device|2									SOURCEPAGE:p.93	SAB:High Arcane Knowledge I (Ex)
High Arcane Knowledge II	TYPE:LAHighArcane.IncantatorLAPL2	VISIBLE:NO	PRECLASS:1,Incantator=2	!PREFEAT:1,TYPE.LAHighArcane	BONUS:SKILL|Knowledge (Arcana),Spellcraft,Use Magic Device|4									SOURCEPAGE:p.93	SAB:High Arcane Knowledge II (Ex)
High Arcane Knowledge III	TYPE:LAHighArcane.IncantatorLAPL3	VISIBLE:NO	PRECLASS:1,Incantator=3	!PREFEAT:1,TYPE.LAHighArcane	BONUS:SKILL|Knowledge (Arcana),Spellcraft,Use Magic Device|6									SOURCEPAGE:p.93	SAB:High Arcane Knowledge III (Ex)
High Arcane Knowledge IV	TYPE:LAHighArcane.IncantatorLAPL4	VISIBLE:NO	PRECLASS:1,Incantator=4	!PREFEAT:1,TYPE.LAHighArcane	BONUS:SKILL|Knowledge (Arcana),Spellcraft,Use Magic Device|8									SOURCEPAGE:p.93	SAB:High Arcane Knowledge IV (Ex)
High Arcane Knowledge V		TYPE:LAHighArcane.IncantatorLAPL5	VISIBLE:NO	PRECLASS:1,Incantator=5	!PREFEAT:1,TYPE.LAHighArcane	BONUS:SKILL|Knowledge (Arcana),Spellcraft,Use Magic Device|10									SOURCEPAGE:p.93	SAB:High Arcane Knowledge V (Ex)
Spell Resistance I		TYPE:LASpellResist.IncantatorLAPL1	VISIBLE:NO	PRECLASS:1,Incantator=1	!PREFEAT:1,TYPE.LASpellResist																		SR:13		SOURCEPAGE:p.93	SAB:Spell Resistance I (Ex)
Spell Resistance II		TYPE:LASpellResist.IncantatorLAPL2	VISIBLE:NO	PRECLASS:1,Incantator=2	!PREFEAT:1,TYPE.LASpellResist																		SR:16		SOURCEPAGE:p.93	SAB:Spell Resistance II (Ex)
Spell Resistance III		TYPE:LASpellResist.IncantatorLAPL3	VISIBLE:NO	PRECLASS:1,Incantator=3	!PREFEAT:1,TYPE.LASpellResist																		SR:19		SOURCEPAGE:p.93	SAB:Spell Resistance III (Ex)
Spell Resistance IV		TYPE:LASpellResist.IncantatorLAPL4	VISIBLE:NO	PRECLASS:1,Incantator=4	!PREFEAT:1,TYPE.LASpellResist																		SR:22		SOURCEPAGE:p.93	SAB:Spell Resistance IV (Ex)
Spell Resistance V		TYPE:LASpellResist.IncantatorLAPL5	VISIBLE:NO	PRECLASS:1,Incantator=5	!PREFEAT:1,TYPE.LASpellResist																		SR:25		SOURCEPAGE:p.93	SAB:Spell Resistance V (Ex)
Steal Magic I			TYPE:LAStealMagic.IncantatorLAPL1	VISIBLE:NO	PRECLASS:1,Incantator=1	!PREFEAT:1,TYPE.LAStealMagic																				SOURCEPAGE:p.93	SAB:Steal Magic I (Sp)
Steal Magic II			TYPE:LAStealMagic.IncantatorLAPL2	VISIBLE:NO	PRECLASS:1,Incantator=2	!PREFEAT:1,TYPE.LAStealMagic																				SOURCEPAGE:p.93	SAB:Steal Magic II (Sp)
Steal Magic III			TYPE:LAStealMagic.IncantatorLAPL3	VISIBLE:NO	PRECLASS:1,Incantator=3	!PREFEAT:1,TYPE.LAStealMagic																				SOURCEPAGE:p.93	SAB:Steal Magic III (Sp)
Steal Magic IV			TYPE:LAStealMagic.IncantatorLAPL4	VISIBLE:NO	PRECLASS:1,Incantator=4	!PREFEAT:1,TYPE.LAStealMagic																				SOURCEPAGE:p.93	SAB:Steal Magic IV (Sp)
Steal Magic V			TYPE:LAStealMagic.IncantatorLAPL5	VISIBLE:NO	PRECLASS:1,Incantator=5	!PREFEAT:1,TYPE.LAStealMagic																				SOURCEPAGE:p.93	SAB:Steal Magic V (Sp)
# Attempt to add SA with prereq Steal Magic. no luck so far.
# Feat Name					Type						Visible		Required Class		Required feat														Special Ability					Source Page
# Steal Dweomer				TYPE:IncantatorStealMagic		VISIBLE:NO		PRECLASS:1,Incantator=3	PREFEAT:1,Steal Magic PL1,Steal Magic PL2,Steal Magic PL3,Steal Magic PL4,Steal Magic PL5		SAB:Steal Dweomer					SOURCEPAGE:p.93
# Steal Spell-like Abilities		TYPE:IncantatorStealMagic		VISIBLE:NO		PRECLASS:1,Incantator=4	PREFEAT:1,Steal Magic PL1,Steal Magic PL2,Steal Magic PL3,Steal Magic PL4,Steal Magic PL5		SAB:Steal Spell-like Abilities			SOURCEPAGE:p.93
# Steal Supernatural Ablities		TYPE:IncantatorStealMagic		VISIBLE:NO		PRECLASS:1,Incantator=5	PREFEAT:1,Steal Magic PL1,Steal Magic PL2,Steal Magic PL3,Steal Magic PL4,Steal Magic PL5		SAB:Steal Supernatural Ablities		SOURCEPAGE:p.93


###Block:Jack of Knives legendary abilities
# Feat Name				Type							Visible	Required Class			Prohibited Feat				Stat bonus					Weapon prof. bonus													Source Page		SAB
Amazing Grace I			TYPE:LAAmazingGrace.JackKnivesLAPL1		VISIBLE:NO	PRECLASS:1,Jack of Knives=1	!PREFEAT:1,TYPE.LAAmazingGrace	BONUS:STAT|DEX|1|TYPE=Legendary																	SOURCEPAGE:p.96	SAB:Amazing Grace I (Ex)
Amazing Grace II			TYPE:LAAmazingGrace.JackKnivesLAPL2		VISIBLE:NO	PRECLASS:1,Jack of Knives=2	!PREFEAT:1,TYPE.LAAmazingGrace	BONUS:STAT|DEX|2|TYPE=Legendary																	SOURCEPAGE:p.96	SAB:Amazing Grace II (Ex)
Amazing Grace III			TYPE:LAAmazingGrace.JackKnivesLAPL3		VISIBLE:NO	PRECLASS:1,Jack of Knives=3	!PREFEAT:1,TYPE.LAAmazingGrace	BONUS:STAT|DEX|3|TYPE=Legendary																	SOURCEPAGE:p.96	SAB:Amazing Grace III (Ex)
Amazing Grace IV			TYPE:LAAmazingGrace.JackKnivesLAPL4		VISIBLE:NO	PRECLASS:1,Jack of Knives=4	!PREFEAT:1,TYPE.LAAmazingGrace	BONUS:STAT|DEX|4|TYPE=Legendary																	SOURCEPAGE:p.96	SAB:Amazing Grace IV (Ex)
Amazing Grace V			TYPE:LAAmazingGrace.JackKnivesLAPL5		VISIBLE:NO	PRECLASS:1,Jack of Knives=5	!PREFEAT:1,TYPE.LAAmazingGrace	BONUS:STAT|DEX|5|TYPE=Legendary																	SOURCEPAGE:p.96	SAB:Amazing Grace V (Ex)
Bane Strike I			TYPE:LABaneStrike.JackKnivesLAPL1		VISIBLE:NO	PRECLASS:1,Jack of Knives=1	!PREFEAT:1,TYPE.LABaneStrike																								SOURCEPAGE:p.96	SAB:Bane Strike I (Su) 1/day
Bane Strike II			TYPE:LABaneStrike.JackKnivesLAPL2		VISIBLE:NO	PRECLASS:1,Jack of Knives=2	!PREFEAT:1,TYPE.LABaneStrike																								SOURCEPAGE:p.96	SAB:Bane Strike II (Su) 2/day
Bane Strike III			TYPE:LABaneStrike.JackKnivesLAPL3		VISIBLE:NO	PRECLASS:1,Jack of Knives=3	!PREFEAT:1,TYPE.LABaneStrike																								SOURCEPAGE:p.96	SAB:Bane Strike III (Su) 3/day
Bane Strike IV			TYPE:LABaneStrike.JackKnivesLAPL4		VISIBLE:NO	PRECLASS:1,Jack of Knives=4	!PREFEAT:1,TYPE.LABaneStrike																								SOURCEPAGE:p.96	SAB:Bane Strike IV (Su) 4/day
Bane Strike V			TYPE:LABaneStrike.JackKnivesLAPL5		VISIBLE:NO	PRECLASS:1,Jack of Knives=5	!PREFEAT:1,TYPE.LABaneStrike																								SOURCEPAGE:p.96	SAB:Bane Strike V (Su) 5/day
Blade Friend I			TYPE:LABladeFriend.JackKnivesLAPL1		VISIBLE:NO	PRECLASS:1,Jack of Knives=1	!PREFEAT:1,TYPE.LABladeFriend																								SOURCEPAGE:p.96	SAB:Blade Friend I (Su)
Blade Friend II			TYPE:LABladeFriend.JackKnivesLAPL2		VISIBLE:NO	PRECLASS:1,Jack of Knives=2	!PREFEAT:1,TYPE.LABladeFriend																								SOURCEPAGE:p.96	SAB:Blade Friend II (Su)
Blade Friend III			TYPE:LABladeFriend.JackKnivesLAPL3		VISIBLE:NO	PRECLASS:1,Jack of Knives=3	!PREFEAT:1,TYPE.LABladeFriend																								SOURCEPAGE:p.96	SAB:Blade Friend III (Su)
Blade Friend IV			TYPE:LABladeFriend.JackKnivesLAPL4		VISIBLE:NO	PRECLASS:1,Jack of Knives=4	!PREFEAT:1,TYPE.LABladeFriend																								SOURCEPAGE:p.96	SAB:Blade Friend IV (Su)
Blade Friend V			TYPE:LABladeFriend.JackKnivesLAPL5		VISIBLE:NO	PRECLASS:1,Jack of Knives=5	!PREFEAT:1,TYPE.LABladeFriend																								SOURCEPAGE:p.96	SAB:Blade Friend V (Su)
Crippling Accuracy I		TYPE:LACripplingAccuracy.JackKnivesLAPL1	VISIBLE:NO	PRECLASS:1,Jack of Knives=1	!PREFEAT:1,TYPE.LACripplingAccuracy																							SOURCEPAGE:p.96	SAB:Crippling Accuracy I (Su)
Crippling Accuracy II		TYPE:LACripplingAccuracy.JackKnivesLAPL2	VISIBLE:NO	PRECLASS:1,Jack of Knives=2	!PREFEAT:1,TYPE.LACripplingAccuracy																							SOURCEPAGE:p.96	SAB:Crippling Accuracy II (Su)
Crippling Accuracy III		TYPE:LACripplingAccuracy.JackKnivesLAPL3	VISIBLE:NO	PRECLASS:1,Jack of Knives=3	!PREFEAT:1,TYPE.LACripplingAccuracy																							SOURCEPAGE:p.96	SAB:Crippling Accuracy III (Su)
Crippling Accuracy IV		TYPE:LACripplingAccuracy.JackKnivesLAPL4	VISIBLE:NO	PRECLASS:1,Jack of Knives=4	!PREFEAT:1,TYPE.LACripplingAccuracy																							SOURCEPAGE:p.96	SAB:Crippling Accuracy IV (Su)
Crippling Accuracy V		TYPE:LACripplingAccuracy.JackKnivesLAPL5	VISIBLE:NO	PRECLASS:1,Jack of Knives=5	!PREFEAT:1,TYPE.LACripplingAccuracy																							SOURCEPAGE:p.96	SAB:Crippling Accuracy V (Su)
Dagger Master I			TYPE:LADaggerMaster.JackKnivesLAPL1		VISIBLE:NO	PRECLASS:1,Jack of Knives=1	!PREFEAT:1,TYPE.LADaggerMaster							BONUS:WEAPONPROF=Dagger|TOHIT|1|TYPE=Legendary	BONUS:WEAPONPROF=Dagger|DAMAGE|1|TYPE=Legendary	SOURCEPAGE:p.96	SAB:Dagger Master I (Ex)
Dagger Master II			TYPE:LADaggerMaster.JackKnivesLAPL2		VISIBLE:NO	PRECLASS:1,Jack of Knives=2	!PREFEAT:1,TYPE.LADaggerMaster							BONUS:WEAPONPROF=Dagger|TOHIT|2|TYPE=Legendary	BONUS:WEAPONPROF=Dagger|DAMAGE|2|TYPE=Legendary	SOURCEPAGE:p.96	SAB:Dagger Master II (Ex)
Dagger Master III			TYPE:LADaggerMaster.JackKnivesLAPL3		VISIBLE:NO	PRECLASS:1,Jack of Knives=3	!PREFEAT:1,TYPE.LADaggerMaster							BONUS:WEAPONPROF=Dagger|TOHIT|3|TYPE=Legendary	BONUS:WEAPONPROF=Dagger|DAMAGE|3|TYPE=Legendary	SOURCEPAGE:p.96	SAB:Dagger Master III (Ex)
Dagger Master IV			TYPE:LADaggerMaster.JackKnivesLAPL4		VISIBLE:NO	PRECLASS:1,Jack of Knives=4	!PREFEAT:1,TYPE.LADaggerMaster							BONUS:WEAPONPROF=Dagger|TOHIT|4|TYPE=Legendary	BONUS:WEAPONPROF=Dagger|DAMAGE|4|TYPE=Legendary	SOURCEPAGE:p.96	SAB:Dagger Master IV (Ex)
Dagger Master V			TYPE:LADaggerMaster.JackKnivesLAPL5		VISIBLE:NO	PRECLASS:1,Jack of Knives=5	!PREFEAT:1,TYPE.LADaggerMaster							BONUS:WEAPONPROF=Dagger|TOHIT|5|TYPE=Legendary	BONUS:WEAPONPROF=Dagger|DAMAGE|5|TYPE=Legendary	SOURCEPAGE:p.96	SAB:Dagger Master V (Ex)
Deadly Speed I			TYPE:LADeadlySpeed.JackKnivesLAPL1		VISIBLE:NO	PRECLASS:1,Jack of Knives=1	!PREFEAT:1,TYPE.LADeadlySpeed																								SOURCEPAGE:p.96	SAB:Deadly Speed I (Su)
Deadly Speed II			TYPE:LADeadlySpeed.JackKnivesLAPL2		VISIBLE:NO	PRECLASS:1,Jack of Knives=2	!PREFEAT:1,TYPE.LADeadlySpeed																								SOURCEPAGE:p.96	SAB:Deadly Speed II (Su)
Deadly Speed III			TYPE:LADeadlySpeed.JackKnivesLAPL3		VISIBLE:NO	PRECLASS:1,Jack of Knives=3	!PREFEAT:1,TYPE.LADeadlySpeed																								SOURCEPAGE:p.96	SAB:Deadly Speed III (Su)
Deadly Speed IV			TYPE:LADeadlySpeed.JackKnivesLAPL4		VISIBLE:NO	PRECLASS:1,Jack of Knives=4	!PREFEAT:1,TYPE.LADeadlySpeed																								SOURCEPAGE:p.96	SAB:Deadly Speed IV (Su)
Deadly Speed V			TYPE:LADeadlySpeed.JackKnivesLAPL5		VISIBLE:NO	PRECLASS:1,Jack of Knives=5	!PREFEAT:1,TYPE.LADeadlySpeed																								SOURCEPAGE:p.96	SAB:Deadly Speed V (Su)
# Sneak Attack but only with daggers, keep it separate or stack it with normal sneak attack??? (it does stack but only with daggers)
Sneak Attack I (Dagger)		TYPE:LASneakAttackA.JackKnivesLAPL1		VISIBLE:NO	PRECLASS:1,Jack of Knives=1	!PREFEAT:1,TYPE.LASneakAttackA																							SOURCEPAGE:p.96	SAB:Sneak Attack I (Ex) +1d6
Sneak Attack II (Dagger)	TYPE:LASneakAttackA.JackKnivesLAPL2		VISIBLE:NO	PRECLASS:1,Jack of Knives=2	!PREFEAT:1,TYPE.LASneakAttackA																							SOURCEPAGE:p.96	SAB:Sneak Attack II (Ex) +2d6
Sneak Attack III (Dagger)	TYPE:LASneakAttackA.JackKnivesLAPL3		VISIBLE:NO	PRECLASS:1,Jack of Knives=3	!PREFEAT:1,TYPE.LASneakAttackA																							SOURCEPAGE:p.96	SAB:Sneak Attack III (Ex) +3d6
Sneak Attack IV (Dagger)	TYPE:LASneakAttackA.JackKnivesLAPL4		VISIBLE:NO	PRECLASS:1,Jack of Knives=4	!PREFEAT:1,TYPE.LASneakAttackA																							SOURCEPAGE:p.96	SAB:Sneak Attack IV (Ex) +4d6
Sneak Attack V (Dagger)		TYPE:LASneakAttackA.JackKnivesLAPL5		VISIBLE:NO	PRECLASS:1,Jack of Knives=5	!PREFEAT:1,TYPE.LASneakAttackA																							SOURCEPAGE:p.96	SAB:Sneak Attack V (Ex) +5d6


###Block:Jack o' the Green legendary abilities
# Feat Name			Type							Visible	Required Class				Prohibited Feat				Bonus to skill							Stat bonus					Source Page		SAB
Nimble Jack I		TYPE:LANimbleJack.JackGreenLAPL1		VISIBLE:NO	PRECLASS:1,Jack o' the Green=1	!PREFEAT:1,TYPE.LANimbleJack											BONUS:STAT|DEX|1|TYPE=Legendary	SOURCEPAGE:p.99	SAB:Nimble Jack I
Nimble Jack II		TYPE:LANimbleJack.JackGreenLAPL2		VISIBLE:NO	PRECLASS:1,Jack o' the Green=2	!PREFEAT:1,TYPE.LANimbleJack											BONUS:STAT|DEX|2|TYPE=Legendary	SOURCEPAGE:p.99	SAB:Nimble Jack II
Nimble Jack III		TYPE:LANimbleJack.JackGreenLAPL3		VISIBLE:NO	PRECLASS:1,Jack o' the Green=3	!PREFEAT:1,TYPE.LANimbleJack											BONUS:STAT|DEX|3|TYPE=Legendary	SOURCEPAGE:p.99	SAB:Nimble Jack III
Nimble Jack IV		TYPE:LANimbleJack.JackGreenLAPL4		VISIBLE:NO	PRECLASS:1,Jack o' the Green=4	!PREFEAT:1,TYPE.LANimbleJack											BONUS:STAT|DEX|4|TYPE=Legendary	SOURCEPAGE:p.99	SAB:Nimble Jack IV
Nimble Jack V		TYPE:LANimbleJack.JackGreenLAPL5		VISIBLE:NO	PRECLASS:1,Jack o' the Green=5	!PREFEAT:1,TYPE.LANimbleJack											BONUS:STAT|DEX|5|TYPE=Legendary	SOURCEPAGE:p.99	SAB:Nimble Jack V
Charming Rascal I		TYPE:LACharmingRascal.JackGreenLAPL1	VISIBLE:NO	PRECLASS:1,Jack o' the Green=1	!PREFEAT:1,TYPE.LACharmingRascal										BONUS:STAT|CHA|1|TYPE=Legendary	SOURCEPAGE:p.99	SAB:Charming Rascal I
Charming Rascal II	TYPE:LACharmingRascal.JackGreenLAPL2	VISIBLE:NO	PRECLASS:1,Jack o' the Green=2	!PREFEAT:1,TYPE.LACharmingRascal										BONUS:STAT|CHA|2|TYPE=Legendary	SOURCEPAGE:p.99	SAB:Charming Rascal II
Charming Rascal III	TYPE:LACharmingRascal.JackGreenLAPL3	VISIBLE:NO	PRECLASS:1,Jack o' the Green=3	!PREFEAT:1,TYPE.LACharmingRascal										BONUS:STAT|CHA|3|TYPE=Legendary	SOURCEPAGE:p.99	SAB:Charming Rascal III
Charming Rascal IV	TYPE:LACharmingRascal.JackGreenLAPL4	VISIBLE:NO	PRECLASS:1,Jack o' the Green=4	!PREFEAT:1,TYPE.LACharmingRascal										BONUS:STAT|CHA|4|TYPE=Legendary	SOURCEPAGE:p.99	SAB:Charming Rascal IV
Charming Rascal V		TYPE:LACharmingRascal.JackGreenLAPL5	VISIBLE:NO	PRECLASS:1,Jack o' the Green=5	!PREFEAT:1,TYPE.LACharmingRascal										BONUS:STAT|CHA|5|TYPE=Legendary	SOURCEPAGE:p.99	SAB:Charming Rascal V
Cunning Rogue I		TYPE:LACunningRogue.JackGreenLAPL1		VISIBLE:NO	PRECLASS:1,Jack o' the Green=1	!PREFEAT:1,TYPE.LACunningRogue	BONUS:SKILL|Bluff,Disguise,Gather Information|2								SOURCEPAGE:p.99	SAB:Cunning Rogue I
Cunning Rogue II		TYPE:LACunningRogue.JackGreenLAPL2		VISIBLE:NO	PRECLASS:1,Jack o' the Green=2	!PREFEAT:1,TYPE.LACunningRogue	BONUS:SKILL|Bluff,Disguise,Gather Information|4								SOURCEPAGE:p.99	SAB:Cunning Rogue II
Cunning Rogue III		TYPE:LACunningRogue.JackGreenLAPL3		VISIBLE:NO	PRECLASS:1,Jack o' the Green=3	!PREFEAT:1,TYPE.LACunningRogue	BONUS:SKILL|Bluff,Disguise,Gather Information|6								SOURCEPAGE:p.99	SAB:Cunning Rogue III
Cunning Rogue IV		TYPE:LACunningRogue.JackGreenLAPL4		VISIBLE:NO	PRECLASS:1,Jack o' the Green=4	!PREFEAT:1,TYPE.LACunningRogue	BONUS:SKILL|Bluff,Disguise,Gather Information|8								SOURCEPAGE:p.99	SAB:Cunning Rogue IV
Cunning Rogue V		TYPE:LACunningRogue.JackGreenLAPL5		VISIBLE:NO	PRECLASS:1,Jack o' the Green=5	!PREFEAT:1,TYPE.LACunningRogue	BONUS:SKILL|Bluff,Disguise,Gather Information|10							SOURCEPAGE:p.99	SAB:Cunning Rogue V
# Wilderness Expert => BONUS:SKILL|Hide,Move Silently,Wilderness Lore|2*PL on his own home territory
Wilderness Expert I	TYPE:LAWildernessExpert.JackGreenLAPL1	VISIBLE:NO	PRECLASS:1,Jack o' the Green=1	!PREFEAT:1,TYPE.LAWildernessExpert																SOURCEPAGE:p.99	SAB:Wilderness Expert I
Wilderness Expert II	TYPE:LAWildernessExpert.JackGreenLAPL2	VISIBLE:NO	PRECLASS:1,Jack o' the Green=2	!PREFEAT:1,TYPE.LAWildernessExpert																SOURCEPAGE:p.99	SAB:Wilderness Expert II
Wilderness Expert III	TYPE:LAWildernessExpert.JackGreenLAPL3	VISIBLE:NO	PRECLASS:1,Jack o' the Green=3	!PREFEAT:1,TYPE.LAWildernessExpert																SOURCEPAGE:p.99	SAB:Wilderness Expert III
Wilderness Expert IV	TYPE:LAWildernessExpert.JackGreenLAPL4	VISIBLE:NO	PRECLASS:1,Jack o' the Green=4	!PREFEAT:1,TYPE.LAWildernessExpert																SOURCEPAGE:p.99	SAB:Wilderness Expert IV
Wilderness Expert V	TYPE:LAWildernessExpert.JackGreenLAPL5	VISIBLE:NO	PRECLASS:1,Jack o' the Green=5	!PREFEAT:1,TYPE.LAWildernessExpert																SOURCEPAGE:p.99	SAB:Wilderness Expert V
Merry Band I		TYPE:LAMerryBand.JackGreenLAPL1		VISIBLE:NO	PRECLASS:1,Jack o' the Green=1	!PREFEAT:1,TYPE.LAMerryBand																	SOURCEPAGE:p.99	SAB:Merry Band I
Merry Band II		TYPE:LAMerryBand.JackGreenLAPL2		VISIBLE:NO	PRECLASS:1,Jack o' the Green=2	!PREFEAT:1,TYPE.LAMerryBand																	SOURCEPAGE:p.99	SAB:Merry Band II
Merry Band III		TYPE:LAMerryBand.JackGreenLAPL3		VISIBLE:NO	PRECLASS:1,Jack o' the Green=3	!PREFEAT:1,TYPE.LAMerryBand																	SOURCEPAGE:p.99	SAB:Merry Band III
Merry Band IV		TYPE:LAMerryBand.JackGreenLAPL4		VISIBLE:NO	PRECLASS:1,Jack o' the Green=4	!PREFEAT:1,TYPE.LAMerryBand																	SOURCEPAGE:p.99	SAB:Merry Band IV
Merry Band V		TYPE:LAMerryBand.JackGreenLAPL5		VISIBLE:NO	PRECLASS:1,Jack o' the Green=5	!PREFEAT:1,TYPE.LAMerryBand																	SOURCEPAGE:p.99	SAB:Merry Band V
Slippery Eel I		TYPE:LASlipperyEel.JackGreenLAPL1		VISIBLE:NO	PRECLASS:1,Jack o' the Green=1	!PREFEAT:1,TYPE.LASlipperyEel		BONUS:SKILL|Escape Artist,Jump,Tumble|2									SOURCEPAGE:p.99	SAB:Slippery Eel I
Slippery Eel II		TYPE:LASlipperyEel.JackGreenLAPL2		VISIBLE:NO	PRECLASS:1,Jack o' the Green=2	!PREFEAT:1,TYPE.LASlipperyEel		BONUS:SKILL|Escape Artist,Jump,Tumble|4									SOURCEPAGE:p.99	SAB:Slippery Eel II
Slippery Eel III		TYPE:LASlipperyEel.JackGreenLAPL3		VISIBLE:NO	PRECLASS:1,Jack o' the Green=3	!PREFEAT:1,TYPE.LASlipperyEel		BONUS:SKILL|Escape Artist,Jump,Tumble|6									SOURCEPAGE:p.99	SAB:Slippery Eel III
Slippery Eel IV		TYPE:LASlipperyEel.JackGreenLAPL4		VISIBLE:NO	PRECLASS:1,Jack o' the Green=4	!PREFEAT:1,TYPE.LASlipperyEel		BONUS:SKILL|Escape Artist,Jump,Tumble|8									SOURCEPAGE:p.99	SAB:Slippery Eel IV
Slippery Eel V		TYPE:LASlipperyEel.JackGreenLAPL5		VISIBLE:NO	PRECLASS:1,Jack o' the Green=5	!PREFEAT:1,TYPE.LASlipperyEel		BONUS:SKILL|Escape Artist,Jump,Tumble|10									SOURCEPAGE:p.99	SAB:Slippery Eel V
Hidden Jack I		TYPE:LAHiddenJack.JackGreenLAPL1		VISIBLE:NO	PRECLASS:1,Jack o' the Green=1	!PREFEAT:1,TYPE.LAHiddenJack																	SOURCEPAGE:p.99	SAB:Hidden Jack I (Sp) 1/day
Hidden Jack II		TYPE:LAHiddenJack.JackGreenLAPL2		VISIBLE:NO	PRECLASS:1,Jack o' the Green=2	!PREFEAT:1,TYPE.LAHiddenJack																	SOURCEPAGE:p.99	SAB:Hidden Jack II (Sp) 2/day
Hidden Jack III		TYPE:LAHiddenJack.JackGreenLAPL3		VISIBLE:NO	PRECLASS:1,Jack o' the Green=3	!PREFEAT:1,TYPE.LAHiddenJack																	SOURCEPAGE:p.99	SAB:Hidden Jack III (Sp) 3/day
Hidden Jack IV		TYPE:LAHiddenJack.JackGreenLAPL4		VISIBLE:NO	PRECLASS:1,Jack o' the Green=4	!PREFEAT:1,TYPE.LAHiddenJack																	SOURCEPAGE:p.99	SAB:Hidden Jack IV (Sp) 4/day
Hidden Jack V		TYPE:LAHiddenJack.JackGreenLAPL5		VISIBLE:NO	PRECLASS:1,Jack o' the Green=5	!PREFEAT:1,TYPE.LAHiddenJack																	SOURCEPAGE:p.99	SAB:Hidden Jack V (Sp) 5/day


###Block:Master Burglar legendary abilities
# Feat Name					Type							Visible	Required Class			Prohibited Feat				Combat bonus					Bonus to skill					Source Page		SAB
Bane of Locked Doors I			TYPE:LABaneLockedDoors.MasterBurglarLAPL1	VISIBLE:NO	PRECLASS:1,Master Burglar=1	!PREFEAT:1,TYPE.LABaneLockedDoors															SOURCEPAGE:p.101	SAB:Bane of Locked Doors I (Ex)
Bane of Locked Doors II			TYPE:LABaneLockedDoors.MasterBurglarLAPL2	VISIBLE:NO	PRECLASS:1,Master Burglar=2	!PREFEAT:1,TYPE.LABaneLockedDoors															SOURCEPAGE:p.101	SAB:Bane of Locked Doors II (Ex)
Bane of Locked Doors III		TYPE:LABaneLockedDoors.MasterBurglarLAPL3	VISIBLE:NO	PRECLASS:1,Master Burglar=3	!PREFEAT:1,TYPE.LABaneLockedDoors															SOURCEPAGE:p.101	SAB:Bane of Locked Doors III (Ex)
Bane of Locked Doors IV			TYPE:LABaneLockedDoors.MasterBurglarLAPL4	VISIBLE:NO	PRECLASS:1,Master Burglar=4	!PREFEAT:1,TYPE.LABaneLockedDoors															SOURCEPAGE:p.101	SAB:Bane of Locked Doors IV (Ex)
Bane of Locked Doors V			TYPE:LABaneLockedDoors.MasterBurglarLAPL5	VISIBLE:NO	PRECLASS:1,Master Burglar=5	!PREFEAT:1,TYPE.LABaneLockedDoors															SOURCEPAGE:p.101	SAB:Bane of Locked Doors V (Ex)
Blood of the Spider I			TYPE:LABloodSpider.MasterBurglarLAPL1	VISIBLE:NO	PRECLASS:1,Master Burglar=1	!PREFEAT:1,TYPE.LABloodSpider									BONUS:SKILL|Climb|8				SOURCEPAGE:p.101	SAB:Blood of the Spider I (Ex) spd 5ft.
Blood of the Spider II			TYPE:LABloodSpider.MasterBurglarLAPL2	VISIBLE:NO	PRECLASS:1,Master Burglar=2	!PREFEAT:1,TYPE.LABloodSpider									BONUS:SKILL|Climb|8				SOURCEPAGE:p.101	SAB:Blood of the Spider II (Ex) spd 10ft.
Blood of the Spider III			TYPE:LABloodSpider.MasterBurglarLAPL3	VISIBLE:NO	PRECLASS:1,Master Burglar=3	!PREFEAT:1,TYPE.LABloodSpider									BONUS:SKILL|Climb|8				SOURCEPAGE:p.101	SAB:Blood of the Spider III (Ex) spd 15ft.
Blood of the Spider IV			TYPE:LABloodSpider.MasterBurglarLAPL4	VISIBLE:NO	PRECLASS:1,Master Burglar=4	!PREFEAT:1,TYPE.LABloodSpider									BONUS:SKILL|Climb|8				SOURCEPAGE:p.101	SAB:Blood of the Spider IV (Ex) spd 20ft.
Blood of the Spider V			TYPE:LABloodSpider.MasterBurglarLAPL5	VISIBLE:NO	PRECLASS:1,Master Burglar=5	!PREFEAT:1,TYPE.LABloodSpider									BONUS:SKILL|Climb|8				SOURCEPAGE:p.101	SAB:Blood of the Spider V (Ex) spd 25ft.
Legend of the Stealthy Arts I		TYPE:LAStealthyArts.MasterBurglarLAPL1	VISIBLE:NO	PRECLASS:1,Master Burglar=1	!PREFEAT:1,TYPE.LAStealthyArts															SOURCEPAGE:p.102	SAB:Legend of the Stealthy Arts I (Su) 1/day
Legend of the Stealthy Arts II	TYPE:LAStealthyArts.MasterBurglarLAPL2	VISIBLE:NO	PRECLASS:1,Master Burglar=2	!PREFEAT:1,TYPE.LAStealthyArts															SOURCEPAGE:p.102	SAB:Legend of the Stealthy Arts II (Su) 2/day
Legend of the Stealthy Arts III	TYPE:LAStealthyArts.MasterBurglarLAPL3	VISIBLE:NO	PRECLASS:1,Master Burglar=3	!PREFEAT:1,TYPE.LAStealthyArts															SOURCEPAGE:p.102	SAB:Legend of the Stealthy Arts III (Su) 3/day
Legend of the Stealthy Arts IV	TYPE:LAStealthyArts.MasterBurglarLAPL4	VISIBLE:NO	PRECLASS:1,Master Burglar=4	!PREFEAT:1,TYPE.LAStealthyArts															SOURCEPAGE:p.102	SAB:Legend of the Stealthy Arts IV (Su) 4/day
Legend of the Stealthy Arts V		TYPE:LAStealthyArts.MasterBurglarLAPL5	VISIBLE:NO	PRECLASS:1,Master Burglar=5	!PREFEAT:1,TYPE.LAStealthyArts															SOURCEPAGE:p.102	SAB:Legend of the Stealthy Arts V (Su) 5/day
Sense for Danger I			TYPE:LASenseDanger.MasterBurglarLAPL1	VISIBLE:NO	PRECLASS:1,Master Burglar=1	!PREFEAT:1,TYPE.LASenseDanger		BONUS:COMBAT|INITIATIVE|1|TYPE=Legendary	BONUS:SKILL|Listen,Spot|2|TYPE=Legendary	SOURCEPAGE:p.102	SAB:Sense for Danger I (Ex)
Sense for Danger II			TYPE:LASenseDanger.MasterBurglarLAPL2	VISIBLE:NO	PRECLASS:1,Master Burglar=2	!PREFEAT:1,TYPE.LASenseDanger		BONUS:COMBAT|INITIATIVE|2|TYPE=Legendary	BONUS:SKILL|Listen,Spot|4|TYPE=Legendary	SOURCEPAGE:p.102	SAB:Sense for Danger II (Ex)
Sense for Danger III			TYPE:LASenseDanger.MasterBurglarLAPL3	VISIBLE:NO	PRECLASS:1,Master Burglar=3	!PREFEAT:1,TYPE.LASenseDanger		BONUS:COMBAT|INITIATIVE|3|TYPE=Legendary	BONUS:SKILL|Listen,Spot|6|TYPE=Legendary	SOURCEPAGE:p.102	SAB:Sense for Danger III (Ex)
Sense for Danger IV			TYPE:LASenseDanger.MasterBurglarLAPL4	VISIBLE:NO	PRECLASS:1,Master Burglar=4	!PREFEAT:1,TYPE.LASenseDanger		BONUS:COMBAT|INITIATIVE|4|TYPE=Legendary	BONUS:SKILL|Listen,Spot|8|TYPE=Legendary	SOURCEPAGE:p.102	SAB:Sense for Danger IV (Ex)
Sense for Danger V			TYPE:LASenseDanger.MasterBurglarLAPL5	VISIBLE:NO	PRECLASS:1,Master Burglar=5	!PREFEAT:1,TYPE.LASenseDanger		BONUS:COMBAT|INITIATIVE|5|TYPE=Legendary	BONUS:SKILL|Listen,Spot|10|TYPE=Legendary	SOURCEPAGE:p.102	SAB:Sense for Danger V (Ex)
Walker Between the Walls I		TYPE:LAWalkerWalls.MasterBurglarLAPL1	VISIBLE:NO	PRECLASS:1,Master Burglar=1	!PREFEAT:1,TYPE.LAWalkerWalls																SOURCEPAGE:p.102	SAB:Walker Between the Walls I (Sp) 1/day
Walker Between the Walls II		TYPE:LAWalkerWalls.MasterBurglarLAPL2	VISIBLE:NO	PRECLASS:1,Master Burglar=2	!PREFEAT:1,TYPE.LAWalkerWalls																SOURCEPAGE:p.102	SAB:Walker Between the Walls II (Sp) 2/day
Walker Between the Walls III		TYPE:LAWalkerWalls.MasterBurglarLAPL3	VISIBLE:NO	PRECLASS:1,Master Burglar=3	!PREFEAT:1,TYPE.LAWalkerWalls																SOURCEPAGE:p.102	SAB:Walker Between the Walls III (Sp) 3/day
Walker Between the Walls IV		TYPE:LAWalkerWalls.MasterBurglarLAPL4	VISIBLE:NO	PRECLASS:1,Master Burglar=4	!PREFEAT:1,TYPE.LAWalkerWalls																SOURCEPAGE:p.102	SAB:Walker Between the Walls IV (Sp) 4/day
Walker Between the Walls V		TYPE:LAWalkerWalls.MasterBurglarLAPL5	VISIBLE:NO	PRECLASS:1,Master Burglar=5	!PREFEAT:1,TYPE.LAWalkerWalls																SOURCEPAGE:p.102	SAB:Walker Between the Walls V (Sp) 5/day


###Block:Queen of Shadows legendary abilities
# Feat Name			Type							Visible	Required Class			Prohibited Feat				Combat bonus					Bonus to skill							Source Page		SAB
Reaching the Shadow I	TYPE:ALReachingShadow.QueenShadowsLAPL1	VISIBLE:NO	PRECLASS:1,Queen of Shadows=1	!PREFEAT:1,TYPE.ALReachingShadow																	SOURCEPAGE:p.103	SAB:Reaching the Shadow I (Su)
Reaching the Shadow II	TYPE:ALReachingShadow.QueenShadowsLAPL2	VISIBLE:NO	PRECLASS:1,Queen of Shadows=2	!PREFEAT:1,TYPE.ALReachingShadow																	SOURCEPAGE:p.103	SAB:Reaching the Shadow II (Su)
Reaching the Shadow III	TYPE:ALReachingShadow.QueenShadowsLAPL3	VISIBLE:NO	PRECLASS:1,Queen of Shadows=3	!PREFEAT:1,TYPE.ALReachingShadow																	SOURCEPAGE:p.103	SAB:Reaching the Shadow III (Su)
Reaching the Shadow IV	TYPE:ALReachingShadow.QueenShadowsLAPL4	VISIBLE:NO	PRECLASS:1,Queen of Shadows=4	!PREFEAT:1,TYPE.ALReachingShadow																	SOURCEPAGE:p.103	SAB:Reaching the Shadow IV (Su)
Reaching the Shadow V	TYPE:ALReachingShadow.QueenShadowsLAPL5	VISIBLE:NO	PRECLASS:1,Queen of Shadows=5	!PREFEAT:1,TYPE.ALReachingShadow																	SOURCEPAGE:p.103	SAB:Reaching the Shadow V (Su)
Darkvision I		TYPE:ALDarkvision.QueenShadowsLAPL1		VISIBLE:NO	PRECLASS:1,Queen of Shadows=1	!PREFEAT:1,TYPE.ALDarkvision																		SOURCEPAGE:p.104	SAB:Darkvision I (Su)
Darkvision II		TYPE:ALDarkvision.QueenShadowsLAPL2		VISIBLE:NO	PRECLASS:1,Queen of Shadows=2	!PREFEAT:1,TYPE.ALDarkvision																		SOURCEPAGE:p.104	SAB:Darkvision II (Su)
Darkvision III		TYPE:ALDarkvision.QueenShadowsLAPL3		VISIBLE:NO	PRECLASS:1,Queen of Shadows=3	!PREFEAT:1,TYPE.ALDarkvision																		SOURCEPAGE:p.104	SAB:Darkvision III (Su)
Darkvision IV		TYPE:ALDarkvision.QueenShadowsLAPL4		VISIBLE:NO	PRECLASS:1,Queen of Shadows=4	!PREFEAT:1,TYPE.ALDarkvision																		SOURCEPAGE:p.104	SAB:Darkvision IV (Su)
Darkvision V		TYPE:ALDarkvision.QueenShadowsLAPL5		VISIBLE:NO	PRECLASS:1,Queen of Shadows=5	!PREFEAT:1,TYPE.ALDarkvision																		SOURCEPAGE:p.104	SAB:Darkvision V (Su)
Powered by Shadow I	TYPE:ALPoweredShadow.QueenShadowsLAPL1	VISIBLE:NO	PRECLASS:1,Queen of Shadows=1	!PREFEAT:1,TYPE.ALPoweredShadow																	SOURCEPAGE:p.104	SAB:Powered by Shadow I (Su)
Powered by Shadow II	TYPE:ALPoweredShadow.QueenShadowsLAPL2	VISIBLE:NO	PRECLASS:1,Queen of Shadows=2	!PREFEAT:1,TYPE.ALPoweredShadow																	SOURCEPAGE:p.104	SAB:Powered by Shadow II (Su)
Powered by Shadow III	TYPE:ALPoweredShadow.QueenShadowsLAPL3	VISIBLE:NO	PRECLASS:1,Queen of Shadows=3	!PREFEAT:1,TYPE.ALPoweredShadow																	SOURCEPAGE:p.104	SAB:Powered by Shadow III (Su)
Powered by Shadow IV	TYPE:ALPoweredShadow.QueenShadowsLAPL4	VISIBLE:NO	PRECLASS:1,Queen of Shadows=4	!PREFEAT:1,TYPE.ALPoweredShadow																	SOURCEPAGE:p.104	SAB:Powered by Shadow IV (Su)
Powered by Shadow V	TYPE:ALPoweredShadow.QueenShadowsLAPL5	VISIBLE:NO	PRECLASS:1,Queen of Shadows=5	!PREFEAT:1,TYPE.ALPoweredShadow																	SOURCEPAGE:p.104	SAB:Powered by Shadow V (Su)
Legendary Talent I	TYPE:ALLegendaryTalent.QueenShadowsLAPL1	VISIBLE:NO	PRECLASS:1,Queen of Shadows=1	!PREFEAT:1,TYPE.ALLegendaryTalent	BONUS:COMBAT|INITIATIVE|1|TYPE=Legendary	BONUS:SKILL|Hide,Move Silently|2|TYPE=Legendary		SOURCEPAGE:p.104	SAB:Legendary Talent I (Ex)
Legendary Talent II	TYPE:ALLegendaryTalent.QueenShadowsLAPL2	VISIBLE:NO	PRECLASS:1,Queen of Shadows=2	!PREFEAT:1,TYPE.ALLegendaryTalent	BONUS:COMBAT|INITIATIVE|2|TYPE=Legendary	BONUS:SKILL|Hide,Move Silently|4|TYPE=Legendary		SOURCEPAGE:p.104	SAB:Legendary Talent II (Ex)
Legendary Talent III	TYPE:ALLegendaryTalent.QueenShadowsLAPL3	VISIBLE:NO	PRECLASS:1,Queen of Shadows=3	!PREFEAT:1,TYPE.ALLegendaryTalent	BONUS:COMBAT|INITIATIVE|3|TYPE=Legendary	BONUS:SKILL|Hide,Move Silently|6|TYPE=Legendary		SOURCEPAGE:p.104	SAB:Legendary Talent III (Ex)
Legendary Talent IV	TYPE:ALLegendaryTalent.QueenShadowsLAPL4	VISIBLE:NO	PRECLASS:1,Queen of Shadows=4	!PREFEAT:1,TYPE.ALLegendaryTalent	BONUS:COMBAT|INITIATIVE|4|TYPE=Legendary	BONUS:SKILL|Hide,Move Silently|8|TYPE=Legendary		SOURCEPAGE:p.104	SAB:Legendary Talent IV (Ex)
Legendary Talent V	TYPE:ALLegendaryTalent.QueenShadowsLAPL5	VISIBLE:NO	PRECLASS:1,Queen of Shadows=5	!PREFEAT:1,TYPE.ALLegendaryTalent	BONUS:COMBAT|INITIATIVE|5|TYPE=Legendary	BONUS:SKILL|Hide,Move Silently|10|TYPE=Legendary	SOURCEPAGE:p.104	SAB:Legendary Talent V (Ex)
Shadow Sentinels I	TYPE:ALShadowSentinels.QueenShadowsLAPL1	VISIBLE:NO	PRECLASS:1,Queen of Shadows=1	!PREFEAT:1,TYPE.ALShadowSentinels																	SOURCEPAGE:p.104	SAB:Shadow Sentinels I (Ex)
Shadow Sentinels II	TYPE:ALShadowSentinels.QueenShadowsLAPL2	VISIBLE:NO	PRECLASS:1,Queen of Shadows=2	!PREFEAT:1,TYPE.ALShadowSentinels																	SOURCEPAGE:p.104	SAB:Shadow Sentinels II (Ex)
Shadow Sentinels III	TYPE:ALShadowSentinels.QueenShadowsLAPL3	VISIBLE:NO	PRECLASS:1,Queen of Shadows=3	!PREFEAT:1,TYPE.ALShadowSentinels																	SOURCEPAGE:p.104	SAB:Shadow Sentinels III (Ex)
Shadow Sentinels IV	TYPE:ALShadowSentinels.QueenShadowsLAPL4	VISIBLE:NO	PRECLASS:1,Queen of Shadows=4	!PREFEAT:1,TYPE.ALShadowSentinels																	SOURCEPAGE:p.104	SAB:Shadow Sentinels IV (Ex)
Shadow Sentinels V	TYPE:ALShadowSentinels.QueenShadowsLAPL5	VISIBLE:NO	PRECLASS:1,Queen of Shadows=5	!PREFEAT:1,TYPE.ALShadowSentinels																	SOURCEPAGE:p.104	SAB:Shadow Sentinels V (Ex)


###Block:Rogue Prince legendary abilities
# Feat Name			Type							Visible	Required Class			Prohibited Feat				Bonus to skill									Modify VAR			Source Page		SAB
Center of Balance I	TYPE:LACenterBalance.RoguePrinceLAPL1	VISIBLE:NO	PRECLASS:1,Rogue Prince=1	!PREFEAT:1,TYPE.LACenterBalance																SOURCEPAGE:p.106	SAB:Center of Balance I (Ex)
Center of Balance II	TYPE:LACenterBalance.RoguePrinceLAPL2	VISIBLE:NO	PRECLASS:1,Rogue Prince=2	!PREFEAT:1,TYPE.LACenterBalance																SOURCEPAGE:p.106	SAB:Center of Balance II (Ex)
Center of Balance III	TYPE:LACenterBalance.RoguePrinceLAPL3	VISIBLE:NO	PRECLASS:1,Rogue Prince=3	!PREFEAT:1,TYPE.LACenterBalance																SOURCEPAGE:p.106	SAB:Center of Balance III (Ex)
Center of Balance IV	TYPE:LACenterBalance.RoguePrinceLAPL4	VISIBLE:NO	PRECLASS:1,Rogue Prince=4	!PREFEAT:1,TYPE.LACenterBalance																SOURCEPAGE:p.106	SAB:Center of Balance IV (Ex)
Center of Balance V	TYPE:LACenterBalance.RoguePrinceLAPL5	VISIBLE:NO	PRECLASS:1,Rogue Prince=5	!PREFEAT:1,TYPE.LACenterBalance																SOURCEPAGE:p.106	SAB:Center of Balance V (Ex)
Luck of Royalty I		TYPE:LALuckRoyalty.RoguePrinceLAPL1		VISIBLE:NO	PRECLASS:1,Rogue Prince=1	!PREFEAT:1,TYPE.LALuckRoyalty																	SOURCEPAGE:p.106	SAB:Luck of Royalty I (Ex)
Luck of Royalty II	TYPE:LALuckRoyalty.RoguePrinceLAPL2		VISIBLE:NO	PRECLASS:1,Rogue Prince=2	!PREFEAT:1,TYPE.LALuckRoyalty																	SOURCEPAGE:p.106	SAB:Luck of Royalty II (Ex)
Luck of Royalty III	TYPE:LALuckRoyalty.RoguePrinceLAPL3		VISIBLE:NO	PRECLASS:1,Rogue Prince=3	!PREFEAT:1,TYPE.LALuckRoyalty																	SOURCEPAGE:p.106	SAB:Luck of Royalty III (Ex)
Luck of Royalty IV	TYPE:LALuckRoyalty.RoguePrinceLAPL4		VISIBLE:NO	PRECLASS:1,Rogue Prince=4	!PREFEAT:1,TYPE.LALuckRoyalty																	SOURCEPAGE:p.106	SAB:Luck of Royalty IV (Ex)
Luck of Royalty V		TYPE:LALuckRoyalty.RoguePrinceLAPL5		VISIBLE:NO	PRECLASS:1,Rogue Prince=5	!PREFEAT:1,TYPE.LALuckRoyalty																	SOURCEPAGE:p.106	SAB:Luck of Royalty V (Ex)
Platinum Tongue I		TYPE:LAPlatinumTongue.RoguePrinceLAPL1	VISIBLE:NO	PRECLASS:1,Rogue Prince=1	!PREFEAT:1,TYPE.LAPlatinumTongue	BONUS:SKILL|Bluff,Diplomacy,Gather Information|2|TYPE=Legendary					SOURCEPAGE:p.106	SAB:Platinum Tongue I (Ex)
Platinum Tongue II	TYPE:LAPlatinumTongue.RoguePrinceLAPL2	VISIBLE:NO	PRECLASS:1,Rogue Prince=2	!PREFEAT:1,TYPE.LAPlatinumTongue	BONUS:SKILL|Bluff,Diplomacy,Gather Information|4|TYPE=Legendary					SOURCEPAGE:p.106	SAB:Platinum Tongue II (Ex)
Platinum Tongue III	TYPE:LAPlatinumTongue.RoguePrinceLAPL3	VISIBLE:NO	PRECLASS:1,Rogue Prince=3	!PREFEAT:1,TYPE.LAPlatinumTongue	BONUS:SKILL|Bluff,Diplomacy,Gather Information|6|TYPE=Legendary					SOURCEPAGE:p.106	SAB:Platinum Tongue III (Ex)
Platinum Tongue IV	TYPE:LAPlatinumTongue.RoguePrinceLAPL4	VISIBLE:NO	PRECLASS:1,Rogue Prince=4	!PREFEAT:1,TYPE.LAPlatinumTongue	BONUS:SKILL|Bluff,Diplomacy,Gather Information|8|TYPE=Legendary					SOURCEPAGE:p.106	SAB:Platinum Tongue IV (Ex)
Platinum Tongue V		TYPE:LAPlatinumTongue.RoguePrinceLAPL5	VISIBLE:NO	PRECLASS:1,Rogue Prince=5	!PREFEAT:1,TYPE.LAPlatinumTongue	BONUS:SKILL|Bluff,Diplomacy,Gather Information|10|TYPE=Legendary					SOURCEPAGE:p.106	SAB:Platinum Tongue V (Ex)
Prince's Grace I		TYPE:LAPrinceGrace.RoguePrinceLAPL1		VISIBLE:NO	PRECLASS:1,Rogue Prince=1	!PREFEAT:1,TYPE.LAPrinceGrace																	SOURCEPAGE:p.106	SAB:Prince's Grace I (Ex)
Prince's Grace II		TYPE:LAPrinceGrace.RoguePrinceLAPL2		VISIBLE:NO	PRECLASS:1,Rogue Prince=2	!PREFEAT:1,TYPE.LAPrinceGrace																	SOURCEPAGE:p.106	SAB:Prince's Grace II (Ex)
Prince's Grace III	TYPE:LAPrinceGrace.RoguePrinceLAPL3		VISIBLE:NO	PRECLASS:1,Rogue Prince=3	!PREFEAT:1,TYPE.LAPrinceGrace																	SOURCEPAGE:p.106	SAB:Prince's Grace III (Ex)
Prince's Grace IV		TYPE:LAPrinceGrace.RoguePrinceLAPL4		VISIBLE:NO	PRECLASS:1,Rogue Prince=4	!PREFEAT:1,TYPE.LAPrinceGrace																	SOURCEPAGE:p.106	SAB:Prince's Grace IV (Ex)
Prince's Grace V		TYPE:LAPrinceGrace.RoguePrinceLAPL5		VISIBLE:NO	PRECLASS:1,Rogue Prince=5	!PREFEAT:1,TYPE.LAPrinceGrace																	SOURCEPAGE:p.106	SAB:Prince's Grace V (Ex)
Sneak Attack I		TYPE:LASneakAttack.RoguePrinceLAPL1		VISIBLE:NO	PRECLASS:1,Rogue Prince=1	!PREFEAT:1,TYPE.LASneakAttack													BONUS:VAR|SneakAttack|1	SOURCEPAGE:p.106
Sneak Attack II		TYPE:LASneakAttack.RoguePrinceLAPL2		VISIBLE:NO	PRECLASS:1,Rogue Prince=2	!PREFEAT:1,TYPE.LASneakAttack													BONUS:VAR|SneakAttack|2	SOURCEPAGE:p.106
Sneak Attack III		TYPE:LASneakAttack.RoguePrinceLAPL3		VISIBLE:NO	PRECLASS:1,Rogue Prince=3	!PREFEAT:1,TYPE.LASneakAttack													BONUS:VAR|SneakAttack|3	SOURCEPAGE:p.106
Sneak Attack IV		TYPE:LASneakAttack.RoguePrinceLAPL4		VISIBLE:NO	PRECLASS:1,Rogue Prince=4	!PREFEAT:1,TYPE.LASneakAttack													BONUS:VAR|SneakAttack|4	SOURCEPAGE:p.106
Sneak Attack V		TYPE:LASneakAttack.RoguePrinceLAPL5		VISIBLE:NO	PRECLASS:1,Rogue Prince=5	!PREFEAT:1,TYPE.LASneakAttack													BONUS:VAR|SneakAttack|5	SOURCEPAGE:p.106


###Block:Savant legendary abilities
# Feat Name			Type						Visible	Required Class		Prohibited Feat				Stat bonus					Modify VAR				Source Page		SAB
Adroit I			TYPE:LAAdroit.SavantLAPL1		VISIBLE:NO	PRECLASS:1,Savant=1	!PREFEAT:1,TYPE.LAAdroit		BONUS:STAT|DEX|1|TYPE=Legendary						SOURCEPAGE:p.107	SAB:Adroit I
Adroit II			TYPE:LAAdroit.SavantLAPL2		VISIBLE:NO	PRECLASS:1,Savant=2	!PREFEAT:1,TYPE.LAAdroit		BONUS:STAT|DEX|2|TYPE=Legendary						SOURCEPAGE:p.107	SAB:Adroit II
Adroit III			TYPE:LAAdroit.SavantLAPL3		VISIBLE:NO	PRECLASS:1,Savant=3	!PREFEAT:1,TYPE.LAAdroit		BONUS:STAT|DEX|3|TYPE=Legendary						SOURCEPAGE:p.107	SAB:Adroit III
Adroit IV			TYPE:LAAdroit.SavantLAPL4		VISIBLE:NO	PRECLASS:1,Savant=4	!PREFEAT:1,TYPE.LAAdroit		BONUS:STAT|DEX|4|TYPE=Legendary						SOURCEPAGE:p.107	SAB:Adroit IV
Adroit V			TYPE:LAAdroit.SavantLAPL5		VISIBLE:NO	PRECLASS:1,Savant=5	!PREFEAT:1,TYPE.LAAdroit		BONUS:STAT|DEX|5|TYPE=Legendary						SOURCEPAGE:p.107	SAB:Adroit V
Charming I			TYPE:LACharming.SavantLAPL1		VISIBLE:NO	PRECLASS:1,Savant=1	!PREFEAT:1,TYPE.LACharming		BONUS:STAT|CHA|1|TYPE=Legendary						SOURCEPAGE:p.108	SAB:Charming I
Charming II			TYPE:LACharming.SavantLAPL2		VISIBLE:NO	PRECLASS:1,Savant=2	!PREFEAT:1,TYPE.LACharming		BONUS:STAT|CHA|2|TYPE=Legendary						SOURCEPAGE:p.108	SAB:Charming II
Charming III		TYPE:LACharming.SavantLAPL3		VISIBLE:NO	PRECLASS:1,Savant=3	!PREFEAT:1,TYPE.LACharming		BONUS:STAT|CHA|3|TYPE=Legendary						SOURCEPAGE:p.108	SAB:Charming III
Charming IV			TYPE:LACharming.SavantLAPL4		VISIBLE:NO	PRECLASS:1,Savant=4	!PREFEAT:1,TYPE.LACharming		BONUS:STAT|CHA|4|TYPE=Legendary						SOURCEPAGE:p.108	SAB:Charming IV
Charming V			TYPE:LACharming.SavantLAPL5		VISIBLE:NO	PRECLASS:1,Savant=5	!PREFEAT:1,TYPE.LACharming		BONUS:STAT|CHA|5|TYPE=Legendary						SOURCEPAGE:p.108	SAB:Charming V
Discerning I		TYPE:LADiscerning.SavantLAPL1		VISIBLE:NO	PRECLASS:1,Savant=1	!PREFEAT:1,TYPE.LADiscerning		BONUS:STAT|INT|1|TYPE=Legendary						SOURCEPAGE:p.108	SAB:Discerning I
Discerning II		TYPE:LADiscerning.SavantLAPL2		VISIBLE:NO	PRECLASS:1,Savant=2	!PREFEAT:1,TYPE.LADiscerning		BONUS:STAT|INT|2|TYPE=Legendary						SOURCEPAGE:p.108	SAB:Discerning II
Discerning III		TYPE:LADiscerning.SavantLAPL3		VISIBLE:NO	PRECLASS:1,Savant=3	!PREFEAT:1,TYPE.LADiscerning		BONUS:STAT|INT|3|TYPE=Legendary						SOURCEPAGE:p.108	SAB:Discerning III
Discerning IV		TYPE:LADiscerning.SavantLAPL4		VISIBLE:NO	PRECLASS:1,Savant=4	!PREFEAT:1,TYPE.LADiscerning		BONUS:STAT|INT|4|TYPE=Legendary						SOURCEPAGE:p.108	SAB:Discerning IV
Discerning V		TYPE:LADiscerning.SavantLAPL5		VISIBLE:NO	PRECLASS:1,Savant=5	!PREFEAT:1,TYPE.LADiscerning		BONUS:STAT|INT|5|TYPE=Legendary						SOURCEPAGE:p.108	SAB:Discerning V
Body Language I		TYPE:LABodyLanguage.SavantLAPL1	VISIBLE:NO	PRECLASS:1,Savant=1	!PREFEAT:1,TYPE.LABodyLanguage												SOURCEPAGE:p.108	SAB:Body Language I (Ex)
Body Language II		TYPE:LABodyLanguage.SavantLAPL2	VISIBLE:NO	PRECLASS:1,Savant=2	!PREFEAT:1,TYPE.LABodyLanguage												SOURCEPAGE:p.108	SAB:Body Language II (Ex)
Body Language III		TYPE:LABodyLanguage.SavantLAPL3	VISIBLE:NO	PRECLASS:1,Savant=3	!PREFEAT:1,TYPE.LABodyLanguage												SOURCEPAGE:p.108	SAB:Body Language III (Ex)
Body Language IV		TYPE:LABodyLanguage.SavantLAPL4	VISIBLE:NO	PRECLASS:1,Savant=4	!PREFEAT:1,TYPE.LABodyLanguage												SOURCEPAGE:p.108	SAB:Body Language IV (Ex)
Body Language V		TYPE:LABodyLanguage.SavantLAPL5	VISIBLE:NO	PRECLASS:1,Savant=5	!PREFEAT:1,TYPE.LABodyLanguage												SOURCEPAGE:p.108	SAB:Body Language V (Ex)
Glibness I			TYPE:LAGlibness.SavantLAPL1		VISIBLE:NO	PRECLASS:1,Savant=1	!PREFEAT:1,TYPE.LAGlibness													SOURCEPAGE:p.108	SAB:Glibness I (Ex)
Glibness II			TYPE:LAGlibness.SavantLAPL2		VISIBLE:NO	PRECLASS:1,Savant=2	!PREFEAT:1,TYPE.LAGlibness													SOURCEPAGE:p.108	SAB:Glibness II (Ex)
Glibness III		TYPE:LAGlibness.SavantLAPL3		VISIBLE:NO	PRECLASS:1,Savant=3	!PREFEAT:1,TYPE.LAGlibness													SOURCEPAGE:p.108	SAB:Glibness III (Ex)
Glibness IV			TYPE:LAGlibness.SavantLAPL4		VISIBLE:NO	PRECLASS:1,Savant=4	!PREFEAT:1,TYPE.LAGlibness													SOURCEPAGE:p.108	SAB:Glibness IV (Ex)
Glibness V			TYPE:LAGlibness.SavantLAPL5		VISIBLE:NO	PRECLASS:1,Savant=5	!PREFEAT:1,TYPE.LAGlibness													SOURCEPAGE:p.108	SAB:Glibness V (Ex)
Veiled Lore I		TYPE:LAVeiledLore.SavantLAPL1		VISIBLE:NO	PRECLASS:1,Savant=1	!PREFEAT:1,TYPE.LAVeiledLore								BONUS:VAR|VeiledLore|4+INT	SOURCEPAGE:p.106	SAB:Veiled Lore (+%)|VeiledLore
Veiled Lore II		TYPE:LAVeiledLore.SavantLAPL2		VISIBLE:NO	PRECLASS:1,Savant=2	!PREFEAT:1,TYPE.LAVeiledLore								BONUS:VAR|VeiledLore|8+INT	SOURCEPAGE:p.106	SAB:Veiled Lore (+%)|VeiledLore
Veiled Lore III		TYPE:LAVeiledLore.SavantLAPL3		VISIBLE:NO	PRECLASS:1,Savant=3	!PREFEAT:1,TYPE.LAVeiledLore								BONUS:VAR|VeiledLore|12+INT	SOURCEPAGE:p.106	SAB:Veiled Lore (+%)|VeiledLore
Veiled Lore IV		TYPE:LAVeiledLore.SavantLAPL4		VISIBLE:NO	PRECLASS:1,Savant=4	!PREFEAT:1,TYPE.LAVeiledLore								BONUS:VAR|VeiledLore|16+INT	SOURCEPAGE:p.106	SAB:Veiled Lore (+%)|VeiledLore
Veiled Lore V		TYPE:LAVeiledLore.SavantLAPL5		VISIBLE:NO	PRECLASS:1,Savant=5	!PREFEAT:1,TYPE.LAVeiledLore								BONUS:VAR|VeiledLore|20+INT	SOURCEPAGE:p.106	SAB:Veiled Lore (+%)|VeiledLore
Voice of Reason I		TYPE:LAVoiceReason.SavantLAPL1	VISIBLE:NO	PRECLASS:1,Savant=1	!PREFEAT:1,TYPE.LAVoiceReason													SOURCEPAGE:p.108	SAB:Voice of Reason I (Ex)
Voice of Reason II	TYPE:LAVoiceReason.SavantLAPL2	VISIBLE:NO	PRECLASS:1,Savant=2	!PREFEAT:1,TYPE.LAVoiceReason													SOURCEPAGE:p.108	SAB:Voice of Reason II (Ex)
Voice of Reason III	TYPE:LAVoiceReason.SavantLAPL3	VISIBLE:NO	PRECLASS:1,Savant=3	!PREFEAT:1,TYPE.LAVoiceReason													SOURCEPAGE:p.108	SAB:Voice of Reason III (Ex)
Voice of Reason IV	TYPE:LAVoiceReason.SavantLAPL4	VISIBLE:NO	PRECLASS:1,Savant=4	!PREFEAT:1,TYPE.LAVoiceReason													SOURCEPAGE:p.108	SAB:Voice of Reason IV (Ex)
Voice of Reason V		TYPE:LAVoiceReason.SavantLAPL5	VISIBLE:NO	PRECLASS:1,Savant=5	!PREFEAT:1,TYPE.LAVoiceReason													SOURCEPAGE:p.108	SAB:Voice of Reason V (Ex)


###Block:Silver-Tongued Devil abilities
# Feat Name				Type							Visible	Required Class				Prohibited Feat				Bonus to skill								Stat bonus					Source Page		SAB
Keenly Perceptive I		TYPE:LAKeenlyPerceptive.SilverDevilLAPL1	VISIBLE:NO	PRECLASS:1,Silver-Tongued Devil=1	!PREFEAT:1,TYPE.LAKeenlyPerceptive											BONUS:STAT|WIS|1|TYPE=Legendary	SOURCEPAGE:p.110	SAB:Keenly Perceptive I (Ex)
Keenly Perceptive II		TYPE:LAKeenlyPerceptive.SilverDevilLAPL2	VISIBLE:NO	PRECLASS:1,Silver-Tongued Devil=2	!PREFEAT:1,TYPE.LAKeenlyPerceptive											BONUS:STAT|WIS|2|TYPE=Legendary	SOURCEPAGE:p.110	SAB:Keenly Perceptive II (Ex)
Keenly Perceptive III		TYPE:LAKeenlyPerceptive.SilverDevilLAPL3	VISIBLE:NO	PRECLASS:1,Silver-Tongued Devil=3	!PREFEAT:1,TYPE.LAKeenlyPerceptive											BONUS:STAT|WIS|3|TYPE=Legendary	SOURCEPAGE:p.110	SAB:Keenly Perceptive III (Ex)
Keenly Perceptive IV		TYPE:LAKeenlyPerceptive.SilverDevilLAPL4	VISIBLE:NO	PRECLASS:1,Silver-Tongued Devil=4	!PREFEAT:1,TYPE.LAKeenlyPerceptive											BONUS:STAT|WIS|4|TYPE=Legendary	SOURCEPAGE:p.110	SAB:Keenly Perceptive IV (Ex)
Keenly Perceptive V		TYPE:LAKeenlyPerceptive.SilverDevilLAPL5	VISIBLE:NO	PRECLASS:1,Silver-Tongued Devil=5	!PREFEAT:1,TYPE.LAKeenlyPerceptive											BONUS:STAT|WIS|5|TYPE=Legendary	SOURCEPAGE:p.110	SAB:Keenly Perceptive V (Ex)
Silver-Tongued I			TYPE:LASilverTongued.SilverDevilLAPL1	VISIBLE:NO	PRECLASS:1,Silver-Tongued Devil=1	!PREFEAT:1,TYPE.LASilverTongued											BONUS:STAT|CHA|1|TYPE=Legendary	SOURCEPAGE:p.110	SAB:Silver-Tongued I (Ex)
Silver-Tongued II			TYPE:LASilverTongued.SilverDevilLAPL2	VISIBLE:NO	PRECLASS:1,Silver-Tongued Devil=2	!PREFEAT:1,TYPE.LASilverTongued											BONUS:STAT|CHA|2|TYPE=Legendary	SOURCEPAGE:p.110	SAB:Silver-Tongued II (Ex)
Silver-Tongued III		TYPE:LASilverTongued.SilverDevilLAPL3	VISIBLE:NO	PRECLASS:1,Silver-Tongued Devil=3	!PREFEAT:1,TYPE.LASilverTongued											BONUS:STAT|CHA|3|TYPE=Legendary	SOURCEPAGE:p.110	SAB:Silver-Tongued III (Ex)
Silver-Tongued IV			TYPE:LASilverTongued.SilverDevilLAPL4	VISIBLE:NO	PRECLASS:1,Silver-Tongued Devil=4	!PREFEAT:1,TYPE.LASilverTongued											BONUS:STAT|CHA|4|TYPE=Legendary	SOURCEPAGE:p.110	SAB:Silver-Tongued IV (Ex)
Silver-Tongued V			TYPE:LASilverTongued.SilverDevilLAPL5	VISIBLE:NO	PRECLASS:1,Silver-Tongued Devil=5	!PREFEAT:1,TYPE.LASilverTongued											BONUS:STAT|CHA|5|TYPE=Legendary	SOURCEPAGE:p.110	SAB:Silver-Tongued V (Ex)
Inscrutable I			TYPE:LAInscrutable.SilverDevilLAPL1		VISIBLE:NO	PRECLASS:1,Silver-Tongued Devil=1	!PREFEAT:1,TYPE.LAInscrutable																		SOURCEPAGE:p.110	SAB:Inscrutable I (Ex)
Inscrutable II			TYPE:LAInscrutable.SilverDevilLAPL2		VISIBLE:NO	PRECLASS:1,Silver-Tongued Devil=2	!PREFEAT:1,TYPE.LAInscrutable																		SOURCEPAGE:p.110	SAB:Inscrutable II (Ex)
Inscrutable III			TYPE:LAInscrutable.SilverDevilLAPL3		VISIBLE:NO	PRECLASS:1,Silver-Tongued Devil=3	!PREFEAT:1,TYPE.LAInscrutable																		SOURCEPAGE:p.110	SAB:Inscrutable III (Ex)
Inscrutable IV			TYPE:LAInscrutable.SilverDevilLAPL4		VISIBLE:NO	PRECLASS:1,Silver-Tongued Devil=4	!PREFEAT:1,TYPE.LAInscrutable																		SOURCEPAGE:p.110	SAB:Inscrutable IV (Ex)
Inscrutable V			TYPE:LAInscrutable.SilverDevilLAPL5		VISIBLE:NO	PRECLASS:1,Silver-Tongued Devil=5	!PREFEAT:1,TYPE.LAInscrutable																		SOURCEPAGE:p.110	SAB:Inscrutable V (Ex)
Master of All Languages I	TYPE:LAMasterLang.SilverDevilLAPL1		VISIBLE:NO	PRECLASS:1,Silver-Tongued Devil=1	!PREFEAT:1,TYPE.LAMasterLang																		SOURCEPAGE:p.110	SAB:Master of All Languages I (Su)
Master of All Languages II	TYPE:LAMasterLang.SilverDevilLAPL2		VISIBLE:NO	PRECLASS:1,Silver-Tongued Devil=2	!PREFEAT:1,TYPE.LAMasterLang																		SOURCEPAGE:p.110	SAB:Master of All Languages II (Su)
Master of All Languages III	TYPE:LAMasterLang.SilverDevilLAPL3		VISIBLE:NO	PRECLASS:1,Silver-Tongued Devil=3	!PREFEAT:1,TYPE.LAMasterLang																		SOURCEPAGE:p.110	SAB:Master of All Languages III (Su)
Master of All Languages IV	TYPE:LAMasterLang.SilverDevilLAPL4		VISIBLE:NO	PRECLASS:1,Silver-Tongued Devil=4	!PREFEAT:1,TYPE.LAMasterLang																		SOURCEPAGE:p.110	SAB:Master of All Languages IV (Su)
Master of All Languages V	TYPE:LAMasterLang.SilverDevilLAPL5		VISIBLE:NO	PRECLASS:1,Silver-Tongued Devil=5	!PREFEAT:1,TYPE.LAMasterLang																		SOURCEPAGE:p.110	SAB:Master of All Languages V (Su)
#zzzzzzzzz choose 1 spell per PL of Animate objects, charm monster, dominate person, command plants, control undead 1..5/day
Prodigious Charm I		TYPE:LAProdigiousCharm.SilverDevilLAPL1	VISIBLE:NO	PRECLASS:1,Silver-Tongued Devil=1	!PREFEAT:1,TYPE.LAProdigiousCharm																	SOURCEPAGE:p.106	SAB:Prodigious Charm I (Sp)
Prodigious Charm II		TYPE:LAProdigiousCharm.SilverDevilLAPL2	VISIBLE:NO	PRECLASS:1,Silver-Tongued Devil=2	!PREFEAT:1,TYPE.LAProdigiousCharm																	SOURCEPAGE:p.106	SAB:Prodigious Charm II (Sp)
Prodigious Charm III		TYPE:LAProdigiousCharm.SilverDevilLAPL3	VISIBLE:NO	PRECLASS:1,Silver-Tongued Devil=3	!PREFEAT:1,TYPE.LAProdigiousCharm																	SOURCEPAGE:p.106	SAB:Prodigious Charm III (Sp)
Prodigious Charm IV		TYPE:LAProdigiousCharm.SilverDevilLAPL4	VISIBLE:NO	PRECLASS:1,Silver-Tongued Devil=4	!PREFEAT:1,TYPE.LAProdigiousCharm																	SOURCEPAGE:p.106	SAB:Prodigious Charm IV (Sp)
Prodigious Charm V		TYPE:LAProdigiousCharm.SilverDevilLAPL5	VISIBLE:NO	PRECLASS:1,Silver-Tongued Devil=5	!PREFEAT:1,TYPE.LAProdigiousCharm																	SOURCEPAGE:p.106	SAB:Prodigious Charm V (Sp)
Prodigious Lie I			TYPE:LAProdigiousLie.SilverDevilLAPL1	VISIBLE:NO	PRECLASS:1,Silver-Tongued Devil=1	!PREFEAT:1,TYPE.LAProdigiousLie																	SOURCEPAGE:p.110	SAB:Prodigious Lie I (Su)
Prodigious Lie II			TYPE:LAProdigiousLie.SilverDevilLAPL2	VISIBLE:NO	PRECLASS:1,Silver-Tongued Devil=2	!PREFEAT:1,TYPE.LAProdigiousLie																	SOURCEPAGE:p.110	SAB:Prodigious Lie II (Su)
Prodigious Lie III		TYPE:LAProdigiousLie.SilverDevilLAPL3	VISIBLE:NO	PRECLASS:1,Silver-Tongued Devil=3	!PREFEAT:1,TYPE.LAProdigiousLie																	SOURCEPAGE:p.110	SAB:Prodigious Lie III (Su)
Prodigious Lie IV			TYPE:LAProdigiousLie.SilverDevilLAPL4	VISIBLE:NO	PRECLASS:1,Silver-Tongued Devil=4	!PREFEAT:1,TYPE.LAProdigiousLie																	SOURCEPAGE:p.110	SAB:Prodigious Lie IV (Su)
Prodigious Lie V			TYPE:LAProdigiousLie.SilverDevilLAPL5	VISIBLE:NO	PRECLASS:1,Silver-Tongued Devil=5	!PREFEAT:1,TYPE.LAProdigiousLie																	SOURCEPAGE:p.110	SAB:Prodigious Lie V (Su)
Way with Words I			TYPE:LAWayWords.SilverDevilLAPL1		VISIBLE:NO	PRECLASS:1,Silver-Tongued Devil=1	!PREFEAT:1,TYPE.LAWayWords		BONUS:SKILL|Bluff,Diplomacy,Sense Motive|1|TYPE=Legendary							SOURCEPAGE:p.110	SAB:Way with Words I (Ex)
Way with Words II			TYPE:LAWayWords.SilverDevilLAPL2		VISIBLE:NO	PRECLASS:1,Silver-Tongued Devil=2	!PREFEAT:1,TYPE.LAWayWords		BONUS:SKILL|Bluff,Diplomacy,Sense Motive|2|TYPE=Legendary							SOURCEPAGE:p.110	SAB:Way with Words II (Ex)
Way with Words III		TYPE:LAWayWords.SilverDevilLAPL3		VISIBLE:NO	PRECLASS:1,Silver-Tongued Devil=3	!PREFEAT:1,TYPE.LAWayWords		BONUS:SKILL|Bluff,Diplomacy,Sense Motive|3|TYPE=Legendary							SOURCEPAGE:p.110	SAB:Way with Words III (Ex)
Way with Words IV			TYPE:LAWayWords.SilverDevilLAPL4		VISIBLE:NO	PRECLASS:1,Silver-Tongued Devil=4	!PREFEAT:1,TYPE.LAWayWords		BONUS:SKILL|Bluff,Diplomacy,Sense Motive|4|TYPE=Legendary							SOURCEPAGE:p.110	SAB:Way with Words IV (Ex)
Way with Words V			TYPE:LAWayWords.SilverDevilLAPL5		VISIBLE:NO	PRECLASS:1,Silver-Tongued Devil=5	!PREFEAT:1,TYPE.LAWayWords		BONUS:SKILL|Bluff,Diplomacy,Sense Motive|5|TYPE=Legendary							SOURCEPAGE:p.110	SAB:Way with Words V (Ex)


