SOURCELONG:Paths of the Righteous	SOURCESHORT:PATHR	SOURCEWEB:http://paizo.com/products/btpy9oo9	SOURCEDATE:2016-12

###Dawnflower Anchorite
# Class Name				Product Identity?	Hit Dice		Type			Max Level	Source Page		Define						Combat bonus																		Save bonus																						Modify VAR																																																																			FACT
CLASS:Dawnflower Anchorite	NAMEISPI:YES	HD:8		TYPE:PC.Prestige	MAXLEVEL:10	SOURCEPAGE:p.12	DEFINE:DawnflowerAnchoriteLVL|0	BONUS:COMBAT|BASEAB|classlevel("APPLIEDAS=NONEPIC")*3/4|TYPE=Base.REPLACE|PREVAREQ:UseAlternateBABProgression,0	BONUS:SAVE|BASE.Reflex,BASE.Will|(classlevel("APPLIEDAS=NONEPIC")+1)/2	BONUS:SAVE|BASE.Fortitude|(classlevel("APPLIEDAS=NONEPIC")+1)/3	BONUS:VAR|ClassBABModerate|classlevel("APPLIEDAS=NONEPIC")|PREVAREQ:UseFractionalBAB,1	BONUS:VAR|DawnflowerAnchoriteLVL|CL	BONUS:VAR|ClassSavePoor_Fortitude|classlevel("APPLIEDAS=NONEPIC")|PREVAREQ:UseFractionalSave,1	BONUS:VAR|ClassSaveGood_Reflex|classlevel("APPLIEDAS=NONEPIC")|PREVAREQ:UseFractionalSave,1	BONUS:VAR|ClassSaveGood_Will|classlevel("APPLIEDAS=NONEPIC")|PREVAREQ:UseFractionalSave,1	FACT:ClassType|PC	FACT:Abb|DfA
# Class Name				Requirements
CLASS:Dawnflower Anchorite	PREALIGN:NG	PREDEITY:1,Sarenrae	PRESKILL:1,Knowledge (nature)=5,Knowledge (religion)=5	PRESPELLTYPE:1,ANY=2
# Class Name				Skill Pts/Lvl		Class Skill
CLASS:Dawnflower Anchorite	STARTSKILLPTS:4	CSKILL:Climb|Fly|Handle Animal|Heal|Knowledge (geography)|Knowledge (nature)|Knowledge (religion)|Perception|Ride|Spellcraft|Survival|Swim
###Block: Normal Level Progression
1	ABILITY:Special Ability|AUTOMATIC|Dawnflower Anchorite ~ Solar Invocation
2	ABILITY:Special Ability|AUTOMATIC|Dawnflower Anchorite ~ Credence
3	ABILITY:Special Ability|AUTOMATIC|Dawnflower Anchorite ~ Bask in Radiance
7	ABILITY:Special Ability|AUTOMATIC|Dawnflower Anchorite ~ Sunbeam
10	ABILITY:Special Ability|AUTOMATIC|Dawnflower Anchorite ~ Dawnflower Invocation
###Block: Spell Improvement
2	ADD:SPELLCASTER|ANY
3	ADD:SPELLCASTER|ANY
4	ADD:SPELLCASTER|ANY
5	ADD:SPELLCASTER|ANY
6	ADD:SPELLCASTER|ANY
7	ADD:SPELLCASTER|ANY
8	ADD:SPELLCASTER|ANY
9	ADD:SPELLCASTER|ANY
10	ADD:SPELLCASTER|ANY
