# CVS $Revision$ $Author$ -- Fri Oct 19 20:16:09 2012 -- reformated by prettylst.pl v1.39 (build 15052)
SOURCELONG:Horrors o' the Weird West	SOURCESHORT:HotWW	SOURCEWEB:http://www.peginc.com/index.htm	SOURCEDATE:2003-01

STARTPACK:Dark Beast Default	TYPE:DefaultMonster	VISIBLE:QUALIFY	EQUIPBUY:0	PREMULT:1,[!PRERACE:1,%],[PRERACE:1,Dark Beast]
RACE:Dark Beast	!PRERACE:1,%
NAME:Dark Beast
ALIGN:LE
SKILL:Climb			RANK:5
SKILL:Listen		RANK:5
SKILL:Spot			RANK:5
SKILL:Move Silently	RANK:6
SKILL:Wilderness Lore	RANK:6
FEAT:Dodge
FEAT:Multiattack
FEAT:Power Attack

STARTPACK:Demon Default	TYPE:DefaultMonster	VISIBLE:QUALIFY	EQUIPBUY:0	PREMULT:1,[!PRERACE:1,%],[PRERACE:1,Demon]
RACE:Demon	!PRERACE:1,%
NAME:Demon
ALIGN:CE
SKILL:Climb				RANK:10
SKILL:Intimidate			RANK:11
SKILL:Knowledge (Arcana)	RANK:11
SKILL:Listen			RANK:11
SKILL:Move Silently		RANK:11
SKILL:Sense Motive		RANK:11
SKILL:Spot				RANK:11
SKILL:Ridicule			RANK:12
FEAT:Dodge
FEAT:Multiattack
FEAT:Power Attack

STARTPACK:Devil Ray Default	TYPE:DefaultMonster	VISIBLE:QUALIFY	EQUIPBUY:0	PREMULT:1,[!PRERACE:1,%],[PRERACE:1,Devil Ray]
RACE:Devil Ray	!PRERACE:1,%
NAME:Devil Ray
ALIGN:TN
SKILL:Listen		RANK:9
SKILL:Move Silently	RANK:8
SKILL:Swim			RANK:8
SKILL:Spot			RANK:10
SKILL:Wilderness Lore	RANK:10

STARTPACK:Doom Cloud Default	TYPE:DefaultMonster	VISIBLE:QUALIFY	EQUIPBUY:0	PREMULT:1,[!PRERACE:1,%],[PRERACE:1,Doom Cloud]
RACE:Doom Cloud	!PRERACE:1,%
NAME:Doom Cloud
ALIGN:CE
SKILL:Hide			RANK:7
SKILL:Move Silently	RANK:7
SKILL:Search		RANK:7
SKILL:Spot			RANK:5
FEAT:Improved Initiative

STARTPACK:Default Dr. Victor Frankenstein	VISIBLE:QUALIFY	EQUIPBUY:0	PREMULT:1,[!PRERACE:1,%],[PRERACE:1,Dr. Victor Frankenstein]
RACE:Dr. Victor Frankenstein	!PRERACE:1,%
NAME:Dr. Victor Frankenstein
ALIGN:CN

STARTPACK:Dracula Default	TYPE:DefaultMonster	VISIBLE:QUALIFY	EQUIPBUY:0	PREMULT:1,[!PRERACE:1,%],[PRERACE:1,Dracula]
RACE:Dracula	!PRERACE:1,%
NAME:Dracula
ALIGN:CE

STARTPACK:Dread Wolf Default	TYPE:DefaultMonster	VISIBLE:QUALIFY	EQUIPBUY:0	PREMULT:1,[!PRERACE:1,%],[PRERACE:1,Dread Wolf]
RACE:Dread Wolf	!PRERACE:1,%
NAME:Dread Wolf
ALIGN:TN
SKILL:Climb			RANK:5
SKILL:Listen		RANK:5
SKILL:Spot			RANK:5
SKILL:Wilderness Lore	RANK:5
SKILL:Hide			RANK:3
SKILL:Move Silently	RANK:3
SKILL:Intimidate		RANK:6

STARTPACK:Duster Default	TYPE:DefaultMonster	VISIBLE:QUALIFY	EQUIPBUY:0	PREMULT:1,[!PRERACE:1,%],[PRERACE:1,Duster]
RACE:Duster	!PRERACE:1,%
NAME:Duster
ALIGN:CE
SKILL:Climb			RANK:8
SKILL:Hide			RANK:4
SKILL:Move Silently	RANK:4
SKILL:Listen		RANK:5
SKILL:Spot			RANK:5
FEAT:Dodge
