# CVS $Revision: $ $Author: $ -- Sat Nov 23 14:46:39 2013 -- reformated by prettylst.pl v1.50 (build 22134)
SOURCELONG:Second Darkness, Chapter 4 - Endless Night	SOURCESHORT:AP16	SOURCEWEB:http://paizo.com/pathfinder/adventurePath/secondDarkness/v5748btpy85er	SOURCEDATE:2008-11


STARTPACK:Deep Crow Default	TYPE:Default Monster.Magical Beast	VISIBLE:QUALIFY	EQUIPBUY:0	PREMULT:1,[PRERACE:1,Deep Crow],[!PRERACE:1,%]	SOURCEPAGE:p.80
ALIGN:TN
RACE:Deep Crow	!PRERACE:1,%
NAME:Deep Crow
SKILL:Perception	RANK:4
SKILL:Stealth	RANK:12
ABILITY:CATEGORY=FEAT|Acrobatic
ABILITY:CATEGORY=FEAT|Alertness
ABILITY:CATEGORY=FEAT|Combat Reflexes
ABILITY:CATEGORY=FEAT|Flyby Attack
ABILITY:CATEGORY=FEAT|Lunge
ABILITY:CATEGORY=FEAT|Multiattack
ABILITY:CATEGORY=FEAT|Improved Initiative
ABILITY:CATEGORY=FEAT|Wingover
STAT:STR=11|DEX=10|CON=10|INT=10|WIS=11|CHA=10


STARTPACK:Demon (Omox) Default	TYPE:Default Monster.Outsider	VISIBLE:QUALIFY	EQUIPBUY:0	PREMULT:1,[PRERACE:1,Demon (Omox)],[!PRERACE:1,%]	SOURCEPAGE:p.82
ALIGN:CE
RACE:Demon (Omox)	!PRERACE:1,%
NAME:Omox Demon
SKILL:Acrobatics				RANK:12
SKILL:Bluff					RANK:12
SKILL:Knowledge (Dungeoneering)	RANK:12
SKILL:Knowledge (Planes)		RANK:12
SKILL:Perception				RANK:12
SKILL:Sense Motive			RANK:12
SKILL:Stealth				RANK:12
SKILL:Swim					RANK:12
ABILITY:CATEGORY=FEAT|Combat Reflexes
ABILITY:CATEGORY=FEAT|Dodge
ABILITY:CATEGORY=FEAT|Improved Initiative
ABILITY:CATEGORY=FEAT|Iron Will
ABILITY:CATEGORY=FEAT|Mobility
ABILITY:CATEGORY=FEAT|Spring Attack
STAT:STR=10|DEX=11|CON=10|INT=11|WIS=10|CHA=10


STARTPACK:Ghonhatine Default	TYPE:Default Monster.Aberration	VISIBLE:QUALIFY	EQUIPBUY:0	PREMULT:1,[PRERACE:1,Ghonhatine],[!PRERACE:1,%]	SOURCEPAGE:p.84
ALIGN:CE
RACE:Ghonhatine	!PRERACE:1,%
NAME:Ghonhatine
SKILL:Perception	RANK:3
SKILL:Stealth	RANK:3
SKILL:Survival	RANK:6
ABILITY:CATEGORY=FEAT|Awesome Blow
ABILITY:CATEGORY=FEAT|Cleave
ABILITY:CATEGORY=FEAT|Improved Bull Rush
ABILITY:CATEGORY=FEAT|Improved Sunder
ABILITY:CATEGORY=FEAT|Multiattack
ABILITY:CATEGORY=FEAT|Power Attack
STAT:STR=11|DEX=11|CON=10|INT=10|WIS=11|CHA=10


STARTPACK:Irnakurse Default	TYPE:Default Monster.Aberration	VISIBLE:QUALIFY	EQUIPBUY:0	PREMULT:1,[PRERACE:1,Irnakurse],[!PRERACE:1,%]	SOURCEPAGE:p.86
ALIGN:CE
RACE:Irnakurse	!PRERACE:1,%
NAME:Irnakurse
SKILL:Acrobatics	RANK:5
SKILL:Climb		RANK:5
SKILL:Perception	RANK:10
ABILITY:CATEGORY=FEAT|Combat Reflexes
ABILITY:CATEGORY=FEAT|Improved Initiative
ABILITY:CATEGORY=FEAT|Lightning Reflexes
ABILITY:CATEGORY=FEAT|Power Attack
ABILITY:CATEGORY=FEAT|Stand Still
STAT:STR=10|DEX=11|CON=10|INT=10|WIS=10|CHA=10


STARTPACK:Mothman Default	TYPE:Default Monster.Monstrous Humanoid	VISIBLE:QUALIFY	EQUIPBUY:0	PREMULT:1,[PRERACE:1,Mothman],[!PRERACE:1,%]	SOURCEPAGE:p.88
ALIGN:CN
RACE:Mothman	!PRERACE:1,%
NAME:Mothman
SKILL:Acrobatics		RANK:9
SKILL:TYPE.Knowledge	RANK:9	COUNT:2
SKILL:Fly			RANK:9
SKILL:Sense Motive	RANK:9
SKILL:Perception		RANK:9
SKILL:Stealth		RANK:9
ABILITY:CATEGORY=FEAT|Blind-Fight
ABILITY:CATEGORY=FEAT|Flyby Attack
ABILITY:CATEGORY=FEAT|Hover
ABILITY:CATEGORY=FEAT|Improved Initiative
ABILITY:CATEGORY=FEAT|Weapon Finesse
STAT:STR=10|DEX=11|CON=10|INT=11|WIS=11|CHA=10
