# CVS $Revision: 20121 $ $Author: zaister $ -- Sat Oct 13 02:22:45 2012 -- reformated by prettylst.pl v1.39 (build 15052)
SOURCELONG:Core Rulebook	SOURCESHORT:CR	SOURCEWEB:http://paizo.com/store/downloads/pathfinder/pathfinderRPG/v5748btpy88yj	SOURCEDATE:2009-08
# Original RSRD Entry by: PCGen Data Team
# Pathfinder RPG Entry by: Stefan Radermacher

###Block: Base Materials
# Modifier Name	Unique Key	Naming Option	Type														Cost		Visible		Type granted	Prohibited Type							Apply to both heads
Cloth			KEY:CLOTH	NAMEOPT:NORMAL	TYPE:BaseMaterial.Mundane.Ammunition.Armor.Shield.Weapon.Instruments.Tools.Goods	COST:0	VISIBLE:QUALIFY				!PRETYPE:1,EQMODTYPE=Mundane	!PRETYPE:1,Metal,Wooden
Leather		KEY:LEATHER	NAMEOPT:NORMAL	TYPE:BaseMaterial.Mundane.Ammunition.Armor.Shield.Weapon.Instruments.Tools.Goods	COST:0	VISIBLE:QUALIFY				!PRETYPE:1,EQMODTYPE=Mundane	!PRETYPE:1,Metal,Wooden
Rope			KEY:ROPE	NAMEOPT:NORMAL	TYPE:BaseMaterial.Mundane.Ammunition.Armor.Shield.Weapon.Instruments.Tools.Goods	COST:0	VISIBLE:QUALIFY				!PRETYPE:1,EQMODTYPE=Mundane	!PRETYPE:1,Metal,Wooden
Steel			KEY:STEEL	NAMEOPT:NORMAL	TYPE:BaseMaterial.Mundane.Ammunition.Armor.Shield.Weapon.Instruments.Tools.Goods	COST:0	VISIBLE:QUALIFY	ITYPE:Metal		!PRETYPE:1,EQMODTYPE=Mundane	!PRETYPE:1,Wooden
Wood			KEY:WOOD	NAMEOPT:NORMAL	TYPE:BaseMaterial.Mundane.Ammunition.Armor.Shield.Weapon.Instruments.Tools.Goods	COST:0	VISIBLE:QUALIFY	ITYPE:Wooden	!PRETYPE:1,EQMODTYPE=Mundane	!PRETYPE:1,Metal		ASSIGNTOALL:YES

###Block: Masterwork
# Modifier Name	Unique Key	Naming Format	Naming Option	Type								Cost		Visible		Type granted	Source Page		Required Type				Prohibited Type							Bonus Armor Modifiers				Modify the item cost								Weapon prop. bonus				Apply to both heads
Masterwork		KEY:MWORKW	FORMATCAT:FRONT	NAMEOPT:NORMAL	TYPE:MasterworkQuality.Weapon				COST:0	VISIBLE:QUALIFY	ITYPE:Masterwork	SOURCEPAGE:p.149	PRETYPE:1,Weapon				!PRETYPE:1,Masterwork,Mithral,Adamantine,Darkwood								BONUS:ITEMCOST|TYPE=Weapon|300						BONUS:WEAPON|TOHIT|1|TYPE=Enhancement	ASSIGNTOALL:YES
Masterwork		KEY:MWORKM	FORMATCAT:FRONT	NAMEOPT:NORMAL	TYPE:MasterworkQuality.Ammunition			COST:0	VISIBLE:QUALIFY	ITYPE:Masterwork	SOURCEPAGE:p.149	PRETYPE:1,Ammunition			!PRETYPE:1,Masterwork,Mithral,Adamantine,Darkwood								BONUS:ITEMCOST|TYPE=Ammunition|6						BONUS:WEAPON|TOHIT|1|TYPE=Enhancement
Masterwork		KEY:MWORKA	FORMATCAT:FRONT	NAMEOPT:NORMAL	TYPE:MasterworkQuality.Armor.Shield			COST:0	VISIBLE:QUALIFY	ITYPE:Masterwork	SOURCEPAGE:p.153	PRETYPE:1,Armor,Shield			!PRETYPE:1,Masterwork,Mithral,Adamantine,Darkwood	BONUS:EQMARMOR|ACCHECK|1|TYPE=Enhancement	BONUS:ITEMCOST|TYPE=Armor|150	BONUS:ITEMCOST|TYPE=Shield|150
Masterwork		KEY:MWORKT	FORMATCAT:FRONT	NAMEOPT:NORMAL	TYPE:MasterworkQuality.Tools				COST:50	VISIBLE:QUALIFY	ITYPE:Masterwork	SOURCEPAGE:p.160	PRETYPE:1,Tools				!PRETYPE:1,Masterwork,Mithral,Adamantine,Darkwood								BONUS:ITEMCOST|TYPE=Thief|20	BONUS:ITEMCOST|TYPE=Instrument|45
Masterwork		KEY:MWORKB	FORMATCAT:FRONT	NAMEOPT:NORMAL	TYPE:MasterworkQuality.Amulet.Ring.Staff.Wand	COST:50	VISIBLE:QUALIFY	ITYPE:Masterwork	SOURCEPAGE:p.160	PRETYPE:1,Amulet,Ring,Staff,Wand	!PRETYPE:1,Masterwork,Mithral,Adamantine,Darkwood

###Block: Arcane Bonded Objects
# Modifier Name	Unique Key		Naming Format	Naming Option		Type						Visible		Type granted	Source Page		Multiple Requirements															Special Property
Bonded Object	KEY:BONDED_OBJECT	FORMATCAT:PARENS	NAMEOPT:TEXT=Bonded	TYPE:Amulet.Ring.Staff.Wand.Weapon	VISIBLE:QUALIFY	ITYPE:Bonded	SOURCEPAGE:p.78	PREMULT:2,[PRETYPE:1,Masterwork,Mithral,Adamantine,Darkwood],[PRETYPE:1,Amulet,Ring,Staff,Wand,Weapon]	SPROP:Can be used once per day to cast any one spell that the wizard has in his spellbook and is capable of casting, even if the spell is not prepared.

###Block: Thrown Ammunition workaround
# Modifier Name	Unique Key		Cost		Visible	Modify the item cost
Thrown Ammunition	KEY:THROWN_AMMO	COST:0	VISIBLE:NO	BONUS:ITEMCOST|TYPE.Masterwork|-294	BONUS:ITEMCOST|TYPE.Adamantine|-2646	BONUS:ITEMCOST|TYPE.Silver|-18	BONUS:ITEMCOST|TYPE.Mithral|319	BONUS:ITEMCOST|TYPE.ColdIron|-1960|PRETYPE:1,Enhancement	BONUS:ITEMCOST|TYPE.Plus1|-1960	BONUS:ITEMCOST|TYPE.Plus2|-7840	BONUS:ITEMCOST|TYPE.Plus3|-17640	BONUS:ITEMCOST|TYPE.Plus4|-31360	BONUS:ITEMCOST|TYPE.Plus5|-49000

###Block: Strength Bow
# Modifier Name	Unique Key	Naming Option	Type				Cost		Visible		Source Page		Required Type		Modify the item cost																	Weapon prop. bonus												Special Property				Choose								Apply to both heads
Strength Rating	KEY:BOWSTR	NAMEOPT:NONAME	TYPE:Bow.Composite	COST:0	VISIBLE:QUALIFY	SOURCEPAGE:p.147	PRETYPE:2,Composite,Bow	BONUS:ITEMCOST|TYPE.Shortbow|75*%CHOICE|PREVARGT:%CHOICE,0	BONUS:ITEMCOST|TYPE.Longbow|100*%CHOICE|PREVARGT:%CHOICE,0	BONUS:WEAPON|TOHIT|-2|PREVARGT:%CHOICE,STR	BONUS:WEAPON|DAMAGE|min(%CHOICE,STR)	SPROP:Strength bonus to damage	CHOOSE:NUMBER|MIN=1|MAX=100|TITLE=Strength rating	ASSIGNTOALL:YES

###Block: Weapon Special Properties
# Modifier Name	Unique Key		Naming Option	Type					Cost		Visible	Type granted	Source Page		Special Property
Brace			KEY:BRACE		NAMEOPT:NOTHING	TYPE:SpecialWeaponQualities	COST:0	VISIBLE:NO	ITYPE:Brace		SOURCEPAGE:pg.144	SPROP:Extra damage when set against a charging character (pg. 144)
Disarm		KEY:DISARM		NAMEOPT:NOTHING	TYPE:SpecialWeaponQualities	COST:0	VISIBLE:NO	ITYPE:Disarm	SOURCEPAGE:pg.144	SPROP:Bonus to disarm an enemy (pg. 144)
Monk			KEY:MONK		NAMEOPT:NOTHING	TYPE:SpecialWeaponQualities	COST:0	VISIBLE:NO	ITYPE:Monk		SOURCEPAGE:pg.145	SPROP:May be used to perform a flurry of blows (pg. 145)
Nonlethal		KEY:NONLETHAL	NAMEOPT:NOTHING	TYPE:SpecialWeaponQualities	COST:0	VISIBLE:NO	ITYPE:Nonlethal	SOURCEPAGE:pg.145	SPROP:Deals nonlethal damage (pg. 145)
Trip			KEY:TRIP		NAMEOPT:NOTHING	TYPE:SpecialWeaponQualities	COST:0	VISIBLE:NO	ITYPE:Trip		SOURCEPAGE:pg.145	SPROP:May be used to make trip attacks (pg.145)


###Block: Armor Accesories

# Modifier Name	Unique Key		Type			Cost													Visible		Type granted		Source Page				Required Type		Modify VAR						Bonus Equipment Modifiers	Bonus Weapon Modifiers		Special Property	Automatically Added to Inventory
Armor Spikes	KEY:SPIKE_A		TYPE:Armor		COST:50												VISIBLE:QUALIFY	ITYPE:Spiked.Piercing	SOURCEPAGE:RSRD Equipment.rtf	PRETYPE:1,Shield,Armor																		SPROP:Spiked	AUTO:EQUIP|Armor Spikes
Shield Spikes	KEY:SPIKE_S		TYPE:Shield		COST:10												VISIBLE:QUALIFY	ITYPE:Spiked.Piercing	SOURCEPAGE:RSRD Equipment.rtf	PRETYPE:1,Shield,Armor	BONUS:VAR|ShieldBashingDieSizeStep|1	BONUS:EQM|WEIGHTADD|5		BONUS:EQMWEAPON|DAMAGESIZE|1	SPROP:Spiked
Shield Spikes	KEY:SPIKE_SB	TYPE:Shieldbash	COST:0												VISIBLE:QUALIFY	ITYPE:Spiked.Piercing	SOURCEPAGE:RSRD Equipment.rtf																	BONUS:EQMWEAPON|DAMAGESIZE|1	SPROP:Spiked
Locked Gauntlets	KEY:Lock_G		TYPE:Gauntlet	COST:8												VISIBLE:QUALIFY	ITYPE:GauntletLock	SOURCEPAGE:RSRD Equipment.rtf												BONUS:EQM|WEIGHTADD|5							SPROP:Locked
Nonhumanoid		KEY:NONHUMANOID	TYPE:Armor		COST:BASECOST*(((SIZE<=2)*.5)+(SIZE==3)+(SIZE==4)+((SIZE>=5)*(2^(SIZE-4))))	VISIBLE:QUALIFY					SOURCEPAGE:RSRD Equipment.rtf

###Block: Masterwork
# Modifier Name	Unique Key	Naming Format	Naming Option	Type						Cost		Visible		Type granted	Source Page		Required Type		Modify the item cost											Weapon prop. bonus					Special Property										Apply to both heads
Broken		KEY:BROKEW	FORMATCAT:FRONT	NAMEOPT:NORMAL	TYPE:BrokenCondition.Weapon		COST:0	VISIBLE:QUALIFY	ITYPE:Broken	SOURCEPAGE:p.565	PRETYPE:1,Weapon		BONUS:ITEMCOST|TYPE=Weapon|-BASECOST*.25								BONUS:WEAPON|TOHIT,DAMAGE|-2|TYPE=Condition	SPROP:-2 penalty on attack and damage rolls with critical of 20/x2.	ASSIGNTOALL:YES
Broken		KEY:BROKEA	FORMATCAT:FRONT	NAMEOPT:NORMAL	TYPE:BrokenCondition.Armor		COST:0	VISIBLE:QUALIFY	ITYPE:Broken	SOURCEPAGE:p.566	PRETYPE:1,Armor		BONUS:ITEMCOST|TYPE=Armor|-BASECOST*.25																SPROP:AC bonus is halved and AC Check is doubled.
Broken		KEY:BROKES	FORMATCAT:FRONT	NAMEOPT:NORMAL	TYPE:BrokenCondition.Shield		COST:0	VISIBLE:QUALIFY	ITYPE:Broken	SOURCEPAGE:p.566	PRETYPE:1,Shield		BONUS:ITEMCOST|TYPE=Shield|-BASECOST*.25																SPROP:AC bonus is halved and AC Check is doubled.
Broken		KEY:BROKET	FORMATCAT:FRONT	NAMEOPT:NORMAL	TYPE:BrokenCondition.Tools		COST:0	VISIBLE:QUALIFY	ITYPE:Broken	SOURCEPAGE:p.566	PRETYPE:1,Tools		BONUS:ITEMCOST|TYPE=Tools|-BASECOST*.25																SPROP:-2 penalty on all skill checks.
Broken		KEY:BROKEM	FORMATCAT:FRONT	NAMEOPT:NORMAL	TYPE:BrokenCondition.Wand.Staff	COST:0	VISIBLE:QUALIFY	ITYPE:Broken	SOURCEPAGE:p.566	PRETYPE:1,Wand,Staff	BONUS:ITEMCOST|TYPE=Wand|-BASECOST*.25	BONUS:ITEMCOST|TYPE=Staff|-BASECOST*.25									SPROP:Uses twice the charges as normal.


###Block: Material
Adamantine		KEY:ADAMANT_AMMO		TYPE:BaseMaterial.MasterworkQuality.Ammunition	COST:60	VISIBLE:QUALIFY	ITYPE:Metal.Adamantine.Masterwork	REPLACES:MWORKW	SOURCEPAGE:p.154	PRETYPE:1,Metal																			SPROP:ignore hardness less than 20	ASSIGNTOALL:NO
Adamantine		KEY:ADAMANT_ARMR_LT	TYPE:BaseMaterial.MasterworkQuality.Armor		COST:5000	VISIBLE:QUALIFY	ITYPE:Metal.Adamantine.Masterwork	REPLACES:MWORKA	SOURCEPAGE:p.154	PRETYPE:2,Metal,Light	DR:1/-		BONUS:EQMARMOR|ACCHECK|1|TYPE=Enhancement								SPROP:40 hp/inch, hardness 20		ASSIGNTOALL:NO
Adamantine		KEY:ADAMANT_ARMR_MED	TYPE:BaseMaterial.MasterworkQuality.Armor		COST:10000	VISIBLE:QUALIFY	ITYPE:Metal.Adamantine.Masterwork	REPLACES:MWORKA	SOURCEPAGE:p.154	PRETYPE:2,Metal,Medium	DR:2/-		BONUS:EQMARMOR|ACCHECK|1|TYPE=Enhancement								SPROP:40 hp/inch, hardness 20		ASSIGNTOALL:NO
Adamantine		KEY:ADAMANT_ARMR_HVY	TYPE:BaseMaterial.MasterworkQuality.Armor		COST:15000	VISIBLE:QUALIFY	ITYPE:Metal.Adamantine.Masterwork	REPLACES:MWORKA	SOURCEPAGE:p.154	PRETYPE:2,Metal,Heavy	DR:3/-		BONUS:EQMARMOR|ACCHECK|1|TYPE=Enhancement								SPROP:40 hp/inch, hardness 20		ASSIGNTOALL:NO
Adamantine		KEY:ADAMANT_WEAP		TYPE:BaseMaterial.MasterworkQuality.Weapon	COST:3000	VISIBLE:QUALIFY	ITYPE:Metal.Adamantine.Masterwork	REPLACES:MWORKW	SOURCEPAGE:p.154	PRETYPE:1,Metal												BONUS:WEAPON|TOHIT|1|TYPE=Enhancement	SPROP:ignore hardness less than 20	ASSIGNTOALL:NO
Mithral		KEY:MITHRAL_ARMR_LT	TYPE:BaseMaterial.MasterworkQuality.Armor							COST:1000	VISIBLE:QUALIFY	ITYPE:Metal.Mithral.Masterwork	REPLACES:MWORKA		SOURCEPAGE:p.154	PRETYPE:1,Light	PRETYPE:1,Metal	BONUS:EQM|WEIGHTDIV|2|TYPE=Enhancement.REPLACE	BONUS:EQMARMOR|ACCHECK|3|TYPE=Enhancement.REPLACE	BONUS:EQMARMOR|MAXDEX|2	BONUS:EQMARMOR|SPELLFAILURE|-10|TYPE=Enhancement																					SPROP:30 hp/inch, hardness 15
Mithral		KEY:MITHRAL_ARMR_MED	TYPE:BaseMaterial.MasterworkQuality.Armor							COST:4000	VISIBLE:QUALIFY	ITYPE:Metal.Mithral.Masterwork	REPLACES:MWORKA		SOURCEPAGE:p.154	PRETYPE:1,Medium	PRETYPE:1,Metal	BONUS:EQM|WEIGHTDIV|2|TYPE=Enhancement.REPLACE	BONUS:EQMARMOR|ACCHECK|3|TYPE=Enhancement.REPLACE	BONUS:EQMARMOR|MAXDEX|2	BONUS:EQMARMOR|SPELLFAILURE|-10|TYPE=Enhancement																					SPROP:30 hp/inch, hardness 15	ARMORTYPE:Medium|Light
Mithral		KEY:MITHRAL_ARMR_HVY	TYPE:BaseMaterial.MasterworkQuality.Armor							COST:9000	VISIBLE:QUALIFY	ITYPE:Metal.Mithral.Masterwork	REPLACES:MWORKA		SOURCEPAGE:p.154	PRETYPE:1,Heavy	PRETYPE:1,Metal	BONUS:EQM|WEIGHTDIV|2|TYPE=Enhancement.REPLACE	BONUS:EQMARMOR|ACCHECK|3|TYPE=Enhancement.REPLACE	BONUS:EQMARMOR|MAXDEX|2	BONUS:EQMARMOR|SPELLFAILURE|-10|TYPE=Enhancement																					SPROP:30 hp/inch, hardness 15	ARMORTYPE:Heavy|Medium
Mithral		KEY:MITHRAL_SHLD		TYPE:BaseMaterial.MasterworkQuality.Shield						COST:1000	VISIBLE:QUALIFY	ITYPE:Metal.Mithral.Masterwork	REPLACES:MWORKA		SOURCEPAGE:p.154	PRETYPE:1,Metal				BONUS:EQM|WEIGHTDIV|2|TYPE=Enhancement.REPLACE	BONUS:EQMARMOR|ACCHECK|3|TYPE=Enhancement.REPLACE	BONUS:EQMARMOR|MAXDEX|2	BONUS:EQMARMOR|SPELLFAILURE|-10|TYPE=Enhancement																					SPROP:30 hp/inch, hardness 15
Mithral		KEY:MITHRAL_ITEM		TYPE:BaseMaterial.MasterworkQuality.Ammunition.Weapon.Instruments.Tools.Goods	COST:WT*500	VISIBLE:QUALIFY	ITYPE:Metal.Mithral.Masterwork	REPLACES:MWORKW,MWORKT	SOURCEPAGE:p.154	PRETYPE:1,Metal				BONUS:EQM|WEIGHTDIV|2|TYPE=Enhancement.REPLACE																							BONUS:WEAPON|TOHIT|1|TYPE=Enhancement|PRETYPE:1,Weapon	BONUS:WEAPON|TOHIT|1|TYPE=Enhancement|PRETYPE:1,Ammunition	SPROP:30 hp/inch, hardness 15					ASSIGNTOALL:NO
Darkwood		KEY:DARK	TYPE:BaseMaterial.MasterworkQuality.Ammunition.Weapon.Shield	COST:WT*10		VISIBLE:QUALIFY	ITYPE:Wooden.Darkwood.Masterwork		REPLACES:MWORKA,MWORKW	SOURCEPAGE:p.154	PRETYPE:1,Wooden														BONUS:EQM|WEIGHTDIV|2		BONUS:EQMARMOR|ACCHECK|2|TYPE=Enhancement|PRETYPE:1,Shield	BONUS:ITEMCOST|TYPE.Ammunition|6	BONUS:ITEMCOST|TYPE.Weapon|300	BONUS:ITEMCOST|TYPE.Shield|150															BONUS:WEAPON|TOHIT|1|TYPE=Enhancement|PRETYPE:1,Weapon				SPROP:10 hp/inch, hardness 5	ASSIGNTOALL:YES
Dragonhide		KEY:DRACO	TYPE:BaseMaterial.MasterworkQuality.Armor.Shield			COST:BASECOST+300	VISIBLE:QUALIFY	ITYPE:Dragonhide.Nonmetal.Masterwork	REPLACES:MWORKA		SOURCEPAGE:p.154																						BONUS:EQMARMOR|ACCHECK|1|TYPE=Enhancement																																																	SPROP:10 hp/inch, hardness 10	ASSIGNTOALL:NO
Cold Iron		KEY:C_IRON	TYPE:BaseMaterial.Ammunition.Weapon						COST:(BASECOST)	VISIBLE:QUALIFY	ITYPE:Metal.ColdIron								SOURCEPAGE:p.154	PRETYPE:1,Weapon,Ammunition	PRETYPE:1,Metal																								BONUS:ITEMCOST|TYPE.Enhancement.Ammunition|40	BONUS:ITEMCOST|TYPE.Enhancement.Weapon|2000																														SPROP:30 hp/inch, hardness 10	ASSIGNTOALL:NO
Alchemical Silver	KEY:ALCHM	TYPE:BaseMaterial.Ammunition.Weapon						COST:0		VISIBLE:QUALIFY	ITYPE:Metal.Silver								SOURCEPAGE:p.155	PRETYPE:1,Weapon,Ammunition	PRETYPE:1,Metal	!PRETYPE:1,Mithral,Adamantine,ColdIron,Silver																BONUS:ITEMCOST|TYPE.Ammunition|2	BONUS:ITEMCOST|TYPE.Weapon|20|PREWIELD:1,Light	BONUS:ITEMCOST|TYPE.Weapon|90|PREWIELD:1,OneHanded	BONUS:ITEMCOST|TYPE.Weapon|180|PREWIELD:1,TwoHanded	BONUS:WEAPON|DAMAGE|-1|TYPE=Enhancement.STACK|PRETYPE:1,Piercing,Slashing	SPROP:10 hp/inch, hardness 8	ASSIGNTOALL:NO


###Block: Charged items
# Modifier Name	Unique Key			Cost							Visible	Choose		Nb of Charges
Charges (3)		KEY:CHARGED_ITEM_3	COST:((BASECOST/3)*%CHARGES)-BASECOST	VISIBLE:NO	CHOOSE:NOCHOICE	CHARGES:1|3
Charges (4)		KEY:CHARGED_ITEM_4	COST:((BASECOST/4)*%CHARGES)-BASECOST	VISIBLE:NO	CHOOSE:NOCHOICE	CHARGES:1|4
Charges (5)		KEY:CHARGED_ITEM_5	COST:((BASECOST/5)*%CHARGES)-BASECOST	VISIBLE:NO	CHOOSE:NOCHOICE	CHARGES:1|5
Charges (6)		KEY:CHARGED_ITEM_6	COST:((BASECOST/6)*%CHARGES)-BASECOST	VISIBLE:NO	CHOOSE:NOCHOICE	CHARGES:1|6
Charges (7)		KEY:CHARGED_ITEM_7	COST:((BASECOST/7)*%CHARGES)-BASECOST	VISIBLE:NO	CHOOSE:NOCHOICE	CHARGES:1|7
Charges (8)		KEY:CHARGED_ITEM_8	COST:((BASECOST/8)*%CHARGES)-BASECOST	VISIBLE:NO	CHOOSE:NOCHOICE	CHARGES:1|8
Charges (9)		KEY:CHARGED_ITEM_9	COST:((BASECOST/9)*%CHARGES)-BASECOST	VISIBLE:NO	CHOOSE:NOCHOICE	CHARGES:1|9
Charges (10)	KEY:CHARGED_ITEM_10	COST:((BASECOST/10)*%CHARGES)-BASECOST	VISIBLE:NO	CHOOSE:NOCHOICE	CHARGES:1|10
Charges (12)	KEY:CHARGED_ITEM_12	COST:((BASECOST/12)*%CHARGES)-BASECOST	VISIBLE:NO	CHOOSE:NOCHOICE	CHARGES:1|12
Charges (20)	KEY:CHARGED_ITEM_20	COST:((BASECOST/20)*%CHARGES)-BASECOST	VISIBLE:NO	CHOOSE:NOCHOICE	CHARGES:1|20
Charges (34)	KEY:CHARGED_ITEM_34	COST:((BASECOST/34)*%CHARGES)-BASECOST	VISIBLE:NO	CHOOSE:NOCHOICE	CHARGES:1|34
Charges (36)	KEY:CHARGED_ITEM_36	COST:((BASECOST/36)*%CHARGES)-BASECOST	VISIBLE:NO	CHOOSE:NOCHOICE	CHARGES:1|36
Charges (50)	KEY:CHARGED_ITEM_50	COST:((BASECOST/50)*%CHARGES)-BASECOST	VISIBLE:NO	CHOOSE:NOCHOICE	CHARGES:1|50
Charges (101)	KEY:CHARGED_ITEM_101	COST:((BASECOST/101)*%CHARGES)-BASECOST	VISIBLE:NO	CHOOSE:NOCHOICE	CHARGES:1|101
Staff Charges	KEY:CHARGED_STAFF		COST:0						VISIBLE:NO	CHOOSE:NOCHOICE	CHARGES:0|10

###Block: Use per day items
# Modifier Name	Unique Key			Visible	Choose		Nb of Charges
Uses per Day (1)	KEY:USES_PER_DAY_1	VISIBLE:NO	CHOOSE:NOCHOICE	CHARGES:1|1
Uses per Day (2)	KEY:USES_PER_DAY_2	VISIBLE:NO	CHOOSE:NOCHOICE	CHARGES:2|2
Uses per Day (3)	KEY:USES_PER_DAY_3	VISIBLE:NO	CHOOSE:NOCHOICE	CHARGES:3|3
Uses per Day (10)	KEY:USES_PER_DAY_10	VISIBLE:NO	CHOOSE:NOCHOICE	CHARGES:10|10

###Block: Generic Magical Enhancment modifiers
# This can be added to specific Armors and Weapons to adjust the cost to the equivilant plus value or monitary cost
# This is usefull because if the item is resized the cost modifier due to size is taken from the COST tag in the item and this EQMOD cost is not factored in

# Modifier Name			Unique Key			Plus		Cost			Choose
Magical Enhancments (+1)	KEY:MAGIC_ENHANCE_1	PLUS:1
Magical Enhancments (+2)	KEY:MAGIC_ENHANCE_2	PLUS:2
Magical Enhancments (+3)	KEY:MAGIC_ENHANCE_3	PLUS:3
Magical Enhancments (+4)	KEY:MAGIC_ENHANCE_4	PLUS:4
Magical Enhancments (+5)	KEY:MAGIC_ENHANCE_5	PLUS:5
Magical Enhancments (+6)	KEY:MAGIC_ENHANCE_6	PLUS:6
Magical Enhancments (+7)	KEY:MAGIC_ENHANCE_7	PLUS:7
Magical Enhancments (+8)	KEY:MAGIC_ENHANCE_8	PLUS:8
Magical Enhancments (+9)	KEY:MAGIC_ENHANCE_9	PLUS:9
Magical Enhancments (+10)	KEY:MAGIC_ENHANCE_10	PLUS:10

Magical Enhancment Cost		KEY:MAGIC_COST				COST:%CHOICE	CHOOSE:NUMBER|MIN=1|MAX=1000000|TITLE=Additional Cost

###Block: Magic Item abilities
# Modifier Name					Unique Key		Naming Option	Type																					Cost															Visible		Type granted				Source Page		Multiple Requirements																													Choose			Nb of Charges
|Spell Effect (Single Use/Use Activated)	KEY:SPL_1USE	NAMEOPT:SPELL	TYPE:Potion.Oil																			COST:(50*(max(%SPELLLEVEL,(1/2)))*%CASTERLEVEL)+%SPELLCOST+(5*%SPELLXPCOST)			VISIBLE:QUALIFY	ITYPE:Enhancement.Magic.Consumable																																				CHOOSE:EQBUILDER.SPELL
|Spell Effect (50 Charges/Spell Trigger)	KEY:SPL_CHRG	NAMEOPT:SPELL	TYPE:Armor.Shield.Weapon.Amulet.Belt.Bracer.Cape.Glove.Headgear.Headband.Instrument.Ring.Robe.Shirt.Eyegear.Boot.Staff.Wand	COST:((15*(max(%SPELLLEVEL,(1/2)))*%CASTERLEVEL)+%SPELLCOST+(5*%SPELLXPCOST))*%CHARGES	VISIBLE:QUALIFY	ITYPE:Enhancement.Magic																																						CHOOSE:EQBUILDER.SPELL	CHARGES:1|50
|Spell Effect (Command Word)			KEY:SPL_CMD		NAMEOPT:SPELL	TYPE:Armor.Shield.Weapon.Amulet.Belt.Bracer.Cape.Glove.Headgear.Headband.Instrument.Ring.Robe.Shirt.Eyegear.Boot.Staff.Rod	COST:(1800*(max(%SPELLLEVEL,(1/2)))*%CASTERLEVEL)+%SPELLCOST+(5*%SPELLXPCOST)			VISIBLE:QUALIFY	ITYPE:Enhancement.Magic			SOURCEPAGE:p.550	PREMULT:1,[PREMULT:2,[PRETYPE:1,Enhancement],[PRETYPE:1,Armor,Shield,Weapon]],[PRETYPE:1,Amulet,Belt,Bracer,Cape,Glove,Headgear,Headband,Instrument,Ring,Robe,Shirt,Eyegear,Boot,Staff,Rod]	CHOOSE:EQBUILDER.SPELL
|Spell Effect (Use Activated)			KEY:SPL_ACT		NAMEOPT:SPELL	TYPE:Armor.Shield.Weapon.Amulet.Belt.Bracer.Cape.Glove.Headgear.Headband.Instrument.Ring.Robe.Shirt.Eyegear.Boot.Staff.Rod	COST:(2000*(max(%SPELLLEVEL,(1/2)))*%CASTERLEVEL)+%SPELLCOST+(5*%SPELLXPCOST)			VISIBLE:QUALIFY	ITYPE:Enhancement.Magic			SOURCEPAGE:p.550	PREMULT:1,[PREMULT:2,[PRETYPE:1,Enhancement],[PRETYPE:1,Armor,Shield,Weapon]],[PRETYPE:1,Amulet,Belt,Bracer,Cape,Glove,Headgear,Headband,Instrument,Ring,Robe,Shirt,Eyegear,Boot,Staff,Rod]	CHOOSE:EQBUILDER.SPELL

###Block: Magic Item abilities
# Modifier Name				Unique Key		Naming Option	Type																					Cost									Visible		Type granted		Source Page		Multiple Requirements																													Spell Res.	Save checks bonus								Combat bonus					Bonus to skill				Bonus to spell cast/day				Stat bonus					Special Property								Choose
|Ability Bonus (Enhancement)		KEY:BNS_ENHC_AB	NAMEOPT:NONAME	TYPE:Armor.Shield.Weapon.Amulet.Belt.Bracer.Cape.Glove.Headgear.Headband.Instrument.Ring.Robe.Shirt.Eyegear.Boot.Staff.Rod	COST:(1000*%CHOICE*%CHOICE)					VISIBLE:QUALIFY	ITYPE:Enhancement.Magic	SOURCEPAGE:p.550	PREMULT:1,[PREMULT:2,[PRETYPE:1,Enhancement],[PRETYPE:1,Armor,Shield,Weapon]],[PRETYPE:1,Amulet,Belt,Bracer,Cape,Glove,Headgear,Headband,Instrument,Ring,Robe,Shirt,Eyegear,Boot,Staff,Rod]																																	BONUS:STAT|%CHOICE|TYPE=Enhancement	SPROP:Enhancement bonus to ability %CHOICE			CHOOSE:STATBONUS|MIN=-6|MAX=6|TITLE=Ability
|Armor Bonus (Enhancement)		KEY:BNS_ENHC_AC				TYPE:Weapon.Amulet.Belt.Bracer.Cape.Glove.Headgear.Headband.Instrument.Ring.Robe.Shirt.Eyegear.Boot.Staff.Rod			COST:(1000*%CHOICE*%CHOICE)					VISIBLE:QUALIFY	ITYPE:Enhancement.Magic	SOURCEPAGE:p.550	PREMULT:1,[PRETYPE:2,Enhancement,Weapon],[PRETYPE:1,Amulet,Belt,Bracer,Cape,Glove,Headgear,Headband,Instrument,Ring,Robe,Shirt,Eyegear,Boot,Staff,Rod]																			BONUS:COMBAT|AC|%CHOICE|TYPE=Armor																					SPROP:Enhancement bonus to armor class of %CHOICE		CHOOSE:NUMBER|MIN=1|MAX=8|TITLE=Armor Enhancement Bonus
|Bonus Spell				KEY:BNS_SPELL				TYPE:Armor.Shield.Weapon.Amulet.Belt.Bracer.Cape.Glove.Headgear.Headband.Instrument.Ring.Robe.Shirt.Eyegear.Boot.Staff.Rod	COST:(1000*(max(%CHOICE,1))*(max(%CHOICE,(1/2))))	VISIBLE:QUALIFY	ITYPE:Enhancement.Magic	SOURCEPAGE:p.550	PREMULT:1,[PREMULT:2,[PRETYPE:1,Enhancement],[PRETYPE:1,Armor,Shield,Weapon]],[PRETYPE:1,Amulet,Belt,Bracer,Cape,Glove,Headgear,Headband,Instrument,Ring,Robe,Shirt,Eyegear,Boot,Staff,Rod]																										BONUS:SPELLCAST|CLASS=Any;LEVEL=%CHOICE|1							SPROP:bonus spell								CHOOSE:NUMBER|0|1|2|3|4|5|6|7|8|9|MULTIPLE|TITLE=Spell Level
|AC Bonus (Deflection)			KEY:BNS_AC_DEFL				TYPE:Armor.Shield.Weapon.Amulet.Belt.Bracer.Cape.Glove.Headgear.Headband.Instrument.Ring.Robe.Shirt.Eyegear.Boot.Staff.Rod	COST:(2000*%CHOICE*%CHOICE)					VISIBLE:QUALIFY	ITYPE:Enhancement.Magic	SOURCEPAGE:p.550	PREMULT:1,[PREMULT:2,[PRETYPE:1,Enhancement],[PRETYPE:1,Armor,Shield,Weapon]],[PRETYPE:1,Amulet,Belt,Bracer,Cape,Glove,Headgear,Headband,Instrument,Ring,Robe,Shirt,Eyegear,Boot,Staff,Rod]													BONUS:COMBAT|AC|%CHOICE|TYPE=Deflection																				SPROP:Deflection bonus to armor class of %CHOICE		CHOOSE:NUMBER|MIN=1|MAX=5|TITLE=Deflection Bonus
|AC Bonus (Luck)				KEY:BNS_AC_LUCK				TYPE:Armor.Shield.Weapon.Amulet.Belt.Bracer.Cape.Glove.Headgear.Headband.Instrument.Ring.Robe.Shirt.Eyegear.Boot.Staff.Rod	COST:(2500*%CHOICE*%CHOICE)					VISIBLE:QUALIFY	ITYPE:Enhancement.Magic	SOURCEPAGE:p.550	PREMULT:1,[PREMULT:2,[PRETYPE:1,Enhancement],[PRETYPE:1,Armor,Shield,Weapon]],[PRETYPE:1,Amulet,Belt,Bracer,Cape,Glove,Headgear,Headband,Instrument,Ring,Robe,Shirt,Eyegear,Boot,Staff,Rod]													BONUS:COMBAT|AC|%CHOICE|TYPE=Luck																					SPROP:Luck bonus to armor class of %CHOICE			CHOOSE:NUMBER|MIN=1|MAX=5|TITLE=Armor Other Bonus
|AC Bonus (Insight)			KEY:BNS_AC_INSI				TYPE:Armor.Shield.Weapon.Amulet.Belt.Bracer.Cape.Glove.Headgear.Headband.Instrument.Ring.Robe.Shirt.Eyegear.Boot.Staff.Rod	COST:(2500*%CHOICE*%CHOICE)					VISIBLE:QUALIFY	ITYPE:Enhancement.Magic	SOURCEPAGE:p.550	PREMULT:1,[PREMULT:2,[PRETYPE:1,Enhancement],[PRETYPE:1,Armor,Shield,Weapon]],[PRETYPE:1,Amulet,Belt,Bracer,Cape,Glove,Headgear,Headband,Instrument,Ring,Robe,Shirt,Eyegear,Boot,Staff,Rod]													BONUS:COMBAT|AC|%CHOICE|TYPE=Insight																				SPROP:Insight bonus to armor class of %CHOICE			CHOOSE:NUMBER|MIN=1|MAX=5|TITLE=Armor Other Bonus
|AC Bonus (Sacred)			KEY:BNS_AC_SCRD				TYPE:Armor.Shield.Weapon.Amulet.Belt.Bracer.Cape.Glove.Headgear.Headband.Instrument.Ring.Robe.Shirt.Eyegear.Boot.Staff.Rod	COST:(2500*%CHOICE*%CHOICE)					VISIBLE:QUALIFY	ITYPE:Enhancement.Magic	SOURCEPAGE:p.550	PREMULT:1,[PREMULT:2,[PRETYPE:1,Enhancement],[PRETYPE:1,Armor,Shield,Weapon]],[PRETYPE:1,Amulet,Belt,Bracer,Cape,Glove,Headgear,Headband,Instrument,Ring,Robe,Shirt,Eyegear,Boot,Staff,Rod]													BONUS:COMBAT|AC|%CHOICE|TYPE=Sacred																					SPROP:Sacred bonus to armor class of %CHOICE			CHOOSE:NUMBER|MIN=1|MAX=5|TITLE=Armor Other Bonus
|AC Bonus (Profane)			KEY:BNS_AC_PROF				TYPE:Armor.Shield.Weapon.Amulet.Belt.Bracer.Cape.Glove.Headgear.Headband.Instrument.Ring.Robe.Shirt.Eyegear.Boot.Staff.Rod	COST:(2500*%CHOICE*%CHOICE)					VISIBLE:QUALIFY	ITYPE:Enhancement.Magic	SOURCEPAGE:p.550	PREMULT:1,[PREMULT:2,[PRETYPE:1,Enhancement],[PRETYPE:1,Armor,Shield,Weapon]],[PRETYPE:1,Amulet,Belt,Bracer,Cape,Glove,Headgear,Headband,Instrument,Ring,Robe,Shirt,Eyegear,Boot,Staff,Rod]													BONUS:COMBAT|AC|%CHOICE|TYPE=Profane																				SPROP:Profane bonus to armor class of %CHOICE			CHOOSE:NUMBER|MIN=1|MAX=5|TITLE=Armor Other Bonus
|AC Bonus (Other)				KEY:BNS_AC_OTHE				TYPE:Armor.Shield.Weapon.Amulet.Belt.Bracer.Cape.Glove.Headgear.Headband.Instrument.Ring.Robe.Shirt.Eyegear.Boot.Staff.Rod	COST:(2500*%CHOICE*%CHOICE)					VISIBLE:QUALIFY	ITYPE:Enhancement.Magic	SOURCEPAGE:p.550	PREMULT:1,[PREMULT:2,[PRETYPE:1,Enhancement],[PRETYPE:1,Armor,Shield,Weapon]],[PRETYPE:1,Amulet,Belt,Bracer,Cape,Glove,Headgear,Headband,Instrument,Ring,Robe,Shirt,Eyegear,Boot,Staff,Rod]													BONUS:COMBAT|AC|%CHOICE|TYPE=Other																					SPROP:Other bonus to armor class of %CHOICE			CHOOSE:NUMBER|MIN=1|MAX=5|TITLE=Armor Other Bonus
|Natural Armor Bonus (Enhancement)	KEY:BNS_ENHC_NAT				TYPE:Armor.Shield.Weapon.Amulet.Belt.Bracer.Cape.Glove.Headgear.Headband.Instrument.Ring.Robe.Shirt.Eyegear.Boot.Staff.Rod	COST:(2000*%CHOICE*%CHOICE)					VISIBLE:QUALIFY	ITYPE:Enhancement.Magic	SOURCEPAGE:p.550	PREMULT:1,[PREMULT:2,[PRETYPE:1,Enhancement],[PRETYPE:1,Armor,Shield,Weapon]],[PRETYPE:1,Amulet,Belt,Bracer,Cape,Glove,Headgear,Headband,Instrument,Ring,Robe,Shirt,Eyegear,Boot,Staff,Rod]													BONUS:COMBAT|AC|%CHOICE|TYPE=NaturalArmor																				SPROP:Natural Armor bonus to armor class of %CHOICE		CHOOSE:NUMBER|MIN=1|MAX=5|TITLE=Natural Armor Bonus
|Save Bonus (Resistance)		KEY:BNS_SAV_RES				TYPE:Armor.Shield.Weapon.Amulet.Belt.Bracer.Cape.Glove.Headgear.Headband.Instrument.Ring.Robe.Shirt.Eyegear.Boot.Staff.Rod	COST:(1000*%CHOICE*%CHOICE)					VISIBLE:QUALIFY	ITYPE:Enhancement.Magic	SOURCEPAGE:p.550	PREMULT:1,[PREMULT:2,[PRETYPE:1,Enhancement],[PRETYPE:1,Armor,Shield,Weapon]],[PRETYPE:1,Amulet,Belt,Bracer,Cape,Glove,Headgear,Headband,Instrument,Ring,Robe,Shirt,Eyegear,Boot,Staff,Rod]			BONUS:CHECKS|Fortitude,Reflex,Will|%CHOICE|TYPE=Resistance																											SPROP:Resistance bonus to all saving throws of %CHOICE	CHOOSE:NUMBER|MIN=1|MAX=5|TITLE=Resistance Bonus
|Save Bonus (Luck)			KEY:BNS_SAV_LUC				TYPE:Armor.Shield.Weapon.Amulet.Belt.Bracer.Cape.Glove.Headgear.Headband.Instrument.Ring.Robe.Shirt.Eyegear.Boot.Staff.Rod	COST:(2000*%CHOICE*%CHOICE)					VISIBLE:QUALIFY	ITYPE:Enhancement.Magic	SOURCEPAGE:p.550	PREMULT:1,[PREMULT:2,[PRETYPE:1,Enhancement],[PRETYPE:1,Armor,Shield,Weapon]],[PRETYPE:1,Amulet,Belt,Bracer,Cape,Glove,Headgear,Headband,Instrument,Ring,Robe,Shirt,Eyegear,Boot,Staff,Rod]			BONUS:CHECKS|Fortitude,Reflex,Will|%CHOICE|TYPE=Luck																												SPROP:Luck bonus to all saving throws of %CHOICE		CHOOSE:NUMBER|MIN=1|MAX=5|TITLE=Luck Bonus
|Save Bonus (Insight)			KEY:BNS_SAV_INS				TYPE:Armor.Shield.Weapon.Amulet.Belt.Bracer.Cape.Glove.Headgear.Headband.Instrument.Ring.Robe.Shirt.Eyegear.Boot.Staff.Rod	COST:(2000*%CHOICE*%CHOICE)					VISIBLE:QUALIFY	ITYPE:Enhancement.Magic	SOURCEPAGE:p.550	PREMULT:1,[PREMULT:2,[PRETYPE:1,Enhancement],[PRETYPE:1,Armor,Shield,Weapon]],[PRETYPE:1,Amulet,Belt,Bracer,Cape,Glove,Headgear,Headband,Instrument,Ring,Robe,Shirt,Eyegear,Boot,Staff,Rod]			BONUS:CHECKS|Fortitude,Reflex,Will|%CHOICE|TYPE=Insight																											SPROP:Insight bonus to all saving throws of %CHOICE		CHOOSE:NUMBER|MIN=1|MAX=5|TITLE=Insight Bonus
|Save Bonus (Sacred)			KEY:BNS_SAV_SAC				TYPE:Armor.Shield.Weapon.Amulet.Belt.Bracer.Cape.Glove.Headgear.Headband.Instrument.Ring.Robe.Shirt.Eyegear.Boot.Staff.Rod	COST:(2000*%CHOICE*%CHOICE)					VISIBLE:QUALIFY	ITYPE:Enhancement.Magic	SOURCEPAGE:p.550	PREMULT:1,[PREMULT:2,[PRETYPE:1,Enhancement],[PRETYPE:1,Armor,Shield,Weapon]],[PRETYPE:1,Amulet,Belt,Bracer,Cape,Glove,Headgear,Headband,Instrument,Ring,Robe,Shirt,Eyegear,Boot,Staff,Rod]			BONUS:CHECKS|Fortitude,Reflex,Will|%CHOICE|TYPE=Sacred																											SPROP:Sacred bonus to all saving throws of %CHOICE		CHOOSE:NUMBER|MIN=1|MAX=5|TITLE=Sacred Bonus
|Save Bonus (Profane)			KEY:BNS_SAV_PRO				TYPE:Armor.Shield.Weapon.Amulet.Belt.Bracer.Cape.Glove.Headgear.Headband.Instrument.Ring.Robe.Shirt.Eyegear.Boot.Staff.Rod	COST:(2000*%CHOICE*%CHOICE)					VISIBLE:QUALIFY	ITYPE:Enhancement.Magic	SOURCEPAGE:p.550	PREMULT:1,[PREMULT:2,[PRETYPE:1,Enhancement],[PRETYPE:1,Armor,Shield,Weapon]],[PRETYPE:1,Amulet,Belt,Bracer,Cape,Glove,Headgear,Headband,Instrument,Ring,Robe,Shirt,Eyegear,Boot,Staff,Rod]			BONUS:CHECKS|Fortitude,Reflex,Will|%CHOICE|TYPE=Profane																											SPROP:Profane bonus to all saving throws of %CHOICE		CHOOSE:NUMBER|MIN=1|MAX=5|TITLE=Profane Bonus
|Save Bonus (Other)			KEY:BNS_SAV_OTH				TYPE:Armor.Shield.Weapon.Amulet.Belt.Bracer.Cape.Glove.Headgear.Headband.Instrument.Ring.Robe.Shirt.Eyegear.Boot.Staff.Rod	COST:(2000*%CHOICE*%CHOICE)					VISIBLE:QUALIFY	ITYPE:Enhancement.Magic	SOURCEPAGE:p.550	PREMULT:1,[PREMULT:2,[PRETYPE:1,Enhancement],[PRETYPE:1,Armor,Shield,Weapon]],[PRETYPE:1,Amulet,Belt,Bracer,Cape,Glove,Headgear,Headband,Instrument,Ring,Robe,Shirt,Eyegear,Boot,Staff,Rod]			BONUS:CHECKS|Fortitude,Reflex,Will|%CHOICE|TYPE=Other																												SPROP:Other bonus to all saving throws of %CHOICE		CHOOSE:NUMBER|MIN=1|MAX=5|TITLE=Other bonus Bonus
|Skill Bonus (Competence)		KEY:BNS_SKL_CMP				TYPE:Armor.Shield.Weapon.Amulet.Belt.Bracer.Cape.Glove.Headgear.Headband.Instrument.Ring.Robe.Shirt.Eyegear.Boot.Staff.Rod	COST:(100*%CHOICE*%CHOICE)					VISIBLE:QUALIFY	ITYPE:Enhancement.Magic	SOURCEPAGE:p.550	PREMULT:1,[PREMULT:2,[PRETYPE:1,Enhancement],[PRETYPE:1,Armor,Shield,Weapon]],[PRETYPE:1,Amulet,Belt,Bracer,Cape,Glove,Headgear,Headband,Instrument,Ring,Robe,Shirt,Eyegear,Boot,Staff,Rod]																				BONUS:SKILL|%CHOICE|TYPE=Competence														SPROP:Competence bonus to selected skill of %CHOICE		CHOOSE:SKILLBONUS|MIN=1|MAX=30|TITLE=Skill Bonus
|Spell Resistance				KEY:BNS_SPL_RST				TYPE:Weapon.Amulet.Belt.Bracer.Cape.Glove.Headgear.Headband.Instrument.Ring.Robe.Shirt.Eyegear.Boot.Staff.Rod			COST:10000*(%CHOICE-12)						VISIBLE:QUALIFY	ITYPE:Enhancement.Magic	SOURCEPAGE:p.550	PREMULT:1,[PRETYPE:2,Enhancement,Weapon],[PRETYPE:1,Amulet,Belt,Bracer,Cape,Glove,Headgear,Headband,Instrument,Ring,Robe,Shirt,Eyegear,Boot,Staff,Rod]							SR:%CHOICE																																					SPROP:base spell resistance of %CHOICE				CHOOSE:NUMBER|MIN=13|MAX=32|NOSIGN|TITLE=Spell Resistance

###Block: Magic Item abilities
# Modifier Name			Unique Key	Naming Option	Type			Visible		Bonus to skill rank		Special Property						Choose
|Maximize Knowledge Skill	KEY:MAX_KNW	NAMEOPT:NONAME	TYPE:Intelligence	VISIBLE:QUALIFY	BONUS:SKILLRANK|%CHOICE|99	SPROP:Grants maximum skill ranks in %CHOICE	CHOOSE:SKILL|TYPE=Knowledge|TITLE=Maximized Knowledge Skill
|Maximize Any Skill		KEY:MAX_GNL	NAMEOPT:NONAME	TYPE:Intelligence	VISIBLE:QUALIFY	BONUS:SKILLRANK|%CHOICE|99	SPROP:Grants maximum skill ranks in %CHOICE	CHOOSE:SKILL|TYPE=Strength|TYPE=Dexterity|TYPE=Intelligence|TYPE=Wisdom|TYPE=Charisma|TITLE=Maximized Any Skill

###Block: Continuous Spell Effect Work Arounds
# Modifier Name									Unique Key			Naming Option	Type																					Cost																	Visible		Type granted		Source Page		Multiple Requirements																													Choose			Nb of Charges
|Spell Effect (Continuous/Standard spell duration)			KEY:SPL_CON_STANDARD	NAMEOPT:SPELL	TYPE:Armor.Shield.Weapon.Amulet.Belt.Bracer.Cape.Glove.Headgear.Headband.Instrument.Ring.Robe.Shirt.Eyegear.Boot.Staff.Rod	COST:(2000*(max(%SPELLLEVEL,(1/2)))*%CASTERLEVEL)+%SPELLCOST+(5*%SPELLXPCOST)					VISIBLE:QUALIFY	ITYPE:Enhancement.Magic	SOURCEPAGE:p.550	PREMULT:1,[PREMULT:2,[PRETYPE:1,Enhancement],[PRETYPE:1,Armor,Shield,Weapon]],[PRETYPE:1,Amulet,Belt,Bracer,Cape,Glove,Headgear,Headband,Instrument,Ring,Robe,Shirt,Eyegear,Boot,Staff,Rod]	CHOOSE:EQBUILDER.SPELL
|Spell Effect (Continuous/Spell duration measured in rounds)	KEY:SPL_CON_ROUND		NAMEOPT:SPELL	TYPE:Armor.Shield.Weapon.Amulet.Belt.Bracer.Cape.Glove.Headgear.Headband.Instrument.Ring.Robe.Shirt.Eyegear.Boot.Staff.Rod	COST:(4*(2000*(max(%SPELLLEVEL,(1/2)))*%CASTERLEVEL))+%SPELLCOST+(5*%SPELLXPCOST)				VISIBLE:QUALIFY	ITYPE:Enhancement.Magic	SOURCEPAGE:p.550	PREMULT:1,[PREMULT:2,[PRETYPE:1,Enhancement],[PRETYPE:1,Armor,Shield,Weapon]],[PRETYPE:1,Amulet,Belt,Bracer,Cape,Glove,Headgear,Headband,Instrument,Ring,Robe,Shirt,Eyegear,Boot,Staff,Rod]	CHOOSE:EQBUILDER.SPELL
|Spell Effect (Continuous/Spell duration 1 minute/level)		KEY:SPL_CON_MINUTES	NAMEOPT:SPELL	TYPE:Armor.Shield.Weapon.Amulet.Belt.Bracer.Cape.Glove.Headgear.Headband.Instrument.Ring.Robe.Shirt.Eyegear.Boot.Staff.Rod	COST:(2*(2000*(max(%SPELLLEVEL,(1/2)))*%CASTERLEVEL))+%SPELLCOST+(5*%SPELLXPCOST)				VISIBLE:QUALIFY	ITYPE:Enhancement.Magic	SOURCEPAGE:p.550	PREMULT:1,[PREMULT:2,[PRETYPE:1,Enhancement],[PRETYPE:1,Armor,Shield,Weapon]],[PRETYPE:1,Amulet,Belt,Bracer,Cape,Glove,Headgear,Headband,Instrument,Ring,Robe,Shirt,Eyegear,Boot,Staff,Rod]	CHOOSE:EQBUILDER.SPELL
|Spell Effect (Continuous/Spell duration 10 minutes/level)		KEY:SPL_CON_HOURS		NAMEOPT:SPELL	TYPE:Armor.Shield.Weapon.Amulet.Belt.Bracer.Cape.Glove.Headgear.Headband.Instrument.Ring.Robe.Shirt.Eyegear.Boot.Staff.Rod	COST:(1.5*(2000*(max(%SPELLLEVEL,(1/2)))*%CASTERLEVEL))+%SPELLCOST+(5*%SPELLXPCOST)				VISIBLE:QUALIFY	ITYPE:Enhancement.Magic	SOURCEPAGE:p.550	PREMULT:1,[PREMULT:2,[PRETYPE:1,Enhancement],[PRETYPE:1,Armor,Shield,Weapon]],[PRETYPE:1,Amulet,Belt,Bracer,Cape,Glove,Headgear,Headband,Instrument,Ring,Robe,Shirt,Eyegear,Boot,Staff,Rod]	CHOOSE:EQBUILDER.SPELL
|Spell Effect (Continuous/Spell duration 24-hours or more)		KEY:SPL_CON_DAYS		NAMEOPT:SPELL	TYPE:Armor.Shield.Weapon.Amulet.Belt.Bracer.Cape.Glove.Headgear.Headband.Instrument.Ring.Robe.Shirt.Eyegear.Boot.Staff.Rod	COST:(.5*(2000*(max(%SPELLLEVEL,(1/2)))*%CASTERLEVEL))+%SPELLCOST+(5*%SPELLXPCOST)				VISIBLE:QUALIFY	ITYPE:Enhancement.Magic	SOURCEPAGE:p.550	PREMULT:1,[PREMULT:2,[PRETYPE:1,Enhancement],[PRETYPE:1,Armor,Shield,Weapon]],[PRETYPE:1,Amulet,Belt,Bracer,Cape,Glove,Headgear,Headband,Instrument,Ring,Robe,Shirt,Eyegear,Boot,Staff,Rod]	CHOOSE:EQBUILDER.SPELL

#BLOCK: EquipMod for assigning Primary, Secondary and Lesser Powers to Staves
# using 1 to 5 charges each, calculating the correct item cost in Gold
|Spell Effect (Staff/Primary Power)						KEY:SPL_SPP			NAMEOPT:SPELL	TYPE:Staff																				COST:((800*(max(%SPELLLEVEL,(1/2)))*(max(%CASTERLEVEL,8))+%SPELLCOST+(5*%SPELLXPCOST)))/%CHARGES	VISIBLE:QUALIFY	ITYPE:Enhancement.Magic																																				CHOOSE:EQBUILDER.SPELL	CHARGES:1|5
|Spell Effect (Staff/Secondary Power)					KEY:SPL_SSP			NAMEOPT:SPELL	TYPE:Staff																				COST:((800/4*3*(max(%SPELLLEVEL,(1/2)))*(max(%CASTERLEVEL,8))+%SPELLCOST+(5*%SPELLXPCOST)))/%CHARGES	VISIBLE:QUALIFY	ITYPE:Enhancement.Magic																																				CHOOSE:EQBUILDER.SPELL	CHARGES:1|5
|Spell Effect (Staff/Lesser Powers)						KEY:SPL_SLP			NAMEOPT:SPELL	TYPE:Staff																				COST:((800/2*(max(%SPELLLEVEL,(1/2)))*(max(%CASTERLEVEL,8))+%SPELLCOST+(5*%SPELLXPCOST)))/%CHARGES	VISIBLE:QUALIFY	ITYPE:Enhancement.Magic																																				CHOOSE:EQBUILDER.SPELL	CHARGES:1|5

###Block: Scrolls
# Modifier Name					Unique Key		Naming Option	Type					Cost													Visible		Type granted				Source Page				Required Type				Prohibited Type			Choose
Divine						KEY:SCROLL_DIVINE				TYPE:Scroll																	VISIBLE:QUALIFY	ITYPE:Divine															!PRETYPE:1,Divine,Arcane
Arcane						KEY:SCROLL_ARCANE				TYPE:Scroll																	VISIBLE:QUALIFY	ITYPE:Arcane															!PRETYPE:1,Divine,Arcane
Minor							KEY:SCROLL_MINOR				TYPE:Scroll																	VISIBLE:QUALIFY	ITYPE:Minor										PRETYPE:1,Arcane,Divine			!PRETYPE:1,Minor,Medium,Major
Medium						KEY:SCROLL_MEDIUM				TYPE:Scroll																	VISIBLE:QUALIFY	ITYPE:Medium									PRETYPE:1,Arcane,Divine			!PRETYPE:1,Minor,Medium,Major
Major							KEY:SCROLL_MAJOR				TYPE:Scroll																	VISIBLE:QUALIFY	ITYPE:Major										PRETYPE:1,Arcane,Divine			!PRETYPE:1,Minor,Medium,Major

Spell Effect (Single Use/Completion)	KEY:A_1USEMI	NAMEOPT:SPELL	TYPE:Scroll.Arcane.Minor	COST:(25*(max((%SPELLLEVEL),(1/2)))*%CASTERLEVEL)+%SPELLCOST+(5*%SPELLXPCOST)	VISIBLE:QUALIFY	ITYPE:Enhancement.Magic.Consumable	SOURCEPAGE:MagicItemsI.rtf	PRETYPE:3,Scroll,Arcane,Minor							CHOOSE:EQBUILDER.SPELL|Arcane|0|3
Spell Effect (Single Use/Completion)	KEY:A_1USEME	NAMEOPT:SPELL	TYPE:Scroll.Arcane.Medium	COST:(25*(max((%SPELLLEVEL),(1/2)))*%CASTERLEVEL)+%SPELLCOST+(5*%SPELLXPCOST)	VISIBLE:QUALIFY	ITYPE:Enhancement.Magic.Consumable	SOURCEPAGE:MagicItemsI.rtf	PRETYPE:3,Scroll,Arcane,Medium						CHOOSE:EQBUILDER.SPELL|Arcane|2|5
Spell Effect (Single Use/Completion)	KEY:A_1USEMA	NAMEOPT:SPELL	TYPE:Scroll.Arcane.Major	COST:(25*(max((%SPELLLEVEL),(1/2)))*%CASTERLEVEL)+%SPELLCOST+(5*%SPELLXPCOST)	VISIBLE:QUALIFY	ITYPE:Enhancement.Magic.Consumable	SOURCEPAGE:MagicItemsI.rtf	PRETYPE:3,Scroll,Arcane,Major							CHOOSE:EQBUILDER.SPELL|Arcane|4|9
Spell Effect (Single Use/Completion)	KEY:D_1USEMI	NAMEOPT:SPELL	TYPE:Scroll.Divine.Minor	COST:(25*(max((%SPELLLEVEL),(1/2)))*%CASTERLEVEL)+%SPELLCOST+(5*%SPELLXPCOST)	VISIBLE:QUALIFY	ITYPE:Enhancement.Magic.Consumable	SOURCEPAGE:MagicItemsI.rtf	PRETYPE:3,Scroll,Divine,Minor							CHOOSE:EQBUILDER.SPELL|Divine|0|3
Spell Effect (Single Use/Completion)	KEY:D_1USEME	NAMEOPT:SPELL	TYPE:Scroll.Divine.Medium	COST:(25*(max((%SPELLLEVEL),(1/2)))*%CASTERLEVEL)+%SPELLCOST+(5*%SPELLXPCOST)	VISIBLE:QUALIFY	ITYPE:Enhancement.Magic.Consumable	SOURCEPAGE:MagicItemsI.rtf	PRETYPE:3,Scroll,Divine,Medium						CHOOSE:EQBUILDER.SPELL|Divine|2|5
Spell Effect (Single Use/Completion)	KEY:D_1USEMA	NAMEOPT:SPELL	TYPE:Scroll.Divine.Major	COST:(25*(max((%SPELLLEVEL),(1/2)))*%CASTERLEVEL)+%SPELLCOST+(5*%SPELLXPCOST)	VISIBLE:QUALIFY	ITYPE:Enhancement.Magic.Consumable	SOURCEPAGE:MagicItemsI.rtf	PRETYPE:3,Scroll,Divine,Major							CHOOSE:EQBUILDER.SPELL|Divine|4|9

###Block: Greater Size Items
# Modifier Name				Unique Key				Type			Visible		Weapon prop. bonus
Wield One Step Greater			KEY:PLUS1STEP			TYPE:Weapon.Melee	VISIBLE:QUALIFY	BONUS:WEAPON|WIELDCATEGORY|-1
Wield Two Step Greater			KEY:PLUS2STEP			TYPE:Weapon.Melee	VISIBLE:QUALIFY	BONUS:WEAPON|WIELDCATEGORY|-2
Wield Three Step Greater		KEY:PLUS3STEP			TYPE:Weapon.Melee	VISIBLE:QUALIFY	BONUS:WEAPON|WIELDCATEGORY|-3
Wield One Step Greater No Penalty	KEY:PLUS1STEP_NO_PENALTY	TYPE:Weapon.Melee	VISIBLE:QUALIFY	BONUS:WEAPON|WIELDCATEGORY|-1	BONUS:WEAPON|TOHIT|2
Wield Two Step Greater No Penalty	KEY:PLUS2STEP_NO_PENALTY	TYPE:Weapon.Melee	VISIBLE:QUALIFY	BONUS:WEAPON|WIELDCATEGORY|-2	BONUS:WEAPON|TOHIT|4
Wield Three Step Greater No Penalty	KEY:PLUS3STEP_NO_PENALTY	TYPE:Weapon.Melee	VISIBLE:QUALIFY	BONUS:WEAPON|WIELDCATEGORY|-3	BONUS:WEAPON|TOHIT|6


###Block: Weapons
# Modifier Name			Unique Key	Naming Format	Naming Option	Type		Plus		Visible		Type granted					Keys to replace						Source Page		Required Type	Modify the item cost																			Weapon prop. bonus					Apply to both heads
+1 (Enhancement to Weapon)	KEY:PLUS1W	FORMATCAT:MIDDLE	NAMEOPT:TEXT=+1	TYPE:Weapon	PLUS:1	VISIBLE:QUALIFY	ITYPE:Masterwork.Enhancement.Magic.Plus1	REPLACES:PLUS2W,PLUS3W,PLUS4W,PLUS5W,MWORKW	SOURCEPAGE:p.344	PRETYPE:1,Weapon	BONUS:ITEMCOST|TYPE=Weapon|2000*HEADPLUSTOTAL*HEADPLUSTOTAL	BONUS:ITEMCOST|TYPE=Weapon|300|!PRETYPE:1,EQMODTYPE=MasterworkQuality	BONUS:WEAPON|DAMAGE,TOHIT|1|TYPE=Enhancement	ASSIGNTOALL:NO
+2 (Enhancement to Weapon)	KEY:PLUS2W	FORMATCAT:MIDDLE	NAMEOPT:TEXT=+2	TYPE:Weapon	PLUS:2	VISIBLE:QUALIFY	ITYPE:Masterwork.Enhancement.Magic.Plus2	REPLACES:PLUS1W,PLUS3W,PLUS4W,PLUS5W,MWORKW	SOURCEPAGE:p.344	PRETYPE:1,Weapon	BONUS:ITEMCOST|TYPE=Weapon|2000*HEADPLUSTOTAL*HEADPLUSTOTAL	BONUS:ITEMCOST|TYPE=Weapon|300|!PRETYPE:1,EQMODTYPE=MasterworkQuality	BONUS:WEAPON|DAMAGE,TOHIT|2|TYPE=Enhancement	ASSIGNTOALL:NO
+3 (Enhancement to Weapon)	KEY:PLUS3W	FORMATCAT:MIDDLE	NAMEOPT:TEXT=+3	TYPE:Weapon	PLUS:3	VISIBLE:QUALIFY	ITYPE:Masterwork.Enhancement.Magic.Plus3	REPLACES:PLUS1W,PLUS2W,PLUS4W,PLUS5W,MWORKW	SOURCEPAGE:p.344	PRETYPE:1,Weapon	BONUS:ITEMCOST|TYPE=Weapon|2000*HEADPLUSTOTAL*HEADPLUSTOTAL	BONUS:ITEMCOST|TYPE=Weapon|300|!PRETYPE:1,EQMODTYPE=MasterworkQuality	BONUS:WEAPON|DAMAGE,TOHIT|3|TYPE=Enhancement	ASSIGNTOALL:NO
+4 (Enhancement to Weapon)	KEY:PLUS4W	FORMATCAT:MIDDLE	NAMEOPT:TEXT=+4	TYPE:Weapon	PLUS:4	VISIBLE:QUALIFY	ITYPE:Masterwork.Enhancement.Magic.Plus4	REPLACES:PLUS1W,PLUS2W,PLUS3W,PLUS5W,MWORKW	SOURCEPAGE:p.344	PRETYPE:1,Weapon	BONUS:ITEMCOST|TYPE=Weapon|2000*HEADPLUSTOTAL*HEADPLUSTOTAL	BONUS:ITEMCOST|TYPE=Weapon|300|!PRETYPE:1,EQMODTYPE=MasterworkQuality	BONUS:WEAPON|DAMAGE,TOHIT|4|TYPE=Enhancement	ASSIGNTOALL:NO
+5 (Enhancement to Weapon)	KEY:PLUS5W	FORMATCAT:MIDDLE	NAMEOPT:TEXT=+5	TYPE:Weapon	PLUS:5	VISIBLE:QUALIFY	ITYPE:Masterwork.Enhancement.Magic.Plus5	REPLACES:PLUS1W,PLUS2W,PLUS3W,PLUS4W,MWORKW	SOURCEPAGE:p.344	PRETYPE:1,Weapon	BONUS:ITEMCOST|TYPE=Weapon|2000*HEADPLUSTOTAL*HEADPLUSTOTAL	BONUS:ITEMCOST|TYPE=Weapon|300|!PRETYPE:1,EQMODTYPE=MasterworkQuality	BONUS:WEAPON|DAMAGE,TOHIT|5|TYPE=Enhancement	ASSIGNTOALL:NO
+1 (Enhancement to Ammunition)	KEY:PLUS1M	FORMATCAT:MIDDLE	NAMEOPT:TEXT=+1	TYPE:Ammunition	PLUS:1	VISIBLE:QUALIFY	ITYPE:Masterwork.Enhancement.Magic.Plus1	REPLACES:PLUS2M,PLUS3M,PLUS4M,PLUS5M,MWORKM	SOURCEPAGE:p.344	PRETYPE:1,Ammunition	BONUS:ITEMCOST|TYPE=Ammunition|40*PLUSTOTAL*PLUSTOTAL	BONUS:ITEMCOST|TYPE=Ammunition|6|!PRETYPE:1,EQMODTYPE=MasterworkQuality	BONUS:WEAPON|DAMAGE,TOHIT|1|TYPE=Enhancement	ASSIGNTOALL:NO
+2 (Enhancement to Ammunition)	KEY:PLUS2M	FORMATCAT:MIDDLE	NAMEOPT:TEXT=+2	TYPE:Ammunition	PLUS:2	VISIBLE:QUALIFY	ITYPE:Masterwork.Enhancement.Magic.Plus2	REPLACES:PLUS1M,PLUS3M,PLUS4M,PLUS5M,MWORKM	SOURCEPAGE:p.344	PRETYPE:1,Ammunition	BONUS:ITEMCOST|TYPE=Ammunition|40*PLUSTOTAL*PLUSTOTAL	BONUS:ITEMCOST|TYPE=Ammunition|6|!PRETYPE:1,EQMODTYPE=MasterworkQuality	BONUS:WEAPON|DAMAGE,TOHIT|2|TYPE=Enhancement	ASSIGNTOALL:NO
+3 (Enhancement to Ammunition)	KEY:PLUS3M	FORMATCAT:MIDDLE	NAMEOPT:TEXT=+3	TYPE:Ammunition	PLUS:3	VISIBLE:QUALIFY	ITYPE:Masterwork.Enhancement.Magic.Plus3	REPLACES:PLUS1M,PLUS2M,PLUS4M,PLUS5M,MWORKM	SOURCEPAGE:p.344	PRETYPE:1,Ammunition	BONUS:ITEMCOST|TYPE=Ammunition|40*PLUSTOTAL*PLUSTOTAL	BONUS:ITEMCOST|TYPE=Ammunition|6|!PRETYPE:1,EQMODTYPE=MasterworkQuality	BONUS:WEAPON|DAMAGE,TOHIT|3|TYPE=Enhancement	ASSIGNTOALL:NO
+4 (Enhancement to Ammunition)	KEY:PLUS4M	FORMATCAT:MIDDLE	NAMEOPT:TEXT=+4	TYPE:Ammunition	PLUS:4	VISIBLE:QUALIFY	ITYPE:Masterwork.Enhancement.Magic.Plus4	REPLACES:PLUS1M,PLUS2M,PLUS3M,PLUS5M,MWORKM	SOURCEPAGE:p.344	PRETYPE:1,Ammunition	BONUS:ITEMCOST|TYPE=Ammunition|40*PLUSTOTAL*PLUSTOTAL	BONUS:ITEMCOST|TYPE=Ammunition|6|!PRETYPE:1,EQMODTYPE=MasterworkQuality	BONUS:WEAPON|DAMAGE,TOHIT|4|TYPE=Enhancement	ASSIGNTOALL:NO
+5 (Enhancement to Ammunition)	KEY:PLUS5M	FORMATCAT:MIDDLE	NAMEOPT:TEXT=+5	TYPE:Ammunition	PLUS:5	VISIBLE:QUALIFY	ITYPE:Masterwork.Enhancement.Magic.Plus5	REPLACES:PLUS1M,PLUS2M,PLUS3M,PLUS4M,MWORKM	SOURCEPAGE:p.344	PRETYPE:1,Ammunition	BONUS:ITEMCOST|TYPE=Ammunition|40*PLUSTOTAL*PLUSTOTAL	BONUS:ITEMCOST|TYPE=Ammunition|6|!PRETYPE:1,EQMODTYPE=MasterworkQuality	BONUS:WEAPON|DAMAGE,TOHIT|5|TYPE=Enhancement	ASSIGNTOALL:NO
Anarchic		KEY:ANARCH		TYPE:Ammunition.Weapon		PLUS:2	VISIBLE:QUALIFY					SOURCEPAGE:p.468															PRETYPE:1,Enhancement,Ammunition.Weapon					BONUS:VAR|NegLevels|1|PREALIGN:LG,LN,LE															SPROP:chaotically aligned, +2d6 damage against lawful targets, 1 negative level bestowed on lawful wielder	ABILITY:Special Ability|AUTOMATIC|Negative Levels|PREALIGN:LG,LN,LE
Axiomatic		KEY:AXIOM		TYPE:Ammunition.Weapon		PLUS:2	VISIBLE:QUALIFY					SOURCEPAGE:p.468															PRETYPE:1,Enhancement,Ammunition.Weapon					BONUS:VAR|NegLevels|1|PREALIGN:CG,CN,CE															SPROP:lawfully aligned, +2d6 damage against chaotic targets, 1 negative level bestowed to chaotic wielder	ABILITY:Special Ability|AUTOMATIC|Negative Levels|PREALIGN:CG,CN,CE
Bane			KEY:BANE		TYPE:Ammunition.Weapon		PLUS:1	VISIBLE:QUALIFY					SOURCEPAGE:p.469															PRETYPE:1,Enhancement,Ammunition.Weapon																										SPROP:+2 enhancement bonus and does +2d6 bonus damage against %CHOICE																			CHOOSE:STRING|Aberrations|Animals|Constructs|Dragons|Fey|Humanoids (Aquatic)|Humanoids (Dwarf)|Humanoids (Elf)|Humanoids (Giant)|Humanoids (Gnoll)|Humanoids (Gnome)|Humanoids (Goblinoid)|Humanoids (Halfling)|Humanoids (Human)|Humanoids (Reptilian)|Humanoids (Orc)|Magical Beasts|Monstrous Humanoids|Oozes|Outsiders (Air)|Outsiders (Chaotic)|Outsiders (Earth)|Outsiders (Evil)|Outsiders (Fire)|Outsiders (Good)|Outsiders (Lawful)|Outsiders (Water)|Plants|Undead|Vermin|TITLE=Designated Foe
Brilliant Energy	KEY:BRILL		TYPE:Ammunition.Weapon		PLUS:4	VISIBLE:QUALIFY					SOURCEPAGE:p.470															PRETYPE:1,Enhancement,Ammunition.Weapon																										SPROP:ignores armor and shield bonuses including enhancement, cannot harm undead, constructs, and objects
Dancing		KEY:DANCE		TYPE:Weapon.Melee			PLUS:4	VISIBLE:QUALIFY					SOURCEPAGE:p.346															PRETYPE:3,Enhancement,Weapon,Melee																											SPROP:can be loosed to attack on its own																																																																																																										ASSIGNTOALL:YES
Defending		KEY:DEFEND		TYPE:Weapon.Melee			PLUS:1	VISIBLE:QUALIFY					SOURCEPAGE:p.347															PRETYPE:3,Enhancement,Weapon,Melee																											SPROP:can transfer some or all of its enhancement bonus to AC																																																																																																						ASSIGNTOALL:YES
Disruption		KEY:DISRPT		TYPE:Weapon.Bludgeoning		PLUS:2	VISIBLE:QUALIFY					SOURCEPAGE:p.347															PRETYPE:3,Enhancement,Weapon,Bludgeoning																										SPROP:undead hit must make Will save (DC 14) or be destroyed
Distance		KEY:DISTNC		TYPE:Weapon.Ranged		PLUS:1	VISIBLE:QUALIFY					SOURCEPAGE:p.347															PRETYPE:3,Enhancement,Weapon,Ranged													BONUS:EQMWEAPON|RANGEMULT|2										SPROP:range increment doubled																																																																																																												ASSIGNTOALL:YES
Flaming		KEY:FLAME		TYPE:Ammunition.Weapon		PLUS:1	VISIBLE:QUALIFY					SOURCEPAGE:p.347															PRETYPE:1,Enhancement,Ammunition.Weapon																										SPROP:+1d6 fire damage
Flaming Burst	KEY:FLM_BRST	TYPE:Ammunition.Weapon		PLUS:2	VISIBLE:QUALIFY					SOURCEPAGE:p.347															PRETYPE:1,Enhancement,Ammunition.Weapon																										SPROP:+1d6 fire damage, on a critical hit deals +%d10 additional fire damage|CRITMULT-1
Frost			KEY:FROST		TYPE:Ammunition.Weapon		PLUS:1	VISIBLE:QUALIFY					SOURCEPAGE:p.347															PRETYPE:1,Enhancement,Ammunition.Weapon																										SPROP:+1d6 cold damage
Ghost Touch		KEY:GHOST		TYPE:Ammunition.Weapon		PLUS:1	VISIBLE:QUALIFY					SOURCEPAGE:p.347															PRETYPE:1,Enhancement,Ammunition.Weapon																										SPROP:deals damage normally against incorporeal creatures regardless of bonus
Holy			KEY:HOLY		TYPE:Ammunition.Weapon		PLUS:2	VISIBLE:QUALIFY					SOURCEPAGE:p.347															PRETYPE:1,Enhancement,Ammunition.Weapon					BONUS:VAR|NegLevels|1|PREALIGN:LE,NE,CE															SPROP:good aligned, +2d6 damage against evil targets, 1 negative level bestowed to evil wielder			ABILITY:Special Ability|AUTOMATIC|Negative Levels|PREALIGN:LE,NE,CE
Icy Burst		KEY:ICY_BRST	TYPE:Ammunition.Weapon		PLUS:2	VISIBLE:QUALIFY					SOURCEPAGE:p.347															PRETYPE:1,Enhancement,Ammunition.Weapon																										SPROP:+1d6 cold damage, on a critical hit deals +%d10 additional cold damage|CRITMULT-1
Keen			KEY:KEEN		TYPE:Weapon.Piercing.Slashing	PLUS:1	VISIBLE:QUALIFY					SOURCEPAGE:p.347	PREMULT:3,[PRETYPE:1,Enhancement],[PRETYPE:1,Weapon],[PRETYPE:1,Piercing,Slashing]																			BONUS:EQMWEAPON|CRITRANGEDOUBLE|1|TYPE=NonStackingCrit					SPROP:threat range doubled
Ki Focus		KEY:KI		TYPE:Weapon.Melee			PLUS:1	VISIBLE:QUALIFY					SOURCEPAGE:p.347															PRETYPE:3,Enhancement,Weapon,Melee																											SPROP:can use ki attacks through weapon
Merciful		KEY:MERCY		TYPE:Ammunition.Weapon		PLUS:1	VISIBLE:QUALIFY					SOURCEPAGE:p.348															PRETYPE:1,Enhancement,Ammunition.Weapon																										SPROP:+1d6 damage, deals non-lethal damage only
Mighty Cleaving	KEY:CLEAVE		TYPE:Weapon.Melee			PLUS:1	VISIBLE:QUALIFY					SOURCEPAGE:p.348															PRETYPE:3,Enhancement,Weapon,Melee																											SPROP:allows an additional Cleave attack per round (with Cleave feat)
Returning		KEY:RETURN		TYPE:Weapon.Thrown		PLUS:1	VISIBLE:QUALIFY					SOURCEPAGE:p.348															PRETYPE:3,Enhancement,Weapon,Thrown																											SPROP:when thrown will return just before thrower's next turn																																																																																																						ASSIGNTOALL:YES
Seeking		KEY:SEEK		TYPE:Weapon.Ranged		PLUS:1	VISIBLE:QUALIFY					SOURCEPAGE:p.348															PRETYPE:3,Enhancement,Weapon,Ranged			!PRETYPE:1,Thrown																						SPROP:negates any miss chance
Shock			KEY:SHOCK		TYPE:Ammunition.Weapon		PLUS:1	VISIBLE:QUALIFY					SOURCEPAGE:p.348															PRETYPE:1,Enhancement,Ammunition.Weapon																										SPROP:+1d6 electricity damage
Shocking Burst	KEY:SHK_BRST	TYPE:Ammunition.Weapon		PLUS:2	VISIBLE:QUALIFY					SOURCEPAGE:p.348															PRETYPE:1,Enhancement,Ammunition.Weapon																										SPROP:+1d6 electricity damage, on a critical hit deals +%d10 additional electricity damage|CRITMULT-1
Speed			KEY:SPEED		TYPE:Weapon				PLUS:3	VISIBLE:QUALIFY					SOURCEPAGE:p.348															PRETYPE:2,Enhancement,Weapon																								BONUS:WEAPON|ATTACKS|1	SPROP:grants one extra attack at full base attack bonus when making a full-attack action
Spell Storing	KEY:STORE		TYPE:Weapon.Melee			PLUS:1	VISIBLE:QUALIFY					SOURCEPAGE:p.348															PRETYPE:3,Enhancement,Weapon,Melee																											SPROP:can store a single targeted spell of up to 3rd level with a casting time of 1 standard action
Thundering		KEY:THUNDER		TYPE:Ammunition.Weapon		PLUS:1	VISIBLE:QUALIFY					SOURCEPAGE:p.349															PRETYPE:1,Enhancement,Ammunition.Weapon																										SPROP:+%d8 sonic damage on a critical hit and permanently deafened unless save vs Fort (DC 14)|CRITMULT-1
Throwing		KEY:THROW		TYPE:Weapon.Melee			PLUS:1	VISIBLE:QUALIFY	ITYPE:Ranged.Thrown	SOURCEPAGE:p.349															PRETYPE:3,Enhancement,Weapon,Melee													BONUS:EQMWEAPON|RANGEADD|10										SPROP:can be thrown with a range increment of 10 ft.																																																																																																								ASSIGNTOALL:YES
Unholy		KEY:UNHOLY		TYPE:Ammunition.Weapon		PLUS:2	VISIBLE:QUALIFY					SOURCEPAGE:p.349															PRETYPE:1,Enhancement,Ammunition.Weapon					BONUS:VAR|NegLevels|1|PREALIGN:LG,NG,CG															SPROP:evil aligned, +2d6 damage against good targets, 1 negative level bestowed to good wielder			ABILITY:Special Ability|AUTOMATIC|Negative Levels|PREALIGN:LG,NG,CG
Vicious		KEY:VICIOUS		TYPE:Weapon.Melee			PLUS:1	VISIBLE:QUALIFY					SOURCEPAGE:p.349															PRETYPE:3,Enhancement,Weapon,Melee																											SPROP:+2d6 damage to target, plus 1d6 damage to user
Vorpal		KEY:VORPAL		TYPE:Weapon.Melee.Slashing	PLUS:5	VISIBLE:QUALIFY					SOURCEPAGE:p.349															PRETYPE:4,Enhancement,Weapon,Melee,Slashing																									SPROP:severs opponents head on natural 20 critical hit
Wounding		KEY:WOUND		TYPE:Ammunition.Weapon		PLUS:2	VISIBLE:QUALIFY					SOURCEPAGE:p.349															PRETYPE:1,Enhancement,Ammunition.Weapon																										SPROP:deals 1 point of bleed damage per hit
Anarchic		KEY:ANARCH_AMF	TYPE:AmuletOfMightyFists	PLUS:2	VISIBLE:QUALIFY	SOURCEPAGE:p.468	BONUS:VAR|NegLevels|1|PREALIGN:LG,LN,LE	SPROP:unarmed and natural attacks are chaotically aligned, +2d6 damage against lawful targets, 1 negative level bestowed on lawful wielder	ABILITY:Special Ability|AUTOMATIC|Negative Levels|PREALIGN:LG,LN,LE	ABILITY:Special Ability|AUTOMATIC|Unarmed Anarchic			
Axiomatic		KEY:AXIOM_AMF	TYPE:AmuletOfMightyFists	PLUS:2	VISIBLE:QUALIFY	SOURCEPAGE:p.468	BONUS:VAR|NegLevels|1|PREALIGN:CG,CN,CE	SPROP:unarmed and natural attacks are lawfully aligned, +2d6 damage against chaotic targets, 1 negative level bestowed to chaotic wielder		ABILITY:Special Ability|AUTOMATIC|Negative Levels|PREALIGN:CG,CN,CE	ABILITY:Special Ability|AUTOMATIC|Unarmed Axiomatic			
Bane			KEY:BANE_AMF	TYPE:AmuletOfMightyFists	PLUS:1	VISIBLE:QUALIFY	SOURCEPAGE:p.469								SPROP:unarmed and natural attacks gain a +2 enhancement bonus and do +2d6 bonus damage against %CHOICE																			CHOOSE:STRING|Aberrations|Animals|Constructs|Dragons|Fey|Humanoids (Aquatic)|Humanoids (Dwarf)|Humanoids (Elf)|Humanoids (Giant)|Humanoids (Gnoll)|Humanoids (Gnome)|Humanoids (Goblinoid)|Humanoids (Halfling)|Humanoids (Human)|Humanoids (Reptilian)|Humanoids (Orc)|Magical Beasts|Monstrous Humanoids|Oozes|Outsiders (Air)|Outsiders (Chaotic)|Outsiders (Earth)|Outsiders (Evil)|Outsiders (Fire)|Outsiders (Good)|Outsiders (Lawful)|Outsiders (Water)|Plants|Undead|Vermin|TITLE=Designated Foe	ABILITY:Special Ability|AUTOMATIC|Unarmed Bane			
Brilliant Energy	KEY:BRILL_AMF	TYPE:AmuletOfMightyFists	PLUS:4	VISIBLE:QUALIFY	SOURCEPAGE:p.470								SPROP:unarmed and natural attacks ignore armor and shield bonuses including enhancement, cannot harm undead, constructs, and objects	ABILITY:Special Ability|AUTOMATIC|Unarmed Brilliant Energy	
Defending		KEY:DEFEND_AMF	TYPE:AmuletOfMightyFists	PLUS:1	VISIBLE:QUALIFY	SOURCEPAGE:p.347								SPROP:can transfer some or all of its enhancement bonus to AC	ABILITY:Special Ability|AUTOMATIC|Unarmed Defending	
Disruption		KEY:DISRPT_AMF	TYPE:AmuletOfMightyFists	PLUS:2	VISIBLE:QUALIFY	SOURCEPAGE:p.347								SPROP:undead hit by unarmed and natural attacks must make Will save (DC 14) or be destroyed	ABILITY:Special Ability|AUTOMATIC|Unarmed Disruption	
Flaming		KEY:FLAME_AMF	TYPE:AmuletOfMightyFists	PLUS:1	VISIBLE:QUALIFY	SOURCEPAGE:p.347								SPROP:unarmed and natural attacks do +1d6 fire damage	ABILITY:Special Ability|AUTOMATIC|Unarmed Flaming	
Flaming Burst	KEY:FLM_BRST_AMF	TYPE:AmuletOfMightyFists	PLUS:2	VISIBLE:QUALIFY	SOURCEPAGE:p.347								SPROP:unarmed and natural attacks do +1d6 fire damage, on a critical hit deals +%d10 additional fire damage|CRITMULT-1	ABILITY:Special Ability|AUTOMATIC|Unarmed Flaming Burst	
Frost			KEY:FROST_AMF	TYPE:AmuletOfMightyFists	PLUS:1	VISIBLE:QUALIFY	SOURCEPAGE:p.347								SPROP:unarmed and natural attacks do +1d6 cold damage																ABILITY:Special Ability|AUTOMATIC|Unarmed Frost
Ghost Touch		KEY:GHOST_AMF	TYPE:AmuletOfMightyFists	PLUS:1	VISIBLE:QUALIFY	SOURCEPAGE:p.347								SPROP:unarmed and natural attacks deal damage normally against incorporeal creatures regardless of bonus	ABILITY:Special Ability|AUTOMATIC|Unarmed Ghost Touch	
Holy			KEY:HOLY_AMF	TYPE:AmuletOfMightyFists	PLUS:2	VISIBLE:QUALIFY	SOURCEPAGE:p.347	BONUS:VAR|NegLevels|1|PREALIGN:LE,NE,CE	SPROP:unarmed and natural attacks are good aligned, +2d6 damage against evil targets, 1 negative level bestowed to evil wielder			ABILITY:Special Ability|AUTOMATIC|Negative Levels|PREALIGN:LE,NE,CE	ABILITY:Special Ability|AUTOMATIC|Unarmed Holy	
Icy Burst		KEY:ICY_BRST_AMF	TYPE:AmuletOfMightyFists	PLUS:2	VISIBLE:QUALIFY	SOURCEPAGE:p.347								SPROP:unarmed and natural attacks do +1d6 cold damage, on a critical hit deals +%d10 additional cold damage|CRITMULT-1	ABILITY:Special Ability|AUTOMATIC|Unarmed Icy Burst	
Ki Focus		KEY:KI_AMF		TYPE:AmuletOfMightyFists	PLUS:1	VISIBLE:QUALIFY	SOURCEPAGE:p.347								SPROP:can use ki attacks through unarmed and natural attacks	ABILITY:Special Ability|AUTOMATIC|Unarmed Ki Focus	
Merciful		KEY:MERCY_AMF	TYPE:AmuletOfMightyFists	PLUS:1	VISIBLE:QUALIFY	SOURCEPAGE:p.348								SPROP:unarmed and natural attacks do +1d6 damage, deals non-lethal damage only	ABILITY:Special Ability|AUTOMATIC|Unarmed Merciful	
Mighty Cleaving	KEY:CLEAVE_AMF	TYPE:AmuletOfMightyFists	PLUS:1	VISIBLE:QUALIFY	SOURCEPAGE:p.348								SPROP:allows an additional Cleave attack per round on unarmed and natural attacks (with Cleave feat)	ABILITY:Special Ability|AUTOMATIC|Unarmed Mighty Cleaving	
Shock			KEY:SHOCK_AMF	TYPE:AmuletOfMightyFists	PLUS:1	VISIBLE:QUALIFY	SOURCEPAGE:p.348								SPROP:unarmed and natural attacks do +1d6 electricity damage	ABILITY:Special Ability|AUTOMATIC|Unarmed Shock	
Shocking Burst	KEY:SHK_BRST_AMF	TYPE:AmuletOfMightyFists	PLUS:2	VISIBLE:QUALIFY	SOURCEPAGE:p.348								SPROP:unarmed and natural attacks do +1d6 electricity damage, on a critical hit deals +%d10 additional electricity damage|CRITMULT-1	ABILITY:Special Ability|AUTOMATIC|Unarmed Shocking Burst	
Speed			KEY:SPEED_AMF	TYPE:AmuletOfMightyFists	PLUS:3	VISIBLE:QUALIFY	SOURCEPAGE:p.348								SPROP:grants one extra attack with unarmed or natural attack at full base attack bonus when making a full-attack action	ABILITY:Special Ability|AUTOMATIC|Unarmed Speed	
Spell Storing	KEY:STORE_AMF	TYPE:AmuletOfMightyFists	PLUS:1	VISIBLE:QUALIFY	SOURCEPAGE:p.348								SPROP:can store a single targeted spell of up to 3rd level with a casting time of 1 standard action	ABILITY:Special Ability|AUTOMATIC|Unarmed Spell Storing	
Thundering		KEY:THUNDER_AMF	TYPE:AmuletOfMightyFists	PLUS:1	VISIBLE:QUALIFY	SOURCEPAGE:p.349								SPROP:unarmed and natural attacks do +%d8 sonic damage on a critical hit and permanently deafened unless save vs Fort (DC 14)|CRITMULT-1	ABILITY:Special Ability|AUTOMATIC|Unarmed Thundering	
Unholy		KEY:UNHOLY_AMF	TYPE:AmuletOfMightyFists	PLUS:2	VISIBLE:QUALIFY	SOURCEPAGE:p.349	BONUS:VAR|NegLevels|1|PREALIGN:LG,NG,CG	SPROP:unarmed and natural attacks are evil aligned, +2d6 damage against good targets, 1 negative level bestowed to good wielder			ABILITY:Special Ability|AUTOMATIC|Negative Levels|PREALIGN:LG,NG,CG	ABILITY:Special Ability|AUTOMATIC|Unarmed Unholy	
Vicious		KEY:VICIOUS_AMF	TYPE:AmuletOfMightyFists	PLUS:1	VISIBLE:QUALIFY	SOURCEPAGE:p.349								SPROP:unarmed and natural attacks do +2d6 damage to target, plus 1d6 damage to user	ABILITY:Special Ability|AUTOMATIC|Unarmed Vicious	
Wounding		KEY:WOUND_AMF	TYPE:AmuletOfMightyFists	PLUS:2	VISIBLE:QUALIFY	SOURCEPAGE:p.349								SPROP:unarmed and natural attacks deal 1 point of bleed damage per hit	ABILITY:Special Ability|AUTOMATIC|Unarmed Wounding	


###Block: Armor and Shield
# Modifier Name			Unique Key	Naming Format	Naming Option	Type		Plus		Visible		Type granted					Keys to replace						Source Page		Required Type	Combat bonus					Bonus Armor Modifiers											Modify the item cost																		Apply to both heads
+1 (Enhancement to Armor)	KEY:PLUS1A	FORMATCAT:MIDDLE	NAMEOPT:TEXT=+1	TYPE:Armor	PLUS:1	VISIBLE:QUALIFY	ITYPE:Masterwork.Enhancement.Magic.Plus1	REPLACES:PLUS2A,PLUS3A,PLUS4A,PLUS5A,MWORKA	SOURCEPAGE:p.340	PRETYPE:1,Armor	BONUS:COMBAT|AC|1|TYPE=ArmorEnhancement	BONUS:EQMARMOR|ACCHECK|1|TYPE=Enhancement|!PRETYPE:1,EQMODTYPE=MasterworkQuality	BONUS:ITEMCOST|TYPE=Armor|1000*PLUSTOTAL*PLUSTOTAL	BONUS:ITEMCOST|TYPE=Armor|150|!PRETYPE:1,EQMODTYPE=MasterworkQuality	ASSIGNTOALL:NO
+2 (Enhancement to Armor)	KEY:PLUS2A	FORMATCAT:MIDDLE	NAMEOPT:TEXT=+2	TYPE:Armor	PLUS:2	VISIBLE:QUALIFY	ITYPE:Masterwork.Enhancement.Magic.Plus2	REPLACES:PLUS1A,PLUS3A,PLUS4A,PLUS5A,MWORKA	SOURCEPAGE:p.340	PRETYPE:1,Armor	BONUS:COMBAT|AC|2|TYPE=ArmorEnhancement	BONUS:EQMARMOR|ACCHECK|1|TYPE=Enhancement|!PRETYPE:1,EQMODTYPE=MasterworkQuality	BONUS:ITEMCOST|TYPE=Armor|1000*PLUSTOTAL*PLUSTOTAL	BONUS:ITEMCOST|TYPE=Armor|150|!PRETYPE:1,EQMODTYPE=MasterworkQuality	ASSIGNTOALL:NO
+3 (Enhancement to Armor)	KEY:PLUS3A	FORMATCAT:MIDDLE	NAMEOPT:TEXT=+3	TYPE:Armor	PLUS:3	VISIBLE:QUALIFY	ITYPE:Masterwork.Enhancement.Magic.Plus3	REPLACES:PLUS1A,PLUS2A,PLUS4A,PLUS5A,MWORKA	SOURCEPAGE:p.340	PRETYPE:1,Armor	BONUS:COMBAT|AC|3|TYPE=ArmorEnhancement	BONUS:EQMARMOR|ACCHECK|1|TYPE=Enhancement|!PRETYPE:1,EQMODTYPE=MasterworkQuality	BONUS:ITEMCOST|TYPE=Armor|1000*PLUSTOTAL*PLUSTOTAL	BONUS:ITEMCOST|TYPE=Armor|150|!PRETYPE:1,EQMODTYPE=MasterworkQuality	ASSIGNTOALL:NO
+4 (Enhancement to Armor)	KEY:PLUS4A	FORMATCAT:MIDDLE	NAMEOPT:TEXT=+4	TYPE:Armor	PLUS:4	VISIBLE:QUALIFY	ITYPE:Masterwork.Enhancement.Magic.Plus4	REPLACES:PLUS1A,PLUS2A,PLUS3A,PLUS5A,MWORKA	SOURCEPAGE:p.340	PRETYPE:1,Armor	BONUS:COMBAT|AC|4|TYPE=ArmorEnhancement	BONUS:EQMARMOR|ACCHECK|1|TYPE=Enhancement|!PRETYPE:1,EQMODTYPE=MasterworkQuality	BONUS:ITEMCOST|TYPE=Armor|1000*PLUSTOTAL*PLUSTOTAL	BONUS:ITEMCOST|TYPE=Armor|150|!PRETYPE:1,EQMODTYPE=MasterworkQuality	ASSIGNTOALL:NO
+5 (Enhancement to Armor)	KEY:PLUS5A	FORMATCAT:MIDDLE	NAMEOPT:TEXT=+5	TYPE:Armor	PLUS:5	VISIBLE:QUALIFY	ITYPE:Masterwork.Enhancement.Magic.Plus5	REPLACES:PLUS1A,PLUS2A,PLUS3A,PLUS4A,MWORKA	SOURCEPAGE:p.340	PRETYPE:1,Armor	BONUS:COMBAT|AC|5|TYPE=ArmorEnhancement	BONUS:EQMARMOR|ACCHECK|1|TYPE=Enhancement|!PRETYPE:1,EQMODTYPE=MasterworkQuality	BONUS:ITEMCOST|TYPE=Armor|1000*PLUSTOTAL*PLUSTOTAL	BONUS:ITEMCOST|TYPE=Armor|150|!PRETYPE:1,EQMODTYPE=MasterworkQuality	ASSIGNTOALL:NO
+1 (Enhancement to Shield)	KEY:PLUS1S	FORMATCAT:MIDDLE	NAMEOPT:TEXT=+1	TYPE:Shield	PLUS:1	VISIBLE:QUALIFY	ITYPE:Masterwork.Enhancement.Magic.Plus1	REPLACES:PLUS2S,PLUS3S,PLUS4S,PLUS5S,MWORKA	SOURCEPAGE:p.340	PRETYPE:1,Shield	BONUS:COMBAT|AC|1|TYPE=ShieldEnhancement	BONUS:EQMARMOR|ACCHECK|1|TYPE=Enhancement|!PRETYPE:1,EQMODTYPE=MasterworkQuality	BONUS:ITEMCOST|TYPE=Shield|1000*PLUSTOTAL*PLUSTOTAL	BONUS:ITEMCOST|TYPE=Shield|150|!PRETYPE:1,EQMODTYPE=MasterworkQuality	ASSIGNTOALL:NO
+2 (Enhancement to Shield)	KEY:PLUS2S	FORMATCAT:MIDDLE	NAMEOPT:TEXT=+2	TYPE:Shield	PLUS:2	VISIBLE:QUALIFY	ITYPE:Masterwork.Enhancement.Magic.Plus2	REPLACES:PLUS1S,PLUS3S,PLUS4S,PLUS5S,MWORKA	SOURCEPAGE:p.340	PRETYPE:1,Shield	BONUS:COMBAT|AC|2|TYPE=ShieldEnhancement	BONUS:EQMARMOR|ACCHECK|1|TYPE=Enhancement|!PRETYPE:1,EQMODTYPE=MasterworkQuality	BONUS:ITEMCOST|TYPE=Shield|1000*PLUSTOTAL*PLUSTOTAL	BONUS:ITEMCOST|TYPE=Shield|150|!PRETYPE:1,EQMODTYPE=MasterworkQuality	ASSIGNTOALL:NO
+3 (Enhancement to Shield)	KEY:PLUS3S	FORMATCAT:MIDDLE	NAMEOPT:TEXT=+3	TYPE:Shield	PLUS:3	VISIBLE:QUALIFY	ITYPE:Masterwork.Enhancement.Magic.Plus3	REPLACES:PLUS1S,PLUS2S,PLUS4S,PLUS5S,MWORKA	SOURCEPAGE:p.340	PRETYPE:1,Shield	BONUS:COMBAT|AC|3|TYPE=ShieldEnhancement	BONUS:EQMARMOR|ACCHECK|1|TYPE=Enhancement|!PRETYPE:1,EQMODTYPE=MasterworkQuality	BONUS:ITEMCOST|TYPE=Shield|1000*PLUSTOTAL*PLUSTOTAL	BONUS:ITEMCOST|TYPE=Shield|150|!PRETYPE:1,EQMODTYPE=MasterworkQuality	ASSIGNTOALL:NO
+4 (Enhancement to Shield)	KEY:PLUS4S	FORMATCAT:MIDDLE	NAMEOPT:TEXT=+4	TYPE:Shield	PLUS:4	VISIBLE:QUALIFY	ITYPE:Masterwork.Enhancement.Magic.Plus4	REPLACES:PLUS1S,PLUS2S,PLUS3S,PLUS5S,MWORKA	SOURCEPAGE:p.340	PRETYPE:1,Shield	BONUS:COMBAT|AC|4|TYPE=ShieldEnhancement	BONUS:EQMARMOR|ACCHECK|1|TYPE=Enhancement|!PRETYPE:1,EQMODTYPE=MasterworkQuality	BONUS:ITEMCOST|TYPE=Shield|1000*PLUSTOTAL*PLUSTOTAL	BONUS:ITEMCOST|TYPE=Shield|150|!PRETYPE:1,EQMODTYPE=MasterworkQuality	ASSIGNTOALL:NO
+5 (Enhancement to Shield)	KEY:PLUS5S	FORMATCAT:MIDDLE	NAMEOPT:TEXT=+5	TYPE:Shield	PLUS:5	VISIBLE:QUALIFY	ITYPE:Masterwork.Enhancement.Magic.Plus5	REPLACES:PLUS1S,PLUS2S,PLUS3S,PLUS4S,MWORKA	SOURCEPAGE:p.340	PRETYPE:1,Shield	BONUS:COMBAT|AC|5|TYPE=ShieldEnhancement	BONUS:EQMARMOR|ACCHECK|1|TYPE=Enhancement|!PRETYPE:1,EQMODTYPE=MasterworkQuality	BONUS:ITEMCOST|TYPE=Shield|1000*PLUSTOTAL*PLUSTOTAL	BONUS:ITEMCOST|TYPE=Shield|150|!PRETYPE:1,EQMODTYPE=MasterworkQuality	ASSIGNTOALL:NO
Animated						KEY:ANMATD		TYPE:Shield				PLUS:2			VISIBLE:QUALIFY											SOURCEPAGE:p.462											PRETYPE:2,Enhancement,Shield																					BONUS:EQM|HANDS|-EQHANDS						SPROP:floats within 2 feet of the wielder, but still take normal penalties
Arrow Catching					KEY:ARW_CAT		TYPE:Shield				PLUS:1			VISIBLE:QUALIFY											SOURCEPAGE:p.462											PRETYPE:2,Enhancement,Shield																															SPROP:attracts ranged weapons to it;grants +1 deflection bonus vs ranged weapons
Arrow Deflection					KEY:ARW_DEF		TYPE:Shield				PLUS:2			VISIBLE:QUALIFY											SOURCEPAGE:p.462											PRETYPE:2,Enhancement,Shield																															SPROP:Reflex save (DC 20+Missile enhancement) to deflect arrows; 1/round					VFEAT:Deflect Arrows
Bashing						KEY:BASH_H		TYPE:Shield				PLUS:1			VISIBLE:QUALIFY	ITYPE:Bashing.Weapon.Melee						SOURCEPAGE:p.462											PRETYPE:2,Enhancement,Heavy														BONUS:VAR|ShieldBashingDieSizeStep|2						BONUS:EQMWEAPON|DAMAGESIZE|2	SPROP:damage dice increases to 1d8
Bashing						KEY:BASH_L		TYPE:Shield				PLUS:1			VISIBLE:QUALIFY	ITYPE:Bashing.Weapon.Melee						SOURCEPAGE:p.462											PRETYPE:2,Enhancement,Light														BONUS:VAR|ShieldBashingDieSizeStep|2						BONUS:EQMWEAPON|DAMAGESIZE|2	SPROP:damage dice increases to 1d6
Blinding						KEY:BLIND		TYPE:Shield				PLUS:1			VISIBLE:QUALIFY											SOURCEPAGE:p.462											PRETYPE:2,Enhancement,Shield																															SPROP:flashes light 2/day upon command; range 20 ft.;Reflex save (DC 14) or be blinded for 1d4 rounds
Energy Resistance (Acid)			KEY:RST_ACD		TYPE:Armor.Shield					COST:18000	VISIBLE:QUALIFY											SOURCEPAGE:p.462	PREMULT:2,[PRETYPE:1,Enhancement],[PRETYPE:1,Armor,Shield]																																				SPROP:absorbs 10 points of acid damage per attack
Energy Resistance (Acid/Improved)		KEY:RST_ACD_IMP	TYPE:Armor.Shield					COST:42000	VISIBLE:QUALIFY											SOURCEPAGE:p.462	PREMULT:2,[PRETYPE:1,Enhancement],[PRETYPE:1,Armor,Shield]																																				SPROP:absorbs 20 points of acid damage per attack
Energy Resistance (Acid/Greater)		KEY:RES_ACD_GRT	TYPE:Armor.Shield					COST:66000	VISIBLE:QUALIFY											SOURCEPAGE:p.462	PREMULT:2,[PRETYPE:1,Enhancement],[PRETYPE:1,Armor,Shield]																																				SPROP:absorbs 30 points of acid damage per attack
Energy Resistance (Cold)			KEY:RST_CLD		TYPE:Armor.Shield					COST:18000	VISIBLE:QUALIFY											SOURCEPAGE:p.462	PREMULT:2,[PRETYPE:1,Enhancement],[PRETYPE:1,Armor,Shield]																																				SPROP:absorbs 10 points of cold damage per attack
Energy Resistance (Cold/Improved)		KEY:RST_CLD_IMP	TYPE:Armor.Shield					COST:42000	VISIBLE:QUALIFY											SOURCEPAGE:p.462	PREMULT:2,[PRETYPE:1,Enhancement],[PRETYPE:1,Armor,Shield]																																				SPROP:absorbs 20 points of cold damage per attack
Energy Resistance (Cold/Greater)		KEY:RES_CLD_GRT	TYPE:Armor.Shield					COST:66000	VISIBLE:QUALIFY											SOURCEPAGE:p.462	PREMULT:2,[PRETYPE:1,Enhancement],[PRETYPE:1,Armor,Shield]																																				SPROP:absorbs 30 points of cold damage per attack
Energy Resistance (Electricity)		KEY:RST_ELC		TYPE:Armor.Shield					COST:18000	VISIBLE:QUALIFY											SOURCEPAGE:p.462	PREMULT:2,[PRETYPE:1,Enhancement],[PRETYPE:1,Armor,Shield]																																				SPROP:absorbs 10 points of electricity damage per attack
Energy Resistance (Electricity/Improved)	KEY:RST_ELC_IMP	TYPE:Armor.Shield					COST:42000	VISIBLE:QUALIFY											SOURCEPAGE:p.462	PREMULT:2,[PRETYPE:1,Enhancement],[PRETYPE:1,Armor,Shield]																																				SPROP:absorbs 20 points of electricity damage per attack
Energy Resistance (Electricity/Greater)	KEY:RES_ELC_GRT	TYPE:Armor.Shield					COST:66000	VISIBLE:QUALIFY											SOURCEPAGE:p.462	PREMULT:2,[PRETYPE:1,Enhancement],[PRETYPE:1,Armor,Shield]																																				SPROP:absorbs 30 points of electricity damage per attack
Energy Resistance (Fire)			KEY:RST_FIR		TYPE:Armor.Shield					COST:18000	VISIBLE:QUALIFY											SOURCEPAGE:p.462	PREMULT:2,[PRETYPE:1,Enhancement],[PRETYPE:1,Armor,Shield]																																				SPROP:absorbs 10 points of fire damage per attack
Energy Resistance (Fire/Improved)		KEY:RST_FIR_IMP	TYPE:Armor.Shield					COST:42000	VISIBLE:QUALIFY											SOURCEPAGE:p.462	PREMULT:2,[PRETYPE:1,Enhancement],[PRETYPE:1,Armor,Shield]																																				SPROP:absorbs 20 points of fire damage per attack
Energy Resistance (Fire/Greater)		KEY:RES_FIR_GRT	TYPE:Armor.Shield					COST:66000	VISIBLE:QUALIFY											SOURCEPAGE:p.462	PREMULT:2,[PRETYPE:1,Enhancement],[PRETYPE:1,Armor,Shield]																																				SPROP:absorbs 30 points of fire damage per attack
Energy Resistance (Sonic)			KEY:RST_SNC		TYPE:Armor.Shield					COST:18000	VISIBLE:QUALIFY											SOURCEPAGE:p.462	PREMULT:2,[PRETYPE:1,Enhancement],[PRETYPE:1,Armor,Shield]																																				SPROP:absorbs 10 points of sonic damage per attack
Energy Resistance (Sonic/Improved)		KEY:RST_SNC_IMP	TYPE:Armor.Shield					COST:42000	VISIBLE:QUALIFY											SOURCEPAGE:p.462	PREMULT:2,[PRETYPE:1,Enhancement],[PRETYPE:1,Armor,Shield]																																				SPROP:absorbs 20 points of sonic damage per attack
Energy Resistance (Sonic/Greater)		KEY:RES_SNC_GRT	TYPE:Armor.Shield					COST:66000	VISIBLE:QUALIFY											SOURCEPAGE:p.462	PREMULT:2,[PRETYPE:1,Enhancement],[PRETYPE:1,Armor,Shield]																																				SPROP:absorbs 30 points of sonic damage per attack
Etherealness					KEY:ETHERE		TYPE:Armor						COST:49000	VISIBLE:QUALIFY											SOURCEPAGE:p.463											PRETYPE:2,Enhancement,Armor																															SPROP:become ethereal (as Ethereal Jaunt spell) 1/day
Fortification (Light)				KEY:FRT_LGHT	TYPE:Armor.ArmorLike.Shield	PLUS:1			VISIBLE:QUALIFY						REPLACES:FRT_HVY,FRT_MOD	SOURCEPAGE:p.463	PREMULT:2,[PRETYPE:1,Enhancement],[PRETYPE:1,Armor,Shield]																																				SPROP:25% chance to negate Critical and Sneak Attack bonus damage
Fortification (Moderate)			KEY:FRT_MOD		TYPE:Armor.ArmorLike.Shield	PLUS:3			VISIBLE:QUALIFY						REPLACES:FRT_HVY,FRT_LGHT	SOURCEPAGE:p.463	PREMULT:2,[PRETYPE:1,Enhancement],[PRETYPE:1,Armor,Shield]																																				SPROP:50% chance to negate Critical and Sneak Attack bonus damage
Fortification (Heavy)				KEY:FRT_HVY		TYPE:Armor.ArmorLike.Shield	PLUS:5			VISIBLE:QUALIFY						REPLACES:FRT_LGHT,FRT_MOD	SOURCEPAGE:p.463	PREMULT:2,[PRETYPE:1,Enhancement],[PRETYPE:1,Armor,Shield]																																				SPROP:75% chance to negate Critical and Sneak Attack bonus damage
Ghost touch						KEY:GHOST_A		TYPE:Armor.ArmorLike.Shield	PLUS:3			VISIBLE:QUALIFY											SOURCEPAGE:p.463	PREMULT:2,[PRETYPE:1,Enhancement],[PRETYPE:1,Armor,Shield]																																				SPROP:armor and enhancement count vs. incorporeal attacks
Glamered						KEY:GLAM		TYPE:Armor						COST:2700	VISIBLE:QUALIFY											SOURCEPAGE:p.463											PRETYPE:2,Enhancement,Armor																															SPROP:can appear as normal clothing on command
Invulnerability					KEY:INVULN		TYPE:Armor.ArmorLike		PLUS:3			VISIBLE:QUALIFY											SOURCEPAGE:p.464											PRETYPE:2,Enhancement,Armor			DR:5/Magic																											SPROP:grants DR 5/magic
Reflecting						KEY:REFLC		TYPE:Shield				PLUS:5			VISIBLE:QUALIFY											SOURCEPAGE:p.464											PRETYPE:2,Enhancement,Shield																															SPROP:reflect spell (as Spell Turning spell) 1/day
Shadow						KEY:SHDW		TYPE:Armor						COST:3750	VISIBLE:QUALIFY											SOURCEPAGE:p.464											PRETYPE:2,Enhancement,Armor						BONUS:SKILL|Stealth|5|TYPE=Competence																			SPROP:+5 competence bonus to Stealth checks
Shadow (Improved)					KEY:SHDW_IMP	TYPE:Armor						COST:15000	VISIBLE:QUALIFY											SOURCEPAGE:p.464											PRETYPE:2,Enhancement,Armor						BONUS:SKILL|Stealth|10|TYPE=Competence																			SPROP:+10 competence bonus to Stealth checks
Shadow (Greater)					KEY:SHDW_GRT	TYPE:Armor						COST:33750	VISIBLE:QUALIFY											SOURCEPAGE:p.464											PRETYPE:2,Enhancement,Armor						BONUS:SKILL|Stealth|15|TYPE=Competence																			SPROP:+15 competence bonus to Stealth checks
Slick							KEY:SLK		TYPE:Armor						COST:3750	VISIBLE:QUALIFY											SOURCEPAGE:p.464											PRETYPE:2,Enhancement,Armor						BONUS:SKILL|Escape Artist|5|TYPE=Competence																		SPROP:+5 competence bonus to Escape Artist checks
Slick (Improved)					KEY:SLK_IMP		TYPE:Armor						COST:15000	VISIBLE:QUALIFY											SOURCEPAGE:p.464											PRETYPE:2,Enhancement,Armor						BONUS:SKILL|Escape Artist|10|TYPE=Competence																		SPROP:+10 competence bonus to Escape Artist checks
Slick (Greater)					KEY:SLK_GRT		TYPE:Armor						COST:33750	VISIBLE:QUALIFY											SOURCEPAGE:p.464											PRETYPE:2,Enhancement,Armor						BONUS:SKILL|Escape Artist|15|TYPE=Competence																		SPROP:+15 competence bonus to Escape Artist checks
Spell Resistance					KEY:SPELL_RES_13	TYPE:Armor.ArmorLike		PLUS:2			VISIBLE:QUALIFY											SOURCEPAGE:p.464											PRETYPE:2,Enhancement,Armor	SR:13																														SPROP:grants spell resistance 13
Spell Resistance					KEY:SPELL_RES_15	TYPE:Armor.ArmorLike		PLUS:3			VISIBLE:QUALIFY											SOURCEPAGE:p.464											PRETYPE:2,Enhancement,Armor	SR:15																														SPROP:grants spell resistance 15
Spell Resistance					KEY:SPELL_RES_17	TYPE:Armor.ArmorLike		PLUS:4			VISIBLE:QUALIFY											SOURCEPAGE:p.464											PRETYPE:2,Enhancement,Armor	SR:17																														SPROP:grants spell resistance 17
Spell Resistance					KEY:SPELL_RES_19	TYPE:Armor.ArmorLike		PLUS:5			VISIBLE:QUALIFY											SOURCEPAGE:p.464											PRETYPE:2,Enhancement,Armor	SR:19																														SPROP:grants spell resistance 19
Undead Controlling				KEY:UNDEAD		TYPE:Armor.Shield					COST:49000	VISIBLE:QUALIFY											SOURCEPAGE:p.464	PREMULT:2,[PRETYPE:1,Enhancement],[PRETYPE:1,Armor,Shield]																																				SPROP:control up to 26 HD of undead per day (As Control Undead spell)
Wild							KEY:WILD_A		TYPE:Armor.ArmorLike		PLUS:3			VISIBLE:QUALIFY											SOURCEPAGE:p.464											PRETYPE:2,Enhancement,Armor																															SPROP:preserve armor and enhancment bonus while using Wild Shape
Wild							KEY:WILD_S		TYPE:Shield				PLUS:3			VISIBLE:QUALIFY											SOURCEPAGE:p.464											PRETYPE:2,Enhancement,Shield																															SPROP:preserve shield and enhancment bonus while using Wild Shape


###Block: Intelligent Item EQMODs
# Modifier Name							Unique Key					Naming Option	Type				Cost		Visible		Keys to replace																												Required Type							Modify VAR					Ability
Intelligent Magic Item Base					KEY:IntItemBase				NAMEOPT:NOTHING	TYPE:Weapon.Armor.Goods	COST:500	VISIBLE:YES																																															ABILITY:Intelligent Item|AUTOMATIC|Base Intelligent Item
#EQMOD:IntItemStatINT10.IntItemStatWIS10.IntItemStatCHA10
Int Item / Dedicated Purpose					KEY:IntItemPurpose			NAMEOPT:NOTHING	TYPE:Weapon.Armor.Goods			VISIBLE:QUALIFY																															PRETYPE:1,EQMOD=IntItemBase											ABILITY:Intelligent Item|AUTOMATIC|Intelligent Item ~ Has Special Purpose
# Triggers the Special Purpose Ability Pool and Allows selection of the Special Purpose Power

#
Int Item / Stat Intelligence 10				KEY:IntItemStatINT10			NAMEOPT:NOTHING	TYPE:Weapon.Armor.Goods			VISIBLE:QUALIFY	REPLACES:IntItemStatINT11,IntItemStatINT12,IntItemStatINT13,IntItemStatINT14,IntItemStatINT15,IntItemStatINT16,IntItemStatINT17,IntItemStatINT18,IntItemStatINT19,IntItemStatINT20	PRETYPE:1,EQMOD=IntItemBase											ABILITY:Intelligent Item|AUTOMATIC|Intelligent Item Stat INT ~ 10
Int Item / Stat Intelligence 11				KEY:IntItemStatINT11			NAMEOPT:NOTHING	TYPE:Weapon.Armor.Goods	COST:200	VISIBLE:QUALIFY	REPLACES:IntItemStatINT10,IntItemStatINT12,IntItemStatINT13,IntItemStatINT14,IntItemStatINT15,IntItemStatINT16,IntItemStatINT17,IntItemStatINT18,IntItemStatINT19,IntItemStatINT20	PRETYPE:1,EQMOD=IntItemBase											ABILITY:Intelligent Item|AUTOMATIC|Intelligent Item Stat INT ~ 11
Int Item / Stat Intelligence 12				KEY:IntItemStatINT12			NAMEOPT:NOTHING	TYPE:Weapon.Armor.Goods	COST:500	VISIBLE:QUALIFY	REPLACES:IntItemStatINT10,IntItemStatINT11,IntItemStatINT13,IntItemStatINT14,IntItemStatINT15,IntItemStatINT16,IntItemStatINT17,IntItemStatINT18,IntItemStatINT19,IntItemStatINT20	PRETYPE:1,EQMOD=IntItemBase											ABILITY:Intelligent Item|AUTOMATIC|Intelligent Item Stat INT ~ 12
Int Item / Stat Intelligence 13				KEY:IntItemStatINT13			NAMEOPT:NOTHING	TYPE:Weapon.Armor.Goods	COST:700	VISIBLE:QUALIFY	REPLACES:IntItemStatINT10,IntItemStatINT11,IntItemStatINT12,IntItemStatINT14,IntItemStatINT15,IntItemStatINT16,IntItemStatINT17,IntItemStatINT18,IntItemStatINT19,IntItemStatINT20	PRETYPE:1,EQMOD=IntItemBase											ABILITY:Intelligent Item|AUTOMATIC|Intelligent Item Stat INT ~ 13
Int Item / Stat Intelligence 14				KEY:IntItemStatINT14			NAMEOPT:NOTHING	TYPE:Weapon.Armor.Goods	COST:1000	VISIBLE:QUALIFY	REPLACES:IntItemStatINT10,IntItemStatINT11,IntItemStatINT12,IntItemStatINT13,IntItemStatINT15,IntItemStatINT16,IntItemStatINT17,IntItemStatINT18,IntItemStatINT19,IntItemStatINT20	PRETYPE:1,EQMOD=IntItemBase											ABILITY:Intelligent Item|AUTOMATIC|Intelligent Item Stat INT ~ 14
Int Item / Stat Intelligence 15				KEY:IntItemStatINT15			NAMEOPT:NOTHING	TYPE:Weapon.Armor.Goods	COST:1400	VISIBLE:QUALIFY	REPLACES:IntItemStatINT10,IntItemStatINT11,IntItemStatINT12,IntItemStatINT13,IntItemStatINT14,IntItemStatINT16,IntItemStatINT17,IntItemStatINT18,IntItemStatINT19,IntItemStatINT20	PRETYPE:1,EQMOD=IntItemBase											ABILITY:Intelligent Item|AUTOMATIC|Intelligent Item Stat INT ~ 15
Int Item / Stat Intelligence 16				KEY:IntItemStatINT16			NAMEOPT:NOTHING	TYPE:Weapon.Armor.Goods	COST:2000	VISIBLE:QUALIFY	REPLACES:IntItemStatINT10,IntItemStatINT11,IntItemStatINT12,IntItemStatINT13,IntItemStatINT14,IntItemStatINT15,IntItemStatINT17,IntItemStatINT18,IntItemStatINT19,IntItemStatINT20	PRETYPE:1,EQMOD=IntItemBase											ABILITY:Intelligent Item|AUTOMATIC|Intelligent Item Stat INT ~ 16
Int Item / Stat Intelligence 17				KEY:IntItemStatINT17			NAMEOPT:NOTHING	TYPE:Weapon.Armor.Goods	COST:2800	VISIBLE:QUALIFY	REPLACES:IntItemStatINT10,IntItemStatINT11,IntItemStatINT12,IntItemStatINT13,IntItemStatINT14,IntItemStatINT15,IntItemStatINT16,IntItemStatINT18,IntItemStatINT19,IntItemStatINT20	PRETYPE:1,EQMOD=IntItemBase											ABILITY:Intelligent Item|AUTOMATIC|Intelligent Item Stat INT ~ 17
Int Item / Stat Intelligence 18				KEY:IntItemStatINT18			NAMEOPT:NOTHING	TYPE:Weapon.Armor.Goods	COST:4000	VISIBLE:QUALIFY	REPLACES:IntItemStatINT10,IntItemStatINT11,IntItemStatINT12,IntItemStatINT13,IntItemStatINT14,IntItemStatINT15,IntItemStatINT16,IntItemStatINT17,IntItemStatINT19,IntItemStatINT20	PRETYPE:1,EQMOD=IntItemBase											ABILITY:Intelligent Item|AUTOMATIC|Intelligent Item Stat INT ~ 18
Int Item / Stat Intelligence 19				KEY:IntItemStatINT19			NAMEOPT:NOTHING	TYPE:Weapon.Armor.Goods	COST:5200	VISIBLE:QUALIFY	REPLACES:IntItemStatINT10,IntItemStatINT11,IntItemStatINT12,IntItemStatINT13,IntItemStatINT14,IntItemStatINT15,IntItemStatINT16,IntItemStatINT17,IntItemStatINT18,IntItemStatINT20	PRETYPE:1,EQMOD=IntItemBase											ABILITY:Intelligent Item|AUTOMATIC|Intelligent Item Stat INT ~ 19
Int Item / Stat Intelligence 20				KEY:IntItemStatINT20			NAMEOPT:NOTHING	TYPE:Weapon.Armor.Goods	COST:8000	VISIBLE:QUALIFY	REPLACES:IntItemStatINT10,IntItemStatINT11,IntItemStatINT12,IntItemStatINT13,IntItemStatINT14,IntItemStatINT15,IntItemStatINT16,IntItemStatINT17,IntItemStatINT18,IntItemStatINT19	PRETYPE:1,EQMOD=IntItemBase											ABILITY:Intelligent Item|AUTOMATIC|Intelligent Item Stat INT ~ 20

Int Item / Stat Wisdom 10					KEY:IntItemStatWIS10			NAMEOPT:NOTHING	TYPE:Weapon.Armor.Goods			VISIBLE:QUALIFY	REPLACES:IntItemStatWIS11,IntItemStatWIS12,IntItemStatWIS13,IntItemStatWIS14,IntItemStatWIS15,IntItemStatWIS16,IntItemStatWIS17,IntItemStatWIS18,IntItemStatWIS19,IntItemStatWIS20	PRETYPE:1,EQMOD=IntItemBase											ABILITY:Intelligent Item|AUTOMATIC|Intelligent Item Stat WIS ~ 10
Int Item / Stat Wisdom 11					KEY:IntItemStatWIS11			NAMEOPT:NOTHING	TYPE:Weapon.Armor.Goods	COST:200	VISIBLE:QUALIFY	REPLACES:IntItemStatWIS10,IntItemStatWIS12,IntItemStatWIS13,IntItemStatWIS14,IntItemStatWIS15,IntItemStatWIS16,IntItemStatWIS17,IntItemStatWIS18,IntItemStatWIS19,IntItemStatWIS20	PRETYPE:1,EQMOD=IntItemBase											ABILITY:Intelligent Item|AUTOMATIC|Intelligent Item Stat WIS ~ 11
Int Item / Stat Wisdom 12					KEY:IntItemStatWIS12			NAMEOPT:NOTHING	TYPE:Weapon.Armor.Goods	COST:500	VISIBLE:QUALIFY	REPLACES:IntItemStatWIS10,IntItemStatWIS11,IntItemStatWIS13,IntItemStatWIS14,IntItemStatWIS15,IntItemStatWIS16,IntItemStatWIS17,IntItemStatWIS18,IntItemStatWIS19,IntItemStatWIS20	PRETYPE:1,EQMOD=IntItemBase											ABILITY:Intelligent Item|AUTOMATIC|Intelligent Item Stat WIS ~ 12
Int Item / Stat Wisdom 13					KEY:IntItemStatWIS13			NAMEOPT:NOTHING	TYPE:Weapon.Armor.Goods	COST:700	VISIBLE:QUALIFY	REPLACES:IntItemStatWIS10,IntItemStatWIS11,IntItemStatWIS12,IntItemStatWIS14,IntItemStatWIS15,IntItemStatWIS16,IntItemStatWIS17,IntItemStatWIS18,IntItemStatWIS19,IntItemStatWIS20	PRETYPE:1,EQMOD=IntItemBase											ABILITY:Intelligent Item|AUTOMATIC|Intelligent Item Stat WIS ~ 13
Int Item / Stat Wisdom 14					KEY:IntItemStatWIS14			NAMEOPT:NOTHING	TYPE:Weapon.Armor.Goods	COST:1000	VISIBLE:QUALIFY	REPLACES:IntItemStatWIS10,IntItemStatWIS11,IntItemStatWIS12,IntItemStatWIS13,IntItemStatWIS15,IntItemStatWIS16,IntItemStatWIS17,IntItemStatWIS18,IntItemStatWIS19,IntItemStatWIS20	PRETYPE:1,EQMOD=IntItemBase											ABILITY:Intelligent Item|AUTOMATIC|Intelligent Item Stat WIS ~ 14
Int Item / Stat Wisdom 15					KEY:IntItemStatWIS15			NAMEOPT:NOTHING	TYPE:Weapon.Armor.Goods	COST:1400	VISIBLE:QUALIFY	REPLACES:IntItemStatWIS10,IntItemStatWIS11,IntItemStatWIS12,IntItemStatWIS13,IntItemStatWIS14,IntItemStatWIS16,IntItemStatWIS17,IntItemStatWIS18,IntItemStatWIS19,IntItemStatWIS20	PRETYPE:1,EQMOD=IntItemBase											ABILITY:Intelligent Item|AUTOMATIC|Intelligent Item Stat WIS ~ 15
Int Item / Stat Wisdom 16					KEY:IntItemStatWIS16			NAMEOPT:NOTHING	TYPE:Weapon.Armor.Goods	COST:2000	VISIBLE:QUALIFY	REPLACES:IntItemStatWIS10,IntItemStatWIS11,IntItemStatWIS12,IntItemStatWIS13,IntItemStatWIS14,IntItemStatWIS15,IntItemStatWIS17,IntItemStatWIS18,IntItemStatWIS19,IntItemStatWIS20	PRETYPE:1,EQMOD=IntItemBase											ABILITY:Intelligent Item|AUTOMATIC|Intelligent Item Stat WIS ~ 16
Int Item / Stat Wisdom 17					KEY:IntItemStatWIS17			NAMEOPT:NOTHING	TYPE:Weapon.Armor.Goods	COST:2800	VISIBLE:QUALIFY	REPLACES:IntItemStatWIS10,IntItemStatWIS11,IntItemStatWIS12,IntItemStatWIS13,IntItemStatWIS14,IntItemStatWIS15,IntItemStatWIS16,IntItemStatWIS18,IntItemStatWIS19,IntItemStatWIS20	PRETYPE:1,EQMOD=IntItemBase											ABILITY:Intelligent Item|AUTOMATIC|Intelligent Item Stat WIS ~ 17
Int Item / Stat Wisdom 18					KEY:IntItemStatWIS18			NAMEOPT:NOTHING	TYPE:Weapon.Armor.Goods	COST:4000	VISIBLE:QUALIFY	REPLACES:IntItemStatWIS10,IntItemStatWIS11,IntItemStatWIS12,IntItemStatWIS13,IntItemStatWIS14,IntItemStatWIS15,IntItemStatWIS16,IntItemStatWIS17,IntItemStatWIS19,IntItemStatWIS20	PRETYPE:1,EQMOD=IntItemBase											ABILITY:Intelligent Item|AUTOMATIC|Intelligent Item Stat WIS ~ 18
Int Item / Stat Wisdom 19					KEY:IntItemStatWIS19			NAMEOPT:NOTHING	TYPE:Weapon.Armor.Goods	COST:5200	VISIBLE:QUALIFY	REPLACES:IntItemStatWIS10,IntItemStatWIS11,IntItemStatWIS12,IntItemStatWIS13,IntItemStatWIS14,IntItemStatWIS15,IntItemStatWIS16,IntItemStatWIS17,IntItemStatWIS18,IntItemStatWIS20	PRETYPE:1,EQMOD=IntItemBase											ABILITY:Intelligent Item|AUTOMATIC|Intelligent Item Stat WIS ~ 19
Int Item / Stat Wisdom 20					KEY:IntItemStatWIS20			NAMEOPT:NOTHING	TYPE:Weapon.Armor.Goods	COST:8000	VISIBLE:QUALIFY	REPLACES:IntItemStatWIS10,IntItemStatWIS11,IntItemStatWIS12,IntItemStatWIS13,IntItemStatWIS14,IntItemStatWIS15,IntItemStatWIS16,IntItemStatWIS17,IntItemStatWIS18,IntItemStatWIS19	PRETYPE:1,EQMOD=IntItemBase											ABILITY:Intelligent Item|AUTOMATIC|Intelligent Item Stat WIS ~ 20

Int Item / Stat Charisma 10					KEY:IntItemStatCHA10			NAMEOPT:NOTHING	TYPE:Weapon.Armor.Goods			VISIBLE:QUALIFY	REPLACES:IntItemStatCHA11,IntItemStatCHA12,IntItemStatCHA13,IntItemStatCHA14,IntItemStatCHA15,IntItemStatCHA16,IntItemStatCHA17,IntItemStatCHA18,IntItemStatCHA19,IntItemStatCHA20	PRETYPE:1,EQMOD=IntItemBase											ABILITY:Intelligent Item|AUTOMATIC|Intelligent Item Stat CHA ~ 10
Int Item / Stat Charisma 11					KEY:IntItemStatCHA11			NAMEOPT:NOTHING	TYPE:Weapon.Armor.Goods	COST:200	VISIBLE:QUALIFY	REPLACES:IntItemStatCHA10,IntItemStatCHA12,IntItemStatCHA13,IntItemStatCHA14,IntItemStatCHA15,IntItemStatCHA16,IntItemStatCHA17,IntItemStatCHA18,IntItemStatCHA19,IntItemStatCHA20	PRETYPE:1,EQMOD=IntItemBase											ABILITY:Intelligent Item|AUTOMATIC|Intelligent Item Stat CHA ~ 11
Int Item / Stat Charisma 12					KEY:IntItemStatCHA12			NAMEOPT:NOTHING	TYPE:Weapon.Armor.Goods	COST:500	VISIBLE:QUALIFY	REPLACES:IntItemStatCHA10,IntItemStatCHA11,IntItemStatCHA13,IntItemStatCHA14,IntItemStatCHA15,IntItemStatCHA16,IntItemStatCHA17,IntItemStatCHA18,IntItemStatCHA19,IntItemStatCHA20	PRETYPE:1,EQMOD=IntItemBase											ABILITY:Intelligent Item|AUTOMATIC|Intelligent Item Stat CHA ~ 12
Int Item / Stat Charisma 13					KEY:IntItemStatCHA13			NAMEOPT:NOTHING	TYPE:Weapon.Armor.Goods	COST:700	VISIBLE:QUALIFY	REPLACES:IntItemStatCHA10,IntItemStatCHA11,IntItemStatCHA12,IntItemStatCHA14,IntItemStatCHA15,IntItemStatCHA16,IntItemStatCHA17,IntItemStatCHA18,IntItemStatCHA19,IntItemStatCHA20	PRETYPE:1,EQMOD=IntItemBase											ABILITY:Intelligent Item|AUTOMATIC|Intelligent Item Stat CHA ~ 13
Int Item / Stat Charisma 14					KEY:IntItemStatCHA14			NAMEOPT:NOTHING	TYPE:Weapon.Armor.Goods	COST:1000	VISIBLE:QUALIFY	REPLACES:IntItemStatCHA10,IntItemStatCHA11,IntItemStatCHA12,IntItemStatCHA13,IntItemStatCHA15,IntItemStatCHA16,IntItemStatCHA17,IntItemStatCHA18,IntItemStatCHA19,IntItemStatCHA20	PRETYPE:1,EQMOD=IntItemBase											ABILITY:Intelligent Item|AUTOMATIC|Intelligent Item Stat CHA ~ 14
Int Item / Stat Charisma 15					KEY:IntItemStatCHA15			NAMEOPT:NOTHING	TYPE:Weapon.Armor.Goods	COST:1400	VISIBLE:QUALIFY	REPLACES:IntItemStatCHA10,IntItemStatCHA11,IntItemStatCHA12,IntItemStatCHA13,IntItemStatCHA14,IntItemStatCHA16,IntItemStatCHA17,IntItemStatCHA18,IntItemStatCHA19,IntItemStatCHA20	PRETYPE:1,EQMOD=IntItemBase											ABILITY:Intelligent Item|AUTOMATIC|Intelligent Item Stat CHA ~ 15
Int Item / Stat Charisma 16					KEY:IntItemStatCHA16			NAMEOPT:NOTHING	TYPE:Weapon.Armor.Goods	COST:2000	VISIBLE:QUALIFY	REPLACES:IntItemStatCHA10,IntItemStatCHA11,IntItemStatCHA12,IntItemStatCHA13,IntItemStatCHA14,IntItemStatCHA15,IntItemStatCHA17,IntItemStatCHA18,IntItemStatCHA19,IntItemStatCHA20	PRETYPE:1,EQMOD=IntItemBase											ABILITY:Intelligent Item|AUTOMATIC|Intelligent Item Stat CHA ~ 16
Int Item / Stat Charisma 17					KEY:IntItemStatCHA17			NAMEOPT:NOTHING	TYPE:Weapon.Armor.Goods	COST:2800	VISIBLE:QUALIFY	REPLACES:IntItemStatCHA10,IntItemStatCHA11,IntItemStatCHA12,IntItemStatCHA13,IntItemStatCHA14,IntItemStatCHA15,IntItemStatCHA16,IntItemStatCHA18,IntItemStatCHA19,IntItemStatCHA20	PRETYPE:1,EQMOD=IntItemBase											ABILITY:Intelligent Item|AUTOMATIC|Intelligent Item Stat CHA ~ 17
Int Item / Stat Charisma 18					KEY:IntItemStatCHA18			NAMEOPT:NOTHING	TYPE:Weapon.Armor.Goods	COST:4000	VISIBLE:QUALIFY	REPLACES:IntItemStatCHA10,IntItemStatCHA11,IntItemStatCHA12,IntItemStatCHA13,IntItemStatCHA14,IntItemStatCHA15,IntItemStatCHA16,IntItemStatCHA17,IntItemStatCHA19,IntItemStatCHA20	PRETYPE:1,EQMOD=IntItemBase											ABILITY:Intelligent Item|AUTOMATIC|Intelligent Item Stat CHA ~ 18
Int Item / Stat Charisma 19					KEY:IntItemStatCHA19			NAMEOPT:NOTHING	TYPE:Weapon.Armor.Goods	COST:5200	VISIBLE:QUALIFY	REPLACES:IntItemStatCHA10,IntItemStatCHA11,IntItemStatCHA12,IntItemStatCHA13,IntItemStatCHA14,IntItemStatCHA15,IntItemStatCHA16,IntItemStatCHA17,IntItemStatCHA18,IntItemStatCHA20	PRETYPE:1,EQMOD=IntItemBase											ABILITY:Intelligent Item|AUTOMATIC|Intelligent Item Stat CHA ~ 19
Int Item / Stat Charisma 20					KEY:IntItemStatCHA20			NAMEOPT:NOTHING	TYPE:Weapon.Armor.Goods	COST:8000	VISIBLE:QUALIFY	REPLACES:IntItemStatCHA10,IntItemStatCHA11,IntItemStatCHA12,IntItemStatCHA13,IntItemStatCHA14,IntItemStatCHA15,IntItemStatCHA16,IntItemStatCHA17,IntItemStatCHA18,IntItemStatCHA19	PRETYPE:1,EQMOD=IntItemBase											ABILITY:Intelligent Item|AUTOMATIC|Intelligent Item Stat CHA ~ 20

Int Item / Commication Speech					KEY:IntSpeech				NAMEOPT:NOTHING	TYPE:Weapon.Armor.Goods	COST:500	VISIBLE:QUALIFY																															PRETYPE:1,EQMOD=IntItemBase											ABILITY:Intelligent Item|AUTOMATIC|Intelligent Item ~ Speech
Int Item / Commication Telepathy				KEY:IntTelepathy				NAMEOPT:NOTHING	TYPE:Weapon.Armor.Goods	COST:1000	VISIBLE:QUALIFY																															PRETYPE:1,EQMOD=IntItemBase											ABILITY:Intelligent Item|AUTOMATIC|Intelligent Item ~ Telepathy

Int Item / Senses (60')						KEY:IntSense60				NAMEOPT:NOTHING	TYPE:Weapon.Armor.Goods	COST:500	VISIBLE:QUALIFY	REPLACES:IntSense120																											PRETYPE:1,EQMOD=IntItemBase					BONUS:VAR|IntItemSenseRange|30
Int Item / Senses (120')					KEY:IntSense120				NAMEOPT:NOTHING	TYPE:Weapon.Armor.Goods	COST:1000	VISIBLE:QUALIFY	REPLACES:IntSense60																											PRETYPE:1,EQMOD=IntItemBase					BONUS:VAR|IntItemSenseRange|90

Int Item / Senses Darkvision					KEY:IntDarkvision				NAMEOPT:NOTHING	TYPE:Weapon.Armor.Goods	COST:500	VISIBLE:QUALIFY																															PRETYPE:1,EQMOD=IntItemBase											ABILITY:Intelligent Item|AUTOMATIC|Intelligent Item ~ Darkvision
Int Item / Senses Blindsense					KEY:IntBlindsense				NAMEOPT:NOTHING	TYPE:Weapon.Armor.Goods	COST:5000	VISIBLE:QUALIFY																															PRETYPE:1,EQMOD=IntItemBase											ABILITY:Intelligent Item|AUTOMATIC|Intelligent Item ~ Blindsense

Int Item / Commication Read Languages			KEY:IntReadLang				NAMEOPT:NOTHING	TYPE:Weapon.Armor.Goods	COST:1000	VISIBLE:QUALIFY																															PRETYPE:1,EQMOD=IntItemBase											ABILITY:Intelligent Item|AUTOMATIC|Intelligent Item ~ ReadLang
Int Item / Commication Read Magic				KEY:IntReadMagic				NAMEOPT:NOTHING	TYPE:Weapon.Armor.Goods	COST:2000	VISIBLE:QUALIFY																															PRETYPE:1,EQMOD=IntItemBase											ABILITY:Intelligent Item|AUTOMATIC|Intelligent Item ~ ReadMagic


# Magic Item Powers -
Int Item / Power 0-level spell at will			KEY:ItemPower_CastZeroAtWill		NAMEOPT:NOTHING	TYPE:Weapon.Armor.Goods	COST:1000	VISIBLE:QUALIFY																															PRETYPE:1,EQMOD=IntItemBase					BONUS:VAR|MagicItemEgo|1		ABILITY:Intelligent Item|AUTOMATIC|EQMOD ~ ItemPower_CastZeroAtWill
Int Item / Power 1st-level spell 3/day			KEY:ItemPower_CastOneThree		NAMEOPT:NOTHING	TYPE:Weapon.Armor.Goods	COST:1200	VISIBLE:QUALIFY																															PRETYPE:1,EQMOD=IntItemBase					BONUS:VAR|MagicItemEgo|1		ABILITY:Intelligent Item|AUTOMATIC|EQMOD ~ ItemPower_CastOneThree
Int Item / Power Magic aura on itself at will		KEY:ItemPower_MagicAura			NAMEOPT:NOTHING	TYPE:Weapon.Armor.Goods	COST:2000	VISIBLE:QUALIFY																															PRETYPE:1,EQMOD=IntItemBase					BONUS:VAR|MagicItemEgo|1		ABILITY:Intelligent Item|AUTOMATIC|Item Power ~ Magic Aura
Int Item / Power 2nd-level spell 1/day			KEY:ItemPower_CastTwoOne		NAMEOPT:NOTHING	TYPE:Weapon.Armor.Goods	COST:2400	VISIBLE:QUALIFY																															PRETYPE:1,EQMOD=IntItemBase					BONUS:VAR|MagicItemEgo|1		ABILITY:Intelligent Item|AUTOMATIC|EQMOD ~ ItemPower_CastTwoOne
Int Item / Power 5 ranks in a skill				KEY:ItemPower_FiveSkill			NAMEOPT:NOTHING	TYPE:Weapon.Armor.Goods	COST:2500	VISIBLE:QUALIFY																															PRETYPE:1,EQMOD=IntItemBase					BONUS:VAR|MagicItemEgo|1		ABILITY:Intelligent Item|AUTOMATIC|EQMOD ~ ItemPower_FiveSkill
Int Item / Power Move 10 feet					KEY:ItemPower_Move			NAMEOPT:NOTHING	TYPE:Weapon.Armor.Goods	COST:5000	VISIBLE:QUALIFY																															PRETYPE:1,EQMOD=IntItemBase					BONUS:VAR|MagicItemEgo|1		ABILITY:Intelligent Item|AUTOMATIC|Item Power ~ Move
Int Item / Power 3rd-level spell 1/day			KEY:ItemPower_CastThreeOne		NAMEOPT:NOTHING	TYPE:Weapon.Armor.Goods	COST:6000	VISIBLE:QUALIFY																															PRETYPE:1,EQMOD=IntItemBase					BONUS:VAR|MagicItemEgo|1		ABILITY:Intelligent Item|AUTOMATIC|EQMOD ~ ItemPower_CastThreeOne
Int Item / Power 2nd-level spell 3/day			KEY:ItemPower_CastTwoThree		NAMEOPT:NOTHING	TYPE:Weapon.Armor.Goods	COST:7200	VISIBLE:QUALIFY																															PRETYPE:1,EQMOD=IntItemBase					BONUS:VAR|MagicItemEgo|1		ABILITY:Intelligent Item|AUTOMATIC|EQMOD ~ ItemPower_CastTwoThree
Int Item / Power 10 ranks in a skill			KEY:ItemPower_TenSkill			NAMEOPT:NOTHING	TYPE:Weapon.Armor.Goods	COST:10000	VISIBLE:QUALIFY																															PRETYPE:1,EQMOD=IntItemBase					BONUS:VAR|MagicItemEgo|2		ABILITY:Intelligent Item|AUTOMATIC|EQMOD ~ ItemPower_TenSkill
Int Item / Power Change shape					KEY:ItemPower_ChangeShape		NAMEOPT:NOTHING	TYPE:Weapon.Armor.Goods	COST:10000	VISIBLE:QUALIFY																															PRETYPE:1,EQMOD=IntItemBase					BONUS:VAR|MagicItemEgo|2		ABILITY:Intelligent Item|AUTOMATIC|Item Power ~ Change Shape
Int Item / Power Fly 30 feet					KEY:ItemPower_Fly				NAMEOPT:NOTHING	TYPE:Weapon.Armor.Goods	COST:10000	VISIBLE:QUALIFY																															PRETYPE:1,EQMOD=IntItemBase					BONUS:VAR|MagicItemEgo|2		ABILITY:Intelligent Item|AUTOMATIC|Item Power ~ Fly
Int Item / Power 4th-level spell 1/day			KEY:ItemPower_CastFourOne		NAMEOPT:NOTHING	TYPE:Weapon.Armor.Goods	COST:11200	VISIBLE:QUALIFY																															PRETYPE:1,EQMOD=IntItemBase					BONUS:VAR|MagicItemEgo|2		ABILITY:Intelligent Item|AUTOMATIC|EQMOD ~ ItemPower_CastFourOne
Int Item / Power Teleport itself 1/day			KEY:ItemPower_Teleport			NAMEOPT:NOTHING	TYPE:Weapon.Armor.Goods	COST:15000	VISIBLE:QUALIFY																															PRETYPE:1,EQMOD=IntItemBase					BONUS:VAR|MagicItemEgo|2		ABILITY:Intelligent Item|AUTOMATIC|Item Power ~ Teleport
Int Item / Power 3rd-level spell 3/day			KEY:ItemPower_CastThreeThree		NAMEOPT:NOTHING	TYPE:Weapon.Armor.Goods	COST:18000	VISIBLE:QUALIFY																															PRETYPE:1,EQMOD=IntItemBase					BONUS:VAR|MagicItemEgo|2		ABILITY:Intelligent Item|AUTOMATIC|EQMOD ~ ItemPower_CastThreeThree
Int Item / Power 4th-level spell 3/day			KEY:ItemPower_CastFourThree		NAMEOPT:NOTHING	TYPE:Weapon.Armor.Goods	COST:33600	VISIBLE:QUALIFY																															PRETYPE:1,EQMOD=IntItemBase					BONUS:VAR|MagicItemEgo|2		ABILITY:Intelligent Item|AUTOMATIC|EQMOD ~ ItemPower_CastFourThree

# Special Pupose Dedicate Powers
Int Item / Dedicated Detect special purpose foes	KEY:PurposePower_DetectFoe		NAMEOPT:NOTHING					COST:10000	VISIBLE:QUALIFY																															PRETYPE:2,EQMOD=IntItemBase,EQMOD=IntItemPurpose	BONUS:VAR|MagicItemEgo|1		ABILITY:Intelligent Item|AUTOMATIC|Dedicated Power ~ DetectFoe
Int Item / Dedicated 4th-level spell at will		KEY:PurposePower_CastFourAtWill	NAMEOPT:NOTHING					COST:56000	VISIBLE:QUALIFY																															PRETYPE:2,EQMOD=IntItemBase,EQMOD=IntItemPurpose	BONUS:VAR|MagicItemEgo|2		ABILITY:Intelligent Item|AUTOMATIC|EQMOD ~ PurposePower_CastFourAtWill
Int Item / Dedicated +2 luck attacks & saves		KEY:PurposePower_LuckBonus		NAMEOPT:NOTHING					COST:80000	VISIBLE:QUALIFY																															PRETYPE:2,EQMOD=IntItemBase,EQMOD=IntItemPurpose	BONUS:VAR|MagicItemEgo|2		ABILITY:Intelligent Item|AUTOMATIC|Dedicated Power ~ Luck Bonus
Int Item / Dedicated 5th-level spell at will		KEY:PurposePower_CastFiveAtWill	NAMEOPT:NOTHING					COST:90000	VISIBLE:QUALIFY																															PRETYPE:2,EQMOD=IntItemBase,EQMOD=IntItemPurpose	BONUS:VAR|MagicItemEgo|2		ABILITY:Intelligent Item|AUTOMATIC|EQMOD ~ PurposePower_CastFiveAtWill
Int Item / Dedicated 6th-level spell at will		KEY:PurposePower_CastSixAtWill	NAMEOPT:NOTHING					COST:132000	VISIBLE:QUALIFY																															PRETYPE:2,EQMOD=IntItemBase,EQMOD=IntItemPurpose	BONUS:VAR|MagicItemEgo|2		ABILITY:Intelligent Item|AUTOMATIC|EQMOD ~ PurposePower_CastSixAtWill
Int Item / Dedicated 7th-level spell at will		KEY:PurposePower_CastSevenAtWill	NAMEOPT:NOTHING					COST:182000	VISIBLE:QUALIFY																															PRETYPE:2,EQMOD=IntItemBase,EQMOD=IntItemPurpose	BONUS:VAR|MagicItemEgo|2		ABILITY:Intelligent Item|AUTOMATIC|EQMOD ~ PurposePower_CastSevenAtWill
Int Item / Dedicated True resurrection on wielder	KEY:PurposePower_TrueRes		NAMEOPT:NOTHING					COST:200000	VISIBLE:QUALIFY																															PRETYPE:2,EQMOD=IntItemBase,EQMOD=IntItemPurpose	BONUS:VAR|MagicItemEgo|2		ABILITY:Intelligent Item|AUTOMATIC|Dedicated Power ~ True Resurrection
# End EQMODs
