# CVS $Revision$ $Author$ -- Sun Sep 15 19:22:02 2013 -- reformated by prettylst.pl v1.50 (build 20400)
SOURCELONG:Core Rulebook	SOURCESHORT:CRB	SOURCEWEB:http://paizo.com/store/downloads/pathfinder/pathfinderRPG/v5748btpy88yj	SOURCEDATE:2009-08
# Original RSRD Entry by: PCGen Data Team
# Original Entry by: Stefan Radermacher


# Ability Name			Category of Ability	Define
Default				CATEGORY:Internal

CATEGORY=Internal|Default.MOD					DEFINE:DomainNotAllowed|0
#CATEGORY=Internal|Default.MOD	ABILITY:Natural Attack|AUTOMATIC|Natural Attack ~ Shield Bash|PREWEAPONPROF:1,Shieldbash|PREEQUIP:1,TYPE=Shield

###Block: Abilities
# Ability Name	Category of Ability		Type								Visible
Tongues		CATEGORY:Special Ability	TYPE:SpecialQuality.Supernatural.Communicate	VISIBLE:YES

###Block: Specials
# Ability Name	Category of Ability		Type				Visible	Define			Description																																																	Save checks bonus							Combat bonus				Bonus to HP					Bonus to skill																		Source Page
Negative Levels	CATEGORY:Special Ability	TYPE:SpecialQuality	VISIBLE:YES	DEFINE:NegLevels|0	DESC:%1 negative level (-%1 effective level and loses access to %1 spell from the highest spell level castable)|NegLevels|PREVARLTEQ:NegLevels,1	DESC:%1 negative levels (-%1 effective levels and loses access to %1 spells from the highest spell level castable)|NegLevels|PREVARGT:NegLevels,1	BONUS:CHECKS|Fortitude,Reflex,Will|-1*(NegLevels)	BONUS:COMBAT|TOHIT|-1*(NegLevels)	BONUS:HP|CURRENTMAX|-5*(NegLevels)	BONUS:SKILL|TYPE=Strength,TYPE=Dexterity,TYPE=Constitution,TYPE=Intelligence,TYPE=Wisdom,TYPE=Charisma|-1*(NegLevels)	SOURCEPAGE:p.562


###Block: COMMENT: This activates the OS and Displays on the PDF.
# Ability Name								Category of Ability	Type				Define																																																									Ability							Modify VAR																																																																																Aspects
Natural Attack ~ Shield Bash						CATEGORY:Natural Attack	TYPE:NaturalAttack	DEFINE:ShieldBashingDieSizeStep|0	DEFINE:NaturalShieldReach|REACH.VAL	DEFINE:ShieldBashAttackBonus|0	DEFINE:ShieldDamageDice|0	DEFINE:ShieldDamageSize|0	DEFINE:ShieldBashDamageBonus|0	DEFINE:ShieldThreatRange|0	DEFINE:ShieldBashAttackTotal|BAB+STR+ShieldBashAttackBonus	DEFINE:InterativeAttack|1	DEFINE:ShieldCritMult|2	ABILITY:Internal|AUTOMATIC|Shield Bash Stats	BONUS:VAR|ShieldThreatRange|20	BONUS:VAR|ShieldBashAttackBonus|1|PREFEAT:1,Weapon Focus (Shieldbash)	BONUS:VAR|ShieldBashAttackBonus|1|PREFEAT:1,Greater Weapon Focus (Shieldbash)	BONUS:VAR|ShieldBashDamageBonus|2|PREFEAT:1,Weapon Specialization (Shieldbash)	BONUS:VAR|ShieldBashDamageBonus|2|PREFEAT:1,Greater Weapon Specialization (Shieldbash)	BONUS:VAR|InterativeAttack|1|PREATT:6	BONUS:VAR|InterativeAttack|1|PREATT:11	BONUS:VAR|InterativeAttack|1|PREATT:16

CATEGORY=Natural Attack|Natural Attack ~ Shield Bash.MOD																																																																																																																																																												ASPECT:NaturalAttackName|Shield Bash (Light)|PREEQUIP:1,TYPE=Shield.Light	ASPECT:NaturalAttackName|Shield Bash (Heavy)|PREEQUIP:1,TYPE=Shield.Heavy	ASPECT:NaturalAttackToHit|+%1|ShieldBashAttackTotal|PREVAREQ:InterativeAttack,1	ASPECT:NaturalAttackToHit|+%1/+%2|ShieldBashAttackTotal|ShieldBashAttackTotal-5|PREVAREQ:InterativeAttack,2	ASPECT:NaturalAttackToHit|+%1/+%2/+%3|ShieldBashAttackTotal|ShieldBashAttackTotal-5|ShieldBashAttackTotal-10|PREVAREQ:InterativeAttack,3	ASPECT:NaturalAttackToHit|+%1/+%2/+%3/+%4|ShieldBashAttackTotal|ShieldBashAttackTotal-5|ShieldBashAttackTotal-10|ShieldBashAttackTotal-15|PREVAREQ:InterativeAttack,4	ASPECT:NaturalAttackDamage|%1d%2|ShieldDamageDice|ShieldDamageSize	ASPECT:NaturalAttackDamageBonus|%1|STR+ShieldBashDamageBonus	ASPECT:NaturalAttackReach|%1 ft.|NaturalShieldReach	ASPECT:NaturalAttackType|Lethal	ASPECT:NaturalAttackThreatRange|%1/x%2|ShieldThreatRange|ShieldCritMult

###Block: COMMENT: This Controls Damage of the Shield
# Ability Name	Category of Ability	Modify VAR
Shield Bash Stats	CATEGORY:Internal		BONUS:VAR|ShieldDamageDice|1|TYPE=Base	BONUS:VAR|ShieldBashAttackBonus|-4|!PREFEAT:1,Shield Mastery,Shield Master

###Block: COMMENT: Size is Medium
# Ability Name					Modify VAR
CATEGORY=Internal|Shield Bash Stats.MOD	BONUS:VAR|ShieldBashingDieSizeStep|3|TYPE=ShieldSize|PREMULT:2,[PRESIZEEQ:M],[PREEQUIP:1,TYPE=Shield.Light]	BONUS:VAR|ShieldBashingDieSizeStep|4|TYPE=ShieldSize|PREMULT:2,[PRESIZEEQ:M],[PREEQUIP:1,TYPE=Shield.Heavy]

###Block: COMMENT: Size is Small
# Ability Name					Modify VAR
CATEGORY=Internal|Shield Bash Stats.MOD	BONUS:VAR|ShieldBashingDieSizeStep|2|TYPE=ShieldSize|PREMULT:2,[PRESIZEEQ:S],[PREEQUIP:1,TYPE=Shield.Light]	BONUS:VAR|ShieldBashingDieSizeStep|3|TYPE=ShieldSize|PREMULT:2,[PRESIZEEQ:S],[PREEQUIP:1,TYPE=Shield.Heavy]


###Block:
# Ability Name					Ability
CATEGORY=Internal|Shield Bash Stats.MOD	ABILITY:Internal|AUTOMATIC|Shield Bash 1d1|PREVAREQ:ShieldBashingDieSizeStep,1
CATEGORY=Internal|Shield Bash Stats.MOD	ABILITY:Internal|AUTOMATIC|Shield Bash 1d2|PREVAREQ:ShieldBashingDieSizeStep,2
CATEGORY=Internal|Shield Bash Stats.MOD	ABILITY:Internal|AUTOMATIC|Shield Bash 1d3|PREVAREQ:ShieldBashingDieSizeStep,3
CATEGORY=Internal|Shield Bash Stats.MOD	ABILITY:Internal|AUTOMATIC|Shield Bash 1d4|PREVAREQ:ShieldBashingDieSizeStep,4
CATEGORY=Internal|Shield Bash Stats.MOD	ABILITY:Internal|AUTOMATIC|Shield Bash 1d6|PREVAREQ:ShieldBashingDieSizeStep,5
CATEGORY=Internal|Shield Bash Stats.MOD	ABILITY:Internal|AUTOMATIC|Shield Bash 1d8|PREVAREQ:ShieldBashingDieSizeStep,6
CATEGORY=Internal|Shield Bash Stats.MOD	ABILITY:Internal|AUTOMATIC|Shield Bash 2d6|PREVAREQ:ShieldBashingDieSizeStep,7
CATEGORY=Internal|Shield Bash Stats.MOD	ABILITY:Internal|AUTOMATIC|Shield Bash 3d6|PREVAREQ:ShieldBashingDieSizeStep,8
CATEGORY=Internal|Shield Bash Stats.MOD	ABILITY:Internal|AUTOMATIC|Shield Bash 4d6|PREVAREQ:ShieldBashingDieSizeStep,9
CATEGORY=Internal|Shield Bash Stats.MOD	ABILITY:Internal|AUTOMATIC|Shield Bash 6d6|PREVAREQ:ShieldBashingDieSizeStep,10
CATEGORY=Internal|Shield Bash Stats.MOD	ABILITY:Internal|AUTOMATIC|Shield Bash 8d6|PREVAREQ:ShieldBashingDieSizeStep,11
CATEGORY=Internal|Shield Bash Stats.MOD	ABILITY:Internal|AUTOMATIC|Shield Bash 12d6|PREVAREQ:ShieldBashingDieSizeStep,12



###Block: Damage Base
# Ability Name	Category of Ability	Modify VAR
Shield Bash 1d1	CATEGORY:Internal		BONUS:VAR|ShieldDamageSize|1
Shield Bash 1d2	CATEGORY:Internal		BONUS:VAR|ShieldDamageSize|2
Shield Bash 1d3	CATEGORY:Internal		BONUS:VAR|ShieldDamageSize|3
Shield Bash 1d4	CATEGORY:Internal		BONUS:VAR|ShieldDamageSize|4
Shield Bash 1d6	CATEGORY:Internal		BONUS:VAR|ShieldDamageSize|6
Shield Bash 1d8	CATEGORY:Internal		BONUS:VAR|ShieldDamageSize|8
Shield Bash 1d10	CATEGORY:Internal		BONUS:VAR|ShieldDamageSize|10
Shield Bash 1d12	CATEGORY:Internal		BONUS:VAR|ShieldDamageSize|12
#
Shield Bash 2d6	CATEGORY:Internal		BONUS:VAR|ShieldDamageSize|6	BONUS:VAR|ShieldDamageDice|1
Shield Bash 3d6	CATEGORY:Internal		BONUS:VAR|ShieldDamageSize|6	BONUS:VAR|ShieldDamageDice|2
Shield Bash 4d6	CATEGORY:Internal		BONUS:VAR|ShieldDamageSize|6	BONUS:VAR|ShieldDamageDice|3
Shield Bash 6d6	CATEGORY:Internal		BONUS:VAR|ShieldDamageSize|6	BONUS:VAR|ShieldDamageDice|5
Shield Bash 8d6	CATEGORY:Internal		BONUS:VAR|ShieldDamageSize|6	BONUS:VAR|ShieldDamageDice|7
Shield Bash 12d6	CATEGORY:Internal		BONUS:VAR|ShieldDamageSize|6	BONUS:VAR|ShieldDamageDice|11
