# CVS $Revision$ $Author$ -- Mon Sep 15 21:55:54 2014 -- reformated by prettylst.pl v1.51 (build 25129)


###Block: Expert Class Skills
# Ability Name		Category of Ability		Type						Visible		Stackable?	Multiple?	Choose					Class Skill
Expert Class Skills	CATEGORY:Special Ability	TYPE:Internal.ExpertClassSkills	VISIBLE:DISPLAY	STACK:NO	MULT:YES	CHOOSE:SKILL|CLASS|CROSSCLASS		CSKILL:LIST
Expert Exclusive Skills	CATEGORY:Special Ability	TYPE:Internal.ExpertClassSkills	VISIBLE:DISPLAY	STACK:NO	MULT:YES	CHOOSE:NUMCHOICES=2|SKILL|EXCLUSIVE	CSKILL:LIST


###Block: Arcane Archer Abilities
# Ability Name	Category of Ability		Type						Visible	Define			Description			Aspects
Enchant Arrow	CATEGORY:Special Ability	TYPE:SpecialQuality.AttackOption	VISIBLE:YES	DEFINE:EnchantArrow|0	DESC:+%1|EnchantArrow	ASPECT:Ability Benefit|+%1|EnchantArrow
Imbue Arrow		CATEGORY:Special Ability	TYPE:SpecialQuality.AttackOption	VISIBLE:YES
Seeker Arrow	CATEGORY:Special Ability	TYPE:SpecialQuality.AttackOption	VISIBLE:YES
Phase Arrow		CATEGORY:Special Ability	TYPE:SpecialQuality.AttackOption	VISIBLE:YES
Hail of Arrows	CATEGORY:Special Ability	TYPE:SpecialAttack.AttackOption	VISIBLE:YES
Arrow of Death	CATEGORY:Special Ability	TYPE:SpecialAttack.AttackOption	VISIBLE:YES


###Block: Assassin Abilities
# Ability Name	Category of Ability		Type						Visible	Define			Description					Aspects
Death Attack	CATEGORY:Special Ability	TYPE:SpecialAttack			VISIBLE:YES	DEFINE:DeathAttackDC|0	DESC:DC %%|DeathAttackDC
Poison Use		CATEGORY:Special Ability	TYPE:SpecialQuality.Extraordinary	VISIBLE:YES
Save vs Poison	CATEGORY:Special Ability	TYPE:SpecialQuality			VISIBLE:YES	DEFINE:PoisonSave|0	DESC:+%1 vs. Poison|PoisonSave	ASPECT:Ability Bonus|+%1|PoisonSave


###Block:Archmage High Arcana Class Abilities ---------------------------------------------------------------------------------------
# Archmage abilities needs new PRE tag of PRESPELLSLOT that would function as PRESPELLSLOT:1,8 meaning that character must have 1 8th level spell slot
# Ability Name			Output Name			Category of Ability		Type										Visible	Required Class		Req. Spell Type		Define			Description																												Stackable?	Multiple?	Choose							Bonus to spell cast/day				Modify VAR																	Source Page				Benefits
Arcane Fire								CATEGORY:Special Ability	TYPE:ClassAbility.HighArcana.Supernatural.SpecialAttack	VISIBLE:YES	PRECLASS:1,Archmage=1	PRESPELLTYPE:1,Arcane=9					DESC:You change arcane spell energy into arcane fire, manifesting it as a bolt of raw magical energy.															MULT:YES	CHOOSE:CLASS|PC[SpellType=Arcane]			BONUS:SPELLCAST|CLASS=%LIST;LEVEL=9|-1																			SOURCEPAGE:PrestigeClasses	BENEFIT:The archmage gains the ability to change arcane spell energy into arcane fire, manifesting it as a bolt of raw magical energy. The bolt is a ranged touch attack with long range (400 feet + 40 feet/level of archmage) that deals 1d6 points of damage per class level of the archmage plus 1d6 points of damage per level of the spell used to create the effect. This ability costs one 9th-level spell slot.
Arcane Reach							CATEGORY:Special Ability	TYPE:ClassAbility.HighArcana.Supernatural.SpecialAttack	VISIBLE:YES	PRECLASS:1,Archmage=1	PRESPELLTYPE:1,Arcane=7	DEFINE:ArcaneReach|0	DESC:You can use spells with a range of touch on a target up to %1 feet away.|ArcaneReach															STACK:YES	MULT:YES	CHOOSE:NUMCHOICES=2|CLASS|PC[SpellType=Arcane]	BONUS:SPELLCAST|CLASS=%LIST;LEVEL=7|-1	BONUS:VAR|ArcaneReach|30*count("ABILITIES","CATEGORY=Special Ability","NAME=Arcane Reach")|TYPE=ArcaneReach	SOURCEPAGE:PrestigeClasses	BENEFIT:The archmage can use spells with a range of touch on a target up to 30 feet away. The archmage must make a ranged touch attack. Arcane reach can be selected a second time as a special ability, in which case the range increases to 60 feet. This ability costs one 7th-level spell slot.
Mastery of Counterspelling					CATEGORY:Special Ability	TYPE:ClassAbility.HighArcana.SpecialQuality			VISIBLE:YES	PRECLASS:1,Archmage=1	PRESPELLTYPE:1,Arcane=7					DESC:When you counterspell a spell, it is turned back upon the caster as if it were fully affected by a spell turning spell.											MULT:YES	CHOOSE:CLASS|PC[SpellType=Arcane]			BONUS:SPELLCAST|CLASS=%LIST;LEVEL=7|-1																			SOURCEPAGE:PrestigeClasses	BENEFIT:When the archmage counterspells a spell, it is turned back upon the caster as if it were fully affected by a spell turning spell. If the spell cannot be affected by spell turning, then it is merely counterspelled. This ability costs one 7th-level spell slot.
Mastery of Elements						CATEGORY:Special Ability	TYPE:ClassAbility.HighArcana.SpecialQuality			VISIBLE:YES	PRECLASS:1,Archmage=1	PRESPELLTYPE:1,Arcane=8					DESC:You can alter an arcane spell when cast so that it utilizes a different element from the one it normally uses.												MULT:YES	CHOOSE:CLASS|PC[SpellType=Arcane]			BONUS:SPELLCAST|CLASS=%LIST;LEVEL=8|-1																			SOURCEPAGE:PrestigeClasses	BENEFIT:The archmage can alter an arcane spell when cast so that it utilizes a different element from the one it normally uses. This ability can only alter a spell with the acid, cold, fire, electricity, or sonic descriptor. The spell's casting time is unaffected. The caster decides whether to alter the spell's energy type and chooses the new energy type when he begins casting. This ability costs one 8th-level spell slot.
Mastery of Shaping						CATEGORY:Special Ability	TYPE:ClassAbility.HighArcana.SpecialQuality			VISIBLE:YES	PRECLASS:1,Archmage=1	PRESPELLTYPE:1,Arcane=6					DESC:You can alter area and effect spells that use one of the following shapes: burst, cone, cylinder, emanation, or spread.											MULT:YES	CHOOSE:CLASS|PC[SpellType=Arcane]			BONUS:SPELLCAST|CLASS=%LIST;LEVEL=6|-1																			SOURCEPAGE:PrestigeClasses	BENEFIT:The archmage can alter area and effect spells that use one of the following shapes: burst, cone, cylinder, emanation, or spread. The alteration consists of creating spaces within the spell's area or effect that are not subject to the spell. The minimum dimension for these spaces is a 5-foot cube. Furthermore, any shapeable spells have a minimum dimension of 5 feet instead of 10 feet. This ability costs one 6th-level spell slot.
Archmage Spell Power		OUTPUTNAME:Spell Power	CATEGORY:Special Ability	TYPE:ClassAbility.HighArcana.SpecialQuality			VISIBLE:YES	PRECLASS:1,Archmage=1	PRESPELLTYPE:1,Arcane=5					DESC:Your effective caster level increases by +1 (for purposes of determining level-dependent spell variables such as damage dice or range, and caster level checks only).			MULT:YES	CHOOSE:CLASS|PC[SpellType=Arcane]			BONUS:SPELLCAST|CLASS=%LIST;LEVEL=5|-1																			SOURCEPAGE:PrestigeClasses	BENEFIT:This ability increases the archmage's effective caster level by +1 (for purposes of determining level-dependent spell variables such as damage dice or range, and caster level checks only). This ability costs one 5th-level spell slot.
#Needs alot of work -- Needs a way to dynamicly select a spell from spelllist and then get the level and class of the spell for removal of the spell slot
Spell-Like Ability						CATEGORY:Special Ability	TYPE:ClassAbility.HighArcana.SpellLike.SpecialAttack		VISIBLE:YES	PRECLASS:1,Archmage=1	PRESPELLTYPE:1,Arcane=5	DEFINE:ArchmageSLA|0	DESC:You permanently prepare the selected arcane spells as spell-like abilities that can be used twice per day.											STACK:NO	MULT:YES	CHOOSE:SPELLS|SPELLTYPE=Arcane[KNOWN=YES]									BONUS:VAR|ArchmageSLA|1															SOURCEPAGE:PrestigeClasses	BENEFIT:An archmage who selects this type of high arcana can use one of her arcane spell slots (other than a slot expended to learn this or any other type of high arcana) to permanently prepare one of her arcane spells as a spell-like ability that can be used twice per day. The archmage does not use any components when casting the spell, although a spell that costs XP to cast still does so and a spell with a costly material component instead costs her 10 times that amount in XP. This ability costs one 5th-level spell slot. The spell-like ability normally uses a spell slot of the spell's level, although the archmage can choose to make a spell modified by a metamagic feat into a spell-like ability at the appropriate spell level. The archmage may use an available higher-level spell slot in order to use the spell-like ability more often. Using a slot three levels higher than the chosen spell allows her to use the spell-like ability four times per day, and a slot six levels higher lets her use it six times per day. If spell-like ability is selected more than one time as a high arcana choice, this ability can apply to the same spell chosen the first time (increasing the number of times per day it can be used) or to a different spell.
Spell-Like Ability Selection					CATEGORY:Special Ability																																																								MULT:YES	CHOOSE:CLASS|PC[SpellType=Arcane]			BONUS:SPELLCAST|CLASS=%LIST;LEVEL=5|-1


###Block: Blackguard Abilities
# Ability Name		Category of Ability		Type							Visible	Define				Innate Spells											Save bonus
Fiendish Servant		CATEGORY:Special Ability	TYPE:SpecialQuality				VISIBLE:YES	DEFINE:FiendishServantLVL|0
Undead Companion		CATEGORY:Special Ability	TYPE:SpecialQuality				VISIBLE:YES	DEFINE:UndeadCompanionLVL|0
Fiendish Summoning	CATEGORY:Special Ability	TYPE:SpecialQuality				VISIBLE:YES
Dark Blessing		CATEGORY:Special Ability	TYPE:SpecialQuality.Supernatural		VISIBLE:YES																			BONUS:SAVE|Reflex,Fortitude,Will|max(CHA,0)
Detect Good			CATEGORY:Special Ability	TYPE:SpecialQuality.SpellLike			VISIBLE:YES	DEFINE:DetectGoodLevel|0	SPELLS:Class|TIMES=ATWILL|CASTERLEVEL=DetectGoodLevel|Detect Good,11+CHA
Aura of Despair		CATEGORY:Special Ability	TYPE:SpecialQuality.Supernatural.Aura	VISIBLE:YES


###Block: Dwarven Defender Abilities
# Ability Name		Category of Ability		Type					Visible	Define												Description																										Modify VAR																Source Page				Aspects								Temporary Bonus
Defensive Stance		CATEGORY:Special Ability	TYPE:SpecialQuality.ModifyAC	VISIBLE:YES	DEFINE:DefensiveStanceTimes|0									DESC:%1 times per day|DefensiveStanceTimes																																					SOURCEPAGE:PrestigeClasses	ASPECT:Ability Benefit|%1/day|DefensiveStanceTimes	TEMPBONUS:PC|SAVE|ALL|2|TYPE=Resistance	TEMPBONUS:PC|COMBAT|AC|4|TYPE=Dodge	TEMPBONUS:PC|STAT|STR|2	TEMPBONUS:PC|STAT|CON|4
Defensive Awareness	CATEGORY:Special Ability	TYPE:SpecialQuality.ModifyAC	VISIBLE:YES	DEFINE:UncannyDodge|0	DEFINE:ImprovedUncannyDodge|0	DEFINE:UncannyTraps|0	DESC:Dex bonus to AC|PREVARGT:UncannyDodge,0	DESC:Can't be flanked|PREVARGT:ImprovedUncannyDodge,0	DESC:+%1 against traps|UncannyTraps|PREVARGT:UncannyTraps,0	BONUS:VAR|ImprovedUncannyDodge|max(UncannyDodge-1,0)	BONUS:VAR|UncannyTraps|max(UncannyDodge-2,0)


###Block: Loremaster Abilities
# Ability Name			Category of Ability		Type							Visible	Var. Min. Value			Define			Description			Stackable?	Multiple?	Choose					Bonus Ability Pool		Combat bonus			Bonus to HP			Save bonus				Bonus to skill rank	Bonus to spell cast/day				Source Page						Aspects
Secret Lore				CATEGORY:Special Ability	TYPE:SpecialQuality				VISIBLE:YES						DEFINE:SecretLore|0	DESC:+%1|SecretLore																																																ASPECT:Ability Benefit|+%1|SecretLore
Lore					CATEGORY:Special Ability	TYPE:SpecialQuality				VISIBLE:YES
Greater Lore			CATEGORY:Special Ability	TYPE:SpecialQuality.Extraordinary		VISIBLE:YES
True Lore				CATEGORY:Special Ability	TYPE:SpecialQuality.Extraordinary		VISIBLE:YES
# Loremaster Secrets
Instant Mastery			CATEGORY:Special Ability	TYPE:SpecialQuality.LoremasterSecret	VISIBLE:YES	PREVARGTEQ:SecretLore,1										STACK:NO	MULT:YES	CHOOSE:NUMCHOICES=1|SKILL|NORANK																				BONUS:SKILLRANK|LIST|4								SOURCEPAGE:srdbasiccharacterclassesi
Secret Health			CATEGORY:Special Ability	TYPE:SpecialQuality.LoremasterSecret	VISIBLE:YES	PREVARGTEQ:SecretLore,2																														BONUS:HP|CURRENTMAX|3																	SOURCEPAGE:srdbasiccharacterclassesi
Secrets of Inner Strength	CATEGORY:Special Ability	TYPE:SpecialQuality.LoremasterSecret	VISIBLE:YES	PREVARGTEQ:SecretLore,3																																		BONUS:SAVE|BASE.Will|2													SOURCEPAGE:srdbasiccharacterclassesi
The Lore of True Stamina	CATEGORY:Special Ability	TYPE:SpecialQuality.LoremasterSecret	VISIBLE:YES	PREVARGTEQ:SecretLore,4																																		BONUS:SAVE|BASE.Fortitude|2												SOURCEPAGE:srdbasiccharacterclassesi
Secret Knowledge of Avoidance	CATEGORY:Special Ability	TYPE:SpecialQuality.LoremasterSecret	VISIBLE:YES	PREVARGTEQ:SecretLore,5																																		BONUS:SAVE|BASE.Reflex|2												SOURCEPAGE:srdbasiccharacterclassesi
Weapon Trick			CATEGORY:Special Ability	TYPE:SpecialQuality.LoremasterSecret	VISIBLE:YES	PREVARGTEQ:SecretLore,6																									BONUS:COMBAT|BASEAB|1																						SOURCEPAGE:srdbasiccharacterclassesi
Dodge Trick				CATEGORY:Special Ability	TYPE:SpecialQuality.LoremasterSecret	VISIBLE:YES	PREVARGTEQ:SecretLore,7																									BONUS:COMBAT|AC|1|TYPE=Dodge																					SOURCEPAGE:srdbasiccharacterclassesi
Applicable Knowledge		CATEGORY:Special Ability	TYPE:SpecialQuality.LoremasterSecret	VISIBLE:YES	PREVARGTEQ:SecretLore,8																				BONUS:ABILITYPOOL|FEAT|1																										SOURCEPAGE:srdbasiccharacterclassesi
Newfound Arcana			CATEGORY:Special Ability	TYPE:SpecialQuality.LoremasterSecret	VISIBLE:YES	PREVARGTEQ:SecretLore,9										STACK:NO	MULT:YES	CHOOSE:CLASS|PC[SPELLCASTER]																									BONUS:SPELLCAST|CLASS=%LIST;LEVEL=1|1	SOURCEPAGE:srdbasiccharacterclassesii
More Newfound Arcana		CATEGORY:Special Ability	TYPE:SpecialQuality.LoremasterSecret	VISIBLE:YES	PREVARGTEQ:SecretLore,10									STACK:NO	MULT:YES	CHOOSE:CLASS|PC[SPELLCASTER]																									BONUS:SPELLCAST|CLASS=%LIST;LEVEL=2|1	SOURCEPAGE:srdbasiccharacterclassesii

###Block: Shadowdancer Abilities
# Ability Name		Category of Ability		Type						Visible	Define				Description			Aspects
Hide in Plain Sight	CATEGORY:Special Ability	TYPE:SpecialQuality.Supernatural	VISIBLE:YES
Shadow Illusion		CATEGORY:Special Ability	TYPE:SpecialQuality			VISIBLE:YES
Summon Shadow		CATEGORY:Special Ability	TYPE:SpecialQuality			VISIBLE:YES	DEFINE:ShadowCompanionLVL|0
Shadow Jump			CATEGORY:Special Ability	TYPE:SpecialQuality			VISIBLE:YES	DEFINE:ShadowJump|0		DESC:%1 feet|ShadowJump	ASPECT:Ability Benefit|(%1 ft.)|ShadowJump
