# CVS $Revision: $ $Author: $ -- Wed Sep  4 09:03:26 2013 -- reformated by prettylst.pl v1.50 (build 20400)
# Original Entry By: W. Robert 'Mynex' Reed III
# Entry Date: August 2013
SOURCELONG:Bestiary 3	SOURCESHORT:B3	SOURCEWEB:http://paizo.com/products/btpy8odu?Pathfinder-Roleplaying-Game-Bestiary-3


STARTPACK:Yithian Default	TYPE:DefaultMonster.AlienLifeForm	VISIBLE:QUALIFY	EQUIPBUY:0	PREMULT:1,[PRERACE:1,Yithian],[!PRERACE:1,%]	SOURCEPAGE:p.286
ALIGN:LN
RACE:Yithian	!PRERACE:1,%
NAME:Yithian
STAT:STR=10|DEX=11|CON=11|INT=10|WIS=11|CHA=10
SKILL:Climb				RANK:14
SKILL:Diplomacy			RANK:18
SKILL:Heal				RANK:18
SKILL:Knowledge (Arcana)	RANK:24
SKILL:Knowledge (Engineering)	RANK:24
SKILL:Knowledge (Geography)	RANK:24
SKILL:Knowledge (History)	RANK:24
SKILL:Knowledge (Planes)	RANK:24
SKILL:Linguistics			RANK:24
SKILL:Perception			RANK:25
SKILL:Sense Motive		RANK:22
SKILL:Use Magic Device		RANK:18
FEAT:Alertness
FEAT:Combat Expertise
FEAT:Great Fortitude
FEAT:Improved Great Fortitude
FEAT:Improved Iron Will
FEAT:Iron Will
FEAT:Vital Strike


STARTPACK:Yuki-Onna Default	TYPE:DefaultMonster	VISIBLE:QUALIFY	EQUIPBUY:0	PREMULT:1,[PRERACE:1,Yuki-Onna],[!PRERACE:1,%]	SOURCEPAGE:p.287
ALIGN:LE
RACE:Yuki-Onna	!PRERACE:1,%
NAME:Yuki-Onna
STAT:STR=10|DEX=10|CON=10|INT=11|WIS=11|CHA=10
SKILL:Bluff			RANK:15
SKILL:Fly			RANK:12
SKILL:Intimidate		RANK:18
SKILL:Perception		RANK:17
SKILL:Sense Motive	RANK:17
SKILL:Spellcraft		RANK:15
SKILL:Stealth		RANK:16
SKILL:Survival		RANK:14
FEAT:Combat Casting
FEAT:Dodge
FEAT:Improved Initiative
FEAT:Mobility
FEAT:Spring Attack


STARTPACK:Zoog Default	TYPE:DefaultMonster	VISIBLE:QUALIFY	EQUIPBUY:0	PREMULT:1,[PRERACE:1,Zoog],[!PRERACE:1,%]	SOURCEPAGE:p.288
ALIGN:CN
RACE:Zoog	!PRERACE:1,%
NAME:Zoog
STAT:STR=10|DEX=11|CON=10|INT=11|WIS=10|CHA=11
SKILL:Acrobatics	RANK:12
SKILL:Climb		RANK:12
SKILL:Perception	RANK:5
FEAT:Weapon Finesse


STARTPACK:Zuvembie Default	TYPE:DefaultMonster	VISIBLE:QUALIFY	EQUIPBUY:0	PREMULT:1,[PRERACE:1,Zuvembie],[!PRERACE:1,%]	SOURCEPAGE:p.289
ALIGN:NE
RACE:Zuvembie	!PRERACE:1,%
NAME:Zuvembie
STAT:STR=11|DEX=10|CON=10|INT=11|WIS=10|CHA=11
SKILL:Bluff				RANK:7
SKILL:Knowledge (Arcana)	RANK:8
SKILL:Perception			RANK:10
SKILL:Stealth			RANK:14
FEAT:Ability Focus (Corpse Call ~ Zuvembie)
FEAT:Dodge
FEAT:Toughness
