# CVS $Revision$ $Author$ -- Wed Mar 19 13:51:59 2008 -- reformated by prettylst.pl v1.38 (build 5225)
SOURCELONG:Darwin's World 2nd Edition	SOURCESHORT:DW2	SOURCEWEB:http://www.rpgobjects.com/index.php?page=dw

STARTPACK:Marionette Worm Default	VISIBLE:QUALIFY	EQUIPBUY:0	PREMULT:1,[PRERACE:1,Marionette Worm],[!PRERACE:1,%]
RACE:Marionette Worm	!PRERACE:1,%
NAME:Marionette Worm
STAT:STR=10|DEX=10|CON=10|INT=10|WIS=10|CHA=10
SKILL:Move Silently	RANK:5
SKILL:Spot			RANK:5

STARTPACK:Mongoliant Default	VISIBLE:QUALIFY	EQUIPBUY:0	PREMULT:1,[PRERACE:1,Mongoliant],[!PRERACE:1,%]
RACE:Mongoliant	!PRERACE:1,%
NAME:Mongoliant
STAT:STR=11|DEX=10|CON=11|INT=10|WIS=11|CHA=10
SKILL:Climb		RANK:2
SKILL:Intimidate	RANK:6
SKILL:Listen	RANK:1
SKILL:Spot		RANK:1
SKILL:Survival	RANK:1
ABILITY:CATEGORY=FEAT|Primitive Technology		FREE:YES
ABILITY:CATEGORY=FEAT|Archaic Weapons Proficiency	FREE:NO
ABILITY:CATEGORY=FEAT|Armor Proficiency (Light)	FREE:NO
ABILITY:CATEGORY=FEAT|Great Fortitude			FREE:NO
ABILITY:CATEGORY=FEAT|Weapon Focus (Greataxe)		FREE:NO
GEAR:Leather Armor	LOCATION:Equipped
GEAR:Greataxe		LOCATION:Carried

STARTPACK:Monstrous Cockroach (Medium) Default	VISIBLE:QUALIFY	EQUIPBUY:0	PREMULT:1,[PRERACE:1,Monstrous Cockroach],[!PRERACE:1,%]
RACE:Monstrous Cockroach	!PRERACE:1,%
NAME:Medium Monstrous Cockroach
STAT:STR=11|DEX=11|CON=10|INT=10|WIS=10|CHA=10
SKILL:Climb			RANK:3
SKILL:Hide			RANK:2
SKILL:Move Silently	RANK:2
SKILL:Spot			RANK:3

STARTPACK:Monstrous Cockroach (Large) Default	VISIBLE:QUALIFY	EQUIPBUY:0	PREMULT:1,[PRERACE:1,Monstrous Cockroach],[!PRERACE:1,%]
RACE:Monstrous Cockroach	!PRERACE:1,%
NAME:Large Monstrous Cockroach
CLASS:Vermin	LEVEL:2
STAT:STR=11|DEX=11|CON=10|INT=10|WIS=10|CHA=10
SKILL:Climb			RANK:3
SKILL:Hide			RANK:2
SKILL:Move Silently	RANK:2
SKILL:Spot			RANK:3
TEMPLATE:Large Size Cockroach

STARTPACK:Monstrous Cockroach (Huge) Default	VISIBLE:QUALIFY	EQUIPBUY:0	PREMULT:1,[PRERACE:1,Monstrous Cockroach],[!PRERACE:1,%]
RACE:Monstrous Cockroach	!PRERACE:1,%
NAME:Huge Monstrous Cockroach
CLASS:Vermin	LEVEL:8
STAT:STR=11|DEX=11|CON=10|INT=10|WIS=10|CHA=10
SKILL:Climb			RANK:3
SKILL:Hide			RANK:2
SKILL:Move Silently	RANK:2
SKILL:Spot			RANK:3
TEMPLATE:Huge Size Cockroach

STARTPACK:Monstrous Cockroach (Gargantuan) Default	VISIBLE:QUALIFY	EQUIPBUY:0	PREMULT:1,[PRERACE:1,Monstrous Cockroach],[!PRERACE:1,%]
RACE:Monstrous Cockroach	!PRERACE:1,%
NAME:Gargantuan Monstrous Cockroach
CLASS:Vermin	LEVEL:22
STAT:STR=11|DEX=11|CON=10|INT=10|WIS=10|CHA=10
SKILL:Climb			RANK:3
SKILL:Hide			RANK:2
SKILL:Move Silently	RANK:2
SKILL:Spot			RANK:3
TEMPLATE:Gargantuan Size Cockroach

STARTPACK:Monstrous Cockroach (Colossal) Default	VISIBLE:QUALIFY	EQUIPBUY:0	PREMULT:1,[PRERACE:1,Monstrous Cockroach],[!PRERACE:1,%]
RACE:Monstrous Cockroach	!PRERACE:1,%
NAME:Colossal Monstrous Cockroach
CLASS:Vermin	LEVEL:22
STAT:STR=11|DEX=11|CON=10|INT=10|WIS=10|CHA=10
SKILL:Climb			RANK:3
SKILL:Hide			RANK:2
SKILL:Move Silently	RANK:2
SKILL:Spot			RANK:3
TEMPLATE:Colossal Size Cockroach

STARTPACK:Mutagon Default	VISIBLE:QUALIFY	EQUIPBUY:0	PREMULT:1,[PRERACE:1,Mutagon],[!PRERACE:1,%]
RACE:Mutagon	!PRERACE:1,%
NAME:Mutagon
STAT:STR=10|DEX=11|CON=11|INT=10|WIS=11|CHA=10
SKILL:Listen	RANK:6
SKILL:Spot		RANK:6
ABILITY:CATEGORY=FEAT|Weapon Focus (Bite)	FREE:YES
ABILITY:CATEGORY=FEAT|Alertness			FREE:NO
ABILITY:CATEGORY=FEAT|Cleave				FREE:NO
ABILITY:CATEGORY=FEAT|Power Attack			FREE:NO

STARTPACK:Mutant Bug Default	VISIBLE:QUALIFY	EQUIPBUY:0	PREMULT:1,[PRERACE:1,Mutant Bug],[!PRERACE:1,%]
RACE:Mutant Bug	!PRERACE:1,%
NAME:Mutant Bug
STAT:STR=10|DEX=11|CON=11|INT=11|WIS=10|CHA=11
SKILL:Climb						RANK:2
SKILL:Computer Use				RANK:2
SKILL:Craft (Mechanical)			RANK:1
SKILL:Craft (Electronic)			RANK:1
SKILL:Decipher Script				RANK:2
SKILL:Disable Device				RANK:1
SKILL:Hide						RANK:2
SKILL:Knowledge (Earth and Life Sciences)	RANK:1
SKILL:Knowledge (Technology)			RANK:1
SKILL:Listen					RANK:2
SKILL:Move Silently				RANK:3
SKILL:Navigate					RANK:2
SKILL:Repair					RANK:2
SKILL:Research					RANK:2
SKILL:Search					RANK:1
SKILL:Spot						RANK:2
SKILL:Survival					RANK:2
ABILITY:CATEGORY=FEAT|Advanced Technology			FREE:YES
ABILITY:CATEGORY=FEAT|Alertness					FREE:NO
ABILITY:CATEGORY=FEAT|Archaic Weapons Proficiency		FREE:NO
ABILITY:CATEGORY=FEAT|Futuristic Firearm Proficiency		FREE:NO
GEAR:Multipurpose Tool			LOCATION:Carried
GEAR:Acid Rifle (Mutant Bug)		LOCATION:Carried
GEAR:Power Source (Power Clip)	QTY:2	LOCATION:Carried

STARTPACK:Night Terror Default	VISIBLE:QUALIFY	EQUIPBUY:0	PREMULT:1,[PRERACE:1,Night Terror],[!PRERACE:1,%]
RACE:Night Terror	!PRERACE:1,%
NAME:Night Terror
STAT:STR=10|DEX=10|CON=10|INT=10|WIS=10|CHA=10

STARTPACK:Othydog Default	VISIBLE:QUALIFY	EQUIPBUY:0	PREMULT:1,[PRERACE:1,Othydog],[!PRERACE:1,%]
RACE:Othydog	!PRERACE:1,%
NAME:Othydog
STAT:STR=10|DEX=10|CON=10|INT=10|WIS=10|CHA=10
SKILL:Listen	RANK:4
SKILL:Spot		RANK:4
ABILITY:CATEGORY=FEAT|Alertness	FREE:YES

STARTPACK:Othydont Default	VISIBLE:QUALIFY	EQUIPBUY:0	PREMULT:1,[PRERACE:1,Othydont],[!PRERACE:1,%]
RACE:Othydont	!PRERACE:1,%
NAME:Othydont
STAT:STR=10|DEX=10|CON=10|INT=10|WIS=11|CHA=10
SKILL:Listen	RANK:6
SKILL:Spot		RANK:4
ABILITY:CATEGORY=FEAT|Alertness	FREE:YES
ABILITY:CATEGORY=FEAT|Run		FREE:NO

STARTPACK:Pit Creature Default	VISIBLE:QUALIFY	EQUIPBUY:0	PREMULT:1,[PRERACE:1,Pit Creature],[!PRERACE:1,%]
RACE:Pit Creature	!PRERACE:1,%
NAME:Pit Creature
STAT:STR=11|DEX=10|CON=11|INT=11|WIS=11|CHA=11
SKILL:Hide		RANK:8
SKILL:Listen	RANK:8
SKILL:Spot		RANK:8
ABILITY:CATEGORY=FEAT|Improved Initiative	FREE:YES
ABILITY:CATEGORY=FEAT|Multiattack			FREE:YES

STARTPACK:Plantman Default	VISIBLE:QUALIFY	EQUIPBUY:0	PREMULT:1,[PRERACE:1,Plantman],[!PRERACE:1,%]
RACE:Plantman	!PRERACE:1,%
NAME:Plantman
STAT:STR=11|DEX=11|CON=11|INT=10|WIS=10|CHA=10
SKILL:Hide			RANK:1
SKILL:Move Silently	RANK:1
ABILITY:CATEGORY=Background|Plantman
GEAR:Shortspear	LOCATION:Carried
GEAR:Javelin	LOCATION:Carried

STARTPACK:Plantman (With Spores) Default	VISIBLE:QUALIFY	EQUIPBUY:0	PREMULT:1,[PRERACE:1,Plantman],[!PRERACE:1,%]
RACE:Plantman	!PRERACE:1,%
NAME:Plantman (Spore)
STAT:STR=11|DEX=11|CON=11|INT=10|WIS=10|CHA=10
SKILL:Hide			RANK:1
SKILL:Move Silently	RANK:1
ABILITY:CATEGORY=Background|Plantman
GEAR:Shortspear	LOCATION:Carried
GEAR:Javelin	LOCATION:Carried
TEMPLATE:Spore Plantman

STARTPACK:Probing Waddler Default	VISIBLE:QUALIFY	EQUIPBUY:0	PREMULT:1,[PRERACE:1,Probing Waddler],[!PRERACE:1,%]
RACE:Probing Waddler	!PRERACE:1,%
NAME:Probing Waddler
STAT:STR=10|DEX=11|CON=10|INT=10|WIS=10|CHA=10
SKILL:Hide			RANK:7
SKILL:Listen		RANK:3
SKILL:Spot			RANK:3
SKILL:Move Silently	RANK:2
SKILL:Swim			RANK:1
ABILITY:CATEGORY=FEAT|Improved Initiative	FREE:YES
ABILITY:CATEGORY=FEAT|Alertness			FREE:YES

STARTPACK:Prox Beast Default	VISIBLE:QUALIFY	EQUIPBUY:0	PREMULT:1,[PRERACE:1,Prox Beast],[!PRERACE:1,%]
RACE:Prox Beast	!PRERACE:1,%
NAME:Prox Beast
STAT:STR=11|DEX=10|CON=11|INT=11|WIS=10|CHA=10
SKILL:Listen	RANK:4
SKILL:Spot		RANK:2
ABILITY:CATEGORY=FEAT|Multiattack			FREE:YES

STARTPACK:Purple Angler Default	VISIBLE:QUALIFY	EQUIPBUY:0	PREMULT:1,[PRERACE:1,Purple Angler],[!PRERACE:1,%]
RACE:Purple Angler	!PRERACE:1,%
NAME:Purple Angler
STAT:STR=10|DEX=10|CON=11|INT=10|WIS=10|CHA=11
SKILL:Listen	RANK:5
SKILL:Spot		RANK:5
ABILITY:CATEGORY=FEAT|Improved Initiative	FREE:YES
ABILITY:CATEGORY=FEAT|Power Attack			FREE:YES

STARTPACK:Rad Wolf Default	VISIBLE:QUALIFY	EQUIPBUY:0	PREMULT:1,[PRERACE:1,Rad Wolf],[!PRERACE:1,%]
RACE:Rad Wolf	!PRERACE:1,%
NAME:Rad Wolf
STAT:STR=10|DEX=10|CON=11|INT=10|WIS=10|CHA=10
SKILL:Listen		RANK:4
SKILL:Move Silently	RANK:3
SKILL:Spot			RANK:4
SKILL:Survival		RANK:4

STARTPACK:Ratbite Default	VISIBLE:QUALIFY	EQUIPBUY:0	PREMULT:1,[PRERACE:1,Ratbite],[!PRERACE:1,%]
RACE:Ratbite	!PRERACE:1,%
NAME:Ratbite
STAT:STR=10|DEX=11|CON=11|INT=10|WIS=10|CHA=11
SKILL:Balance		RANK:1
SKILL:Hide			RANK:1
SKILL:Jump			RANK:3
SKILL:Move Silently	RANK:1
ABILITY:CATEGORY=FEAT|Weapon Finesse (Bite)	FREE:YES
ABILITY:CATEGORY=FEAT|Run				FREE:YES

STARTPACK:Rattlecharmer Default	VISIBLE:QUALIFY	EQUIPBUY:0	PREMULT:1,[PRERACE:1,Rattlecharmer],[!PRERACE:1,%]
RACE:Rattlecharmer	!PRERACE:1,%
NAME:Rattlecharmer
STAT:STR=10|DEX=10|CON=11|INT=10|WIS=10|CHA=10
SKILL:Balance	RANK:1
SKILL:Climb		RANK:1
SKILL:Hide		RANK:1
SKILL:Listen	RANK:3
SKILL:Spot		RANK:3
SKILL:Swim		RANK:1
ABILITY:CATEGORY=FEAT|Weapon Finesse (Bite)	FREE:YES

STARTPACK:Ravening Hound Default	VISIBLE:QUALIFY	EQUIPBUY:0	PREMULT:1,[PRERACE:1,Ravening Hound],[!PRERACE:1,%]
RACE:Ravening Hound	!PRERACE:1,%
NAME:Ravening Hound
STAT:STR=11|DEX=10|CON=11|INT=10|WIS=10|CHA=10
SKILL:Listen		RANK:4
SKILL:Move Silently	RANK:3
SKILL:Spot			RANK:4
SKILL:Survival		RANK:4

STARTPACK:Sandman Default	VISIBLE:QUALIFY	EQUIPBUY:0	PREMULT:1,[PRERACE:1,Sandman],[!PRERACE:1,%]
RACE:Sandman	!PRERACE:1,%
NAME:Sandman
STAT:STR=11|DEX=11|CON=11|INT=10|WIS=10|CHA=10
SKILL:Climb			RANK:1
SKILL:Hide			RANK:1
SKILL:Listen		RANK:1
SKILL:Move Silently	RANK:1
SKILL:Spot			RANK:1
ABILITY:CATEGORY=Background|Sandman
ABILITY:CATEGORY=FEAT|Improved Initiative		FREE:NO

STARTPACK:Screamer Default	VISIBLE:QUALIFY	EQUIPBUY:0	PREMULT:1,[PRERACE:1,Screamer],[!PRERACE:1,%]
RACE:Screamer	!PRERACE:1,%
NAME:Screamer
STAT:STR=10|DEX=10|CON=10|INT=10|WIS=10|CHA=10
SKILL:Listen	RANK:4
SKILL:Spot		RANK:4
ABILITY:CATEGORY=FEAT|Alertness				FREE:YES
ABILITY:CATEGORY=FEAT|Blind-Fight				FREE:YES

STARTPACK:Shadow Person Default	VISIBLE:QUALIFY	EQUIPBUY:0	PREMULT:1,[PRERACE:1,Shadow People],[!PRERACE:1,%]
RACE:Shadow People	!PRERACE:1,%
NAME:Shadow Person
STAT:STR=10|DEX=11|CON=11|INT=10|WIS=10|CHA=10
SKILL:Bluff				RANK:1
SKILL:Diplomacy			RANK:1
SKILL:Gather Information	RANK:1
SKILL:Hide				RANK:1
SKILL:Intimidate			RANK:1
SKILL:Listen			RANK:1
SKILL:Move Silently		RANK:1
SKILL:Sense Motive		RANK:1
SKILL:Spot				RANK:1
SKILL:Survival			RANK:1
ABILITY:CATEGORY=Background|Shadow Person
ABILITY:CATEGORY=FEAT|Archaic Weapons Proficiency	FREE:YES
ABILITY:CATEGORY=FEAT|Improved Initiative			FREE:YES
GEAR:Shield (Impromptu)	LOCATION:Equipped
GEAR:Falchion		LOCATION:Primary Hand
GEAR:Javelin		LOCATION:Carried

STARTPACK:Slime Mole Default	VISIBLE:QUALIFY	EQUIPBUY:0	PREMULT:1,[PRERACE:1,Slime Mole],[!PRERACE:1,%]
RACE:Slime Mole	!PRERACE:1,%
NAME:Slime Mole
STAT:STR=11|DEX=10|CON=10|INT=10|WIS=11|CHA=11
SKILL:Hide			RANK:4
SKILL:Listen		RANK:3
SKILL:Move Silently	RANK:3
SKILL:Spot			RANK:4
ABILITY:CATEGORY=FEAT|Alertness				FREE:YES
ABILITY:CATEGORY=FEAT|Stealthy				FREE:YES

STARTPACK:Slime Mole (Advanced) Default	VISIBLE:QUALIFY	EQUIPBUY:0	PREMULT:1,[PRERACE:1,Slime Mole],[!PRERACE:1,%]
RACE:Slime Mole	!PRERACE:1,%
NAME:Advanced Slime Mole
CLASS:Mutant Beast	LEVEL:6
STAT:STR=16|DEX=8|CON=14|INT=11|WIS=11|CHA=11
SKILL:Hide			RANK:3
SKILL:Listen		RANK:3
SKILL:Move Silently	RANK:3
SKILL:Spot			RANK:3
ABILITY:CATEGORY=FEAT|Alertness				FREE:YES
ABILITY:CATEGORY=FEAT|Power Attack				FREE:NO
ABILITY:CATEGORY=FEAT|Stealthy				FREE:YES

STARTPACK:Snoffle Hog Default	VISIBLE:QUALIFY	EQUIPBUY:0	PREMULT:1,[PRERACE:1,Snoffle Hog],[!PRERACE:1,%]
RACE:Snoffle Hog	!PRERACE:1,%
NAME:Snoffle Hog
STAT:STR=10|DEX=10|CON=10|INT=10|WIS=10|CHA=10
SKILL:Listen	RANK:5
SKILL:Spot		RANK:5
ABILITY:CATEGORY=FEAT|Improved Bull Rush		FREE:YES

STARTPACK:Terminal Default	VISIBLE:QUALIFY	EQUIPBUY:0	PREMULT:1,[PRERACE:1,Terminal],[!PRERACE:1,%]
RACE:Terminal	!PRERACE:1,%
NAME:Terminal
STAT:STR=10|DEX=11|CON=11|INT=10|WIS=11|CHA=10
SKILL:Hide		RANK:3
SKILL:Listen	RANK:3
SKILL:Spot		RANK:2
SKILL:Survival	RANK:4
ABILITY:CATEGORY=FEAT|Forsaken	FREE:YES
ABILITY:CATEGORY=FEAT|Iron Will	FREE:YES
ABILITY:CATEGORY=FEAT|Toughness	FREE:YES
GEAR:Shortspear	LOCATION:Primary Hand
GEAR:Javelin	LOCATION:Carried

STARTPACK:Terminal (Abortion) Default	VISIBLE:QUALIFY	EQUIPBUY:0	PREMULT:1,[PRERACE:1,Terminal (Abortion)],[!PRERACE:1,%]
RACE:Terminal (Abortion)	!PRERACE:1,%
NAME:Terminal (Abortion)
STAT:STR=10|DEX=10|CON=10|INT=10|WIS=10|CHA=10
SKILL:Hide		RANK:6
SKILL:Listen	RANK:4
SKILL:Spot		RANK:2
SKILL:Survival	RANK:4
ABILITY:CATEGORY=FEAT|Forsaken				FREE:YES

STARTPACK:Terrolops Default	VISIBLE:QUALIFY	EQUIPBUY:0	PREMULT:1,[PRERACE:1,Terrolops],[!PRERACE:1,%]
RACE:Terrolops	!PRERACE:1,%
NAME:Terrolops
STAT:STR=10|DEX=10|CON=10|INT=11|WIS=11|CHA=11
SKILL:Climb			RANK:2
SKILL:Hide			RANK:5
SKILL:Jump			RANK:2
SKILL:Listen		RANK:3
SKILL:Move Silently	RANK:3
SKILL:Spot			RANK:3
ABILITY:CATEGORY=FEAT|Cleave			FREE:NO
ABILITY:CATEGORY=FEAT|Multiattack		FREE:NO
ABILITY:CATEGORY=FEAT|Power Attack		FREE:NO

STARTPACK:Two-Headed Mutant Bear Default	VISIBLE:QUALIFY	EQUIPBUY:0	PREMULT:1,[PRERACE:1,Two-Headed Mutant Bear],[!PRERACE:1,%]
RACE:Two-Headed Mutant Bear	!PRERACE:1,%
NAME:Two-Headed Mutant Bear
STAT:STR=11|DEX=11|CON=11|INT=10|WIS=10|CHA=10
SKILL:Climb		RANK:10
SKILL:Listen	RANK:5
SKILL:Spot		RANK:5

STARTPACK:Underling Default	VISIBLE:QUALIFY	EQUIPBUY:0	PREMULT:1,[PRERACE:1,Underling],[!PRERACE:1,%]
RACE:Underling	!PRERACE:1,%
NAME:Underling
STAT:STR=10|DEX=11|CON=11|INT=11|WIS=10|CHA=10
SKILL:Hide			RANK:4
SKILL:Listen		RANK:1
SKILL:Move Silently	RANK:1
SKILL:Search		RANK:1
SKILL:Spot			RANK:1
SKILL:Survival		RANK:1
ABILITY:CATEGORY=FEAT|Simple Weapons Proficiency	FREE:YES
ABILITY:CATEGORY=FEAT|Primitive Technology		FREE:YES
ABILITY:CATEGORY=FEAT|Troglodyte	FREE:YES
GEAR:Longspear		LOCATION:Both Hands
GEAR:Dart			QTY:4	LOCATION:Carried
GEAR:Leather Armor	LOCATION:Equipped

STARTPACK:Utarn Default	VISIBLE:QUALIFY	EQUIPBUY:0	PREMULT:1,[PRERACE:1,Utarn],[!PRERACE:1,%]
RACE:Utarn	!PRERACE:1,%
NAME:Utarn
STAT:STR=11|DEX=11|CON=11|INT=11|WIS=10|CHA=11
SKILL:Hide	RANK:7
SKILL:Jump	RANK:7

STARTPACK:Utarn (Advanced) Default	VISIBLE:QUALIFY	EQUIPBUY:0	PREMULT:1,[PRERACE:1,Utarn],[!PRERACE:1,%]
RACE:Utarn	!PRERACE:1,%
NAME:Advanced Utarn
CLASS:Aberration (Basic)	LEVEL:4
STAT:STR=19|DEX=9|CON=15|INT=11|WIS=10|CHA=11
SKILL:Hide	RANK:7
SKILL:Jump	RANK:11
ABILITY:CATEGORY=FEAT|Weapon Focus (Bite)	FREE:NO

STARTPACK:Wild Man Default	VISIBLE:QUALIFY	EQUIPBUY:0	PREMULT:1,[PRERACE:1,Wild Man],[!PRERACE:1,%]
RACE:Wild Man	!PRERACE:1,%
NAME:Wild Man
STAT:STR=11|DEX=10|CON=10|INT=10|WIS=11|CHA=10
SKILL:Hide			RANK:5
SKILL:Jump			RANK:1
SKILL:Listen		RANK:1
SKILL:Move Silently	RANK:3
SKILL:Spot			RANK:1
ABILITY:CATEGORY=FEAT|Alertness	FREE:NO
ABILITY:CATEGORY=FEAT|Duck		FREE:YES
GEAR:Club		LOCATION:Primary Hand
GEAR:Javelin	LOCATION:Carried

STARTPACK:Winged One Default	VISIBLE:QUALIFY	EQUIPBUY:0	PREMULT:1,[PRERACE:1,Winged One],[!PRERACE:1,%]
RACE:Winged One	!PRERACE:1,%
NAME:Winged One
STAT:STR=11|DEX=10|CON=11|INT=10|WIS=11|CHA=10
SKILL:Hide		RANK:2
SKILL:Intimidate	RANK:4
SKILL:Navigate	RANK:3
SKILL:Search	RANK:4
SKILL:Spot		RANK:4
SKILL:Survival	RANK:4
ABILITY:CATEGORY=FEAT|Primitive Technology		FREE:YES
ABILITY:CATEGORY=FEAT|Archaic Weapons Proficiency	FREE:NO
ABILITY:CATEGORY=FEAT|Armor Proficiency (Light)		FREE:NO
ABILITY:CATEGORY=FEAT|Hover					FREE:NO
ABILITY:CATEGORY=FEAT|Wingover				FREE:NO
GEAR:Leather Armor	LOCATION:Equipped
GEAR:Longbow		LOCATION:Both Hands
GEAR:Arrow			QTY:24	LOCATION:Carried

STARTPACK:Plague Zombie Default	VISIBLE:QUALIFY	EQUIPBUY:0	PREMULT:1,[PRERACE:1,Zombie (Plague)],[!PRERACE:1,%]
RACE:Zombie (Plague)	!PRERACE:1,%
NAME:Zombie (Plague)
STAT:STR=11|DEX=10|CON=10|INT=10|WIS=10|CHA=11
