SOURCELONG:Rise of the Runelords Player's Guide	SOURCESHORT:ROTRPG	SOURCEWEB:http://paizo.com/pathfinder/adventurePath/riseOfTheRunelords/v5748btpy8bd9	SOURCEDATE:2007-08
# Original Entry by: Stefan Radermacher

STARTPACK:Goblin Default (Rise of the Runelords)	TYPE:DefaultMonster.Humanoid	VISIBLE:QUALIFY	EQUIPBUY:0	PREMULT:1,[!PRERACE:1,%],[PRERACE:1,Goblin]
RACE:Goblin	!PRERACE:1,%
NAME:Goblin
STAT:STR=13|DEX=11|CON=12|INT=10|WIS=9|CHA=8
ALIGN:NE
CLASS:Warrior	LEVEL:1
SKILL:Stealth	RANK:1
SKILL:Perception	RANK:1
FEAT:Alertness
GEAR:Leather			SIZE:PC	LOCATION:Equipped
GEAR:Shield (Light/Wooden)	SIZE:PC	LOCATION:Equipped
GEAR:Dogslicer			SIZE:PC	LOCATION:Primary Hand
GEAR:Javelin			SIZE:PC	LOCATION:Carried
ABILITY:CATEGORY=Favored Class|Warrior
ABILITY:CATEGORY=Favored Class Bonus|Bonus Hit Point

STARTPACK:Auroch Default	TYPE:DefaultMonster.Animal	VISIBLE:QUALIFY	EQUIPBUY:0	PREMULT:1,[!PRERACE:1,%],[PRERACE:1,Auroch]
RACE:Auroch	!PRERACE:1,%
NAME:Auroch
ALIGN:TN
SKILL:Perception	RANK:7
FEAT:Alertness
FEAT:Endurance
FEAT:Toughness
FEAT:Skill Focus (Perception)
STAT:STR=10|DEX=10|CON=10|INT=10|WIS=11|CHA=10

STARTPACK:Cindersnake Default	TYPE:DefaultMonster.Animal	VISIBLE:QUALIFY	EQUIPBUY:0	PREMULT:1,[!PRERACE:1,%],[PRERACE:1,Cindersnake]
RACE:Cindersnake	!PRERACE:1,%
NAME:Cindersnake
ALIGN:TN
SKILL:Stealth	RANK:2
FEAT:Weapon Finesse
STAT:STR=10|DEX=11|CON=11|INT=10|WIS=10|CHA=10

STARTPACK:Donkey Rat Default	TYPE:DefaultMonster.Animal	VISIBLE:QUALIFY	EQUIPBUY:0	PREMULT:1,[!PRERACE:1,%],[PRERACE:1,Donkey Rat]
RACE:Donkey Rat	!PRERACE:1,%
NAME:Donkey Rat
ALIGN:TN
SKILL:Perception	RANK:1
FEAT:Alertness
STAT:STR=10|DEX=11|CON=10|INT=10|WIS=10|CHA=10

STARTPACK:Fire Pelt Default	TYPE:DefaultMonster.Animal	VISIBLE:QUALIFY	EQUIPBUY:0	PREMULT:1,[!PRERACE:1,%],[PRERACE:1,Fire Pelt]
RACE:Fire Pelt	!PRERACE:1,%
NAME:Fire Pelt
ALIGN:TN
SKILL:Perception	RANK:3
FEAT:Alertness
FEAT:Weapon Finesse
STAT:STR=10|DEX=11|CON=11|INT=10|WIS=10|CHA=10

STARTPACK:Storm Roc Default	TYPE:DefaultMonster.Animal	VISIBLE:QUALIFY	EQUIPBUY:0	PREMULT:1,[!PRERACE:1,%],[PRERACE:1,Storm Roc]
RACE:Storm Roc	!PRERACE:1,%
NAME:Storm Roc
ALIGN:TN
SKILL:Perception	RANK:1
FEAT:Weapon Finesse
STAT:STR=10|DEX=11|CON=10|INT=10|WIS=10|CHA=10

STARTPACK:Auroch Companion	TYPE:DefaultMonster.Animal	VISIBLE:QUALIFY	EQUIPBUY:0	PREMULT:1,[!PRERACE:1,%],[PRERACE:1,Auroch]
RACE:Auroch	!PRERACE:1,%
ALIGN:TN
SKILL:Perception	RANK:7
FEAT:Alertness
FEAT:Endurance
FEAT:Toughness
FEAT:Skill Focus (Perception)
STAT:STR=10|DEX=10|CON=10|INT=10|WIS=11|CHA=10

STARTPACK:Cindersnake Companion	TYPE:DefaultMonster.Animal	VISIBLE:QUALIFY	EQUIPBUY:0	PREMULT:1,[!PRERACE:1,%],[PRERACE:1,Cindersnake]
RACE:Cindersnake	!PRERACE:1,%
ALIGN:TN
SKILL:Stealth	RANK:2
FEAT:Weapon Finesse
STAT:STR=10|DEX=11|CON=11|INT=10|WIS=10|CHA=10

STARTPACK:Donkey Rat Companion	TYPE:DefaultMonster.Animal	VISIBLE:QUALIFY	EQUIPBUY:0	PREMULT:1,[!PRERACE:1,%],[PRERACE:1,Donkey Rat]
RACE:Donkey Rat	!PRERACE:1,%
ALIGN:TN
SKILL:Perception	RANK:1
FEAT:Alertness
STAT:STR=10|DEX=11|CON=10|INT=10|WIS=10|CHA=10

STARTPACK:Fire Pelt Companion	TYPE:DefaultMonster.Animal	VISIBLE:QUALIFY	EQUIPBUY:0	PREMULT:1,[!PRERACE:1,%],[PRERACE:1,Fire Pelt]
RACE:Fire Pelt	!PRERACE:1,%
ALIGN:TN
SKILL:Perception	RANK:3
FEAT:Alertness
FEAT:Weapon Finesse
STAT:STR=10|DEX=11|CON=11|INT=10|WIS=10|CHA=10

STARTPACK:Storm Roc Companion	TYPE:DefaultMonster.Animal	VISIBLE:QUALIFY	EQUIPBUY:0	PREMULT:1,[!PRERACE:1,%],[PRERACE:1,Storm Roc]
RACE:Storm Roc	!PRERACE:1,%
ALIGN:TN
SKILL:Perception	RANK:1
FEAT:Weapon Finesse
STAT:STR=10|DEX=11|CON=10|INT=10|WIS=10|CHA=10

