# CVS $Revision$ $Author$ -- Fri Oct 19 20:16:09 2012 -- reformated by prettylst.pl v1.39 (build 15052)
SOURCELONG:Pathfinder Campaign Setting	SOURCESHORT:PFCS	SOURCEWEB:http://paizo.com/store/downloads/pathfinder/pathfinderChronicles/35E/v5748btpy84eo&source=search	SOURCEDATE:2008-08


# Class Name
CLASS:Bard.MOD
SUBSTITUTIONCLASS:Bard - Specialized Training Pathfinder Varient
###Block: Specialized Training Pathfinder Varient
SUBSTITUTIONLEVEL:1	BONUS:ABILITYPOOL|Bard Specialized Training|1
###Block: Proficiencies
SUBSTITUTIONLEVEL:1	ABILITY:Special Ability|AUTOMATIC|All Automatic Proficiencies|Bard Weapon Proficiencies	AUTO:FEAT|Simple Weapon Proficiency
SUBSTITUTIONLEVEL:1																AUTO:FEAT|Armor Proficiency (Light)
SUBSTITUTIONLEVEL:1																AUTO:FEAT|Shield Proficiency
###Block: Bardic abilities level definitions.
SUBSTITUTIONLEVEL:1	BONUS:VAR|BardicKnowledgeLvl|CL	BONUS:VAR|BardicKnowledge|BardicKnowledgeLvl
SUBSTITUTIONLEVEL:1	BONUS:VAR|BardicMusicLvl|CL	BONUS:VAR|BardicMusicTimes|CL	BONUS:VAR|InspireDurationBase|5	ABILITY:Special Ability|AUTOMATIC|Bardic Music
###Block: Bardic Music Abilities by level
SUBSTITUTIONLEVEL:1	ABILITY:Special Ability|VIRTUAL|Bardic Countersong|Bardic Fascinate|Bardic Inspire Courage|PRESKILL:1,TYPE.Perform=3|PREVARGTEQ:BardicMusicLvl,1
SUBSTITUTIONLEVEL:1	ABILITY:Special Ability|VIRTUAL|Bardic Inspire Competence|PRESKILL:1,TYPE.Perform=6|PREVARGTEQ:BardicMusicLvl,3
SUBSTITUTIONLEVEL:1	ABILITY:Special Ability|VIRTUAL|Bardic Suggestion|PRESKILL:1,TYPE.Perform=9|PREVARGTEQ:BardicMusicLvl,6
SUBSTITUTIONLEVEL:1	ABILITY:Special Ability|VIRTUAL|Bardic Inspire Greatness|PRESKILL:1,TYPE.Perform=12|PREVARGTEQ:BardicMusicLvl,9
SUBSTITUTIONLEVEL:1	ABILITY:Special Ability|VIRTUAL|Bardic Song of Freedom|PRESKILL:1,TYPE.Perform=15|PREVARGTEQ:BardicMusicLvl,12
SUBSTITUTIONLEVEL:1	ABILITY:Special Ability|VIRTUAL|Bardic Inspire Heroics|PRESKILL:1,TYPE.Perform=18|PREVARGTEQ:BardicMusicLvl,15
SUBSTITUTIONLEVEL:1	ABILITY:Special Ability|VIRTUAL|Bardic Mass Suggestion|PRESKILL:1,TYPE.Perform=21|PREVARGTEQ:BardicMusicLvl,18
###Block: Level progression
SUBSTITUTIONLEVEL:1	CAST:2	KNOWN:4	ABILITY:Special Ability|AUTOMATIC|Armored Casting (Bard)


# Class Name
CLASS:Cleric.MOD
SUBSTITUTIONCLASS:Cleric - Holy Warrior Pathfinder Varient
###Block: Holy Warrior Pathfinder Varient
SUBSTITUTIONLEVEL:1	BONUS:DOMAIN|NUMBER|-2	ABILITY:Special Ability|AUTOMATIC|Holy Warrior ~ Cleric	TEMPLATE:Holy Warrior Hit Dice
###Block: Proficiencies
SUBSTITUTIONLEVEL:1	ABILITY:Special Ability|AUTOMATIC|All Automatic Proficiencies	AUTO:FEAT|Simple Weapon Proficiency
SUBSTITUTIONLEVEL:1												AUTO:FEAT|Armor Proficiency (Heavy)|Armor Proficiency (Light)|Armor Proficiency (Medium)
SUBSTITUTIONLEVEL:1												AUTO:FEAT|Shield Proficiency
###Block: Turn Undead stuff
SUBSTITUTIONLEVEL:1	BONUS:ABILITYPOOL|Turn Undead|1|TYPE=ClassAbility	BONUS:VAR|TurnLevelBase,TurnDamagePlusBase|CL|TYPE=Level.REPLACE	ABILITY:Special Ability|AUTOMATIC|Basic Turning|Cleric Turning
###Block: Spontaneous casting
SUBSTITUTIONLEVEL:1	ABILITY:Special Ability|VIRTUAL|Spontaneous casting - Cure spells|PREABILITY:1,CATEGORY=Special Ability,Turn Undead
SUBSTITUTIONLEVEL:1	ABILITY:Special Ability|VIRTUAL|Spontaneous casting - Inflict spells|PREABILITY:1,CATEGORY=Special Ability,Rebuke Undead
###Block: Spell Alignment Restrictions
#SUBSTITUTIONLEVEL:1	PROHIBITSPELL:ALIGNMENT.Good|PREALIGN:LE,NE,CE	PROHIBITSPELL:ALIGNMENT.Good|PREDEITYALIGN:LE,NE,CE
#SUBSTITUTIONLEVEL:1	PROHIBITSPELL:ALIGNMENT.Evil|PREALIGN:LG,NG,CG	PROHIBITSPELL:ALIGNMENT.Evil|PREDEITYALIGN:LG,NG,CG
#SUBSTITUTIONLEVEL:1	PROHIBITSPELL:ALIGNMENT.Lawful|PREALIGN:CG,CN,CE	PROHIBITSPELL:ALIGNMENT.Lawful|PREDEITYALIGN:CG,CN,CE
#SUBSTITUTIONLEVEL:1	PROHIBITSPELL:ALIGNMENT.Chaotic|PREALIGN:LG,LN,LE	PROHIBITSPELL:ALIGNMENT.Chaotic|PREDEITYALIGN:LG,LN,LE
###Block: Aura strength
SUBSTITUTIONLEVEL:1	BONUS:VAR|AlignmentAuraBase|CL	ABILITY:Special Ability|VIRTUAL|Aura of Chaos|PREDEITYALIGN:CG,CN,CE	DEFINE:AlignmentAuraBase|0
SUBSTITUTIONLEVEL:1							ABILITY:Special Ability|VIRTUAL|Aura of Evil|PREDEITYALIGN:LE,NE,CE
SUBSTITUTIONLEVEL:1							ABILITY:Special Ability|VIRTUAL|Aura of Good|PREDEITYALIGN:LG,NG,CG
SUBSTITUTIONLEVEL:1							ABILITY:Special Ability|VIRTUAL|Aura of Law|PREDEITYALIGN:LG,LN,LE
###Block: Righteous Might Workaround
SUBSTITUTIONLEVEL:1	TEMPLATE:RighteousMightDR
###Block: Level progression
SUBSTITUTIONLEVEL:1	CAST:3,1


# Class Name
CLASS:Fighter.MOD
SUBSTITUTIONCLASS:Skilled Fighter - Pathfinder Varient
###Block: Skilled Fighter - Pathfinder Varient
SUBSTITUTIONLEVEL:1	BONUS:SKILLPOINTS|NUMBER|2	TEMPLATE:Skilled Fighter
###Block:Proficiencies
SUBSTITUTIONLEVEL:1	ABILITY:Special Ability|AUTOMATIC|All Automatic Proficiencies|All Martial Weapon Proficiencies	AUTO:FEAT|Simple Weapon Proficiency
SUBSTITUTIONLEVEL:1																	AUTO:FEAT|Armor Proficiency (Heavy)|Armor Proficiency (Light)|Armor Proficiency (Medium)
SUBSTITUTIONLEVEL:1																	AUTO:FEAT|Shield Proficiency|Tower Shield Proficiency
###Block: Advanced Weapon Feat qualifications
SUBSTITUTIONLEVEL:1	BONUS:VAR|FighterLVL|CL	ABILITY:Special Ability|AUTOMATIC|Fighter Level Advanced Feat Tracker
SUBSTITUTIONLEVEL:1					ABILITY:Special Ability|AUTOMATIC|Weapon Specialization Qualify
SUBSTITUTIONLEVEL:1					ABILITY:Special Ability|AUTOMATIC|Greater Weapon Focus Qualify
SUBSTITUTIONLEVEL:1					ABILITY:Special Ability|AUTOMATIC|Greater Weapon Specialization Qualify
###Block: Level progression
SUBSTITUTIONLEVEL:1	BONUS:ABILITYPOOL|Fighter Feat|CL/2


# Class Name
CLASS:Monk.MOD
SUBSTITUTIONCLASS:Monk - Alternate Bonus Feats Pathfinder Varient
###Block: Alternate Bonus Feats Pathfinder Varient
SUBSTITUTIONLEVEL:1	BONUS:ABILITYPOOL|Monk Feat|-1|PRECLASS:1,Monk=2	BONUS:ABILITYPOOL|Monk Feat|-1|PRECLASS:1,Monk=6
SUBSTITUTIONLEVEL:1	BONUS:ABILITYPOOL|Alternate Monk Feat|1	BONUS:ABILITYPOOL|Alternate Monk Feat|1|PRECLASS:1,Monk=2	BONUS:ABILITYPOOL|Alternate Monk Feat|1|PRECLASS:1,Monk=6
###Block:Proficiencies
SUBSTITUTIONLEVEL:1	ABILITY:Special Ability|AUTOMATIC|All Automatic Proficiencies|Monk Weapon Proficiencies
###Block: Monk AC, Monk Movement, Flurry of Blows
SUBSTITUTIONLEVEL:1	BONUS:VAR|MonkACLVL|CL									ABILITY:Special Ability|AUTOMATIC|Monk AC
SUBSTITUTIONLEVEL:1	BONUS:VAR|MonkMoveLVL|CL								ABILITY:Special Ability|AUTOMATIC|Monk Movement
SUBSTITUTIONLEVEL:1	BONUS:VAR|MonkLVL|CL	BONUS:VAR|FlurryLVL,StunningFistMonkLVL|MonkLVL	ABILITY:Special Ability|AUTOMATIC|Flurry of Blows	ABILITY:Special Ability|VIRTUAL|Greater Flurry of Blows|PREVARGTEQ:GreaterFlurry,1	DEFINE:MonkLVL|0
SUBSTITUTIONLEVEL:1	BONUS:VAR|MonkBonusFeatLVL|CL																															DEFINE:MonkBonusFeatLVL|0
###Block: Level progression
SUBSTITUTIONLEVEL:1	UDAM:1d1,1d2,1d3,1d4,1d6,1d8,2d6,3d6,4d6	UMULT:2	AUTO:FEAT|Improved Unarmed Strike


# Class Name
CLASS:Paladin.MOD
SUBSTITUTIONCLASS:Paladin - Light of Purity Pathfinder Varient
###Block: Light of Purity Pathfinder Varient
SUBSTITUTIONLEVEL:6	CAST:0,1	ABILITY:Special Ability|AUTOMATIC|Light of Purity ~ Paladin


# Class Name
CLASS:Ranger.MOD
SUBSTITUTIONCLASS:Ranger - Enhanced Companion Pathfinder Varient
###Block: Enhanced Companion Pathfinder Varient
SUBSTITUTIONLEVEL:1	ABILITY:Special Ability|AUTOMATIC|Enhanced Companion ~ Ranger|PRECLASS:1,Ranger=4
###Block:Proficiencies
SUBSTITUTIONLEVEL:1	ABILITY:Special Ability|AUTOMATIC|All Automatic Proficiencies|All Martial Weapon Proficiencies	AUTO:FEAT|Simple Weapon Proficiency
SUBSTITUTIONLEVEL:1																	AUTO:FEAT|Armor Proficiency (Light)
SUBSTITUTIONLEVEL:1																	AUTO:FEAT|Shield Proficiency
###Block: Favored Enemy level stacking
SUBSTITUTIONLEVEL:1	BONUS:VAR|RangerFavoredEnemyLVL|CL	ABILITY:Special Ability|AUTOMATIC|Basic Favored Enemy|Ranger Favored Enemy
###Block: Combat Trees
SUBSTITUTIONLEVEL:1	BONUS:VAR|RangerCombatTreeLVL|CL	ABILITY:Special Ability|AUTOMATIC|Ranger Combat Tree
###Block: Level progression
SUBSTITUTIONLEVEL:1	BONUS:VAR|WildEmpathy|CL	AUTO:FEAT|Track


# Class Name
CLASS:Sorcerer.MOD
SUBSTITUTIONCLASS:Sorcerer - Hidden Reserve Pathfinder Varient
###Block: Hidden Reserve Pathfinder Varient
SUBSTITUTIONLEVEL:1	ABILITY:Special Ability|AUTOMATIC|Hidden Reserve ~ Sorcerer
###Block:Proficiencies
SUBSTITUTIONLEVEL:1	ABILITY:Special Ability|AUTOMATIC|All Automatic Proficiencies	AUTO:FEAT|Simple Weapon Proficiency
###Block: Level progression
SUBSTITUTIONLEVEL:1	CAST:5,3	KNOWN:4,2


# Class Name
CLASS:Wizard.MOD
SUBSTITUTIONCLASS:Wizard - Arcane Duelist Pathfinder Varient
###Block: Arcane Duelist Pathfinder Varient
SUBSTITUTIONLEVEL:1	ABILITY:Special Ability|AUTOMATIC|Arcane Duelist ~ Wizard
###Block:Proficiencies
SUBSTITUTIONLEVEL:1	ABILITY:Special Ability|AUTOMATIC|All Automatic Proficiencies|Wizard Weapon Proficiencies
###Block: Familiar
SUBSTITUTIONLEVEL:1	BONUS:VAR|FMLevel|CL	ABILITY:Special Ability|AUTOMATIC|Summon Familiar
###Block: Level progression
SUBSTITUTIONLEVEL:1	CAST:3,1	BONUS:ABILITYPOOL|Wizard Feat|CL/5


###Block: Prestige Classes
# Note: Class skills and skill prerequisites are different for each gameMode, I've MODed those separately to work around that.
# See the files pathfinder_campaign_setting_classes_35e.lst and pathfinder_campaign_setting_classes_pfrpg.lst for specifics.


# Class Name		Class Skill
CLASS:Harrower.MOD	CSKILL:Bluff|Concentration|TYPE=Craft|Diplomacy|Knowledge (Arcana)|Knowledge (Local)|Knowledge (The Planes)|TYPE=Perform|TYPE=Profession|Spellcraft


# Class Name		Required Skill
CLASS:Low Templar.MOD	PRESKILL:3,Bluff=4,Knowledge (Nobility and Royalty)=4,Ride=4
# Class Name		Class Skill
CLASS:Low Templar.MOD	CSKILL:Appraise|Bluff|TYPE=Craft|Diplomacy|Disguise|Escape Artist|Forgery|Gather Information|Handle Animal|Hide|Intimidate|Knowledge (Local)|Knowledge (Nobility and Royalty)|Knowledge (The Planes)|Move Silently|Ride|Sense Motive|Survival|Use Rope


# Class Name			Hit Dice	Type			Abbreviation	Max Level	Source Page		Save checks bonus													Combat bonus
CLASS:Pathfinder Chronicler	HD:8		TYPE:PC.Prestige	ABB:PfC		MAXLEVEL:10	SOURCEPAGE:p.228	BONUS:CHECKS|BASE.Reflex,BASE.Will|(CL/2)+1	BONUS:CHECKS|BASE.Fortitude|(CL+1)/3	BONUS:COMBAT|BAB|CL*3/4|TYPE=Base.REPLACE
# Class Name			Required Skill										Required Text
CLASS:Pathfinder Chronicler	PRESKILL:3,Decipher Script=4,Perform (Oratory)=8,Profession (Scribe)=8	PRETEXT:Must have written and published something (other than a magical scroll or other device) for which another person (not a PC) paid at least 50 gp.
# Class Name			Skill Pts/Lvl	Class Skill
CLASS:Pathfinder Chronicler	STARTSKILLPTS:8	CSKILL:Appraise|Balance|Bluff|TYPE=Craft|Decipher Script|Diplomacy|Disguise|Escape Artist|Forgery|Gather Information|Intimidate|TYPE=Knowledge|Listen|TYPE=Perform|TYPE=Profession|Ride|Search|Sense Motive|Sleight of Hand|Speak Language|Spot|Survival|Swim|Use Magic Device
1	BONUS:VAR|BardicKnowledgeLvl|CL	BONUS:VAR|BardicKnowledge|BardicKnowledgeLvl				ABILITY:Special Ability|AUTOMATIC|Bardic Knowledge|Deep Pockets|Master Scribe
2																		ABILITY:Special Ability|AUTOMATIC|Live to Tell the Tale|Pathfinding
3	BONUS:VAR|BardicMusicLvl|CL-2	BONUS:VAR|BardicMusicTimes|CL-2	BONUS:VAR|InspireDurationBase|5	ABILITY:Special Ability|AUTOMATIC|Bardic Music|Improved Aid
3																		ABILITY:Special Ability|VIRTUAL|Bardic Countersong|Bardic Fascinate|Bardic Inspire Courage|PRESKILL:1,TYPE.Perform=3|PREVARGTEQ:BardicMusicLvl,1
3																		ABILITY:Special Ability|VIRTUAL|Bardic Inspire Competence|PRESKILL:1,TYPE.Perform=6|PREVARGTEQ:BardicMusicLvl,3
3																		ABILITY:Special Ability|VIRTUAL|Bardic Suggestion|PRESKILL:1,TYPE.Perform=9|PREVARGTEQ:BardicMusicLvl,6
3																		ABILITY:Special Ability|VIRTUAL|Bardic Inspire Greatness|PRESKILL:1,TYPE.Perform=12|PREVARGTEQ:BardicMusicLvl,9
3																		ABILITY:Special Ability|VIRTUAL|Bardic Song of Freedom|PRESKILL:1,TYPE.Perform=15|PREVARGTEQ:BardicMusicLvl,12
3																		ABILITY:Special Ability|VIRTUAL|Bardic Inspire Heroics|PRESKILL:1,TYPE.Perform=18|PREVARGTEQ:BardicMusicLvl,15
3																		ABILITY:Special Ability|VIRTUAL|Bardic Mass Suggestion|PRESKILL:1,TYPE.Perform=21|PREVARGTEQ:BardicMusicLvl,18
4																		ABILITY:Special Ability|AUTOMATIC|Epic Tales
5																		ABILITY:Special Ability|AUTOMATIC|Whispering Campaign
6																		ABILITY:Special Ability|AUTOMATIC|Inspire Action ~ PFC
7																		ABILITY:Special Ability|AUTOMATIC|Call down the Legends
8																		ABILITY:Special Ability|AUTOMATIC|Greater Epic Tales
9	BONUS:VAR|InspireActionBonus|1
10																		ABILITY:Special Ability|AUTOMATIC|Lay of the Exalted Dead


# Class Name			Required Skill
CLASS:Red Mantis Assassin.MOD	PRESKILL:3,Hide=8,Intimidate=5,Move Silently=8
# Class Name			Class Skill
CLASS:Red Mantis Assassin.MOD	CSKILL:Appraise|Balance|Bluff|Climb|Concentration|Disguise|Escape Artist|Heal|Hide|Intimidate|Jump|Knowledge (Religion)|Listen|Move Silently|Search|Spot|Tumble


# Class Name			Required Skill
CLASS:Shackles Pirate.MOD	PRESKILL:3,Appraise=8,Swim=8,Use Rope=8	PRESKILL:1,Profession (Boater)=8,Profession (Sailor)=8
# Class Name			Class Skill
CLASS:Shackles Pirate.MOD	CSKILL:Appraise|Balance|Climb|TYPE=Craft|Gather Information|Hide|Intimidate|Jump|Knowledge (Local)|Move Silently|TYPE=Profession|Search|Spot|Survival|Swim|Tumble|Use Rope

#
# End
#
