# CVS $Revision$ $Author$ -- Sat Nov 23 14:46:39 2013 -- reformated by prettylst.pl v1.50 (build 22134)
SOURCELONG:Faeries	SOURCESHORT:Faeries	SOURCEWEB:http://dragonwing.net/Faeries.htm	SOURCEDATE:2003-01
#Original Entry: darkon_turas

#Aspects of Nature
#---------------------------------------------------
# Template Name		Visible	Source Page		Combat bonus				Multiply base move		Bonus to skill								Ability												Vision			Temporary effect description													Temporary Bonus
Aspect of the Air		VISIBLE:YES	SOURCEPAGE:p.40																																							TEMPDESC:Bonus to hide in natural surroundings where it is foggy or stormy					TEMPBONUS:ANYPC|SKILL|Hide|4|TYPE=Circumstance
Aspect of the Animal	VISIBLE:YES	SOURCEPAGE:p.40												BONUS:SKILL|Animal Empathy,Handle Animal|1|TYPE=Competence
Aspect of the Autumn	VISIBLE:YES	SOURCEPAGE:p.41																																							TEMPDESC:Bonus to hide in natural surroundings where leaves are changing color and falling from trees	TEMPBONUS:ANYPC|SKILL|Hide|3|TYPE=Circumstance
Aspect of the Darkness	VISIBLE:YES	SOURCEPAGE:p.42												BONUS:SKILL|Move Silently|2|TYPE=Competence																				TEMPDESC:Bonus to hide in darkness and shadows										TEMPBONUS:ANYPC|SKILL|Hide|3|TYPE=Circumstance
Aspect of the Dawn	VISIBLE:YES	SOURCEPAGE:p.42																																			VISION:Low-light (60')
Aspect of the Dusk	VISIBLE:YES	SOURCEPAGE:p.43																																			VISION:Low-light (60')
Aspect of the Earth	VISIBLE:YES	SOURCEPAGE:p.43																						ABILITY:Special Ability|AUTOMATIC|Plus Two Resistance to Electricity
Aspect of the Fire	VISIBLE:YES	SOURCEPAGE:p.43																						ABILITY:Special Ability|AUTOMATIC|Plus Two Resistance to Fire
Aspect of the Lights	VISIBLE:YES	SOURCEPAGE:p.43																																							TEMPDESC:Bonus to spot checks in well-lit conditions									TEMPBONUS:ANYPC|SKILL|Spot|4|TYPE=Competence
Aspect of the Plant	VISIBLE:YES	SOURCEPAGE:p.43	BONUS:COMBAT|AC|1|TYPE=NaturalArmor																																	TEMPDESC:Bonus to hide in natural surrounding										TEMPBONUS:ANYPC|SKILL|Hide|2|TYPE=Competence
Aspect of the Predator	VISIBLE:YES	SOURCEPAGE:p.43												BONUS:SKILL|Listen,Spot|2
Aspect of the Prey	VISIBLE:YES	SOURCEPAGE:p.43							BONUS:MOVEMULT|TYPE.Walk|1.2	BONUS:SKILL|Listen,Spot|2
Aspect of the Spring	VISIBLE:YES	SOURCEPAGE:p.44																																							TEMPDESC:Bonus to hide in natural surroundings										TEMPBONUS:ANYPC|SKILL|Hide|2|TYPE=Circumstance
Aspect of the Summer	VISIBLE:YES	SOURCEPAGE:p.44	BONUS:COMBAT|AC|1|TYPE=Luck							BONUS:SKILL|Intimidate|2|TYPE=Circumstance
Aspect of the Water	VISIBLE:YES	SOURCEPAGE:p.44																						ABILITY:Special Ability|AUTOMATIC|Hold Breath|Plus Two Resistance to Cold
Aspect of the Winter	VISIBLE:YES	SOURCEPAGE:p.44																						ABILITY:Special Ability|AUTOMATIC|Plus Two Resistance to Cold
