# CVS $Revision$ $Author$ -- Fri Jan  1 12:57:05 2016 -- reformated by PCGen PrettyLST v6.06.00
SOURCELONG:Revised (v.3.5) System Reference Document	SOURCESHORT:RSRD	SOURCEWEB:http://www.wizards.com/default.asp?x=d20/article/srd35	SOURCEDATE:2000-01
# Original Entry by: Tir Gwaith

# MARKED FOR DELETION POST 6.4


# Class Name		Hit Dice	Type			Max Level		Source Page				Define			Combat bonus							Save bonus										FACT
CLASS:Black Dragon	HD:12		TYPE:Monster	MAXLEVEL:NOLIMIT	SOURCEPAGE:MonstersDr-Dw	DEFINE:DragonAge|0	BONUS:COMBAT|BASEAB|classlevel()|TYPE=Base.REPLACE	BONUS:SAVE|BASE.Fortitude,BASE.Reflex,BASE.Will|classlevel()/2+2	FACT:ClassType|Monster
# Class Name		Required Race			Reg. Race Type
CLASS:Black Dragon	PRERACE:1,Dragon (Black%	PRERACETYPE:Dragon
# Class Name		Skill Pts/Lvl	Add INT to Skill Points?	Class Skill
CLASS:Black Dragon	STARTSKILLPTS:6	MODTOSKILLS:YES			CSKILL:Listen|Search|Spot|Concentration|Diplomacy|Escape Artist|Intimidate|TYPE=Knowledge|Sense Motive|Use Magic Device|Hide|Move Silently|Swim
1													BONUS:VAR|DragonCL|max(DragonAge,(var("BL=Sorcerer")+var("CL=Sorcerer")))		DEFINE:DragonCL|0
1	VISION:Keen Senses	BONUS:COMBAT|AC|CL-1|TYPE=NaturalArmor.STACK	BONUS:VAR|BlindsenseRange|60|TYPE=Base|	BONUS:VAR|DarkvisionRange|120|TYPE=Base
###Block: Breath Weapon and other SA's
1	BONUS:VAR|BreathWeaponDamageDie|4	BONUS:VAR|BreathWeaponLine|max((SIZE-1)*20,30)	BONUS:VAR|BreathWeaponDice|(2*DragonAge)	ABILITY:Special Ability|AUTOMATIC|Breath Weapon ~ Line of Acid
1																						ABILITY:Special Ability|AUTOMATIC|Immunity To Acid
1																						ABILITY:Special Ability|AUTOMATIC|Immunity To Paralysis
1																						ABILITY:Special Ability|AUTOMATIC|Immunity To Sleep
1																						ABILITY:Special Ability|AUTOMATIC|Dragon ~ Keen Senses
###Block: Frightful Presence
1	BONUS:VAR|FrightfulPresRange|DragonAge*30|PREVARGTEQ:DragonAge,5	ABILITY:Special Ability|VIRTUAL|Frightful Presence|PREVARGTEQ:DragonAge,5
###Block: Normal Progression
1				BONUS:VAR|CR|3|TYPE=Base								ABILITY:Special Ability|AUTOMATIC|Water Breathing
7				BONUS:VAR|CR|4|TYPE=Base	BONUS:VAR|DragonAge|CL-1/3|TYPE=Base
10				BONUS:VAR|CR|5|TYPE=Base
13				BONUS:VAR|CR|7|TYPE=Base																	SPELLS:Innate|TIMES=3|CASTERLEVEL=DragonCL|Darkness (40 ft. radius),12+CHA|PREVAREQ:DragonAge,4	SPELLS:Innate|TIMES=3|CASTERLEVEL=DragonCL|Darkness (50 ft. radius),12+CHA|PREVAREQ:DragonAge,5	SPELLS:Innate|TIMES=3|CASTERLEVEL=DragonCL|Darkness (60 ft. radius),12+CHA|PREVAREQ:DragonAge,6	SPELLS:Innate|TIMES=3|CASTERLEVEL=DragonCL|Darkness (70 ft. radius),12+CHA|PREVAREQ:DragonAge,7	SPELLS:Innate|TIMES=3|CASTERLEVEL=DragonCL|Darkness (80 ft. radius),12+CHA|PREVAREQ:DragonAge,8	SPELLS:Innate|TIMES=3|CASTERLEVEL=DragonCL|Darkness (90 ft. radius),12+CHA|PREVAREQ:DragonAge,9	SPELLS:Innate|TIMES=3|CASTERLEVEL=DragonCL|Darkness (100 ft. radius),12+CHA|PREVAREQ:DragonAge,10	SPELLS:Innate|TIMES=3|CASTERLEVEL=DragonCL|Darkness (110 ft. radius),12+CHA|PREVAREQ:DragonAge,11	SPELLS:Innate|TIMES=3|CASTERLEVEL=DragonCL|Darkness (120 ft. radius),12+CHA|PREVAREQ:DragonAge,12	SPELLS:Innate|TIMES=3|CASTERLEVEL=DragonCL|Darkness (Epic Radius),12+CHA|PREVARGTEQ:DragonAge,13
16	SR:17	DR:5/Magic	BONUS:VAR|CR|9|TYPE=Base
19	SR:18			BONUS:VAR|CR|11|TYPE=Base								ABILITY:Special Ability|AUTOMATIC|Corrupt Water
22	SR:21	DR:10/Magic	BONUS:VAR|CR|14|TYPE=Base								ABILITY:Special Ability|AUTOMATIC|Crush
25	SR:22			BONUS:VAR|CR|16|TYPE=Base																	SPELLS:Innate|TIMES=1|CASTERLEVEL=DragonCL|Plant Growth,13+CHA
28	SR:23	DR:15/Magic	BONUS:VAR|CR|18|TYPE=Base
31	SR:25			BONUS:VAR|CR|19|TYPE=Base																	SPELLS:Innate|TIMES=3|CASTERLEVEL=DragonCL|Insect Plague,15+CHA
34	SR:26	DR:20/Magic	BONUS:VAR|CR|20|TYPE=Base								ABILITY:Special Ability|AUTOMATIC|Tail Sweep
37	SR:28			BONUS:VAR|CR|22|TYPE=Base								ABILITY:Special Ability|AUTOMATIC|Charm Reptiles

###Block: Casting Block ~ Black Dragon
16								ADD:SPELLCASTER|Sorcerer
18:REPEATLEVEL:3	BONUS:PCLEVEL|Sorcerer|1
19:REPEATLEVEL:3	BONUS:PCLEVEL|Sorcerer|1



# Class Name	Hit Dice	Type			Max Level		Source Page				Define			Combat bonus							Save bonus										FACT
CLASS:Blue Dragon	HD:12		TYPE:Monster	MAXLEVEL:NOLIMIT	SOURCEPAGE:MonstersDr-Dw	DEFINE:DragonAge|0	BONUS:COMBAT|BASEAB|classlevel()|TYPE=Base.REPLACE	BONUS:SAVE|BASE.Fortitude,BASE.Reflex,BASE.Will|classlevel()/2+2	FACT:ClassType|Monster	FACT:SpellType|Arcane
# Class Name	Required Race		Reg. Race Type
CLASS:Blue Dragon	PRERACE:1,Dragon (Blue%	PRERACETYPE:Dragon
# Class Name	Skill Pts/Lvl	Add INT to Skill Points?	Class Skill
CLASS:Blue Dragon	STARTSKILLPTS:6	MODTOSKILLS:YES			CSKILL:Listen|Search|Spot|Concentration|Diplomacy|Escape Artist|Intimidate|TYPE=Knowledge|Sense Motive|Use Magic Device|Bluff|Hide|Spellcraft
# Class Name	Spell Stat		Memorize	Use Spell List
CLASS:Blue Dragon	SPELLSTAT:CHA	MEMORIZE:NO	SPELLLIST:5|Cleric|Sorcerer|DOMAIN.Air|DOMAIN.Evil|DOMAIN.Law
1													BONUS:VAR|DragonCL|max(DragonAge,(var("BL=Sorcerer")+var("CL=Sorcerer")))		DEFINE:DragonCL|0
1	VISION:Keen Senses	BONUS:COMBAT|AC|CL-1|TYPE=NaturalArmor.STACK	BONUS:VAR|BlindsenseRange|60|TYPE=Base	BONUS:VAR|DarkvisionRange|120|TYPE=Base
###Block: Breath Weapon and other SA's
1	BONUS:VAR|BreathWeaponDamageDie|8	BONUS:VAR|BreathWeaponLine|max((SIZE-1)*20,30)	BONUS:VAR|BreathWeaponDice|(2*DragonAge)	ABILITY:Special Ability|AUTOMATIC|Breath Weapon ~ Line of Lightning
1																						ABILITY:Special Ability|AUTOMATIC|Immunity To Electricity
1																						ABILITY:Special Ability|AUTOMATIC|Immunity To Paralysis
1																						ABILITY:Special Ability|AUTOMATIC|Immunity To Sleep
1																						ABILITY:Special Ability|AUTOMATIC|Dragon ~ Keen Senses
###Block: Frightful Presence
1	BONUS:VAR|FrightfulPresRange|DragonAge*30|PREVARGTEQ:DragonAge,5	ABILITY:Special Ability|VIRTUAL|Frightful Presence|PREVARGTEQ:DragonAge,5
###Block: Normal Progression
1				BONUS:VAR|CR|3|TYPE=Base	BONUS:VAR|DragonAge|1|TYPE=Base	ABILITY:Special Ability|AUTOMATIC|Create/Destroy Water
9				BONUS:VAR|CR|4|TYPE=Base	BONUS:VAR|DragonAge|2|TYPE=Base
12				BONUS:VAR|CR|6|TYPE=Base	BONUS:VAR|DragonAge|3|TYPE=Base
15				BONUS:VAR|CR|8|TYPE=Base	BONUS:VAR|DragonAge|4|TYPE=Base	ABILITY:Special Ability|AUTOMATIC|Sound Imitation
18	SR:19	DR:5/Magic	BONUS:VAR|CR|11|TYPE=Base	BONUS:VAR|DragonAge|5|TYPE=Base
21	SR:21			BONUS:VAR|CR|14|TYPE=Base	BONUS:VAR|DragonAge|6|TYPE=Base	ABILITY:Special Ability|AUTOMATIC|Crush				SPELLS:Innate|TIMES=3|CASTERLEVEL=DragonCL|Ventriloquism,11+CHA
24	SR:22	DR:10/Magic	BONUS:VAR|CR|16|TYPE=Base	BONUS:VAR|DragonAge|7|TYPE=Base
27	SR:24			BONUS:VAR|CR|18|TYPE=Base	BONUS:VAR|DragonAge|8|TYPE=Base											SPELLS:Innate|TIMES=1|CASTERLEVEL=DragonCL|Hallucinatory Terrain,14+CHA
30	SR:25	DR:15/Magic	BONUS:VAR|CR|19|TYPE=Base	BONUS:VAR|DragonAge|9|TYPE=Base
33				BONUS:VAR|CR|21|TYPE=Base	BONUS:VAR|DragonAge|10|TYPE=Base	ABILITY:Special Ability|AUTOMATIC|Tail Sweep			SPELLS:Innate|TIMES=1|CASTERLEVEL=DragonCL|Veil,16+CHA
36	SR:29	DR:20/Magic	BONUS:VAR|CR|23|TYPE=Base	BONUS:VAR|DragonAge|11|TYPE=Base
39	SR:31			BONUS:VAR|CR|25|TYPE=Base	BONUS:VAR|DragonAge|12|TYPE=Base											SPELLS:Innate|TIMES=1|CASTERLEVEL=DragonCL|Mirage Arcana,15+CHA

###Block: Casting Block ~ Blue Dragon
15											BONUS:CASTERLEVEL|Blue Dragon|((DragonAge-3)*2)-1
15	CAST:5,3				KNOWN:4,2
16	CAST:5,3				KNOWN:4,2
17	CAST:6,4				KNOWN:5,2
18	CAST:6,5				KNOWN:5,3
19	CAST:6,5				KNOWN:5,3
20	CAST:6,6,3				KNOWN:6,3,1
21	CAST:6,6,4				KNOWN:6,4,2
22	CAST:6,6,4				KNOWN:6,4,2
23	CAST:6,6,5,3			KNOWN:7,4,2,1
24	CAST:6,6,6,4			KNOWN:7,5,3,2
25	CAST:6,6,6,4			KNOWN:7,5,3,2
26	CAST:6,6,6,5,3			KNOWN:8,5,3,2,1
27	CAST:6,6,6,6,4			KNOWN:8,5,4,3,2
28	CAST:6,6,6,6,4			KNOWN:8,5,4,3,2
29	CAST:6,6,6,6,5,3			KNOWN:9,5,4,3,2,1
30	CAST:6,6,6,6,6,4			KNOWN:9,5,5,4,3,2
31	CAST:6,6,6,6,6,4			KNOWN:9,5,5,4,3,2
32	CAST:6,6,6,6,6,4,3		KNOWN:9,5,5,4,3,2,1
33	CAST:6,6,6,6,6,6,4		KNOWN:9,5,5,4,4,3,2
34	CAST:6,6,6,6,6,6,4		KNOWN:9,5,5,4,4,3,2
35	CAST:6,6,6,6,6,6,5,3		KNOWN:9,5,5,4,4,3,2,1
36	CAST:6,6,6,6,6,6,6,4		KNOWN:9,5,5,4,4,4,3,2
37	CAST:6,6,6,6,6,6,6,4		KNOWN:9,5,5,4,4,4,3,2
38	CAST:6,6,6,6,6,6,6,5,3		KNOWN:9,5,5,4,4,4,3,2,1
39	CAST:6,6,6,6,6,6,6,6,4		KNOWN:9,5,5,4,4,4,3,3,2
40	CAST:6,6,6,6,6,6,6,6,4		KNOWN:9,5,5,4,4,4,3,3,2
41	CAST:6,6,6,6,6,6,6,6,5,3	KNOWN:9,5,5,4,4,4,3,3,2,1
42	CAST:6,6,6,6,6,6,6,6,6,4	KNOWN:9,5,5,4,4,4,3,3,3,2
43	CAST:6,6,6,6,6,6,6,6,6,4	KNOWN:9,5,5,4,4,4,3,3,3,2
44	CAST:6,6,6,6,6,6,6,6,6,6	KNOWN:9,5,5,4,4,4,3,3,3,3



# Class Name		Hit Dice	Type			Max Level		Source Page				Define			Combat bonus							Save bonus										FACT
CLASS:Green Dragon	HD:12		TYPE:Monster	MAXLEVEL:NOLIMIT	SOURCEPAGE:MonstersDr-Dw	DEFINE:DragonAge|0	BONUS:COMBAT|BASEAB|classlevel()|TYPE=Base.REPLACE	BONUS:SAVE|BASE.Fortitude,BASE.Reflex,BASE.Will|classlevel()/2+2	FACT:ClassType|Monster
# Class Name		Required Race			Reg. Race Type
CLASS:Green Dragon	PRERACE:1,Dragon (Green%	PRERACETYPE:Dragon
# Class Name		Skill Pts/Lvl	Add INT to Skill Points?	Class Skill
CLASS:Green Dragon	STARTSKILLPTS:6	MODTOSKILLS:YES			CSKILL:Listen|Search|Spot|Concentration|Diplomacy|Escape Artist|Intimidate|TYPE=Knowledge|Sense Motive|Use Magic Device|Bluff|Hide|Move Silently
1													BONUS:VAR|DragonCL|max(DragonAge,(var("BL=Sorcerer")+var("CL=Sorcerer")))		DEFINE:DragonCL|0
1	VISION:Keen Senses	BONUS:COMBAT|AC|CL-1|TYPE=NaturalArmor.STACK	BONUS:VAR|BlindsenseRange|60|TYPE=Base|	BONUS:VAR|DarkvisionRange|120|TYPE=Base
###Block: Breath Weapon and other SA's
1	BONUS:VAR|BreathWeaponDamageDie|6	BONUS:VAR|BreathWeaponCone|max((SIZE-1)*10,15)	BONUS:VAR|BreathWeaponDice|(2*DragonAge)	ABILITY:Special Ability|AUTOMATIC|Breath Weapon ~ Cone of Corrosive Gas
1																						ABILITY:Special Ability|AUTOMATIC|Immunity To Acid
1																						ABILITY:Special Ability|AUTOMATIC|Immunity To Paralysis
1																						ABILITY:Special Ability|AUTOMATIC|Immunity To Sleep
1																						ABILITY:Special Ability|AUTOMATIC|Dragon ~ Keen Senses
###Block: Frightful Presence
1	BONUS:VAR|FrightfulPresRange|DragonAge*30|PREVARGTEQ:DragonAge,5	ABILITY:Special Ability|VIRTUAL|Frightful Presence|PREVARGTEQ:DragonAge,5
###Block: Normal Progression
1				BONUS:VAR|CR|3|TYPE=Base	BONUS:VAR|DragonAge|1|TYPE=Base	ABILITY:Special Ability|AUTOMATIC|Water Breathing
8				BONUS:VAR|CR|4|TYPE=Base	BONUS:VAR|DragonAge|2|TYPE=Base
11				BONUS:VAR|CR|5|TYPE=Base	BONUS:VAR|DragonAge|3|TYPE=Base
14				BONUS:VAR|CR|8|TYPE=Base	BONUS:VAR|DragonAge|4|TYPE=Base
17	SR:19	DR:5/Magic	BONUS:VAR|CR|11|TYPE=Base	BONUS:VAR|DragonAge|5|TYPE=Base
20	SR:21			BONUS:VAR|CR|13|TYPE=Base	BONUS:VAR|DragonAge|6|TYPE=Base	ABILITY:Special Ability|AUTOMATIC|Crush			SPELLS:Innate|TIMES=3|CASTERLEVEL=DragonCL|Suggestion,13+CHA
23	SR:22	DR:10/Magic	BONUS:VAR|CR|16|TYPE=Base	BONUS:VAR|DragonAge|7|TYPE=Base
26	SR:24			BONUS:VAR|CR|18|TYPE=Base	BONUS:VAR|DragonAge|8|TYPE=Base										SPELLS:Innate|TIMES=1|CASTERLEVEL=DragonCL|Plant Growth,13+CHA
29	SR:25	DR:15/Magic	BONUS:VAR|CR|19|TYPE=Base	BONUS:VAR|DragonAge|9|TYPE=Base
32	SR:27			BONUS:VAR|CR|21|TYPE=Base	BONUS:VAR|DragonAge|10|TYPE=Base	ABILITY:Special Ability|AUTOMATIC|Tail Sweep		SPELLS:Innate|TIMES=3|CASTERLEVEL=DragonCL|Dominate Person,15+CHA
35	SR:28	DR:20/Magic	BONUS:VAR|CR|22|TYPE=Base	BONUS:VAR|DragonAge|11|TYPE=Base
38	SR:30			BONUS:VAR|CR|24|TYPE=Base	BONUS:VAR|DragonAge|12|TYPE=Base										SPELLS:Innate|TIMES=1|CASTERLEVEL=DragonCL|Command Plants,14+CHA

###Block: Casting Block ~ Green Dragon
14								ADD:SPELLCASTER|Sorcerer
16:REPEATLEVEL:3	BONUS:PCLEVEL|Sorcerer|1
17:REPEATLEVEL:3	BONUS:PCLEVEL|Sorcerer|1



# Class Name	Hit Dice	Type			Max Level		Source Page				Define			Combat bonus							Save bonus										FACT
CLASS:Red Dragon	HD:12		TYPE:Monster	MAXLEVEL:NOLIMIT	SOURCEPAGE:MonstersDr-Dw	DEFINE:DragonAge|0	BONUS:COMBAT|BASEAB|classlevel()|TYPE=Base.REPLACE	BONUS:SAVE|BASE.Fortitude,BASE.Reflex,BASE.Will|classlevel()/2+2	FACT:ClassType|Monster	FACT:SpellType|Arcane
# Class Name	Required Race		Reg. Race Type
CLASS:Red Dragon	PRERACE:1,Dragon (Red%	PRERACETYPE:Dragon
# Class Name	Skill Pts/Lvl	Add INT to Skill Points?	Class Skill
CLASS:Red Dragon	STARTSKILLPTS:6	MODTOSKILLS:YES			CSKILL:Listen|Search|Spot|Concentration|Diplomacy|Escape Artist|Intimidate|TYPE=Knowledge|Sense Motive|Use Magic Device|Appraise|Bluff|Jump
# Class Name	Spell Stat		Memorize	Use Spell List
CLASS:Red Dragon	SPELLSTAT:CHA	MEMORIZE:NO	SPELLLIST:5|Cleric|Sorcerer|DOMAIN.Chaos|DOMAIN.Evil|DOMAIN.Fire
1													BONUS:VAR|DragonCL|max(DragonAge,(var("BL=Sorcerer")+var("CL=Sorcerer")))		DEFINE:DragonCL|0
1	VISION:Keen Senses	BONUS:COMBAT|AC|CL-1|TYPE=NaturalArmor.STACK	BONUS:VAR|BlindsenseRange|60|TYPE=Base|	BONUS:VAR|DarkvisionRange|120|TYPE=Base
###Block: Breath Weapon and other SA's
1	BONUS:VAR|BreathWeaponDamageDie|10	BONUS:VAR|BreathWeaponCone|max((SIZE-1)*10,15)	BONUS:VAR|BreathWeaponDice|(2*DragonAge)	ABILITY:Special Ability|AUTOMATIC|Breath Weapon ~ Cone of Fire
1																						ABILITY:Special Ability|AUTOMATIC|Immunity To Fire
1																						ABILITY:Special Ability|AUTOMATIC|Vulnerability To Cold
1																						ABILITY:Special Ability|AUTOMATIC|Immunity To Paralysis
1																						ABILITY:Special Ability|AUTOMATIC|Immunity To Sleep
1																						ABILITY:Special Ability|AUTOMATIC|Dragon ~ Keen Senses
###Block: Frightful Presence
1	BONUS:VAR|FrightfulPresRange|DragonAge*30|PREVARGTEQ:DragonAge,5	ABILITY:Special Ability|VIRTUAL|Frightful Presence|PREVARGTEQ:DragonAge,5
###Block: Normal Progression
1				BONUS:VAR|CR|4|TYPE=Base	BONUS:VAR|DragonAge|1|TYPE=Base
10				BONUS:VAR|CR|5|TYPE=Base	BONUS:VAR|DragonAge|2|TYPE=Base
13				BONUS:VAR|CR|7|TYPE=Base	BONUS:VAR|DragonAge|3|TYPE=Base
16				BONUS:VAR|CR|10|TYPE=Base	BONUS:VAR|DragonAge|4|TYPE=Base									SPELLS:Innate|TIMES=DragonAge|CASTERLEVEL=DragonCL|Locate Object,12+CHA
19	SR:19	DR:5/Magic	BONUS:VAR|CR|13|TYPE=Base	BONUS:VAR|DragonAge|5|TYPE=Base	ABILITY:Special Ability|AUTOMATIC|Crush
22	SR:21			BONUS:VAR|CR|15|TYPE=Base	BONUS:VAR|DragonAge|6|TYPE=Base
25	SR:23	DR:10/Magic	BONUS:VAR|CR|18|TYPE=Base	BONUS:VAR|DragonAge|7|TYPE=Base
28	SR:24			BONUS:VAR|CR|20|TYPE=Base	BONUS:VAR|DragonAge|8|TYPE=Base	ABILITY:Special Ability|AUTOMATIC|Tail Sweep	SPELLS:Innate|TIMES=1|CASTERLEVEL=DragonCL|Suggestion,13+CHA
31	SR:26	DR:15/Magic	BONUS:VAR|CR|21|TYPE=Base	BONUS:VAR|DragonAge|9|TYPE=Base
34	SR:28			BONUS:VAR|CR|23|TYPE=Base	BONUS:VAR|DragonAge|10|TYPE=Base									SPELLS:Innate|TIMES=1|CASTERLEVEL=DragonCL|Find the Path,16+CHA
37	SR:30	DR:20/Magic	BONUS:VAR|CR|24|TYPE=Base	BONUS:VAR|DragonAge|11|TYPE=Base
40	SR:32			BONUS:VAR|CR|26|TYPE=Base	BONUS:VAR|DragonAge|12|TYPE=Base									SPELLS:Innate|TIMES=1|CASTERLEVEL=DragonCL|Discern Location,18+CHA

###Block: Casting Block ~ Red Dragon
13											BONUS:CASTERLEVEL|Red Dragon|((DragonAge-2)*2)-1
13	CAST:5,3				KNOWN:4,2
14	CAST:5,3				KNOWN:4,2
15	CAST:6,4				KNOWN:5,2
16	CAST:6,5				KNOWN:5,3
17	CAST:6,5				KNOWN:5,3
18	CAST:6,6,3				KNOWN:6,3,1
19	CAST:6,6,4				KNOWN:6,4,2
20	CAST:6,6,4				KNOWN:6,4,2
21	CAST:6,6,5,3			KNOWN:7,4,2,1
22	CAST:6,6,6,4			KNOWN:7,5,3,2
23	CAST:6,6,6,4			KNOWN:7,5,3,2
24	CAST:6,6,6,5,3			KNOWN:8,5,3,2,1
25	CAST:6,6,6,6,4			KNOWN:8,5,4,3,2
26	CAST:6,6,6,6,4			KNOWN:8,5,4,3,2
27	CAST:6,6,6,6,5,3			KNOWN:9,5,4,3,2,1
28	CAST:6,6,6,6,6,4			KNOWN:9,5,5,4,3,2
29	CAST:6,6,6,6,6,4			KNOWN:9,5,5,4,3,2
30	CAST:6,6,6,6,6,5,3		KNOWN:9,5,5,4,3,2,1
31	CAST:6,6,6,6,6,6,4		KNOWN:9,5,5,4,4,3,2
32	CAST:6,6,6,6,6,6,4		KNOWN:9,5,5,4,4,3,2
33	CAST:6,6,6,6,6,6,5,3		KNOWN:9,5,5,4,4,3,2,1
34	CAST:6,6,6,6,6,6,6,4		KNOWN:9,5,5,4,4,4,3,2
35	CAST:6,6,6,6,6,6,6,4		KNOWN:9,5,5,4,4,4,3,2
36	CAST:6,6,6,6,6,6,6,5,3		KNOWN:9,5,5,4,4,4,3,2,1
37	CAST:6,6,6,6,6,6,6,6,4		KNOWN:9,5,5,4,4,4,3,3,2
38	CAST:6,6,6,6,6,6,6,6,4		KNOWN:9,5,5,4,4,4,3,3,2
39	CAST:6,6,6,6,6,6,6,6,5,3	KNOWN:9,5,5,4,4,4,3,3,2,1
40	CAST:6,6,6,6,6,6,6,6,6,4	KNOWN:9,5,5,4,4,4,3,3,3,2
41	CAST:6,6,6,6,6,6,6,6,6,4	KNOWN:9,5,5,4,4,4,3,3,3,2
42	CAST:6,6,6,6,6,6,6,6,6,6	KNOWN:9,5,5,4,4,4,3,3,3,3


# Class Name		Hit Dice	Type			Max Level		Source Page				Define			Combat bonus							Save bonus										FACT
CLASS:White Dragon	HD:12		TYPE:Monster	MAXLEVEL:NOLIMIT	SOURCEPAGE:MonstersDr-Dw	DEFINE:DragonAge|0	BONUS:COMBAT|BASEAB|classlevel()|TYPE=Base.REPLACE	BONUS:SAVE|BASE.Fortitude,BASE.Reflex,BASE.Will|classlevel()/2+2	FACT:ClassType|Monster
# Class Name		Required Race			Reg. Race Type
CLASS:White Dragon	PRERACE:1,Dragon (White%	PRERACETYPE:Dragon
# Class Name		Skill Pts/Lvl	Add INT to Skill Points?	Class Skill
CLASS:White Dragon	STARTSKILLPTS:6	MODTOSKILLS:YES			CSKILL:Listen|Search|Spot|Concentration|Diplomacy|Escape Artist|Intimidate|TYPE=Knowledge|Sense Motive|Use Magic Device|Hide|Move Silently|Swim
1													BONUS:VAR|DragonCL|max(DragonAge,(var("BL=Sorcerer")+var("CL=Sorcerer")))		DEFINE:DragonCL|0
1	VISION:Keen Senses	BONUS:COMBAT|AC|CL-1|TYPE=NaturalArmor.STACK	BONUS:VAR|BlindsenseRange|60|TYPE=Base|	BONUS:VAR|DarkvisionRange|120|TYPE=Base
###Block: Breath Weapon and other SA's
1	BONUS:VAR|BreathWeaponDamageDie|6	BONUS:VAR|BreathWeaponCone|max((SIZE-1)*10,15)	BONUS:VAR|BreathWeaponDice|DragonAge	ABILITY:Special Ability|AUTOMATIC|Breath Weapon ~ Cone of Cold
1																						ABILITY:Special Ability|AUTOMATIC|Immunity To Cold
1																						ABILITY:Special Ability|AUTOMATIC|Vulnerability To Fire
1																						ABILITY:Special Ability|AUTOMATIC|Immunity To Paralysis
1																						ABILITY:Special Ability|AUTOMATIC|Immunity To Sleep
1																						ABILITY:Special Ability|AUTOMATIC|Dragon ~ Keen Senses
###Block: Frightful Presence
1	BONUS:VAR|FrightfulPresRange|DragonAge*30|PREVARGTEQ:DragonAge,5	ABILITY:Special Ability|VIRTUAL|Frightful Presence|PREVARGTEQ:DragonAge,5
###Block: Normal Progression
1				BONUS:VAR|CR|2|TYPE=Base	BONUS:VAR|DragonAge|1|TYPE=Base	ABILITY:Special Ability|AUTOMATIC|Icewalking
6				BONUS:VAR|CR|3|TYPE=Base	BONUS:VAR|DragonAge|2|TYPE=Base
9				BONUS:VAR|CR|4|TYPE=Base	BONUS:VAR|DragonAge|3|TYPE=Base
12				BONUS:VAR|CR|6|TYPE=Base	BONUS:VAR|DragonAge|4|TYPE=Base									SPELLS:Innate|TIMES=3|CASTERLEVEL=DragonCL|Fog Cloud,12+CHA
15	SR:16	DR:5/Magic	BONUS:VAR|CR|8|TYPE=Base	BONUS:VAR|DragonAge|5|TYPE=Base
18	SR:18			BONUS:VAR|CR|10|TYPE=Base	BONUS:VAR|DragonAge|6|TYPE=Base									SPELLS:Innate|TIMES=3|CASTERLEVEL=DragonCL|Gust of Wind,12+CHA
21	SR:20	DR:10/Magic	BONUS:VAR|CR|12|TYPE=Base	BONUS:VAR|DragonAge|7|TYPE=Base	ABILITY:Special Ability|AUTOMATIC|Crush
24	SR:21			BONUS:VAR|CR|15|TYPE=Base	BONUS:VAR|DragonAge|8|TYPE=Base	ABILITY:Special Ability|AUTOMATIC|Freezing Fog
27	SR:23	DR:15/Magic	BONUS:VAR|CR|17|TYPE=Base	BONUS:VAR|DragonAge|9|TYPE=Base
30	SR:24			BONUS:VAR|CR|18|TYPE=Base	BONUS:VAR|DragonAge|10|TYPE=Base									SPELLS:Innate|TIMES=3|CASTERLEVEL=DragonCL|Wall of Ice,14+CHA
33	SR:25	DR:20/Magic	BONUS:VAR|CR|19|TYPE=Base	BONUS:VAR|DragonAge|11|TYPE=Base	ABILITY:Special Ability|AUTOMATIC|Tail Sweep
36	SR:27			BONUS:VAR|CR|21|TYPE=Base	BONUS:VAR|DragonAge|12|TYPE=Base									SPELLS:Innate|TIMES=1|CASTERLEVEL=DragonCL|Control Weather,17+CHA

###Block: Casting Block ~ White Dragon
18								ADD:SPELLCASTER|Sorcerer
20:REPEATLEVEL:3	BONUS:PCLEVEL|Sorcerer|1
21:REPEATLEVEL:3	BONUS:PCLEVEL|Sorcerer|1



# Class Name		Hit Dice	Type			Max Level		Source Page				Define			Combat bonus							Save bonus										FACT
CLASS:Brass Dragon	HD:12		TYPE:Monster	MAXLEVEL:NOLIMIT	SOURCEPAGE:MonstersDr-Dw	DEFINE:DragonAge|0	BONUS:COMBAT|BASEAB|classlevel()|TYPE=Base.REPLACE	BONUS:SAVE|BASE.Fortitude,BASE.Reflex,BASE.Will|classlevel()/2+2	FACT:ClassType|Monster	FACT:SpellType|Arcane
# Class Name		Required Race			Reg. Race Type
CLASS:Brass Dragon	PRERACE:1,Dragon (Brass%	PRERACETYPE:Dragon
# Class Name		Skill Pts/Lvl	Add INT to Skill Points?	Class Skill
CLASS:Brass Dragon	STARTSKILLPTS:6	MODTOSKILLS:YES			CSKILL:Listen|Search|Spot|Concentration|Diplomacy|Escape Artist|Intimidate|TYPE=Knowledge|Sense Motive|Use Magic Device|Bluff|Gather Information|Survival
# Class Name		Spell Stat		Memorize	Use Spell List
CLASS:Brass Dragon	SPELLSTAT:CHA	MEMORIZE:NO	SPELLLIST:4|Cleric|Sorcerer|DOMAIN.Chaos|DOMAIN.Knowledge
1													BONUS:VAR|DragonCL|max(DragonAge,(var("BL=Sorcerer")+var("CL=Sorcerer")))		DEFINE:DragonCL|0
1	VISION:Keen Senses	BONUS:COMBAT|AC|CL-1|TYPE=NaturalArmor.STACK	BONUS:VAR|BlindsenseRange|60|TYPE=Base|	BONUS:VAR|DarkvisionRange|120|TYPE=Base
###Block: Breath Weapon and other SA's
1	BONUS:VAR|BreathWeaponCone|max((SIZE-1)*10,15)	BONUS:VAR|BreathWeaponDuration|DragonAge							ABILITY:Special Ability|AUTOMATIC|Breath Weapon ~ Cone of Sleep
1	BONUS:VAR|BreathWeaponDamageDie|6	BONUS:VAR|BreathWeaponLine|max((SIZE-1)*20,30)	BONUS:VAR|BreathWeaponDice|DragonAge	ABILITY:Special Ability|AUTOMATIC|Breath Weapon ~ Line of Fire
1																						ABILITY:Special Ability|AUTOMATIC|Vulnerability To Cold
1																						ABILITY:Special Ability|AUTOMATIC|Immunity To Fire
1																						ABILITY:Special Ability|AUTOMATIC|Immunity To Paralysis
1																						ABILITY:Special Ability|AUTOMATIC|Immunity To Sleep
1																						ABILITY:Special Ability|AUTOMATIC|Dragon ~ Keen Senses
###Block: Frightful Presence
1	BONUS:VAR|FrightfulPresRange|DragonAge*30|PREVARGTEQ:DragonAge,5	ABILITY:Special Ability|VIRTUAL|Frightful Presence|PREVARGTEQ:DragonAge,5
###Block: Normal Progression
1				BONUS:VAR|CR|3|TYPE=Base	BONUS:VAR|DragonAge|1|TYPE=Base															SPELLS:Innate|TIMES=ATWILL|CASTERLEVEL=DragonCL|Speak with Animals,11+CHA
7				BONUS:VAR|CR|4|TYPE=Base	BONUS:VAR|DragonAge|2|TYPE=Base
10				BONUS:VAR|CR|6|TYPE=Base	BONUS:VAR|DragonAge|3|TYPE=Base
13				BONUS:VAR|CR|8|TYPE=Base	BONUS:VAR|DragonAge|4|TYPE=Base															SPELLS:Innate|TIMES=3|CASTERLEVEL=DragonCL|Endure Elements (40 ft. radius),11+CHA|PREVAREQ:DragonAge,4	SPELLS:Innate|TIMES=3|CASTERLEVEL=DragonCL|Endure Elements (50 ft. radius),11+CHA|PREVAREQ:DragonAge,5	SPELLS:Innate|TIMES=3|CASTERLEVEL=DragonCL|Endure Elements (60 ft. radius),11+CHA|PREVAREQ:DragonAge,6	SPELLS:Innate|TIMES=3|CASTERLEVEL=DragonCL|Endure Elements (70 ft. radius),11+CHA|PREVAREQ:DragonAge,7	SPELLS:Innate|TIMES=3|CASTERLEVEL=DragonCL|Endure Elements (80 ft. radius),11+CHA|PREVAREQ:DragonAge,8	SPELLS:Innate|TIMES=3|CASTERLEVEL=DragonCL|Endure Elements (90 ft. radius),11+CHA|PREVAREQ:DragonAge,9	SPELLS:Innate|TIMES=3|CASTERLEVEL=DragonCL|Endure Elements (100 ft. radius),11+CHA|PREVAREQ:DragonAge,10	SPELLS:Innate|TIMES=3|CASTERLEVEL=DragonCL|Endure Elements (110 ft. radius),11+CHA|PREVAREQ:DragonAge,11	SPELLS:Innate|TIMES=3|CASTERLEVEL=DragonCL|Endure Elements (120 ft. radius),11+CHA|PREVAREQ:DragonAge,12	SPELLS:Innate|TIMES=3|CASTERLEVEL=DragonCL|Endure Elements (Epic Radius),11+CHA|PREVARGTEQ:DragonAge,13
16	SR:18	DR:5/Magic	BONUS:VAR|CR|10|TYPE=Base	BONUS:VAR|DragonAge|5|TYPE=Base
19	SR:20			BONUS:VAR|CR|12|TYPE=Base	BONUS:VAR|DragonAge|6|TYPE=Base															SPELLS:Innate|TIMES=1|CASTERLEVEL=DragonCL|Suggestion,13+CHA
22	SR:22	DR:10/Magic	BONUS:VAR|CR|15|TYPE=Base	BONUS:VAR|DragonAge|7|TYPE=Base							ABILITY:Special Ability|AUTOMATIC|Crush
25	SR:24			BONUS:VAR|CR|17|TYPE=Base	BONUS:VAR|DragonAge|8|TYPE=Base															SPELLS:Innate|TIMES=1|CASTERLEVEL=DragonCL|Control Winds,15+CHA
28	SR:25	DR:15/Magic	BONUS:VAR|CR|19|TYPE=Base	BONUS:VAR|DragonAge|9|TYPE=Base
31	SR:27			BONUS:VAR|CR|20|TYPE=Base	BONUS:VAR|DragonAge|10|TYPE=Base															SPELLS:Innate|TIMES=1|CASTERLEVEL=DragonCL|Control Weather,17+CHA
34	SR:28	DR:20/Magic	BONUS:VAR|CR|21|TYPE=Base	BONUS:VAR|DragonAge|11|TYPE=Base							ABILITY:Special Ability|AUTOMATIC|Tail Sweep
37	SR:30			BONUS:VAR|SummonDjinniDC|17+CHA	BONUS:VAR|CR|23|TYPE=Base	BONUS:VAR|DragonAge|12|TYPE=Base	ABILITY:Special Ability|AUTOMATIC|Summon Djinni

###Block: Casting Block ~ Brass Dragon
10											BONUS:CASTERLEVEL|Brass Dragon|((DragonAge-2)*2)-1
10	CAST:5,3				KNOWN:4,2
11	CAST:5,3				KNOWN:4,2
12	CAST:6,4				KNOWN:5,2
13	CAST:6,5				KNOWN:5,3
14	CAST:6,5				KNOWN:5,3
15	CAST:6,6,3				KNOWN:6,3,1
16	CAST:6,6,4				KNOWN:6,4,2
17	CAST:6,6,4				KNOWN:6,4,2
18	CAST:6,6,5,3			KNOWN:7,4,2,1
19	CAST:6,6,6,4			KNOWN:7,5,3,2
20	CAST:6,6,6,4			KNOWN:7,5,3,2
21	CAST:6,6,6,5,3			KNOWN:8,5,3,2,1
22	CAST:6,6,6,6,4			KNOWN:8,5,4,3,2
23	CAST:6,6,6,6,4			KNOWN:8,5,4,3,2
24	CAST:6,6,6,6,5,3			KNOWN:9,5,4,3,2,1
25	CAST:6,6,6,6,6,4			KNOWN:9,5,5,4,3,2
26	CAST:6,6,6,6,6,4			KNOWN:9,5,5,4,3,2
27	CAST:6,6,6,6,6,5,3		KNOWN:9,5,5,4,3,2,1
28	CAST:6,6,6,6,6,6,4		KNOWN:9,5,5,4,4,3,2
29	CAST:6,6,6,6,6,6,4		KNOWN:9,5,5,4,4,3,2
30	CAST:6,6,6,6,6,6,5,3		KNOWN:9,5,5,4,4,3,2,1
31	CAST:6,6,6,6,6,6,6,4		KNOWN:9,5,5,4,4,4,3,2
32	CAST:6,6,6,6,6,6,6,4		KNOWN:9,5,5,4,4,4,3,2
33	CAST:6,6,6,6,6,6,6,5,3		KNOWN:9,5,5,4,4,4,3,2,1
34	CAST:6,6,6,6,6,6,6,6,4		KNOWN:9,5,5,4,4,4,3,3,2
35	CAST:6,6,6,6,6,6,6,6,4		KNOWN:9,5,5,4,4,4,3,3,2
36	CAST:6,6,6,6,6,6,6,6,5,3	KNOWN:9,5,5,4,4,4,3,3,2,1
37	CAST:6,6,6,6,6,6,6,6,6,4	KNOWN:9,5,5,4,4,4,3,3,3,2
38	CAST:6,6,6,6,6,6,6,6,6,4	KNOWN:9,5,5,4,4,4,3,3,3,2
39	CAST:6,6,6,6,6,6,6,6,6,6	KNOWN:9,5,5,4,4,4,3,3,3,3



# Class Name		Hit Dice	Type			Max Level		Source Page				Define			Combat bonus							Save bonus										FACT
CLASS:Bronze Dragon	HD:12		TYPE:Monster	MAXLEVEL:NOLIMIT	SOURCEPAGE:MonstersDr-Dw	DEFINE:DragonAge|0	BONUS:COMBAT|BASEAB|classlevel()|TYPE=Base.REPLACE	BONUS:SAVE|BASE.Fortitude,BASE.Reflex,BASE.Will|classlevel()/2+2	FACT:ClassType|Monster	FACT:SpellType|Arcane
# Class Name		Required Race			Reg. Race Type
CLASS:Bronze Dragon	PRERACE:1,Dragon (Bronze%	PRERACETYPE:Dragon
# Class Name		Skill Pts/Lvl	Add INT to Skill Points?	Class Skill
CLASS:Bronze Dragon	STARTSKILLPTS:6	MODTOSKILLS:YES			CSKILL:Listen|Search|Spot|Concentration|Diplomacy|Escape Artist|Intimidate|TYPE=Knowledge|Sense Motive|Use Magic Device|Disguise|Swim|Survival
# Class Name		Spell Stat		Memorize	Use Spell List
CLASS:Bronze Dragon	SPELLSTAT:CHA	MEMORIZE:NO	SPELLLIST:5|Cleric|Sorcerer|DOMAIN.Animal|DOMAIN.Law|DOMAIN.Water
1													BONUS:VAR|DragonCL|max(DragonAge,(var("BL=Sorcerer")+var("CL=Sorcerer")))		DEFINE:DragonCL|0
1	VISION:Keen Senses	BONUS:COMBAT|AC|CL-1|TYPE=NaturalArmor.STACK	BONUS:VAR|BlindsenseRange|60|TYPE=Base|	BONUS:VAR|DarkvisionRange|120|TYPE=Base
###Block: Breath Weapon and other SA's
1	BONUS:VAR|BreathWeaponCone|max((SIZE-1)*10,15)	BONUS:VAR|BreathWeaponDuration|DragonAge							ABILITY:Special Ability|AUTOMATIC|Breath Weapon ~ Cone of Repulsion Gas
1	BONUS:VAR|BreathWeaponDamageDie|6	BONUS:VAR|BreathWeaponLine|max((SIZE-1)*20,30)	BONUS:VAR|BreathWeaponDice|(2*DragonAge)	ABILITY:Special Ability|AUTOMATIC|Breath Weapon ~ Line of Lightning
1																						ABILITY:Special Ability|AUTOMATIC|Immunity To Electricity
1																						ABILITY:Special Ability|AUTOMATIC|Immunity To Paralysis
1																						ABILITY:Special Ability|AUTOMATIC|Immunity To Sleep
1																						ABILITY:Special Ability|AUTOMATIC|Dragon ~ Keen Senses
###Block: Frightful Presence
1	BONUS:VAR|FrightfulPresRange|DragonAge*30|PREVARGTEQ:DragonAge,5	ABILITY:Special Ability|VIRTUAL|Frightful Presence|PREVARGTEQ:DragonAge,5
###Block: Normal Progression
1				BONUS:VAR|CR|3|TYPE=Base	BONUS:VAR|DragonAge|1|TYPE=Base							ABILITY:Special Ability|AUTOMATIC|Water Breathing	SPELLS:Innate|TIMES=ATWILL|CASTERLEVEL=DragonCL|Speak with Animals,11+CHA
12				BONUS:VAR|AlternateFormTimes|3	BONUS:VAR|CR|7|TYPE=Base	BONUS:VAR|DragonAge|3|TYPE=Base	ABILITY:Special Ability|AUTOMATIC|Alternate Form
15				BONUS:VAR|CR|9|TYPE=Base	BONUS:VAR|DragonAge|4|TYPE=Base
18	SR:20	DR:5/Magic	BONUS:VAR|CR|12|TYPE=Base	BONUS:VAR|DragonAge|5|TYPE=Base
21	SR:22			BONUS:VAR|CR|15|TYPE=Base	BONUS:VAR|DragonAge|6|TYPE=Base							ABILITY:Special Ability|AUTOMATIC|Crush			SPELLS:Innate|TIMES=3|CASTERLEVEL=DragonCL|Create Food and Water,13+CHA|Fog Cloud,12+CHA
24	SR:23	DR:10/Magic	BONUS:VAR|CR|17|TYPE=Base	BONUS:VAR|DragonAge|7|TYPE=Base
27	SR:25			BONUS:VAR|CR|19|TYPE=Base	BONUS:VAR|DragonAge|8|TYPE=Base																SPELLS:Innate|TIMES=3|CASTERLEVEL=DragonCL|Detect Thoughts,12+CHA
30	SR:26	DR:15/Magic	BONUS:VAR|CR|20|TYPE=Base	BONUS:VAR|DragonAge|9|TYPE=Base
33	SR:28			BONUS:VAR|CR|22|TYPE=Base	BONUS:VAR|DragonAge|10|TYPE=Base							ABILITY:Special Ability|AUTOMATIC|Tail Sweep		SPELLS:Innate|TIMES=3|CASTERLEVEL=DragonCL|Control Water,16+CHA
36	SR:29	DR:20/Magic	BONUS:VAR|CR|23|TYPE=Base	BONUS:VAR|DragonAge|11|TYPE=Base
39	SR:31			BONUS:VAR|CR|25|TYPE=Base	BONUS:VAR|DragonAge|12|TYPE=Base																SPELLS:Innate|TIMES=1|CASTERLEVEL=DragonCL|Control Weather,17+CHA

###Block: Casting Block ~ Bronze Dragon
12											BONUS:CASTERLEVEL|Bronze Dragon|((DragonAge-2)*2)-1
12	CAST:5,3				KNOWN:4,2
13	CAST:5,3				KNOWN:4,2
14	CAST:6,4				KNOWN:5,2
15	CAST:6,5				KNOWN:5,3
16	CAST:6,5				KNOWN:5,3
17	CAST:6,6,3				KNOWN:6,3,1
18	CAST:6,6,4				KNOWN:6,4,2
19	CAST:6,6,4				KNOWN:6,4,2
20	CAST:6,6,5,3			KNOWN:7,4,2,1
21	CAST:6,6,6,4			KNOWN:7,5,3,2
22	CAST:6,6,6,4			KNOWN:7,5,3,2
23	CAST:6,6,6,5,3			KNOWN:8,5,3,2,1
24	CAST:6,6,6,6,4			KNOWN:8,5,4,3,2
25	CAST:6,6,6,6,4			KNOWN:8,5,4,3,2
26	CAST:6,6,6,6,5,3			KNOWN:9,5,4,3,2,1
27	CAST:6,6,6,6,6,4			KNOWN:9,5,5,4,3,2
28	CAST:6,6,6,6,6,4			KNOWN:9,5,5,4,3,2
29	CAST:6,6,6,6,6,5,3		KNOWN:9,5,5,4,3,2,1
30	CAST:6,6,6,6,6,6,4		KNOWN:9,5,5,4,4,3,2
31	CAST:6,6,6,6,6,6,4		KNOWN:9,5,5,4,4,3,2
32	CAST:6,6,6,6,6,6,5,3		KNOWN:9,5,5,4,4,3,2,1
33	CAST:6,6,6,6,6,6,6,4		KNOWN:9,5,5,4,4,4,3,2
34	CAST:6,6,6,6,6,6,6,4		KNOWN:9,5,5,4,4,4,3,2
35	CAST:6,6,6,6,6,6,6,5,3		KNOWN:9,5,5,4,4,4,3,2,1
36	CAST:6,6,6,6,6,6,6,6,4		KNOWN:9,5,5,4,4,4,3,3,2
37	CAST:6,6,6,6,6,6,6,6,4		KNOWN:9,5,5,4,4,4,3,3,2
38	CAST:6,6,6,6,6,6,6,6,5,3	KNOWN:9,5,5,4,4,4,3,3,2,1
39	CAST:6,6,6,6,6,6,6,6,6,4	KNOWN:9,5,5,4,4,4,3,3,3,2
40	CAST:6,6,6,6,6,6,6,6,6,4	KNOWN:9,5,5,4,4,4,3,3,3,2
41	CAST:6,6,6,6,6,6,6,6,6,6	KNOWN:9,5,5,4,4,4,3,3,3,3



# Class Name		Hit Dice	Type			Max Level		Source Page				Define			Combat bonus							Save bonus										FACT
CLASS:Copper Dragon	HD:12		TYPE:Monster	MAXLEVEL:NOLIMIT	SOURCEPAGE:MonstersDr-Dw	DEFINE:DragonAge|0	BONUS:COMBAT|BASEAB|classlevel()|TYPE=Base.REPLACE	BONUS:SAVE|BASE.Fortitude,BASE.Reflex,BASE.Will|classlevel()/2+2	FACT:ClassType|Monster	FACT:SpellType|Arcane
# Class Name		Required Race			Reg. Race Type
CLASS:Copper Dragon	PRERACE:1,Dragon (Copper%	PRERACETYPE:Dragon
# Class Name		Skill Pts/Lvl	Add INT to Skill Points?	Class Skill
CLASS:Copper Dragon	STARTSKILLPTS:6	MODTOSKILLS:YES			CSKILL:Listen|Search|Spot|Concentration|Diplomacy|Escape Artist|Intimidate|TYPE=Knowledge|Sense Motive|Use Magic Device|Bluff|Hide|Jump
# Class Name		Spell Stat		Memorize	Use Spell List
CLASS:Copper Dragon	SPELLSTAT:CHA	MEMORIZE:NO	SPELLLIST:5|Cleric|Sorcerer|DOMAIN.Chaos|DOMAIN.Earth|DOMAIN.Trickery
1													BONUS:VAR|DragonCL|max(DragonAge,(var("BL=Sorcerer")+var("CL=Sorcerer")))		DEFINE:DragonCL|0
1	VISION:Keen Senses	BONUS:COMBAT|AC|CL-1|TYPE=NaturalArmor.STACK	BONUS:VAR|BlindsenseRange|60|TYPE=Base|	BONUS:VAR|DarkvisionRange|120|TYPE=Base
###Block: Breath Weapon and other SA's
1	BONUS:VAR|BreathWeaponCone|max((SIZE-1)*10,15)	BONUS:VAR|BreathWeaponDuration|DragonAge							ABILITY:Special Ability|AUTOMATIC|Breath Weapon ~ Cone of Slow
1	BONUS:VAR|BreathWeaponDamageDie|4	BONUS:VAR|BreathWeaponLine|max((SIZE-1)*20,30)	BONUS:VAR|BreathWeaponDice|(2*DragonAge)	ABILITY:Special Ability|AUTOMATIC|Breath Weapon ~ Line of Acid
1																						ABILITY:Special Ability|AUTOMATIC|Immunity To Acid
1																						ABILITY:Special Ability|AUTOMATIC|Immunity To Paralysis
1																						ABILITY:Special Ability|AUTOMATIC|Immunity To Sleep
1																						ABILITY:Special Ability|AUTOMATIC|Dragon ~ Keen Senses
###Block: Frightful Presence
1	BONUS:VAR|FrightfulPresRange|DragonAge*30|PREVARGTEQ:DragonAge,5	ABILITY:Special Ability|VIRTUAL|Frightful Presence|PREVARGTEQ:DragonAge,5
###Block: Normal Progression
1				BONUS:VAR|CR|3|TYPE=Base	BONUS:VAR|DragonAge|1|TYPE=Base	ABILITY:Special Ability|AUTOMATIC|Spider Climb
8				BONUS:VAR|CR|5|TYPE=Base	BONUS:VAR|DragonAge|2|TYPE=Base
11				BONUS:VAR|CR|7|TYPE=Base	BONUS:VAR|DragonAge|3|TYPE=Base
14				BONUS:VAR|CR|9|TYPE=Base	BONUS:VAR|DragonAge|4|TYPE=Base
17	SR:19	DR:5/Magic	BONUS:VAR|CR|11|TYPE=Base	BONUS:VAR|DragonAge|5|TYPE=Base
20	SR:21			BONUS:VAR|CR|14|TYPE=Base	BONUS:VAR|DragonAge|6|TYPE=Base									SPELLS:Innate|TIMES=2|CASTERLEVEL=DragonCL|Stone Shape,14+CHA
23	SR:23	DR:10/Magic	BONUS:VAR|CR|16|TYPE=Base	BONUS:VAR|DragonAge|7|TYPE=Base	ABILITY:Special Ability|AUTOMATIC|Crush
26	SR:25			BONUS:VAR|CR|19|TYPE=Base	BONUS:VAR|DragonAge|8|TYPE=Base									SPELLS:Innate|TIMES=1|CASTERLEVEL=DragonCL|Transmute Mud to Rock or Rock to Mud,15+CHA
29	SR:26	DR:15/Magic	BONUS:VAR|CR|20|TYPE=Base	BONUS:VAR|DragonAge|9|TYPE=Base
32	SR:28			BONUS:VAR|CR|22|TYPE=Base	BONUS:VAR|DragonAge|10|TYPE=Base									SPELLS:Innate|TIMES=1|CASTERLEVEL=DragonCL|Wall of Stone,15+CHA
35	SR:29	DR:20/Magic	BONUS:VAR|CR|23|TYPE=Base	BONUS:VAR|DragonAge|11|TYPE=Base	ABILITY:Special Ability|AUTOMATIC|Tail Sweep
38	SR:31			BONUS:VAR|CR|25|TYPE=Base	BONUS:VAR|DragonAge|12|TYPE=Base									SPELLS:Innate|TIMES=1|CASTERLEVEL=DragonCL|Move Earth,16+CHA

###Block: Casting Block ~ Copper Dragon
11											BONUS:CASTERLEVEL|Copper Dragon|((DragonAge-2)*2)-1
11	CAST:5,3				KNOWN:4,2
12	CAST:5,3				KNOWN:4,2
13	CAST:6,4				KNOWN:5,2
14	CAST:6,5				KNOWN:5,3
15	CAST:6,5				KNOWN:5,3
16	CAST:6,6,3				KNOWN:6,3,1
17	CAST:6,6,4				KNOWN:6,4,2
18	CAST:6,6,4				KNOWN:6,4,2
19	CAST:6,6,5,3			KNOWN:7,4,2,1
20	CAST:6,6,6,4			KNOWN:7,5,3,2
21	CAST:6,6,6,4			KNOWN:7,5,3,2
22	CAST:6,6,6,5,3			KNOWN:8,5,3,2,1
23	CAST:6,6,6,6,4			KNOWN:8,5,4,3,2
24	CAST:6,6,6,6,4			KNOWN:8,5,4,3,2
25	CAST:6,6,6,6,5,3			KNOWN:9,5,4,3,2,1
26	CAST:6,6,6,6,6,4			KNOWN:9,5,5,4,3,2
27	CAST:6,6,6,6,6,4			KNOWN:9,5,5,4,3,2
28	CAST:6,6,6,6,6,5,3		KNOWN:9,5,5,4,3,2,1
29	CAST:6,6,6,6,6,6,4		KNOWN:9,5,5,4,4,3,2
30	CAST:6,6,6,6,6,6,4		KNOWN:9,5,5,4,4,3,2
31	CAST:6,6,6,6,6,6,5,3		KNOWN:9,5,5,4,4,3,2,1
32	CAST:6,6,6,6,6,6,6,4		KNOWN:9,5,5,4,4,4,3,2
33	CAST:6,6,6,6,6,6,6,4		KNOWN:9,5,5,4,4,4,3,2
34	CAST:6,6,6,6,6,6,6,5,3		KNOWN:9,5,5,4,4,4,3,2,1
35	CAST:6,6,6,6,6,6,6,6,4		KNOWN:9,5,5,4,4,4,3,3,2
36	CAST:6,6,6,6,6,6,6,6,4		KNOWN:9,5,5,4,4,4,3,3,2
37	CAST:6,6,6,6,6,6,6,6,5,3	KNOWN:9,5,5,4,4,4,3,3,2,1
38	CAST:6,6,6,6,6,6,6,6,6,4	KNOWN:9,5,5,4,4,4,3,3,3,2
39	CAST:6,6,6,6,6,6,6,6,6,4	KNOWN:9,5,5,4,4,4,3,3,3,2
40	CAST:6,6,6,6,6,6,6,6,6,6	KNOWN:9,5,5,4,4,4,3,3,3,3



# Class Name	Hit Dice	Type			Max Level		Source Page				Define			Combat bonus							Save bonus										FACT
CLASS:Gold Dragon	HD:12		TYPE:Monster	MAXLEVEL:NOLIMIT	SOURCEPAGE:MonstersDr-Dw	DEFINE:DragonAge|0	BONUS:COMBAT|BASEAB|classlevel()|TYPE=Base.REPLACE	BONUS:SAVE|BASE.Fortitude,BASE.Reflex,BASE.Will|classlevel()/2+2	FACT:ClassType|Monster	FACT:SpellType|Arcane
# Class Name	Required Race		Reg. Race Type
CLASS:Gold Dragon	PRERACE:1,Dragon (Gold%	PRERACETYPE:Dragon
# Class Name	Skill Pts/Lvl	Add INT to Skill Points?	Class Skill
CLASS:Gold Dragon	STARTSKILLPTS:6	MODTOSKILLS:YES			CSKILL:Listen|Search|Spot|Concentration|Diplomacy|Escape Artist|Intimidate|TYPE=Knowledge|Sense Motive|Use Magic Device|Disguise|Heal|Swim
# Class Name	Spell Stat		Memorize	Use Spell List
CLASS:Gold Dragon	SPELLSTAT:CHA	MEMORIZE:NO	SPELLLIST:5|Cleric|Sorcerer|DOMAIN.Good|DOMAIN.Law|DOMAIN.Luck
1													BONUS:VAR|DragonCL|max(DragonAge,(var("BL=Sorcerer")+var("CL=Sorcerer")))		DEFINE:DragonCL|0
1	VISION:Keen Senses	BONUS:COMBAT|AC|CL-1|TYPE=NaturalArmor.STACK	BONUS:VAR|BlindsenseRange|60|TYPE=Base|	BONUS:VAR|DarkvisionRange|120|TYPE=Base
###Block: Breath Weapon and other SA's
1	BONUS:VAR|BreathWeaponCone|max((SIZE-1)*10,15)	BONUS:VAR|BreathWeaponStatDamage|DragonAge	DEFINE:BreathWeaponStatDamage|0	ABILITY:Special Ability|AUTOMATIC|Breath Weapon ~ Cone of Weakening Gas
1	BONUS:VAR|BreathWeaponDamageDie|10	BONUS:VAR|BreathWeaponDice|(2*DragonAge)										ABILITY:Special Ability|AUTOMATIC|Breath Weapon ~ Cone of Fire
1																							ABILITY:Special Ability|AUTOMATIC|Vulnerability To Cold
1																							ABILITY:Special Ability|AUTOMATIC|Immunity To Fire
1																							ABILITY:Special Ability|AUTOMATIC|Water Breathing
1																							ABILITY:Special Ability|AUTOMATIC|Immunity To Paralysis
1																							ABILITY:Special Ability|AUTOMATIC|Immunity To Sleep
1																							ABILITY:Special Ability|AUTOMATIC|Dragon ~ Keen Senses
###Block: Frightful Presence
1	BONUS:VAR|FrightfulPresRange|DragonAge*30|PREVARGTEQ:DragonAge,5	ABILITY:Special Ability|VIRTUAL|Frightful Presence|PREVARGTEQ:DragonAge,5
###Block: Normal Progression
1				BONUS:VAR|AlternateFormTimes|3	BONUS:VAR|CR|5|TYPE=Base	BONUS:VAR|DragonAge|1|TYPE=Base	ABILITY:Special Ability|AUTOMATIC|Alternate Form
11				BONUS:VAR|CR|7|TYPE=Base	BONUS:VAR|DragonAge|2|TYPE=Base
14				BONUS:VAR|CR|9|TYPE=Base	BONUS:VAR|DragonAge|3|TYPE=Base
17				BONUS:VAR|CR|11|TYPE=Base	BONUS:VAR|DragonAge|4|TYPE=Base																SPELLS:Innate|TIMES=3|CASTERLEVEL=DragonCL|Bless,11+CHA
20	SR:21	DR:5/Magic	BONUS:VAR|CR|14|TYPE=Base	BONUS:VAR|DragonAge|5|TYPE=Base							ABILITY:Special Ability|AUTOMATIC|Crush
23	SR:23			BONUS:VAR|CR|16|TYPE=Base	BONUS:VAR|DragonAge|6|TYPE=Base							ABILITY:Special Ability|AUTOMATIC|Luck Bonus
26	SR:25	DR:10/Magic	BONUS:VAR|CR|19|TYPE=Base	BONUS:VAR|DragonAge|7|TYPE=Base							ABILITY:Special Ability|AUTOMATIC|Detect Gems
29	SR:27			BONUS:VAR|CR|21|TYPE=Base	BONUS:VAR|DragonAge|8|TYPE=Base							ABILITY:Special Ability|AUTOMATIC|Tail Sweep		SPELLS:Innate|TIMES=1|CASTERLEVEL=DragonCL|Geas/Quest,16+CHA
32	SR:28	DR:15/Magic	BONUS:VAR|CR|22|TYPE=Base	BONUS:VAR|DragonAge|9|TYPE=Base
35	SR:30			BONUS:VAR|CR|24|TYPE=Base	BONUS:VAR|DragonAge|10|TYPE=Base																SPELLS:Innate|TIMES=1|CASTERLEVEL=DragonCL|Sunburst,18+CHA
38	SR:31	DR:20/Magic	BONUS:VAR|CR|25|TYPE=Base	BONUS:VAR|DragonAge|11|TYPE=Base
41	SR:33			BONUS:VAR|CR|27|TYPE=Base	BONUS:VAR|DragonAge|12|TYPE=Base																SPELLS:Innate|TIMES=1|CASTERLEVEL=DragonCL|Foresight,19+CHA

###Block: Casting Block ~ Gold Dragon
14											BONUS:CASTERLEVEL|Gold Dragon|((DragonAge-2)*2)-1
14	CAST:5,3				KNOWN:4,2
15	CAST:5,3				KNOWN:4,2
16	CAST:6,4				KNOWN:5,2
17	CAST:6,5				KNOWN:5,3
18	CAST:6,5				KNOWN:5,3
19	CAST:6,6,3				KNOWN:6,3,1
20	CAST:6,6,4				KNOWN:6,4,2
21	CAST:6,6,4				KNOWN:6,4,2
22	CAST:6,6,5,3			KNOWN:7,4,2,1
23	CAST:6,6,6,4			KNOWN:7,5,3,2
24	CAST:6,6,6,4			KNOWN:7,5,3,2
25	CAST:6,6,6,5,3			KNOWN:8,5,3,2,1
26	CAST:6,6,6,6,4			KNOWN:8,5,4,3,2
27	CAST:6,6,6,6,4			KNOWN:8,5,4,3,2
28	CAST:6,6,6,6,5,3			KNOWN:9,5,4,3,2,1
29	CAST:6,6,6,6,6,4			KNOWN:9,5,5,4,3,2
30	CAST:6,6,6,6,6,4			KNOWN:9,5,5,4,3,2
31	CAST:6,6,6,6,6,5,3		KNOWN:9,5,5,4,3,2,1
32	CAST:6,6,6,6,6,6,4		KNOWN:9,5,5,4,4,3,2
33	CAST:6,6,6,6,6,6,4		KNOWN:9,5,5,4,4,3,2
34	CAST:6,6,6,6,6,6,5,3		KNOWN:9,5,5,4,4,3,2,1
35	CAST:6,6,6,6,6,6,6,4		KNOWN:9,5,5,4,4,4,3,2
36	CAST:6,6,6,6,6,6,6,4		KNOWN:9,5,5,4,4,4,3,2
37	CAST:6,6,6,6,6,6,6,5,3		KNOWN:9,5,5,4,4,4,3,2,1
38	CAST:6,6,6,6,6,6,6,6,4		KNOWN:9,5,5,4,4,4,3,3,2
39	CAST:6,6,6,6,6,6,6,6,4		KNOWN:9,5,5,4,4,4,3,3,2
40	CAST:6,6,6,6,6,6,6,6,5,3	KNOWN:9,5,5,4,4,4,3,3,2,1
41	CAST:6,6,6,6,6,6,6,6,6,4	KNOWN:9,5,5,4,4,4,3,3,3,2
42	CAST:6,6,6,6,6,6,6,6,6,4	KNOWN:9,5,5,4,4,4,3,3,3,2
43	CAST:6,6,6,6,6,6,6,6,6,6	KNOWN:9,5,5,4,4,4,3,3,3,3



# Class Name		Hit Dice	Type			Max Level		Source Page				Combat bonus							Save bonus										FACT
CLASS:Silver Dragon	HD:12		TYPE:Monster	MAXLEVEL:NOLIMIT	SOURCEPAGE:MonstersDr-Dw	BONUS:COMBAT|BASEAB|classlevel()|TYPE=Base.REPLACE	BONUS:SAVE|BASE.Fortitude,BASE.Reflex,BASE.Will|classlevel()/2+2	FACT:ClassType|Monster	FACT:SpellType|Arcane
# Class Name		Required Race			Reg. Race Type
CLASS:Silver Dragon	PRERACE:1,Dragon (Silver%	PRERACETYPE:Dragon
# Class Name		Skill Pts/Lvl	Add INT to Skill Points?	Class Skill
CLASS:Silver Dragon	STARTSKILLPTS:6	MODTOSKILLS:YES			CSKILL:Listen|Search|Spot|Concentration|Diplomacy|Escape Artist|Intimidate|TYPE=Knowledge|Sense Motive|Use Magic Device|Bluff|Disguise|Jump
# Class Name		Spell Stat		Memorize	Use Spell List
CLASS:Silver Dragon	SPELLSTAT:CHA	MEMORIZE:NO	SPELLLIST:6|Cleric|Sorcerer|DOMAIN.Air|DOMAIN.Good|DOMAIN.Law|DOMAIN.Sun
1													BONUS:VAR|DragonCL|max(DragonAge,(var("BL=Sorcerer")+var("CL=Sorcerer")))		DEFINE:DragonCL|0
1	VISION:Keen Senses	BONUS:COMBAT|AC|CL-1|TYPE=NaturalArmor.STACK	BONUS:VAR|BlindsenseRange|60|TYPE=Base|	BONUS:VAR|DarkvisionRange|120|TYPE=Base
###Block: Breath Weapon and other SA's
1	BONUS:VAR|BreathWeaponCone|max((SIZE-1)*10,15)	BONUS:VAR|BreathWeaponDuration|DragonAge	ABILITY:Special Ability|AUTOMATIC|Breath Weapon ~ Cone of Paralyzing Gas
1	BONUS:VAR|BreathWeaponDamageDie|8	BONUS:VAR|BreathWeaponDice|(2*DragonAge)			ABILITY:Special Ability|AUTOMATIC|Breath Weapon ~ Cone of Cold
1																ABILITY:Special Ability|AUTOMATIC|Vulnerability To Fire
1																ABILITY:Special Ability|AUTOMATIC|Immunity To Acid
1																ABILITY:Special Ability|AUTOMATIC|Immunity To Cold
1																ABILITY:Special Ability|AUTOMATIC|Cloudwalking
1																ABILITY:Special Ability|AUTOMATIC|Immunity To Paralysis
1																ABILITY:Special Ability|AUTOMATIC|Immunity To Sleep
1																ABILITY:Special Ability|AUTOMATIC|Dragon ~ Keen Senses
###Block: Frightful Presence
1	BONUS:VAR|FrightfulPresRange|DragonAge*30|PREVARGTEQ:DragonAge,5	ABILITY:Special Ability|VIRTUAL|Frightful Presence|PREVARGTEQ:DragonAge,5
###Block: Normal Progression
1				BONUS:VAR|AlternateFormTimes|3	BONUS:VAR|CR|4|TYPE=Base	BONUS:VAR|DragonAge|1|TYPE=Base	ABILITY:Special Ability|AUTOMATIC|Alternate Form
10				BONUS:VAR|CR|5|TYPE=Base	BONUS:VAR|DragonAge|2|TYPE=Base
13				BONUS:VAR|CR|7|TYPE=Base	BONUS:VAR|DragonAge|3|TYPE=Base
16				BONUS:VAR|CR|10|TYPE=Base	BONUS:VAR|DragonAge|4|TYPE=Base																SPELLS:Innate|TIMES=2|CASTERLEVEL=DragonCL|Feather Fall,11+CHA
19	SR:20	DR:5/Magic	BONUS:VAR|CR|13|TYPE=Base	BONUS:VAR|DragonAge|5|TYPE=Base
22	SR:22			BONUS:VAR|CR|15|TYPE=Base	BONUS:VAR|DragonAge|6|TYPE=Base							ABILITY:Special Ability|AUTOMATIC|Crush			SPELLS:Innate|TIMES=3|CASTERLEVEL=DragonCL|Fog Cloud,12+CHA
25	SR:24	DR:10/Magic	BONUS:VAR|CR|18|TYPE=Base	BONUS:VAR|DragonAge|7|TYPE=Base
28	SR:26			BONUS:VAR|CR|20|TYPE=Base	BONUS:VAR|DragonAge|8|TYPE=Base																SPELLS:Innate|TIMES=3|CASTERLEVEL=DragonCL|Control Winds,15+CHA
31	SR:27	DR:15/Magic	BONUS:VAR|CR|21|TYPE=Base	BONUS:VAR|DragonAge|9|TYPE=Base
34	SR:29			BONUS:VAR|CR|23|TYPE=Base	BONUS:VAR|DragonAge|10|TYPE=Base																SPELLS:Innate|TIMES=1|CASTERLEVEL=DragonCL|Control Weather,17+CHA
37	SR:30	DR:20/Magic	BONUS:VAR|CR|24|TYPE=Base	BONUS:VAR|DragonAge|11|TYPE=Base							ABILITY:Special Ability|AUTOMATIC|Tail Sweep
40	SR:32			BONUS:VAR|CR|26|TYPE=Base	BONUS:VAR|DragonAge|12|TYPE=Base																SPELLS:Innate|TIMES=1|CASTERLEVEL=DragonCL|Reverse Gravity,17+CHA

###Block: Casting Block ~ Silver Dragon
13											BONUS:CASTERLEVEL|Silver Dragon|((DragonAge-2)*2)-1
13	CAST:5,3				KNOWN:4,2
14	CAST:5,3				KNOWN:4,2
15	CAST:6,4				KNOWN:5,2
16	CAST:6,5				KNOWN:5,3
17	CAST:6,5				KNOWN:5,3
18	CAST:6,6,3				KNOWN:6,3,1
19	CAST:6,6,4				KNOWN:6,4,2
20	CAST:6,6,4				KNOWN:6,4,2
21	CAST:6,6,5,3			KNOWN:7,4,2,1
22	CAST:6,6,6,4			KNOWN:7,5,3,2
23	CAST:6,6,6,4			KNOWN:7,5,3,2
24	CAST:6,6,6,5,3			KNOWN:8,5,3,2,1
25	CAST:6,6,6,6,4			KNOWN:8,5,4,3,2
26	CAST:6,6,6,6,4			KNOWN:8,5,4,3,2
27	CAST:6,6,6,6,5,3			KNOWN:9,5,4,3,2,1
28	CAST:6,6,6,6,6,4			KNOWN:9,5,5,4,3,2
29	CAST:6,6,6,6,6,4			KNOWN:9,5,5,4,3,2
30	CAST:6,6,6,6,6,5,3		KNOWN:9,5,5,4,3,2,1
31	CAST:6,6,6,6,6,6,4		KNOWN:9,5,5,4,4,3,2
32	CAST:6,6,6,6,6,6,4		KNOWN:9,5,5,4,4,3,2
33	CAST:6,6,6,6,6,6,5,3		KNOWN:9,5,5,4,4,3,2,1
34	CAST:6,6,6,6,6,6,6,4		KNOWN:9,5,5,4,4,4,3,2
35	CAST:6,6,6,6,6,6,6,4		KNOWN:9,5,5,4,4,4,3,2
36	CAST:6,6,6,6,6,6,6,5,3		KNOWN:9,5,5,4,4,4,3,2,1
37	CAST:6,6,6,6,6,6,6,6,4		KNOWN:9,5,5,4,4,4,3,3,2
38	CAST:6,6,6,6,6,6,6,6,4		KNOWN:9,5,5,4,4,4,3,3,2
39	CAST:6,6,6,6,6,6,6,6,5,3	KNOWN:9,5,5,4,4,4,3,3,2,1
40	CAST:6,6,6,6,6,6,6,6,6,4	KNOWN:9,5,5,4,4,4,3,3,3,2
41	CAST:6,6,6,6,6,6,6,6,6,4	KNOWN:9,5,5,4,4,4,3,3,3,2
42	CAST:6,6,6,6,6,6,6,6,6,6	KNOWN:9,5,5,4,4,4,3,3,3,3
