# CVS $Revision$ $Author$ -- Thu Jul 10 13:41:29 2014 -- reformated by prettylst.pl v1.51 (build 24365)
SOURCELONG:Malhavoc Press - Book of Eldritch Might	SOURCESHORT:BoEM1	SOURCEWEB:http://www.montecook.com	SOURCEDATE:2001-12
#Spell names and other proper names from The Book of Eldritch Might are
#	©2001-2005 Monte J. Cook and are used here with his permission.
#ITEM:Potion tag added by: Paul "Yes, that Paul" Grosse

# Spell Name				Classes of caster					School			Sub-School			Spell Descriptors			Type				Components		Casting Time		Range			Item		Target Area or Effect												Duration						Save Info					Spell Resistance		Source Page		Description
Acidic Curse				CLASSES:Sorcerer,Wizard=1			SCHOOL:Evocation						DESCRIPTOR:Acid			TYPE:Arcane			COMPS:V S M		CASTTIME:1 action		RANGE:Close		ITEM:Potion	TARGETAREA:One creature with eyes										DURATION:Instantaneous				SAVEINFO:Fortitude negates		SPELLRES:Yes		SOURCEPAGE:p.10	DESC:See text
Arcana Form					CLASSES:Sorcerer,Wizard=9			SCHOOL:Transmutation										TYPE:Arcane			COMPS:V S		CASTTIME:1 action		RANGE:Personal			TARGETAREA:You													DURATION:10 minutes/level			SAVEINFO:None				SPELLRES:No			SOURCEPAGE:p.10	DESC:See text
Bind Item					CLASSES:Sorcerer,Wizard=4			SCHOOL:Evocation											TYPE:Arcane			COMPS:V S		CASTTIME:1 action		RANGE:Close		ITEM:Potion	TARGETAREA:1 object no larger than 3 ft. across								DURATION:10 minutes/level			SAVEINFO:None				SPELLRES:No			SOURCEPAGE:p.10	DESC:See text
Black Mulching				CLASSES:Druid,Sorcerer,Wizard=4		SCHOOL:Necromancy											TYPE:Arcane.Divine	COMPS:V S M		CASTTIME:1 action		RANGE:Medium	ITEM:Potion	TARGETAREA:Special												DURATION:1 round/level				SAVEINFO:None				SPELLRES:Yes		SOURCEPAGE:p.11	DESC:See text
Bolt of Conjuring				CLASSES:Sorcerer,Wizard=3			SCHOOL:Conjuration	SUBSCHOOL:Summoning						TYPE:Arcane			COMPS:V S		CASTTIME:1 action		RANGE:Medium	ITEM:Potion	TARGETAREA:1 creature												DURATION:Instantaneous				SAVEINFO:None				SPELLRES:No			SOURCEPAGE:p.11	DESC:See text
Bone Tattoo					CLASSES:Sorcerer,Wizard=3			SCHOOL:Necromancy											TYPE:Arcane			COMPS:V S M		CASTTIME:1 minute		RANGE:Touch		ITEM:Potion	TARGETAREA:1 living creature											DURATION:1 minute/level				SAVEINFO:Will negates (harmless)	SPELLRES:Yes		SOURCEPAGE:p.11	DESC:See text
Chains of Vengeance			CLASSES:Sorcerer,Wizard=4			SCHOOL:Evocation						DESCRIPTOR:Fire			TYPE:Arcane			COMPS:V S		CASTTIME:1 action		RANGE:Medium	ITEM:Potion	TARGETAREA:1 creature												DURATION:1 round/level				SAVEINFO:Reflex negates			SPELLRES:Yes		SOURCEPAGE:p.11	DESC:See text
Coldscream					CLASSES:Sorcerer,Wizard=4			SCHOOL:Evocation						DESCRIPTOR:Cold|Sonic		TYPE:Arcane			COMPS:V S		CASTTIME:1 action		RANGE:Close		ITEM:Potion	TARGETAREA:Cone													DURATION:Instantaneous				SAVEINFO:Reflex half			SPELLRES:Yes		SOURCEPAGE:p.11	DESC:See text
Coma						CLASSES:Cleric,Sorcerer,Wizard=6		SCHOOL:Enchantment	SUBSCHOOL:Compulsion	DESCRIPTOR:Mind-Affecting	TYPE:Arcane.Divine	COMPS:S M		CASTTIME:1 action		RANGE:Close		ITEM:Potion	TARGETAREA:1 living creature											DURATION:1 hour/level				SAVEINFO:Fortitude negates		SPELLRES:Yes		SOURCEPAGE:p.11	DESC:See text
Conditional Spell				CLASSES:Sorcerer,Wizard=6			SCHOOL:Evocation											TYPE:Arcane			COMPS:V S		CASTTIME:1 action		RANGE:Close		ITEM:Potion	TARGETAREA:1 creature or object										DURATION:Until discharged			SAVEINFO:Will negates			SPELLRES:Yes		SOURCEPAGE:p.12	DESC:See text
Cross of Lightning			CLASSES:Sorcerer,Wizard=5			SCHOOL:Evocation						DESCRIPTOR:Electricity		TYPE:Arcane			COMPS:V S M		CASTTIME:1 action		RANGE:Medium	ITEM:Potion	TARGETAREA:4 bolts, 5 ft. wide to medium range or 10 ft. wide to 50 ft. + 5 ft./level	DURATION:Instantaneous				SAVEINFO:Reflex half			SPELLRES:Yes		SOURCEPAGE:p.12	DESC:See text
Devlin's Barb				CLASSES:Sorcerer,Wizard=0|Assassin=1	SCHOOL:Conjuration	SUBSCHOOL:Creation						TYPE:Arcane			COMPS:V S		CASTTIME:1 action		RANGE:Personal			TARGETAREA:1 arrow, bolt, bullet or sling stone								DURATION:1 minute/level				SAVEINFO:None				SPELLRES:No			SOURCEPAGE:p.12	DESC:See text
Devlin's Venomblade			CLASSES:Assassin,Sorcerer,Wizard=3		SCHOOL:Conjuration	SUBSCHOOL:Creation						TYPE:Arcane			COMPS:V S		CASTTIME:1 action		RANGE:Personal			TARGETAREA:1 poisoned slashing weapon									DURATION:1 minute/level				SAVEINFO:None				SPELLRES:No			SOURCEPAGE:p.12	DESC:See text
Dragonskin					CLASSES:Bard,Sorcerer,Wizard=3		SCHOOL:Conjuration	SUBSCHOOL:Creation						TYPE:Arcane			COMPS:S M		CASTTIME:1 action		RANGE:Personal			TARGETAREA:You													DURATION:10 minutes/level			SAVEINFO:None				SPELLRES:No			SOURCEPAGE:p.13	DESC:See text
Electrical Deluge				CLASSES:Sorcerer,Wizard=6			SCHOOL:Evocation						DESCRIPTOR:Electricity		TYPE:Arcane			COMPS:V S M		CASTTIME:1 action		RANGE:Medium	ITEM:Potion	TARGETAREA:A spread centered on you, 5 ft. high and 200 ft. across				DURATION:Instantaneous				SAVEINFO:Reflex half			SPELLRES:Yes		SOURCEPAGE:p.13	DESC:See text
Elemental Shroud				CLASSES:Sorcerer,Wizard=5			SCHOOL:Necromancy						DESCRIPTOR:Varies			TYPE:Arcane			COMPS:V S		CASTTIME:1 action		RANGE:Medium	ITEM:Potion	TARGETAREA:Up to 1 animate dead creature/level								DURATION:Instantaneous				SAVEINFO:None				SPELLRES:No			SOURCEPAGE:p.13	DESC:See text
Enchanting Flavor				CLASSES:Sorcerer,Wizard=0			SCHOOL:Transmutation					DESCRIPTOR:Mind-Affecting	TYPE:Arcane			COMPS:V S M		CASTTIME:1 round		RANGE:Touch		ITEM:Potion	TARGETAREA:1 meal													DURATION:Instantaneous				SAVEINFO:None				SPELLRES:No			SOURCEPAGE:p.13	DESC:See text
Enhance Magical Flow			CLASSES:Cleric,Sorcerer,Wizard=2		SCHOOL:Universal											TYPE:Arcane.Divine	COMPS:V S M		CASTTIME:1 action		RANGE:Personal			TARGETAREA:You													DURATION:10 minutes/level			SAVEINFO:None (harmless)		SPELLRES:No			SOURCEPAGE:p.13	DESC:See text
Flaming Corrosion				CLASSES:Sorcerer,Wizard=4			SCHOOL:Evocation						DESCRIPTOR:Fire|Acid		TYPE:Arcane			COMPS:V S		CASTTIME:1 action		RANGE:Close		ITEM:Potion	TARGETAREA:Cone													DURATION:Instantaneous				SAVEINFO:Reflex half			SPELLRES:Yes		SOURCEPAGE:p.14	DESC:See text
Foil Tracer					CLASSES:Sorcerer,Wizard=3|Druid=6		SCHOOL:Abjuration											TYPE:Arcane.Divine	COMPS:V S		CASTTIME:1 action		RANGE:Close		ITEM:Potion	TARGETAREA:1 creature												DURATION:1 minute/level				SAVEINFO:None				SPELLRES:No			SOURCEPAGE:p.14	DESC:See text
Freezing Claw				CLASSES:Sorcerer,Wizard=6			SCHOOL:Conjuration					DESCRIPTOR:Cold			TYPE:Arcane			COMPS:V S M		CASTTIME:1 action		RANGE:Close		ITEM:Potion	TARGETAREA:A small claw of ice										DURATION:1 round/level				SAVEINFO:Fortitude partial		SPELLRES:Yes		SOURCEPAGE:p.14	DESC:See text
Greater Magical Flow Enhancement	CLASSES:Cleric,Sorcerer,Wizard=4		SCHOOL:Universal											TYPE:Arcane.Divine	COMPS:V S M		CASTTIME:1 action		RANGE:Personal			TARGETAREA:You													DURATION:10 minutes/level			SAVEINFO:None (harmless)		SPELLRES:No			SOURCEPAGE:p.14	DESC:See text
Greater Mark of Air			CLASSES:Druid,Sorcerer,Wizard=4		SCHOOL:Evocation											TYPE:Arcane.Divine	COMPS:V S		CASTTIME:1 round		RANGE:Touch		ITEM:Potion	TARGETAREA:1 creature												DURATION:1 hour/level or until discharged	SAVEINFO:Will negates (harmless)	SPELLRES:Yes		SOURCEPAGE:p.14	DESC:See text
Greater Mark of Earth			CLASSES:Druid,Sorcerer,Wizard=4		SCHOOL:Evocation											TYPE:Arcane.Divine	COMPS:V S		CASTTIME:1 round		RANGE:Touch		ITEM:Potion	TARGETAREA:1 creature												DURATION:1 hour/level or until discharged	SAVEINFO:Will negates (harmless)	SPELLRES:Yes		SOURCEPAGE:p.14	DESC:See text
Greater Mark of Fire			CLASSES:Druid,Sorcerer,Wizard=4		SCHOOL:Evocation						DESCRIPTOR:Fire			TYPE:Arcane.Divine	COMPS:V S		CASTTIME:1 round		RANGE:Touch		ITEM:Potion	TARGETAREA:1 creatrue												DURATION:1 hour/level or until discharged	SAVEINFO:Will negates (harmless)	SPELLRES:No			SOURCEPAGE:p.14	DESC:See text
Greater Mark of Frost			CLASSES:Druid,Sorcerer,Wizard=4		SCHOOL:Evocation						DESCRIPTOR:Cold			TYPE:Arcane.Divine	COMPS:V S		CASTTIME:1 round		RANGE:Touch		ITEM:Potion	TARGETAREA:1 creature												DURATION:1 hour/level or until discharged	SAVEINFO:Will negates (harmless)	SPELLRES:Yes		SOURCEPAGE:p.15	DESC:See text
Greater Mark of Water			CLASSES:Druid,Sorcerer,Wizard=4		SCHOOL:Evocation											TYPE:Arcane.Divine	COMPS:V S		CASTTIME:1 round		RANGE:Touch		ITEM:Potion	TARGETAREA:1 creature												DURATION:1 hour/level or until discharged	SAVEINFO:Will negates (harmless)	SPELLRES:Yes		SOURCEPAGE:p.15	DESC:See text
Greater Sleep				CLASSES:Bard,Sorcerer,Wizard=3		SCHOOL:Enchantment					DESCRIPTOR:Mind-Affecting	TYPE:Arcane			COMPS:V S M		CASTTIME:1 action		RANGE:Medium	ITEM:Potion	TARGETAREA:Several living creatures within a 15 ft. radius burst					DURATION:1 minute/level				SAVEINFO:Will negates			SPELLRES:Yes		SOURCEPAGE:p.15	DESC:See text
Guilt						CLASSES:Bard,Cleric,Sorcerer,Wizard=1	SCHOOL:Enchantment	SUBSCHOOL:Compulsion	DESCRIPTOR:Mind-Affecting	TYPE:Arcane.Divine	COMPS:V S AF	CASTTIME:1 action		RANGE:Medium	ITEM:Potion	TARGETAREA:1 living creature of non-good alignment							DURATION:1d4 rounds				SAVEINFO:Will negates			SPELLRES:Yes		SOURCEPAGE:p.15	DESC:See text
Hidden Object				CLASSES:Sorcerer,Wizard=4			SCHOOL:Transmutation										TYPE:Arcane			COMPS:V S		CASTTIME:1 action		RANGE:Touch		ITEM:Potion	TARGETAREA:1 object												DURATION:Permanent				SAVEINFO:None				SPELLRES:No			SOURCEPAGE:p.15	DESC:See text
Icebolt					CLASSES:Druid,Sorcerer,Wizard=2		SCHOOL:Evocation						DESCRIPTOR:Cold			TYPE:Arcane.Divine	COMPS:V S		CASTTIME:1 action		RANGE:Medium	ITEM:Potion	TARGETAREA:1 creature												DURATION:Instantaneous				SAVEINFO:None				SPELLRES:Yes		SOURCEPAGE:p.15	DESC:See text
Imbue Guardian				CLASSES:Sorcerer,Wizard=8			SCHOOL:Transmutation										TYPE:Arcane			COMPS:V S		CASTTIME:1 hour		RANGE:Medium	ITEM:Potion	TARGETAREA:1 creature												DURATION:Instantaneous				SAVEINFO:None				SPELLRES:No			SOURCEPAGE:p.16	DESC:See text
Lesser Mirror Calling										SCHOOL:Conjuration	SUBSCHOOL:Calling							TYPE:Arcane			COMPS:V S AF	CASTTIME:10 minutes	RANGE:Touch		ITEM:Potion	TARGETAREA:1 summoned elemental or outsider of up to 8 HD						DURATION:Instantaneous				SAVEINFO:None				SPELLRES:No			SOURCEPAGE:p.16	DESC:See text
Magma Burst					CLASSES:Druid,Sorcerer,Wizard=9		SCHOOL:Conjuration	SUBSCHOOL:Creation						TYPE:Arcane.Divine	COMPS:V S		CASTTIME:1 round		RANGE:Medium	ITEM:Potion	TARGETAREA:50 ft radius												DURATION:Instantaneous				SAVEINFO:Reflex half			SPELLRES:Yes		SOURCEPAGE:p.16	DESC:See text
Mantle of Egregious Might		CLASSES:Sorcerer,Wizard=8			SCHOOL:Transmutation										TYPE:Arcane			COMPS:V S AF	CASTTIME:1 round		RANGE:Touch		ITEM:Potion	TARGETAREA:1 creature												DURATION:10 minutes/level			SAVEINFO:None (harmless)		SPELLRES:No			SOURCEPAGE:p.16	DESC:See text
Mark of Air					CLASSES:Druid,Sorcerer,Wizard=2		SCHOOL:Evocation											TYPE:Arcane.Divine	COMPS:V S		CASTTIME:1 round		RANGE:Touch		ITEM:Potion	TARGETAREA:1 creature												DURATION:1 hour/level or until discharged	SAVEINFO:Will negates (harmless)	SPELLRES:Yes		SOURCEPAGE:p.17	DESC:See text
Mark of Acid											SCHOOL:Evocation											TYPE:Arcane.Divine	COMPS:V S		CASTTIME:1 round		RANGE:Touch		ITEM:Potion	TARGETAREA:1 creature												DURATION:1 hour/level or until discharged	SAVEINFO:Will negates (harmless)	SPELLRES:Yes		SOURCEPAGE:p.17	DESC:See text
Mark of Death				CLASSES:Sorcerer,Wizard=8			SCHOOL:Evocation						DESCRIPTOR:Death			TYPE:Arcane			COMPS:V S		CASTTIME:1 round		RANGE:Touch		ITEM:Potion	TARGETAREA:1 creatrue												DURATION:1 hour/level or until discharged	SAVEINFO:Will negates (harmless)	SPELLRES:Yes		SOURCEPAGE:p.17	DESC:See text
Mark of Earth				CLASSES:Druid,Sorcerer,Wizard=2		SCHOOL:Evocation											TYPE:Arcane.Divine	COMPS:V S		CASTTIME:1 round		RANGE:Touch		ITEM:Potion	TARGETAREA:1 creature												DURATION:1 hour/level or until discharged	SAVEINFO:Will negates (harmless)	SPELLRES:Yes		SOURCEPAGE:p.17	DESC:See text
Mark of Fire				CLASSES:Druid,Sorcerer,Wizard=2		SCHOOL:Evocation						DESCRIPTOR:Fire			TYPE:Arcane.Divine	COMPS:V S		CASTTIME:1 round		RANGE:Touch		ITEM:Potion	TARGETAREA:1 creature												DURATION:1 hour/level or until discharged	SAVEINFO:Will negates (harmless)	SPELLRES:Yes		SOURCEPAGE:p.17	DESC:See text
Mark of Frost				CLASSES:Druid,Sorcerer,Wizard=2		SCHOOL:Evocation						DESCRIPTOR:Cold			TYPE:Arcane.Divine	COMPS:V S		CASTTIME:1 round		RANGE:Touch		ITEM:Potion	TARGETAREA:1 creatrue												DURATION:1 hour/level or until discharged	SAVEINFO:Will negates (harmless)	SPELLRES:Yes		SOURCEPAGE:p.17	DESC:See text
Mark of Sound											SCHOOL:Evocation											TYPE:Arcane.Divine	COMPS:V S		CASTTIME:1 round		RANGE:Touch		ITEM:Potion	TARGETAREA:1 creature												DURATION:1 hour/level or until discharged	SAVEINFO:Will negates (harmless)	SPELLRES:Yes		SOURCEPAGE:p.17	DESC:See text
Mark of Water				CLASSES:Druid,Sorcerer,Wizard=2		SCHOOL:Evocation											TYPE:Arcane.Divine	COMPS:V S		CASTTIME:1 round		RANGE:Touch		ITEM:Potion	TARGETAREA:1 creature												DURATION:1 hour/level or until discharged	SAVEINFO:Will negates (harmless)	SPELLRES:Yes		SOURCEPAGE:p.18	DESC:See text
Mass Fly (EMI)				CLASSES:Sorcerer,Wizard=7			SCHOOL:Transmutation										TYPE:Arcane			COMPS:V S M		CASTTIME:1 action		RANGE:Touch		ITEM:Potion	TARGETAREA:Up to 1 creature/level touched									DURATION:10 minutes/level			SAVEINFO:None				SPELLRES:Yes (harmless)	SOURCEPAGE:p.18	DESC:See text
Mental Alarm				CLASSES:Sorcerer,Wizard=0			SCHOOL:Divination											TYPE:Arcane			COMPS:S		CASTTIME:1 action		RANGE:Close		ITEM:Potion	TARGETAREA:1 creature/level (max 8 creatures)								DURATION:1 hour/level				SAVEINFO:None				SPELLRES:No			SOURCEPAGE:p.18	DESC:See text
Minor Ward					CLASSES:Sorcerer,Wizard=0			SCHOOL:Abjuration											TYPE:Arcane			COMPS:V S M		CASTTIME:10 minutes	RANGE:Touch		ITEM:Potion	TARGETAREA:Object touched or up to 20 sq. ft.								DURATION:1 day/level				SAVEINFO:See text				SPELLRES:Yes (object)	SOURCEPAGE:p.18	DESC:See text
Mirror Blast											SCHOOL:Evocation											TYPE:Arcane			COMPS:V S M		CASTTIME:1 action		RANGE:Close		ITEM:Potion	TARGETAREA:Cone													DURATION:Instantaneous				SAVEINFO:Reflex half			SPELLRES:Yes		SOURCEPAGE:p.19	DESC:See text
Mirror Calling											SCHOOL:Conjuration	SUBSCHOOL:Calling							TYPE:Arcane			COMPS:V S AF	CASTTIME:10 minutes	RANGE:Touch		ITEM:Potion	TARGETAREA:1 or more creatures totaling no more than 16 HD						DURATION:Instantaneous				SAVEINFO:None				SPELLRES:No			SOURCEPAGE:p.19	DESC:See text
Mirror Portal											SCHOOL:Transmutation										TYPE:Arcane			COMPS:V S AF XP	CASTTIME:10 minutes	RANGE:Touch		ITEM:Potion	TARGETAREA:2 mirrors												DURATION:1 day/level				SAVEINFO:None				SPELLRES:No			SOURCEPAGE:p.19	DESC:See text
Mirror Shield											SCHOOL:Abjuration											TYPE:Arcane			COMPS:V S AF	CASTTIME:1 action		RANGE:Touch		ITEM:Potion	TARGETAREA:1 mirror												DURATION:1 minute/level				SAVEINFO:None				SPELLRES:No			SOURCEPAGE:p.20	DESC:See text
Mirror Theft											SCHOOL:Transmutation										TYPE:Arcane			COMPS:V S AF	CASTTIME:1 round		RANGE:Touch		ITEM:Potion	TARGETAREA:1 mirror												DURATION:1 round					SAVEINFO:None				SPELLRES:No			SOURCEPAGE:p.20	DESC:See text
Mirror Truth											SCHOOL:Illusion		SUBSCHOOL:Glamer							TYPE:Arcane			COMPS:V S M		CASTTIME:10 minutes	RANGE:Close		ITEM:Potion	TARGETAREA:1 10 ft cube/level											DURATION:Permanent				SAVEINFO:None				SPELLRES:No			SOURCEPAGE:p.20	DESC:See text
Precise Vision				CLASSES:Sorcerer,Wizard=1			SCHOOL:Transmutation										TYPE:Arcane			COMPS:V S M		CASTTIME:1 action		RANGE:Personal			TARGETAREA:You													DURATION:10 minutes/level			SAVEINFO:None				SPELLRES:No			SOURCEPAGE:p.20	DESC:See text
Primal Release				CLASSES:Sorcerer,Wizard=8			SCHOOL:Transmutation										TYPE:Arcane			COMPS:V S M		CASTTIME:1 action		RANGE:Close		ITEM:Potion	TARGETAREA:1 living creature (not you)									DURATION:10 minutes/level			SAVEINFO:Will negates			SPELLRES:Yes		SOURCEPAGE:p.20	DESC:See text
Silent Sound				CLASSES:Bard,Sorcerer,Wizard=1		SCHOOL:Evocation						DESCRIPTOR:Sonic			TYPE:Arcane			COMPS:S		CASTTIME:1 action		RANGE:Close		ITEM:Potion	TARGETAREA:1 creature or object										DURATION:Instantaneous				SAVEINFO:None				SPELLRES:Yes		SOURCEPAGE:p.21	DESC:See text
Spelltrap					CLASSES:Sorcerer,Wizard=4			SCHOOL:Abjuration											TYPE:Arcane			COMPS:V S AF	CASTTIME:1 round		RANGE:Personal			TARGETAREA:1 gem													DURATION:1 minute/level				SAVEINFO:None				SPELLRES:Yes (object)	SOURCEPAGE:p.21	DESC:See text
Static Veil					CLASSES:Cleric,Sorcerer,Wizard=2		SCHOOL:Abjuration											TYPE:Arcane.Divine	COMPS:V S F AF	CASTTIME:10 minutes	RANGE:0 ft.				TARGETAREA:1 10 ft. cube/level										DURATION:1 hour/level				SAVEINFO:None				SPELLRES:No			SOURCEPAGE:p.21	DESC:See text
Teleport Block				CLASSES:Sorcerer,Wizard=5			SCHOOL:Abjuration											TYPE:Arcane			COMPS:V S M		CASTTIME:1 round		RANGE:0 ft.				TARGETAREA:1 10 ft. cuve/level										DURATION:1 hour/level				SAVEINFO:None				SPELLRES:No			SOURCEPAGE:p.21	DESC:See text
Teleport Coordinates Transfer		CLASSES:Sorcerer,Wizard=6			SCHOOL:Divination											TYPE:Arcane			COMPS:V S		CASTTIME:1 action		RANGE:Close		ITEM:Potion	TARGETAREA:1 creature												DURATION:Instantaneous				SAVEINFO:None				SPELLRES:No			SOURCEPAGE:p.21	DESC:See text
Teleport Redirect				CLASSES:Sorcerer,Wizard=5			SCHOOL:Evocation						DESCRIPTOR:Teleportation	TYPE:Arcane			COMPS:V S		CASTTIME:1 action		RANGE:Close		ITEM:Potion	TARGETAREA:20 ft. diameter sphere										DURATION:1 hour/level				SAVEINFO:None				SPELLRES:Yes		SOURCEPAGE:p.22	DESC:See text
Teleport Tracer				CLASSES:Sorcerer,Wizard=6			SCHOOL:Divination											TYPE:Arcane			COMPS:S		CASTTIME:1 action		RANGE:Medium	ITEM:Potion	TARGETAREA:1 teleportation spell										DURATION:Instantaneous				SAVEINFO:None				SPELLRES:No			SOURCEPAGE:p.22	DESC:See text
Thief Ward					CLASSES:Sorcerer,Wizard=2			SCHOOL:Abjuration											TYPE:Arcane			COMPS:S M		CASTTIME:1 action		RANGE:Personal			TARGETAREA:50 ft. diameter sphere centered on you							DURATION:1 minute/level				SAVEINFO:None				SPELLRES:No			SOURCEPAGE:p.22	DESC:See text
Tongue of Angels				CLASSES:Cleric,Sorcerer,Wizard=0		SCHOOL:Transmutation					DESCRIPTOR:Good			TYPE:Arcane.Divine	COMPS:S		CASTTIME:1 action		RANGE:Personal			TARGETAREA:You													DURATION:1 round/level				SAVEINFO:None (harmless)		SPELLRES:No			SOURCEPAGE:p.22	DESC:See text
Tongue of Fiends				CLASSES:Cleric,Sorcerer,Wizard=0		SCHOOL:Transmutation					DESCRIPTOR:Evil			TYPE:Arcane.Divine	COMPS:S		CASTTIME:1 action		RANGE:Personal			TARGETAREA:You													DURATION:1 round/level				SAVEINFO:None (harmless)		SPELLRES:No			SOURCEPAGE:p.22	DESC:See text
Undaunted Fixture				CLASSES:Sorcerer,Wizard=2			SCHOOL:Transmutation										TYPE:Arcane			COMPS:V S		CASTTIME:1 action		RANGE:Touch		ITEM:Potion	TARGETAREA:2 objects												DURATION:Permanent				SAVEINFO:None				SPELLRES:No			SOURCEPAGE:p.22	DESC:See text
Zone of Speed				CLASSES:Sorcerer,Wizard=4			SCHOOL:Evocation											TYPE:Arcane			COMPS:V S M		CASTTIME:1 action		RANGE:Close		ITEM:Potion	TARGETAREA:20 ft. diameter sphere										DURATION:1 minute/level				SAVEINFO:None				SPELLRES:No			SOURCEPAGE:p.23	DESC:See text
