# CVS $Revision$ $Author$ -- Tue Nov 11 14:25:56 2008 -- reformated by prettylst.pl v1.38 (build 8180)
SOURCELONG:Malhavoc Press - Book of Eldritch Might	SOURCESHORT:BoEM1	SOURCEWEB:http://www.montecook.com	SOURCEDATE:2001-12
#Spell names and other proper names from The Book of Eldritch Might are
#	©2001-2003 Monte J. Cook and are used here with his permission.

#Errata from http://pub58.ezboard.com/fokayyourturnfrm16.showMessage?topicID=197.topic applied (changed costs for mirrors, as they take up no item slot)

# Equipment Name			Type						Cost		Weight	Source Page		Bonus to DC			Stat bonus
Amulet of the Arcanist		TYPE:Magic.Wondrous.Neckgear.Amulet	COST:50000	WT:0		SOURCEPAGE:p.26	BONUS:DC|TYPE.Arcane|2
Book of Roses			TYPE:Magic.Wondrous.Book		COST:100000	WT:2		SOURCEPAGE:p.26
Bottled Whirlwind			TYPE:Magic.Wondrous			COST:3000	WT:1		SOURCEPAGE:p.26
Doomskull				TYPE:Magic.Wondrous			COST:800	WT:3		SOURCEPAGE:p.26
Elemental Charms			TYPE:Magic.Wondrous			COST:1250	WT:0		SOURCEPAGE:p.26
Glass of Mist			TYPE:Magic.Wondrous			COST:9000	WT:1		SOURCEPAGE:p.26
Glass Rose				TYPE:Magic.Wondrous			COST:15000	WT:0		SOURCEPAGE:p.26
Lanneath's Conjure Bomb		TYPE:Magic.Wondrous			COST:4000	WT:2		SOURCEPAGE:p.27
Mirror of Vanity (+2 CHA)	TYPE:Magic.Wondrous			COST:8000	WT:2		SOURCEPAGE:p.27					BONUS:STAT|CHA|2
Mirror of Vanity (+4 CHA)	TYPE:Magic.Wondrous			COST:32000	WT:2		SOURCEPAGE:p.27					BONUS:STAT|CHA|4
Mirror of Vanity (+6 CHA)	TYPE:Magic.Wondrous			COST:76000	WT:2		SOURCEPAGE:p.27					BONUS:STAT|CHA|6
Ocular Band				TYPE:Magic.Wondrous.Eyegear		COST:21000	WT:0		SOURCEPAGE:p.27
Pipes of Power			TYPE:Magic.Wondrous.Instrument	COST:70000	WT:2		SOURCEPAGE:p.27
Scabbard of Venoms		TYPE:Magic.Wondrous			COST:5000	WT:1		SOURCEPAGE:p.27
Spellstealer			TYPE:Magic.Wondrous			COST:90000	WT:1		SOURCEPAGE:p.27
Star of Blood			TYPE:Magic.Wondrous			COST:7000	WT:0		SOURCEPAGE:p.28
Wandwrap				TYPE:Magic.Wondrous			COST:21000	WT:1		SOURCEPAGE:p.28
Bulette Walker			TYPE:Magic.Wondrous.Vehicle		COST:100000	WT:4000	SOURCEPAGE:p.28
Diving Sphere			TYPE:Magic.Wondrous.Vehicle		COST:100000	WT:8000	SOURCEPAGE:p.28
Psychic Skiff			TYPE:Magic.Wondrous.Vehicle		COST:150000	WT:15000	SOURCEPAGE:p.28
War Altar				TYPE:Magic.Wondrous.Vehicle		COST:80000	WT:6000	SOURCEPAGE:p.28
War Throne				TYPE:Magic.Wondrous.Vehicle		COST:90000	WT:6000	SOURCEPAGE:p.29
