# CVS $Revision$ $Author$ -- Fri Jan  1 12:57:05 2016 -- reformated by PCGen PrettyLST v6.06.00
SOURCELONG:Psionics Unleashed	SOURCESHORT:PsU	SOURCEWEB:http://dreamscarredpress.com/dragonfly/Store/product/pid=69.html	SOURCEDATE:2010-12
#Original Entry: Douglas Limmer
#SRD Original Entry: Arknight
#SRD updated entry - TaluronIscandar

###Block: General Feats
# Feat Name		Type			Required Feat	Required Skill					Required Stat	PRETOTALAB		Description													Ability						Bonus to skill																									Bonus to skill point/L		Modify VAR												Source Page		Temporary Bonus
# Ability Name	Category of Ability	Type			Required Ability				Required Skill					Required Stat	PRETOTALAB		Description													Ability						Bonus to skill																									Bonus to skill point/L		Modify VAR												Source Page		Temporary Bonus
Autonomous		CATEGORY:FEAT		TYPE:General																				DESC:+2 on Autohypnosis and Knowledge (Psionics) checks												BONUS:SKILL|Autohypnosis|if(skillinfo("RANK","Autohypnosis")>=10,4,2)	BONUS:SKILL|Knowledge (Psionics)|if(skillinfo("RANK","Knowledge (Psionics)")>=10,4,2)																			SOURCEPAGE:p.42
Cloak Dance		CATEGORY:FEAT		TYPE:General							PRESKILL:2,Stealth=7,Perform (Dance)=2							DESC:Gain concealment as a move action, total concealment as a full-round action																																																					SOURCEPAGE:p.43
Mind Over Body	CATEGORY:FEAT		TYPE:General														PRESTAT:1,CON=13				DESC:Heal ability damage more quickly																																																												SOURCEPAGE:p.48
Open Minded		CATEGORY:FEAT		TYPE:General																				DESC:Gain skill points																																													BONUS:SKILLPOINTS|NUMBER|1														SOURCEPAGE:p.48
Rapid Metabolism	CATEGORY:FEAT		TYPE:General														PRESTAT:1,CON=13				DESC:Heal hit points more quickly																																																													SOURCEPAGE:p.52
Reckless Offense	CATEGORY:FEAT		TYPE:General																	PRETOTALAB:1	DESC:Take -4 to AC to gain +2 melee attack bonus																																																										SOURCEPAGE:p.52	TEMPBONUS:PC|COMBAT|AC|-4	TEMPBONUS:PC|COMBAT|TOHIT.Melee|2
Sidestep Charge	CATEGORY:FEAT		TYPE:General	PREABILITY:1,CATEGORY=FEAT,Dodge								PRESTAT:1,DEX=13				DESC:+4 bonus to AC against a charging foe																																																											SOURCEPAGE:p.52
Wild Talent		CATEGORY:FEAT		TYPE:General																				DESC:Gain psionic ability and 2 power points							ABILITY:Special Ability|AUTOMATIC|Psionic																																	BONUS:VAR|IsPsionic|0	BONUS:VAR|BonusPowerPoints|2	BONUS:VAR|IsPsionic|1	SOURCEPAGE:p.53

###Block: Psionic Feats
# Feat Name				Output Name				Type					Visible		Required Ability							Required AL		Required Class				Required Feat							Prohibited Feat			Multiple Requirements						Required Skill			Req. Known Spell			Required Stat		Var. Must Be Grater	Var. Min. Value		Serves As				Define				Description											Stackable?	Multiple?	Choose					Ability										Bonus Ability Pool						Combat bonus							Bonus to HP							Bonus to Situation													Modify VAR					Allow Follower		Allowed Companions			Source Page		Temporary Bonus
# Ability Name			Output Name				Category of Ability	Type					Visible		Required Ability										Restricted Ability					Required AL		Required Class				Multiple Requirements						Required Skill			Req. Known Spell			Required Stat		Var. Must Be Grater	Var. Min. Value		Serves As						Define				Description											Stackable?	Multiple?	Choose					Ability										Bonus Ability Pool						Combat bonus							Bonus to HP							Bonus to Situation													Modify VAR					Allow Follower		Allowed Companions			Source Page		Temporary Bonus
Aligned Attack (Chaos)							CATEGORY:FEAT		TYPE:Psionic.AlignedAttack																!PREABILITY:1,CATEGORY=FEAT,TYPE=AlignedAttack	PREALIGN:CG,CN,CE							PREMULT:1,[PRETOTALAB:6],[PREVARGTEQ:PrereqBAB,6]															PREVARGT:IsPsionic,0																	DESC:Your attacks gain alignment																																																																																						SOURCEPAGE:p.42
Aligned Attack (Evil)							CATEGORY:FEAT		TYPE:Psionic.AlignedAttack																!PREABILITY:1,CATEGORY=FEAT,TYPE=AlignedAttack	PREALIGN:CE,NE,LE							PREMULT:1,[PRETOTALAB:6],[PREVARGTEQ:PrereqBAB,6]															PREVARGT:IsPsionic,0																	DESC:Your attacks gain alignment																																																																																						SOURCEPAGE:p.42
Aligned Attack (Good)							CATEGORY:FEAT		TYPE:Psionic.AlignedAttack																!PREABILITY:1,CATEGORY=FEAT,TYPE=AlignedAttack	PREALIGN:CG,NG,LG							PREMULT:1,[PRETOTALAB:6],[PREVARGTEQ:PrereqBAB,6]															PREVARGT:IsPsionic,0																	DESC:Your attacks gain alignment																																																																																						SOURCEPAGE:p.42
Aligned Attack (Law)							CATEGORY:FEAT		TYPE:Psionic.AlignedAttack																!PREABILITY:1,CATEGORY=FEAT,TYPE=AlignedAttack	PREALIGN:LG,LN,LE							PREMULT:1,[PRETOTALAB:6],[PREVARGTEQ:PrereqBAB,6]															PREVARGT:IsPsionic,0																	DESC:Your attacks gain alignment																																																																																						SOURCEPAGE:p.42

Body Fuel									CATEGORY:FEAT		TYPE:Psionic																																																										PREVARGT:IsPsionic,0																	DESC:Take ability burn to recover power points																																																																																				SOURCEPAGE:p.42
Boost Construct								CATEGORY:FEAT		TYPE:Psionic																																																										PREVARGT:IsPsionic,0																	DESC:Astral construct gains additional ability																																																																																				SOURCEPAGE:p.42
Combat Manifestation							CATEGORY:FEAT		TYPE:Psionic																																																										PREVARGT:IsPsionic,0																	DESC:+4 bonus on concentration checks for defensive manifesting																																																																																	SOURCEPAGE:p.43
Deep Impact									CATEGORY:FEAT		TYPE:Psionic						PREABILITY:1,CATEGORY=FEAT,Psionic Weapon																							PREMULT:1,[PRETOTALAB:6],[PREVARGTEQ:PrereqBAB,6]											PRESTAT:1,STR=13		PREVARGT:IsPsionic,0																	DESC:Resolve melee attack as a touch attack																																																																																				SOURCEPAGE:p.43
Expanded Knowledge							CATEGORY:FEAT		TYPE:Psionic.StudentSurge																											PRECLASS:1,SPELLCASTER.Psionic=3																								PREVARGT:IsPsionic,0																	DESC:Learn an additional power							STACK:NO	MULT:YES	CHOOSE:SPELLS|SPELLTYPE=Psionic																																																																						SOURCEPAGE:p.46
# COMMENT: TODO: Expanded Knowledge needs additional code support. The CHOOSE works but the spell still needs to be added to the Known Spells list
# COMMENT: Make sure KNOWN=NO actually works.  As of now, it doesn't
Extended Blast								CATEGORY:FEAT		TYPE:Psionic						PREABILITY:1,CATEGORY=Special Ability,Surge Blast																																																																DESC:Increase surge blast range to 60 feet																																																																				BONUS:VAR|SurgeBlastRange|30												SOURCEPAGE:p.46
Fell Shot									CATEGORY:FEAT		TYPE:Psionic						PREABILITY:2,CATEGORY=FEAT,Point-Blank Shot,Psionic Shot																				PREMULT:1,[PRETOTALAB:6],[PREVARGTEQ:PrereqBAB,6]											PRESTAT:1,DEX=13		PREVARGT:IsPsionic,0																	DESC:Resolve ranged attack as a touch attack																																																																																				SOURCEPAGE:p.46
Focused Sunder								CATEGORY:FEAT		TYPE:Psionic						PREABILITY:2,CATEGORY=FEAT,Power Attack,Improved Sunder																																							PRESTAT:1,STR=13		PREVARGT:IsPsionic,0																	DESC:Ignore 1/2 hardness of foe's weapon																																																																																					SOURCEPAGE:p.46
Ghost Attack								CATEGORY:FEAT		TYPE:Psionic																																			PREMULT:1,[PRETOTALAB:3],[PREVARGTEQ:PrereqBAB,3]															PREVARGT:IsPsionic,0																	DESC:Reduce damage penalty for attacking incorporeal enemies																																																																																	SOURCEPAGE:p.46
Greater Power Penetration						CATEGORY:FEAT		TYPE:Psionic						PREABILITY:1,CATEGORY=FEAT,Power Penetration																																													PREVARGT:IsPsionic,0																	DESC:Gain bonus to overcome power resistance																																																																																				SOURCEPAGE:p.46
Greater Power Specialization						CATEGORY:FEAT		TYPE:Psionic						PREABILITY:2,CATEGORY=FEAT,Power Specialization,Weapon Focus (Ray)												PRECLASS:1,SPELLCASTER.Psionic=12																								PREVARGT:IsPsionic,0																	DESC:Increased bonus damage to damaging powers																																																																																				SOURCEPAGE:p.46
Greater Psionic Endowment						CATEGORY:FEAT		TYPE:Psionic						PREABILITY:1,CATEGORY=FEAT,Psionic Endowment																																													PREVARGT:IsPsionic,0																	DESC:Add +2 to power's save DC																																																																																						SOURCEPAGE:p.46
Greater Psionic Fist							CATEGORY:FEAT		TYPE:Psionic						PREABILITY:1,CATEGORY=FEAT,Psionic Fist																							PREMULT:1,[PRETOTALAB:6],[PREVARGTEQ:PrereqBAB,6]											PRESTAT:1,STR=13		PREVARGT:IsPsionic,0																	DESC:Unarmed attack or natural weapon deals extra damage																																	BONUS:COMBAT|DAMAGE.Unarmed|1*PsionicFocusActive																																									SOURCEPAGE:p.46
# COMMENT: Does this affect natural weapons?  The feat is supposed to.
Greater Psionic Shot							CATEGORY:FEAT		TYPE:Psionic						PREABILITY:2,CATEGORY=FEAT,Point-Blank Shot,Psionic Shot																				PREMULT:1,[PRETOTALAB:6],[PREVARGTEQ:PrereqBAB,6]															PREVARGT:IsPsionic,0																	DESC:Ranged weapon deals extra damage																																				BONUS:COMBAT|DAMAGE.Ranged|1*PsionicFocusActive																																										SOURCEPAGE:p.47
# COMMENT: This feat should add to non-weapon ranged attacks.
Greater Psionic Weapon							CATEGORY:FEAT		TYPE:Psionic						PREABILITY:1,CATEGORY=FEAT,Psionic Weapon																							PREMULT:1,[PRETOTALAB:6],[PREVARGTEQ:PrereqBAB,6]											PRESTAT:1,STR=13		PREVARGT:IsPsionic,0																	DESC:Melee weapon deals extra damage																																				BONUS:COMBAT|DAMAGE.Melee|1*PsionicFocusActive																																										SOURCEPAGE:p.47
# COMMENT: This might also add to unarmed attacks/natural weapons
Improved Psicrystal							CATEGORY:FEAT		TYPE:Psionic						PREABILITY:1,CATEGORY=FEAT,Psicrystal Affinity																																													PREVARGT:IsPsionic,0																	DESC:Enhance your psicrystal								STACK:YES	MULT:YES	CHOOSE:NOCHOICE															BONUS:ABILITYPOOL|Improved Psicrystal Personality|1																																		BONUS:VAR|PsiCrystalLVL|1												SOURCEPAGE:p.47
Inquisitor									CATEGORY:FEAT		TYPE:Psionic																																																						PRESTAT:1,WIS=13		PREVARGT:IsPsionic,0																	DESC:+10 on Sense Motive checks to oppose Bluff																																																																																				SOURCEPAGE:p.47
Master of All Forms							CATEGORY:FEAT		TYPE:Psionic						PREABILITY:1,CATEGORY=FEAT,Swift Shapeshifter																																				PRESPELL:1,Metamorphosis					PREVARGT:IsPsionic,0																	DESC:Manifest shapechanging powers as a swift action																																																																																			SOURCEPAGE:p.47
Master's Refuge								CATEGORY:FEAT		TYPE:Psionic						PREABILITY:1,CATEGORY=Special Ability,Twofold Master																																												PREVARGT:IsPsionic,0																	DESC:Transfer mind to thrall on death																																																																																					SOURCEPAGE:p.47
Master's Voice								CATEGORY:FEAT		TYPE:Psionic						PREABILITY:1,CATEGORY=Special Ability,Thrallherd																																												PREVARGT:IsPsionic,0																	DESC:Have permanent mental contact with thralls																																																																																				SOURCEPAGE:p.47
Mental Leap									CATEGORY:FEAT		TYPE:Psionic																																												PRESKILL:1,Acrobatics=2							PRESTAT:1,STR=13,DEX=13	PREVARGT:IsPsionic,0																	DESC:+10 on Acrobatics checks to jump																																																					BONUS:SITUATION|Acrobatics=Jump|if(skillinfo("RANK","Acrobatics")>=10,4,2)*PsionicFocusActive																	SOURCEPAGE:p.47
Overchannel									CATEGORY:FEAT		TYPE:Psionic																																																										PREVARGT:IsPsionic,0																	DESC:Take damage to increase your manifester level																																																																																			SOURCEPAGE:p.48
Power Penetration								CATEGORY:FEAT		TYPE:Psionic																																																										PREVARGT:IsPsionic,0																	DESC:Gain bonus to overcome power resistance																																																																																				SOURCEPAGE:p.48
Power Specialization							CATEGORY:FEAT		TYPE:Psionic						PREABILITY:1,CATEGORY=FEAT,Weapon Focus (Ray)																PRECLASS:1,SPELLCASTER.Psionic=4																								PREVARGT:IsPsionic,0																	DESC:Gain bonus damage to damaging powers																																																																																					SOURCEPAGE:p.48
Psicrystal Affinity							CATEGORY:FEAT		TYPE:Psionic																													PRECLASS:1,SPELLCASTER.Psionic=1																								PREVARGT:IsPsionic,0												DEFINE:PsiCrystalLVL|0		DESC:Obtain a psicrystal																													BONUS:ABILITYPOOL|Psicrystal Personality|1																																									FOLLOWERS:Psicrystal|1	COMPANIONLIST:Psicrystal|Psicrystal	SOURCEPAGE:p.48
Psicrystal Containment							CATEGORY:FEAT		TYPE:Psionic						PREABILITY:1,CATEGORY=FEAT,Psicrystal Affinity																PRECLASS:1,SPELLCASTER.Psionic=3																								PREVARGT:IsPsionic,0																	DESC:Your psicrystal can hold a psionic focus																																																																																				SOURCEPAGE:p.50
Psionic Body								CATEGORY:FEAT		TYPE:Psionic																																																										PREVARGT:IsPsionic,0																	DESC:+2 hit points for each psionic feat you have																																											BONUS:HP|CURRENTMAX|2*COUNT[FEATTYPE=Psionic]																																	SOURCEPAGE:p.50
Psionic Charge								CATEGORY:FEAT		TYPE:Psionic						PREABILITY:1,CATEGORY=FEAT,Speed of Thought																																									PRESTAT:1,DEX=13		PREVARGT:IsPsionic,0																	DESC:Charge while taking erratic course to foe																																																																																				SOURCEPAGE:p.50
Psionic Dodge								CATEGORY:FEAT		TYPE:Psionic						PREABILITY:1,CATEGORY=FEAT,Dodge																																											PRESTAT:1,DEX=13		PREVARGT:IsPsionic,0																	DESC:+1 dodge bonus to AC																																						BONUS:COMBAT|AC|1*PsionicFocusActive|TYPE=Dodge																																										SOURCEPAGE:p.51
Psionic Endowment								CATEGORY:FEAT		TYPE:Psionic																																																										PREVARGT:IsPsionic,0																	DESC:Add +1 to power's save DC																																																																																						SOURCEPAGE:p.51
Psionic Fist								CATEGORY:FEAT		TYPE:Psionic																																																						PRESTAT:1,STR=13		PREVARGT:IsPsionic,0																	DESC:Unarmed attack or natural weapon deals extra damage																																	BONUS:COMBAT|DAMAGE.Unarmed|1*PsionicFocusActive																																									SOURCEPAGE:p.51
# COMMENT: This should add to natural weapons.  Does it?
Psionic Meditation							CATEGORY:FEAT		TYPE:Psionic																																												PRESKILL:1,Autohypnosis=4						PRESTAT:1,WIS=13		PREVARGT:IsPsionic,0																	DESC:Become psionically focused as a move action																																																																																			SOURCEPAGE:p.51
Psionic Shot								CATEGORY:FEAT		TYPE:Psionic						PREABILITY:1,CATEGORY=FEAT,Point-Blank Shot																																													PREVARGT:IsPsionic,0																	DESC:Ranged weapon deals extra damage																																				BONUS:COMBAT|DAMAGE.Ranged|1*PsionicFocusActive																																										SOURCEPAGE:p.51
# COMMENT: This feat should add to non-weapon ranged attacks.
Psionic Talent								CATEGORY:FEAT		TYPE:Psionic																																																										PREVARGT:IsPsionic,0																	DESC:Gain additional power points							STACK:YES	MULT:YES	CHOOSE:NOCHOICE				ABILITY:Special Ability|AUTOMATIC|Psionic Talent Power Points																																											BONUS:VAR|PsionicTalentCount|1											SOURCEPAGE:p.51
Psionic Weapon								CATEGORY:FEAT		TYPE:Psionic																																																						PRESTAT:1,STR=13		PREVARGT:IsPsionic,0																	DESC:Melee weapons deal extra damage																																				BONUS:COMBAT|DAMAGE.Melee|1*PsionicFocusActive																																										SOURCEPAGE:p.51
# COMMENT: This might also add to unarmed attacks/natural weapons when it shouldn't.
Return Shot									CATEGORY:FEAT		TYPE:Psionic						PREABILITY:3,CATEGORY=FEAT,Fell Shot,Point-Blank Shot,Psionic Shot																		PREMULT:1,[PRETOTALAB:6],[PREVARGTEQ:PrereqBAB,6]															PREVARGT:IsPsionic,0																	DESC:Deflect range attacks back at attacker																																																																																				SOURCEPAGE:p.52
Speed of Thought								CATEGORY:FEAT		TYPE:Psionic																																																						PRESTAT:1,WIS=13		PREVARGT:IsPsionic,0																	DESC:+10 feet to speed in light or medium armor																																																																																				SOURCEPAGE:p.52	TEMPBONUS:PC|MOVEADD|TYPE.Walk|10*PsionicFocusActive|!PREARMORTYPE:1,TYPE.Heavy
Surging Aura								CATEGORY:FEAT		TYPE:Psionic																																																										PREVARGT:IsPsionic,0	PREVARGTEQ:WildSurge,1								DEFINE:SurgingAuraRadius|0	DESC:Wild surge grants bonus to allies																																																																					BONUS:VAR|SurgingAuraRadius|10											SOURCEPAGE:p.52	TEMPBONUS:ANYPC|COMBAT|TOHIT|WildSurge|TYPE=Insight
Swift Shapeshifter							CATEGORY:FEAT		TYPE:Psionic																																																	PRESPELL:1,Metamorphosis					PREVARGT:IsPsionic,0																	DESC:Manifest shapechanging powers more quickly																																																																																				SOURCEPAGE:p.52
Talented									CATEGORY:FEAT		TYPE:Psionic						PREABILITY:1,CATEGORY=FEAT,Overchannel																																														PREVARGT:IsPsionic,0																	DESC:Take no damage from overchanneling some powers																																																																																			SOURCEPAGE:p.53
Unavoidable Strike							CATEGORY:FEAT		TYPE:Psionic						PREABILITY:1,CATEGORY=FEAT,Psionic Fist																							PREMULT:1,[PRETOTALAB:6],[PREVARGTEQ:PrereqBAB,6]											PRESTAT:1,STR=13		PREVARGT:IsPsionic,0																	DESC:Resolve unarmed attack or natural weapon attack as a touch attack																																																																																SOURCEPAGE:p.53
Up the Walls								CATEGORY:FEAT		TYPE:Psionic																																																						PRESTAT:1,WIS=13		PREVARGT:IsPsionic,0																	DESC:Run on walls and ceilings																																																																																						SOURCEPAGE:p.53
Wounding Attack								CATEGORY:FEAT		TYPE:Psionic																																			PREMULT:1,[PRETOTALAB:8],[PREVARGTEQ:PrereqBAB,8]															PREVARGT:IsPsionic,0																	DESC:Wound opponents with your attack																																																																																					SOURCEPAGE:p.53

#Ghost Psionic Talent used for Naturally Psionic ability
Ghost Psionic Talent		OUTPUTNAME:Psionic Talent	CATEGORY:FEAT		TYPE:Psionic			VISIBLE:EXPORT																																																	PRESTAT:1,STR=999										SERVESAS:ABILITY=Feat|Psionic Talent						DESC:Gain additional power points																																																																																						SOURCEPAGE:p.51

###Block: Metapsionics
# Feat Name			Type			Required Feat			Required Skill		Var. Must Be Grater	Description									Source Page
# Ability Name		Category of Ability	Type			Required Ability						Required Skill		Var. Must Be Grater	Description									Source Page
Burrowing Power		CATEGORY:FEAT		TYPE:Metapsionic									PRESKILL:1,Spellcraft=8	PREVARGT:IsPsionic,0	DESC:Bypass barrier with power					SOURCEPAGE:p.42
Chain Power			CATEGORY:FEAT		TYPE:Metapsionic													PREVARGT:IsPsionic,0	DESC:Choose additional targets with power				SOURCEPAGE:p.43
Delay Power			CATEGORY:FEAT		TYPE:Metapsionic													PREVARGT:IsPsionic,0	DESC:Delay effect of power up to 5 rounds				SOURCEPAGE:p.43
Empower Power		CATEGORY:FEAT		TYPE:Metapsionic													PREVARGT:IsPsionic,0	DESC:Increase power's variable, numeric effects by 50%%	SOURCEPAGE:p.43
Endowed Mind		CATEGORY:FEAT		TYPE:Metapsionic													PREVARGT:IsPsionic,0	DESC:Increase power's save DC for augmentation			SOURCEPAGE:p.45
Enlarge Power		CATEGORY:FEAT		TYPE:Metapsionic													PREVARGT:IsPsionic,0	DESC:Double power's range						SOURCEPAGE:p.45
Extend Power		CATEGORY:FEAT		TYPE:Metapsionic													PREVARGT:IsPsionic,0	DESC:Double power's duration						SOURCEPAGE:p.46
Maximize Power		CATEGORY:FEAT		TYPE:Metapsionic													PREVARGT:IsPsionic,0	DESC:Maximize power's variable, numeric effects			SOURCEPAGE:p.47
Opportunity Power		CATEGORY:FEAT		TYPE:Metapsionic													PREVARGT:IsPsionic,0	DESC:Make attacks of opportunity with touch powers		SOURCEPAGE:p.48
Quicken Power		CATEGORY:FEAT		TYPE:Metapsionic													PREVARGT:IsPsionic,0	DESC:Manifest powers as a swift action				SOURCEPAGE:p.51
Split Psionic Ray		CATEGORY:FEAT		TYPE:Metapsionic	PREABILITY:1,CATEGORY=FEAT,TYPE=Metapsionic					PREVARGT:IsPsionic,0	DESC:Split one ray attack into two					SOURCEPAGE:p.52
Twin Power			CATEGORY:FEAT		TYPE:Metapsionic													PREVARGT:IsPsionic,0	DESC:Manifest power twice						SOURCEPAGE:p.53
Unconditional Power	CATEGORY:FEAT		TYPE:Metapsionic													PREVARGT:IsPsionic,0	DESC:Manifest power despite character condition			SOURCEPAGE:p.53
Widen Power			CATEGORY:FEAT		TYPE:Metapsionic													PREVARGT:IsPsionic,0	DESC:Double power's area						SOURCEPAGE:p.53

###Block: Item Creation
# Feat Name				Type			Restricted Ability						Required Class				Description						Source Page
# Ability Name			Category of Ability	Type			Restricted Ability						Required Class				Description						Source Page
Craft Cognizance Crystal	CATEGORY:FEAT		TYPE:ItemCreation										PRECLASS:1,SPELLCASTER.Psionic=3	DESC:Create congnizance crystals		SOURCEPAGE:p.43
Scribe Tattoo			CATEGORY:FEAT		TYPE:ItemCreation										PRECLASS:1,SPELLCASTER.Psionic=3	DESC:Create psionic tattoos			SOURCEPAGE:p.52

###Psion Uncarnate Feat
Psychic Bastion			CATEGORY:FEAT		TYPE:Psionic																DESC:Gain resistance to ability damage	SOURCEPAGE:n/a

###Thrallherd change in Leadership
CATEGORY=FEAT|Leadership.MOD								!PREABILITY:1,CATEGORY=Special Ability,Thrallherd
