# CVS $Revision$ $Author$ -- Fri Oct 19 20:16:09 2012 -- reformated by prettylst.pl v1.39 (build 15052)
SOURCELONG:Revised (v.3.5) System Reference Document	SOURCESHORT:RSRD	SOURCEWEB:http://www.wizards.com/default.asp?x=d20/article/srd35	SOURCEDATE:2000-01

STARTPACK:Giant Ant (Worker) Default	TYPE:DefaultMonster.Vermin	VISIBLE:QUALIFY	EQUIPBUY:0	PREMULT:1,[!PRERACE:1,%],[PRERACE:1,Giant Ant (Worker)]
RACE:Giant Ant (Worker)	!PRERACE:1,%
NAME:Giant Worker Ant
ALIGN:TN
STAT:WIS=11|CHA=11|STR=10|DEX=10|CON=10|INT=10

STARTPACK:Giant Ant (Soldier) Default	TYPE:DefaultMonster.Vermin	VISIBLE:QUALIFY	EQUIPBUY:0	PREMULT:1,[!PRERACE:1,%],[PRERACE:1,Giant Ant (Soldier)]
RACE:Giant Ant (Soldier)	!PRERACE:1,%
NAME:Giant Soldier Ant
ALIGN:TN
STAT:CON=11|WIS=11|CHA=11|STR=10|DEX=10|INT=10

STARTPACK:Giant Ant (Queen) Default	TYPE:DefaultMonster.Vermin	VISIBLE:QUALIFY	EQUIPBUY:0	PREMULT:1,[!PRERACE:1,%],[PRERACE:1,Giant Ant (Queen)]
RACE:Giant Ant (Queen)	!PRERACE:1,%
NAME:Giant Ant Queen
ALIGN:TN
STAT:DEX=11|CON=11|WIS=11|CHA=11|STR=10|INT=10

STARTPACK:Giant Bee Default	TYPE:DefaultMonster.Vermin	VISIBLE:QUALIFY	EQUIPBUY:0	PREMULT:1,[!PRERACE:1,%],[PRERACE:1,Giant Bee]
RACE:Giant Bee	!PRERACE:1,%
NAME:Giant Bee
ALIGN:TN
STAT:STR=11|CON=11|CHA=11|DEX=10|INT=10|WIS=10

STARTPACK:Giant Bombardier Beetle Default	TYPE:DefaultMonster.Vermin	VISIBLE:QUALIFY	EQUIPBUY:0	PREMULT:1,[!PRERACE:1,%],[PRERACE:1,Giant Bombardier Beetle]
RACE:Giant Bombardier Beetle	!PRERACE:1,%
NAME:Giant Bombardier Beetle
ALIGN:TN
STAT:STR=11|CHA=11|DEX=10|CON=10|INT=10|WIS=10

STARTPACK:Giant Fire Beetle Default	TYPE:DefaultMonster.Vermin	VISIBLE:QUALIFY	EQUIPBUY:0	PREMULT:1,[!PRERACE:1,%],[PRERACE:1,Giant Fire Beetle]
RACE:Giant Fire Beetle	!PRERACE:1,%
NAME:Giant Fire Beetle
ALIGN:TN
STAT:DEX=11|CON=11|CHA=11|STR=10|INT=10|WIS=10

STARTPACK:Giant Praying Mantis Default	TYPE:DefaultMonster.Vermin	VISIBLE:QUALIFY	EQUIPBUY:0	PREMULT:1,[!PRERACE:1,%],[PRERACE:1,Giant Praying Mantis]
RACE:Giant Praying Mantis	!PRERACE:1,%
NAME:Giant Praying Mantis
ALIGN:TN
STAT:STR=11|CON=11|CHA=11|DEX=10|INT=10|WIS=10

STARTPACK:Giant Stag Beetle Default	TYPE:DefaultMonster.Vermin	VISIBLE:QUALIFY	EQUIPBUY:0	PREMULT:1,[!PRERACE:1,%],[PRERACE:1,Giant Stag Beetle]
RACE:Giant Stag Beetle	!PRERACE:1,%
NAME:Giant Stag Beetle
ALIGN:TN
STAT:STR=11|CON=11|CHA=11|DEX=10|INT=10|WIS=10

STARTPACK:Giant Wasp Default	TYPE:DefaultMonster.Vermin	VISIBLE:QUALIFY	EQUIPBUY:0	PREMULT:1,[!PRERACE:1,%],[PRERACE:1,Giant Wasp]
RACE:Giant Wasp	!PRERACE:1,%
NAME:Giant Wasp
ALIGN:TN
STAT:WIS=11|CHA=11|STR=10|DEX=10|CON=10|INT=10

STARTPACK:Monstrous Centipede (Tiny) Default	TYPE:DefaultMonster.Vermin	VISIBLE:QUALIFY	EQUIPBUY:0	PREMULT:1,[!PRERACE:1,%],[PRERACE:1,Monstrous Centipede (Tiny)]
RACE:Monstrous Centipede (Tiny)	!PRERACE:1,%
NAME:Tiny Monstrous Centipede
ALIGN:TN
STAT:DEX=11|STR=10|CON=10|INT=10|WIS=10|CHA=10

STARTPACK:Monstrous Centipede (Small) Default	TYPE:DefaultMonster.Vermin	VISIBLE:QUALIFY	EQUIPBUY:0	PREMULT:1,[!PRERACE:1,%],[PRERACE:1,Monstrous Centipede (Small)]
RACE:Monstrous Centipede (Small)	!PRERACE:1,%
NAME:Small Monstrous Centipede
ALIGN:TN
STAT:STR=11|DEX=11|CON=10|INT=10|WIS=10|CHA=10

STARTPACK:Monstrous Centipede (Medium) Default	TYPE:DefaultMonster.Vermin	VISIBLE:QUALIFY	EQUIPBUY:0	PREMULT:1,[!PRERACE:1,%],[PRERACE:1,Monstrous Centipede (Medium)]
RACE:Monstrous Centipede (Medium)	!PRERACE:1,%
NAME:Medium Monstrous Centipede
ALIGN:TN
STAT:STR=11|DEX=11|CON=10|INT=10|WIS=10|CHA=10

STARTPACK:Monstrous Centipede (Large) Default	TYPE:DefaultMonster.Vermin	VISIBLE:QUALIFY	EQUIPBUY:0	PREMULT:1,[!PRERACE:1,%],[PRERACE:1,Monstrous Centipede (Large)]
RACE:Monstrous Centipede (Large)	!PRERACE:1,%
NAME:Large Monstrous Centipede
ALIGN:TN
STAT:STR=11|DEX=11|CON=10|INT=10|WIS=10|CHA=10

STARTPACK:Monstrous Centipede (Huge) Default	TYPE:DefaultMonster.Vermin	VISIBLE:QUALIFY	EQUIPBUY:0	PREMULT:1,[!PRERACE:1,%],[PRERACE:1,Monstrous Centipede (Huge)]
RACE:Monstrous Centipede (Huge)	!PRERACE:1,%
NAME:Huge Monstrous Centipede
ALIGN:TN
STAT:STR=11|DEX=11|CON=10|INT=10|WIS=10|CHA=10

STARTPACK:Monstrous Centipede (Colossal) Default	TYPE:DefaultMonster.Vermin	VISIBLE:QUALIFY	EQUIPBUY:0	PREMULT:1,[!PRERACE:1,%],[PRERACE:1,Monstrous Centipede (Colossal)]
RACE:Monstrous Centipede (Colossal)	!PRERACE:1,%
NAME:Colossal Monstrous Centipede
ALIGN:TN
STAT:STR=11|DEX=11|CON=10|INT=10|WIS=10|CHA=10

STARTPACK:Monstrous Centipede (Gargantuan) Default	TYPE:DefaultMonster.Vermin	VISIBLE:QUALIFY	EQUIPBUY:0	PREMULT:1,[!PRERACE:1,%],[PRERACE:1,Monstrous Centipede (Gargantuan)]
RACE:Monstrous Centipede (Gargantuan)	!PRERACE:1,%
NAME:Gargantuan Monstrous Centipede
ALIGN:TN
STAT:STR=11|DEX=11|CON=10|INT=10|WIS=10|CHA=10

STARTPACK:Monstrous Scorpion (Tiny) Default	TYPE:DefaultMonster.Vermin	VISIBLE:QUALIFY	EQUIPBUY:0	PREMULT:1,[!PRERACE:1,%],[PRERACE:1,Monstrous Scorpion (Tiny)]
RACE:Monstrous Scorpion (Tiny)	!PRERACE:1,%
NAME:Tiny Monstrous Scorpion
ALIGN:TN
STAT:STR=11|DEX=10|CON=10|INT=10|WIS=10|CHA=10

STARTPACK:Monstrous Scorpion (Small) Default	TYPE:DefaultMonster.Vermin	VISIBLE:QUALIFY	EQUIPBUY:0	PREMULT:1,[!PRERACE:1,%],[PRERACE:1,Monstrous Scorpion (Small)]
RACE:Monstrous Scorpion (Small)	!PRERACE:1,%
NAME:Small Monstrous Scorpion
ALIGN:TN
STAT:STR=11|DEX=10|CON=10|INT=10|WIS=10|CHA=10

STARTPACK:Monstrous Scorpion (Medium) Default	TYPE:DefaultMonster.Vermin	VISIBLE:QUALIFY	EQUIPBUY:0	PREMULT:1,[!PRERACE:1,%],[PRERACE:1,Monstrous Scorpion (Medium)]
RACE:Monstrous Scorpion (Medium)	!PRERACE:1,%
NAME:Medium Monstrous Scorpion
ALIGN:TN
STAT:STR=11|DEX=10|CON=10|INT=10|WIS=10|CHA=10

STARTPACK:Monstrous Scorpion (Large) Default	TYPE:DefaultMonster.Vermin	VISIBLE:QUALIFY	EQUIPBUY:0	PREMULT:1,[!PRERACE:1,%],[PRERACE:1,Monstrous Scorpion (Large)]
RACE:Monstrous Scorpion (Large)	!PRERACE:1,%
NAME:Large Monstrous Scorpion
ALIGN:TN
STAT:STR=11|DEX=10|CON=10|INT=10|WIS=10|CHA=10

STARTPACK:Monstrous Scorpion (Huge) Default	TYPE:DefaultMonster.Vermin	VISIBLE:QUALIFY	EQUIPBUY:0	PREMULT:1,[!PRERACE:1,%],[PRERACE:1,Monstrous Scorpion (Huge)]
RACE:Monstrous Scorpion (Huge)	!PRERACE:1,%
NAME:Huge Monstrous Scorpion
ALIGN:TN
STAT:STR=11|DEX=10|CON=10|INT=10|WIS=10|CHA=10

STARTPACK:Monstrous Scorpion (Colossal) Default	TYPE:DefaultMonster.Vermin	VISIBLE:QUALIFY	EQUIPBUY:0	PREMULT:1,[!PRERACE:1,%],[PRERACE:1,Monstrous Scorpion (Colossal)]
RACE:Monstrous Scorpion (Colossal)	!PRERACE:1,%
NAME:Colossal Monstrous Scorpion
ALIGN:TN
STAT:STR=11|DEX=10|CON=10|INT=10|WIS=10|CHA=10

STARTPACK:Monstrous Scorpion (Gargantuan) Default	TYPE:DefaultMonster.Vermin	VISIBLE:QUALIFY	EQUIPBUY:0	PREMULT:1,[!PRERACE:1,%],[PRERACE:1,Monstrous Scorpion (Gargantuan)]
RACE:Monstrous Scorpion (Gargantuan)	!PRERACE:1,%
NAME:Gargantuan Monstrous Scorpion
ALIGN:TN
STAT:STR=11|DEX=10|CON=10|INT=10|WIS=10|CHA=10

STARTPACK:Monstrous Spider (Tiny) Default	TYPE:DefaultMonster.Vermin	VISIBLE:QUALIFY	EQUIPBUY:0	PREMULT:1,[!PRERACE:1,%],[PRERACE:1,Monstrous Spider (Tiny)]
RACE:Monstrous Spider (Tiny)	!PRERACE:1,%
NAME:Tiny Monstrous Spider
ALIGN:TN
STAT:STR=11|DEX=11|CON=10|INT=10|WIS=10|CHA=10

STARTPACK:Monstrous Spider (Small) Default	TYPE:DefaultMonster.Vermin	VISIBLE:QUALIFY	EQUIPBUY:0	PREMULT:1,[!PRERACE:1,%],[PRERACE:1,Monstrous Spider (Small)]
RACE:Monstrous Spider (Small)	!PRERACE:1,%
NAME:Small Monstrous Spider
ALIGN:TN
STAT:STR=11|DEX=11|CON=10|INT=10|WIS=10|CHA=10

STARTPACK:Monstrous Spider (Medium) Default	TYPE:DefaultMonster.Vermin	VISIBLE:QUALIFY	EQUIPBUY:0	PREMULT:1,[!PRERACE:1,%],[PRERACE:1,Monstrous Spider (Medium)]
RACE:Monstrous Spider (Medium)	!PRERACE:1,%
NAME:Medium Monstrous Spider
ALIGN:TN
STAT:STR=11|DEX=11|CON=10|INT=10|WIS=10|CHA=10

STARTPACK:Monstrous Spider (Large) Default	TYPE:DefaultMonster.Vermin	VISIBLE:QUALIFY	EQUIPBUY:0	PREMULT:1,[!PRERACE:1,%],[PRERACE:1,Monstrous Spider (Large)]
RACE:Monstrous Spider (Large)	!PRERACE:1,%
NAME:Large Monstrous Spider
ALIGN:TN
STAT:STR=11|DEX=11|CON=10|INT=10|WIS=10|CHA=10

STARTPACK:Monstrous Spider (Huge) Default	TYPE:DefaultMonster.Vermin	VISIBLE:QUALIFY	EQUIPBUY:0	PREMULT:1,[!PRERACE:1,%],[PRERACE:1,Monstrous Spider (Huge)]
RACE:Monstrous Spider (Huge)	!PRERACE:1,%
NAME:Huge Monstrous Spider
ALIGN:TN
STAT:STR=11|DEX=11|CON=10|INT=10|WIS=10|CHA=10

STARTPACK:Monstrous Spider (Colossal) Default	TYPE:DefaultMonster.Vermin	VISIBLE:QUALIFY	EQUIPBUY:0	PREMULT:1,[!PRERACE:1,%],[PRERACE:1,Monstrous Spider (Colossal)]
RACE:Monstrous Spider (Colossal)	!PRERACE:1,%
NAME:Colossal Monstrous Spider
ALIGN:TN
STAT:STR=11|DEX=11|CON=10|INT=10|WIS=10|CHA=10

STARTPACK:Monstrous Spider (Gargantuan) Default	TYPE:DefaultMonster.Vermin	VISIBLE:QUALIFY	EQUIPBUY:0	PREMULT:1,[!PRERACE:1,%],[PRERACE:1,Monstrous Spider (Gargantuan)]
RACE:Monstrous Spider (Gargantuan)	!PRERACE:1,%
NAME:Gargantuan Monstrous Spider
ALIGN:TN
STAT:STR=11|DEX=11|CON=10|INT=10|WIS=10|CHA=10
