# CVS $Revision$ $Author$ -- Fri Oct 19 20:16:09 2012 -- reformated by prettylst.pl v1.39 (build 15052)
SOURCELONG:Revised (v.3.5) System Reference Document	SOURCESHORT:RSRD	SOURCEWEB:http://www.wizards.com/default.asp?x=d20/article/srd35	SOURCEDATE:2000-01

STARTPACK:Yeth Hound Default	TYPE:DefaultMonster.Outsider	VISIBLE:QUALIFY	EQUIPBUY:0	PREMULT:1,[!PRERACE:1,%],[PRERACE:1,Yeth Hound]
RACE:Yeth Hound	!PRERACE:1,%
NAME:Yeth Hound
ALIGN:NE
SKILL:Listen	RANK:9
SKILL:Search	RANK:9
SKILL:Spot		RANK:9
SKILL:Survival	RANK:9
FEAT:Improved Initiative
FEAT:Track
STAT:STR=11|DEX=11|CON=11|INT=10|WIS=10|CHA=10

STARTPACK:Yrthak Default	TYPE:DefaultMonster.MagicalBeast	VISIBLE:QUALIFY	EQUIPBUY:0	PREMULT:1,[!PRERACE:1,%],[PRERACE:1,Yrthak]
RACE:Yrthak	!PRERACE:1,%
NAME:Yrthak
ALIGN:TN
SKILL:Move Silently	RANK:8
SKILL:Listen		RANK:7
FEAT:Endurance
FEAT:Flyby Attack
FEAT:Improved Initiative
FEAT:Multiattack
FEAT:Snatch
STAT:CON=11|INT=11|WIS=11|CHA=11|STR=10|DEX=10

STARTPACK:Zombie (Kobold) Default	TYPE:DefaultMonster.Undead	VISIBLE:QUALIFY	EQUIPBUY:0	PREMULT:1,[!PRERACE:1,%],[PRERACE:1,Zombie (Kobold)]
RACE:Zombie (Kobold)	!PRERACE:1,%
NAME:Zombie (Kobold)
ALIGN:NE
STAT:DEX=11|STR=10|CON=10|INT=10|WIS=10|CHA=10
GEAR:Spear			SIZE:PC	LOCATION:Primary Hand
GEAR:Crossbow (Light)	SIZE:PC	LOCATION:Carried

STARTPACK:Zombie (Human Commoner) Default	TYPE:DefaultMonster.Undead	VISIBLE:QUALIFY	EQUIPBUY:0	PREMULT:1,[!PRERACE:1,%],[PRERACE:1,Zombie (Human Commoner)]
RACE:Zombie (Human Commoner)	!PRERACE:1,%
NAME:Zombie (Human Commoner)
STAT:DEX=10|STR=10|CON=10|INT=10|WIS=10|CHA=10
ALIGN:NE
GEAR:Club	SIZE:PC	LOCATION:Primary Hand

STARTPACK:Zombie (Troglodyte) Default	TYPE:DefaultMonster.Undead	VISIBLE:QUALIFY	EQUIPBUY:0	PREMULT:1,[!PRERACE:1,%],[PRERACE:1,Zombie (Troglodyte)]
RACE:Zombie (Troglodyte)	!PRERACE:1,%
NAME:Zombie (Troglodyte)
ALIGN:NE
STAT:DEX=11|STR=10|CON=10|INT=10|WIS=10|CHA=10
GEAR:Greatclub	SIZE:PC	LOCATION:Both Hands
GEAR:Javelin	SIZE:PC	LOCATION:Carried

STARTPACK:Zombie (Bugbear) Default	TYPE:DefaultMonster.Undead	VISIBLE:QUALIFY	EQUIPBUY:0	PREMULT:1,[!PRERACE:1,%],[PRERACE:1,Zombie (Bugbear)]
RACE:Zombie (Bugbear)	!PRERACE:1,%
NAME:Zombie (Bugbear)
ALIGN:NE
STAT:STR=11|DEX=10|CON=10|INT=10|WIS=10|CHA=10
GEAR:Morningstar			SIZE:PC	LOCATION:Primary Hand
GEAR:Shield (Light/Wood)	SIZE:PC	LOCATION:Equipped
GEAR:Javelin			SIZE:PC	LOCATION:Carried

STARTPACK:Zombie (Ogre) Default	TYPE:DefaultMonster.Undead	VISIBLE:QUALIFY	EQUIPBUY:0	PREMULT:1,[!PRERACE:1,%],[PRERACE:1,Zombie (Ogre)]
RACE:Zombie (Ogre)	!PRERACE:1,%
NAME:Zombie (Ogre)
ALIGN:NE
STAT:STR=11|DEX=10|CON=10|INT=10|WIS=10|CHA=10
GEAR:Greatclub	SIZE:PC	LOCATION:Both Hands
GEAR:Javelin	SIZE:PC	LOCATION:Carried

STARTPACK:Zombie (Minotaur) Default	TYPE:DefaultMonster.Undead	VISIBLE:QUALIFY	EQUIPBUY:0	PREMULT:1,[!PRERACE:1,%],[PRERACE:1,Zombie (Minotaur)]
RACE:Zombie (Minotaur)	!PRERACE:1,%
NAME:Zombie (Minotaur)
ALIGN:NE
STAT:STR=11|DEX=10|CON=10|INT=10|WIS=10|CHA=10
GEAR:Greataxe	SIZE:PC	LOCATION:Both Hands

STARTPACK:Zombie (Wyvern) Default	TYPE:DefaultMonster.Undead	VISIBLE:QUALIFY	EQUIPBUY:0	PREMULT:1,[!PRERACE:1,%],[PRERACE:1,Zombie (Wyvern)]
RACE:Zombie (Wyvern)	!PRERACE:1,%
NAME:Zombie (Wyvern)
ALIGN:NE
STAT:STR=11|DEX=10|CON=10|INT=10|WIS=10|CHA=10

STARTPACK:Zombie (Gray Render) Default	TYPE:DefaultMonster.Undead	VISIBLE:QUALIFY	EQUIPBUY:0	PREMULT:1,[!PRERACE:1,%],[PRERACE:1,Zombie (Gray Render)]
RACE:Zombie (Gray Render)	!PRERACE:1,%
NAME:Zombie (Gray Render)
ALIGN:NE
STAT:STR=11|DEX=10|CON=10|INT=10|WIS=10|CHA=10
