# CVS $Revision$ $Author$ -- Sun Mar 19 07:31:26 2006 -- reformated by prettylst.pl v1.35 (build 561)
SOURCELONG:Sovereign Press - Sovereign Stone Core Rules	SOURCESHORT:SovereignS	SOURCEWEB:http://www.sovstone.com
# Equipment Name				Required Proficiency			Type									Contains				Cost		Weight	Critical Hit Multiplier	Critical Hit Range	Damage	Range		Size		Source Page		Weapon prop. bonus
Blowgun											TYPE:Weapon.Exotic.Ranged.Piercing.Container		CONTAINS:-1|Needle=1		COST:1	WT:2		CRITMULT:x2			CRITRANGE:1			DAMAGE:1	RANGE:10	SIZE:M	SOURCEPAGE:p.
Crossbow (Heavy)										TYPE:Weapon.Simple.Ranged.Piercing.Container		CONTAINS:-1|Bolt=1		COST:40	WT:9		CRITMULT:x2			CRITRANGE:2			DAMAGE:1d10	RANGE:120	SIZE:M	SOURCEPAGE:p.
Crossbow (Light)										TYPE:Weapon.Simple.Ranged.Piercing.Container		CONTAINS:-1|Bolt=1		COST:20	WT:6		CRITMULT:x2			CRITRANGE:2			DAMAGE:1d8	RANGE:80	SIZE:S	SOURCEPAGE:p.
Dart												TYPE:Weapon.Simple.Ranged.Piercing.Thrown								COST:0.3	WT:.5		CRITMULT:x2			CRITRANGE:1			DAMAGE:1d4	RANGE:20	SIZE:S	SOURCEPAGE:p.
Longbow											TYPE:Weapon.Martial.Ranged.Piercing.Container		CONTAINS:-1|Arrow=1		COST:40	WT:3		CRITMULT:x3			CRITRANGE:1			DAMAGE:1d8	RANGE:100	SIZE:M	SOURCEPAGE:p.
Longbow (Composite)									TYPE:Weapon.Martial.Ranged.Piercing.Container		CONTAINS:-1|Arrow=1		COST:80	WT:3		CRITMULT:x3			CRITRANGE:1			DAMAGE:1d8	RANGE:110	SIZE:M	SOURCEPAGE:p.
Longbow (Dwarven)										TYPE:Weapon.Exotic.Ranged.Piercing.Container		CONTAINS:-1|Arrow=1		COST:120	WT:4		CRITMULT:x3			CRITRANGE:1			DAMAGE:1d8	RANGE:120	SIZE:L	SOURCEPAGE:p.
Longbow (+1 Mighty/Composite)		PROFICIENCY:Longbow (Composite)	TYPE:Weapon.Martial.Ranged.Piercing.Container		CONTAINS:-1|Arrow=1		COST:200	WT:3		CRITMULT:x3			CRITRANGE:1			DAMAGE:1d8	RANGE:110	SIZE:M	SOURCEPAGE:p.	BONUS:WEAPON|DAMAGE|STRMIN1
Longbow (+2 Mighty/Composite)		PROFICIENCY:Longbow (Composite)	TYPE:Weapon.Martial.Ranged.Piercing.Container		CONTAINS:-1|Arrow=1		COST:300	WT:3		CRITMULT:x3			CRITRANGE:1			DAMAGE:1d8	RANGE:110	SIZE:M	SOURCEPAGE:p.	BONUS:WEAPON|DAMAGE|STRMIN2
Longbow (+3 Mighty/Composite)		PROFICIENCY:Longbow (Composite)	TYPE:Weapon.Martial.Ranged.Piercing.Container		CONTAINS:-1|Arrow=1		COST:400	WT:3		CRITMULT:x3			CRITRANGE:1			DAMAGE:1d8	RANGE:110	SIZE:M	SOURCEPAGE:p.	BONUS:WEAPON|DAMAGE|STRMIN3
Longbow (+4 Mighty/Composite)		PROFICIENCY:Longbow (Composite)	TYPE:Weapon.Martial.Ranged.Piercing.Container		CONTAINS:-1|Arrow=1		COST:500	WT:3		CRITMULT:x3			CRITRANGE:1			DAMAGE:1d8	RANGE:110	SIZE:M	SOURCEPAGE:p.	BONUS:WEAPON|DAMAGE|STRMIN4
Shortbow											TYPE:Weapon.Martial.Ranged.Piercing.Container		CONTAINS:-1|Arrow=1		COST:10	WT:2		CRITMULT:x3			CRITRANGE:1			DAMAGE:1d6	RANGE:60	SIZE:M	SOURCEPAGE:p.
Shortbow (Composite)									TYPE:Weapon.Martial.Ranged.Piercing.Container		CONTAINS:-1|Arrow=1		COST:25	WT:2		CRITMULT:x3			CRITRANGE:1			DAMAGE:1d6	RANGE:70	SIZE:M	SOURCEPAGE:p.
Shortbow (+1 Mighty/Composite)	PROFICIENCY:Shortbow (Composite)	TYPE:Weapon.Martial.Ranged.Piercing.Container		CONTAINS:-1|Arrow=1		COST:150	WT:2		CRITMULT:x3			CRITRANGE:1			DAMAGE:1d6	RANGE:70	SIZE:M	SOURCEPAGE:p.	BONUS:WEAPON|DAMAGE|STRMIN1
Shortbow (+2 Mighty/Composite)	PROFICIENCY:Shortbow (Composite)	TYPE:Weapon.Martial.Ranged.Piercing.Container		CONTAINS:-1|Arrow=1		COST:225	WT:2		CRITMULT:x3			CRITRANGE:1			DAMAGE:1d6	RANGE:70	SIZE:M	SOURCEPAGE:p.	BONUS:WEAPON|DAMAGE|STRMIN2
Sling												TYPE:Weapon.Simple.Ranged.Bludgeoning.Container		CONTAINS:-1|SlingStone=1	COST:.4	WT:0		CRITMULT:x2			CRITRANGE:1			DAMAGE:1d4	RANGE:50	SIZE:S	SOURCEPAGE:p.	BONUS:WEAPON|DAMAGE|STRMIN0
Whip												TYPE:Weapon.Exotic.Ranged.Slashing									COST:1	WT:2		CRITMULT:x2			CRITRANGE:1			DAMAGE:1d2	RANGE:15	SIZE:S	SOURCEPAGE:p.
#Thrown Weapons Name
Axe (Throwing)										TYPE:Weapon.Martial.Melee.Ranged.Slashing.Thrown						COST:4	WT:4		CRITMULT:x2			CRITRANGE:1			DAMAGE:1d6	RANGE:10	SIZE:S	SOURCEPAGE:p.
Club												TYPE:Weapon.Simple.Melee.Ranged.Bludgeoning.Thrown						COST:1	WT:3		CRITMULT:x2			CRITRANGE:1			DAMAGE:1d6	RANGE:10	SIZE:M	SOURCEPAGE:p.
Dagger											TYPE:Weapon.Simple.Melee.Ranged.Piercing.Thrown							COST:2	WT:1		CRITMULT:x2			CRITRANGE:2			DAMAGE:1d4	RANGE:10	SIZE:T	SOURCEPAGE:p.
Dagger (Silvered)				PROFICIENCY:Dagger			TYPE:Weapon.Simple.Melee.Ranged.Piercing.Thrown							COST:10	WT:1		CRITMULT:x2			CRITRANGE:2			DAMAGE:1d4	RANGE:10	SIZE:T	SOURCEPAGE:p.
Halfspear											TYPE:Weapon.Simple.Melee.Ranged.Piercing.Thrown							COST:1	WT:3		CRITMULT:x3			CRITRANGE:1			DAMAGE:1d6	RANGE:20	SIZE:M	SOURCEPAGE:p.
Hammer (Light)										TYPE:Weapon.Martial.Melee.Ranged.Bludgeoning.Thrown						COST:1	WT:2		CRITMULT:x2			CRITRANGE:1			DAMAGE:1d4	RANGE:20	SIZE:S	SOURCEPAGE:p.
Javelin											TYPE:Weapon.Simple.Ranged.Thrown.Piercing								COST:1	WT:2		CRITMULT:x2			CRITRANGE:1			DAMAGE:1d6	RANGE:30	SIZE:M	SOURCEPAGE:p.
Net												TYPE:Weapon.Exotic.Ranged.Thrown									COST:20	WT:10												RANGE:10	SIZE:M	SOURCEPAGE:p.
Shortspear											TYPE:Weapon.Simple.Melee.Ranged.Piercing.Thrown							COST:2	WT:5		CRITMULT:x3			CRITRANGE:1			DAMAGE:1d8	RANGE:20	SIZE:L	SOURCEPAGE:p.
