# CVS $Revision$ $Author$ -- Thu Nov 22 22:05:19 2007 -- reformated by prettylst.pl v1.38 (build 2788)
SOURCELONG:Pinnacle Entertainment - Deadlands D20 - Deadlands Core Rulebook	SOURCESHORT:Deadlands	SOURCEWEB:http://www.peginc.com/index.htm

###Block: Agency Operative class features
# Feat Name			Type			Visible	Define			Source Page		SAB
Friends in High Places	TYPE:ClassAbility	VISIBLE:NO	DEFINE:FriendsHigh|0	SOURCEPAGE:p.90	SAB:Friends in High Places %|FriendsHigh
Requisition Equipment	TYPE:ClassAbility	VISIBLE:NO					SOURCEPAGE:p.90	SAB:Requisition Equipment

###Block: Black Magician class features
# Feat Name					Type			Visible	Define				Source Page		SAB
Black Magician Black Magic Points	TYPE:Internal	VISIBLE:NO	DEFINE:BlackMagicPoints|0	SOURCEPAGE:p.124	SAB:Black Magician max Black Magic Points (%)|BlackMagicPoints

###Block: Black Magician spells known
# Feat Name							Type			Visible	Multiple?	Choose													Source Page
Black Magician up to 1st level Black Magic	TYPE:Internal	VISIBLE:NO	MULT:YES	CHOOSE:SPELLLEVEL|CLASS=Black Magician|0|1[BONUS:SPELLKNOWN|CLASS=%;LEVEL=%|1]	SOURCEPAGE:p.124
Black Magician up to 2nd level Black Magic	TYPE:Internal	VISIBLE:NO	MULT:YES	CHOOSE:SPELLLEVEL|CLASS=Black Magician|0|2[BONUS:SPELLKNOWN|CLASS=%;LEVEL=%|1]	SOURCEPAGE:p.124
Black Magician up to 3rd level Black Magic	TYPE:Internal	VISIBLE:NO	MULT:YES	CHOOSE:SPELLLEVEL|CLASS=Black Magician|0|3[BONUS:SPELLKNOWN|CLASS=%;LEVEL=%|1]	SOURCEPAGE:p.124
Black Magician up to 4th level Black Magic	TYPE:Internal	VISIBLE:NO	MULT:YES	CHOOSE:SPELLLEVEL|CLASS=Black Magician|0|4[BONUS:SPELLKNOWN|CLASS=%;LEVEL=%|1]	SOURCEPAGE:p.124
Black Magician up to 5th level Black Magic	TYPE:Internal	VISIBLE:NO	MULT:YES	CHOOSE:SPELLLEVEL|CLASS=Black Magician|0|5[BONUS:SPELLKNOWN|CLASS=%;LEVEL=%|1]	SOURCEPAGE:p.124
Black Magician up to 6th level Black Magic	TYPE:Internal	VISIBLE:NO	MULT:YES	CHOOSE:SPELLLEVEL|CLASS=Black Magician|0|6[BONUS:SPELLKNOWN|CLASS=%;LEVEL=%|1]	SOURCEPAGE:p.124
Black Magician up to 7th level Black Magic	TYPE:Internal	VISIBLE:NO	MULT:YES	CHOOSE:SPELLLEVEL|CLASS=Black Magician|0|7[BONUS:SPELLKNOWN|CLASS=%;LEVEL=%|1]	SOURCEPAGE:p.124
Black Magician up to 8th level Black Magic	TYPE:Internal	VISIBLE:NO	MULT:YES	CHOOSE:SPELLLEVEL|CLASS=Black Magician|0|8[BONUS:SPELLKNOWN|CLASS=%;LEVEL=%|1]	SOURCEPAGE:p.124
Black Magician up to 9th level Black Magic	TYPE:Internal	VISIBLE:NO	MULT:YES	CHOOSE:SPELLLEVEL|CLASS=Black Magician|0|9[BONUS:SPELLKNOWN|CLASS=%;LEVEL=%|1]	SOURCEPAGE:p.124

###Block: Blessed class features
# Feat Name			Type			Visible	Define					Source Page		SAB
Divine Intervention	TYPE:ClassAbility	VISIBLE:NO	DEFINE:DivineInterventionTimes|0	SOURCEPAGE:p.24	SAB:Divine Intervention %/week|DivineInterventionTimes
Blessed Miracle Points	TYPE:Internal	VISIBLE:NO	DEFINE:BlessedMiraclesPoints|0	SOURCEPAGE:p.24	SAB:Blessed max Miracle Points (%)|BlessedMiraclesPoints

###Block: Blessed spells known
# Feat Name					Type			Visible	Multiple?	Choose											Source Page
Blessed up to 1st level Miracles	TYPE:Internal	VISIBLE:NO	MULT:YES	CHOOSE:SPELLLEVEL|CLASS=Blessed|0|1[BONUS:SPELLKNOWN|CLASS=%;LEVEL=%|1]	SOURCEPAGE:p.24
Blessed up to 2nd level Miracles	TYPE:Internal	VISIBLE:NO	MULT:YES	CHOOSE:SPELLLEVEL|CLASS=Blessed|0|2[BONUS:SPELLKNOWN|CLASS=%;LEVEL=%|1]	SOURCEPAGE:p.24
Blessed up to 3rd level Miracles	TYPE:Internal	VISIBLE:NO	MULT:YES	CHOOSE:SPELLLEVEL|CLASS=Blessed|0|3[BONUS:SPELLKNOWN|CLASS=%;LEVEL=%|1]	SOURCEPAGE:p.24
Blessed up to 4th level Miracles	TYPE:Internal	VISIBLE:NO	MULT:YES	CHOOSE:SPELLLEVEL|CLASS=Blessed|0|4[BONUS:SPELLKNOWN|CLASS=%;LEVEL=%|1]	SOURCEPAGE:p.24
Blessed up to 5th level Miracles	TYPE:Internal	VISIBLE:NO	MULT:YES	CHOOSE:SPELLLEVEL|CLASS=Blessed|0|5[BONUS:SPELLKNOWN|CLASS=%;LEVEL=%|1]	SOURCEPAGE:p.24
Blessed up to 6th level Miracles	TYPE:Internal	VISIBLE:NO	MULT:YES	CHOOSE:SPELLLEVEL|CLASS=Blessed|0|6[BONUS:SPELLKNOWN|CLASS=%;LEVEL=%|1]	SOURCEPAGE:p.24
Blessed up to 7th level Miracles	TYPE:Internal	VISIBLE:NO	MULT:YES	CHOOSE:SPELLLEVEL|CLASS=Blessed|0|7[BONUS:SPELLKNOWN|CLASS=%;LEVEL=%|1]	SOURCEPAGE:p.24
Blessed up to 8th level Miracles	TYPE:Internal	VISIBLE:NO	MULT:YES	CHOOSE:SPELLLEVEL|CLASS=Blessed|0|8[BONUS:SPELLKNOWN|CLASS=%;LEVEL=%|1]	SOURCEPAGE:p.24
Blessed up to 9th level Miracles	TYPE:Internal	VISIBLE:NO	MULT:YES	CHOOSE:SPELLLEVEL|CLASS=Blessed|0|9[BONUS:SPELLKNOWN|CLASS=%;LEVEL=%|1]	SOURCEPAGE:p.24


###Block: Brave class features
# Feat Name		Type			Visible	Define		Source Page		SAB
War Cry		TYPE:ClassAbility	VISIBLE:NO	DEFINE:WarCry|0	SOURCEPAGE:p.26	SAB:War Cry %/day|WarCry
Greater War Cry	TYPE:ClassAbility	VISIBLE:NO				SOURCEPAGE:p.26	SAB:Greater War Cry

###Block: Gunslinger class abilities
# Feat Name		Type			Visible	Define				Source Page		SAB
Greased Lightning	TYPE:ClassAbility	VISIBLE:NO	DEFINE:GreaseLightning|0	SOURCEPAGE:p.28	SAB:Greased Lightnin' +%|GreaseLightning

###Block: Huckster class features
# Feat Name			Type			Visible	Define			Source Page		SAB
Old Hand			TYPE:ClassAbility	VISIBLE:NO	DEFINE:OldHand|0		SOURCEPAGE:p.30	SAB:Old Hand %|OldHand
Blood Magician		TYPE:ClassAbility	VISIBLE:NO					SOURCEPAGE:p.30	SAB:Blood Magic
Huckster Hex Points	TYPE:Internal	VISIBLE:NO	DEFINE:HexPoints|0	SOURCEPAGE:p.30	SAB:Huckster max Hex Points (%)|HexPoints

###Block: Huckster spells known
# Feat Name					Type			Visible	Multiple?	Choose												Source Page
Huckster up to 1st level Hexes	TYPE:Internal	VISIBLE:NO	MULT:YES	CHOOSE:SPELLLEVEL|CLASS=Huckster|0|1[BONUS:SPELLKNOWN|CLASS=%;LEVEL=%|1]	SOURCEPAGE:p.30
Huckster up to 2nd level Hexes	TYPE:Internal	VISIBLE:NO	MULT:YES	CHOOSE:SPELLLEVEL|CLASS=Huckster|0|2[BONUS:SPELLKNOWN|CLASS=%;LEVEL=%|1]	SOURCEPAGE:p.30
Huckster up to 3rd level Hexes	TYPE:Internal	VISIBLE:NO	MULT:YES	CHOOSE:SPELLLEVEL|CLASS=Huckster|0|3[BONUS:SPELLKNOWN|CLASS=%;LEVEL=%|1]	SOURCEPAGE:p.30
Huckster up to 4th level Hexes	TYPE:Internal	VISIBLE:NO	MULT:YES	CHOOSE:SPELLLEVEL|CLASS=Huckster|0|4[BONUS:SPELLKNOWN|CLASS=%;LEVEL=%|1]	SOURCEPAGE:p.30
Huckster up to 5th level Hexes	TYPE:Internal	VISIBLE:NO	MULT:YES	CHOOSE:SPELLLEVEL|CLASS=Huckster|0|5[BONUS:SPELLKNOWN|CLASS=%;LEVEL=%|1]	SOURCEPAGE:p.30
Huckster up to 6th level Hexes	TYPE:Internal	VISIBLE:NO	MULT:YES	CHOOSE:SPELLLEVEL|CLASS=Huckster|0|6[BONUS:SPELLKNOWN|CLASS=%;LEVEL=%|1]	SOURCEPAGE:p.30
Huckster up to 7th level Hexes	TYPE:Internal	VISIBLE:NO	MULT:YES	CHOOSE:SPELLLEVEL|CLASS=Huckster|0|7[BONUS:SPELLKNOWN|CLASS=%;LEVEL=%|1]	SOURCEPAGE:p.30
Huckster up to 8th level Hexes	TYPE:Internal	VISIBLE:NO	MULT:YES	CHOOSE:SPELLLEVEL|CLASS=Huckster|0|8[BONUS:SPELLKNOWN|CLASS=%;LEVEL=%|1]	SOURCEPAGE:p.30
Huckster up to 9th level Hexes	TYPE:Internal	VISIBLE:NO	MULT:YES	CHOOSE:SPELLLEVEL|CLASS=Huckster|0|9[BONUS:SPELLKNOWN|CLASS=%;LEVEL=%|1]	SOURCEPAGE:p.30

###Block: Mad Scientist class features
# Feat Name		Type			Visible	Define		Source Page		SAB
Concoct Potion	TYPE:ClassAbility	VISIBLE:NO				SOURCEPAGE:p.32	SAB:Concoct Potion
Starting Gadget	TYPE:ClassAbility	VISIBLE:NO				SOURCEPAGE:p.32	SAB:Starting gadget
Jury Rig		TYPE:ClassAbility	VISIBLE:NO	DEFINE:JuryRig|0	SOURCEPAGE:p.32	SAB:Jury Rig %|JuryRig
Jinx			TYPE:ClassAbility	VISIBLE:NO				SOURCEPAGE:p.32	SAB:Jinx

###Block: Maverick class features
# Feat Name			Type			Visible	Virtual Feat		Save checks bonus						Modify VAR			Source Page		SAB
Extraordinary Luck	TYPE:ClassAbility	VISIBLE:NO					BONUS:CHECKS|Fortitude,Reflex,Will|max(CHA,0)					SOURCEPAGE:p.34	SAB:Extraordinary Luck
Gambler's Luck		TYPE:ClassAbility	VISIBLE:NO																	SOURCEPAGE:p.34	SAB:Gambler's Luck
Maverick Sneak Attack	TYPE:ClassAbility	VISIBLE:NO	VFEAT:Sneak Attack									BONUS:VAR|SneakAttack|1	SOURCEPAGE:p.34
# Not sure on the Maverick Sneak Attack, but had to remove the ADD:SPECIAL. - Tir Gwaith

###Block: Rowdy class abilities
# Feat Name		Type			Visible	Define			Source Page		SAB
Thick Skin		TYPE:ClassAbility	VISIBLE:NO					SOURCEPAGE:p.36	SAB:Thick Skin
Tough as Nails	TYPE:ClassAbility	VISIBLE:NO	DEFINE:ToughNails|0	SOURCEPAGE:p.36	SAB:Tough as Nails %|ToughNails

###Block: Shaman class abilities
# Feat Name			Type						Visible	Define				Source Page		SAB
Nature Sense		TYPE:ClassAbility				VISIBLE:NO						SOURCEPAGE:p.40	SAB:Nature Sense
Vision Quest		TYPE:ClassAbility.Supernatural	VISIBLE:NO						SOURCEPAGE:p.40	SAB:Vision Quest (Su)
View Hunting Grounds	TYPE:ClassAbility				VISIBLE:NO						SOURCEPAGE:p.40	SAB:View Hunting Grounds
One with Nature		TYPE:ClassAbility				VISIBLE:NO						SOURCEPAGE:p.40	SAB:One with Nature
Open Portal			TYPE:ClassAbility				VISIBLE:NO						SOURCEPAGE:p.40	SAB:Open Portal
Shaman Favors Points	TYPE:Internal				VISIBLE:NO	DEFINE:ShamanFavorPoints|0	SOURCEPAGE:p.40	SAB:Shaman max Favor Points (%)|ShamanFavorPoints

###Block: Shaman spells known
# Feat Name				Type			Visible	Multiple?	Choose												Source Page
Shaman up to 1st level Favors	TYPE:Internal	VISIBLE:NO	MULT:YES	CHOOSE:SPELLLEVEL|CLASS=Shaman (DL)|0|1[BONUS:SPELLKNOWN|CLASS=%;LEVEL=%|1]	SOURCEPAGE:p.40
Shaman up to 2nd level Favors	TYPE:Internal	VISIBLE:NO	MULT:YES	CHOOSE:SPELLLEVEL|CLASS=Shaman (DL)|0|2[BONUS:SPELLKNOWN|CLASS=%;LEVEL=%|1]	SOURCEPAGE:p.40
Shaman up to 3rd level Favors	TYPE:Internal	VISIBLE:NO	MULT:YES	CHOOSE:SPELLLEVEL|CLASS=Shaman (DL)|0|3[BONUS:SPELLKNOWN|CLASS=%;LEVEL=%|1]	SOURCEPAGE:p.40
Shaman up to 4th level Favors	TYPE:Internal	VISIBLE:NO	MULT:YES	CHOOSE:SPELLLEVEL|CLASS=Shaman (DL)|0|4[BONUS:SPELLKNOWN|CLASS=%;LEVEL=%|1]	SOURCEPAGE:p.40
Shaman up to 5th level Favors	TYPE:Internal	VISIBLE:NO	MULT:YES	CHOOSE:SPELLLEVEL|CLASS=Shaman (DL)|0|5[BONUS:SPELLKNOWN|CLASS=%;LEVEL=%|1]	SOURCEPAGE:p.40
Shaman up to 6th level Favors	TYPE:Internal	VISIBLE:NO	MULT:YES	CHOOSE:SPELLLEVEL|CLASS=Shaman (DL)|0|6[BONUS:SPELLKNOWN|CLASS=%;LEVEL=%|1]	SOURCEPAGE:p.40
Shaman up to 7th level Favors	TYPE:Internal	VISIBLE:NO	MULT:YES	CHOOSE:SPELLLEVEL|CLASS=Shaman (DL)|0|7[BONUS:SPELLKNOWN|CLASS=%;LEVEL=%|1]	SOURCEPAGE:p.40
Shaman up to 8th level Favors	TYPE:Internal	VISIBLE:NO	MULT:YES	CHOOSE:SPELLLEVEL|CLASS=Shaman (DL)|0|8[BONUS:SPELLKNOWN|CLASS=%;LEVEL=%|1]	SOURCEPAGE:p.40
Shaman up to 9th level Favors	TYPE:Internal	VISIBLE:NO	MULT:YES	CHOOSE:SPELLLEVEL|CLASS=Shaman (DL)|0|9[BONUS:SPELLKNOWN|CLASS=%;LEVEL=%|1]	SOURCEPAGE:p.40

###Block: Texas Ranger class abilities
# Feat Name				Type			Visible	Define			Bonus to skill								Source Page		SAB
National Law Enforcement	TYPE:ClassAbility	VISIBLE:NO															SOURCEPAGE:p.92	SAB:National Law Enforcement
Ranger's Bible			TYPE:ClassAbility	VISIBLE:NO					BONUS:SKILL|Gather Information|2					SOURCEPAGE:p.92	SAB:Ranger's Bible
Ranger's Presence			TYPE:ClassAbility	VISIBLE:NO	DEFINE:RangerPres|0	BONUS:SKILL|Bluff,Gather Information,Intimidate|RangerPres	SOURCEPAGE:p.92	SAB:Presence +%|RangerPres
One Riot - One Ranger		TYPE:ClassAbility	VISIBLE:NO	DEFINE:RiotRanger|0											SOURCEPAGE:p.92	SAB:One Riot- One Ranger %|RiotRanger|1
Chapter 13				TYPE:ClassAbility	VISIBLE:NO					BONUS:SKILL|Knowledge (Occult)|4|TYPE=Competence		SOURCEPAGE:p.92	SAB:Chapter 13


