# CVS $Revision: 25487 $ $Author: amaitland $ -- Wed Sep  3 00:18:24 2014 -- reformated by prettylst.pl v1.51 (build 24947)
SOURCELONG:Gaslight - Players Guide	SOURCESHORT:Gaslight	SOURCEWEB:www.battlefieldpress.com	SOURCEDATE:2009-12
#Original Entry: Andrew Maitland


###Block: Occupation
# Template Name	Visible	Bonus Ability Pool
Occupation		VISIBLE:NO	BONUS:ABILITYPOOL|Occupation|1

###Block: Starting Class
# Template Name	Visible	Template					Required Class			Bonus to HP
Starting Class	VISIBLE:NO	TEMPLATE:CHOOSE:TYPE=StartingClass
#
Acolyte		VISIBLE:NO	TYPE:StartingClass			PRECLASS:1,Acolyte=1		BONUS:HP|CURRENTMAX|16
Apprentice		VISIBLE:NO	TYPE:StartingClass			PRECLASS:1,Apprentice=1		BONUS:HP|CURRENTMAX|12
Everyman		VISIBLE:NO	TYPE:StartingClass			PRECLASS:1,Everyman=1		BONUS:HP|CURRENTMAX|12
Explorer		VISIBLE:NO	TYPE:StartingClass			PRECLASS:1,Explorer=1		BONUS:HP|CURRENTMAX|16
Gunslinger		VISIBLE:NO	TYPE:StartingClass			PRECLASS:1,Gunslinger=1		BONUS:HP|CURRENTMAX|20
Inventor		VISIBLE:NO	TYPE:StartingClass			PRECLASS:1,Inventor=1		BONUS:HP|CURRENTMAX|12
Investigator	VISIBLE:NO	TYPE:StartingClass			PRECLASS:1,Investigator=1	BONUS:HP|CURRENTMAX|12
Martial Artist	VISIBLE:NO	TYPE:StartingClass			PRECLASS:1,Martial Artist=1	BONUS:HP|CURRENTMAX|16
Officer		VISIBLE:NO	TYPE:StartingClass			PRECLASS:1,Officer=1		BONUS:HP|CURRENTMAX|16
Personality		VISIBLE:NO	TYPE:StartingClass			PRECLASS:1,Personality=1	BONUS:HP|CURRENTMAX|12
Rogue			VISIBLE:NO	TYPE:StartingClass			PRECLASS:1,Rogue=1		BONUS:HP|CURRENTMAX|16
Sensitive		VISIBLE:NO	TYPE:StartingClass			PRECLASS:1,Sensitive=1		BONUS:HP|CURRENTMAX|16
Scholar		VISIBLE:NO	TYPE:StartingClass			PRECLASS:1,Scholar=1		BONUS:HP|CURRENTMAX|16



###Block: Beast Men
# Template Name		Size		Visible	Subrace		Natural Attacks
Beast Man ~ Bear		SIZE:L	VISIBLE:NO	SUBRACE:Bear
Beast Man ~ Cat				VISIBLE:NO	SUBRACE:Cat
Beast Man ~ Dog				VISIBLE:NO	SUBRACE:Dog
Beast Man ~ Bat		SIZE:S	VISIBLE:NO	SUBRACE:Bat


#TODO: Wild Shape templates:  Bat|Dire Bat|Rat|Dire Rat|Wolf|Dire Wolf

Claws						VISIBLE:NO				NATURALATTACKS:Claw,Weapon.Natural.Melee.Bludgeoning.Piercing.Slashing,*2,1d6
Fangs						VISIBLE:NO				NATURALATTACKS:Bite,Weapon.Natural.Melee.Bludgeoning.Piercing.Slashing,*1,1d4
Horns						VISIBLE:NO				NATURALATTACKS:Gore,Weapon.Natural.Melee.Bludgeoning.Piercing.Slashing,*1,1d4


###Block: Import from other source
# Template Name
Unarmed Lethal Strike
Combat Expertise trade off


###Block: Optional Rules
# Template Name		Visible	Bonus to skill
World Law ~ Skills	VISIBLE:NO	BONUS:SKILL|TYPE.LevelMod|TL/2|TYPE=Misc|PRERULE:1,Misc_Skill_Modifier_Rule

###Block: Magus's Assistant Occupation Support
# Template Name	Visible	Caster level bonus						Bonus to spell cast/day																																	Add
Magus's Assistant	VISIBLE:NO	BONUS:PCLEVEL|Apprentice|-1|PRECLASS:1,Apprentice=1	BONUS:SPELLCAST|CLASS=Apprentice;LEVEL=1|1|PRECLASS:1,Apprentice=1	BONUS:SPELLCAST|CLASS=Apprentice;LEVEL=1|-3|!PRECLASS:1,Apprentice=1	BONUS:SPELLCAST|CLASS=Apprentice;LEVEL=0|-2|!PRECLASS:1,Apprentice=1	ADD:SPELLCASTER|Apprentice

#
# End
#
