# CVS $Revision$ $Author$ -- Mon Apr  2 04:37:37 2007 -- reformated by prettylst.pl v1.38 (build 2621)
SOURCELONG:Midnight - Against the Shadow	SOURCESHORT:AtS	SOURCEWEB:http://www.fantasyflightgames.com/midnight.html
#Original Entry By: Aaron Divinsky


# Class Name			Hit Dice	Type			Abbreviation	Max Level	Source Page		Save checks bonus											Combat bonus
CLASS:Ancestral Bladebearer	HD:10		TYPE:PC.Prestige	ABB:AnBld		MAXLEVEL:10	SOURCEPAGE:p. 40	BONUS:CHECKS|BASE.Fortitude|CL/2+2	BONUS:CHECKS|BASE.Reflex,BASE.Will|CL/3	BONUS:COMBAT|BAB|CL|TYPE=Base.REPLACE
# Class Name			Req. Att.	Required Feat								Required Text
CLASS:Ancestral Bladebearer	PREATT:6	PREFEAT:1,Weapon Focus	PREFEAT:1,Weapon Specialization	PRETEXT:Weapon Focus and Weapon Specialization must be with ancestral blade.  Must have used ancestral blade exclusively for at least one level.
# Class Name			Skill Pts/Lvl	Class Skill
CLASS:Ancestral Bladebearer	STARTSKILLPTS:2	CSKILL:Climb|TYPE.Craft|Handle Animal|Intimidate|Jump|TYPE.Profession|Ride|Swim
1								FEATAUTO:All Automatic Proficiencies|Simple Weapon Proficiency|Martial Weapon Proficiency|All Martial Weapon Proficiencies	FEATAUTO:Armor Proficiency (Light)|Armor Proficiency (Medium)|Armor Proficiency (Heavy)|Shield Proficiency
1								FEATAUTO:Unbreakable Blade
2								FEATAUTO:Advance Ancestral Blade
3								FEATAUTO:Ancestral Watcher
3	REPEATLEVEL:3	ADD:FEAT(TYPE=Fighter)
4								FEATAUTO:Immovable Blade
5								FEATAUTO:Ancestral Advisor
7								FEATAUTO:Ancestral Guide
8								FEATAUTO:Unwavering Blade
9								FEATAUTO:Ancestral Protector
10								FEATAUTO:Awaken Ancestral Blade

### TODO: Closed Mind does not appear on the list of abilities.  Assuming 1st level.
### TODO: There are many special abilities in the level progression chart that are not described in the text.

# Class Name		Hit Dice	Type			Abbreviation	Max Level	Source Page		Save checks bonus											Combat bonus
CLASS:Aradil's Eye	HD:6		TYPE:PC.Prestige	ABB:ArEye		MAXLEVEL:10	SOURCEPAGE:p. 42	BONUS:CHECKS|BASE.Will|CL/2+2	BONUS:CHECKS|BASE.Reflex,BASE.Fortitude|CL/3	BONUS:COMBAT|BAB|(CL*3)/4|TYPE=Base.REPLACE
# Class Name		Required Feat		Required Skill															Required Text
CLASS:Aradil's Eye	PREFEAT:1,Inconspicuous	PRESKILL:3,Bluff,Gather Information,Hide=8	PRESKILL:4,Disguise,Move Silently,Sense Motive,Spot=5	PRETEXT:Must be a Caransil that is judged completely loyal to the Witch Queen.
# Class Name		Skill Pts/Lvl	Class Skill
CLASS:Aradil's Eye	STARTSKILLPTS:8	CSKILL:Balance|Bluff|Climb|TYPE.Craft|Decipher Script|Diplomacy|Disable Device|Disguise|Escape Artist|Forgery|Gather Information|Hide|Innuendo|Intimidate|Intuit Direction|Jump|Listen|Move Silently|Open Lock|Pick Pocket|TYPE.Profession|Read Lips|Search|Sense Motive|Spot|Swim|Tumble|Use Rope|Wilderness Lore
1						FEATAUTO:Simple Weapon Proficiency
1	BONUS:VAR|AlterEgoLvl|CL	FEATAUTO:Alter Ego
1						FEATAUTO:Mindbond
1						FEATAUTO:Closed Mind
2						FEATAUTO:Aradil's Eye Spy
#3	SPELLS:Aradil's Eye|TIMES=1|CASTERLEVEL=var("CL")|Undetectable Alignment
#4	FEATAUTO:Fascinating Speech
5						FEATAUTO:Still Mind
6						FEATAUTO:Hide in Plain Sight
7						FEATAUTO:Slippery Mind
#8	Memory Alteration
#9	Discerning Mind

# Class Name		Hit Dice	Type			Abbreviation	Max Level	Source Page		Save checks bonus												Combat bonus
CLASS:Avenging Knife	HD:6		TYPE:PC.Prestige	ABB:AvKn		MAXLEVEL:10	SOURCEPAGE:p. 45	BONUS:CHECKS|BASE.Reflex|CL/2+2	BONUS:CHECKS|BASE.Will,BASE.Fortitude|CL/3	BONUS:COMBAT|BAB|(CL*3)/4|TYPE=Base.REPLACE
# Class Name		Required AL				Required Feat								Required Skill											Required Text
CLASS:Avenging Knife	PREALIGN:LG,LN,NG,TN,CG,CN	PREFEAT:3,Improved Initiative,Inconspicuous,Sneak Attack	PRESKILL:2,Bluff,Gather Information=5	PRESKILL:2,Hide,Move Silently=8	PRETEXT:Must have performed a heroic feat against the forces of Izrador

# Class Name		Skill Pts/Lvl	Class Skill
CLASS:Aradil's Eye	STARTSKILLPTS:6	CSKILL:Balance|Bluff|Decipher Script|Disguise|Escape Artist|Gather Information|Hide|Jump|Listen|Move Silently|TYPE.Profession|Search|Sense Motive|Spot|Swim|Tumble|Use Rope
1															FEATAUTO:All Automatic Proficiencies|Simple Weapon Proficiency|Martial Weapon Proficiency|All Martial Weapon Proficiencies
1															FEATAUTO:Armor Proficiency (Light)|Armor Proficiency (Medium)
1															FEATAUTO:The Drop
2															FEATAUTO:Security Breach
3	BONUS:VAR|SneakAttack|CL/3										FEATAUTO:Sneak Attack
# TODO Improved Feint doesn't exist in 3.0
#3															VFEAT:Improved Feint
4															FEATAUTO:Target Study
5															FEATAUTO:Fast Hands
6															FEATAUTO:Cover Story
7	BONUS:VAR|StunningSneakAttackTimes|3	BONUS:VAR|StunningSneakAttackDC|10+CL+INT	FEATAUTO:Stunning Sneak Attack
8															FEATAUTO:Improved Coup de Grace
9															FEATAUTO:Still as Stone
10	BONUS:VAR|DeathAttackDC|10+CL+INT									FEATAUTO:Death Attack

# Class Name		Hit Dice	Type			Abbreviation	Max Level	Source Page		Save checks bonus											Combat bonus
CLASS:Bane of Legates	HD:6		TYPE:PC.Prestige	ABB:blgt		MAXLEVEL:10	SOURCEPAGE:p. 48	BONUS:CHECKS|BASE.Will|CL/2+2	BONUS:CHECKS|BASE.Reflex,BASE.Fortitude|CL/3	BONUS:COMBAT|BAB|(CL*3)/4|TYPE=Base.REPLACE
# Class Name		Required Feat				Required Skill												Var. Min. Value
CLASS:Bane of Legates	PREFEAT:2,TYPE.Magecraft,Iron Will	PRESKILL:2,Knowledge (Arcana),Spellcraft=10	PRESKILL:1,Knowledge (Religion)=6	PREVARGTEQ:SpellEnergy,10
# Class Name		Skill Pts/Lvl	Class Skill
CLASS:Bane of Legates	STARTSKILLPTS:4	CSKILL:Alchemy|Animal Empathy|Bluff|Concentration|TYPE.Craft|Diplomacy|Handle Animal|Heal|Intimidate|TYPE.Knowledge|TYPE.Profession|Scry|Sense Motive|Spellcraft|Wilderness Lore
1	REPEATLEVEL:1						ADD:FEAT(Improved Spellcasting)
1				BONUS:VAR|SpellEnergy|CL
1				BONUS:VAR|IzradorSR|10+CL									FEATAUTO:Resist Izrador's Will
2	REPEATLEVEL:5						ADD:FEAT(TYPE=ItemCreation,TYPE=Metamagic)
3																	FEATAUTO:See Astirax
4																	FEATAUTO:Counter Izrador's Will
5	REPEATLEVEL:4						ADD:FEAT(TYPE=Spellcasting)
6																	FEATAUTO:Bind Astirax
8																	FEATAUTO:Conceal Magic
10																	FEATAUTO:Sundered Spirit

# Class Name		Hit Dice	Type			Abbreviation	Max Level	Source Page		Save checks bonus												Combat bonus
CLASS:Elven Raider	HD:8		TYPE:PC.Prestige	ABB:ERd		MAXLEVEL:10	SOURCEPAGE:p. 50	BONUS:CHECKS|BASE.Reflex|CL/2+2	BONUS:CHECKS|BASE.Will,BASE.Fortitude|CL/3	BONUS:COMBAT|BAB|CL|TYPE=Base.REPLACE
# Class Name		Req. Att.	Required Feat											Required Race	Required Skill
CLASS:Elven Raider	PREATT:5	PREFEAT:1,Weapon Focus (Longbow)	PREFEAT:2,Point Blank Shot,Rapid Shot	PRERACE:1,Elf	PRESKILL:3,Hide,Move Silently,Wilderness Lore=8
# Class Name		Skill Pts/Lvl	Class Skill
CLASS:Elven Raider	STARTSKILLPTS:4	CSKILL:Climb|TYPE.Craft|Heal|Hide|Intimidate|Intuit Direction|Jump|Knowledge (Nature)|Listen|Move Silently|TYPE.Profession|Ride|Search|Spot|Swim|Use Rope|Wilderness Lore
1										FEATAUTO:All Automatic Proficiencies|Simple Weapon Proficiency|Martial Weapon Proficiency|All Martial Weapon Proficiencies	FEATAUTO:Armor Proficiency (Light)
1										FEATAUTO:Ranged Sneak Attack
1	BONUS:VAR|RangedSneakAttack|floor((CL+1)/2)
2	BONUS:VAR|RangedSneakAttackRange|floor((CL+1)/3)*10
3										FEATAUTO:Meticulous Aim
4										FEATAUTO:Intimidating Shot
6										FEATAUTO:Leaf Reader
7	BONUS:VAR|DisarmingShotLvl|CL					FEATAUTO:Disarming Shot
9										FEATAUTO:Close Combat Archery

# Class Name	Hit Dice	Type			Abbreviation	Max Level	Source Page		Save checks bonus											Combat bonus
CLASS:Haunted One	HD:6		TYPE:PC.Prestige	ABB:Haunt		MAXLEVEL:10	SOURCEPAGE:p. 52	BONUS:CHECKS|BASE.Will|CL/2+2	BONUS:CHECKS|BASE.Reflex,BASE.Fortitude|CL/3	BONUS:COMBAT|BAB|(CL*3)/4|TYPE=Base.REPLACE
# Class Name	Required Feat									Required Skill													Required Stat
CLASS:Haunted One	PREFEAT:2,Spellcasting (Divination),Spellcasting (Necromancy)	PRESKILL:1,Knowledge (Arcana)=8	PRESKILL:1,Scry=5	PRESKILL:1,Knowledge (Nature)=3	PRESTAT:1,WIS=13
# Class Name	Skill Pts/Lvl	Class Skill
CLASS:Haunted One	STARTSKILLPTS:4	CSKILL:Alchemy|Animal Empathy|Bluff|Concentration|TYPE.Craft|Diplomacy|Handle Animal|Heal|Intimidate|TYPE.Knowledge|TYPE.Profession|Scry|Sense Motive|Spellcraft|Wilderness Lore
1	REPEATLEVEL:1																ADD:FEAT(Improved Spellcasting)
1														BONUS:CASTERLEVEL|Channeler|1
1				BONUS:VAR|SpellEnergy|CL
1				BONUS:VAR|SeanceLvl|CL	BONUS:VAR|SeanceTimes|(CL+2)/3												FEATAUTO:Seance
2	REPEATLEVEL:2																ADD:FEAT(Spirit Manipulation)
3																									FEATAUTO:Ghost Sight
5																									FEATAUTO:Spell Focus (Divination)
9																									FEATAUTO:Spell Focus (Necromancy)
10																									FEATAUTO:Spirit Mastery

# Class Name	Hit Dice	Type			Abbreviation	Max Level	Source Page		Save checks bonus											Combat bonus
CLASS:Herbalist	HD:6		TYPE:PC.Prestige	ABB:Herb		MAXLEVEL:10	SOURCEPAGE:p. 52	BONUS:CHECKS|BASE.Will|CL/2+2	BONUS:CHECKS|BASE.Reflex,BASE.Fortitude|CL/3	BONUS:COMBAT|BAB|(CL*3)/4|TYPE=Base.REPLACE
# Class Name	Required Feat						Required Skill
CLASS:Herbalist	PREFEAT:2,Brew Herbal Concoctions,Green Thumb	PRESKILL:2,Profession (Herbalist),Wilderness Lore=10
# Class Name	Skill Pts/Lvl	Class Skill
CLASS:Herbalist	STARTSKILLPTS:4	CSKILL:Climb|TYPE.Craft|Heal|Intuit Direction|Jump|Knowledge (Herbalism)|Listen|TYPE.Profession|Search|Spot|Swim|Use Rope|Wilderness Lore
1									FEATAUTO:All Automatic Proficiencies|Simple Weapon Proficiency	FEATAUTO:Armor Proficiency (Light)|Shield Proficiency
1									FEATAUTO:Extended Concoction
2	REPEATLEVEL:3	ADD:FEAT(Concoction Mastery)
3									FEATAUTO:Efficient Harvest
4									FEATAUTO:Enhanced Concoction
6									FEATAUTO:Pure Harvest
7									FEATAUTO:Doubled Concoction
9									FEATAUTO:Constant Harvest
10									FEATAUTO:Spontaneous Concoction|Master Herbalist

# Class Name		Hit Dice	Type			Abbreviation	Max Level	Source Page		Save checks bonus											Combat bonus
CLASS:Sarcosan Knight	HD:10		TYPE:PC.Prestige	ABB:SarKn		MAXLEVEL:10	SOURCEPAGE:p. 56	BONUS:CHECKS|BASE.Fortitude|CL/2+2	BONUS:CHECKS|BASE.Reflex,BASE.Will|CL/3	BONUS:COMBAT|BAB|CL|TYPE=Base.REPLACE
# Class Name		Req. Att.	Required Feat								Required Race						Required Skill
CLASS:Sarcosan Knight	PREATT:6	PREFEAT:3,Mounted Combat,Ride-By Attack,Spirited Charge	PRERACE:1,Human (Sarcosan),Human (Erenlander)	PRESKILL:1,Ride=8	PRESKILL:2,Handle Animal,Intimidate=4
# Class Name		Skill Pts/Lvl	Class Skill
CLASS:Sarcosan Knight	STARTSKILLPTS:2	CSKILL:Climb|TYPE.Craft|Diplomacy|Handle Animal|Jump|TYPE.Profession|Ride|Spot|Swim
1																																																			FEATAUTO:All Automatic Proficiencies|Simple Weapon Proficiency|Martial Weapon Proficiency|All Martial Weapon Proficiencies|Armor Proficiency (Light)|Armor Proficiency (Medium)|Armor Proficiency (Heavy)|Shield Proficiency
1				BONUS:VAR|HorseLordLvl|CL																																											FEATAUTO:Horse Lord
1				BONUS:VAR|SarSMLevel|CL																																												FEATAUTO:Sarcosan Mount
2	REPEATLEVEL:3						ADD:FEAT(Mounted Maneuver)
3	REPEATLEVEL:3						ADD:FEAT(Mounted Archery,Sarcosan Pureblood,Skill Focus (Ride),Trample,Weapon Focus (Ceduku),Weapon Focus (TYPE.Shortbow),Weapon Focus (Scimitar),Weapon Specialization (Ceduku),Weapon Specialization (TYPE.Shortbow),Weapon Specialization (Scimitar))
4																																																			FEATAUTO:Spur On
7									ADD:FEAT(Devastating Attack)
10																																																			FEATAUTO:Sweeping Strike

# Class Name	Hit Dice	Type			Abbreviation	Max Level	Source Page		Save checks bonus											Combat bonus
CLASS:Smuggler	HD:6		TYPE:PC.Prestige	ABB:Smg		MAXLEVEL:10	SOURCEPAGE:p. 59	BONUS:CHECKS|BASE.Fortitude|CL/3	BONUS:CHECKS|BASE.Reflex,BASE.Will|CL/2+2	BONUS:COMBAT|BAB|(CL*3)/4|TYPE=Base.REPLACE
# Class Name	Required Feat		Required Skill
CLASS:Smuggler	PREFEAT:1,Inconspicuous	PRESKILL:2,Bluff,Gather Information=8	PRESKILL:3,Disguise,Forgery,Hide=5
# Class Name	Skill Pts/Lvl	Class Skill
CLASS:Smuggler	STARTSKILLPTS:8	CSKILL:Appraise|Balance|Bluff|Climb|TYPE.Craft|Decipher Script|Diplomacy|Disable Device|Disguise|Escape Artist|Forgery|Gather Information|Hide|Innuendo|Intimidate|Intuit Direction|Jump|Listen|Move Silently|Open Lock|Perform|Pick Pocket|TYPE.Profession|Read Lips|Search|Sense Motive|Spot|Swim|Tumble|Use Magic Device|Use Rope
1																						FEATAUTO:All Automatic Proficiencies|Simple Weapon Proficiency	FEATAUTO:Armor Proficiency (Light)
1	BONUS:VAR|SmugglingBonus|floor((CL+1)/2)*2														FEATAUTO:Smuggler's Trade
2	BONUS:VAR|DominantWillBonus|min(4,floor((CL+2)/4)*2)													FEATAUTO:Dominant Will
3	BONUS:VAR|MystifyingSpeechTimes|floor((CL+1)/4)	BONUS:VAR|MystifyingSpeechTargets|CL	BONUS:VAR|MystifyingSpeechDC|14+CHA	FEATAUTO:Mystifying Speech
4	BONUS:VAR|InformationNetworkLvl|CL																FEATAUTO:Information Network
5	BONUS:VAR|DisguiseContrabandLvl|CL																FEATAUTO:Disguise Contraband
10																						FEATAUTO:Slippery Mind

# Class Name		Hit Dice	Type			Abbreviation	Max Level	Source Page		Save checks bonus											Combat bonus
CLASS:Warrior Arcanist	HD:8		TYPE:PC.Prestige	ABB:warc		MAXLEVEL:10	SOURCEPAGE:p. 61	BONUS:CHECKS|BASE.Fortitude|CL/2+2	BONUS:CHECKS|BASE.Reflex,BASE.Will|CL/3	BONUS:COMBAT|BAB|CL|TYPE=Base.REPLACE
# Class Name		Req. Att.	Required Feat														Required Skill		Req. Spell Type		Req. Weapond Prof.
CLASS:Warrior Arcanist	PREATT:4	PREFEAT:1,TYPE.Magecraft	PREFEAT:1,Armor Proficiency (Medium)	PREFEAT:1,Weapon Focus	PRESKILL:1,Spellcraft=8	PRESPELLTYPE:Arcane,3,2	PREWEAPONPROF:1,TYPE.Martial
# Class Name		Skill Pts/Lvl	Class Skill
CLASS:Warrior Arcanist	STARTSKILLPTS:2	CSKILL:Climb|Concentration|TYPE.Craft|Intimidate|Jump|TYPE.Knowledge|TYPE.Profession|Ride|Spellcraft|Swim
1	REPEATLEVEL:2																	ADD:FEAT(Improved Spellcasting)
1															BONUS:CASTERLEVEL|Channeler|1
1				BONUS:VAR|SpellEnergy|CL
1				BONUS:VAR|MaxSpellChanneling|1																	FEATAUTO:Magical Power
2																										FEATAUTO:Magical Accuracy
3				BONUS:VAR|IgnoreArmorBonus|10																		FEATAUTO:Ignore Armor
3				BONUS:VAR|MeleeSpellcastingLvl|CL																	FEATAUTO:Melee Spellcasting
4																										FEATAUTO:Magical Defense
5																										FEATAUTO:Regenerative Strike
6				BONUS:VAR|IgnoreArmorBonus|10	BONUS:VAR|MaxSpellChanneling|1
8				BONUS:VAR|IgnoreArmorBonus|10
9																				ADD:FEAT(TYPE=Fighter)

# Class Name		Hit Dice	Type			Abbreviation	Max Level	Source Page		Save checks bonus											Combat bonus
CLASS:Whisper Adept	HD:8		TYPE:PC.Prestige	ABB:whs		MAXLEVEL:10	SOURCEPAGE:p. 63	BONUS:CHECKS|BASE.Fortitude,BASE.Reflex|CL/3	BONUS:CHECKS|BASE.Will|CL/2+2	BONUS:COMBAT|BAB|(CL*3)/4|TYPE=Base.REPLACE
# Class Name		Required Feat								Required Race	Required Skill												Required Stat
CLASS:Whisper Adept	PREFEAT:1,TYPE.Magecraft	PREFEAT:1,TYPE.Spellcasting	PRERACE:1,Elf	PRESKILL:1,Knowledge (Nature)=8	PRESKILL:1,Scry=5	PRESKILL:1,Wilderness Lore=6	PRESTAT:1,WIS=15
# Class Name		Skill Pts/Lvl	Class Skill
CLASS:Whisper Adept	STARTSKILLPTS:4	CSKILL:Alchemy|Animal Empathy|Bluff|Concentration|TYPE.Craft|Diplomacy|Handle Animal|Heal|Intimidate|TYPE.Knowledge|TYPE.Profession|Scry|Sense Motive|Spellcraft|Wilderness Lore
1				BONUS:VAR|CommandNature|CL
1	REPEATLEVEL:1												ADD:FEAT(Improved Spellcasting)
1				BONUS:VAR|MaxSpellChanneling|CL	BONUS:CASTERLEVEL|Channeler|1
1				BONUS:VAR|SpellEnergy|CL
1				BONUS:VAR|WhisperSenseLvl|CL													FEATAUTO:Whisper Sense
3																					FEATAUTO:Fell Touch
5				BONUS:VAR|TreeMeldLvl|CL													FEATAUTO:Tree Meld
7																					FEATAUTO:Strength of the Wood
10																					FEATAUTO:Tree Stride

# Class Name		Hit Dice	Type			Abbreviation	Max Level	Source Page		Save checks bonus												Combat bonus
CLASS:Wogren Rider	HD:8		TYPE:PC.Prestige	ABB:wgr		MAXLEVEL:10	SOURCEPAGE:p. 65	BONUS:CHECKS|BASE.Fortitude,BASE.Will|CL/3	BONUS:CHECKS|BASE.Reflex|CL/2+2	BONUS:COMBAT|BAB|CL|TYPE=Base.REPLACE
# Class Name		Required Feat					Required Race			Required Skill
CLASS:Wogren Rider	PREFEAT:2,Mounted Archery,Mounted Combat	PRERACE:1,Halfling (Midnight)	PRESKILL:2,Intuit Direction,Wilderness Lore=4	PRESKILL:1,Ride=8
# Class Name		Skill Pts/Lvl	Class Skill
CLASS:Wogren Rider	STARTSKILLPTS:4	CSKILL:Animal Empathy|Climb|TYPE.Craft|Handle Animal|Heal|Hide|Intuit Direction|Jump|Knowledge (Nature)|Listen|Move Silently|TYPE.Profession|Ride|Search|Spot|Swim|Use Rope|Wilderness Lore
1																																										FEATAUTO:All Automatic Proficiencies|Simple Weapon Proficiency|Martial Weapon Proficiency|All Martial Weapon Proficiencies
1																																										FEATAUTO:Armor Proficiency (Light)|Armor Proficiency (Medium)
1				BONUS:VAR|WogrenRiderLvl|CL																																		FEATAUTO:Wogren Mount
1																																										FEATAUTO:Coordinated Attack
2	REPEATLEVEL:2						ADD:FEAT(Ride By Attack,Improved Ride By Attack,Mounted Archery,Improved Mounted Archery,Mounted Combat,Improved Mounted Combat,Spirited Charge,Improved Spirited Charge,Trample,Improved Trample)
3																																										FEATAUTO:Speed Mount
5																																										FEATAUTO:Mounted Hide
7																																										FEATAUTO:Wogren Dodge
9																																										FEATAUTO:Wogren's Sight

#
# End
#
