# CVS $Revision$ $Author$ -- Thu Apr 26 23:59:39 2007 -- reformated by prettylst.pl v1.38 (build 2788)
SOURCELONG:Midnight - Against the Shadow	SOURCESHORT:AtS	SOURCEWEB:http://www.fantasyflightgames.com/midnight.html
#Original Entry By: Aaron Divinsky


###Block: Elemental Aspects

# Feat Name			Type				Visible	Prohibited Feat				Multiple Requirements										Required Template				Special Ability							Define				Stackable?	Multiple?	Choose		MOVECLONE				Combat bonus				Bonus to skill			Modify VAR
Light Step			TYPE:ElementalAspect	VISIBLE:NO	!PREFEAT:5,CHECKMULT,Light Step	PREMULT:1,[PREVARGTEQ:InitialAspect,1],[PRETEMPLATE:Air Elemental Taint]							SA:Light Step (Su)											STACK:YES	MULT:YES	CHOOSE:NOCHOICE												BONUS:SKILL|Move Silently|2
Breathless			TYPE:ElementalAspect	VISIBLE:NO							PREMULT:1,[PREVARGTEQ:InitialAspect,1],[PRETEMPLATE:Air Elemental Taint]							SA:Breathless (Ex)
Acidic Secretions		TYPE:ElementalAspect	VISIBLE:NO							PREMULT:1,[PREVARGTEQ:InitialAspect,1],[PRETEMPLATE:Earth Elemental Taint]							SA:Acidic Secretions (Ex)
Skin of Stone		TYPE:ElementalAspect	VISIBLE:NO							PREMULT:1,[PREVARGTEQ:InitialAspect,1],[PRETEMPLATE:Earth Elemental Taint]							SA:Skin of Stone (Ex)																							BONUS:COMBAT|AC|1|TYPE=NaturalArmor
Fiery Metabolism		TYPE:ElementalAspect	VISIBLE:NO							PREMULT:1,[PREVARGTEQ:InitialAspect,1],[PRETEMPLATE:Fire Elemental Taint]							SA:Fiery Metabolism (Ex)
Heat Body			TYPE:ElementalAspect	VISIBLE:NO							PREMULT:1,[PREVARGTEQ:InitialAspect,1],[PRETEMPLATE:Fire Elemental Taint]							SA:Heat Body %/day (Su)|HeatBodyTimes			DEFINE:HeatBodyTimes|0		STACK:YES	MULT:YES	CHOOSE:NOCHOICE																	BONUS:VAR|HeatBodyTimes|1
Water Adaptation		TYPE:ElementalAspect	VISIBLE:NO							PREMULT:1,[PREVARGTEQ:InitialAspect,1],[PRETEMPLATE:Water Elemental Taint]							SA:Water Adaptation (Ex)																	MOVECLONE:Walk,0,Swim,/2
Aquatic Form		TYPE:ElementalAspect	VISIBLE:NO							PREMULT:1,[PREVARGTEQ:InitialAspect,1],[PRETEMPLATE:Water Elemental Taint]							SA:Aquatic Form (Ex)																							BONUS:COMBAT|AC|1|TYPE=NaturalArmor	BONUS:SKILL|Swim|4

Air Elemental Cohort	TYPE:ElementalCohort	VISIBLE:YES																				PRETEMPLATE:Air Elemental Taint	SA:Air Elemental cohort % HD|ElementalCohortHD		DEFINE:ElementalCohortHD|0
Earth Elemental Cohort	TYPE:ElementalCohort	VISIBLE:YES																				PRETEMPLATE:Earth Elemental Taint	SA:Earth Elemental cohort % HD|ElementalCohortHD	DEFINE:ElementalCohortHD|0
Fire Elemental Cohort	TYPE:ElementalCohort	VISIBLE:YES																				PRETEMPLATE:Fire Elemental Taint	SA:Fire Elemental cohort % HD|ElementalCohortHD		DEFINE:ElementalCohortHD|0
Water Elemental Cohort	TYPE:ElementalCohort	VISIBLE:YES																				PRETEMPLATE:Water Elemental Taint	SA:Water Elemental cohort % HD|ElementalCohortHD	DEFINE:ElementalCohortHD|0

###Block: Energy Resistances and Immunities

# Feat Name				Type							Visible	Special Ability															Define					Modify VAR										Remove Object
Acid Resistance			TYPE:EnergyResistance.ElementalResistance	VISIBLE:NO	SA:Resistance to acid % (Ex)|AcidResistance|!PREFEAT:1,Energy Immunity (acid)					DEFINE:AcidResistance|0
Cold Resistance			TYPE:EnergyResistance.ElementalResistance	VISIBLE:NO	SA:Resistance to cold % (Ex)|ColdResistance|!PREFEAT:1,Energy Immunity (cold)					DEFINE:ColdResistance|0
Electricity Resistance		TYPE:EnergyResistance.ElementalResistance	VISIBLE:NO	SA:Resistance to electricity % (Ex)|ElectricityResistance|!PREFEAT:1,Energy Immunity (electricity)	DEFINE:ElectricityResistance|0
Fire Resistance			TYPE:EnergyResistance.ElementalResistance	VISIBLE:NO	SA:Resistance to fire % (Ex)|FireResistance|!PREFEAT:1,Energy Immunity (fire)					DEFINE:FireResistance|0
Sonic Resistance			TYPE:EnergyResistance.ElementalResistance	VISIBLE:NO	SA:Resistance to sonic % (Ex)|SonicResistance|!PREFEAT:1,Energy Immunity (fire)				DEFINE:SonicResistance|0

Energy Immunity (acid)		TYPE:Special.EnergyImmunity			VISIBLE:NO	SA:Immune to acid (Ex)																				BONUS:VAR|AcidResistance|-(min(AcidResistance,100))			REMOVE:FEAT(Acid Resistance)
Energy Immunity (cold)		TYPE:Special.EnergyImmunity			VISIBLE:NO	SA:Immune to cold (Ex)																				BONUS:VAR|ColdResistance|-(min(ColdResistance,100))			REMOVE:FEAT(Cold Resistance)
Energy Immunity (electricity)	TYPE:Special.EnergyImmunity			VISIBLE:NO	SA:Immune to electricity (Ex)																			BONUS:VAR|ElectricityResistance|-(min(ElectricityResistance,100))	REMOVE:FEAT(Electricity Resistance)
Energy Immunity (fire)		TYPE:Special.EnergyImmunity			VISIBLE:NO	SA:Immune to fire (Ex)																				BONUS:VAR|FireResistance|-(min(FireResistance,100))			REMOVE:FEAT(Fire Resistance)
Energy Immunity (sonic)		TYPE:Special.EnergyImmunity			VISIBLE:NO	SA:Immune to sonic (Ex)																				BONUS:VAR|SonicResistance|-(min(SonicResistance,100))			REMOVE:FEAT(Sonic Resistance)

###Block: Special Qualities

# Feat Name	Type						Visible	Special Ability
Scent		TYPE:SpecialQuality.Extraordinary	VISIBLE:NO	SA:Scent (Ex)

###Block: Special Abilities

# Feat Name				Type							Visible	Special Ability																																																																																																																																		Define																																									Innate Spells																																																																																															Multiple?	Choose																		Move		Save checks bonus							Combat bonus								Damage reduction				Bonus to HP						Misc bonus						Add to base move				Bonus to skill															Add to vision								Stat bonus																	Modify VAR																																																																		Class Skill			Damage Reduction	Temporary effect description
Turn Animal				TYPE:SpecialAbility.Turning.TurnAnimal	VISIBLE:NO	SA:Turn Animals (Su) %/day (turn level %) (turn damage %d%+%)|TurnTimesAnimals|TurnLevelAnimals|TurnDiceAnimals|TurnDieSizeAnimals|TurnDamagePlusAnimals																																																																																																											DEFINE:TurnTimesAnimals|TurnTimesBase	DEFINE:TurnLevelAnimals|TurnLevelBase	DEFINE:TurnDiceAnimals|TurnDiceBase	DEFINE:TurnDieSizeAnimals|TurnDieSizeBase	DEFINE:TurnDamagePlusAnimals|TurnDamagePlusBase	DEFINE:TurnCheckAnimals|TurnCheckBase
Sense the Dead			TYPE:SpecialAbility.Supernatural		VISIBLE:NO	SA:Sense the Dead %-ft. range (Su)|SenseDeadRange																																																																																																																												DEFINE:SenseDeadRange|0																																																																																																																																																																																																																																																									BONUS:VAR|SenseDeadRange|min(60,15+(floor((TL-1)/2)*5))
Touch of the Living		TYPE:SpecialAbility.Supernatural		VISIBLE:NO	SA:Touch of the Living +% (Su)|UndeadDmgBonus																																																																																																																													DEFINE:UndeadDmgBonus|0																																																																																																																																																																								BONUS:COMBAT|DAMAGE.Melee|UndeadDmgBonus|PREAPPLY:PC																																																																									BONUS:VAR|UndeadDmgBonus|min(5,1+(floor(TL/5)))
Unseen to Undead			TYPE:SpecialAbility.Supernatural		VISIBLE:NO	SA:Unseen % ft. (Su)|UnseenRange																																																																																																																															DEFINE:UnseenRange|0																																																																																																																																																																																																																																																									BONUS:VAR|UnseenRange|max(10,50-((floor(TL/4))*10))
Feral Tracker			TYPE:SpecialAbility.Extraordinary		VISIBLE:NO	SA:Feral Tracker +%|FeralTracker																																																																																																																															DEFINE:FeralTracker|0																																																																																																																																																																																																												BONUS:SKILL|Wilderness Lore|FeralTracker|PREAPPLY:PC																																					BONUS:VAR|FeralTracker|floor((TL+3)/4)
Scentless				TYPE:SpecialAbility.Extraordinary		VISIBLE:NO	SA:Scentless (Ex)
Determined Hunter			TYPE:SpecialAbility.Extraordinary		VISIBLE:NO	SA:Determined Hunter +% (Ex)|DeterminedHunterBonus																																																																																																																												DEFINE:DeterminedHunterBonus|0																																																																																																																																																																																																																																																							BONUS:VAR|DeterminedHunterBonus|floor((TL+2)/4)
Wolf's Pace				TYPE:SpecialAbility.Extraordinary		VISIBLE:NO	SA:Wolf's Pace [normal] (Ex)|PREVARLT:WolfsPaceLvl,8	SA:Wolf's Pace [herbal] (Ex)|PREMULT:2,[PREVARLT:WolfsPaceLvl,12],[PREVARGTEQ:WolfsPaceLvl,8]	SA:Wolf's Pace [herbal, hustle] (Ex)|PREMULT:2,[PREVARGTEQ:WolfsPaceLvl,12],[PREVARLT:WolfsPaceLvl,16]	SA:Wolf's Pace [herbal,hustle,restful] (Ex)|PREMULT:2,[PREVARGTEQ:WolfsPaceLvl,16],[PREVARLT:WolfsPaceLvl,20]	SA:Wolf's Pace [herbal,restful,run] (Ex)|PREVARGTEQ:WolfsPaceLvl,20																																																											DEFINE:WolfsPaceLvl|0																																																																																																																																																																																																																																																									BONUS:VAR|WolfsPaceLvl|TL
### TODO: These don't work ------------
Spell Choice			TYPE:SpecialAbility.SpellLike			VISIBLE:NO																																																																																																																																					DEFINE:SpellChoiceLvl|0																																							SPELLS:Jack of All Trades|TIMES=1|CASTERLEVEL=var("TL")|%LIST																																																																																							MULT:YES	CHOOSE:SPELLLEVEL|CLASS=Channeler|var("SpellChoiceLvl")|var("SpellChoiceLvl")
### TODO: These don't work-------------
Spontaneous Spell			TYPE:SpecialAbility.SpellLike			VISIBLE:NO																																																																																																																																					DEFINE:SpontaneousSpellLvl|0																																																																																																																																							MULT:YES	CHOOSE:SPELLLEVEL|CLASS=Channeler|var("SpontaneousSpellLvl")|var("SpontaneousSpellLvl")
Ability Boost			TYPE:SpecialAbility.Extraordinary		VISIBLE:NO																																																																																																																																																																																																																																																																																MULT:YES	CHOOSE:STR|DEX|CON|INT|WIS|CHA																																																																																								BONUS:STAT|%LIST|1
Save Boost				TYPE:SpecialAbility.Extraordinary		VISIBLE:NO																																																																																																																																																																																																																																																																																MULT:YES	CHOOSE:Fortitude|Reflex|Will																	BONUS:CHECKS|%CHOICE|2
Skill Boost				TYPE:SpecialAbility.Extraordinary		VISIBLE:NO																																																																																																																																																																																																																																																																																MULT:YES	CHOOSE:SKILLS|1																																																																BONUS:SKILL|%LIST|2
Mountaineer				TYPE:SpecialAbility.Extraordinary		VISIBLE:NO	SA:Mountaineer (Ex)																																																																																																																																	DEFINE:MountaineerBonus|0																																																																																																																																																																																																											BONUS:SKILL|Climb,Jump|MountaineerBonus	BONUS:SKILL|Wilderness Lore|MountaineerBonus|PREAPPLY:PC																													BONUS:VAR|MountaineerBonus|4+floor((TL-1)/5)*2																																																																			TEMPDESC:Bonus on Wilderness Lore checks made in mountainous terrain.
Ambush				TYPE:SpecialAbility.Extraordinary		VISIBLE:NO	SA:Ambush [+% Hide] (Ex)|AmbushHide|PREVARLT:AmbushLvl,7	SA:Ambush [+% Hide,+% attack] (Ex)|AmbushHide|AmbushAttack|PREMULT:2,[PREVARGTEQ:AmbushLvl,7],[PREVARLT:AmbushLvl,18]	SA:Ambush [+% Hide,+% attack,attack while hidden] (Ex)|AmbushHide|AmbushAttack|PREVARGTEQ:AmbushLvl,18																																																																																					DEFINE:AmbushLvl|0	DEFINE:AmbushHide|0	DEFINE:AmbushAttack|2																																																																																																																																																																BONUS:COMBAT|TOHIT|AmbushAttack|PRELEVEL:7|PREAPPLY:ANYPC																											BONUS:SKILL|Hide|AmbushHide|PREAPPLY:ANYPC																																						BONUS:VAR|AmbushHide|4+(floor(TL/13)*6)
Rallying Cry			TYPE:SpecialAbility.Extraordinary		VISIBLE:NO	SA:Rallying Cry %/day (Ex)|RallyingCryTimes																																																																																																																													DEFINE:RallyingCryTimes|0
### TODO: Not sure what this means do we need a skill Animal Empathy (Northern)?
Northborn				TYPE:SpecialAbility.Extraordinary		VISIBLE:NO	SA:Northborn (Ex)																																																																																																																																																																																																																																																																																																																																																	BONUS:SKILL|Wilderness Lore|2|PREAPPLY:PC																																																																																																										CSKILL:Animal Empathy				TEMPDESC:Bonus to checks when dealing with cold conditions or tracking and foraging in such conditions
Battle Cry				TYPE:SpecialAbility.Extraordinary		VISIBLE:NO	SA:Battle Cry %/day (Ex)|BattleCryTimes																																																																																																																														DEFINE:BattleCryLvl|0	DEFINE:BattleCryHP|0	DEFINE:BattleCryCombat|0	DEFINE:BattleCryTimes|0																																																																																																																																																											BONUS:COMBAT|TOHIT,DAMAGE|BattleCryCombat|PREAPPLY:PC								BONUS:HP|ALTHP|BattleCryHP|PREAPPLY:PC																																																											BONUS:VAR|BattleCryHP|BattleCryLvl	BONUS:VAR|BattleCryCombat|1|PREVARGTEQ:BattleCryLvl,11
Howling Winds			TYPE:SpecialAbility.Supernatural		VISIBLE:NO	SA:Howling Winds [% questions] %/day (Su)|HowlingWindsQuestions|HowlingWindsTimes																																																																																																																							DEFINE:HowlingWindsQuestions|0	DEFINE:HowlingWindsTimes|0																																SPELLS:Northblooded|TIMES=var("HowlingWindsTimes")|CASTERLEVEL=var("TL")|Howling Winds
Aura of Warmth			TYPE:SpecialAbility.Supernatural		VISIBLE:NO	SA:Aura of Warmth (Su)																																																																																																																																																																																																																																																																																																			BONUS:CHECKS|Fortitude|4|PREAPPLY:ANYPC																																																																																																																																																														TEMPDESC:Bonus on saves versus cold weather conditions if within 10 ft of northblooded character.
Frost Weapon			TYPE:SpecialAbility.Supernatural		VISIBLE:NO	SA:Frost Weapon [frost] %/day (Su)|FrostWeaponTimes|PREVARLT:TL,18	SA:Frost Weapon [frost,icy burst] %/day (Su)|FrostWeaponTimes|PREVARGTEQ:TL,18																																																																																																											DEFINE:FrostWeaponTimes|0
Painless				TYPE:SpecialAbility.Extraordinary		VISIBLE:NO	SA:Painless (Ex) Staggered at % hp|PainlessHP																																																																																																																													DEFINE:PainlessHP|0																																																																																																																																																															BONUS:CHECKS|ALL|10|PREAPPLY:PC																				BONUS:HP|CURRENTMAX|PainlessHP															BONUS:SKILL|Concentration|10|PREAPPLY:PC																																							BONUS:VAR|PainlessHP|TL																																																																							TEMPDESC:Bonus on checks and saves to resist pain
Last Gasp 25			TYPE:SpecialAbility.Extraordinary		VISIBLE:NO	SA:Last Gasp 25/+%|LastGasp25Bonus																																																																																																																															DEFINE:LastGasp25Bonus|0																																																																																																																																																																							BONUS:COMBAT|TOHIT,DAMAGE|LastGasp25Bonus|PREAPPLY:PC																																																																																																																																																			TEMPDESC:Bonus when at 25 percent of HP remaining.
Last Gasp 50			TYPE:SpecialAbility.Extraordinary		VISIBLE:NO	SA:Last Gasp 50/+%|LastGasp50Bonus																																																																																																																															DEFINE:LastGasp50Bonus|0																																																																																																																																																																							BONUS:COMBAT|TOHIT,DAMAGE|LastGasp50Bonus|PREAPPLY:PC																																																																																																																																																			TEMPDESC:Bonus when at 50 percent of HP remaining.
### TODO: This should probably stack with other bonuses (elven?) of the same type
Uncaring Mind			TYPE:SpecialAbility.Extraordinary		VISIBLE:NO	SA:Uncaring Mind (Ex) +% bonus on Will saves vs. Enchantments|UncaringMindBonus																																																																																																																							DEFINE:UncaringMindBonus|0
Fight to the Death		TYPE:SpecialAbility.Extraordinary		VISIBLE:NO	SA:Fight to the Death (Ex)
Increased Damage Threshold	TYPE:SpecialAbility.Extraordinary		VISIBLE:NO	SA:Increased Damage Threshold % (Ex)|DamageThreshold																																																																																																																												DEFINE:DamageThreshold|0
Knockout Resistance		TYPE:SpecialAbility.Extraordinary		VISIBLE:NO	SA:Knockout Resistance % (Ex)|KnockoutResistance																																																																																																																												DEFINE:KnockoutResistance|0
Last Stand				TYPE:SpecialAbility.Extraordinary		VISIBLE:NO	SA:Last Stand %/day (Ex)|LastStandTimes																																																																																																																														DEFINE:LastStandTimes|0	DEFINE:LastStandLvl|0	DEFINE:LastStandSR|0	DEFINE:LastStandDR|0	DEFINE:LastStandER|0																																																																																																																																																																		BONUS:DR|-|LastStandDR|PREAPPLY:PC								BONUS:MISC|SR|LastStandSR|PREAPPLY:PC																																																				BONUS:VAR|LastStandSR|25|PREVARLT:LastStandLvl,18	BONUS:VAR|LastStandDR|25|PREVARLT:LastStandLvl,18	BONUS:VAR|LastStandER|50|PREVARLT:LastStandLvl,18	BONUS:VAR|LastStandSR|10|PREVARGTEQ:LastStandLvl,18	BONUS:VAR|LastStandDR,LastStandER|20|PREVARGTEQ:LastStandLvl,18	BONUS:VAR|AcidResistance,ColdResistance,ElectricityResistance,FireResistance,SonicResistance|LastStandER|PREAPPLY:PC					DR:0/-
### TODO: The feat works exactly the way it needs to (except the bonus is not added to skils) except it doesn't work when invoked from the template.
Master Adventurer			TYPE:SpecialAbility.Extraordinary		VISIBLE:NO	SA:Master Adventurer +% (Ex)|MasterAdventurerBonus																																																																																																																												DEFINE:MasterAdventurerBonus|0																																																																																																																																						MULT:YES	CHOOSE:NUMCHOICES=3|SKILLSNAMED|TYPE=Strength|TYPE=Dexterity|TYPE=Constitution|TYPE=Intelligence|TYPE=Wisdom|3																																																BONUS:SKILL|%LIST|MasterAdventurerBonus
Blood of Kings			TYPE:SpecialAbility.Extraordinary		VISIBLE:NO	SA:Blood of Kings +% (Ex)|BloodOfKingsBonus																																																																																																																													DEFINE:BloodOfKingsBonus|0																																																																																																																																																																																																											BONUS:SKILL|STAT.CHA|BloodOfKingsBonus|PREAPPLY:PC																																																																																																															TEMPDESC:Choose at the begining of each day to apply bonuses to the dark lord's forces or enemies of the Shadow.
Pureblood Skill Mastery		TYPE:SpecialAbility.Extraordinary		VISIBLE:NO	SA:Skill Mastery (%CHOICE)																																																																																																																																																																																																																																																																											MULT:YES	CHOOSE:SKILLSNAMED|ALL|1
Dolphins Grace			TYPE:SpecialAbility.Extraordinary		VISIBLE:NO	SA:Dolphin's Grace (Ex)																																																																																																																																	DEFINE:SwimRate|0																																																																																																																																																														MOVE:Swim,0																																								BONUS:MOVEADD|TYPE.Swim|SwimRate
Deep Lungs				TYPE:SpecialAbility.Extraordinary		VISIBLE:NO	SA:Deep Lungs (Ex) % rounds +5 saves vs. cold|DeepLungsDuration																																																																																																																										DEFINE:DeepLungsDuration|0
Aquatic Blindsight		TYPE:SpecialAbility.Extraordinary		VISIBLE:NO	SA:Aquatic Blindsight % ft. (Ex)|AquaticBlindsightRange																																																																																																																											DEFINE:AquaticBlindsightRange|0																																																																																																																																																																																																																											BONUS:VISION|Aquatic Blindsight|AquaticBlindsightRange
Aquatic Ally			TYPE:SpecialAbility.Supernatural		VISIBLE:NO	SA:Aquatic Ally II %/day (Su)|AquaticAllyTimes|PREVAREQ:AquaticAllyLvl,2	SA:Aquatic Ally III %/day (Su)|AquaticAllyTimes|PREVAREQ:AquaticAllyLvl,3	SA:Aquatic Ally IV %/day (Su)|AquaticAllyTimes|PREVAREQ:AquaticAllyLvl,4	SA:Aquatic Ally V %/day (Su)|AquaticAllyTimes|PREVAREQ:AquaticAllyLvl,5	SA:Aquatic Ally VI %/day (Su)|AquaticAllyTimes|PREVARGTEQ:AquaticAllyLvl,6																																																																					DEFINE:AquaticAllyLvl|0	DEFINE:AquaticAllyTimes|0																																		SPELLS:Seaborn|TIMES=var("AquaticAllyTimes")|CASTERLEVEL=var("TL")|Call Aquatic Ally II|PREVAREQ:AquaticAllyLvl,2	SPELLS:Seaborn|TIMES=var("AquaticAllyTimes")|CASTERLEVEL=var("TL")|Call Aquatic Ally III|PREVAREQ:AquaticAllyLvl,3	SPELLS:Seaborn|TIMES=var("AquaticAllyTimes")|CASTERLEVEL=var("TL")|Call Aquatic Ally IV|PREVAREQ:AquaticAllyLvl,4	SPELLS:Seaborn|TIMES=var("AquaticAllyTimes")|CASTERLEVEL=var("TL")|Call Aquatic Ally V|PREVAREQ:AquaticAllyLvl,5	SPELLS:Seaborn|TIMES=var("AquaticAllyTimes")|CASTERLEVEL=var("TL")|Call Aquatic Ally VI|PREVARGTEQ:AquaticAllyLvl,6
Aquatic Adaptation		TYPE:SpecialAbility.Extraordinary		VISIBLE:NO	SA:Aquatic Adaptation (Ex)
Aquatic Emissary			TYPE:SpecialAbility.Extraordinary		VISIBLE:NO	SA:Aquatic Emissary (Ex)
Assist Allies			TYPE:SpecialAbility.Supernatural		VISIBLE:NO	SA:Assist Allies (Su)
Persuasive Speaker		TYPE:SpecialAbility.Extraordinary		VISIBLE:NO	SA:Persuasive Speaker (Ex)																																																																																																																																DEFINE:PersuasiveSpeakerBonus|0																																																																																																																																																																																																										BONUS:SKILL|TYPE.Charisma|PersuasiveSpeakerBonus|PREAPPLY:PC																																																																																																													TEMPDESC:Bonus on skills in which verbal persuasion plays a role.
Power Words				TYPE:SpecialAbility.Supernatural		VISIBLE:NO	SA:Power Words %/day (Su) [Opening]|PowerWordTimes|PREVARLT:PowerWordLvl,6	SA:Power WOrds %/day (Su) [Opening,Shattering]|PowerWordTimes|PREMULT:2,[PREVARLT:PowerWordLvl,9],[PREVARGTEQ:PowerWordLvl,6]	SA:Power Words %/day (Su) [Opening,Shattering,Conflagration]|PowerWordTimes|PREMULT:2,[PREVARGTEQ:PowerWordLvl,9],[PREVARLT:PowerWordLvl,13]	SA:Power Words %/day (Su) [Opening,Shattering,Conflagration,Silence]|PowerWordTimes|PREMULT:2,[PREVARGTEQ:PowerWordLvl,13],[PREVARLT:PowerWordLvl,16]	SA:Power Words %/day (Su) [Opening,Shattering,Conflagration,Silence,Command]|PowerWordTimes|PREMULT:2,[PREVARGTEQ:PowerWordLvl,16],[PREVARLT:PowerWordLvl,19]	SA:Power Words %/day (Su) [Opening,Shattering,Conflagration,Silence,Command,Immobilize]|PowerWordTimes|PREVARGTEQ:PowerWordLvl,19	DEFINE:PowerWordLvl|0	DEFINE:PowerWordTimes|0
Unstoppable Voice			TYPE:SpecialAbility.Supernatural		VISIBLE:NO	SA:Unstoppable Voice (Su)
Language Savant			TYPE:SpecialAbility.Supernatural		VISIBLE:NO	SA:Language Savant (Su)
Control Power Word		TYPE:SpecialAbility.Extraordinary		VISIBLE:NO	SA:Control Power Word (Ex)
Untapped Potential		TYPE:SpecialAbility.Extraordinary		VISIBLE:NO	SA:Untapped Potential (Ex) [% spell energy]|SpellEnergy																																																																																																																											DEFINE:SpellEnergy|0																																																																																																																																																																																																																																																									BONUS:VAR|SpellEnergy|1+(max(INT,max(WIS,CHA)))
### TODO: Should this stack with similar effects?
Magic Resistance			TYPE:SpecialAbility.Extraordinary		VISIBLE:NO	SA:Magic Resistance +% (Ex)|MagicResistance|PREVARLT:TL,9	SA:Magic Resistance (supernatural) +% (Ex)|MagicResistance|PREVARGTEQ:TL,9																																																																																																														DEFINE:MagicResistance|0
Blood of the Planes		TYPE:SpecialAbility.Extraordinary		VISIBLE:NO	SA:Blood of the Planes +% (Ex)|BloodOfThePlanes																																																																																																																													DEFINE:BloodOfThePlanes|0																																																																																																																																																																																																											BONUS:SKILL|STAT.CHA|BloodOfThePlanes|PREAPPLY:PC																																																																																																															TEMPDESC:Bonus when dealing with outsiders.
Planar Fury				TYPE:SpecialAbility.Extraordinary		VISIBLE:NO	SA:Planar Fury (Ex) %/day (% rounds)|PlanarFuryTimes|PlanarFuryDuration	SA:Bonuses when enraged (STR +%, CON +%, Will +%, HP %)|FuryStrBonus|FuryConBonus|FuryMorale|(FuryConBonus/2)*(TL+HD)|PREVARNEQ:Furied,1																																																																																																		DEFINE:PlanarFuryTimes|0	DEFINE:PlanarFuryDuration|0	DEFINE:FuryConBonus|0	DEFINE:FuryStrBonus|0	DEFINE:FuryMorale|0	DEFINE:Furied|0	DEFINE:FuryBonus|0																																																																																																																																						BONUS:CHECKS|Will|FuryMorale|TYPE=Fury|PREAPPLY:PC																																																																BONUS:STAT|CON|FuryConBonus|TYPE=Fury|PREAPPLY:PC	BONUS:STAT|STR|FuryStrBonus|TYPE=Fury|PREAPPLY:PC	BONUS:VAR|PlanarFuryDuration|CON+3+(FuryConBonus/2)	BONUS:VAR|FuryConBonus|FuryBonus	BONUS:VAR|FuryStrBonus|FuryBonus	BONUS:VAR|RageACPenalty|2	BONUS:VAR|FuryMorale|FuryBonus/2	BONUS:VAR|PlanarFuryDuration|-(FuryConBonus/2)|TYPE=Fury|PREAPPLY:PC	BONUS:VAR|Furied|1|TYPE=Fury|PREAPPLY:PC
Astral Sight			TYPE:SpecialAbility.Extraordinary		VISIBLE:NO	SA:Astral Sight (Ex) [See Invisibility]|PREVARLT:TL,17	SA:Astral Sight (Ex) [True Seeing]|PREVARGTEQ:TL,17
Aid Another				TYPE:SpecialAbility.Extraordinary		VISIBLE:NO	SA:Aid Another (Ex)|PREVARLT:AidBonus,1	SA:Aid Another +% (Ex)|AidBonus|PREVARGTEQ:AidBonus,1																																																																																																																					DEFINE:AidBonus|0
Combat Overview			TYPE:SpecialAbility.Extraordinary		VISIBLE:NO	SA:Combat Overview %/day (Ex)|CombatOverviewTimes																																																																																																																												DEFINE:CombatOverviewTimes|0
Coordinated Initiative		TYPE:SpecialAbility.Extraordinary		VISIBLE:NO	SA:Coordinated Initiative %/day (Ex)|CoordinatedInitTimes																																																																																																																											DEFINE:CoordinatedInitTimes|0
Coordinated Attack		TYPE:SpecialAbility.Extraordinary		VISIBLE:NO	SA:Coordinated Attack %/day (Ex)|CoordinatedAttackTimes																																																																																																																											DEFINE:CoordinatedAttackTimes|0																																																																																																																																								CHOOSE:NUMBER|MIN=1|MAX=5|TITLE=Choose number of allies																					BONUS:COMBAT|TOHIT,DAMAGE|%CHOICE|PREAPPLY:ANYPC
Directed Attack			TYPE:SpecialAbility.Extraordinary		VISIBLE:NO	SA:Directed Attack (Ex)																																																																																																																																																																																																																																																																																																												BONUS:COMBAT|TOHIT|BAB/2|PREAPPLY:ANYPC
Telling Blow			TYPE:SpecialAbility.Extraordinary		VISIBLE:NO	SA:Telling Blow (Ex)
Perfect Assault			TYPE:SpecailAbility.Extraordinary		VISIBLE:NO	SA:Perfect Assault (Ex)

###Block: Ancestral Bladebearer Abilities

# Feat Name			Type						Visible	Special Ability						Define
Unbreakable Blade		TYPE:SpecialAbility.Extraordinary	VISIBLE:NO	SA:Unbreakable Blade (Ex)
Advance Ancestral Blade	TYPE:SpecialAbility.Extraordinary	VISIBLE:NO	SA:Advance Ancestral Blade (Ex)			DEFINE:AncestralBladeLvl|0
Ancestral Watcher		TYPE:SpecialAbility.Supernatural	VISIBLE:NO	SA:Ancestral Watcher (Su)
Immovable Blade		TYPE:SpecialAbility.Extraordinary	VISIBLE:NO	SA:Immovable Blade (Ex)
Ancestral Advisor		TYPE:SpecialAbility.Supernatural	VISIBLE:NO	SA:Ancestral Advisor %/day (Su)|max(1, CHA)
Ancestral Guide		TYPE:SpecialAbility.Supernatural	VISIBLE:NO	SA:Ancestral Guide (Su)
Unwavering Blade		TYPE:SpecialAbility.Supernatural	VISIBLE:NO	SA:Unwavering Blade (Su)
Ancestral Protector	TYPE:SpecialAbility.Supernatural	VISIBLE:NO	SA:Ancestral Protector (Su)
Awaken Ancestral Blade	TYPE:SpecialAbility.Extraordinary	VISIBLE:NO	SA:Awaken Ancestral Blade (Ex)

###Block: Aradil's Eye Abilities

# Feat Name				Output Name					Type									Visible		Special Ability																																																																																																																																				Define																Description																					Stackable?	Multiple?	Choose											Save checks bonus						Combat bonus																	Misc bonus										Bonus to skill																					Modify VAR												Weapon prof. bonus							Temporary effect description																				ADD:
Alter Ego										TYPE:SpecialAbility.Supernatural				VISIBLE:NO		SA:Alter Ego (Su) [% alter egos]|NumAlterEgos|PREVARLT:TL,7	SA:Alter Ego (Su) [Any number of aliases]|PREVARGTEQ:AlterEgoLvl,7																																																																																																																	DEFINE:AlterEgoLvl|0	DEFINE:NumAlterEgos|1																																																																																																													BONUS:VAR|NumAlterEgos|1|PREVARGTEQ:AlterEgoLvl,3
Mindbond										TYPE:SpecialAbility.Supernatural				VISIBLE:NO		SA:Mindbond (Su)
Closed Mind										TYPE:SpecialAbility.Extraordinary				VISIBLE:NO		SA:Closed Mind (Ex)
Hide in Plain Sight								TYPE:SpecialAbility.Supernatural				VISIBLE:NO		SA:Hide in Plain Sight (Su)


The Drop										TYPE:SpecialAbility.Extraordinary				VISIBLE:NO		SA:The Drop (Ex)																																																																																																																																																																																																			BONUS:COMBAT|TOHIT,DAMAGE|2|PREAPPLY:PC																																																												BONUS:WEAPONPROF=TYPE.Weapon|CRITMULTADD|1|PREAPPLY:PC	TEMPDESC:Bonus when attacking a flat-footed opponent.
Security Breach									TYPE:SpecialAbility.Extraordinary				VISIBLE:NO		SA:Security Breach (Ex)																																																																																																																																																																																																																																BONUS:SKILL|Hide,Move Silently,Bluff|6|TYPE=Insight|PREAPPLY:PC	BONUS:SKILL|Hide,Move Silently,Bluff|3|TYPE=Insight|PREAPPLY:ANYPC																								TEMPDESC:Bonus to checks while attempt to exploit weakness discovered.
Target Study									TYPE:SpecialAbility.Extraordinary				VISIBLE:NO		SA:Target Study (Ex)																																																																																																																																																																																																		BONUS:COMBAT|TOHIT,DAMAGE|2|TYPE=Insight|PREAPPLY:PC	BONUS:COMBAT|AC|4|TYPE=Insight|PREAPPLY:PC
Fast Hands										TYPE:SpecialAbility.Extraordinary				VISIBLE:NO		SA:Fast Hands (Ex)																																																																																																																																																																																																		BONUS:COMBAT|INITIATIVE|4|PREAPPLY:PC	BONUS:COMBAT|TOHIT|-2|TYPE=Circumstance|PREAPPLY:PC
Cover Story										TYPE:SpecialAbility.Extraordinary				VISIBLE:NO		SA:Cover Story (Ex)
Stunning Sneak Attack								TYPE:SpecialAbility.Extraordinary				VISIBLE:NO		SA:Stunning Sneak Attack %/day DC:% (Ex)|StunningSneakAttackTimes|StunningSneakAttackDC																																																																																																																								DEFINE:StunningSneakAttackTimes|0	DEFINE:StunningSneakAttackDC|0
Improved Coup de Grace								TYPE:SpecialAbility.Extraordinary				VISIBLE:NO		SA:Improved Coup de Grace (Ex)
Still as Stone									TYPE:SpecialAbility.Extraordinary				VISIBLE:NO		SA:Still as Stone (Ex)
Death Attack									TYPE:SpecialAbility.Extraordinary				VISIBLE:NO		SA:Death Attack (Ex) [DC: %]|DeathAttackDC																																																																																																																															DEFINE:DeathAttackDC|0
### TODO: This should add a spell known.
### TODO: This should affect the highest level spell the character can cast
Improved Spellcasting								TYPE:SpecialAbility						VISIBLE:NO																																																																																																																																																																															STACK:NO	MULT:YES



Resist Izrador's Will								TYPE:SpecialAbility.Supernatural				VISIBLE:NO		SA:Resist Izrador's Will (Su) [SR: %]|IzradorSR																																																																																																																															DEFINE:IzradorSR|0																																																																															BONUS:MISC|SR|IzradorSR|PREAPPLY:PC																																																				TEMPDESC:SR against the divine magic of Izrador's legates.
See Astirax										TYPE:SpecialAbility.Supernatural				VISIBLE:NO		SA:See Astirax (Su)
### TODO: Should grant Dispel Magic and Greater Dispel Magic
Counter Izrador's Will								TYPE:SpecialAbility.Supernatural				VISIBLE:NO		SA:Counter Izrador's Will (Su)
Bind Astirax									TYPE:SpecialAbility.Supernatural				VISIBLE:NO		SA:Bind Astirax (Su)
Conceal Magic									TYPE:SpecialAbility.Supernatural				VISIBLE:NO		SA:Conceal Magic (Su)
Sundered Spirit									TYPE:SpecialAbility.Supernatural				VISIBLE:NO		SA:Sundered Spirit (Ex)
Ranged Sneak Attack								TYPE:SpecialAbility.Extraordinary				VISIBLE:NO		SA:Ranged Sneak Attack (Ex) [%d6 %' range]|RangedSneakAttack|RangedSneakAttackRange																																																																																																																									DEFINE:RangedSneakAttack|0	DEFINE:RangedSneakAttackRange|0																																																																																																										BONUS:VAR|RangedSneakAttack|SneakAttack	BONUS:VAR|RangedSneakAttackRange|30
Meticulous Aim									TYPE:SpecialAbility.Extraordinary				VISIBLE:NO		SA:Meticulous Aim (Ex)
Intimidating Shot									TYPE:SpecialAbility.Extraordinary				VISIBLE:NO		SA:Intimidating Shot (Ex)
Leaf Reader										TYPE:SpecialAbility.Extraordinary				VISIBLE:NO		SA:Leaf Reader (Ex)
Disarming Shot									TYPE:SpecialAbility.Extraordinary				VISIBLE:NO		SA:Disarming Shot (Ex) [Medium weapon]|PREVARLT:DisarmingShotLvl,4	SA:Disarming Shot (Ex) [Large Weapon]|PREMULT:2,[PREVARGTEQ:DisarmingShotLvl,4],[PREVARLT:DisarmingShotLvl,8]	SA:Disarming Shot (Ex) [Large weapon two-handed]|PREMULT:2,[PREVARGTEQ:DisarmingShotLvl,8],[PREVARLT:DisarmingShotLvl,10]	SA:Disarming Shot (Ex) [Large weapon two-handed,standard action]|PREVARGTEQ:DisarmingShotLvl,10																																																																			DEFINE:DisarmingShotLvl|0
Close Combat Archery								TYPE:SpecialAbility.Extraordinary				VISIBLE:NO		SA:Close Combat Archery (Ex)
Seance										TYPE:SpecialAbility.SpellLike					VISIBLE:NO		SA:Seance %/day (Sp) [day]|SeanceTimes|PREVARLT:SeanceLvl,4	SA:Seance %/day (Sp) [year]|SeanceTimes|PREMULT:2,[PREVARGTEQ:SeanceLvl,4],[PREVARLT:SeanceLvl,7]	SA:Seance %/day (Sp) [century]|PREMULT:2,[PREVARGTEQ:SeanceLvl,7],[PREVARLT:SeanceLvl,10]	SA:Seance %/day (Sp) [Sundering]|SeanceTimes|PREVARGTEQ:SeanceLvl,10																																																																																	DEFINE:SeanceTimes|0	DEFINE:SeanceLvl|0
### TODO: This should add a known spell as an innate spelllike ability 1/day
Spirit Manipulation								TYPE:SpecialAbility.SpellLike					VISIBLE:NO																																																																																																																																																																															STACK:YES	MULT:YES
Ghost Sight										TYPE:SpecialAbility.Supernatural				VISIBLE:NO		SA:Ghost Sight (Su)
### TODO: Reduces spell damage by 1.  Stacks with greater spell talisman
Spirit Mastery									TYPE:SpecialAbility.Supernatural				VISIBLE:NO		SA:Spirit Mastery (Su)
Extended Concoction								TYPE:SpecialAbility.Extraordinary				VISIBLE:NO		SA:Extended Concoction (Ex)
Concoction Mastery								TYPE:SpecialAbility.Extraordinary				VISIBLE:NO		SA:Concoction Mastery (Ex) [%CHOICE]																																																																																																																																																																							STACK:NO	MULT:YES	CHOOSE:FEATADD|TYPE=ConcoctionMastery
Efficient Harvest									TYPE:SpecialAbility.Extraordinary				VISIBLE:NO		SA:Efficient Harvest (Ex)
Enhanced Concoction								TYPE:SpecialAbility.Extraordinary				VISIBLE:NO		SA:Enhanced Concoction (Ex)
Pure Harvest									TYPE:SpecialAbility.Extraordinary				VISIBLE:NO		SA:Pure Harvest (Ex)
Doubled Concoction								TYPE:SpecialAbility.Extraordinary				VISIBLE:NO		SA:Doubled Concoction (Ex)
Constant Harvest									TYPE:SpecialAbility.Extraordinary				VISIBLE:NO		SA:Constant Harvest (Ex)
Master Herbalist									TYPE:SpecialAbility.Extraordinary				VISIBLE:NO		SA:Master Herbalist (Ex)
Spontaneous Concoction								TYPE:SpecialAbility.Extraordinary				VISIBLE:NO		SA:Spontaneous Concoction (Ex)
Horse Lord										TYPE:SpecialAbility.Extraordinary				VISIBLE:NO		SA:Horse Lord (Ex)																																																																																																																																			DEFINE:HorseLordLvl|0																																																																																										BONUS:SKILL|Handle Animal,Ride|HorseLordLvl|TYPE=Circumstance|PREAPPLY:PC																																		TEMPDESC:Bonus when dealing with horses
Mounted Maneuver									TYPE:SpecialAbility.Extraordinary				VISIBLE:NO		SA:Mounted Maneuver (Ex) [%CHOICE]																																																																																																																																																																								STACK:NO	MULT:YES	CHOOSE:FEATADD|TYPE=MountedManeuver
Deft Dodging									TYPE:SpecialAbility.Extraordinary.MountedManeuver	VISIBLE:NO																																																																																																																																																																																																							BONUS:COMBAT|AC|4|PREAPPLY:ANYPC																																																																							TEMPDESC:Bonus to AC for both Sarcosan knight and mount if they do nothing but move during the round.
Dismounting Cut									TYPE:SpecialAbility.Extraordinary.MountedManeuver	VISIBLE:NO
### TODO: Should add a temp bonus for this
Erratic Attack									TYPE:SpecialAbility.Extraordinary.MountedManeuver	VISIBLE:NO
Hit and Run										TYPE:SpecialAbility.Extraordinary.MountedManeuver	VISIBLE:NO
Wheel About										TYPE:SpecialAbility.Extraordinary.MountedManeuver	VISIBLE:NO
### TODO: Should probably have a temp bonus
Spur On										TYPE:SpecialAbility.Extraordinary				VISIBLE:NO		SA:Spur On (Ex)
Devastating Attack								TYPE:SpecialAbility.Extraordinary				VISIBLE:NO		SA:Devastating Attack (Ex)																																																																																																																																																																																																																																																																																																					ADD:FEAT|1|Devastating Mounted Assault
Sweeping Strike									TYPE:SpecialAbility.Extraordinary				VISIBLE:NO		SA:Sweeping Strike (Ex)
Smuggler's Trade									TYPE:SpecialAbility.Extraordinary				VISIBLE:NO		SA:Smuggler's Trade +% (Ex)|SmugglingBonus																																																																																																																															DEFINE:SmugglingBonus|0																																																																																										BONUS:SKILL|Bluff,Disguise,Forgery,Gather Information|SmugglingBonus|PREAPPLY:PC																																	TEMPDESC:Bonus on skills when involved in smuggling operations.
Dominant Will									TYPE:SpecialAbility.Extraordinary				VISIBLE:NO		SA:Dominant Will +% (Ex)|DominantWillBonus																																																																																																																															DEFINE:DominantWillBonus|0																																																			BONUS:CHECKS|Will|DominantWillBonus|PREAPPLY:PC																																																																													TEMPDESC:Bonus against magical detection, compulsion spells, lie detection spells, and any effects that would cause him to betray his cause.
Mystifying Speech									TYPE:SpecialAbility.Supernatural				VISIBLE:NO		SA:Mystifying Speech %/day (Su) [% targets DC:%]|MystifyingSpeechTimes|MystifyingSpeechTargets|MystifyingSpeechDC																																																																																																																				DEFINE:MystifyingSpeechTimes|0	DEFINE:MystifyingSpeechTargets|0	DEFINE:MystifyingSpeechDC|0
Information Network								TYPE:SpecialAbility.Extraordinary				VISIBLE:NO		SA:Information Network (Ex) [Take 10]|PREVARLT:InformationNetworkLvl,8	SA:Information Network (Ex) [Take 20]|PREVARGTEQ:InformationNetworkLvl,8																																																																																																														DEFINE:InformationNetworkLvl|0
Disguise Contraband								TYPE:SpecialAbility.Extraordinary				VISIBLE:NO		SA:Disguise Contraband (Ex) [% cubic feet]|DisguiseContrabandLvl|PREVARLT:DisguiseContrabandLvl,10	SA:Improved Disguise Contraband (Ex) [% cubic feet]|DisguiseContrabandLvl|PREVARGTEQ:DisguiseContrabandLvl,10																																																																																																			DEFINE:DisguiseContrabandLvl|0
Magical Power									TYPE:SpecialAbility.Extraordinary				VISIBLE:NO		SA:Magical Power (Ex)																																																																																																																																			DEFINE:MaxSpellChanneling|0																																							CHOOSE:NUMBER|MIN=1|MAX=MaxSpellChanneling|TITLE=Spell Energy Spent									BONUS:COMBAT|DAMAGE.Melee,DAMAGE.Ranged,DAMAGE.Unarmed,DAMAGE.Thrown,DAMAGE.Unarmed Strike|2*%CHOICE|PREAPPLY:PC																																																										TEMPDESC:Spend one point of spell energy to gain damage bonus.
Magical Accuracy									TYPE:SpecialAbility.Extraordinary				VISIBLE:NO		SA:Magical Accuracy (Ex)																																																																																																																																																																																																	BONUS:COMBAT|TOHIT|2|PREAPPLY:PC																																																																							TEMPDESC:Spend one point of spell energy to gain bonus to attack rolls.
Melee Spellcasting								TYPE:SpecialAbility.Extraordinary				VISIBLE:NO		SA:Melee Spellcasting I (Ex)|PREVARLT:MeleeSpellcastingLvl,5	SA:Melee Spellcasting II (Ex)|PREMULT:2,[PREVARGTEQ:MeleeSpellcastingLvl,5],[PREVARLT:MeleeSpellcastingLvl,7]	SA:Melee Spellcasting III (Ex)|PREMULT:2,[PREVARGTEQ:MeleeSpellcastingLvl,7],[PREVARLT:MeleeSpellcastingLvl,9]	SA:Melee Spellcasting IV (Ex)|PREVARGTEQ:MeleeSpellcastingLvl,9																																																																											DEFINE:MeleeSpellcastingLvl|0
Magical Defense									TYPE:SpecialAbility.Extraordinary				VISIBLE:NO		SA:Magical Defense (Ex)																																																																																																																																																																																																		BONUS:COMBAT|AC|2|PREAPPLY:PC																																																																								TEMPDESC:Spend one point of spell energy to gain a bonus to AC.
Regenerative Strike								TYPE:SpecialAbility.Extraordinary				VISIBLE:NO		SA:Regenerative Strike (Su)
Ignore Armor									TYPE:SpecialAbility.Extraordinary.ArmoredCasting	VISIBLE:NO																																																																																																																																								DEFINE:IgnoreArmorBonus|0																																																																														BONUS:MISC|SPELLFAILURE|-(max(SPELLFAILURE,IgnoreArmorBonus))
Whisper Sense									TYPE:SpecialAbility.Extraordinary				VISIBLE:NO		SA:Whisper Sense (Ex) [Flowing voices]|PREVARLT:WhisperSenseLvl,2	SA:Whisper Sense (Ex) [Flowing voices,Elven warning]|PREMULT:2,[PREVARGTEQ:WhisperSenseLvl,2],[PREVARLT:WhisperSenseLvl,4]	SA:Whisper Sense (Ex) [Flowing voices, Elven warning, No suprise]|PREMULT:2,[PREVARGTEQ:WhisperSenseLvl,4],[PREVARLT:WhisperSenseLvl,6]	SA:Whisper Sense (Ex) [Flowing voices, Elven warning, No suprise, Clairaudience]|PREMULT:2,[PREVARGTEQ:WhisperSenseLvl,6],[PREVARLT:WhisperSenseLvl,8]	SA:Whisper Sense (Ex) [Flowing voices, Elven warning, No suprise, Clairaudience, Clairvoyance]|PREMULT:2,[PREVARGTEQ:WhisperSenseLvl,8],[PREVARLT:WhisperSenseLvl,10]	SA:Whisper Sense (Ex) [Flowing voices, Elven Warning, No suprise, Clairaudience, Clairvoyance, Commune with Nature]|PREVARGTEQ:WhisperSenseLvl,10	DEFINE:WhisperSenseLvl|0
Fell Touch										TYPE:SpecialAbility.Supernatural				VISIBLE:NO		SA:Fell Touch (Su)
Tree Meld										TYPE:SpecialAbility.Supernatural				VISIBLE:NO		SA:Tree Meld %/day for % hours (Su)|TreeMeldTimes|TreeMeldDuration																																																																																																																											DEFINE:TreeMeldLvl|0	DEFINE:TreeMeldTimes|1	DEFINE:TreeMeldDuration|0																																																																																																								BONUS:VAR|TreeMeldDuration|TreeMeldLvl
Strength of the Wood								TYPE:SpecialAbility.Supernatural				VISIBLE:NO		SA:Strength of the Wood (Su)
Tree Stride										TYPE:SpecialAbility.SpellLike					VISIBLE:NO		SA:Tree Stride (Sp)
Improved Ride By Attack		OUTPUTNAME:Improved Ride-By Attack	TYPE:General.Extraordinary					VISIBLE:EXPORT																																																																																																																																																								DESC:Perform charge actions without moving in a straight line
Improved Mounted Archery							TYPE:General.Extraordinary					VISIBLE:EXPORT																																																																																																																																																								DESC:No penalty for firing bow or throwing a weapon while riding wogren and gain Point Blank Shot and Precise Shot while mounted
Improved Mounted Combat								TYPE:General.Extraordinary					VISIBLE:EXPORT																																																																																																																																																								DESC:Use Mounted Combat feat twice in a round.
Improved Spirited Charge							TYPE:General.Extraordinary					VISIBLE:EXPORT																																																																																																																																																								DESC:Double threat range of melee weapon while mounted.
Improved Trample									TYPE:General.Extraordinary					VISIBLE:EXPORT																																																																																																																																																								DESC:Make mounted overrun attempts without provoking attacks of opportunity.
Coordinated Attack								TYPE:SpecialAbility.Extraordinary				VISIBLE:NO		SA:Coordinated Attack
Speed Mount										TYPE:SpecialAbility.Extraordinary				VISIBLE:NO		SA:Speed Mount (Ex)
Mounted Hide									TYPE:SpecialAbility.Extraordinary				VISIBLE:NO		SA:Mounted Hide (Ex)
Wogren's Sight									TYPE:SpecialAbility.Supernatural				VISIBLE:NO		SA:Wogren's Sight (Su)
Wogren Dodge									TYPE:SpecialAbility.Extraordinary				VISIBLE:NO		SA:Wogren Dodge (Ex)																																																																																																																																																																																																		BONUS:COMBAT|AC|2|TYPE=Circumstance|PREAPPLY:ANYPC

###Block: Special Attacks and other abilties

# Feat Name		Type						Visible	Special Ability																										Define										Description				Bonus to skill							Modify VAR																													Source Page		Temporary effect description
Disrupting Attack	TYPE:SpecialAttack.Supernatural	VISIBLE:NO	SA:Disrupting Attack %/day (Su) [DC: %]|DisruptingAttackTimes|DisruptingAttackDC															DEFINE:DisruptingAttackTimes|0	DEFINE:DisruptingAttackDC|0															BONUS:VAR|DisruptingAttackDC|15+floor(TL/2)	BONUS:VAR|DisruptingAttackTimes|floor((TL-2)/4)

Aradil's Eye Spy	TYPE:Special				VISIBLE:NO	SA:Spy Initiate|PRECLASS:1,Aradil's Eye=5	SA:Spy|PREMULT:2,[PRECLASS:1,Aradil's Eye=5],[PRECLASSLEVELMAX:1,Aradil's Eye=9]	SA:Master Spy|PRECLASS:1,Aradil's Eye=10	DEFINE:ElvenDiplomacyBonus|0												BONUS:SKILL|Diplomacy|ElvenDiplomacyBonus|PREAPPLY:PC	BONUS:VAR|ElvenDiplomacyBonus|4|PRECLASS:1,Aradil's Eye=1	BONUS:VAR|ElvenDiplomacyBonus|4|PRECLASS:1,Aradil's Eye=5	BONUS:VAR|ElvenDiplomacyBonus|2|PRECLASS:1,Aradil's Eye=10				TEMPDESC:Bonus when dealing with elves and their allies
Still Mind		TYPE:Special				VISIBLE:NO	SA:Still Mind (Ex)
Slippery Mind	TYPE:Special.RogueAbilities		VISIBLE:NO	SA:Slippery Mind (Ex)																																				DESC:Class Special Ability																																								SOURCEPAGE:p. 51


Infusion Mastery	TYPE:ConcoctionMastery			VISIBLE:NO	SA:Infusion Mastery
Gnaw Root Mastery	TYPE:ConcoctionMastery			VISIBLE:NO	SA:Gnaw Root Mastery
Salve Mastery	TYPE:ConcoctionMastery			VISIBLE:NO	SA:Salve Mastery
Tattoo Mastery	TYPE:ConcoctionMastery			VISIBLE:NO	SA:Tattoo Mastery
Poultice Mastery	TYPE:ConcoctionMastery			VISIBLE:NO	SA:Poultice Mastery

###Block: Mods

# Feat Name						Type						Visible	Prohibited Feat			Special Ability												Define
Magecraft (Charismatic).MOD											!PREFEAT:1,Untapped Potential
Magecraft (Hermetic).MOD											!PREFEAT:1,Untapped Potential
Magecraft (Spiritual).MOD											!PREFEAT:1,Untapped Potential
Spellcasting (Abjuration).MOD											!PREFEAT:1,Untapped Potential
Spellcasting (Lesser Conjuration).MOD									!PREFEAT:1,Untapped Potential
Spellcasting (Divination).MOD											!PREFEAT:1,Untapped Potential
Spellcasting (Enchantment).MOD										!PREFEAT:1,Untapped Potential
Spellcasting (Lesser Evocation).MOD										!PREFEAT:1,Untapped Potential
Spellcasting (Illusion).MOD											!PREFEAT:1,Untapped Potential
Spellcasting (Necromancy).MOD											!PREFEAT:1,Untapped Potential
Spellcasting (Transmutation).MOD										!PREFEAT:1,Untapped Potential

Metamagic Aura					TYPE:SpecialAbility.Supernatural	VISIBLE:NO						SA:Metamagic Aura %/day (Su) [Max Level: %]|MetamagicAuraTimes|MetamagicAuraMaxLvl	DEFINE:MetamagicAuraTimes|0	DEFINE:MetamagicAuraMaxLvl|0
Metamagic Aura Enlarge				TYPE:MetamagicAura			VISIBLE:NO						SA:Metamagic Aura: Enlarge Spell
Metamagic Aura Extend				TYPE:MetamagicAura			VISIBLE:NO						SA:Metamagic Aura: Extend Spell
Metamagic Aura Reduce				TYPE:MetamagicAura			VISIBLE:NO						SA:Metamagic Aura: Reduce Spell
Metamagic Aura Attract				TYPE:MetamagicAura			VISIBLE:NO						SA:Metamagic Aura: Attract Spell
Metamagic Aura Empower				TYPE:MetamagicAura			VISIBLE:NO						SA:Metamagic Aura: Empower Spell
Metamagic Aura Maximize				TYPE:MetamagicAura			VISIBLE:NO						SA:Metamagic Aura: Maximize Spell
Metamagic Aura Destroy				TYPE:MetamagicAura			VISIBLE:NO						SA:Metamagic Aura: Destroy Spell
Metamagic Aura Absorb				TYPE:MetamagicAura			VISIBLE:NO						SA:Metamagic Aura: Absorb Spell
Metamagic Aura Redirect				TYPE:MetamagicAura			VISIBLE:NO						SA:Metamagic Aura: Redirect Spell
Metamagic Aura Supress Magic			TYPE:MetamagicAura			VISIBLE:NO						SA:Metamagic Aura: Supress Magic

###Block: Special Mounts
# Feat Name		Type			Visible	Special Ability	Define			Allow Follower			Allowed Companions
Sarcosan Mount	TYPE:Special	VISIBLE:NO	SA:Special Mount	DEFINE:SarSMLevel|0	FOLLOWERS:Special Mount|1	COMPANIONLIST:Special Mount|Horse (Warhorse Light)
Wogren Mount	TYPE:Special	VISIBLE:NO	SA:Special Mount	DEFINE:WogrenRiderLvl|0	FOLLOWERS:Special Mount|1	COMPANIONLIST:Special Mount|Wogren

#
# End
#
