# CVS $Revision$ $Author$ -- Thu Apr 26 23:59:39 2007 -- reformated by prettylst.pl v1.38 (build 2788)
SOURCELONG:Advanced Character Guide - Arcane Archer	SOURCESHORT:ArcaneArcher	SOURCEWEB:http://paginas.terra.com.br/informatica/poder/secular/site/products.html#aa

#Originally done by Paul W. King

# Class Name		Type
CLASS:Arcane Archer.MOD	TYPE:ArcaneArcher
# Class Name		Clear Prereq.	Multiple Requirements																																										Required Race
CLASS:Arcane Archer.MOD	PRE:.CLEAR		PREMULT:1,[PRECLASS:1,Arcane Archer=1],[!PRECLASS:1,TYPE.ArcaneArcher=1]	PREMULT:5,[PREATT:6],[PREFEAT:1,Point Blank Shot],[PREFEAT:1,Precise Shot],[PREFEAT:1,Weapon Focus(Longbow),Weapon Focus(Shortbow)],[PRESPELLTYPE:1,Arcane=1],[PREFEAT:1,TYPE.ArcherySchool]	PRERACE:1,Elf%,Half-Elf


# Class Name			Hit Dice	Type					Max Level	Source Page		Save checks bonus											Combat bonus
CLASS:Arcane Crossbowman	HD:8		TYPE:PC.Prestige.ArcaneArcher	MAXLEVEL:10	SOURCEPAGE:p.13	BONUS:CHECKS|BASE.Fortitude|CL/2	BONUS:CHECKS|BASE.Reflex,BASE.Will|CL/2+2	BONUS:COMBAT|BAB|CL*3/4
# Class Name			Multiple Requirements																																														Required Race
CLASS:Arcane Crossbowman	PREMULT:1,[PRECLASS:1,Arcane Crossbowman=1],[!PRECLASS:1,TYPE.ArcaneArcher=1]	PREMULT:6,[PREATT:5],[PREFEAT:1,Point Blank Shot],[PREFEAT:1,Rapid Reload],[PREFEAT:1,Weapon Focus(Crossbow (Hand))],[PRESKILL:1,Craft (Poison Making)=10],[PRESPELLTYPE:1,Arcane=1],[PREFEAT:1,TYPE.ArcherySchool]	PRERACE:1,Elf (Drow),Half-Elf
# Class Name			Skill Pts/Lvl	Class Skill
CLASS:Arcane Crossbowman	STARTSKILLPTS:4	CSKILL:Bluff|TYPE.Craft|Hide|Listen|Move Silently|Spot|Survival|Use Rope
###Block: proficiencies
1	AUTO:FEAT|Simple Weapon Proficiency|Martial Weapon Proficiency|All Automatic Proficiencies|All Martial Weapon Proficiencies
1	AUTO:FEAT|Armor Proficiency (Light)
1	AUTO:FEAT|Shield Proficiency
###Block: standard
1	SA:Poison Use (Ex)	BONUS:VAR|EnhanceBolt|(CL+2)/3	AUTO:FEAT|Enhance Bolt
2					BONUS:VAR|SneakAttack|(CL+1)/3	AUTO:FEAT|Sneak Attack
3											AUTO:FEAT|Imbue Bolt
6					BONUS:VAR|SeekerBoltTimes|1		AUTO:FEAT|Seeker Bolt
9					BONUS:VAR|PhaseBoltTimes|1		AUTO:FEAT|Phase Bolt

# Class Name		Hit Dice	Type					Max Level	Source Page		Save checks bonus											Combat bonus
CLASS:Blizzard Archer	HD:8		TYPE:PC.Prestige.ArcaneArcher	MAXLEVEL:10	SOURCEPAGE:p.14	BONUS:CHECKS|BASE.Fortitude|CL/2+2	BONUS:CHECKS|BASE.Reflex,BASE.Will|CL/3	BONUS:COMBAT|BAB|CL
# Class Name		Multiple Requirements																																													Required Race
CLASS:Blizzard Archer	PREMULT:1,[PRECLASS:1,Blizzard Archer=1],[!PRECLASS:1,TYPE.ArcaneArcher=1]	PREMULT:6,[PREATT:6],[PREFEAT:1,Endurance],[PREFEAT:1,Point Blank Shot],[PREFEAT:1,Weapon Focus(Longbow),Weapon Focus(Shortbow)],[PRESKILL:1,Survival=8],[PRESPELLTYPE:1,Arcane=1],[PREFEAT:1,TYPE.ArcherySchool]	PRERACE:1,Elf (Winter),Half-Elf
# Class Name		Skill Pts/Lvl	Class Skill
CLASS:Blizzard Archer	STARTSKILLPTS:4	CSKILL:TYPE.Craft|Hide|Listen|Move Silently|Ride|Search|Spot|Survival
###Block: proficiencies
1	AUTO:FEAT|Simple Weapon Proficiency|Martial Weapon Proficiency|All Automatic Proficiencies|All Martial Weapon Proficiencies
1	AUTO:FEAT|Armor Proficiency (Light)|Armor Proficiency (Medium)
1	AUTO:FEAT|Shield Proficiency
###Block: standard
1						BONUS:VAR|ArrowEnhancement|(CL+3)/4						AUTO:FEAT|Enhance Arrow
2																	AUTO:FEAT|Imbue Arrow
3	SA:Frost Arrow (Su)
4	SA:Winter Wolf Bite (Sp)
6	SA:Freezing Arrow (Sp)
7	SA:Icy Burst Arrow (Su)
8						BONUS:VAR|HailArrowsTargets|CL	BONUS:VAR|HailArrowsTimes|1	AUTO:FEAT|Hail of Arrows
10																	AUTO:FEAT|Arrow of Death

# Class Name		Hit Dice	Type					Max Level	Source Page		Save checks bonus											Combat bonus
CLASS:Deepwood Guardian	HD:8		TYPE:PC.Prestige.ArcaneArcher	MAXLEVEL:10	SOURCEPAGE:p.15	BONUS:CHECKS|BASE.Fortitude,BASE.Reflex|CL/2+2	BONUS:CHECKS|BASE.Will|CL/3	BONUS:COMBAT|BAB|CL
# Class Name		Multiple Requirements																																												Required Race
CLASS:Deepwood Guardian	PREMULT:1,[PRECLASS:1,Deepwood Guardian=1],[!PRECLASS:1,TYPE.ArcaneArcher=1]	PREMULT:7,[PREATT:6],[PREFEAT:1,Point Blank Shot],[PREFEAT:1,Precise Shot],[PREFEAT:1,Track],[PRESKILL:1,Hide=8],[PRESKILL:1,Move Silently=8],[PREFEAT:1,TYPE.ArcherySchool],[PRESPELLTYPE:1,Arcane=1]	PRERACE:1,Elf (Wood),Half-Elf
# Class Name		Skill Pts/Lvl	Class Skill
CLASS:Deepwood Guardian	STARTSKILLPTS:4	CSKILL:TYPE.Craft|Hide|Listen|Move Silently|Search|Spot|Survival|Use Rope
###Block: proficiencies
1	AUTO:FEAT|Simple Weapon Proficiency|Martial Weapon Proficiency|All Automatic Proficiencies|All Martial Weapon Proficiencies
1	AUTO:FEAT|Armor Proficiency (Light)
1	AUTO:FEAT|Shield Proficiency
###Block: standard
1					BONUS:VAR|ArrowEnhancement|(CL+1)/2									AUTO:FEAT|Enhance Arrow
2																			AUTO:FEAT|Imbue Arrow
4	SA:True Strike (Sp)							SPELLS:Deepwood Guardian|TIMES=1|True Strike
6	SA:Arrow of Sleep (Sp)
8	SA:Arrow of Slow (Sp)
10																			AUTO:FEAT|Arrow of Death

# Class Name		Hit Dice	Type					Max Level	Source Page		Save checks bonus											Combat bonus
CLASS:Divine Archer	HD:8		TYPE:PC.Prestige.ArcaneArcher	MAXLEVEL:10	SOURCEPAGE:p.16	BONUS:CHECKS|BASE.Fortitude,BASE.Will|CL/2+2	BONUS:CHECKS|BASE.Reflex|CL/3	BONUS:COMBAT|BAB|CL
# Class Name		Multiple Requirements																																																								Required Race
CLASS:Divine Archer	PREMULT:1,[PRECLASS:1,Divine Archer=1],[!PRECLASS:1,TYPE.ArcaneArcher=1]	PREMULT:8,[PREALIGN:LG,NG,CG],[PREATT:5],[PREFEAT:1,Point Blank Shot],[PREFEAT:1,Precise Shot],[PREFEAT:1,Weapon Focus(Longbow),Weapon Focus(Shortbow)],[PRESKILL:1,Concentration=5],[PRESKILL:1,Knowledge (Religion)=10],[PRESPELLTYPE:1,Divine=1],[PREFEAT:1,TYPE.ArcherySchool]	PRERACE:1,Elf%,Half-Elf
# Class Name		Skill Pts/Lvl	Class Skill
CLASS:Divine Archer	STARTSKILLPTS:4	CSKILL:Concentration|TYPE.Craft|Diplomacy|Handle Animal|Heal|Knowledge (Religion)|TYPE.Profession|Ride|Sense Motive|Spot
###Block: proficiencies
1	AUTO:FEAT|Simple Weapon Proficiency|Martial Weapon Proficiency|All Automatic Proficiencies|All Martial Weapon Proficiencies
1	AUTO:FEAT|Armor Proficiency (Light)|Armor Proficiency (Medium)
1	AUTO:FEAT|Shield Proficiency
###Block: standard
1						BONUS:VAR|ArrowEnhancement|(CL+3)/4						AUTO:FEAT|Enhance Arrow
2																	AUTO:FEAT|Imbue Arrow
3	SA:Blessed Strike (Su)
4	SA:Sacred Power (SU)
6	SA:True Elf Shot (Su)
7	SA:Holy Enhancement (Su)
8						BONUS:VAR|HailArrowsTargets|CL	BONUS:VAR|HailArrowsTimes|1	AUTO:FEAT|Hail of Arrows
10																	AUTO:FEAT|Arrow of Death

# Class Name		Hit Dice	Type					Max Level	Source Page		Save checks bonus											Combat bonus
CLASS:Eldritch Bow	HD:6		TYPE:PC.Prestige.ArcaneArcher	MAXLEVEL:10	SOURCEPAGE:p.18	BONUS:CHECKS|BASE.Fortitude,BASE.Reflex|CL/3	BONUS:CHECKS|BASE.Will|CL/2+2	BONUS:COMBAT|BAB|CL*3/4
# Class Name		Multiple Requirements																																															Required Race
CLASS:Eldritch Bow	PREMULT:1,[PRECLASS:1,Eldritch Bow=1],[!PRECLASS:1,TYPE.ArcaneArcher=1]	PREMULT:6,[PREATT:4],[PREFEAT:1,Cunning Archery],[PREFEAT:1,Point Blank Shot],[PREFEAT:1,Weapon Focus(Longbow),Weapon Focus(Shortbow)],[PRESKILL:1,Knowledge (Arcana)=8],[PRESPELLTYPE:1,Arcane=3],[PREFEAT:1,TYPE.ArcherySchool]	PRERACE:1,Elf (Grey),Half-Elf
# Class Name		Skill Pts/Lvl	Class Skill
CLASS:Eldritch Bow	STARTSKILLPTS:4	CSKILL:TYPE.Craft|Hide|Knowledge (Arcana)|Listen|Move Silently|Spellcraft|Spot|Survival
###Block: proficiencies
1	AUTO:FEAT|Simple Weapon Proficiency|Martial Weapon Proficiency|All Automatic Proficiencies|All Martial Weapon Proficiencies
1	AUTO:FEAT|Armor Proficiency (Light)
1	AUTO:FEAT|Shield Proficiency
###Block: standard
1	SA:May wear light armor without incurring the normal arcane spell failure chance.	BONUS:VAR|ArrowEnhancement|(CL+3)/4						AUTO:FEAT|Enhance Arrow
2																										AUTO:FEAT|Imbue Arrow	ADD:SPELLCASTER|1|Arcane
4															BONUS:VAR|SeekerArrowTimes|1							AUTO:FEAT|Seeker Arrow	ADD:SPELLCASTER|1|Arcane
6															BONUS:VAR|PhaseArrowTimes|1							AUTO:FEAT|Phase Arrow	ADD:SPELLCASTER|1|Arcane
8															BONUS:VAR|HailArrowsTargets|CL	BONUS:VAR|HailArrowsTimes|1	AUTO:FEAT|Hail of Arrows	ADD:SPELLCASTER|1|Arcane
10	SA:Arrow of Negation																										ADD:SPELLCASTER|1|Arcane

# Class Name		Hit Dice	Type					Max Level	Source Page		Save checks bonus											Combat bonus
CLASS:Psychic Archer	HD:8		TYPE:PC.Prestige.ArcaneArcher	MAXLEVEL:10	SOURCEPAGE:p.20	BONUS:CHECKS|BASE.Fortitude,BASE.Will|CL/2+2	BONUS:CHECKS|BASE.Reflex|CL/3	BONUS:COMBAT|BAB|CL
# Class Name		Multiple Requirements																																																Required Race
CLASS:Psychic Archer	PREMULT:1,[PRECLASS:1,Psychic Archer=1],[!PRECLASS:1,TYPE.ArcaneArcher=1]	PREMULT:6,[PREATT:5],[PREFEAT:1,Point Blank Shot],[PREFEAT:1,Precise Shot],[PREFEAT:1,Weapon Focus(Longbow),Weapon Focus(Shortbow)],[PRESKILL:1,Knowledge (Psionics)=10],[PRESPELLTYPE:1,Psionic=3],[PREFEAT:1,TYPE.ArcherySchool]	PRERACE:1,Elf%,Half-Elf
# Class Name		Skill Pts/Lvl	Class Skill
CLASS:Psychic Archer	STARTSKILLPTS:4	CSKILL:Autohypnosis|TYPE.Craft|Hide|Knowledge (Psionics)|Listen|Move Silently|Psicraft|Spot|Survival
###Block: proficiencies
1	AUTO:FEAT|Simple Weapon Proficiency|Martial Weapon Proficiency|All Automatic Proficiencies|All Martial Weapon Proficiencies
1	AUTO:FEAT|Armor Proficiency (Light)|Armor Proficiency (Medium)
1	AUTO:FEAT|Shield Proficiency
###Block: standard
1					BONUS:VAR|ArrowEnhancement|(CL+1)/2	AUTO:FEAT|Enhance Arrow
2											AUTO:FEAT|Imbue Arrow
4					BONUS:VAR|PsychicStrike|CL/4		AUTO:FEAT|MindBlade Psychic Strike
6	SA:Mind Burn (Su)
10	SA:Arrow of Coma (Sp)

# Class Name		Hit Dice	Type					Max Level	Source Page		Save checks bonus											Combat bonus
CLASS:Untamed Hunter	HD:10		TYPE:PC.Prestige.ArcaneArcher	MAXLEVEL:10	SOURCEPAGE:p.21	BONUS:CHECKS|BASE.Fortitude|CL/2+2	BONUS:CHECKS|BASE.Reflex,BASE.Will|CL/3	BONUS:COMBAT|BAB|CL
# Class Name		Multiple Requirements																																													Required Race
CLASS:Untamed Hunter	PREMULT:1,[PRECLASS:1,Untamed Hunter=1],[!PRECLASS:1,TYPE.ArcaneArcher=1]	PREMULT:6,[PREATT:6],[PREFEAT:1,Point Blank Shot],[PREFEAT:1,Rage],[PREFEAT:1,Weapon Focus(Longbow),Weapon Focus(Shortbow)],[PRESPELLTYPE:1,Arcane=1],[PRESPELLCAST:MEMORIZE=N],[PREFEAT:1,TYPE.ArcherySchool]	PRERACE:1,Elf (Wild),Half-Elf
# Class Name		Skill Pts/Lvl	Class Skill
CLASS:Untamed Hunter	STARTSKILLPTS:4	CSKILL:TYPE.Craft|Hide|Intimidate|Listen|Move Silently|Ride|Spot|Survival
###Block: proficiencies
1	AUTO:FEAT|Simple Weapon Proficiency|Martial Weapon Proficiency|All Automatic Proficiencies|All Martial Weapon Proficiencies
1	AUTO:FEAT|Armor Proficiency (Light)|Armor Proficiency (Medium)
1	AUTO:FEAT|Shield Proficiency
###Block: standard
1					BONUS:VAR|ArrowEnhancement|(CL+1)/2	AUTO:FEAT|Enhance Arrow
2											AUTO:FEAT|Imbue Arrow
4	SA:Dragon Arrow (Ex)
6					BONUS:VAR|SeekerArrowTimes|1		AUTO:FEAT|Seeker Arrow
8	SA:Arrow Fury (Sp)
10											AUTO:FEAT|Arrow of Death
