# CVS $Revision$ $Author$ -- Fri Oct 19 20:16:09 2012 -- reformated by prettylst.pl v1.39 (build 15052)
SOURCELONG:Revised (v.3.5) System Reference Document	SOURCESHORT:RSRD	SOURCEWEB:http://www.wizards.com/default.asp?x=d20/article/srd35	SOURCEDATE:2000-01
# Original Entry by: Aaron Divinsky <boomer70@yahoo.com>

STARTPACK:Treasure Table Goods CR1	TYPE:Treasure	VISIBLE:YES	APPLY:INSTANT	EQUIPBUY:0
SELECT:roll("1d100")
KIT:Treasure Table Gems	OPTION:91,95
KIT:Treasure Table Art	OPTION:96,100

STARTPACK:Treasure Table Goods CR2	TYPE:Treasure	VISIBLE:YES	APPLY:INSTANT	EQUIPBUY:0
SELECT:roll("1d100")
KIT:Treasure Table Gems 1d3	OPTION:82,95
KIT:Treasure Table Art 1d3	OPTION:96,100

STARTPACK:Treasure Table Goods CR3	TYPE:Treasure	VISIBLE:YES	APPLY:INSTANT	EQUIPBUY:0
SELECT:roll("1d100")
KIT:Treasure Table Gems 1d3	OPTION:78,95
KIT:Treasure Table Art 1d3	OPTION:96,100

STARTPACK:Treasure Table Goods CR4	TYPE:Treasure	VISIBLE:YES	APPLY:INSTANT	EQUIPBUY:0
SELECT:roll("1d100")
KIT:Treasure Table Gems 1d4	OPTION:71,95
KIT:Treasure Table Art 1d3	OPTION:96,100

STARTPACK:Treasure Table Goods CR5	TYPE:Treasure	VISIBLE:YES	APPLY:INSTANT	EQUIPBUY:0
SELECT:roll("1d100")
KIT:Treasure Table Gems 1d4	OPTION:61,95
KIT:Treasure Table Art 1d4	OPTION:96,100

STARTPACK:Treasure Table Goods CR6	TYPE:Treasure	VISIBLE:YES	APPLY:INSTANT	EQUIPBUY:0
SELECT:roll("1d100")
KIT:Treasure Table Gems 1d4	OPTION:57,92
KIT:Treasure Table Art 1d4	OPTION:93,100

STARTPACK:Treasure Table Goods CR7	TYPE:Treasure	VISIBLE:YES	APPLY:INSTANT	EQUIPBUY:0
SELECT:roll("1d100")
KIT:Treasure Table Gems 1d4	OPTION:49,88
KIT:Treasure Table Art 1d4	OPTION:89,100

STARTPACK:Treasure Table Goods CR8	TYPE:Treasure	VISIBLE:YES	APPLY:INSTANT	EQUIPBUY:0
SELECT:roll("1d100")
KIT:Treasure Table Gems 1d6	OPTION:46,85
KIT:Treasure Table Art 1d4	OPTION:86,100

STARTPACK:Treasure Table Goods CR9	TYPE:Treasure	VISIBLE:YES	APPLY:INSTANT	EQUIPBUY:0
SELECT:roll("1d100")
KIT:Treasure Table Gems 1d8	OPTION:41,80
KIT:Treasure Table Art 1d4	OPTION:81,100

STARTPACK:Treasure Table Goods CR10	TYPE:Treasure	VISIBLE:YES	APPLY:INSTANT	EQUIPBUY:0
SELECT:roll("1d100")
KIT:Treasure Table Gems 1d8	OPTION:36,79
KIT:Treasure Table Art 1d6	OPTION:80,100

STARTPACK:Treasure Table Goods CR11	TYPE:Treasure	VISIBLE:YES	APPLY:INSTANT	EQUIPBUY:0
SELECT:roll("1d100")
KIT:Treasure Table Gems 1d10	OPTION:25,74
KIT:Treasure Table Art 1d6	OPTION:75,100

STARTPACK:Treasure Table Goods CR12	TYPE:Treasure	VISIBLE:YES	APPLY:INSTANT	EQUIPBUY:0
SELECT:roll("1d100")
KIT:Treasure Table Gems 1d10	OPTION:18,70
KIT:Treasure Table Art 1d8	OPTION:71,100

STARTPACK:Treasure Table Goods CR13	TYPE:Treasure	VISIBLE:YES	APPLY:INSTANT	EQUIPBUY:0
SELECT:roll("1d100")
KIT:Treasure Table Gems 1d12	OPTION:12,66
KIT:Treasure Table Art 1d10	OPTION:67,100

STARTPACK:Treasure Table Goods CR14	TYPE:Treasure	VISIBLE:YES	APPLY:INSTANT	EQUIPBUY:0
SELECT:roll("1d100")
KIT:Treasure Table Gems 2d8	OPTION:12,66
KIT:Treasure Table Art 2d6	OPTION:67,100

STARTPACK:Treasure Table Goods CR15	TYPE:Treasure	VISIBLE:YES	APPLY:INSTANT	EQUIPBUY:0
SELECT:roll("1d100")
KIT:Treasure Table Gems 2d10	OPTION:10,65
KIT:Treasure Table Art 2d8	OPTION:66,100

STARTPACK:Treasure Table Goods CR16	TYPE:Treasure	VISIBLE:YES	APPLY:INSTANT	EQUIPBUY:0
SELECT:roll("1d100")
KIT:Treasure Table Gems 4d6	OPTION:8,64
KIT:Treasure Table Art 2d10	OPTION:65,100

STARTPACK:Treasure Table Goods CR17	TYPE:Treasure	VISIBLE:YES	APPLY:INSTANT	EQUIPBUY:0
SELECT:roll("1d100")
KIT:Treasure Table Gems 4d8	OPTION:5,63
KIT:Treasure Table Art 3d8	OPTION:64,100

STARTPACK:Treasure Table Goods CR18	TYPE:Treasure	VISIBLE:YES	APPLY:INSTANT	EQUIPBUY:0
SELECT:roll("1d100")
KIT:Treasure Table Gems 3d12	OPTION:5,54
KIT:Treasure Table Art 3d10	OPTION:55,100

STARTPACK:Treasure Table Goods CR19	TYPE:Treasure	VISIBLE:YES	APPLY:INSTANT	EQUIPBUY:0
SELECT:roll("1d100")
KIT:Treasure Table Gems 6d6	OPTION:4,50
KIT:Treasure Table Art 6d6	OPTION:51,100

STARTPACK:Treasure Table Goods CR20	TYPE:Treasure	VISIBLE:YES	APPLY:INSTANT	EQUIPBUY:0
SELECT:roll("1d100")
KIT:Treasure Table Gems 4d10	OPTION:3,38
KIT:Treasure Table Art 7d6	OPTION:39,100

STARTPACK:Treasure Table Gems 1d3	TYPE:Treasure	VISIBLE:NO	APPLY:INSTANT	EQUIPBUY:0
SELECT:roll("1d3")
KIT:Treasure Table Gems	OPTION:1
KIT:Treasure Table Gems	OPTION:1,2
KIT:Treasure Table Gems	OPTION:1,3

STARTPACK:Treasure Table Gems 1d4	TYPE:Treasure	VISIBLE:NO	APPLY:INSTANT	EQUIPBUY:0
SELECT:roll("1d4")
KIT:Treasure Table Gems	OPTION:1
KIT:Treasure Table Gems	OPTION:1,2
KIT:Treasure Table Gems	OPTION:1,3
KIT:Treasure Table Gems	OPTION:1,4

STARTPACK:Treasure Table Gems 1d6	TYPE:Treasure	VISIBLE:NO	APPLY:INSTANT	EQUIPBUY:0
SELECT:roll("1d6")
KIT:Treasure Table Gems	OPTION:1
KIT:Treasure Table Gems	OPTION:1,2
KIT:Treasure Table Gems	OPTION:1,3
KIT:Treasure Table Gems	OPTION:1,4
KIT:Treasure Table Gems	OPTION:1,5
KIT:Treasure Table Gems	OPTION:1,6

STARTPACK:Treasure Table Gems 1d8	TYPE:Treasure	VISIBLE:NO	APPLY:INSTANT	EQUIPBUY:0
SELECT:roll("1d8")
KIT:Treasure Table Gems	OPTION:1
KIT:Treasure Table Gems	OPTION:1,2
KIT:Treasure Table Gems	OPTION:1,3
KIT:Treasure Table Gems	OPTION:1,4
KIT:Treasure Table Gems	OPTION:1,5
KIT:Treasure Table Gems	OPTION:1,6
KIT:Treasure Table Gems	OPTION:1,7
KIT:Treasure Table Gems	OPTION:1,8

STARTPACK:Treasure Table Gems 1d10	TYPE:Treasure	VISIBLE:NO	APPLY:INSTANT	EQUIPBUY:0
SELECT:roll("1d10")
KIT:Treasure Table Gems	OPTION:1
KIT:Treasure Table Gems	OPTION:1,2
KIT:Treasure Table Gems	OPTION:1,3
KIT:Treasure Table Gems	OPTION:1,4
KIT:Treasure Table Gems	OPTION:1,5
KIT:Treasure Table Gems	OPTION:1,6
KIT:Treasure Table Gems	OPTION:1,7
KIT:Treasure Table Gems	OPTION:1,8
KIT:Treasure Table Gems	OPTION:1,9
KIT:Treasure Table Gems	OPTION:1,10

STARTPACK:Treasure Table Gems 1d12	TYPE:Treasure	VISIBLE:NO	APPLY:INSTANT	EQUIPBUY:0
SELECT:roll("1d12")
KIT:Treasure Table Gems	OPTION:1
KIT:Treasure Table Gems	OPTION:1,2
KIT:Treasure Table Gems	OPTION:1,3
KIT:Treasure Table Gems	OPTION:1,4
KIT:Treasure Table Gems	OPTION:1,5
KIT:Treasure Table Gems	OPTION:1,6
KIT:Treasure Table Gems	OPTION:1,7
KIT:Treasure Table Gems	OPTION:1,8
KIT:Treasure Table Gems	OPTION:1,9
KIT:Treasure Table Gems	OPTION:1,10
KIT:Treasure Table Gems	OPTION:1,11
KIT:Treasure Table Gems	OPTION:1,12

STARTPACK:Treasure Table Gems 2d8	TYPE:Treasure	VISIBLE:NO	APPLY:INSTANT	EQUIPBUY:0
SELECT:roll("2d8")
KIT:Treasure Table Gems
KIT:Treasure Table Gems	OPTION:2
KIT:Treasure Table Gems	OPTION:2,3
KIT:Treasure Table Gems	OPTION:2,4
KIT:Treasure Table Gems	OPTION:2,5
KIT:Treasure Table Gems	OPTION:2,6
KIT:Treasure Table Gems	OPTION:2,7
KIT:Treasure Table Gems	OPTION:2,8
KIT:Treasure Table Gems	OPTION:2,9
KIT:Treasure Table Gems	OPTION:2,10
KIT:Treasure Table Gems	OPTION:2,11
KIT:Treasure Table Gems	OPTION:2,12
KIT:Treasure Table Gems	OPTION:2,13
KIT:Treasure Table Gems	OPTION:2,14
KIT:Treasure Table Gems	OPTION:2,15
KIT:Treasure Table Gems	OPTION:2,16

STARTPACK:Treasure Table Gems 2d10	TYPE:Treasure	VISIBLE:NO	APPLY:INSTANT	EQUIPBUY:0
SELECT:roll("2d10")
KIT:Treasure Table Gems
KIT:Treasure Table Gems	OPTION:2
KIT:Treasure Table Gems	OPTION:2,3
KIT:Treasure Table Gems	OPTION:2,4
KIT:Treasure Table Gems	OPTION:2,5
KIT:Treasure Table Gems	OPTION:2,6
KIT:Treasure Table Gems	OPTION:2,7
KIT:Treasure Table Gems	OPTION:2,8
KIT:Treasure Table Gems	OPTION:2,9
KIT:Treasure Table Gems	OPTION:2,10
KIT:Treasure Table Gems	OPTION:2,11
KIT:Treasure Table Gems	OPTION:2,12
KIT:Treasure Table Gems	OPTION:2,13
KIT:Treasure Table Gems	OPTION:2,14
KIT:Treasure Table Gems	OPTION:2,15
KIT:Treasure Table Gems	OPTION:2,16
KIT:Treasure Table Gems	OPTION:2,17
KIT:Treasure Table Gems	OPTION:2,18
KIT:Treasure Table Gems	OPTION:2,19
KIT:Treasure Table Gems	OPTION:2,20

STARTPACK:Treasure Table Gems 4d6	TYPE:Treasure	VISIBLE:NO	APPLY:INSTANT	EQUIPBUY:0
SELECT:roll("4d6")
KIT:Treasure Table Gems
KIT:Treasure Table Gems
KIT:Treasure Table Gems
KIT:Treasure Table Gems	OPTION:4
KIT:Treasure Table Gems	OPTION:4,5
KIT:Treasure Table Gems	OPTION:4,6
KIT:Treasure Table Gems	OPTION:4,7
KIT:Treasure Table Gems	OPTION:4,8
KIT:Treasure Table Gems	OPTION:4,9
KIT:Treasure Table Gems	OPTION:4,10
KIT:Treasure Table Gems	OPTION:4,11
KIT:Treasure Table Gems	OPTION:4,12
KIT:Treasure Table Gems	OPTION:4,13
KIT:Treasure Table Gems	OPTION:4,14
KIT:Treasure Table Gems	OPTION:4,15
KIT:Treasure Table Gems	OPTION:4,16
KIT:Treasure Table Gems	OPTION:4,17
KIT:Treasure Table Gems	OPTION:4,18
KIT:Treasure Table Gems	OPTION:4,19
KIT:Treasure Table Gems	OPTION:4,20
KIT:Treasure Table Gems	OPTION:4,21
KIT:Treasure Table Gems	OPTION:4,22
KIT:Treasure Table Gems	OPTION:4,23
KIT:Treasure Table Gems	OPTION:4,24

STARTPACK:Treasure Table Gems 4d8	TYPE:Treasure	VISIBLE:NO	APPLY:INSTANT	EQUIPBUY:0
SELECT:roll("4d8")
KIT:Treasure Table Gems
KIT:Treasure Table Gems
KIT:Treasure Table Gems
KIT:Treasure Table Gems	OPTION:4
KIT:Treasure Table Gems	OPTION:4,5
KIT:Treasure Table Gems	OPTION:4,6
KIT:Treasure Table Gems	OPTION:4,7
KIT:Treasure Table Gems	OPTION:4,8
KIT:Treasure Table Gems	OPTION:4,9
KIT:Treasure Table Gems	OPTION:4,10
KIT:Treasure Table Gems	OPTION:4,11
KIT:Treasure Table Gems	OPTION:4,12
KIT:Treasure Table Gems	OPTION:4,13
KIT:Treasure Table Gems	OPTION:4,14
KIT:Treasure Table Gems	OPTION:4,15
KIT:Treasure Table Gems	OPTION:4,16
KIT:Treasure Table Gems	OPTION:4,17
KIT:Treasure Table Gems	OPTION:4,18
KIT:Treasure Table Gems	OPTION:4,19
KIT:Treasure Table Gems	OPTION:4,20
KIT:Treasure Table Gems	OPTION:4,21
KIT:Treasure Table Gems	OPTION:4,22
KIT:Treasure Table Gems	OPTION:4,23
KIT:Treasure Table Gems	OPTION:4,24
KIT:Treasure Table Gems	OPTION:4,25
KIT:Treasure Table Gems	OPTION:4,26
KIT:Treasure Table Gems	OPTION:4,27
KIT:Treasure Table Gems	OPTION:4,28
KIT:Treasure Table Gems	OPTION:4,29
KIT:Treasure Table Gems	OPTION:4,30
KIT:Treasure Table Gems	OPTION:4,31
KIT:Treasure Table Gems	OPTION:4,32

STARTPACK:Treasure Table Gems 3d12	TYPE:Treasure	VISIBLE:NO	APPLY:INSTANT	EQUIPBUY:0
SELECT:roll("3d12")
KIT:Treasure Table Gems
KIT:Treasure Table Gems
KIT:Treasure Table Gems	OPTION:3
KIT:Treasure Table Gems	OPTION:3,4
KIT:Treasure Table Gems	OPTION:3,5
KIT:Treasure Table Gems	OPTION:3,6
KIT:Treasure Table Gems	OPTION:3,7
KIT:Treasure Table Gems	OPTION:3,8
KIT:Treasure Table Gems	OPTION:3,9
KIT:Treasure Table Gems	OPTION:3,10
KIT:Treasure Table Gems	OPTION:3,11
KIT:Treasure Table Gems	OPTION:3,12
KIT:Treasure Table Gems	OPTION:3,13
KIT:Treasure Table Gems	OPTION:3,14
KIT:Treasure Table Gems	OPTION:3,15
KIT:Treasure Table Gems	OPTION:3,16
KIT:Treasure Table Gems	OPTION:3,17
KIT:Treasure Table Gems	OPTION:3,18
KIT:Treasure Table Gems	OPTION:3,19
KIT:Treasure Table Gems	OPTION:3,20
KIT:Treasure Table Gems	OPTION:3,21
KIT:Treasure Table Gems	OPTION:3,22
KIT:Treasure Table Gems	OPTION:3,23
KIT:Treasure Table Gems	OPTION:3,24
KIT:Treasure Table Gems	OPTION:3,25
KIT:Treasure Table Gems	OPTION:3,26
KIT:Treasure Table Gems	OPTION:3,27
KIT:Treasure Table Gems	OPTION:3,28
KIT:Treasure Table Gems	OPTION:3,29
KIT:Treasure Table Gems	OPTION:3,30
KIT:Treasure Table Gems	OPTION:3,31
KIT:Treasure Table Gems	OPTION:3,32
KIT:Treasure Table Gems	OPTION:3,33
KIT:Treasure Table Gems	OPTION:3,34
KIT:Treasure Table Gems	OPTION:3,35
KIT:Treasure Table Gems	OPTION:3,36

STARTPACK:Treasure Table Gems 6d6	TYPE:Treasure	VISIBLE:NO	APPLY:INSTANT	EQUIPBUY:0
SELECT:roll("6d6")
KIT:Treasure Table Gems
KIT:Treasure Table Gems
KIT:Treasure Table Gems
KIT:Treasure Table Gems
KIT:Treasure Table Gems
KIT:Treasure Table Gems	OPTION:6
KIT:Treasure Table Gems	OPTION:6,7
KIT:Treasure Table Gems	OPTION:6,8
KIT:Treasure Table Gems	OPTION:6,9
KIT:Treasure Table Gems	OPTION:6,10
KIT:Treasure Table Gems	OPTION:6,11
KIT:Treasure Table Gems	OPTION:6,12
KIT:Treasure Table Gems	OPTION:6,13
KIT:Treasure Table Gems	OPTION:6,14
KIT:Treasure Table Gems	OPTION:6,15
KIT:Treasure Table Gems	OPTION:6,16
KIT:Treasure Table Gems	OPTION:6,17
KIT:Treasure Table Gems	OPTION:6,18
KIT:Treasure Table Gems	OPTION:6,19
KIT:Treasure Table Gems	OPTION:6,20
KIT:Treasure Table Gems	OPTION:6,21
KIT:Treasure Table Gems	OPTION:6,22
KIT:Treasure Table Gems	OPTION:6,23
KIT:Treasure Table Gems	OPTION:6,24
KIT:Treasure Table Gems	OPTION:6,25
KIT:Treasure Table Gems	OPTION:6,26
KIT:Treasure Table Gems	OPTION:6,27
KIT:Treasure Table Gems	OPTION:6,28
KIT:Treasure Table Gems	OPTION:6,29
KIT:Treasure Table Gems	OPTION:6,30
KIT:Treasure Table Gems	OPTION:6,31
KIT:Treasure Table Gems	OPTION:6,32
KIT:Treasure Table Gems	OPTION:6,33
KIT:Treasure Table Gems	OPTION:6,34
KIT:Treasure Table Gems	OPTION:6,35
KIT:Treasure Table Gems	OPTION:6,36

STARTPACK:Treasure Table Gems 4d10	TYPE:Treasure	VISIBLE:NO	APPLY:INSTANT	EQUIPBUY:0
SELECT:roll("4d10")
KIT:Treasure Table Gems
KIT:Treasure Table Gems
KIT:Treasure Table Gems
KIT:Treasure Table Gems	OPTION:4
KIT:Treasure Table Gems	OPTION:4,5
KIT:Treasure Table Gems	OPTION:4,6
KIT:Treasure Table Gems	OPTION:4,7
KIT:Treasure Table Gems	OPTION:4,8
KIT:Treasure Table Gems	OPTION:4,9
KIT:Treasure Table Gems	OPTION:4,10
KIT:Treasure Table Gems	OPTION:4,11
KIT:Treasure Table Gems	OPTION:4,12
KIT:Treasure Table Gems	OPTION:4,13
KIT:Treasure Table Gems	OPTION:4,14
KIT:Treasure Table Gems	OPTION:4,15
KIT:Treasure Table Gems	OPTION:4,16
KIT:Treasure Table Gems	OPTION:4,17
KIT:Treasure Table Gems	OPTION:4,18
KIT:Treasure Table Gems	OPTION:4,19
KIT:Treasure Table Gems	OPTION:4,20
KIT:Treasure Table Gems	OPTION:4,21
KIT:Treasure Table Gems	OPTION:4,22
KIT:Treasure Table Gems	OPTION:4,23
KIT:Treasure Table Gems	OPTION:4,24
KIT:Treasure Table Gems	OPTION:4,25
KIT:Treasure Table Gems	OPTION:4,26
KIT:Treasure Table Gems	OPTION:4,27
KIT:Treasure Table Gems	OPTION:4,28
KIT:Treasure Table Gems	OPTION:4,29
KIT:Treasure Table Gems	OPTION:4,30
KIT:Treasure Table Gems	OPTION:4,31
KIT:Treasure Table Gems	OPTION:4,32
KIT:Treasure Table Gems	OPTION:4,33
KIT:Treasure Table Gems	OPTION:4,34
KIT:Treasure Table Gems	OPTION:4,35
KIT:Treasure Table Gems	OPTION:4,36
KIT:Treasure Table Gems	OPTION:4,37
KIT:Treasure Table Gems	OPTION:4,38
KIT:Treasure Table Gems	OPTION:4,39
KIT:Treasure Table Gems	OPTION:4,40

STARTPACK:Treasure Table Art 1d3	TYPE:Treasure	VISIBLE:NO	APPLY:INSTANT	EQUIPBUY:0
SELECT:roll("1d3")
KIT:Treasure Table Art	OPTION:1
KIT:Treasure Table Art	OPTION:1,2
KIT:Treasure Table Art	OPTION:1,3

STARTPACK:Treasure Table Art 1d4	TYPE:Treasure	VISIBLE:NO	APPLY:INSTANT	EQUIPBUY:0
SELECT:roll("1d4")
KIT:Treasure Table Art	OPTION:1
KIT:Treasure Table Art	OPTION:1,2
KIT:Treasure Table Art	OPTION:1,3
KIT:Treasure Table Art	OPTION:1,4

STARTPACK:Treasure Table Art 1d6	TYPE:Treasure	VISIBLE:NO	APPLY:INSTANT	EQUIPBUY:0
SELECT:roll("1d6")
KIT:Treasure Table Art	OPTION:1
KIT:Treasure Table Art	OPTION:1,2
KIT:Treasure Table Art	OPTION:1,3
KIT:Treasure Table Art	OPTION:1,4
KIT:Treasure Table Art	OPTION:1,5
KIT:Treasure Table Art	OPTION:1,6

STARTPACK:Treasure Table Art 1d8	TYPE:Treasure	VISIBLE:NO	APPLY:INSTANT	EQUIPBUY:0
SELECT:roll("1d8")
KIT:Treasure Table Art	OPTION:1
KIT:Treasure Table Art	OPTION:1,2
KIT:Treasure Table Art	OPTION:1,3
KIT:Treasure Table Art	OPTION:1,4
KIT:Treasure Table Art	OPTION:1,5
KIT:Treasure Table Art	OPTION:1,6
KIT:Treasure Table Art	OPTION:1,7
KIT:Treasure Table Art	OPTION:1,8

STARTPACK:Treasure Table Art 1d10	TYPE:Treasure	VISIBLE:NO	APPLY:INSTANT	EQUIPBUY:0
SELECT:roll("1d10")
KIT:Treasure Table Art	OPTION:1
KIT:Treasure Table Art	OPTION:1,2
KIT:Treasure Table Art	OPTION:1,3
KIT:Treasure Table Art	OPTION:1,4
KIT:Treasure Table Art	OPTION:1,5
KIT:Treasure Table Art	OPTION:1,6
KIT:Treasure Table Art	OPTION:1,7
KIT:Treasure Table Art	OPTION:1,8
KIT:Treasure Table Art	OPTION:1,9
KIT:Treasure Table Art	OPTION:1,10

STARTPACK:Treasure Table Art 2d6	TYPE:Treasure	VISIBLE:NO	APPLY:INSTANT	EQUIPBUY:0
SELECT:roll("2d6")
KIT:Treasure Table Art
KIT:Treasure Table Art	OPTION:2
KIT:Treasure Table Art	OPTION:2,3
KIT:Treasure Table Art	OPTION:2,4
KIT:Treasure Table Art	OPTION:2,5
KIT:Treasure Table Art	OPTION:2,6
KIT:Treasure Table Art	OPTION:2,7
KIT:Treasure Table Art	OPTION:2,8
KIT:Treasure Table Art	OPTION:2,9
KIT:Treasure Table Art	OPTION:2,10
KIT:Treasure Table Art	OPTION:2,11
KIT:Treasure Table Art	OPTION:2,12

STARTPACK:Treasure Table Art 2d8	TYPE:Treasure	VISIBLE:NO	APPLY:INSTANT	EQUIPBUY:0
SELECT:roll("2d8")
KIT:Treasure Table Art
KIT:Treasure Table Art	OPTION:2
KIT:Treasure Table Art	OPTION:2,3
KIT:Treasure Table Art	OPTION:2,4
KIT:Treasure Table Art	OPTION:2,5
KIT:Treasure Table Art	OPTION:2,6
KIT:Treasure Table Art	OPTION:2,7
KIT:Treasure Table Art	OPTION:2,8
KIT:Treasure Table Art	OPTION:2,9
KIT:Treasure Table Art	OPTION:2,10
KIT:Treasure Table Art	OPTION:2,11
KIT:Treasure Table Art	OPTION:2,12
KIT:Treasure Table Art	OPTION:2,13
KIT:Treasure Table Art	OPTION:2,14
KIT:Treasure Table Art	OPTION:2,15
KIT:Treasure Table Art	OPTION:2,16

STARTPACK:Treasure Table Art 2d10	TYPE:Treasure	VISIBLE:NO	APPLY:INSTANT	EQUIPBUY:0
SELECT:roll("2d10")
KIT:Treasure Table Art
KIT:Treasure Table Art	OPTION:2
KIT:Treasure Table Art	OPTION:2,3
KIT:Treasure Table Art	OPTION:2,4
KIT:Treasure Table Art	OPTION:2,5
KIT:Treasure Table Art	OPTION:2,6
KIT:Treasure Table Art	OPTION:2,7
KIT:Treasure Table Art	OPTION:2,8
KIT:Treasure Table Art	OPTION:2,9
KIT:Treasure Table Art	OPTION:2,10
KIT:Treasure Table Art	OPTION:2,11
KIT:Treasure Table Art	OPTION:2,12
KIT:Treasure Table Art	OPTION:2,13
KIT:Treasure Table Art	OPTION:2,14
KIT:Treasure Table Art	OPTION:2,15
KIT:Treasure Table Art	OPTION:2,16
KIT:Treasure Table Art	OPTION:2,17
KIT:Treasure Table Art	OPTION:2,18
KIT:Treasure Table Art	OPTION:2,19
KIT:Treasure Table Art	OPTION:2,20

STARTPACK:Treasure Table Art 3d8	TYPE:Treasure	VISIBLE:NO	APPLY:INSTANT	EQUIPBUY:0
SELECT:roll("3d8")
KIT:Treasure Table Art
KIT:Treasure Table Art
KIT:Treasure Table Art	OPTION:3
KIT:Treasure Table Art	OPTION:3,4
KIT:Treasure Table Art	OPTION:3,5
KIT:Treasure Table Art	OPTION:3,6
KIT:Treasure Table Art	OPTION:3,7
KIT:Treasure Table Art	OPTION:3,8
KIT:Treasure Table Art	OPTION:3,9
KIT:Treasure Table Art	OPTION:3,10
KIT:Treasure Table Art	OPTION:3,11
KIT:Treasure Table Art	OPTION:3,12
KIT:Treasure Table Art	OPTION:3,13
KIT:Treasure Table Art	OPTION:3,14
KIT:Treasure Table Art	OPTION:3,15
KIT:Treasure Table Art	OPTION:3,16
KIT:Treasure Table Art	OPTION:3,17
KIT:Treasure Table Art	OPTION:3,18
KIT:Treasure Table Art	OPTION:3,19
KIT:Treasure Table Art	OPTION:3,20
KIT:Treasure Table Art	OPTION:3,21
KIT:Treasure Table Art	OPTION:3,22
KIT:Treasure Table Art	OPTION:3,23
KIT:Treasure Table Art	OPTION:3,24

STARTPACK:Treasure Table Art 3d10	TYPE:Treasure	VISIBLE:NO	APPLY:INSTANT	EQUIPBUY:0
SELECT:roll("3d10")
KIT:Treasure Table Art
KIT:Treasure Table Art
KIT:Treasure Table Art	OPTION:3
KIT:Treasure Table Art	OPTION:3,4
KIT:Treasure Table Art	OPTION:3,5
KIT:Treasure Table Art	OPTION:3,6
KIT:Treasure Table Art	OPTION:3,7
KIT:Treasure Table Art	OPTION:3,8
KIT:Treasure Table Art	OPTION:3,9
KIT:Treasure Table Art	OPTION:3,10
KIT:Treasure Table Art	OPTION:3,11
KIT:Treasure Table Art	OPTION:3,12
KIT:Treasure Table Art	OPTION:3,13
KIT:Treasure Table Art	OPTION:3,14
KIT:Treasure Table Art	OPTION:3,15
KIT:Treasure Table Art	OPTION:3,16
KIT:Treasure Table Art	OPTION:3,17
KIT:Treasure Table Art	OPTION:3,18
KIT:Treasure Table Art	OPTION:3,19
KIT:Treasure Table Art	OPTION:3,20
KIT:Treasure Table Art	OPTION:3,21
KIT:Treasure Table Art	OPTION:3,22
KIT:Treasure Table Art	OPTION:3,23
KIT:Treasure Table Art	OPTION:3,24
KIT:Treasure Table Art	OPTION:3,25
KIT:Treasure Table Art	OPTION:3,26
KIT:Treasure Table Art	OPTION:3,27
KIT:Treasure Table Art	OPTION:3,28
KIT:Treasure Table Art	OPTION:3,29
KIT:Treasure Table Art	OPTION:3,30

STARTPACK:Treasure Table Art 6d6	TYPE:Treasure	VISIBLE:NO	APPLY:INSTANT	EQUIPBUY:0
SELECT:roll("6d6")
KIT:Treasure Table Art
KIT:Treasure Table Art
KIT:Treasure Table Art
KIT:Treasure Table Art
KIT:Treasure Table Art
KIT:Treasure Table Art	OPTION:6
KIT:Treasure Table Art	OPTION:6,7
KIT:Treasure Table Art	OPTION:6,8
KIT:Treasure Table Art	OPTION:6,9
KIT:Treasure Table Art	OPTION:6,10
KIT:Treasure Table Art	OPTION:6,11
KIT:Treasure Table Art	OPTION:6,12
KIT:Treasure Table Art	OPTION:6,13
KIT:Treasure Table Art	OPTION:6,14
KIT:Treasure Table Art	OPTION:6,15
KIT:Treasure Table Art	OPTION:6,16
KIT:Treasure Table Art	OPTION:6,17
KIT:Treasure Table Art	OPTION:6,18
KIT:Treasure Table Art	OPTION:6,19
KIT:Treasure Table Art	OPTION:6,20
KIT:Treasure Table Art	OPTION:6,21
KIT:Treasure Table Art	OPTION:6,22
KIT:Treasure Table Art	OPTION:6,23
KIT:Treasure Table Art	OPTION:6,24
KIT:Treasure Table Art	OPTION:6,25
KIT:Treasure Table Art	OPTION:6,26
KIT:Treasure Table Art	OPTION:6,27
KIT:Treasure Table Art	OPTION:6,28
KIT:Treasure Table Art	OPTION:6,29
KIT:Treasure Table Art	OPTION:6,30
KIT:Treasure Table Art	OPTION:6,31
KIT:Treasure Table Art	OPTION:6,32
KIT:Treasure Table Art	OPTION:6,33
KIT:Treasure Table Art	OPTION:6,34
KIT:Treasure Table Art	OPTION:6,35
KIT:Treasure Table Art	OPTION:6,36

STARTPACK:Treasure Table Art 7d6	TYPE:Treasure	VISIBLE:NO	APPLY:INSTANT	EQUIPBUY:0
SELECT:roll("7d6")
KIT:Treasure Table Art
KIT:Treasure Table Art
KIT:Treasure Table Art
KIT:Treasure Table Art
KIT:Treasure Table Art
KIT:Treasure Table Art
KIT:Treasure Table Art	OPTION:7
KIT:Treasure Table Art	OPTION:7,8
KIT:Treasure Table Art	OPTION:7,9
KIT:Treasure Table Art	OPTION:7,10
KIT:Treasure Table Art	OPTION:7,11
KIT:Treasure Table Art	OPTION:7,12
KIT:Treasure Table Art	OPTION:7,13
KIT:Treasure Table Art	OPTION:7,14
KIT:Treasure Table Art	OPTION:7,15
KIT:Treasure Table Art	OPTION:7,16
KIT:Treasure Table Art	OPTION:7,17
KIT:Treasure Table Art	OPTION:7,18
KIT:Treasure Table Art	OPTION:7,19
KIT:Treasure Table Art	OPTION:7,20
KIT:Treasure Table Art	OPTION:7,21
KIT:Treasure Table Art	OPTION:7,22
KIT:Treasure Table Art	OPTION:7,23
KIT:Treasure Table Art	OPTION:7,24
KIT:Treasure Table Art	OPTION:7,25
KIT:Treasure Table Art	OPTION:7,26
KIT:Treasure Table Art	OPTION:7,27
KIT:Treasure Table Art	OPTION:7,28
KIT:Treasure Table Art	OPTION:7,29
KIT:Treasure Table Art	OPTION:7,30
KIT:Treasure Table Art	OPTION:7,31
KIT:Treasure Table Art	OPTION:7,32
KIT:Treasure Table Art	OPTION:7,33
KIT:Treasure Table Art	OPTION:7,34
KIT:Treasure Table Art	OPTION:7,35
KIT:Treasure Table Art	OPTION:7,36
KIT:Treasure Table Art	OPTION:7,37
KIT:Treasure Table Art	OPTION:7,38
KIT:Treasure Table Art	OPTION:7,39
KIT:Treasure Table Art	OPTION:7,40
KIT:Treasure Table Art	OPTION:7,41
KIT:Treasure Table Art	OPTION:7,42
