# CVS $Revision$ $Author$ -- Tue Jan 22 21:49:29 2008 -- reformated by prettylst.pl v1.38 (build 4314)
SOURCELONG:Neiyar Land of Heaven and the Abyss	SOURCESHORT:Neiyar	SOURCEWEB:http://www.bardsandsages.com/neiyar.html	SOURCEDATE:2005-03
###Original Entry: Andrew Maitland

# Spell Name			Product Identity?	Classes of caster						Domains granting the spell	School			Sub-School			Spell Descriptors					Type				Components		Casting Time			Range						Target Area or Effect											Duration							Save Info							Spell Resistance		XP Cost	Description		Source Page
Animal Knowledge						CLASSES:Bard,Druid,Ranger,Sorcerer,Wizard=1	DOMAINS:Animal=1			SCHOOL:Divination													TYPE:Arcane.Divine	COMPS:V, S		CASTTIME:1 standard action	RANGE:Personal				TARGETAREA:You												DURATION:(CASTERLEVEL*5) minutes or until used	SAVEINFO:None						SPELLRES:No					DESC:See text	SOURCEPAGE:p.70
Animate Mud							CLASSES:Ranger,Sorcerer,Wizard=3			DOMAINS:Earth=3			SCHOOL:Transmutation												TYPE:Arcane.Divine	COMPS:V, S, M	CASTTIME:1 standard action	RANGE:Close					TARGETAREA:10 ft. diameter around the caster							DURATION:2d4 rounds + (CASTERLEVEL) rounds	SAVEINFO:None						SPELLRES:No					DESC:See text	SOURCEPAGE:p.70
Awaken the Beast						CLASSES:Druid,Ranger=3					DOMAINS:Animal=5			SCHOOL:Transmutation												TYPE:Divine			COMPS:V, S		CASTTIME:1 round			RANGE:Touch					TARGETAREA:Personal or one target touched								DURATION:(CASTERLEVEL+10) minutes			SAVEINFO:Will negates					SPELLRES:Yes				DESC:See text	SOURCEPAGE:p.71
Beautify							CLASSES:Bard=1											SCHOOL:Conjuration	SUBSCHOOL:Creation								TYPE:Arcane			COMPS:V, S, M	CASTTIME:1 minute			RANGE:Personal				TARGETAREA:Personal											DURATION:Instantaneous					SAVEINFO:Fortitude negates (harmless)		SPELLRES:No					DESC:See text	SOURCEPAGE:p.71
###Comment: Saving throws are not needed for personal spells - AM

Bounce							CLASSES:Bard,Sorcerer,Wizard=2								SCHOOL:Transmutation												TYPE:Arcane			COMPS:S, M		CASTTIME:1 standard action	RANGE:Touch					TARGETAREA:Personal or one target touched								DURATION:1d4 rounds					SAVEINFO:Fortitude negates				SPELLRES:Yes				DESC:See text	SOURCEPAGE:p.72
###Comment - PREAPPLY allowed to be used for OGL sources?

Clear the Path						CLASSES:Druid,Ranger=3					DOMAINS:Plant=4			SCHOOL:Transmutation												TYPE:Divine			COMPS:V, S		CASTTIME:1 standard action	RANGE:Close (10 ft.)			TARGETAREA:A 5 foot wide line 30 ft. + (CASTERLEVEL*10) long in front of the caster	DURATION:((CASTERLEVEL*10)+30)			SAVEINFO:None						SPELLRES:No					DESC:See text	SOURCEPAGE:p.72
###Comment: Do Durations need to be separated by x + casterlevel or can we combine it to be the end result number using the casterlevel tag?

Detect Vice							CLASSES:Sorcerer,Wizard=2				DOMAINS:Trickery=1		SCHOOL:Divination													TYPE:Arcane.Divine	COMPS:S, F		CASTTIME:1 minute			RANGE:See text				TARGETAREA:One humanoid											DURATION:Instantaneous					SAVEINFO:None						SPELLRES:No					DESC:See text	SOURCEPAGE:p.72
Exploding Coconut						CLASSES:Sorcerer,Wizard=2									SCHOOL:Evocation						DESCRIPTOR:Force					TYPE:Arcane			COMPS:V, S, M	CASTTIME:1 standard action	RANGE:Touch					TARGETAREA:(min(floor(CASTERLEVEL/3),5))								DURATION:See text						SAVEINFO:None						SPELLRES:No					DESC:See text	SOURCEPAGE:p.72
###COMMENT: School 'Invocation' not part of the normal schools, error?

Greater Detect Vice					CLASSES:Sorcerer,Wizard=4				DOMAINS:Trickery=3		SCHOOL:Divination													TYPE:Arcane.Divine	COMPS:S, F		CASTTIME:1 minute			RANGE:See text				TARGETAREA:One humanoid											DURATION:Instantaneous					SAVEINFO:None						SPELLRES:No					DESC:See text	SOURCEPAGE:p.73
Invoke the Dread Mother					CLASSES:Cleric=7											SCHOOL:Transmutation												TYPE:Divine			COMPS:V, S, M, XP	CASTTIME:1 round			RANGE:Personal				TARGETAREA:You												DURATION:(CASTERLEVEL+10) minutes			SAVEINFO:None						SPELLRES:No			XPCOST:100	DESC:See text	SOURCEPAGE:p.73
Mistrella's Safe Slumber	NAMEISPI:YES	CLASSES:Sorcerer,Wizard=5									SCHOOL:Transmutation												TYPE:Arcane			COMPS:V, S		CASTTIME:1 standard action	RANGE:Personal				TARGETAREA:You												DURATION:8 hours						SAVEINFO:Yes (harmless)					SPELLRES:Yes (harmless)			DESC:See text	SOURCEPAGE:p.73
Mistrella's Secret Reference	NAMEISPI:YES	CLASSES:Sorcerer,Wizard=3				DOMAINS:Magic=4			SCHOOL:Conjuration												TYPE:Arcane			COMPS:V, S, M	CASTTIME:1 round			RANGE:Close					TARGETAREA:One book or scroll										DURATION:((CASTERLEVEL*10)+60) minutes		SAVEINFO:None						SPELLRES:No					DESC:See text	SOURCEPAGE:p.74
Phantom Weapon						CLASSES:Sorcerer,Wizard=3				DOMAINS:War=3			SCHOOL:Evocation													TYPE:Arcane.Divine	COMPS:V, S		CASTTIME:1 standard action	RANGE:Personal				TARGETAREA:Caster												DURATION:1d6 + (CASTERLEVEL) rounds			SAVEINFO:None						SPELLRES:No					DESC:See text	SOURCEPAGE:p.74
Plant Knowledge						CLASSES:Bard=1|Sorcerer,Wizard=2								SCHOOL:Divination													TYPE:Arcane			COMPS:V, S		CASTTIME:1 standard action	RANGE:Personal				TARGETAREA:You												DURATION:(CASTERLEVEL*5) minutes or until used	SAVEINFO:None						SPELLRES:No					DESC:See text	SOURCEPAGE:p.74
Pulse Surge							CLASSES:Cleric=5						DOMAINS:Destruction=4		SCHOOL:Evocation						DESCRIPTOR:Force					TYPE:Divine			COMPS:V, S		CASTTIME:1 standard action	RANGE:((CASTERLEVEL*10)+60) ft	TARGETAREA:Cone-shaped area										DURATION:Instantaneous					SAVEINFO:Reflex half					SPELLRES:Yes				DESC:See text	SOURCEPAGE:p.74
Ray of Hope							CLASSES:Cleric=5|Bard=6					DOMAINS:Good=5			SCHOOL:Enchantment	SUBSCHOOL:Compulsion	DESCRIPTOR:Mind-Affecting|Good		TYPE:Arcane.Divine	COMPS:V, S		CASTTIME:1 standard action	RANGE:(CASTERLEVEL*10) ft		TARGETAREA:(floor(CASTERLEVEL/3)) person(s)							DURATION:1d6 + (CASTERLEVEL) rounds			SAVEINFO:Will negates (harmless); see text	SPELLRES:Yes				DESC:See text	SOURCEPAGE:p.75
Rubber Skeleton						CLASSES:Bard,Sorcerer,Wizard=4								SCHOOL:Transmutation												TYPE:Arcane			COMPS:S, M		CASTTIME:1 standard action	RANGE:Touch					TARGETAREA:Personal or one person touched								DURATION:1d4 + (CASTERLEVEL) rounds			SAVEINFO:Fortitude negates				SPELLRES:Yes				DESC:See text	SOURCEPAGE:p.75
Scent of the Animal					CLASSES:Druid,Ranger=1										SCHOOL:Transmutation												TYPE:Divine			COMPS:V, S		CASTTIME:1 standard action	RANGE:Personal				TARGETAREA:You												DURATION:(CASTERLEVEL*10) minutes			SAVEINFO:Fortitude negates (harmless)		SPELLRES:No					DESC:See text	SOURCEPAGE:p.75
Selective Sight						CLASSES:Bard,Sorcerer,Wizard=5			DOMAINS:Trickery=6		SCHOOL:Enchantment	SUBSCHOOL:Compulsion	DESCRIPTOR:Chaotic|Mind-Affecting		TYPE:Arcane.Divine	COMPS:V, S, M	CASTTIME:1 standard action	RANGE:(CASTERLEVEL*10) ft		TARGETAREA:One humanoid											DURATION:(CASTERLEVEL) minutes			SAVEINFO:Will negates					SPELLRES:Yes				DESC:See text	SOURCEPAGE:p.75
Selective Silence						CLASSES:Bard=4						DOMAINS:Trickery=5		SCHOOL:Illusion		SUBSCHOOL:Glamer		DESCRIPTOR:Chaotic|Language-dependent	TYPE:Arcane.Divine	COMPS:V, S, M	CASTTIME:1 standard action	RANGE:(CASTERLEVEL*10) minutes	TARGETAREA:One humanoid											DURATION:(CASTERLEVEL*10) minutes			SAVEINFO:Will negates					SPELLRES:Yes				DESC:See text	SOURCEPAGE:p.76
Skill Mastery						CLASSES:Bard=4						DOMAINS:Knowledge=4		SCHOOL:Divination													TYPE:Arcane.Divine	COMPS:V, S, M	CASTTIME:1 minute			RANGE:Personal				TARGETAREA:Caster												DURATION:Special; see text				SAVEINFO:None						SPELLRES:No					DESC:See text	SOURCEPAGE:p.76
Switching Places						CLASSES:Sorcerer,Wizard=6				DOMAINS:Trickery=6		SCHOOL:Necromancy													TYPE:Arcane.Divine	COMPS:V, S, M	CASTTIME:1 standard action	RANGE:Close					TARGETAREA:Any two willing humanoids								DURATION:(CASTERLEVEL) hours				SAVEINFO:Will negates (harmless)			SPELLRES:Yes				DESC:See text	SOURCEPAGE:p.76
Totem Spirit Guide					CLASSES:Druid,Ranger=2|Cleric=3								SCHOOL:Conjuration	SUBSCHOOL:Summoning	DESCRIPTOR:Good					TYPE:Divine			COMPS:V, S, M	CASTTIME:1 standard action	RANGE:Close					TARGETAREA:One Spirit											DURATION:1 hour (special)				SAVEINFO:None						SPELLRES:No					DESC:See text	SOURCEPAGE:p.76
Unification							CLASSES:Sorcerer,Wizard=9				DOMAINS:Trickery=9		SCHOOL:Transmutation												TYPE:Arcane.Divine	COMPS:V, S, M, XP	CASTTIME:1 round			RANGE:Close					TARGETAREA:Any two willing humanoids								DURATION:(CASTERLEVEL*10) minutes			SAVEINFO:Will negates (harmless); see text	SPELLRES:Yes		XPCOST:500	DESC:See text	SOURCEPAGE:p.77
Vice to Virtue						CLASSES:Sorcerer,Wizard=3				DOMAINS:Trickery=2		SCHOOL:Illusion		SUBSCHOOL:Glamer									TYPE:Arcane.Divine	COMPS:V, S, M	CASTTIME:1 minute			RANGE:See text				TARGETAREA:Caster												DURATION:24 hours						SAVEINFO:See text						SPELLRES:No					DESC:See text	SOURCEPAGE:p.77
Wasp Missile						CLASSES:Druid,Ranger=2|Sorcerer,Wizard=3		DOMAINS:Animal=1			SCHOOL:Evocation						DESCRIPTOR:Force					TYPE:Arcane.Divine	COMPS:V, S		CASTTIME:1 standard action	RANGE:Medium (50 yards)			TARGETAREA:(min(floor(CASTERLEVEL/3),5))								DURATION:Instantaneous					SAVEINFO:See text						SPELLRES:Yes				DESC:See text	SOURCEPAGE:p.78

#
## EOF
#
