# CVS $Revision$ $Author$ -- Fri Jan  1 12:57:05 2016 -- reformated by PCGen PrettyLST v6.06.00
SOURCELONG:Advanced Character Guide - Arcane Archer	SOURCESHORT:ArcaneArcher	SOURCEWEB:http://paginas.terra.com.br/lazer/tiagobhz/secular/site/products.html#aa	SOURCEDATE:2005-01
#Originally done by Paul W. King

# Class Name			Hit Dice	Type					Max Level	Source Page		Define				Combat bonus							Save bonus																						Modify VAR				FACT
CLASS:Arcane Archer ~ Core	HD:8		TYPE:Base.PC.ArcaneArcher	MAXLEVEL:20	SOURCEPAGE:p.4	DEFINE:ArchaneArcherLVL|0	BONUS:COMBAT|BASEAB|classlevel("APPLIEDAS=NONEPIC")	BONUS:SAVE|BASE.Fortitude,BASE.Reflex|classlevel("APPLIEDAS=NONEPIC")/2+2	BONUS:SAVE|BASE.Will|classlevel("APPLIEDAS=NONEPIC")/3	BONUS:VAR|ArchaneArcherLVL|CL	FACT:SpellType|Arcane
# Class Name			Multiple Requirements																Required Race
CLASS:Arcane Archer ~ Core	PREMULT:1,[PREPCLEVEL:MAX=1],[PREMULT:1,[!PRECLASS:1,TYPE.ArcaneArcher=1],[PRECLASS:1,Arcane Archer ~ Core=1]]	PRERACE:1,Elf%,Half-Elf
# Class Name			Skill Pts/Lvl	Class Skill
CLASS:Arcane Archer ~ Core	STARTSKILLPTS:2	CSKILL:TYPE=Craft|Hide|Listen|Move Silently|Ride|Spot|Survival|Use Rope
# Class Name			Spell Stat		Spellbook		Caster level
CLASS:Arcane Archer ~ Core	SPELLSTAT:INT	SPELLBOOK:YES	BONUS:CASTERLEVEL|Arcane Archer ~ Core|CL
###Block: spells
1	SPELLLEVEL:CLASS|Arcane Archer ~ Core=1|Arcane Mark,Burning Hands,Color Spray,Detect Magic,Eye of the Hawk,Light,Mage Hand,Magic Weapon,Obscuring Mist,Prestidigitation,Protection from Chaos,Protection from Evil,Protection from Good,Protection from Law,Read Magic,Shield,Sleep,True Strike
1	SPELLLEVEL:CLASS|Arcane Archer ~ Core=2|Acid Arrow,Bear's Endurance,Blur,Cat's Grace,Darkness,Fog Cloud,Freezing Shot,Glitterdust,Gust of Wind,Hold Person,Invisibility,Protection from Arrows,See Invisibility,Summon Swarm,Web
1	SPELLLEVEL:CLASS|Arcane Archer ~ Core=3|Blink,Daylight,Deep Slumber,Displacement,Flame Arrow,Flaming Sphere,Fly,Gaseous Form,Halt Undead,Haste,Heroism,Magic Circle against Chaos,Magic Circle against Evil,Magic Circle against Good,Magic Circle against Law,Magic Weapon (Greater),True Strike (Greater),Wind Wall
1	SPELLLEVEL:CLASS|Arcane Archer ~ Core=4|Bow of the Ages,Confusion,Crushing Despair,Globe of Invulnerability (Lesser),Hold Monster,Ice Storm,Invisibility (Greater),Locate Creature,Overland Flight,Ray of Exhaustion,Stoneskin,Wall of Fire,Wall of Ice,Wall of Stone,Waves of Fatigue
###Block: casting
4	CAST:0,0
5	CAST:0,0
6	CAST:0,1
7	CAST:0,1
8	CAST:0,1,0
9	CAST:0,1,0
10	CAST:0,1,1
11	CAST:0,1,1,0
12	CAST:0,1,1,1
13	CAST:0,1,1,1
14	CAST:0,2,1,1,0
15	CAST:0,2,1,1,1
16	CAST:0,2,2,1,1
17	CAST:0,2,2,2,1
18	CAST:0,2,2,2,1
19	CAST:0,3,3,3,2
20	CAST:0,3,3,3,3
###Block: Proficiencies
1	ABILITY:Internal|AUTOMATIC|TYPE=WeaponProfMartial	ABILITY:FEAT|AUTOMATIC|Simple Weapon Proficiency
1	ABILITY:FEAT|AUTOMATIC|Armor Proficiency (Light)
1																			AUTO:SHIELDPROF|Buckler
###Block: Standard
1							ABILITY:FEAT|VIRTUAL|Point Blank Shot
2	BONUS:ABILITYPOOL|Weapon Focus|1
3							ABILITY:FEAT|VIRTUAL|Precise Shot
4							ABILITY:Special Ability|AUTOMATIC|Arcane Archer ~ Enhance Arrow
5							ABILITY:Special Ability|AUTOMATIC|Arcane Archer ~ Imbue Arrow
6							ABILITY:Special Ability|AUTOMATIC|Arcane Archer ~ Seeker Arrow
9							ABILITY:Special Ability|AUTOMATIC|Arcane Archer ~ Phase Arrow
14							ABILITY:Special Ability|AUTOMATIC|Arcane Archer ~ Hail of Arrows
15							ABILITY:Special Ability|AUTOMATIC|Arcane Archer ~ Arrow of Death
