# Tue Aug  3 11:01:46 2021 -- reformated by PCGen PrettyLST v6.08.00


# ------------------------------
# Kobold
# ------------------------------

###Block: Racial Abilities ~ grantor/removal MODs in kobold_abilities_globalvar.lst
# Ability Name		Category of Ability	Define																							Template					Modify VAR
Racial Traits ~ Kobold	CATEGORY:Internal		DEFINE:Kobold_RacialCastingStat|0	DEFINE:Kobold_RacialCastingMod|0	DEFINE:Kobold_RacialCasterlevel|0	DEFINE:Kobold_RacialConcentration|0	TEMPLATE:Racial Heritage ~ Kobold	BONUS:VAR|Kobold_RacialCastingStat|CHASCORE	BONUS:VAR|Kobold_RacialCastingMod|CHA	BONUS:VAR|Kobold_RacialCasterlevel|TL	BONUS:VAR|Kobold_RacialConcentration|Kobold_RacialCasterlevel+Kobold_RacialCastingMod

###Block: Racial Traits
# Ability Name						Unique Key				Category of Ability		Type																		Visible		Prohibited Fact							Define		Description																																				Template																		Move			Auto Language		Ability												Bonus to skill										Stat bonus														Modify VAR						Vision			Source Page		Aspects
+2 Dexterity, -4 Strength, -2 Constitution	KEY:Kobold ~ Ability Scores	CATEGORY:Special Ability	TYPE:RacialTraits.Kobold Racial Trait.Kobold Racial Default.SpecialQuality.Racial Ability Scores		VISIBLE:DISPLAY	!PREFACT:1,ABILITIES,Kobold_ReplaceAbilityScores=True				DESC:Kobolds are fast but weak.																																																																																			BONUS:STAT|DEX|2|TYPE=Racial	BONUS:STAT|STR|-4|TYPE=Racial	BONUS:STAT|CON|-2|TYPE=Racial												SOURCEPAGE:p.xx
Reptilian							KEY:Kobold ~ Type			CATEGORY:Special Ability	TYPE:RacialTraits.Kobold Racial Trait.Kobold Racial Default.SpecialQuality.Racial Type				VISIBLE:DISPLAY	!PREFACT:1,ABILITIES,Kobold_ReplaceType=True					DESC:Kobolds are humanoids with the reptilian subtype.																												TEMPLATE:Humanoid|Reptilian																																																																									SOURCEPAGE:p.xx
Small								KEY:Kobold ~ Size			CATEGORY:Special Ability	TYPE:RacialTraits.Kobold Racial Trait.Kobold Racial Default.SpecialQuality.Racial Size				VISIBLE:DISPLAY	!PREFACT:1,ABILITIES,Kobold_ReplaceSize=True					DESC:Kobolds are Small creatures and gain a +1 size bonus to their AC, a +1 size bonus on attack rolls, a -1 penalty on combat maneuver checks and to their Combat Maneuver Defense, and a +4 size bonus on Stealth checks.	TEMPLATE:SIZE_S																																																																											SOURCEPAGE:p.xx
Normal Speed						KEY:Kobold ~ Speed		CATEGORY:Special Ability	TYPE:RacialTraits.Kobold Racial Trait.Kobold Racial Default.SpecialQuality.Racial Speed				VISIBLE:DISPLAY	!PREFACT:1,ABILITIES,Kobold_ReplaceSpeed=True		DEFINE:MOVEBASE|0	DESC:Kobolds have a base speed of 30 feet.																																																	MOVE:Walk,30																																													BONUS:VAR|MOVEBASE|30								SOURCEPAGE:p.xx
Darkvision							KEY:Kobold ~ Vision		CATEGORY:Special Ability	TYPE:RacialTraits.Kobold Racial Trait.Kobold Racial Default.SpecialQuality.Racial Vision				VISIBLE:DISPLAY	!PREFACT:1,ABILITIES,Kobold_ReplaceVision=True					DESC:Kobolds can see in the dark up to 60 feet.																																																																																																BONUS:VAR|HasRacialVision|1			VISION:Darkvision (60)	SOURCEPAGE:p.xx
Armor								KEY:Kobold ~ Armor		CATEGORY:Special Ability	TYPE:RacialTraits.Kobold Racial Trait.Kobold Racial Default.SpecialQuality									!PREFACT:1,ABILITIES,Kobold_ReplaceArmor=True					DESC:Kobolds have a +1 natural armor bonus.																																																																																																BONUS:VAR|AC_Natural_Armor|1|TYPE=Base					SOURCEPAGE:p.xx
Crafty							KEY:Kobold ~ Crafty		CATEGORY:Special Ability	TYPE:RacialTraits.Kobold Racial Trait.Kobold Racial Default.SpecialQuality.Special Quality.Special Ability				!PREFACT:1,ABILITIES,Kobold_ReplaceCrafty=True					DESC:Kobolds gain a +2 racial bonus on Craft (traps), Perception, and Profession (miner) checks. Craft (traps) and Stealth are always class skills for a kobold.																																					ABILITY:Class Skill|AUTOMATIC|Craft (Traps)|Stealth					BONUS:SKILL|Craft (Traps),Perception,Profession (Miner)|2|TYPE=Racial																											SOURCEPAGE:p.xx	ASPECT:RacialSkillModifier|+2 Craft (traps), +2 Perception, +2 Profession (miner)
Light Sensitivity						KEY:Kobold ~ Weakness		CATEGORY:Special Ability	TYPE:RacialTraits.Kobold Racial Trait.Kobold Racial Default.SpecialQuality									!PREFACT:1,ABILITIES,Kobold_ReplaceWeakness=True				DESC:Kobolds are dazzled as long as they remain in an area of bright light.																																																			ABILITY:Special Ability|AUTOMATIC|Universal Monster Rule ~ Light Sensitivity																																							SOURCEPAGE:p.xx
Languages							KEY:Kobold ~ Languages		CATEGORY:Special Ability	TYPE:RacialTraits.Kobold Racial Trait.Kobold Racial Default.SpecialQuality.Racial Language			VISIBLE:DISPLAY	!PREFACT:1,ABILITIES,Kobold_ReplaceLanguages=True				DESC:Kobolds begin play speaking Draconic. Kobolds with high Intelligence scores can choose from the following languages: Common, Dwarven, Gnome, and Undercommon.										TEMPLATE:Bonus Language ~ Common|Bonus Language ~ Dwarven|Bonus Language ~ Gnome|Bonus Language ~ Undercommon				AUTO:LANG|Draconic																																																				SOURCEPAGE:p.xx

###Block: Favored Enemies
# Ability Name		Unique Key						Category of Ability		Type														Define					Description																																																					Modify VAR								Source, Long Desc.		Source, Short Desc.	Source URI							Source Page		Source Pub. Date		Aspects
Humanoid (Reptilian)	KEY:Favored Enemy ~ Humanoid (Reptilian)	CATEGORY:Special Ability	TYPE:RangerClassFeatures.FavoredEnemy.SpecialAttack.Extraordinary.AttackOption	DEFINE:FavoredHumanoidReptilian|0	DESC:You gain a +%1 bonus on Bluff, Knowledge, Perception, Sense Motive, and Survival checks when using these skills against Reptilians. Likewise, you get a +%1 bonus on weapon attack and damage rolls against such creatures. You may make Knowledge Skill checks untrained to identify such creatures.|FavoredHumanoidReptilian	BONUS:VAR|FavoredHumanoidReptilian|FavoredBaseBonus	SOURCELONG:Core Rulebook	SOURCESHORT:CR		SOURCEWEB:https://paizo.com/products/btpy88yj	SOURCEPAGE:p.64	SOURCEDATE:2009-08	ASPECT:Ability Benefit|+%1|FavoredHumanoidReptilian	ASPECT:SkillBonus|You gain a +%1 bonus on Bluff, Knowledge, Perception, Sense Motive, and Survival checks against Reptilian.|FavoredHumanoidReptilian	ASPECT:CombatBonus|You gain a +%1 bonus on Attack rolls and Damage rolls against Reptilian.|FavoredHumanoidReptilian

###Block: Adopted Trait Race Selections
# Ability Name							Unique Key				Category of Ability		Type				Multiple?	Choose										Ability
Kobold								KEY:Adopted Race ~ Kobold	CATEGORY:Special Ability	TYPE:AdoptiveRace		MULT:YES	CHOOSE:ABILITYSELECTION|Special Ability|TYPE=Kobold Race Trait	ABILITY:Traits|VIRTUAL|%LIST
CATEGORY=Special Ability|No Race Trait Available.MOD											TYPE:Kobold Race Trait
