# Tue Aug 24 13:40:19 2021 -- reformated by PCGen PrettyLST v6.08.00


# ------------------------------
# Triaxian
# ------------------------------

###Block: Racial Abilities ~ grantor/removal MODs in triaxian abilities globalvar.lst
# Ability Name			Category of Ability	Define																								Template					Modify VAR
Racial Traits ~ Triaxian	CATEGORY:Internal		DEFINE:Triaxian_RacialCastingStat|0	DEFINE:Triaxian_RacialCastingMod|0	DEFINE:Triaxian_RacialCasterlevel|0	DEFINE:Triaxian_RacialConcentration|0	TEMPLATE:Racial Heritage ~ Triaxian	BONUS:VAR|Triaxian_RacialCastingStat|CHASCORE	BONUS:VAR|Triaxian_RacialCastingMod|CHA	BONUS:VAR|Triaxian_RacialCasterlevel|TL	BONUS:VAR|Triaxian_RacialConcentration|Triaxian_RacialCasterlevel+Triaxian_RacialCastingMod

###Block: Racial Traits
# Ability Name					Unique Key				Category of Ability		Type																	Visible		Prohibited Fact								Define		Description																																																																													Template						Move			Auto Language		Bonus Ability Pool		Bonus to skill					Stat bonus										Modify VAR				Vision			Source Page		Aspects
+2 Constitution, +2 Wisdom, -2 Strength	KEY:Triaxian ~ Ability Scores	CATEGORY:Special Ability	TYPE:RacialTraits.Triaxian Racial Trait.Triaxian Racial Default.SpecialQuality.Racial Ability Scores	VISIBLE:DISPLAY	!PREFACT:1,ABILITIES,Triaxian_ReplaceAbilityScores=True				DESC:Triaxians are a hardy and wily, but also somewhat weak.																																																																																														BONUS:STAT|CON,WIS|2|TYPE=Racial	BONUS:STAT|STR|-2|TYPE=Racial										SOURCEPAGE:p.xx
Triaxian						KEY:Triaxian ~ Type		CATEGORY:Special Ability	TYPE:RacialTraits.Triaxian Racial Trait.Triaxian Racial Default.SpecialQuality.Racial Type		VISIBLE:DISPLAY	!PREFACT:1,ABILITIES,Triaxian_ReplaceType=True						DESC:Triaxiansare humanoids with the triaxian subtype.																																																																					TEMPLATE:Humanoid|Triaxian																																										SOURCEPAGE:p.xx
Medium						KEY:Triaxian ~ Size		CATEGORY:Special Ability	TYPE:RacialTraits.Triaxian Racial Trait.Triaxian Racial Default.SpecialQuality.Racial Size		VISIBLE:DISPLAY	!PREFACT:1,ABILITIES,Triaxian_ReplaceSize=True						DESC:Triaxians are Medium creatures and have no bonuses or penalties due to their size.																																																																TEMPLATE:SIZE_M																																												SOURCEPAGE:p.xx
Normal Speed					KEY:Triaxian ~ Speed		CATEGORY:Special Ability	TYPE:RacialTraits.Triaxian Racial Trait.Triaxian Racial Default.SpecialQuality.Racial Speed		VISIBLE:DISPLAY	!PREFACT:1,ABILITIES,Triaxian_ReplaceSpeed=True			DEFINE:MOVEBASE|0	DESC:Triaxians have a base speed of 30 feet.																																																																														MOVE:Walk,30																												BONUS:VAR|MOVEBASE|30						SOURCEPAGE:p.xx
Low-Light Vision					KEY:Triaxian ~ Vision		CATEGORY:Special Ability	TYPE:RacialTraits.Triaxian Racial Trait.Triaxian Racial Default.SpecialQuality.Racial Vision		VISIBLE:DISPLAY	!PREFACT:1,ABILITIES,Triaxian_ReplaceVision=True					DESC:In dim light, Triaxians can see twice as far as humans.																																																																																																									BONUS:VAR|HasRacialVision|1	VISION:Low-Light Vision	SOURCEPAGE:p.xx
Keen Senses						KEY:Triaxian ~ Keen Senses	CATEGORY:Special Ability	TYPE:RacialTraits.Triaxian Racial Trait.Triaxian Racial Default.SpecialQuality							!PREFACT:1,ABILITIES,Triaxian_ReplaceKeenSenses=True					DESC:Triaxians' unique ear construction grants them a +2 bonus on Perception checks.																																																																																			BONUS:SKILL|Perception|2|TYPE=Racial																					SOURCEPAGE:p.xx	ASPECT:RacialSkillModifier|+2 Perception
Bonus Feat						KEY:Triaxian ~ Bonus Feat	CATEGORY:Special Ability	TYPE:RacialTraits.Triaxian Racial Trait.Triaxian Racial Default.SpecialQuality							!PREFACT:1,ABILITIES,Triaxian_ReplaceBonusFeat=True					DESC:Triaxians select one extra feat at 1st level.																																																																																				BONUS:ABILITYPOOL|FEAT|1																												SOURCEPAGE:p.xx
Seasoned						KEY:Triaxian ~ Seasoned		CATEGORY:Special Ability	TYPE:RacialTraits.Triaxian Racial Trait.Triaxian Racial Default.SpecialQuality.Special Quality					!PREFACT:1,ABILITIES,Triaxian_ReplaceSeasoned=True					DESC:Summerborn Triaxians can exist comfortably in conditions between 90 and 140 degrees Fahrenheit without having to attempt Fortitude saves. Winterborn Triaxians can exist comfortably in conditions between 40 and -20 degrees Fahrenheit without having to attempt Fortitude saves. When in conditions of severe cold or heat, Triaxians have to attempt Fortitude saves only once per hour instead of once every 10 minutes. Transitional Triaxians do not have this ability.																																															SOURCEPAGE:p.xx
Languages						KEY:Triaxian ~ Languages	CATEGORY:Special Ability	TYPE:RacialTraits.Triaxian Racial Trait.Triaxian Racial Default.SpecialQuality.Racial Language		VISIBLE:DISPLAY	!PREFACT:1,ABILITIES,Triaxian_ReplaceLanguages=True					DESC:Triaxians speak Triaxian (the common trade language of Triaxus). Triaxians with high Intelligence scores can choose any languages they want (except secret languages, such as Druidic).																																															TEMPLATE:Bonus Language ~ Any Spoken				AUTO:LANG|Triaxian																																	SOURCEPAGE:p.xx

###Block: Favored Enemies
# Ability Name		Unique Key						Category of Ability		Type														Define					Description																																																					Modify VAR								Source, Long Desc.		Source, Short Desc.	Source URI							Source Page		Source Pub. Date		Aspects
Humanoid (Triaxian)	KEY:Favored Enemy ~ Humanoid (Triaxian)	CATEGORY:Special Ability	TYPE:RangerClassFeatures.FavoredEnemy.SpecialAttack.Extraordinary.AttackOption	DEFINE:FavoredHumanoidTriaxian|0	DESC:You gain a +%1 bonus on Bluff, Knowledge, Perception, Sense Motive, and Survival checks when using these skills against Triaxians. Likewise, you get a +%1 bonus on weapon attack and damage rolls against such creatures. You may make Knowledge Skill checks untrained to identify such creatures.|FavoredHumanoidTriaxian	BONUS:VAR|FavoredHumanoidTriaxian|FavoredBaseBonus	SOURCELONG:Core Rulebook	SOURCESHORT:CR		SOURCEWEB:https://paizo.com/products/btpy88yj	SOURCEPAGE:p.64	SOURCEDATE:2009-08	ASPECT:Ability Benefit|+%1|FavoredHumanoidTriaxian	ASPECT:SkillBonus|You gain a +%1 bonus on Bluff, Knowledge, Perception, Sense Motive, and Survival checks against Triaxian.|FavoredHumanoidTriaxian	ASPECT:CombatBonus|You gain a +%1 bonus on Attack rolls and Damage rolls against Triaxian.|FavoredHumanoidTriaxian

###Block: Adopted Trait Race Selections
# Ability Name							Unique Key				Category of Ability		Type					Multiple?	Choose										Ability
Triaxian								KEY:Adopted Race ~ Triaxian	CATEGORY:Special Ability	TYPE:AdoptiveRace			MULT:YES	CHOOSE:ABILITYSELECTION|Special Ability|TYPE=Triaxian Race Trait	ABILITY:Traits|VIRTUAL|%LIST
CATEGORY=Special Ability|No Race Trait Available.MOD											TYPE:Triaxian Race Trait
