#  Fri Nov 16 19:52:40 2018 -- reformated by PCGen PrettyLST v6.08.00
# CVS $Revision$ $Author$ -- Tue Dec 15 01:48:08 2015 -- reformated by PCGen PrettyLST v6.06.00
SOURCELONG:Pathfinder Companion: Second Darkness Player's Guide	SOURCESHORT:SDPG	SOURCEWEB:http://paizo.com/store/downloads/pathfinder/pathfinderCompanion/v5748btpy84en	SOURCEDATE:2008-08

# Feat Name			Type			Required Feat		Required Skill			Required Stat	Description																								Source Page
# Ability Name				Type			Required Ability					Required Skill			Required Stat	Description																								Source Page
CATEGORY=FEAT|Additional Traits.MOD																																												SOURCEPAGE:p.12
CATEGORY=FEAT|Cypher Script		TYPE:General								PRESKILL:1,Decipher Script=4	PRESTAT:1,INT=12	DESC:Through researching endless ancient arcane script, you have discovered a more efficient method to record spells.						SOURCEPAGE:p.27
CATEGORY=FEAT|Cypher Magic		TYPE:General	PREABILITY:1,CATEGORY=FEAT,Scribe Scroll						PRESTAT:1,INT=14	DESC:Your intimacy with runes and the mysteries of ancient arcana has taught you secrets to draw greater power from a variety of arcane writings.	SOURCEPAGE:p.27

# MODs
CATEGORY=FEAT|Blind-Fight.MOD		TYPE:Liberator
CATEGORY=FEAT|Iron Will.MOD		TYPE:Liberator
CATEGORY=FEAT|Skill Focus.MOD		TYPE:Liberator

###Block: This is listed in Chapter 2 & 3
SOURCELONG:Second Darkness - Chapter 2: Children of the Void	SOURCESHORT:PF14	SOURCEWEB:http://paizo.com/store/byCompany/p/paizoPublishingLLC/pathfinder/adventurePath/secondDarkness/v5748btpy85ed	SOURCEDATE:2008-10
# Feat Name	Type			Required Non-Monster Lvl	Required Race		Innate Spells															Description										Source Page
# Ability Name	Category of Ability	Type			Multiple Requirements									Required Non-Monster Lvl	Innate Spells															Description										Source Page
Dark Adept		CATEGORY:FEAT		TYPE:General	PREMULT:2,[PRERACE:1,Elf],[PREABILITY:1,CATEGORY=Internal,Elf ~ Drow]	PREPCLEVEL:MIN=3			SPELLS:Innate|TIMES=1|CASTERLEVEL=(max(TL,1))|Detect Magic,10+CHA|Feather Fall,11+CHA|Levitate,12+CHA	DESC:You gain additional spell-like abilities from your heritage	SOURCEPAGE:p.46

#
# End
#
