

# ------------------------------
# Gillman - Also ARG
# ------------------------------

###Block: Racial Identifiers
# Name				Dataformat			Required	Selectable		Visible	Displayname			Explanation
FACTDEF:TEMPLATE|IsGillman	DATAFORMAT:BOOLEAN	REQUIRED:NO	SELECTABLE:NO	VISIBLE:YES	DISPLAYNAME:Gillman	EXPLANATION:Determines whether the character is a Gillman

###Block: Racial Traits
# Name								Dataformat			Required	Selectable		Visible	Displayname								Explanation
FACTDEF:ABILITY|Gillman_ReplaceAbilityScores		DATAFORMAT:BOOLEAN	REQUIRED:NO	SELECTABLE:NO	VISIBLE:YES	DISPLAYNAME:Replace Gillman Ability Scores		EXPLANATION:Replaces the Dual Talent Racial Trait
FACTDEF:ABILITY|Gillman_ReplaceType				DATAFORMAT:BOOLEAN	REQUIRED:NO	SELECTABLE:NO	VISIBLE:YES	DISPLAYNAME:Replace Gillman Type				EXPLANATION:Replaces the Type Racial Trait
FACTDEF:ABILITY|Gillman_ReplaceSize				DATAFORMAT:BOOLEAN	REQUIRED:NO	SELECTABLE:NO	VISIBLE:YES	DISPLAYNAME:Replace Gillman Size				EXPLANATION:Replaces the Size Racial Trait
FACTDEF:ABILITY|Gillman_ReplaceSpeed			DATAFORMAT:BOOLEAN	REQUIRED:NO	SELECTABLE:NO	VISIBLE:YES	DISPLAYNAME:Replace Gillman Speed				EXPLANATION:Replaces the Speed Racial Trait
FACTDEF:ABILITY|Gillman_ReplaceAmphibious			DATAFORMAT:BOOLEAN	REQUIRED:NO	SELECTABLE:NO	VISIBLE:YES	DISPLAYNAME:Replace Gillman Amphibious			EXPLANATION:Replaces the Amphibious Racial Trait
FACTDEF:ABILITY|Gillman_ReplaceEnchantmentResistance	DATAFORMAT:BOOLEAN	REQUIRED:NO	SELECTABLE:NO	VISIBLE:YES	DISPLAYNAME:Replace Gillman Enchantment Resistance	EXPLANATION:Replaces the Enchantment Resistance Racial Trait
FACTDEF:ABILITY|Gillman_ReplaceServitor			DATAFORMAT:BOOLEAN	REQUIRED:NO	SELECTABLE:NO	VISIBLE:YES	DISPLAYNAME:Replace Gillman Servitor			EXPLANATION:Replaces the Servitor Racial Trait
FACTDEF:ABILITY|Gillman_ReplaceWaterDependent		DATAFORMAT:BOOLEAN	REQUIRED:NO	SELECTABLE:NO	VISIBLE:YES	DISPLAYNAME:Replace Gillman Water Dependent		EXPLANATION:Replaces the Water Dependent Racial Trait
FACTDEF:ABILITY|Gillman_ReplaceLanguages			DATAFORMAT:BOOLEAN	REQUIRED:NO	SELECTABLE:NO	VISIBLE:YES	DISPLAYNAME:Replace Gillman Languages			EXPLANATION:Replaces the Languages Racial Trait


# ------------------------------
# Strix - Also ARG
# ------------------------------

###Block: Racial Identifiers
# Name				Dataformat			Required	Selectable		Visible	Displayname		Explanation
FACTDEF:TEMPLATE|IsStrix	DATAFORMAT:BOOLEAN	REQUIRED:NO	SELECTABLE:NO	VISIBLE:YES	DISPLAYNAME:Strix	EXPLANATION:Determines whether the character is a Strix

###Block: Racial Traits
# Name							Dataformat			Required	Selectable		Visible	Displayname						Explanation
FACTDEF:ABILITY|Strix_ReplaceAbilityScores	DATAFORMAT:BOOLEAN	REQUIRED:NO	SELECTABLE:NO	VISIBLE:YES	DISPLAYNAME:Replace Strix Ability Scores	EXPLANATION:Replaces the Dual Talent Racial Trait
FACTDEF:ABILITY|Strix_ReplaceType			DATAFORMAT:BOOLEAN	REQUIRED:NO	SELECTABLE:NO	VISIBLE:YES	DISPLAYNAME:Replace Strix Type		EXPLANATION:Replaces the Type Racial Trait
FACTDEF:ABILITY|Strix_ReplaceSize			DATAFORMAT:BOOLEAN	REQUIRED:NO	SELECTABLE:NO	VISIBLE:YES	DISPLAYNAME:Replace Strix Size		EXPLANATION:Replaces the Size Racial Trait
FACTDEF:ABILITY|Strix_ReplaceSpeed			DATAFORMAT:BOOLEAN	REQUIRED:NO	SELECTABLE:NO	VISIBLE:YES	DISPLAYNAME:Replace Strix Speed		EXPLANATION:Replaces the Speed Racial Trait
FACTDEF:ABILITY|Strix_ReplaceLowLightVision	DATAFORMAT:BOOLEAN	REQUIRED:NO	SELECTABLE:NO	VISIBLE:YES	DISPLAYNAME:Replace Strix Vision		EXPLANATION:Replaces the Vision Racial Trait
FACTDEF:ABILITY|Strix_ReplaceFlight			DATAFORMAT:BOOLEAN	REQUIRED:NO	SELECTABLE:NO	VISIBLE:YES	DISPLAYNAME:Replace Strix Flight		EXPLANATION:Replaces the Flight Racial Trait
FACTDEF:ABILITY|Strix_ReplaceDarkvision		DATAFORMAT:BOOLEAN	REQUIRED:NO	SELECTABLE:NO	VISIBLE:YES	DISPLAYNAME:Replace Strix Darkvision	EXPLANATION:Replaces the Darkvision Racial Trait
FACTDEF:ABILITY|Strix_ReplaceHatred			DATAFORMAT:BOOLEAN	REQUIRED:NO	SELECTABLE:NO	VISIBLE:YES	DISPLAYNAME:Replace Strix Hatred		EXPLANATION:Replaces the Hatred Racial Trait
FACTDEF:ABILITY|Strix_ReplaceNocturnal		DATAFORMAT:BOOLEAN	REQUIRED:NO	SELECTABLE:NO	VISIBLE:YES	DISPLAYNAME:Replace Strix Nocturnal		EXPLANATION:Replaces the Nocturnal Racial Trait
FACTDEF:ABILITY|Strix_ReplaceSuspicious		DATAFORMAT:BOOLEAN	REQUIRED:NO	SELECTABLE:NO	VISIBLE:YES	DISPLAYNAME:Replace Strix Suspicious	EXPLANATION:Replaces the Suspicious Racial Trait
FACTDEF:ABILITY|Strix_ReplaceLanguages		DATAFORMAT:BOOLEAN	REQUIRED:NO	SELECTABLE:NO	VISIBLE:YES	DISPLAYNAME:Replace Strix Languages		EXPLANATION:Replaces the Languages Racial Trait
