# CVS $Revision$ $Author$ -- Sun Mar 19 07:31:26 2006 -- reformated by prettylst.pl v1.35 (build 561)
SOURCELONG:RPGObjects - Darwin's World - Artifacts of the Ancients	SOURCESHORT:ArtifactsA	SOURCEWEB:http://www.darwinrpg.com
# Original entry by wizofice2001

# Weapon Name		Type			Nb Hands
Blaster			TYPE:Exotic
Cannon			TYPE:Martial	HANDS:2
Dazzle Rifle		TYPE:Exotic		HANDS:2
Electro-Saw Thrower	TYPE:Exotic		HANDS:2
EMP Rifle			TYPE:Exotic		HANDS:2
Fusion Rifle		TYPE:Exotic		HANDS:2
Gauss ATG			TYPE:Exotic		HANDS:2
Gauss Auto Rifle		TYPE:Exotic		HANDS:2
Gauss Cannon		TYPE:Exotic		HANDS:2
Gauss Pistol Mk 1		TYPE:Exotic
Gauss Pistol Mk 2		TYPE:Exotic
Gauss Rifle Mk 1		TYPE:Exotic		HANDS:2
Gauss Rifle Mk 2		TYPE:Exotic		HANDS:2
Gauss SMG			TYPE:Exotic
Hand Stunner		TYPE:Exotic
Hydrogen Laser Rifle	TYPE:Exotic		HANDS:2
Infra-Red Laser		TYPE:Exotic		HANDS:2
Laser Cannon		TYPE:Exotic		HANDS:2
Laser LAW			TYPE:Exotic		HANDS:2
Laser Pistol Mk 1		TYPE:Exotic
Laser Pistol Mk 2		TYPE:Exotic
Laser Rifle			TYPE:Exotic		HANDS:2
Machinegun			TYPE:Martial	HANDS:2
Maser Pistol		TYPE:Exotic
Maser Rifle			TYPE:Exotic		HANDS:2
Plasma Pistol		TYPE:Exotic
Plasma Rifle		TYPE:Exotic		HANDS:2
Pulse Laser Rifle		TYPE:Exotic		HANDS:2
Radiation Rifle		TYPE:Exotic		HANDS:2
Shock-Field Glove		TYPE:Martial
Shotgun, Automatic	TYPE:Martial	HANDS:2
Sonic Rifle			TYPE:Exotic		HANDS:2
Stun Gun			TYPE:Exotic
X-Laser			TYPE:Exotic		HANDS:2
