#  Sat May 18 14:56:38 2019 -- reformated by PCGen PrettyLST v6.08.00
#  Fri Nov 16 19:52:40 2018 -- reformated by PCGen PrettyLST v6.08.00
# CVS $Revision: $ $Author: $ -- Mon Nov 20 15:13:47 2017 -- reformated by PCGen PrettyLST v6.06.00
# SOURCELONG:Ultimate Wilderness	SOURCESHORT:UW	SOURCEWEB:http://paizo.com/products/btpy9ujo	SOURCEDATE:2017-11

###Block: Racial Traits
# Ability Category				Visible		Editable?		Change Pool?	Category of Object		Type of Object			Plural description for UI		Display Location
ABILITYCATEGORY:Ghoran Racial Trait		VISIBLE:QUALIFY	EDITABLE:YES	EDITPOOL:NO		CATEGORY:Special Ability	TYPE:Ghoran Racial Trait	PLURAL:Ghoran Racial Traits		DISPLAYLOCATION:Racial Abilities
ABILITYCATEGORY:Vine Leshy Racial Trait	VISIBLE:QUALIFY	EDITABLE:YES	EDITPOOL:NO		CATEGORY:Special Ability	TYPE:Vine Leshy Racial Trait	PLURAL:Vine Leshy Racial Traits	DISPLAYLOCATION:Racial Abilities

###Block: Class Abilities
# Ability Category				Visible		Editable?		Change Pool?	Fractional values?	Category of Object		Type of Object					Plural description for UI					Display Location
ABILITYCATEGORY:Shifter Class Feature	VISIBLE:QUALIFY	EDITABLE:NO		EDITPOOL:NO		FRACTIONALPOOL:NO		CATEGORY:Special Ability	TYPE:Shifter Class Feature			PLURAL:Shifter Class Features.ShifterClassFeatures	DISPLAYLOCATION:Class Features
ABILITYCATEGORY:Shifter Archetype		VISIBLE:QUALIFY	EDITABLE:YES	EDITPOOL:YES					CATEGORY:Archetype		TYPE:Shifter Archetype.ShifterArchetype	PLURAL:Shifter Archetypes					DISPLAYLOCATION:Archetype
ABILITYCATEGORY:Shifter Aspect Choice	VISIBLE:QUALIFY	EDITABLE:YES	EDITPOOL:YES	FRACTIONALPOOL:NO		CATEGORY:Special Ability	TYPE:Shifter Aspect				PLURAL:Shifter Aspect Choices					DISPLAYLOCATION:Class Features

###Block:Feat Support
# Ability Category					Visible		Editable?		Change Pool?	Fractional values?	Category of Object		Type of Object			Plural description for UI		Display Location
ABILITYCATEGORY:Enhanced Gnome Magic Choice	VISIBLE:QUALIFY	EDITABLE:YES	EDITPOOL:YES	FRACTIONALPOOL:NO		CATEGORY:Special Ability	TYPE:Enhanced Gnome Magic	PLURAL:Enhanced Gnome Magic Choices	DISPLAYLOCATION:Racial Abilities
ABILITYCATEGORY:Boon Companion Selection		VISIBLE:QUALIFY	EDITABLE:YES	EDITPOOL:YES	FRACTIONALPOOL:NO		CATEGORY:Internal			TYPE:BoonCompanionSelection							DISPLAYLOCATION:Feats

###Block:Companion Support
# Ability Category							Visible		Editable?		Change Pool?	Fractional values?	Category of Object		Type of Object					Plural description for UI	Display Location
ABILITYCATEGORY:Companion Archetype					VISIBLE:QUALIFY	EDITABLE:YES	EDITPOOL:NO		FRACTIONALPOOL:NO		CATEGORY:Archetype		TYPE:CompanionArchetype				PLURAL:Companion Archetypes	DISPLAYLOCATION:Archetype
ABILITYCATEGORY:Familiar Archetype					VISIBLE:QUALIFY	EDITABLE:YES	EDITPOOL:NO		FRACTIONALPOOL:NO		CATEGORY:Archetype		TYPE:FamiliarArchetype				PLURAL:Familiar Archetypes	DISPLAYLOCATION:Archetype
ABILITYCATEGORY:Draconic Companion Resistance Choice		VISIBLE:QUALIFY	EDITABLE:YES	EDITPOOL:NO		FRACTIONALPOOL:NO		CATEGORY:Special Ability	TYPE:DraconicCompanionResistance							DISPLAYLOCATION:Class Features
ABILITYCATEGORY:Draconic Companion Breath Weapon Shape	VISIBLE:QUALIFY	EDITABLE:YES	EDITPOOL:NO		FRACTIONALPOOL:NO		CATEGORY:Special Ability	TYPE:DraconicCompanionBreathWeaponShape						DISPLAYLOCATION:Class Features

###Block:Archetype Support
# Ability Category					Visible		Editable?		Change Pool?	Fractional values?	Category of Object		Type of Object						Plural description for UI		Display Location
ABILITYCATEGORY:Wildborn Rage Power Choice	VISIBLE:QUALIFY	EDITABLE:YES	EDITPOOL:YES	FRACTIONALPOOL:NO		CATEGORY:Special Ability	TYPE:RagePower.Rage Power.Wildborn Bonus Feat	PLURAL:Wildborn Rage Power Choices	DISPLAYLOCATION:Class Features
ABILITYCATEGORY:Feral Aspect Choice			VISIBLE:QUALIFY	EDITABLE:YES	EDITPOOL:YES	FRACTIONALPOOL:NO		CATEGORY:Special Ability	TYPE:Feral Aspect						PLURAL:Feral Aspect Choices		DISPLAYLOCATION:Class Features
ABILITYCATEGORY:Favored Turf				VISIBLE:QUALIFY	EDITABLE:YES	EDITPOOL:YES	FRACTIONALPOOL:NO		CATEGORY:Special Ability	TYPE:FavoredTurf						PLURAL:Favored Turf			DISPLAYLOCATION:Class Features
ABILITYCATEGORY:Favored Turf Bonus			VISIBLE:QUALIFY	EDITABLE:YES	EDITPOOL:YES	FRACTIONALPOOL:NO		CATEGORY:Special Ability	TYPE:FavoredTurfBonus					PLURAL:Favored Turf Bonuses		DISPLAYLOCATION:Class Features
ABILITYCATEGORY:Green Faith Marshal Domain	VISIBLE:QUALIFY	EDITABLE:YES	EDITPOOL:YES	FRACTIONALPOOL:NO		CATEGORY:Special Ability	TYPE:GreenFaithMarshalDomainSelection		PLURAL:Green Faith Marshal Domains	DISPLAYLOCATION:Class Features
ABILITYCATEGORY:Debilitating Aroma Choice		VISIBLE:QUALIFY	EDITABLE:YES	EDITPOOL:YES					CATEGORY:Special Ability	TYPE:BoldStare						PLURAL:Debilitating Aroma Choices	DISPLAYLOCATION:Class Features
ABILITYCATEGORY:Leafshifter Aspect Choice		VISIBLE:QUALIFY	EDITABLE:YES	EDITPOOL:YES	FRACTIONALPOOL:NO		CATEGORY:Special Ability	TYPE:Leafshifter Aspect					PLURAL:Leafshifter Aspect Choices	DISPLAYLOCATION:Class Features

###Block:Class Option Support Support
# Ability Category							Visible		Editable?		Change Pool?	Fractional values?	Category of Object		Type of Object								Plural description for UI				Display Location
ABILITYCATEGORY:Shaman Wood Wandering Hex				VISIBLE:QUALIFY	EDITABLE:YES	EDITPOOL:YES	FRACTIONALPOOL:NO		CATEGORY:Special Ability	TYPE:ShamanSpiritHex.ShamanWoodHex													DISPLAYLOCATION:Class Features
ABILITYCATEGORY:Kineticist Infusion or Wild Talent Wood	VISIBLE:QUALIFY	EDITABLE:YES	EDITPOOL:NO						CATEGORY:Special Ability	TYPE:Infusion Wild Talent Wood.Utility Wild Talent Wood									DISPLAYLOCATION:Class Features
ABILITYCATEGORY:Leshy Warden Domain Choice			VISIBLE:QUALIFY	EDITABLE:YES	EDITPOOL:YES	FRACTIONALPOOL:NO		CATEGORY:Special Ability	TYPE:DruidDomainSelection														DISPLAYLOCATION:Class Features
ABILITYCATEGORY:Leshy Tender Choice 1				VISIBLE:QUALIFY	EDITABLE:YES	EDITPOOL:YES	FRACTIONALPOOL:NO		CATEGORY:Internal			TYPE:LeshyTenderChoice1															DISPLAYLOCATION:Class Features
ABILITYCATEGORY:Leshy Tender Choice 2				VISIBLE:QUALIFY	EDITABLE:YES	EDITPOOL:YES	FRACTIONALPOOL:NO		CATEGORY:Internal			TYPE:LeshyTenderChoice2															DISPLAYLOCATION:Class Features
ABILITYCATEGORY:Leshy Tender Choice 3				VISIBLE:QUALIFY	EDITABLE:YES	EDITPOOL:YES	FRACTIONALPOOL:NO		CATEGORY:Internal			TYPE:LeshyTenderChoice3															DISPLAYLOCATION:Class Features
ABILITYCATEGORY:Skirmisher Conditioning Specialty		VISIBLE:QUALIFY	EDITABLE:YES	EDITPOOL:YES	FRACTIONALPOOL:NO		CATEGORY:Special Ability	TYPE:SkirmisherConditioningSpecialty																		DISPLAYLOCATION:Class Features
ABILITYCATEGORY:Viking Bonus Feat					VISIBLE:QUALIFY	EDITABLE:YES	EDITPOOL:YES	FRACTIONALPOOL:NO		CATEGORY:FEAT			TYPE:VikingBonusFeatChoice						PLURAL:Viking Bonus Feats				DISPLAYLOCATION:Feats
ABILITYCATEGORY:Commando Gun Training Choice			VISIBLE:QUALIFY	EDITABLE:YES	EDITPOOL:YES	FRACTIONALPOOL:NO		CATEGORY:Internal			TYPE:CommandoGunTrainingChoice					PLURAL:Commando Gun Training Choices		DISPLAYLOCATION:Class Features
ABILITYCATEGORY:Plant Master Plant Focus				VISIBLE:QUALIFY	EDITABLE:YES	EDITPOOL:YES	FRACTIONALPOOL:NO		CATEGORY:Special Ability	TYPE:PlantMasterPlantFocusAbility					PLURAL:Plant Master Plant Foci			DISPLAYLOCATION:Class Features
ABILITYCATEGORY:Elementalist Oracle Subtype			VISIBLE:QUALIFY	EDITABLE:YES	EDITPOOL:YES	FRACTIONALPOOL:NO		CATEGORY:Special Ability	TYPE:ElementalistOracleSubtype													DISPLAYLOCATION:Class Features
ABILITYCATEGORY:Elementalist Shifter Aspect Choice		VISIBLE:QUALIFY	EDITABLE:YES	EDITPOOL:YES	FRACTIONALPOOL:NO		CATEGORY:Special Ability	TYPE:ElementalistShifterAspect					PLURAL:Elementalist Shifter Aspect Choices	DISPLAYLOCATION:Class Features
ABILITYCATEGORY:Season Witch Type					VISIBLE:QUALIFY	EDITABLE:YES	EDITPOOL:YES	FRACTIONALPOOL:NO		CATEGORY:Special Ability	TYPE:SeasonWitchType															DISPLAYLOCATION:Class Features
ABILITYCATEGORY:Spring Witch Hex Choice				VISIBLE:QUALIFY	EDITABLE:YES	EDITPOOL:YES	FRACTIONALPOOL:NO		CATEGORY:Special Ability	TYPE:SpringWitchHex															DISPLAYLOCATION:Class Features
ABILITYCATEGORY:Summer Witch Hex Choice				VISIBLE:QUALIFY	EDITABLE:YES	EDITPOOL:YES	FRACTIONALPOOL:NO		CATEGORY:Special Ability	TYPE:SummerWitchHex															DISPLAYLOCATION:Class Features
ABILITYCATEGORY:Autumn Witch Hex Choice				VISIBLE:QUALIFY	EDITABLE:YES	EDITPOOL:YES	FRACTIONALPOOL:NO		CATEGORY:Special Ability	TYPE:AutumnWitchHex															DISPLAYLOCATION:Class Features
ABILITYCATEGORY:Winter Witch Hex Choice				VISIBLE:QUALIFY	EDITABLE:YES	EDITPOOL:YES	FRACTIONALPOOL:NO		CATEGORY:Special Ability	TYPE:WinterWitchHex															DISPLAYLOCATION:Class Features
