# CVS $Revision$ $Author$ -- Tue Dec 15 01:48:08 2015 -- reformated by PCGen PrettyLST v6.06.00
SOURCELONG:Fantasy Flight Games - Mythic Races	SOURCESHORT:MythicRace	SOURCEWEB:http://www.fantasyflightgames.com/ll.html	SOURCEDATE:2001-09

# No description for the Nature domain is given in the book. Removed Nature from Tangled Woman

# Deity Name	Product Identity?	Domains										Description of Deity/Title						Deity Weapon								Align		Source Page		Holy Item								Pantheon
Limpang-Lahai	NAMEISPI:YES	DOMAINS:Air,Good,Knowledge|PREALIGN:NG,CG,CN				DESC:Aaleear Goddess of art and music														ALIGN:CG	SOURCEPAGE:p.7										FACTSET:Pantheon|Aaleear
Tangled Woman	NAMEISPI:YES	DOMAINS:Animal,Plant|PREALIGN:LG,NG,TN,CG					DESC:Aaleear Goddess of nature															ALIGN:NG	SOURCEPAGE:p.7										FACTSET:Pantheon|Aaleear
Hollos the Archer	NAMEISPI:YES	DOMAINS:Destruction,Law,War|PREALIGN:LG,LN,NG				DESC:Aaleear God of war							DEITYWEAP:Feybow								ALIGN:LG	SOURCEPAGE:p.7										FACTSET:Pantheon|Aaleear
Salamos		NAMEISPI:YES	DOMAINS:Good,Healing,Plant,Protection|PREALIGN:LG,NG,TN,CG		DESC:The Oak Father																	ALIGN:NG	SOURCEPAGE:p.38										FACTSET:Pantheon|Coivald
Peridus		NAMEISPI:YES	DOMAINS:Death,Evil,Magic|PREALIGN:LN,LE,NE				DESC:Diabolical Lord of Death																ALIGN:LE	SOURCEPAGE:p.43										FACTSET:Pantheon|The Curst
Sealgairean		NAMEISPI:YES	DOMAINS:Animal,Knowledge,Plant,Strength|PREALIGN:TN,CG,CN,CE	DESC:The Hunter																		ALIGN:CN	SOURCEPAGE:p.75										FACTSET:Pantheon|Mhvinntir
Dy'Madra		NAMEISPI:YES	DOMAINS:Air,Good,Luck|PREALIGN:NG,CG,CN					DESC:Goddess Of Air, Clouds, Sotmrs, and Wind													ALIGN:CG	SOURCEPAGE:p.82	FACT:Symbol|Bolt of lightning surrounded by storm clouds	FACTSET:Pantheon|Niomus
The Sea		NAMEISPI:YES	DOMAINS:Knowledge,Law,Protection,Travel,Water|PREALIGN:LG,LN,LE	DESC:The Sea																		ALIGN:LN	SOURCEPAGE:p.88										FACTSET:Pantheon|Ooloi
Buer			NAMEISPI:YES	DOMAINS:Animal,Strength,Travel,War|PREALIGN:TN,CG,CN,CE		DESC:Lord of the wilderness, war, and physical prowess	DEITYWEAP:Shortspear							ALIGN:CN	SOURCEPAGE:p.104										FACTSET:Pantheon|Aaleear
Hmecsoba		NAMEISPI:YES	DOMAINS:Chaos,Evil,Trickery|PREALIGN:NE,CN,CE				DESC:The wicked trickster																ALIGN:CE	SOURCEPAGE:p.104										FACTSET:Pantheon|Aaleear
Allasyrain		NAMEISPI:YES	DOMAINS:Air,Good,Healing|PREALIGN:NG,CG,CN				DESC:god of winds																		ALIGN:CG	SOURCEPAGE:p.136										FACTSET:Pantheon|Siarran
Trevk and Ellayk	NAMEISPI:YES	DOMAINS:Air,Evil,Law,War,Water|PREALIGN:LG,LN,LE			DESC:Lord and Lady of rain and springs				DEITYWEAP:Scimitar|Lance|Shortbow|Shortbow (Composite)	ALIGN:LN	SOURCEPAGE:p.142										FACTSET:Pantheon|Sktak
Ehromen		NAMEISPI:YES	DOMAINS:Destruction,Evil,Trickery|PREALIGN:LE,NE,CE			DESC:the demon																		ALIGN:NE	SOURCEPAGE:p.142										FACTSET:Pantheon|Sktak
Y'llan		NAMEISPI:YES	DOMAINS:ANY|PREALIGN:LG,LN,LE,NG,TN,NE,CG,CN,CE				DESC:The mother with a thousand faces																SOURCEPAGE:p.159										FACTSET:Pantheon|Uthuk

#Animen Higher Self		?	SOURCEPAGE:p.19 (Animen)
#Ba en Aset				?	SOURCEPAGE:p.25 (Artathi)
#Ulmagnus				?	SOURCEPAGE:p.32 (Blickish)
#Chevelle				?	SOURCEPAGE:p.32 (Blickish)
#Ehlana				?	SOURCEPAGE:p.38 (Coivald)
#Oberon				?	SOURCEPAGE:p.55 (Fairy)
#Titania				?	SOURCEPAGE:p.55 (Fairy)
#Phynnod				?	SOURCEPAGE:p.55 (Fairy)
#Seelie 2-4				?	SOURCEPAGE:p.55 (Fairy)
#Dark Titania			?	SOURCEPAGE:p.55 (Fairy)
#Unseelie 2-4			?	SOURCEPAGE:p.55 (Fairy)
#Nether Gods			?	SOURCEPAGE:p.55 (Fairy)
#Hegretta				?	SOURCEPAGE:p.111,117 (Rhonians and Rhoode)
#Orlem				?	SOURCEPAGE:p.99 (Quissians)
