# CVS $Revision: $ $Author: $ -- Thu Mar 23 12:42:24 2006 -- reformated by prettylst.pl v1.35 (build 561)
SOURCELONG:Revised (v.3.5) System Reference Document	SOURCESHORT:RSRD	SOURCEWEB:http://www.wizards.com/default.asp?x=d20/article/srd35

#Divine Blessing can't enforce the prerequisite
#Extra Energy can't enforce the prerequisite

# Feat Name				Type					Visible	Required AL		Req. Att.	Required Class							PREDOMAIN			Required Feat																		Multiple Requirements																	Required Skill						Required Stat		Var. Min. Value							Stackable?	Multiple?	Choose																		BONUS:DC								Add domain number		Bonus to skill				Weapon prof. bonus				Source Page
Alter Form				TYPE:SalientDivineAbility	VISIBLE:YES																			PREFEAT:1,Alter Size																																																	PREVARGTEQ:DivineRank,1																																																							SOURCEPAGE:DivineAbilitiesandFeats.rtf
Alter Reality			TYPE:SalientDivineAbility	VISIBLE:YES																																																																			PRESTAT:1,CHA=29		PREVARGTEQ:DivineRank,1																																																							SOURCEPAGE:DivineAbilitiesandFeats.rtf
Alter Size				TYPE:SalientDivineAbility	VISIBLE:YES																																																																							PREVARGTEQ:DivineRank,1																																																							SOURCEPAGE:DivineAbilitiesandFeats.rtf
Annihilating Strike		TYPE:SalientDivineAbility	VISIBLE:YES				PREATT:20																																																														PRESTAT:1,STR=25		PREVARGTEQ:DivineRank,1	PREVARGTEQ:DivineRank,11																																																		SOURCEPAGE:DivineAbilitiesandFeats.rtf
Arcane Mastery			TYPE:SalientDivineAbility	VISIBLE:YES						PRECLASS:1,SPELLCASTER.Arcane=1								PREFEAT:1,Spell Mastery																																													PRESTAT:1,INT=29		PREVARGTEQ:DivineRank,1																																																							SOURCEPAGE:DivineAbilitiesandFeats.rtf
Area Divine Shield		TYPE:SalientDivineAbility	VISIBLE:YES																			PREFEAT:1,Divine Shield																																													PRESTAT:1,CHA=29		PREVARGTEQ:DivineRank,1	PREVARGTEQ:DivineRank,6																																																			SOURCEPAGE:DivineAbilitiesandFeats.rtf
Automatic Metamagic		TYPE:SalientDivineAbility	VISIBLE:YES						PRECLASS:1,SPELLCASTER.Arcane,SPELLCASTER.Divine=1																																																									PREVARGTEQ:DivineRank,1																																																							SOURCEPAGE:DivineAbilitiesandFeats.rtf
Avatar				TYPE:SalientDivineAbility	VISIBLE:YES																																																																			PRESTAT:1,CHA=29		PREVARGTEQ:DivineRank,1	PREVARGTEQ:DivineRank,6																																																			SOURCEPAGE:DivineAbilitiesandFeats.rtf
Banestrike				TYPE:SalientDivineAbility	VISIBLE:YES				PREATT:20																																																																		PREVARGTEQ:DivineRank,1																																																							SOURCEPAGE:DivineAbilitiesandFeats.rtf
Battlesense				TYPE:SalientDivineAbility	VISIBLE:YES																																																																							PREVARGTEQ:DivineRank,1																																																							SOURCEPAGE:DivineAbilitiesandFeats.rtf
Call Creatures			TYPE:SalientDivineAbility	VISIBLE:YES																																																																							PREVARGTEQ:DivineRank,1																																																							SOURCEPAGE:DivineAbilitiesandFeats.rtf
Clearsight				TYPE:SalientDivineAbility	VISIBLE:YES																																																																			PRESTAT:1,WIS=29		PREVARGTEQ:DivineRank,1	PREVARGTEQ:DivineRank,6																																																			SOURCEPAGE:DivineAbilitiesandFeats.rtf
Command Plants			TYPE:SalientDivineAbility	VISIBLE:YES																																																																							PREVARGTEQ:DivineRank,1																																																							SOURCEPAGE:DivineAbilitiesandFeats.rtf
Control Creatures			TYPE:SalientDivineAbility	VISIBLE:YES																																																																							PREVARGTEQ:DivineRank,1																																																							SOURCEPAGE:DivineAbilitiesandFeats.rtf
Craft Artifact			TYPE:SalientDivineAbility	VISIBLE:YES																			PREFEAT:7,Craft Magic Arms and Armor,Craft Rod,Craft Staff,Craft Wand,Craft Wondrous Item,Forge Ring,Scribe Scroll																																	PREVARGTEQ:DivineRank,1																																																							SOURCEPAGE:DivineAbilitiesandFeats.rtf
Create Object			TYPE:SalientDivineAbility	VISIBLE:YES																																																																			PRESTAT:1,INT=29		PREVARGTEQ:DivineRank,1	PREVARGTEQ:DivineRank,6																																																			SOURCEPAGE:DivineAbilitiesandFeats.rtf
Create Greater Object		TYPE:SalientDivineAbility	VISIBLE:YES																			PREFEAT:1,Create Object																																													PRESTAT:1,INT=29		PREVARGTEQ:DivineRank,1	PREVARGTEQ:DivineRank,11																																																		SOURCEPAGE:DivineAbilitiesandFeats.rtf
Divine Air Mastery		TYPE:SalientDivineAbility	VISIBLE:YES															PREDOMAIN:1,Air																																																						PREVARGTEQ:DivineRank,1																																																							SOURCEPAGE:DivineAbilitiesandFeats.rtf
Divine Archery			TYPE:SalientDivineAbility	VISIBLE:YES				PREATT:20														PREFEAT:2,Point Blank Shot,Far Shot																																											PRESTAT:1,DEX=29		PREVARGTEQ:DivineRank,1																																																							SOURCEPAGE:DivineAbilitiesandFeats.rtf
Divine Armor Mastery		TYPE:SalientDivineAbility	VISIBLE:YES																																							PREMULT:1,[PREARMORPROF:2,TYPE.Medium,TYPE.Light],[PREFEAT:2,Armor Proficiency (Medium),Armor Proficiency (Light)]													PREVARGTEQ:DivineRank,1																																																							SOURCEPAGE:DivineAbilitiesandFeats.rtf
Divine Bard				TYPE:SalientDivineAbility	VISIBLE:YES						PRECLASS:1,Bard=20																																																														PREVARGTEQ:DivineRank,1																																																							SOURCEPAGE:DivineAbilitiesandFeats.rtf
Divine Battle Mastery		TYPE:SalientDivineAbility	VISIBLE:YES						PRECLASS:1,Fighter=20						PREDOMAIN:1,War		PREFEAT:6,Combat Reflexes,Dodge,Combat Expertise,Mobility,Spring Attack,Whirlwind Attack																																		PRESTAT:2,INT=13,DEX=13	PREVARGTEQ:DivineRank,1																																																							SOURCEPAGE:DivineAbilitiesandFeats.rtf
Divine Blast			TYPE:SalientDivineAbility	VISIBLE:YES																																																																			PRESTAT:1,CHA=29		PREVARGTEQ:DivineRank,1																																																							SOURCEPAGE:DivineAbilitiesandFeats.rtf
Divine Blessing			TYPE:SalientDivineAbility	VISIBLE:YES																																																																							PREVARGTEQ:DivineRank,1						STACK:NO	MULT:YES	CHOOSE:STAT																																												SOURCEPAGE:DivineAbilitiesandFeats.rtf
Divine Celerity			TYPE:SalientDivineAbility	VISIBLE:YES																																																																			PRESTAT:1,DEX=29		PREVARGTEQ:DivineRank,1																																																							SOURCEPAGE:DivineAbilitiesandFeats.rtf
Divine Creation			TYPE:SalientDivineAbility	VISIBLE:YES																			PREFEAT:2,Create Object,Create Greater Object																																									PRESTAT:1,INT=29		PREVARGTEQ:DivineRank,1	PREVARGTEQ:DivineRank,16																																																		SOURCEPAGE:DivineAbilitiesandFeats.rtf
Divine Dodge			TYPE:SalientDivineAbility	VISIBLE:YES																																																																			PRESTAT:1,DEX=29		PREVARGTEQ:DivineRank,1																																																							SOURCEPAGE:DivineAbilitiesandFeats.rtf
Divine Druid			TYPE:SalientDivineAbility	VISIBLE:YES						PRECLASS:1,Druid=20																																																														PREVARGTEQ:DivineRank,1																																																							SOURCEPAGE:DivineAbilitiesandFeats.rtf
Divine Earth Mastery		TYPE:SalientDivineAbility	VISIBLE:YES															PREDOMAIN:1,Earth																																																						PREVARGTEQ:DivineRank,1																																																							SOURCEPAGE:DivineAbilitiesandFeats.rtf
Divine Fast Healing		TYPE:SalientDivineAbility	VISIBLE:YES																																							PREMULT:1,[PRESTAT:1,CON=29],[PREVARGTEQ:FastHealing,1],[PRESA:1,Fast Healing]																			PREVARGTEQ:DivineRank,1																																																							SOURCEPAGE:DivineAbilitiesandFeats.rtf
Divine Fire Mastery		TYPE:SalientDivineAbility	VISIBLE:YES															PREDOMAIN:1,Fire																																																						PREVARGTEQ:DivineRank,1																																																							SOURCEPAGE:DivineAbilitiesandFeats.rtf
Divine Glibness			TYPE:SalientDivineAbility	VISIBLE:YES															PREDOMAIN:1,Trickery																																									PRESKILL:1,Bluff=40					PRESTAT:1,CHA=29		PREVARGTEQ:DivineRank,1																																																							SOURCEPAGE:DivineAbilitiesandFeats.rtf
Divine Inspiration		TYPE:SalientDivineAbility	VISIBLE:YES																																																																							PREVARGTEQ:DivineRank,1																																																							SOURCEPAGE:DivineAbilitiesandFeats.rtf
Divine Monk				TYPE:SalientDivineAbility	VISIBLE:YES						PRECLASS:1,Monk=20																																																														PREVARGTEQ:DivineRank,1																																																							SOURCEPAGE:DivineAbilitiesandFeats.rtf
Divine Paladin			TYPE:SalientDivineAbility	VISIBLE:YES						PRECLASS:1,Paladin=20																																																														PREVARGTEQ:DivineRank,1																																																							SOURCEPAGE:DivineAbilitiesandFeats.rtf
Divine Radiance			TYPE:SalientDivineAbility	VISIBLE:YES	PREALIGN:LG,NG,CG												PREDOMAIN:1,Sun																																																						PREVARGTEQ:DivineRank,1																																																							SOURCEPAGE:DivineAbilitiesandFeats.rtf
Divine Rage				TYPE:SalientDivineAbility	VISIBLE:YES						PRECLASS:1,Barbarian=20																																																														PREVARGTEQ:DivineRank,1																																																							SOURCEPAGE:DivineAbilitiesandFeats.rtf
Divine Ranger			TYPE:SalientDivineAbility	VISIBLE:YES						PRECLASS:1,Ranger=20																																																		PRESKILL:2,Survival=40,Knowledge (Nature)=30	PRESTAT:1,WIS=25		PREVARGTEQ:DivineRank,1																																																							SOURCEPAGE:DivineAbilitiesandFeats.rtf
Divine Recall			TYPE:SalientDivineAbility	VISIBLE:YES																																																																							PREVARGTEQ:DivineRank,1																																																							SOURCEPAGE:DivineAbilitiesandFeats.rtf
Divine Rogue			TYPE:SalientDivineAbility	VISIBLE:YES						PRECLASS:1,Rogue=20										PREFEAT:3,Dodge,Improved Evasion,Defensive Roll																																													PREVARGTEQ:DivineRank,1																																																							SOURCEPAGE:DivineAbilitiesandFeats.rtf
Divine Shield			TYPE:SalientDivineAbility	VISIBLE:YES																																																																			PRESTAT:1,CHA=29		PREVARGTEQ:DivineRank,1																																																							SOURCEPAGE:DivineAbilitiesandFeats.rtf
Divine Skill Focus		TYPE:SalientDivineAbility	VISIBLE:YES																																																																							PREVARGTEQ:DivineRank,1								MULT:YES	CHOOSE:SKILLSNAMED|TYPE.Strength|TYPE.Dexterity|TYPE.Constitution|TYPE.Intelligence|TYPE.Wisdom|TYPE.Charisma|1														BONUS:SKILL|LIST|10+DivineRank								SOURCEPAGE:DivineAbilitiesandFeats.rtf
Divine Sneak Attack		TYPE:SalientDivineAbility	VISIBLE:YES																			PREFEAT:1,Crippling Strike																																																PREVARGTEQ:DivineRank,1	PREVARGTEQ:SneakAttack,10																																																		SOURCEPAGE:DivineAbilitiesandFeats.rtf
Divine Spell Focus		TYPE:SalientDivineAbility	VISIBLE:YES																			PREFEAT:2,Spell Focus,Greater Spell Focus																																														PREVARGTEQ:DivineRank,1						STACK:NO	MULT:YES	CHOOSE:SCHOOLS|1																	BONUS:DC|SCHOOL.%LIST|DivineRank/2|TYPE=SpellFocus																		SOURCEPAGE:DivineAbilitiesandFeats.rtf
Divine Spellcasting		TYPE:SalientDivineAbility	VISIBLE:YES						PRECLASS:1,SPELLCASTER.Arcane,SPELLCASTER.Divine=20																																																									PREVARGTEQ:DivineRank,1																																																							SOURCEPAGE:DivineAbilitiesandFeats.rtf
Divine Splendor			TYPE:SalientDivineAbility	VISIBLE:YES																																																																			PRESTAT:1,CHA=26		PREVARGTEQ:DivineRank,1	PREVARGTEQ:DivineRank,16																																																		SOURCEPAGE:DivineAbilitiesandFeats.rtf
Divine Storm			TYPE:SalientDivineAbility	VISIBLE:YES																																																																							PREVARGTEQ:DivineRank,1	PREVARGTEQ:DivineRank,11																																																		SOURCEPAGE:DivineAbilitiesandFeats.rtf
Divine Water Mastery		TYPE:SalientDivineAbility	VISIBLE:YES															PREDOMAIN:1,Water																																																						PREVARGTEQ:DivineRank,1																																																							SOURCEPAGE:DivineAbilitiesandFeats.rtf
Divine Weapon Focus		TYPE:SalientDivineAbility	VISIBLE:YES																																																																							PREVARGTEQ:DivineRank,1								MULT:YES	CHOOSE:WEAPONPROFS|Spellcaster.Ray|ADD.Grapple|LIST																														BONUS:WEAPONPROF=%LIST|TOHIT|4		SOURCEPAGE:DivineAbilitiesandFeats.rtf
Divine Weapon Mastery		TYPE:SalientDivineAbility	VISIBLE:YES						PRECLASS:1,Fighter=20						PREDOMAIN:1,War																																																						PREVARGTEQ:DivineRank,1																																																							SOURCEPAGE:DivineAbilitiesandFeats.rtf
Divine Weapon Specialization	TYPE:SalientDivineAbility	VISIBLE:YES				PREATT:20														PREFEAT:1,Divine Weapon Focus																																																PREVARGTEQ:DivineRank,1								MULT:YES	CHOOSE:FEAT=Divine Weapon Focus|1																																	BONUS:WEAPONPROF=%LIST|DAMAGE|DivineRank	SOURCEPAGE:DivineAbilitiesandFeats.rtf
Energy Burst			TYPE:SalientDivineAbility	VISIBLE:YES																																																																							PREVARGTEQ:DivineRank,1						STACK:NO	MULT:YES	CHOOSE:Acid|Cold|Electricity|Fire|Sonic																																							SOURCEPAGE:DivineAbilitiesandFeats.rtf
Energy Storm			TYPE:SalientDivineAbility	VISIBLE:YES																																																																							PREVARGTEQ:DivineRank,1	PREVARGTEQ:DivineRank,11	STACK:NO	MULT:YES	CHOOSE:Acid|Cold|Electricity|Fire|Sonic|Positve Energy|Negative Energy																																		SOURCEPAGE:DivineAbilitiesandFeats.rtf
Extra Domain			TYPE:SalientDivineAbility	VISIBLE:YES																																																																							PREVARGTEQ:DivineRank,1	PREVARGTEQ:DivineRank,6																																		BONUS:DOMAIN|NUMBER|1														SOURCEPAGE:DivineAbilitiesandFeats.rtf
Extra Energy Immunity		TYPE:SalientDivineAbility	VISIBLE:YES																																																																							PREVARGTEQ:DivineRank,1	PREVARGTEQ:DivineRank,6		STACK:NO	MULT:YES	CHOOSE:Acid|Cold|Electricity|Fire|Sonic																																							SOURCEPAGE:DivineAbilitiesandFeats.rtf
Extra Sense Enhancement		TYPE:SalientDivineAbility	VISIBLE:YES																																																																			PRESTAT:1,WIS=29		PREVARGTEQ:DivineRank,1																																																							SOURCEPAGE:DivineAbilitiesandFeats.rtf
Footsore				TYPE:SalientDivineAbility	VISIBLE:YES															PREDOMAIN:1,Travel																																																					PREVARGTEQ:DivineRank,1																																																							SOURCEPAGE:DivineAbilitiesandFeats.rtf
Free Move				TYPE:SalientDivineAbility	VISIBLE:YES																			PREFEAT:1,Divine Celerity																																												PRESTAT:1,DEX=29		PREVARGTEQ:DivineRank,1																																																							SOURCEPAGE:DivineAbilitiesandFeats.rtf
Frightful Presence		TYPE:SalientDivineAbility	VISIBLE:YES																																																																			PRESTAT:1,CHA=24		PREVARGTEQ:DivineRank,1																																																							SOURCEPAGE:DivineAbilitiesandFeats.rtf
Gift of Life			TYPE:SalientDivineAbility	VISIBLE:YES																																																																							PREVARGTEQ:DivineRank,1																																																							SOURCEPAGE:DivineAbilitiesandFeats.rtf
Grow Creature			TYPE:SalientDivineAbility	VISIBLE:YES																																																																							PREVARGTEQ:DivineRank,1																																																							SOURCEPAGE:DivineAbilitiesandFeats.rtf
Hand of Death			TYPE:SalientDivineAbility	VISIBLE:YES																																																																							PREVARGTEQ:DivineRank,1																																																							SOURCEPAGE:DivineAbilitiesandFeats.rtf
Increased Damage Reduction	TYPE:SalientDivineAbility	VISIBLE:YES																																																																			PRESTAT:1,CON=29		PREVARGTEQ:DivineRank,1																																																							SOURCEPAGE:DivineAbilitiesandFeats.rtf
Increased Energy Resistance	TYPE:SalientDivineAbility	VISIBLE:YES																																																																							PREVARGTEQ:DivineRank,1																																																							SOURCEPAGE:DivineAbilitiesandFeats.rtf
Increased Spell Resitance	TYPE:SalientDivineAbility	VISIBLE:YES																																																																							PREVARGTEQ:DivineRank,1																																																							SOURCEPAGE:DivineAbilitiesandFeats.rtf
Indomitable Strength		TYPE:SalientDivineAbility	VISIBLE:YES															PREDOMAIN:1,Strength																																																	PRESTAT:1,STR=40		PREVARGTEQ:DivineRank,1																																																							SOURCEPAGE:DivineAbilitiesandFeats.rtf
Instant Counterspell		TYPE:SalientDivineAbility	VISIBLE:YES																																																																							PREVARGTEQ:DivineRank,1																																																							SOURCEPAGE:DivineAbilitiesandFeats.rtf
Instant Move			TYPE:SalientDivineAbility	VISIBLE:YES																																																																			PRESTAT:1,DEX=29		PREVARGTEQ:DivineRank,1	PREVARGTEQ:DivineRank,6																																																			SOURCEPAGE:DivineAbilitiesandFeats.rtf
Irresistible Blows		TYPE:SalientDivineAbility	VISIBLE:YES																			PREFEAT:2,Weapon Focus,Improved Critical																																														PREVARGTEQ:DivineRank,1																																																							SOURCEPAGE:DivineAbilitiesandFeats.rtf
Irresistible Performance	TYPE:SalientDivineAbility	VISIBLE:YES																																																											PRESKILL:1,TYPE.Perform=40								PREVARGTEQ:DivineRank,1																																																							SOURCEPAGE:DivineAbilitiesandFeats.rtf
Know Death				TYPE:SalientDivineAbility	VISIBLE:YES																																																																							PREVARGTEQ:DivineRank,1																																																							SOURCEPAGE:DivineAbilitiesandFeats.rtf
Know Secrets			TYPE:SalientDivineAbility	VISIBLE:YES																																																																							PREVARGTEQ:DivineRank,1																																																							SOURCEPAGE:DivineAbilitiesandFeats.rtf
Lay Curse				TYPE:SalientDivineAbility	VISIBLE:YES																																																																							PREVARGTEQ:DivineRank,1																																																							SOURCEPAGE:DivineAbilitiesandFeats.rtf
Lay Quest				TYPE:SalientDivineAbility	VISIBLE:YES																																																																							PREVARGTEQ:DivineRank,1																																																							SOURCEPAGE:DivineAbilitiesandFeats.rtf
Life and Death			TYPE:SalientDivineAbility	VISIBLE:YES																			PREFEAT:1,Gift of Life,Hand of Death																																														PREVARGTEQ:DivineRank,1	PREVARGTEQ:DivineRank,6																																																			SOURCEPAGE:DivineAbilitiesandFeats.rtf
Life Drain				TYPE:SalientDivineAbility	VISIBLE:YES															PREDOMAIN:1,Death																																																						PREVARGTEQ:DivineRank,1																																																							SOURCEPAGE:DivineAbilitiesandFeats.rtf
Mass Divine Blast			TYPE:SalientDivineAbility	VISIBLE:YES																			PREFEAT:1,Divine Blast																																													PRESTAT:1,CHA=29		PREVARGTEQ:DivineRank,1	PREVARGTEQ:DivineRank,6																																																			SOURCEPAGE:DivineAbilitiesandFeats.rtf
Mass Life and Death		TYPE:SalientDivineAbility	VISIBLE:YES																			PREFEAT:1,Gift of Life,Hand of Death	PREFEAT:1,Life and Death																																									PREVARGTEQ:DivineRank,1	PREVARGTEQ:DivineRank,16																																																		SOURCEPAGE:DivineAbilitiesandFeats.rtf
Master Crafter			TYPE:SalientDivineAbility	VISIBLE:YES																																																											PRESKILL:2,TYPE.Craft=23								PREVARGTEQ:DivineRank,1																																																							SOURCEPAGE:DivineAbilitiesandFeats.rtf
Mind of the Beast			TYPE:SalientDivineAbility	VISIBLE:YES																																																																							PREVARGTEQ:DivineRank,1																																																							SOURCEPAGE:DivineAbilitiesandFeats.rtf
Possess Mortal			TYPE:SalientDivineAbility	VISIBLE:YES																																																																			PRESTAT:1,CHA=29		PREVARGTEQ:DivineRank,1																																																							SOURCEPAGE:DivineAbilitiesandFeats.rtf
Power of Luck			TYPE:SalientDivineAbility	VISIBLE:YES															PREDOMAIN:1,Luck																																																						PREVARGTEQ:DivineRank,1																																																							SOURCEPAGE:DivineAbilitiesandFeats.rtf
Power of Nature			TYPE:SalientDivineAbility	VISIBLE:YES																																																																							PREVARGTEQ:DivineRank,1																																																							SOURCEPAGE:DivineAbilitiesandFeats.rtf
Power of Truth			TYPE:SalientDivineAbility	VISIBLE:YES																																																																							PREVARGTEQ:DivineRank,1																																																							SOURCEPAGE:DivineAbilitiesandFeats.rtf
Rejuvenation			TYPE:SalientDivineAbility	VISIBLE:YES																			PREFEAT:1,Divine Fast Healing																																																PREVARGTEQ:DivineRank,1	PREVARGTEQ:DivineRank,11																																																		SOURCEPAGE:DivineAbilitiesandFeats.rtf
See Magic				TYPE:SalientDivineAbility	VISIBLE:YES															PREDOMAIN:1,Magic																																																						PREVARGTEQ:DivineRank,1																																																							SOURCEPAGE:DivineAbilitiesandFeats.rtf
Shapechange				TYPE:SalientDivineAbility	VISIBLE:YES																			PREFEAT:1,Alter Size																																																	PREVARGTEQ:DivineRank,1	PREVARGTEQ:DivineRank,11																																																		SOURCEPAGE:DivineAbilitiesandFeats.rtf
Shift Form				TYPE:SalientDivineAbility	VISIBLE:YES																			PREFEAT:2,Alter Size,Alter Form																																															PREVARGTEQ:DivineRank,1	PREVARGTEQ:DivineRank,6																																																			SOURCEPAGE:DivineAbilitiesandFeats.rtf
Speak with Creatures		TYPE:SalientDivineAbility	VISIBLE:YES																																																																							PREVARGTEQ:DivineRank,1																																																							SOURCEPAGE:DivineAbilitiesandFeats.rtf
Spontaneous Wizard Spells	TYPE:SalientDivineAbility	VISIBLE:YES						PRECLASS:1,Wizard=1										PREFEAT:2,Spell Mastery,Arcane Mastery																																										PRESTAT:1,INT=29		PREVARGTEQ:DivineRank,1	PREVARGTEQ:DivineRank,6																																																			SOURCEPAGE:DivineAbilitiesandFeats.rtf
Stride				TYPE:SalientDivineAbility	VISIBLE:YES															PREDOMAIN:1,Travel																																																					PREVARGTEQ:DivineRank,1																																																							SOURCEPAGE:DivineAbilitiesandFeats.rtf
Sunder and Disjoin		TYPE:SalientDivineAbility	VISIBLE:YES																																																																							PREVARGTEQ:DivineRank,1																																																							SOURCEPAGE:DivineAbilitiesandFeats.rtf
Supreme Initiative		TYPE:SalientDivineAbility	VISIBLE:YES																			PREFEAT:1,Improved Initiative																																												PRESTAT:1,DEX=29		PREVARGTEQ:DivineRank,1																																																							SOURCEPAGE:DivineAbilitiesandFeats.rtf
True Knowledge			TYPE:SalientDivineAbility	VISIBLE:YES						PRECLASS:1,Bard,Loremaster=10					PREDOMAIN:1,Knowledge																																																	PRESTAT:1,INT=40		PREVARGTEQ:DivineRank,1	PREVARGTEQ:DivineRank,11																																																		SOURCEPAGE:DivineAbilitiesandFeats.rtf
True Shapechange			TYPE:SalientDivineAbility	VISIBLE:YES																			PREFEAT:3,Alter Size,Alter Form,Shapechange																																													PREVARGTEQ:DivineRank,1	PREVARGTEQ:DivineRank,16																																																		SOURCEPAGE:DivineAbilitiesandFeats.rtf
Undead Mastery			TYPE:SalientDivineAbility	VISIBLE:YES						PRECLASS:1,Cleric=17																																																														PREVARGTEQ:DivineRank,1	PREVARGTEQ:DivineRank,14																																																		SOURCEPAGE:DivineAbilitiesandFeats.rtf
Undead Qualities			TYPE:SalientDivineAbility	VISIBLE:YES																																																																							PREVARGTEQ:DivineRank,1																																																							SOURCEPAGE:DivineAbilitiesandFeats.rtf
Wave of Chaos			TYPE:SalientDivineAbility	VISIBLE:YES	PREALIGN:CG,CN,CE																																																																				PREVARGTEQ:DivineRank,1																																																							SOURCEPAGE:DivineAbilitiesandFeats.rtf
Wound Enemy				TYPE:SalientDivineAbility	VISIBLE:YES				PREATT:20																																																																		PREVARGTEQ:DivineRank,1																																																							SOURCEPAGE:DivineAbilitiesandFeats.rtf

#
# End
#
