# CVS $Revision$ $Author$ -- Thu Mar 20 15:22:45 2008 -- reformated by prettylst.pl v1.38 (build 5225)
SOURCELONG:Gods	SOURCESHORT:Gods	SOURCEWEB:http://alderac.com/d20	SOURCEDATE:2002-05

###Block: Barbarian Totem Animal Templates
# Template Name	Hit Dice Size			Visible	Special ABility		Virtual Feat
Totem (Badger)						VISIBLE:NO	SAB:Rage (Ex)		VFEAT:Rage
Totem (Bat)							VISIBLE:NO	SAB:Blindsight (Ex)
Totem (Bear)						VISIBLE:NO	SAB:Tough (Ex)
Totem (Boar)						VISIBLE:NO	SAB:Ferocity (Ex)
Totem (Camel)						VISIBLE:NO	SAB:Hardiness (Ex)
Totem (Cat)							VISIBLE:NO	SAB:Cat's Paw (Ex)
Totem (Cheetah)						VISIBLE:NO	SAB:Sprint (Ex)
Totem (Crocodile)						VISIBLE:NO	SAB:Crocodile Hide (Ex)
Totem (Dog)							VISIBLE:NO	SAB:Bloodhound (Ex)	VFEAT:Track
Totem (Eagle)						VISIBLE:NO	SAB:Eagle Sight (Ex)
Totem (Hawk)						VISIBLE:NO	SAB:Hawk Eyes (Ex)
Totem (Horse)						VISIBLE:NO	SAB:Union (Ex)
Totem (Lion)						VISIBLE:NO	SAB:Pounce (Ex)
Totem (Lizard)						VISIBLE:NO	SAB:Lizard Climb (Ex)
Totem (Monkey)						VISIBLE:NO	SAB:Monkey Paws (Ex)
Totem (Owl)							VISIBLE:NO	SAB:Owl Sight (Ex)
Totem (Rat)							VISIBLE:NO	SAB:Rat's Paws (Ex)
Totem (Raven)						VISIBLE:NO	SAB:Clairvoyance (Ex)
Totem (Stag)	HITDIE:10|CLASS=Medicine Man	VISIBLE:NO	SAB:Endurance (Ex)
Totem (Snake)						VISIBLE:NO	SAB:Venomous Bite (Ex)
Totem (Tiger)						VISIBLE:NO	SAB:Ambush (Ex)
Totem (Weasle)						VISIBLE:NO	SAB:Wild Weasel (Ex)
Totem (Wolf)						VISIBLE:NO	SAB:Wolf Scent (Ex)
Totem (Wolverine)						VISIBLE:NO	SAB:Wolverine Totem	VFEAT:Rage
