# Mon Mar 30 11:44:41 2020 -- reformatted by PCGen TidyLst v1.04.00

###Block: Default
# Ability Name			Define
CATEGORY=Internal|Default.MOD	DEFINE:PoolLevel01AbilityBoost|0
CATEGORY=Internal|Default.MOD	DEFINE:PoolLevel05AbilityBoost|0
CATEGORY=Internal|Default.MOD	DEFINE:PoolLevel10AbilityBoost|0
CATEGORY=Internal|Default.MOD	DEFINE:PoolLevel15AbilityBoost|0
CATEGORY=Internal|Default.MOD	DEFINE:PoolLevel20AbilityBoost|0

CATEGORY=Internal|Default.MOD	DEFINE:AncestryBonusLang_Common|0
CATEGORY=Internal|Default.MOD	DEFINE:AncestryBonusLang_Draconic|0
CATEGORY=Internal|Default.MOD	DEFINE:AncestryBonusLang_Dwarven|0
CATEGORY=Internal|Default.MOD	DEFINE:AncestryBonusLang_Elven|0
CATEGORY=Internal|Default.MOD	DEFINE:AncestryBonusLang_Gnomish|0
CATEGORY=Internal|Default.MOD	DEFINE:AncestryBonusLang_Goblin|0
CATEGORY=Internal|Default.MOD	DEFINE:AncestryBonusLang_Halfling|0
CATEGORY=Internal|Default.MOD	DEFINE:AncestryBonusLang_Jotun|0
CATEGORY=Internal|Default.MOD	DEFINE:AncestryBonusLang_Orcish|0
CATEGORY=Internal|Default.MOD	DEFINE:AncestryBonusLang_Sylvan|0
CATEGORY=Internal|Default.MOD	DEFINE:AncestryBonusLang_Undercommon|0
CATEGORY=Internal|Default.MOD	DEFINE:AncestryBonusLang_Abyssal|0
CATEGORY=Internal|Default.MOD	DEFINE:AncestryBonusLang_Aklo|0
CATEGORY=Internal|Default.MOD	DEFINE:AncestryBonusLang_Aquan|0
CATEGORY=Internal|Default.MOD	DEFINE:AncestryBonusLang_Auran|0
CATEGORY=Internal|Default.MOD	DEFINE:AncestryBonusLang_Celestial|0
CATEGORY=Internal|Default.MOD	DEFINE:AncestryBonusLang_Gnoll|0
CATEGORY=Internal|Default.MOD	DEFINE:AncestryBonusLang_Ignan|0
CATEGORY=Internal|Default.MOD	DEFINE:AncestryBonusLang_Infernal|0
CATEGORY=Internal|Default.MOD	DEFINE:AncestryBonusLang_Necril|0
CATEGORY=Internal|Default.MOD	DEFINE:AncestryBonusLang_Shadowtongue|0
CATEGORY=Internal|Default.MOD	DEFINE:AncestryBonusLang_Terran|0
CATEGORY=Internal|Default.MOD	DEFINE:AncestryBonusLang_Hallit|0
CATEGORY=Internal|Default.MOD	DEFINE:AncestryBonusLang_Kelish|0
CATEGORY=Internal|Default.MOD	DEFINE:AncestryBonusLang_Mwangi|0
CATEGORY=Internal|Default.MOD	DEFINE:AncestryBonusLang_Osiriani|0
CATEGORY=Internal|Default.MOD	DEFINE:AncestryBonusLang_Shoanti|0
CATEGORY=Internal|Default.MOD	DEFINE:AncestryBonusLang_Skald|0
CATEGORY=Internal|Default.MOD	DEFINE:AncestryBonusLang_Tien|0
CATEGORY=Internal|Default.MOD	DEFINE:AncestryBonusLang_Varisian|0
CATEGORY=Internal|Default.MOD	DEFINE:AncestryBonusLang_Vudrani|0

CATEGORY=Internal|Default.MOD	DEFINE:SignatureSkill_Acrobatics|0
CATEGORY=Internal|Default.MOD	DEFINE:SignatureSkill_Arcana|0
CATEGORY=Internal|Default.MOD	DEFINE:SignatureSkill_Athletics|0
CATEGORY=Internal|Default.MOD	DEFINE:SignatureSkill_Crafting|0
CATEGORY=Internal|Default.MOD	DEFINE:SignatureSkill_Deception|0
CATEGORY=Internal|Default.MOD	DEFINE:SignatureSkill_Diplomacy|0
CATEGORY=Internal|Default.MOD	DEFINE:SignatureSkill_Intimidation|0
CATEGORY=Internal|Default.MOD	DEFINE:SignatureSkill_Lore|0
CATEGORY=Internal|Default.MOD	DEFINE:SignatureSkill_Medicine|0
CATEGORY=Internal|Default.MOD	DEFINE:SignatureSkill_Nature|0
CATEGORY=Internal|Default.MOD	DEFINE:SignatureSkill_Occultism|0
CATEGORY=Internal|Default.MOD	DEFINE:SignatureSkill_Performance|0
CATEGORY=Internal|Default.MOD	DEFINE:SignatureSkill_Religion|0
CATEGORY=Internal|Default.MOD	DEFINE:SignatureSkill_Society|0
CATEGORY=Internal|Default.MOD	DEFINE:SignatureSkill_Stealth|0
CATEGORY=Internal|Default.MOD	DEFINE:SignatureSkill_Survival|0
CATEGORY=Internal|Default.MOD	DEFINE:SignatureSkill_Thievery|0

CATEGORY=Internal|Default.MOD	DEFINE:ToHit_GroupBrawling|0
CATEGORY=Internal|Default.MOD	DEFINE:ToHit_GroupClub|0
CATEGORY=Internal|Default.MOD	DEFINE:ToHit_GroupKnife|0
CATEGORY=Internal|Default.MOD	DEFINE:ToHit_GroupSpear|0
CATEGORY=Internal|Default.MOD	DEFINE:ToHit_GroupSword|0
CATEGORY=Internal|Default.MOD	DEFINE:ToHit_GroupAxe|0
CATEGORY=Internal|Default.MOD	DEFINE:ToHit_GroupFlail|0
CATEGORY=Internal|Default.MOD	DEFINE:ToHit_GroupPolearm|0
CATEGORY=Internal|Default.MOD	DEFINE:ToHit_GroupPick|0
CATEGORY=Internal|Default.MOD	DEFINE:ToHit_GroupShield|0
CATEGORY=Internal|Default.MOD	DEFINE:ToHit_GroupHammer|0
CATEGORY=Internal|Default.MOD	DEFINE:ToHit_GroupDart|0
CATEGORY=Internal|Default.MOD	DEFINE:ToHit_GroupBow|0
CATEGORY=Internal|Default.MOD	DEFINE:ToHit_GroupSling|0
CATEGORY=Internal|Default.MOD	DEFINE:ToHit_UnarmedStrike|0
CATEGORY=Internal|Default.MOD	DEFINE:ToHit_Club|0
CATEGORY=Internal|Default.MOD	DEFINE:ToHit_LightMace|0
CATEGORY=Internal|Default.MOD	DEFINE:ToHit_Mace|0
CATEGORY=Internal|Default.MOD	DEFINE:ToHit_Morningstar|0
CATEGORY=Internal|Default.MOD	DEFINE:ToHit_Staff|0
CATEGORY=Internal|Default.MOD	DEFINE:ToHit_BoStaff|0
CATEGORY=Internal|Default.MOD	DEFINE:ToHit_Greatclub|0
CATEGORY=Internal|Default.MOD	DEFINE:ToHit_Sap|0
CATEGORY=Internal|Default.MOD	DEFINE:ToHit_Nunchaku|0
CATEGORY=Internal|Default.MOD	DEFINE:ToHit_Dagger|0
CATEGORY=Internal|Default.MOD	DEFINE:ToHit_Sickle|0
CATEGORY=Internal|Default.MOD	DEFINE:ToHit_Mainguache|0
CATEGORY=Internal|Default.MOD	DEFINE:ToHit_Starknife|0
CATEGORY=Internal|Default.MOD	DEFINE:ToHit_Clandagger|0
CATEGORY=Internal|Default.MOD	DEFINE:ToHit_Katar|0
CATEGORY=Internal|Default.MOD	DEFINE:ToHit_Kama|0
CATEGORY=Internal|Default.MOD	DEFINE:ToHit_Kukri|0
CATEGORY=Internal|Default.MOD	DEFINE:ToHit_Orcknuckledagger|0
CATEGORY=Internal|Default.MOD	DEFINE:ToHit_Sai|0
CATEGORY=Internal|Default.MOD	DEFINE:ToHit_Orcnecksplitter|0
CATEGORY=Internal|Default.MOD	DEFINE:ToHit_Longspear|0
CATEGORY=Internal|Default.MOD	DEFINE:ToHit_Spear|0
CATEGORY=Internal|Default.MOD	DEFINE:ToHit_Lance|0
CATEGORY=Internal|Default.MOD	DEFINE:ToHit_Trident|0
CATEGORY=Internal|Default.MOD	DEFINE:ToHit_Filchersfork|0
CATEGORY=Internal|Default.MOD	DEFINE:ToHit_Bastardsword|0
CATEGORY=Internal|Default.MOD	DEFINE:ToHit_Falchion|0
CATEGORY=Internal|Default.MOD	DEFINE:ToHit_Greatsword|0
CATEGORY=Internal|Default.MOD	DEFINE:ToHit_Longsword|0
CATEGORY=Internal|Default.MOD	DEFINE:ToHit_Rapier|0
CATEGORY=Internal|Default.MOD	DEFINE:ToHit_Scimitar|0
CATEGORY=Internal|Default.MOD	DEFINE:ToHit_Shortsword|0
CATEGORY=Internal|Default.MOD	DEFINE:ToHit_Dogslicer|0
CATEGORY=Internal|Default.MOD	DEFINE:ToHit_Elvencurveblade|0
CATEGORY=Internal|Default.MOD	DEFINE:ToHit_Katana|0
CATEGORY=Internal|Default.MOD	DEFINE:ToHit_Templesword|0
CATEGORY=Internal|Default.MOD	DEFINE:ToHit_Sawtoothsabre|0
CATEGORY=Internal|Default.MOD	DEFINE:ToHit_Battleaxe|0
CATEGORY=Internal|Default.MOD	DEFINE:ToHit_Greataxe|0
CATEGORY=Internal|Default.MOD	DEFINE:ToHit_Hatchet|0
CATEGORY=Internal|Default.MOD	DEFINE:ToHit_Dwarvenwaraxe|0
CATEGORY=Internal|Default.MOD	DEFINE:ToHit_Flail|0
CATEGORY=Internal|Default.MOD	DEFINE:ToHit_Warflail|0
CATEGORY=Internal|Default.MOD	DEFINE:ToHit_Whip|0
CATEGORY=Internal|Default.MOD	DEFINE:ToHit_Spikedchain|0
CATEGORY=Internal|Default.MOD	DEFINE:ToHit_Gnomeflickmace|0
CATEGORY=Internal|Default.MOD	DEFINE:ToHit_Glaive|0
CATEGORY=Internal|Default.MOD	DEFINE:ToHit_Guisarme|0
CATEGORY=Internal|Default.MOD	DEFINE:ToHit_Halberd|0
CATEGORY=Internal|Default.MOD	DEFINE:ToHit_Ranseur|0
CATEGORY=Internal|Default.MOD	DEFINE:ToHit_Scythe|0
CATEGORY=Internal|Default.MOD	DEFINE:ToHit_Horsechopper|0
CATEGORY=Internal|Default.MOD	DEFINE:ToHit_Greatpick|0
CATEGORY=Internal|Default.MOD	DEFINE:ToHit_Lighthammer|0
CATEGORY=Internal|Default.MOD	DEFINE:ToHit_Lightpick|0
CATEGORY=Internal|Default.MOD	DEFINE:ToHit_Pick|0
CATEGORY=Internal|Default.MOD	DEFINE:ToHit_HeavyShield|0
CATEGORY=Internal|Default.MOD	DEFINE:ToHit_LightShield|0
CATEGORY=Internal|Default.MOD	DEFINE:ToHit_Maul|0
CATEGORY=Internal|Default.MOD	DEFINE:ToHit_Warhammer|0
CATEGORY=Internal|Default.MOD	DEFINE:ToHit_Gnomehookedhammer|0
CATEGORY=Internal|Default.MOD	DEFINE:ToHit_Blowgun|0
CATEGORY=Internal|Default.MOD	DEFINE:ToHit_Dart|0
CATEGORY=Internal|Default.MOD	DEFINE:ToHit_Javelin|0
CATEGORY=Internal|Default.MOD	DEFINE:ToHit_Shuriken|0
CATEGORY=Internal|Default.MOD	DEFINE:ToHit_Crossbow|0
CATEGORY=Internal|Default.MOD	DEFINE:ToHit_Handcrossbow|0
CATEGORY=Internal|Default.MOD	DEFINE:ToHit_Heavycrossbow|0
CATEGORY=Internal|Default.MOD	DEFINE:ToHit_Compositelongbow|0
CATEGORY=Internal|Default.MOD	DEFINE:ToHit_Compositeshortbow|0
CATEGORY=Internal|Default.MOD	DEFINE:ToHit_Longbow|0
CATEGORY=Internal|Default.MOD	DEFINE:ToHit_Shortbow|0
CATEGORY=Internal|Default.MOD	DEFINE:ToHit_Sling|0
CATEGORY=Internal|Default.MOD	DEFINE:ToHit_Halflingslingstaff|0


CATEGORY=Internal|Default.MOD	DEFINE:GainDeityLoreSkill|0

CATEGORY=Internal|Default.MOD	DEFINE:AncestryFeatCount|0
CATEGORY=Internal|Default.MOD	DEFINE:PerceptionProf|0
CATEGORY=Internal|Default.MOD	DEFINE:Modifier_Perception|0
CATEGORY=Internal|Default.MOD	DEFINE:PerceptionTotal|0
CATEGORY=Internal|Default.MOD	DEFINE:PerceptionAbility|0
CATEGORY=Internal|Default.MOD	DEFINE:PerceptionItem|0

CATEGORY=Internal|Default.MOD	DEFINE:CurrentBulk|0
CATEGORY=Internal|Default.MOD	DEFINE:Bulk|0
CATEGORY=Internal|Default.MOD	DEFINE:BulkLight|0
CATEGORY=Internal|Default.MOD	DEFINE:ReflexSave_Cap|0

CATEGORY=Internal|Default.MOD	DEFINE:Caster_Level_Highest__Occult|0
CATEGORY=Internal|Default.MOD	DEFINE:Caster_level_Occult_Total|0

CATEGORY=Internal|Default.MOD	DEFINE:AbiltyScoreBoostsTaken|0

CATEGORY=Internal|Default.MOD	DEFINE:STR_Value|0
CATEGORY=Internal|Default.MOD	DEFINE:DEX_Value|0
CATEGORY=Internal|Default.MOD	DEFINE:CON_Value|0
CATEGORY=Internal|Default.MOD	DEFINE:INT_Value|0
CATEGORY=Internal|Default.MOD	DEFINE:WIS_Value|0
CATEGORY=Internal|Default.MOD	DEFINE:CHA_Value|0

###Block:
# Ability Name			Category of Ability	Auto Weapon Prof
Weapon Proficiency Tracker	CATEGORY:Internal		AUTO:WEAPONPROF|Unarmed



###Block: Weapon Proficiency Tracker
# Ability Name							Define
CATEGORY=Internal|Weapon Proficiency Tracker.MOD	DEFINE:ProfRank_Weapon_Club|0
CATEGORY=Internal|Weapon Proficiency Tracker.MOD	DEFINE:ProfRank_Weapon_Dagger|0
CATEGORY=Internal|Weapon Proficiency Tracker.MOD	DEFINE:ProfRank_Weapon_Fist|0
CATEGORY=Internal|Weapon Proficiency Tracker.MOD	DEFINE:ProfRank_Weapon_Gauntlet|0
CATEGORY=Internal|Weapon Proficiency Tracker.MOD	DEFINE:ProfRank_Weapon_LightMace|0
CATEGORY=Internal|Weapon Proficiency Tracker.MOD	DEFINE:ProfRank_Weapon_Longspear|0
CATEGORY=Internal|Weapon Proficiency Tracker.MOD	DEFINE:ProfRank_Weapon_Mace|0
CATEGORY=Internal|Weapon Proficiency Tracker.MOD	DEFINE:ProfRank_Weapon_Morningstar|0
CATEGORY=Internal|Weapon Proficiency Tracker.MOD	DEFINE:ProfRank_Weapon_Sickle|0
CATEGORY=Internal|Weapon Proficiency Tracker.MOD	DEFINE:ProfRank_Weapon_Spear|0
CATEGORY=Internal|Weapon Proficiency Tracker.MOD	DEFINE:ProfRank_Weapon_Spikedgauntlet|0
CATEGORY=Internal|Weapon Proficiency Tracker.MOD	DEFINE:ProfRank_Weapon_Staff|0
CATEGORY=Internal|Weapon Proficiency Tracker.MOD	DEFINE:ProfRank_Weapon_Bastardsword|0
CATEGORY=Internal|Weapon Proficiency Tracker.MOD	DEFINE:ProfRank_Weapon_Battleaxe|0
CATEGORY=Internal|Weapon Proficiency Tracker.MOD	DEFINE:ProfRank_Weapon_Bostaff|0
CATEGORY=Internal|Weapon Proficiency Tracker.MOD	DEFINE:ProfRank_Weapon_Falchion|0
CATEGORY=Internal|Weapon Proficiency Tracker.MOD	DEFINE:ProfRank_Weapon_Flail|0
CATEGORY=Internal|Weapon Proficiency Tracker.MOD	DEFINE:ProfRank_Weapon_Glaive|0
CATEGORY=Internal|Weapon Proficiency Tracker.MOD	DEFINE:ProfRank_Weapon_Greataxe|0
CATEGORY=Internal|Weapon Proficiency Tracker.MOD	DEFINE:ProfRank_Weapon_Greatclub|0
CATEGORY=Internal|Weapon Proficiency Tracker.MOD	DEFINE:ProfRank_Weapon_Greatpick|0
CATEGORY=Internal|Weapon Proficiency Tracker.MOD	DEFINE:ProfRank_Weapon_Greatsword|0
CATEGORY=Internal|Weapon Proficiency Tracker.MOD	DEFINE:ProfRank_Weapon_Guisarme|0
CATEGORY=Internal|Weapon Proficiency Tracker.MOD	DEFINE:ProfRank_Weapon_Halberd|0
CATEGORY=Internal|Weapon Proficiency Tracker.MOD	DEFINE:ProfRank_Weapon_Hatchet|0
CATEGORY=Internal|Weapon Proficiency Tracker.MOD	DEFINE:ProfRank_Weapon_HeavyShieldBash|0
CATEGORY=Internal|Weapon Proficiency Tracker.MOD	DEFINE:ProfRank_Weapon_Heavyshieldboss|0
CATEGORY=Internal|Weapon Proficiency Tracker.MOD	DEFINE:ProfRank_Weapon_Heavyshieldspikes|0
CATEGORY=Internal|Weapon Proficiency Tracker.MOD	DEFINE:ProfRank_Weapon_Lance|0
CATEGORY=Internal|Weapon Proficiency Tracker.MOD	DEFINE:ProfRank_Weapon_Lighthammer|0
CATEGORY=Internal|Weapon Proficiency Tracker.MOD	DEFINE:ProfRank_Weapon_Lightpick|0
CATEGORY=Internal|Weapon Proficiency Tracker.MOD	DEFINE:ProfRank_Weapon_Lightshieldbash|0
CATEGORY=Internal|Weapon Proficiency Tracker.MOD	DEFINE:ProfRank_Weapon_Lightshieldboss|0
CATEGORY=Internal|Weapon Proficiency Tracker.MOD	DEFINE:ProfRank_Weapon_Lightshieldspikes|0
CATEGORY=Internal|Weapon Proficiency Tracker.MOD	DEFINE:ProfRank_Weapon_Longsword|0
CATEGORY=Internal|Weapon Proficiency Tracker.MOD	DEFINE:ProfRank_Weapon_Mainguache|0
CATEGORY=Internal|Weapon Proficiency Tracker.MOD	DEFINE:ProfRank_Weapon_Maul|0
CATEGORY=Internal|Weapon Proficiency Tracker.MOD	DEFINE:ProfRank_Weapon_Pick|0
CATEGORY=Internal|Weapon Proficiency Tracker.MOD	DEFINE:ProfRank_Weapon_Ranseur|0
CATEGORY=Internal|Weapon Proficiency Tracker.MOD	DEFINE:ProfRank_Weapon_Rapier|0
CATEGORY=Internal|Weapon Proficiency Tracker.MOD	DEFINE:ProfRank_Weapon_Sap|0
CATEGORY=Internal|Weapon Proficiency Tracker.MOD	DEFINE:ProfRank_Weapon_Scimitar|0
CATEGORY=Internal|Weapon Proficiency Tracker.MOD	DEFINE:ProfRank_Weapon_Scythe|0
CATEGORY=Internal|Weapon Proficiency Tracker.MOD	DEFINE:ProfRank_Weapon_Shortsword|0
CATEGORY=Internal|Weapon Proficiency Tracker.MOD	DEFINE:ProfRank_Weapon_Starknife|0
CATEGORY=Internal|Weapon Proficiency Tracker.MOD	DEFINE:ProfRank_Weapon_Trident|0
CATEGORY=Internal|Weapon Proficiency Tracker.MOD	DEFINE:ProfRank_Weapon_Warflail|0
CATEGORY=Internal|Weapon Proficiency Tracker.MOD	DEFINE:ProfRank_Weapon_Warhammer|0
CATEGORY=Internal|Weapon Proficiency Tracker.MOD	DEFINE:ProfRank_Weapon_Whip|0
CATEGORY=Internal|Weapon Proficiency Tracker.MOD	DEFINE:ProfRank_Weapon_Blowgun|0
CATEGORY=Internal|Weapon Proficiency Tracker.MOD	DEFINE:ProfRank_Weapon_Crossbow|0
CATEGORY=Internal|Weapon Proficiency Tracker.MOD	DEFINE:ProfRank_Weapon_Dart|0
CATEGORY=Internal|Weapon Proficiency Tracker.MOD	DEFINE:ProfRank_Weapon_Handcrossbow|0
CATEGORY=Internal|Weapon Proficiency Tracker.MOD	DEFINE:ProfRank_Weapon_Heavycrossbow|0
CATEGORY=Internal|Weapon Proficiency Tracker.MOD	DEFINE:ProfRank_Weapon_Javelin|0
CATEGORY=Internal|Weapon Proficiency Tracker.MOD	DEFINE:ProfRank_Weapon_Sling|0
CATEGORY=Internal|Weapon Proficiency Tracker.MOD	DEFINE:ProfRank_Weapon_Compositelongbow|0
CATEGORY=Internal|Weapon Proficiency Tracker.MOD	DEFINE:ProfRank_Weapon_Compositeshortbow|0
CATEGORY=Internal|Weapon Proficiency Tracker.MOD	DEFINE:ProfRank_Weapon_Longbow|0
CATEGORY=Internal|Weapon Proficiency Tracker.MOD	DEFINE:ProfRank_Weapon_Shortbow|0
CATEGORY=Internal|Weapon Proficiency Tracker.MOD	DEFINE:ProfRank_Weapon_Clandagger|0
CATEGORY=Internal|Weapon Proficiency Tracker.MOD	DEFINE:ProfRank_Weapon_Katar|0
CATEGORY=Internal|Weapon Proficiency Tracker.MOD	DEFINE:ProfRank_Weapon_Dogslicer|0
CATEGORY=Internal|Weapon Proficiency Tracker.MOD	DEFINE:ProfRank_Weapon_Elvencurveblade|0
CATEGORY=Internal|Weapon Proficiency Tracker.MOD	DEFINE:ProfRank_Weapon_Filchersfork|0
CATEGORY=Internal|Weapon Proficiency Tracker.MOD	DEFINE:ProfRank_Weapon_Gnomehookedhammer|0
CATEGORY=Internal|Weapon Proficiency Tracker.MOD	DEFINE:ProfRank_Weapon_Horsechopper|0
CATEGORY=Internal|Weapon Proficiency Tracker.MOD	DEFINE:ProfRank_Weapon_Kama|0
CATEGORY=Internal|Weapon Proficiency Tracker.MOD	DEFINE:ProfRank_Weapon_Katana|0
CATEGORY=Internal|Weapon Proficiency Tracker.MOD	DEFINE:ProfRank_Weapon_Kukri|0
CATEGORY=Internal|Weapon Proficiency Tracker.MOD	DEFINE:ProfRank_Weapon_Nunchaku|0
CATEGORY=Internal|Weapon Proficiency Tracker.MOD	DEFINE:ProfRank_Weapon_Orcknuckledagger|0
CATEGORY=Internal|Weapon Proficiency Tracker.MOD	DEFINE:ProfRank_Weapon_Sai|0
CATEGORY=Internal|Weapon Proficiency Tracker.MOD	DEFINE:ProfRank_Weapon_Spikedchain|0
CATEGORY=Internal|Weapon Proficiency Tracker.MOD	DEFINE:ProfRank_Weapon_Templesword|0
CATEGORY=Internal|Weapon Proficiency Tracker.MOD	DEFINE:ProfRank_Weapon_Dwarvenwaraxe|0
CATEGORY=Internal|Weapon Proficiency Tracker.MOD	DEFINE:ProfRank_Weapon_Gnomeflickmace|0
CATEGORY=Internal|Weapon Proficiency Tracker.MOD	DEFINE:ProfRank_Weapon_Orcnecksplitter|0
CATEGORY=Internal|Weapon Proficiency Tracker.MOD	DEFINE:ProfRank_Weapon_Sawtoothsabre|0
CATEGORY=Internal|Weapon Proficiency Tracker.MOD	DEFINE:ProfRank_Weapon_Halflingslingstaff|0
CATEGORY=Internal|Weapon Proficiency Tracker.MOD	DEFINE:ProfRank_Weapon_Shuriken|0

CATEGORY=Internal|Weapon Proficiency Tracker.MOD	DEFINE:Damage_Club|0
CATEGORY=Internal|Weapon Proficiency Tracker.MOD	DEFINE:Damage_Dagger|0
CATEGORY=Internal|Weapon Proficiency Tracker.MOD	DEFINE:Damage_Fist|0
CATEGORY=Internal|Weapon Proficiency Tracker.MOD	DEFINE:Damage_Gauntlet|0
CATEGORY=Internal|Weapon Proficiency Tracker.MOD	DEFINE:Damage_LightMace|0
CATEGORY=Internal|Weapon Proficiency Tracker.MOD	DEFINE:Damage_Longspear|0
CATEGORY=Internal|Weapon Proficiency Tracker.MOD	DEFINE:Damage_Mace|0
CATEGORY=Internal|Weapon Proficiency Tracker.MOD	DEFINE:Damage_Morningstar|0
CATEGORY=Internal|Weapon Proficiency Tracker.MOD	DEFINE:Damage_Sickle|0
CATEGORY=Internal|Weapon Proficiency Tracker.MOD	DEFINE:Damage_Spear|0
CATEGORY=Internal|Weapon Proficiency Tracker.MOD	DEFINE:Damage_Spikedgauntlet|0
CATEGORY=Internal|Weapon Proficiency Tracker.MOD	DEFINE:Damage_Staff|0
CATEGORY=Internal|Weapon Proficiency Tracker.MOD	DEFINE:Damage_Bastardsword|0
CATEGORY=Internal|Weapon Proficiency Tracker.MOD	DEFINE:Damage_Battleaxe|0
CATEGORY=Internal|Weapon Proficiency Tracker.MOD	DEFINE:Damage_Bostaff|0
CATEGORY=Internal|Weapon Proficiency Tracker.MOD	DEFINE:Damage_Falchion|0
CATEGORY=Internal|Weapon Proficiency Tracker.MOD	DEFINE:Damage_Flail|0
CATEGORY=Internal|Weapon Proficiency Tracker.MOD	DEFINE:Damage_Glaive|0
CATEGORY=Internal|Weapon Proficiency Tracker.MOD	DEFINE:Damage_Greataxe|0
CATEGORY=Internal|Weapon Proficiency Tracker.MOD	DEFINE:Damage_Greatclub|0
CATEGORY=Internal|Weapon Proficiency Tracker.MOD	DEFINE:Damage_Greatpick|0
CATEGORY=Internal|Weapon Proficiency Tracker.MOD	DEFINE:Damage_Greatsword|0
CATEGORY=Internal|Weapon Proficiency Tracker.MOD	DEFINE:Damage_Guisarme|0
CATEGORY=Internal|Weapon Proficiency Tracker.MOD	DEFINE:Damage_Halberd|0
CATEGORY=Internal|Weapon Proficiency Tracker.MOD	DEFINE:Damage_Hatchet|0
CATEGORY=Internal|Weapon Proficiency Tracker.MOD	DEFINE:Damage_HeavyShieldBash|0
CATEGORY=Internal|Weapon Proficiency Tracker.MOD	DEFINE:Damage_Heavyshieldboss|0
CATEGORY=Internal|Weapon Proficiency Tracker.MOD	DEFINE:Damage_Heavyshieldspikes|0
CATEGORY=Internal|Weapon Proficiency Tracker.MOD	DEFINE:Damage_Lance|0
CATEGORY=Internal|Weapon Proficiency Tracker.MOD	DEFINE:Damage_Lighthammer|0
CATEGORY=Internal|Weapon Proficiency Tracker.MOD	DEFINE:Damage_Lightpick|0
CATEGORY=Internal|Weapon Proficiency Tracker.MOD	DEFINE:Damage_Lightshieldbash|0
CATEGORY=Internal|Weapon Proficiency Tracker.MOD	DEFINE:Damage_Lightshieldboss|0
CATEGORY=Internal|Weapon Proficiency Tracker.MOD	DEFINE:Damage_Lightshieldspikes|0
CATEGORY=Internal|Weapon Proficiency Tracker.MOD	DEFINE:Damage_Longsword|0
CATEGORY=Internal|Weapon Proficiency Tracker.MOD	DEFINE:Damage_Mainguache|0
CATEGORY=Internal|Weapon Proficiency Tracker.MOD	DEFINE:Damage_Maul|0
CATEGORY=Internal|Weapon Proficiency Tracker.MOD	DEFINE:Damage_Pick|0
CATEGORY=Internal|Weapon Proficiency Tracker.MOD	DEFINE:Damage_Ranseur|0
CATEGORY=Internal|Weapon Proficiency Tracker.MOD	DEFINE:Damage_Rapier|0
CATEGORY=Internal|Weapon Proficiency Tracker.MOD	DEFINE:Damage_Sap|0
CATEGORY=Internal|Weapon Proficiency Tracker.MOD	DEFINE:Damage_Scimitar|0
CATEGORY=Internal|Weapon Proficiency Tracker.MOD	DEFINE:Damage_Scythe|0
CATEGORY=Internal|Weapon Proficiency Tracker.MOD	DEFINE:Damage_Shortsword|0
CATEGORY=Internal|Weapon Proficiency Tracker.MOD	DEFINE:Damage_Starknife|0
CATEGORY=Internal|Weapon Proficiency Tracker.MOD	DEFINE:Damage_Trident|0
CATEGORY=Internal|Weapon Proficiency Tracker.MOD	DEFINE:Damage_Warflail|0
CATEGORY=Internal|Weapon Proficiency Tracker.MOD	DEFINE:Damage_Warhammer|0
CATEGORY=Internal|Weapon Proficiency Tracker.MOD	DEFINE:Damage_Whip|0
CATEGORY=Internal|Weapon Proficiency Tracker.MOD	DEFINE:Damage_Blowgun|0
CATEGORY=Internal|Weapon Proficiency Tracker.MOD	DEFINE:Damage_Crossbow|0
CATEGORY=Internal|Weapon Proficiency Tracker.MOD	DEFINE:Damage_Dart|0
CATEGORY=Internal|Weapon Proficiency Tracker.MOD	DEFINE:Damage_Handcrossbow|0
CATEGORY=Internal|Weapon Proficiency Tracker.MOD	DEFINE:Damage_Heavycrossbow|0
CATEGORY=Internal|Weapon Proficiency Tracker.MOD	DEFINE:Damage_Javelin|0
CATEGORY=Internal|Weapon Proficiency Tracker.MOD	DEFINE:Damage_Sling|0
CATEGORY=Internal|Weapon Proficiency Tracker.MOD	DEFINE:Damage_Compositelongbow|0
CATEGORY=Internal|Weapon Proficiency Tracker.MOD	DEFINE:Damage_Compositeshortbow|0
CATEGORY=Internal|Weapon Proficiency Tracker.MOD	DEFINE:Damage_Longbow|0
CATEGORY=Internal|Weapon Proficiency Tracker.MOD	DEFINE:Damage_Shortbow|0
CATEGORY=Internal|Weapon Proficiency Tracker.MOD	DEFINE:Damage_Clandagger|0
CATEGORY=Internal|Weapon Proficiency Tracker.MOD	DEFINE:Damage_Katar|0
CATEGORY=Internal|Weapon Proficiency Tracker.MOD	DEFINE:Damage_Dogslicer|0
CATEGORY=Internal|Weapon Proficiency Tracker.MOD	DEFINE:Damage_Elvencurveblade|0
CATEGORY=Internal|Weapon Proficiency Tracker.MOD	DEFINE:Damage_Filchersfork|0
CATEGORY=Internal|Weapon Proficiency Tracker.MOD	DEFINE:Damage_Gnomehookedhammer|0
CATEGORY=Internal|Weapon Proficiency Tracker.MOD	DEFINE:Damage_Horsechopper|0
CATEGORY=Internal|Weapon Proficiency Tracker.MOD	DEFINE:Damage_Kama|0
CATEGORY=Internal|Weapon Proficiency Tracker.MOD	DEFINE:Damage_Katana|0
CATEGORY=Internal|Weapon Proficiency Tracker.MOD	DEFINE:Damage_Kukri|0
CATEGORY=Internal|Weapon Proficiency Tracker.MOD	DEFINE:Damage_Nunchaku|0
CATEGORY=Internal|Weapon Proficiency Tracker.MOD	DEFINE:Damage_Orcknuckledagger|0
CATEGORY=Internal|Weapon Proficiency Tracker.MOD	DEFINE:Damage_Sai|0
CATEGORY=Internal|Weapon Proficiency Tracker.MOD	DEFINE:Damage_Spikedchain|0
CATEGORY=Internal|Weapon Proficiency Tracker.MOD	DEFINE:Damage_Templesword|0
CATEGORY=Internal|Weapon Proficiency Tracker.MOD	DEFINE:Damage_Dwarvenwaraxe|0
CATEGORY=Internal|Weapon Proficiency Tracker.MOD	DEFINE:Damage_Gnomeflickmace|0
CATEGORY=Internal|Weapon Proficiency Tracker.MOD	DEFINE:Damage_Orcnecksplitter|0
CATEGORY=Internal|Weapon Proficiency Tracker.MOD	DEFINE:Damage_Sawtoothsabre|0
CATEGORY=Internal|Weapon Proficiency Tracker.MOD	DEFINE:Damage_Halflingslingstaff|0
CATEGORY=Internal|Weapon Proficiency Tracker.MOD	DEFINE:Damage_Shuriken|0
CATEGORY=Internal|Weapon Proficiency Tracker.MOD	DEFINE:ProfRank_WeaponGroup_Brawling|0	DEFINE:Prof_WeaponDamage_GroupBrawling|0
CATEGORY=Internal|Weapon Proficiency Tracker.MOD	DEFINE:ProfRank_WeaponGroup_Club|0	DEFINE:Prof_WeaponDamage_GroupClub|0
CATEGORY=Internal|Weapon Proficiency Tracker.MOD	DEFINE:ProfRank_WeaponGroup_Knife|0	DEFINE:Prof_WeaponDamage_GroupKnife|0
CATEGORY=Internal|Weapon Proficiency Tracker.MOD	DEFINE:ProfRank_WeaponGroup_Spear|0	DEFINE:Prof_WeaponDamage_GroupSpear|0
CATEGORY=Internal|Weapon Proficiency Tracker.MOD	DEFINE:ProfRank_WeaponGroup_Sword|0	DEFINE:Prof_WeaponDamage_GroupSword|0
CATEGORY=Internal|Weapon Proficiency Tracker.MOD	DEFINE:ProfRank_WeaponGroup_Axe|0	DEFINE:Prof_WeaponDamage_GroupAxe|0
CATEGORY=Internal|Weapon Proficiency Tracker.MOD	DEFINE:ProfRank_WeaponGroup_Flail|0	DEFINE:Prof_WeaponDamage_GroupFlail|0
CATEGORY=Internal|Weapon Proficiency Tracker.MOD	DEFINE:ProfRank_WeaponGroup_Hammer|0	DEFINE:Prof_WeaponDamage_GroupHammer|0
CATEGORY=Internal|Weapon Proficiency Tracker.MOD	DEFINE:ProfRank_WeaponGroup_Shield|0	DEFINE:Prof_WeaponDamage_GroupShield|0
CATEGORY=Internal|Weapon Proficiency Tracker.MOD	DEFINE:ProfRank_WeaponGroup_Sling|0	DEFINE:Prof_WeaponDamage_GroupSling|0
CATEGORY=Internal|Weapon Proficiency Tracker.MOD	DEFINE:ProfRank_WeaponGroup_Bow|0	DEFINE:Prof_WeaponDamage_GroupBow|0
CATEGORY=Internal|Weapon Proficiency Tracker.MOD	DEFINE:ProfRank_WeaponGroup_Dart|0	DEFINE:Prof_WeaponDamage_GroupDart|0

CATEGORY=Internal|Weapon Proficiency Tracker.MOD	DEFINE:Prof_Rank_SimpleWeapons|0	DEFINE:ToHit_SimpleWeapons|0
CATEGORY=Internal|Weapon Proficiency Tracker.MOD	DEFINE:Prof_Rank_MartialWeapons|0	DEFINE:ToHit_MartialWeapons|0



CATEGORY=Internal|Default.MOD					DEFINE:DeityDomainAmbition|0
CATEGORY=Internal|Default.MOD					DEFINE:DeityDomainAir|0
CATEGORY=Internal|Default.MOD					DEFINE:DeityDomainCities|0
CATEGORY=Internal|Default.MOD					DEFINE:DeityDomainConfidence|0
CATEGORY=Internal|Default.MOD					DEFINE:DeityDomainCreation|0
CATEGORY=Internal|Default.MOD					DEFINE:DeityDomainDarkness|0
CATEGORY=Internal|Default.MOD					DEFINE:DeityDomainDeath|0
CATEGORY=Internal|Default.MOD					DEFINE:DeityDomainDestruction|0
CATEGORY=Internal|Default.MOD					DEFINE:DeityDomainDreams|0
CATEGORY=Internal|Default.MOD					DEFINE:DeityDomainEarth|0
CATEGORY=Internal|Default.MOD					DEFINE:DeityDomainFamily|0
CATEGORY=Internal|Default.MOD					DEFINE:DeityDomainFate|0
CATEGORY=Internal|Default.MOD					DEFINE:DeityDomainFire|0
CATEGORY=Internal|Default.MOD					DEFINE:DeityDomainFreedom|0
CATEGORY=Internal|Default.MOD					DEFINE:DeityDomainHealing|0
CATEGORY=Internal|Default.MOD					DEFINE:DeityDomainIndulgence|0
CATEGORY=Internal|Default.MOD					DEFINE:DeityDomainKnowledge|0
CATEGORY=Internal|Default.MOD					DEFINE:DeityDomainLight|0
CATEGORY=Internal|Default.MOD					DEFINE:DeityDomainLuck|0
CATEGORY=Internal|Default.MOD					DEFINE:DeityDomainMagic|0
CATEGORY=Internal|Default.MOD					DEFINE:DeityDomainMight|0
CATEGORY=Internal|Default.MOD					DEFINE:DeityDomainMoon|0
CATEGORY=Internal|Default.MOD					DEFINE:DeityDomainNature|0
CATEGORY=Internal|Default.MOD					DEFINE:DeityDomainNightmares|0
CATEGORY=Internal|Default.MOD					DEFINE:DeityDomainPain|0
CATEGORY=Internal|Default.MOD					DEFINE:DeityDomainPassion|0
CATEGORY=Internal|Default.MOD					DEFINE:DeityDomainPerfection|0
CATEGORY=Internal|Default.MOD					DEFINE:DeityDomainProtection|0
CATEGORY=Internal|Default.MOD					DEFINE:DeityDomainSecrecy|0
CATEGORY=Internal|Default.MOD					DEFINE:DeityDomainTravel|0
CATEGORY=Internal|Default.MOD					DEFINE:DeityDomainTrickery|0
CATEGORY=Internal|Default.MOD					DEFINE:DeityDomainTruth|0
CATEGORY=Internal|Default.MOD					DEFINE:DeityDomainTyranny|0
CATEGORY=Internal|Default.MOD					DEFINE:DeityDomainUndeath|0
CATEGORY=Internal|Default.MOD					DEFINE:DeityDomainWater|0
CATEGORY=Internal|Default.MOD					DEFINE:DeityDomainWealth|0
CATEGORY=Internal|Default.MOD					DEFINE:DeityDomainZeal|0

CATEGORY=Internal|Default.MOD					DEFINE:Domain_Ambition|0
CATEGORY=Internal|Default.MOD					DEFINE:Domain_Air|0
CATEGORY=Internal|Default.MOD					DEFINE:Domain_Cities|0
CATEGORY=Internal|Default.MOD					DEFINE:Domain_Confidence|0
CATEGORY=Internal|Default.MOD					DEFINE:Domain_Creation|0
CATEGORY=Internal|Default.MOD					DEFINE:Domain_Darkness|0
CATEGORY=Internal|Default.MOD					DEFINE:Domain_Death|0
CATEGORY=Internal|Default.MOD					DEFINE:Domain_Destruction|0
CATEGORY=Internal|Default.MOD					DEFINE:Domain_Dreams|0
CATEGORY=Internal|Default.MOD					DEFINE:Domain_Earth|0
CATEGORY=Internal|Default.MOD					DEFINE:Domain_Family|0
CATEGORY=Internal|Default.MOD					DEFINE:Domain_Fate|0
CATEGORY=Internal|Default.MOD					DEFINE:Domain_Fire|0
CATEGORY=Internal|Default.MOD					DEFINE:Domain_Freedom|0
CATEGORY=Internal|Default.MOD					DEFINE:Domain_Healing|0
CATEGORY=Internal|Default.MOD					DEFINE:Domain_Indulgence|0
CATEGORY=Internal|Default.MOD					DEFINE:Domain_Knowledge|0
CATEGORY=Internal|Default.MOD					DEFINE:Domain_Light|0
CATEGORY=Internal|Default.MOD					DEFINE:Domain_Luck|0
CATEGORY=Internal|Default.MOD					DEFINE:Domain_Magic|0
CATEGORY=Internal|Default.MOD					DEFINE:Domain_Might|0
CATEGORY=Internal|Default.MOD					DEFINE:Domain_Moon|0
CATEGORY=Internal|Default.MOD					DEFINE:Domain_Nature|0
CATEGORY=Internal|Default.MOD					DEFINE:Domain_Nightmares|0
CATEGORY=Internal|Default.MOD					DEFINE:Domain_Pain|0
CATEGORY=Internal|Default.MOD					DEFINE:Domain_Passion|0
CATEGORY=Internal|Default.MOD					DEFINE:Domain_Perfection|0
CATEGORY=Internal|Default.MOD					DEFINE:Domain_Protection|0
CATEGORY=Internal|Default.MOD					DEFINE:Domain_Secrecy|0
CATEGORY=Internal|Default.MOD					DEFINE:Domain_Travel|0
CATEGORY=Internal|Default.MOD					DEFINE:Domain_Trickery|0
CATEGORY=Internal|Default.MOD					DEFINE:Domain_Truth|0
CATEGORY=Internal|Default.MOD					DEFINE:Domain_Tyranny|0
CATEGORY=Internal|Default.MOD					DEFINE:Domain_Undeath|0
CATEGORY=Internal|Default.MOD					DEFINE:Domain_Water|0
CATEGORY=Internal|Default.MOD					DEFINE:Domain_Wealth|0
CATEGORY=Internal|Default.MOD					DEFINE:Domain_Zeal|0
