# CVS $Revision$ $Author$ -- Sun Mar 18 13:19:23 2012 -- reformated by prettylst.pl v1.39 (build 15052)
SOURCELONG:Modern System Reference Document - Creatures	SOURCESHORT:MSRD	SOURCEWEB:http://www.wizards.com/D20/article.asp?x=msrd

# Language	Unique Key			Type			Source Page
Abyssal					TYPE:Spoken		SOURCEPAGE:ArcanaCreatures.rtf
Abyssal	KEY:Abyssal ~ Written	TYPE:Written	SOURCEPAGE:ArcanaCreatures.rtf
Auran						TYPE:Spoken		SOURCEPAGE:ArcanaCreatures.rtf
Auran		KEY:Auran ~ Written	TYPE:Written	SOURCEPAGE:ArcanaCreatures.rtf
Draconic					TYPE:Spoken		SOURCEPAGE:ArcanaCreatures.rtf
Draconic	KEY:Draconic ~ Written	TYPE:Written	SOURCEPAGE:ArcanaCreatures.rtf
Giant						TYPE:Spoken		SOURCEPAGE:ArcanaCreatures.rtf
Giant		KEY:Giant ~ Written	TYPE:Written	SOURCEPAGE:ArcanaCreatures.rtf
Gnoll						TYPE:Spoken		SOURCEPAGE:ArcanaCreatures.rtf
Gnoll		KEY:Gnoll ~ Written	TYPE:Written	SOURCEPAGE:ArcanaCreatures.rtf
Goblin					TYPE:Spoken		SOURCEPAGE:ArcanaCreatures.rtf
Goblin	KEY:Goblin ~ Written	TYPE:Written	SOURCEPAGE:ArcanaCreatures.rtf
Terran					TYPE:Spoken		SOURCEPAGE:ArcanaCreatures.rtf
Terran	KEY:Terran ~ Written	TYPE:Written	SOURCEPAGE:ArcanaCreatures.rtf

#
# End
#
