# CVS $Revision: 1.3 $ $Author: eddyanthony $ -- Tue Nov 15 19:57:24 2005 -- reformated by prettylst.pl v1.35 (build 529)
SOURCELONG:Revised (v.3.5) System Reference Document|SOURCESHORT:RSRD|SOURCEWEB:http://www.wizards.com/default.asp?x=d20/article/srd35

STARTPACK:Default Yeth Hound	VISIBLE:QUALIFY	EQUIPBUY:0	PREMULT:1,[!PRERACE:%],[PRERACE:Yeth Hound]
RACE:Yeth Hound	!PRERACE:%
NAME:Yeth Hound
ALIGN:NE
SKILL:Listen	RANK:9
SKILL:Search	RANK:9
SKILL:Spot		RANK:9
SKILL:Survival	RANK:9
FEAT:Improved Initiative
FEAT:Track
STAT:STR=11|DEX=11|CON=11|INT=10|WIS=10|CHA=10

STARTPACK:Default Yrthak	VISIBLE:QUALIFY	EQUIPBUY:0	PREMULT:1,[!PRERACE:%],[PRERACE:Yrthak]
RACE:Yrthak	!PRERACE:%
NAME:Yrthak
SKILL:Move Silently	RANK:8
SKILL:Listen		RANK:7
FEAT:Endurance
FEAT:Flyby Attack
FEAT:Improved Initiative
FEAT:Multiattack
FEAT:Snatch
STAT:CON=11|INT=11|WIS=11|CHA=11|STR=10|DEX=10

STARTPACK:Default Zombie (Kobold)	VISIBLE:QUALIFY	EQUIPBUY:0	PREMULT:1,[!PRERACE:%],[PRERACE:Zombie (Kobold)]
RACE:Zombie (Kobold)	!PRERACE:%
NAME:Zombie (Kobold)
ALIGN:NE
STAT:DEX=11|STR=10|CON=10|INT=10|WIS=10|CHA=10
GEAR:Spear			SIZE:PC	LOCATION:Primary Hand
GEAR:Crossbow (Light)	SIZE:PC	LOCATION:Carried

STARTPACK:Default Zombie (Human Commoner)	VISIBLE:QUALIFY	EQUIPBUY:0	PREMULT:1,[!PRERACE:%],[PRERACE:Zombie (Human Commoner)]
RACE:Zombie (Human Commoner)	!PRERACE:%
NAME:Zombie (Human Commoner)
STAT:DEX=10|STR=10|CON=10|INT=10|WIS=10|CHA=10
ALIGN:NE
GEAR:Club	SIZE:PC	LOCATION:Primary Hand

STARTPACK:Default Zombie (Troglodyte)	VISIBLE:QUALIFY	EQUIPBUY:0	PREMULT:1,[!PRERACE:%],[PRERACE:Zombie (Troglodyte)]
RACE:Zombie (Troglodyte)	!PRERACE:%
NAME:Zombie (Troglodyte)
ALIGN:NE
STAT:DEX=11|STR=10|CON=10|INT=10|WIS=10|CHA=10
GEAR:Greatclub	SIZE:PC	LOCATION:Both Hands
GEAR:Javelin	SIZE:PC	LOCATION:Carried

STARTPACK:Default Zombie (Bugbear)	VISIBLE:QUALIFY	EQUIPBUY:0	PREMULT:1,[!PRERACE:%],[PRERACE:Zombie (Bugbear)]
RACE:Zombie (Bugbear)	!PRERACE:%
NAME:Zombie (Bugbear)
ALIGN:NE
STAT:STR=11|DEX=10|CON=10|INT=10|WIS=10|CHA=10
GEAR:Morningstar			SIZE:PC	LOCATION:Primary Hand
GEAR:Shield (Light/Wood)	SIZE:PC	LOCATION:Equipped
GEAR:Javelin			SIZE:PC	LOCATION:Carried

STARTPACK:Default Zombie (Ogre)	VISIBLE:QUALIFY	EQUIPBUY:0	PREMULT:1,[!PRERACE:%],[PRERACE:Zombie (Ogre)]
RACE:Zombie (Ogre)	!PRERACE:%
NAME:Zombie (Ogre)
ALIGN:NE
STAT:STR=11|DEX=10|CON=10|INT=10|WIS=10|CHA=10
GEAR:Greatclub	SIZE:PC	LOCATION:Both Hands
GEAR:Javelin	SIZE:PC	LOCATION:Carried

STARTPACK:Default Zombie (Minotaur)	VISIBLE:QUALIFY	EQUIPBUY:0	PREMULT:1,[!PRERACE:%],[PRERACE:Zombie (Minotaur)]
RACE:Zombie (Minotaur)	!PRERACE:%
NAME:Zombie (Minotaur)
ALIGN:NE
STAT:STR=11|DEX=10|CON=10|INT=10|WIS=10|CHA=10
GEAR:Greataxe	SIZE:PC	LOCATION:Both Hands

STARTPACK:Default Zombie (Wyvern)	VISIBLE:QUALIFY	EQUIPBUY:0	PREMULT:1,[!PRERACE:%],[PRERACE:Zombie (Wyvern)]
RACE:Zombie (Wyvern)	!PRERACE:%
NAME:Zombie (Wyvern)
ALIGN:NE
STAT:STR=11|DEX=10|CON=10|INT=10|WIS=10|CHA=10

STARTPACK:Default Zombie (Gray Render)	VISIBLE:QUALIFY	EQUIPBUY:0	PREMULT:1,[!PRERACE:%],[PRERACE:Zombie (Gray Render)]
RACE:Zombie (Gray Render)	!PRERACE:%
NAME:Zombie (Gray Render)
ALIGN:NE
STAT:STR=11|DEX=10|CON=10|INT=10|WIS=10|CHA=10
