# CVS $Revision: 1.5 $ $Author: eddyanthony $ -- Tue Nov 15 19:57:24 2005 -- reformated by prettylst.pl v1.35 (build 529)
SOURCELONG:Revised (v.3.5) System Reference Document|SOURCESHORT:RSRD|SOURCEWEB:http://www.wizards.com/default.asp?x=d20/article/srd35

STARTPACK:Default Ape	VISIBLE:QUALIFY	EQUIPBUY:0	PREMULT:1,[!PRERACE:%],[PRERACE:Ape]
RACE:Ape	!PRERACE:%
NAME:Ape
ALIGN:TN
SKILL:Climb		RANK:1
SKILL:Listen	RANK:3
SKILL:Spot		RANK:3
FEAT:Alertness
FEAT:Toughness
STAT:STR=11|DEX=11|CHA=11|CON=10|INT=10|WIS=10

STARTPACK:Default Baboon	VISIBLE:QUALIFY	EQUIPBUY:0	PREMULT:1,[!PRERACE:%],[PRERACE:Baboon]
RACE:Baboon	!PRERACE:%
NAME:Baboon
ALIGN:TN
SKILL:Listen	RANK:2
SKILL:Spot		RANK:2
FEAT:Alertness
STAT:STR=11|DEX=10|CON=10|INT=10|WIS=10|CHA=10

STARTPACK:Default Badger	VISIBLE:QUALIFY	EQUIPBUY:0	PREMULT:1,[!PRERACE:%],[PRERACE:Badger]
RACE:Badger	!PRERACE:%
NAME:Badger
ALIGN:TN
SKILL:Listen	RANK:2
SKILL:Spot		RANK:2
FEAT:Weapon Finesse
STAT:DEX=11|CON=11|STR=10|INT=10|WIS=10|CHA=10

STARTPACK:Default Bat	VISIBLE:QUALIFY	EQUIPBUY:0	PREMULT:1,[!PRERACE:%],[PRERACE:Bat]
RACE:Bat	!PRERACE:%
NAME:Bat
ALIGN:TN
SKILL:Move Silently	RANK:4
FEAT:Alertness
STAT:DEX=11|STR=10|CON=10|INT=10|WIS=10|CHA=10

STARTPACK:Default Bear (Black)	VISIBLE:QUALIFY	EQUIPBUY:0	PREMULT:1,[!PRERACE:%],[PRERACE:Bear (Black)]
RACE:Bear (Black)	!PRERACE:%
NAME:Bear (Black)
ALIGN:TN
SKILL:Listen	RANK:3
SKILL:Spot		RANK:3
FEAT:Endurance
FEAT:Run
STAT:STR=11|DEX=11|CON=11|INT=10|WIS=10|CHA=10

STARTPACK:Default Bear (Brown)	VISIBLE:QUALIFY	EQUIPBUY:0	PREMULT:1,[!PRERACE:%],[PRERACE:Bear (Brown)]
RACE:Bear (Brown)	!PRERACE:%
NAME:Bear (Brown)
ALIGN:TN
SKILL:Spot		RANK:6
SKILL:Listen	RANK:3
FEAT:Endurance
FEAT:Run
FEAT:Track
STAT:STR=11|DEX=11|CON=11|INT=10|WIS=10|CHA=10

STARTPACK:Default Bear (Polar)	VISIBLE:QUALIFY	EQUIPBUY:0	PREMULT:1,[!PRERACE:%],[PRERACE:Bear (Polar)]
RACE:Bear (Polar)	!PRERACE:%
NAME:Bear (Polar)
ALIGN:TN
SKILL:Spot		RANK:6
SKILL:Listen	RANK:4
SKILL:Hide		RANK:1
FEAT:Endurance
FEAT:Run
FEAT:Track
STAT:STR=11|DEX=11|CON=11|INT=10|WIS=10|CHA=10

STARTPACK:Default Bison	VISIBLE:QUALIFY	EQUIPBUY:0	PREMULT:1,[!PRERACE:%],[PRERACE:Bison]
RACE:Bison	!PRERACE:%
NAME:Bison
ALIGN:TN
SKILL:Spot		RANK:3
SKILL:Listen	RANK:5
FEAT:Alertness
FEAT:Endurance
STAT:WIS=11|STR=10|DEX=10|CON=10|INT=10|CHA=10

STARTPACK:Default Boar	VISIBLE:QUALIFY	EQUIPBUY:0	PREMULT:1,[!PRERACE:%],[PRERACE:Boar]
RACE:Boar	!PRERACE:%
NAME:Boar
ALIGN:TN
SKILL:Listen	RANK:4
SKILL:Spot		RANK:2
FEAT:Alertness
FEAT:Toughness
STAT:STR=11|CON=11|WIS=11|DEX=10|INT=10|CHA=10

STARTPACK:Default Camel	VISIBLE:QUALIFY	EQUIPBUY:0	PREMULT:1,[!PRERACE:%],[PRERACE:Camel]
RACE:Camel	!PRERACE:%
NAME:Camel
ALIGN:TN
SKILL:Listen	RANK:3
SKILL:Spot		RANK:3
FEAT:Alertness
FEAT:Endurance
STAT:WIS=11|STR=10|DEX=10|CON=10|INT=10|CHA=10

STARTPACK:Default Cat	VISIBLE:QUALIFY	EQUIPBUY:0	PREMULT:1,[!PRERACE:%],[PRERACE:Cat]
RACE:Cat	!PRERACE:%
NAME:Cat
ALIGN:TN
SKILL:Listen	RANK:2
SKILL:Spot		RANK:2
FEAT:Weapon Finesse
STAT:STR=11|DEX=11|CHA=11|CON=10|INT=10|WIS=10

STARTPACK:Default Cheetah	VISIBLE:QUALIFY	EQUIPBUY:0	PREMULT:1,[!PRERACE:%],[PRERACE:Cheetah]
RACE:Cheetah	!PRERACE:%
NAME:Cheetah
ALIGN:TN
SKILL:Listen		RANK:1
SKILL:Spot			RANK:1
SKILL:Hide			RANK:2
SKILL:Move Silently	RANK:2
FEAT:Alertness
FEAT:Weapon Finesse
STAT:DEX=11|CON=11|STR=10|INT=10|WIS=10|CHA=10

STARTPACK:Default Crocodile	VISIBLE:QUALIFY	EQUIPBUY:0	PREMULT:1,[!PRERACE:%],[PRERACE:Crocodile]
RACE:Crocodile	!PRERACE:%
NAME:Crocodile
ALIGN:TN
SKILL:Hide		RANK:3
SKILL:Listen	RANK:1
SKILL:Spot		RANK:1
FEAT:Alertness
FEAT:Skill Focus(Hide)
STAT:STR=11|CON=11|DEX=10|INT=10|WIS=10|CHA=10

STARTPACK:Default Crocodile (Giant)	VISIBLE:QUALIFY	EQUIPBUY:0	PREMULT:1,[!PRERACE:%],[PRERACE:Crocodile (Giant)]
RACE:Crocodile (Giant)	!PRERACE:%
NAME:Crocodile (Giant)
ALIGN:TN
SKILL:Hide		RANK:5
SKILL:Listen	RANK:2
SKILL:Spot		RANK:2
FEAT:Alertness
FEAT:Endurance
FEAT:Skill Focus(Hide)
STAT:STR=11|CON=11|DEX=10|INT=10|WIS=10|CHA=10

STARTPACK:Default Dog	VISIBLE:QUALIFY	EQUIPBUY:0	PREMULT:1,[!PRERACE:%],[PRERACE:Dog]
RACE:Dog	!PRERACE:%
NAME:Dog
ALIGN:TN
SKILL:Listen	RANK:2
SKILL:Spot		RANK:2
FEAT:Alertness
STAT:STR=11|DEX=11|CON=11|INT=10|WIS=10|CHA=10

STARTPACK:Default Dog (Riding)	VISIBLE:QUALIFY	EQUIPBUY:0	PREMULT:1,[!PRERACE:%],[PRERACE:Dog (Riding)]
RACE:Dog (Riding)	!PRERACE:%
NAME:Dog (Riding)
ALIGN:TN
SKILL:Swim		RANK:1
SKILL:Listen	RANK:2
SKILL:Spot		RANK:2
FEAT:Alertness
STAT:STR=11|DEX=11|CON=11|INT=10|WIS=10|CHA=10

STARTPACK:Default Donkey	VISIBLE:QUALIFY	EQUIPBUY:0	PREMULT:1,[!PRERACE:%],[PRERACE:Donkey]
RACE:Donkey	!PRERACE:%
NAME:Donkey
ALIGN:TN
SKILL:Listen	RANK:3
SKILL:Spot		RANK:2
FEAT:Endurance
STAT:DEX=11|WIS=11|STR=10|CON=10|INT=10|CHA=10

STARTPACK:Default Eagle	VISIBLE:QUALIFY	EQUIPBUY:0	PREMULT:1,[!PRERACE:%],[PRERACE:Eagle]
RACE:Eagle	!PRERACE:%
NAME:Eagle
ALIGN:TN
SKILL:Spot	RANK:4
FEAT:Weapon Finesse
STAT:DEX=11|STR=10|CON=10|INT=10|WIS=10|CHA=10

STARTPACK:Default Elephant	VISIBLE:QUALIFY	EQUIPBUY:0	PREMULT:1,[!PRERACE:%],[PRERACE:Elephant]
RACE:Elephant	!PRERACE:%
NAME:Elephant
ALIGN:TN
SKILL:Spot		RANK:7
SKILL:Listen	RANK:9
FEAT:Alertness
FEAT:Endurance
FEAT:Iron Will
FEAT:Skill Focus(Listen)
STAT:CON=11|WIS=11|CHA=11|STR=10|DEX=10|INT=10

STARTPACK:Default Hawk	VISIBLE:QUALIFY	EQUIPBUY:0	PREMULT:1,[!PRERACE:%],[PRERACE:Hawk]
RACE:Hawk	!PRERACE:%
NAME:Hawk
ALIGN:TN
SKILL:Spot	RANK:4
FEAT:Weapon Finesse
STAT:DEX=11|STR=10|CON=10|INT=10|WIS=10|CHA=10

STARTPACK:Default Horse (Heavy)	VISIBLE:QUALIFY	EQUIPBUY:0	PREMULT:1,[!PRERACE:%],[PRERACE:Horse (Heavy)]
RACE:Horse (Heavy)	!PRERACE:%
NAME:Horse (Heavy)
ALIGN:TN
SKILL:Listen	RANK:3
SKILL:Spot		RANK:3
FEAT:Endurance
FEAT:Run
STAT:DEX=11|CON=11|STR=10|INT=10|WIS=10|CHA=10

STARTPACK:Default Horse (Light)	VISIBLE:QUALIFY	EQUIPBUY:0	PREMULT:1,[!PRERACE:%],[PRERACE:Horse (Light)]
RACE:Horse (Light)	!PRERACE:%
NAME:Horse (Light)
ALIGN:TN
SKILL:Listen	RANK:3
SKILL:Spot		RANK:3
FEAT:Endurance
FEAT:Run
STAT:DEX=11|CON=11|STR=10|INT=10|WIS=10|CHA=10

STARTPACK:Default Horse (Warhorse Heavy)	VISIBLE:QUALIFY	EQUIPBUY:0	PREMULT:1,[!PRERACE:%],[PRERACE:Horse (Warhorse Heavy)]
RACE:Horse (Warhorse Heavy)	!PRERACE:%
NAME:Horse (Warhorse Heavy)
ALIGN:TN
SKILL:Listen	RANK:4
SKILL:Spot		RANK:3
FEAT:Endurance
FEAT:Run
STAT:DEX=11|CON=11|WIS=11|STR=10|INT=10|CHA=10

STARTPACK:Default Horse (Warhorse Light)	VISIBLE:QUALIFY	EQUIPBUY:0	PREMULT:1,[!PRERACE:%],[PRERACE:Horse (Warhorse Light)]
RACE:Horse (Warhorse Light)	!PRERACE:%
NAME:Horse (Warhorse Light)
ALIGN:TN
SKILL:Listen	RANK:3
SKILL:Spot		RANK:3
FEAT:Endurance
FEAT:Run
STAT:DEX=11|CON=11|WIS=11|STR=10|INT=10|CHA=10

STARTPACK:Default Hyena	VISIBLE:QUALIFY	EQUIPBUY:0	PREMULT:1,[!PRERACE:%],[PRERACE:Hyena]
RACE:Hyena	!PRERACE:%
NAME:Hyena
ALIGN:TN
SKILL:Hide		RANK:1
SKILL:Spot		RANK:1
SKILL:Listen	RANK:3
FEAT:Alertness
STAT:DEX=11|CON=11|WIS=11|STR=10|INT=10|CHA=10

STARTPACK:Default Leopard	VISIBLE:QUALIFY	EQUIPBUY:0	PREMULT:1,[!PRERACE:%],[PRERACE:Leopard]
RACE:Leopard	!PRERACE:%
NAME:Leopard
ALIGN:TN
SKILL:Listen	RANK:3
SKILL:Spot		RANK:3
FEAT:Alertness
FEAT:Weapon Finesse
STAT:DEX=11|CON=11|STR=10|INT=10|WIS=10|CHA=10

STARTPACK:Default Lion	VISIBLE:QUALIFY	EQUIPBUY:0	PREMULT:1,[!PRERACE:%],[PRERACE:Lion]
RACE:Lion	!PRERACE:%
NAME:Lion
ALIGN:TN
SKILL:Move Silently	RANK:4
SKILL:Listen		RANK:2
SKILL:Spot			RANK:2
FEAT:Alertness
FEAT:Run
STAT:STR=11|DEX=11|CON=11|INT=10|WIS=10|CHA=10

STARTPACK:Default Lizard	VISIBLE:QUALIFY	EQUIPBUY:0	PREMULT:1,[!PRERACE:%],[PRERACE:Lizard]
RACE:Lizard	!PRERACE:%
NAME:Lizard
ALIGN:TN
SKILL:Listen	RANK:2
SKILL:Spot		RANK:2
FEAT:Weapon Finesse
STAT:STR=11|DEX=11|CON=10|INT=10|WIS=10|CHA=10

STARTPACK:Default Lizard (Monitor)	VISIBLE:QUALIFY	EQUIPBUY:0	PREMULT:1,[!PRERACE:%],[PRERACE:Lizard (Monitor)]
RACE:Lizard (Monitor)	!PRERACE:%
NAME:Lizard (Monitor)
ALIGN:TN
SKILL:Listen		RANK:1
SKILL:Spot			RANK:1
SKILL:Climb			RANK:4
SKILL:Hide			RANK:4
SKILL:Move Silently	RANK:4
FEAT:Alertness
FEAT:Great Fortitude
STAT:STR=11|DEX=11|CON=11|INT=10|WIS=10|CHA=10

STARTPACK:Default Manta Ray	VISIBLE:QUALIFY	EQUIPBUY:0	PREMULT:1,[!PRERACE:%],[PRERACE:Manta Ray]
RACE:Manta Ray	!PRERACE:%
NAME:Manta Ray
ALIGN:TN
SKILL:Listen	RANK:4
SKILL:Spot		RANK:3
FEAT:Alertness
FEAT:Endurance
STAT:STR=11|DEX=11|CON=10|INT=10|WIS=10|CHA=10

STARTPACK:Default Monkey	VISIBLE:QUALIFY	EQUIPBUY:0	PREMULT:1,[!PRERACE:%],[PRERACE:Monkey]
RACE:Monkey	!PRERACE:%
NAME:Monkey
ALIGN:TN
SKILL:Listen	RANK:2
SKILL:Spot		RANK:2
FEAT:Weapon Finesse
STAT:STR=11|DEX=11|CHA=11|CON=10|INT=10|WIS=10

STARTPACK:Default Mule	VISIBLE:QUALIFY	EQUIPBUY:0	PREMULT:1,[!PRERACE:%],[PRERACE:Mule]
RACE:Mule	!PRERACE:%
NAME:Mule
ALIGN:TN
SKILL:Listen	RANK:4
SKILL:Spot		RANK:2
SKILL:Spot		RANK:2	FREE:YES
FEAT:Alertness
FEAT:Endurance
STAT:DEX=11|CON=11|WIS=11|STR=10|INT=10|CHA=10

STARTPACK:Default Octopus	VISIBLE:QUALIFY	EQUIPBUY:0	PREMULT:1,[!PRERACE:%],[PRERACE:Octopus]
RACE:Octopus	!PRERACE:%
NAME:Octopus
ALIGN:TN
SKILL:Spot		RANK:4
SKILL:Listen	RANK:1
FEAT:Weapon Finesse
STAT:DEX=11|CON=11|CHA=11|STR=10|INT=10|WIS=10

STARTPACK:Default Octopus (Giant)	VISIBLE:QUALIFY	EQUIPBUY:0	PREMULT:1,[!PRERACE:%],[PRERACE:Octopus (Giant)]
RACE:Octopus (Giant)	!PRERACE:%
NAME:Octopus (Giant)
ALIGN:TN
SKILL:Listen	RANK:1
SKILL:Spot		RANK:3
SKILL:Hide		RANK:10
FEAT:Alertness
FEAT:Skill Focus(Hide)
FEAT:Toughness
STAT:DEX=11|CON=11|CHA=11|STR=10|INT=10|WIS=10

STARTPACK:Default Owl	VISIBLE:QUALIFY	EQUIPBUY:0	PREMULT:1,[!PRERACE:%],[PRERACE:Owl]
RACE:Owl	!PRERACE:%
NAME:Owl
ALIGN:TN
SKILL:Listen	RANK:2
SKILL:Spot		RANK:2
FEAT:Weapon Finesse
STAT:DEX=11|STR=10|CON=10|INT=10|WIS=10|CHA=10

STARTPACK:Default Pony	VISIBLE:QUALIFY	EQUIPBUY:0	PREMULT:1,[!PRERACE:%],[PRERACE:Pony]
RACE:Pony	!PRERACE:%
NAME:Pony
ALIGN:TN
SKILL:Listen	RANK:5
SKILL:Spot		RANK:5	FREE:YES
FEAT:Endurance
STAT:STR=11|DEX=11|WIS=11|CON=10|INT=10|CHA=10

STARTPACK:Default Pony (War)	VISIBLE:QUALIFY	EQUIPBUY:0	PREMULT:1,[!PRERACE:%],[PRERACE:Pony (War)]
RACE:Pony (War)	!PRERACE:%
NAME:Pony (War)
ALIGN:TN
SKILL:Listen	RANK:5
SKILL:Spot		RANK:5	FREE:YES
FEAT:Endurance
STAT:STR=11|DEX=11|WIS=11|CON=10|INT=10|CHA=10

STARTPACK:Default Porpoise	VISIBLE:QUALIFY	EQUIPBUY:0	PREMULT:1,[!PRERACE:%],[PRERACE:Porpoise]
RACE:Porpoise	!PRERACE:%
NAME:Porpoise
ALIGN:TN
SKILL:Spot		RANK:2
SKILL:Listen	RANK:3
FEAT:Weapon Finesse
STAT:STR=11|DEX=11|CON=11|INT=10|WIS=10|CHA=10

STARTPACK:Default Rat	VISIBLE:QUALIFY	EQUIPBUY:0	PREMULT:1,[!PRERACE:%],[PRERACE:Rat]
RACE:Rat	!PRERACE:%
NAME:Rat
ALIGN:TN
SKILL:Move Silently	RANK:2
SKILL:Climb			RANK:2
SKILL:Move Silently	RANK:2	FREE:YES
FEAT:Weapon Finesse
STAT:DEX=11|STR=10|CON=10|INT=10|WIS=10|CHA=10

STARTPACK:Default Raven	VISIBLE:QUALIFY	EQUIPBUY:0	PREMULT:1,[!PRERACE:%],[PRERACE:Raven]
RACE:Raven	!PRERACE:%
NAME:Raven
ALIGN:TN
SKILL:Listen	RANK:1
SKILL:Spot		RANK:3
FEAT:Weapon Finesse
STAT:DEX=11|STR=10|CON=10|INT=10|WIS=10|CHA=10

STARTPACK:Default Rhinoceros	VISIBLE:QUALIFY	EQUIPBUY:0	PREMULT:1,[!PRERACE:%],[PRERACE:Rhinoceros]
RACE:Rhinoceros	!PRERACE:%
NAME:Rhinoceros
ALIGN:TN
SKILL:Listen	RANK:11
FEAT:Alertness
FEAT:Endurance
FEAT:Improved Natural Attack(Gore)
STAT:CON=11|WIS=11|STR=10|DEX=10|INT=10|CHA=10

STARTPACK:Default Shark (Medium)	VISIBLE:QUALIFY	EQUIPBUY:0	PREMULT:1,[!PRERACE:%],[PRERACE:Shark (Medium)]
RACE:Shark (Medium)	!PRERACE:%
NAME:Shark (Medium)
ALIGN:TN
SKILL:Listen	RANK:3
SKILL:Spot		RANK:3
FEAT:Alertness
FEAT:Weapon Finesse
STAT:STR=11|DEX=11|CON=11|INT=10|WIS=10|CHA=10

STARTPACK:Default Shark (Large)	VISIBLE:QUALIFY	EQUIPBUY:0	PREMULT:1,[!PRERACE:%],[PRERACE:Shark (Large)]
RACE:Shark (Large)	!PRERACE:%
NAME:Shark (Large)
ALIGN:TN
SKILL:Spot		RANK:4
SKILL:Listen	RANK:5
FEAT:Alertness
FEAT:Great Fortitude
FEAT:Improved Initiative
STAT:STR=11|DEX=11|CON=11|INT=10|WIS=10|CHA=10

STARTPACK:Default Shark (Huge)	VISIBLE:QUALIFY	EQUIPBUY:0	PREMULT:1,[!PRERACE:%],[PRERACE:Shark (Huge)]
RACE:Shark (Huge)	!PRERACE:%
NAME:Shark (Huge)
ALIGN:TN
SKILL:Listen	RANK:7
SKILL:Spot		RANK:7
FEAT:Alertness
FEAT:Great Fortitude
FEAT:Improved Initiative
FEAT:Iron Will
STAT:STR=11|DEX=11|CON=11|INT=10|WIS=10|CHA=10

STARTPACK:Default Snake (Constrictor)	VISIBLE:QUALIFY	EQUIPBUY:0	PREMULT:1,[!PRERACE:%],[PRERACE:Snake (Constrictor)]
RACE:Snake (Constrictor)	!PRERACE:%
NAME:Snake (Constrictor)
ALIGN:TN
SKILL:Climb	RANK:3
SKILL:Hide	RANK:3
FEAT:Alertness
FEAT:Toughness
STAT:STR=11|DEX=11|CON=11|INT=10|WIS=10|CHA=10

STARTPACK:Default Snake (Constrictor/Giant)	VISIBLE:QUALIFY	EQUIPBUY:0	PREMULT:1,[!PRERACE:%],[PRERACE:Snake (Constrictor/Giant)]
RACE:Snake (Constrictor/Giant)	!PRERACE:%
NAME:Snake (Constrictor/Giant)
ALIGN:TN
SKILL:Hide		RANK:8
SKILL:Climb		RANK:2
SKILL:Listen	RANK:2
SKILL:Spot		RANK:2
FEAT:Alertness
FEAT:Endurance
FEAT:Skill Focus(Hide)
FEAT:Toughness
STAT:STR=11|DEX=11|CON=11|INT=10|WIS=10|CHA=10

STARTPACK:Default Snake (Viper/Tiny)	VISIBLE:QUALIFY	EQUIPBUY:0	PREMULT:1,[!PRERACE:%],[PRERACE:Snake (Viper/Tiny)]
RACE:Snake (Viper/Tiny)	!PRERACE:%
NAME:Snake (Viper/Tiny)
ALIGN:TN
SKILL:Listen	RANK:1
SKILL:Spot		RANK:1
FEAT:Weapon Finesse
STAT:DEX=11|CON=11|STR=10|INT=10|WIS=10|CHA=10

STARTPACK:Default Snake (Viper/Small)	VISIBLE:QUALIFY	EQUIPBUY:0	PREMULT:1,[!PRERACE:%],[PRERACE:Snake (Viper/Small)]
RACE:Snake (Viper/Small)	!PRERACE:%
NAME:Snake (Viper/Small)
ALIGN:TN
SKILL:Listen	RANK:2
SKILL:Spot		RANK:2
SKILL:Climb		RANK:5
FEAT:Weapon Finesse
STAT:DEX=11|CON=11|STR=10|INT=10|WIS=10|CHA=10

STARTPACK:Default Snake (Viper/Medium)	VISIBLE:QUALIFY	EQUIPBUY:0	PREMULT:1,[!PRERACE:%],[PRERACE:Snake (Viper/Medium)]
RACE:Snake (Viper/Medium)	!PRERACE:%
NAME:Snake (Viper/Medium)
ALIGN:TN
SKILL:Hide	RANK:5
FEAT:Weapon Finesse
STAT:DEX=11|CON=11|STR=10|INT=10|WIS=10|CHA=10

STARTPACK:Default Snake (Viper/Large)	VISIBLE:QUALIFY	EQUIPBUY:0	PREMULT:1,[!PRERACE:%],[PRERACE:Snake (Viper/Large)]
RACE:Snake (Viper/Large)	!PRERACE:%
NAME:Snake (Viper/Large)
ALIGN:TN
SKILL:Spot	RANK:1
SKILL:Hide	RANK:5
FEAT:Improved Initiative
FEAT:Weapon Finesse
STAT:DEX=11|CON=11|STR=10|INT=10|WIS=10|CHA=10

STARTPACK:Default Snake (Viper/Huge)	VISIBLE:QUALIFY	EQUIPBUY:0	PREMULT:1,[!PRERACE:%],[PRERACE:Snake (Viper/Huge)]
RACE:Snake (Viper/Huge)	!PRERACE:%
NAME:Snake (Viper/Huge)
ALIGN:TN
SKILL:Listen	RANK:2
SKILL:Spot		RANK:2
SKILL:Hide		RANK:5
FEAT:Improved Initiative
FEAT:Run
FEAT:Weapon Focus(Bite)
STAT:DEX=11|CON=11|STR=10|INT=10|WIS=10|CHA=10

STARTPACK:Default Squid	VISIBLE:QUALIFY	EQUIPBUY:0	PREMULT:1,[!PRERACE:%],[PRERACE:Squid]
RACE:Squid	!PRERACE:%
NAME:Squid
ALIGN:TN
SKILL:Listen	RANK:4
SKILL:Spot		RANK:2
SKILL:Spot		RANK:2	FREE:YES
FEAT:Alertness
FEAT:Endurance
STAT:DEX=11|CON=11|STR=10|INT=10|WIS=10|CHA=10

STARTPACK:Default Squid (Giant)	VISIBLE:QUALIFY	EQUIPBUY:0	PREMULT:1,[!PRERACE:%],[PRERACE:Squid (Giant)]
RACE:Squid (Giant)	!PRERACE:%
NAME:Squid (Giant)
ALIGN:TN
SKILL:Spot		RANK:8
SKILL:Listen	RANK:8
FEAT:Alertness
FEAT:Diehard
FEAT:Endurance
FEAT:Toughness
FEAT:Toughness
STAT:DEX=11|CON=11|STR=10|INT=10|WIS=10|CHA=10

STARTPACK:Default Tiger	VISIBLE:QUALIFY	EQUIPBUY:0	PREMULT:1,[!PRERACE:%],[PRERACE:Tiger]
RACE:Tiger	!PRERACE:%
NAME:Tiger
ALIGN:TN
SKILL:Hide			RANK:1
SKILL:Move Silently	RANK:3
SKILL:Swim			RANK:5
FEAT:Improved Natural Attack(Claw)
FEAT:Improved Natural Attack(Bite)
FEAT:Alertness
STAT:STR=11|DEX=11|CON=11|INT=10|WIS=10|CHA=10

STARTPACK:Default Toad	VISIBLE:QUALIFY	EQUIPBUY:0	PREMULT:1,[!PRERACE:%],[PRERACE:Toad]
RACE:Toad	!PRERACE:%
NAME:Toad
ALIGN:TN
SKILL:Hide	RANK:4
FEAT:Alertness
STAT:CON=11|STR=10|DEX=10|INT=10|WIS=10|CHA=10

STARTPACK:Default Weasel	VISIBLE:QUALIFY	EQUIPBUY:0	PREMULT:1,[!PRERACE:%],[PRERACE:Weasel]
RACE:Weasel	!PRERACE:%
NAME:Weasel
ALIGN:TN
SKILL:Hide			RANK:1
SKILL:Move Silently	RANK:2
SKILL:Spot			RANK:1
SKILL:Spot			RANK:1	FREE:YES
FEAT:Weapon Finesse
STAT:STR=11|DEX=11|CHA=11|CON=10|INT=10|WIS=10

STARTPACK:Default Whale (Baleen)	VISIBLE:QUALIFY	EQUIPBUY:0	PREMULT:1,[!PRERACE:%],[PRERACE:Whale (Baleen)]
RACE:Whale (Baleen)	!PRERACE:%
NAME:Whale (Baleen)
ALIGN:TN
SKILL:Spot		RANK:7
SKILL:Listen	RANK:8
FEAT:Alertness
FEAT:Diehard
FEAT:Endurance
FEAT:Toughness
FEAT:Toughness
STAT:STR=11|DEX=11|CON=10|INT=10|WIS=10|CHA=10

STARTPACK:Default Whale (Cachalot)	VISIBLE:QUALIFY	EQUIPBUY:0	PREMULT:1,[!PRERACE:%],[PRERACE:Whale (Cachalot)]
RACE:Whale (Cachalot)	!PRERACE:%
NAME:Whale (Cachalot)
ALIGN:TN
SKILL:Listen	RANK:7
SKILL:Spot		RANK:6
FEAT:Alertness
FEAT:Diehard
FEAT:Endurance
FEAT:Improved Natural Attack(Bite)
FEAT:Toughness
STAT:STR=11|DEX=11|CON=10|INT=10|WIS=10|CHA=10

STARTPACK:Default Whale (Orca)	VISIBLE:QUALIFY	EQUIPBUY:0	PREMULT:1,[!PRERACE:%],[PRERACE:Whale (Orca)]
RACE:Whale (Orca)	!PRERACE:%
NAME:Whale (Orca)
ALIGN:TN
SKILL:Listen	RANK:6
SKILL:Spot		RANK:6
FEAT:Alertness
FEAT:Endurance
FEAT:Run
FEAT:Toughness
STAT:STR=11|DEX=11|CON=11|INT=10|WIS=10|CHA=10

STARTPACK:Default Wolf	VISIBLE:QUALIFY	EQUIPBUY:0	PREMULT:1,[!PRERACE:%],[PRERACE:Wolf]
RACE:Wolf	!PRERACE:%
NAME:Wolf
ALIGN:TN
SKILL:Move Silently	RANK:1
SKILL:Listen		RANK:2
SKILL:Spot			RANK:2
FEAT:Weapon Focus(Bite)
STAT:STR=11|DEX=11|CON=11|INT=10|WIS=10|CHA=10

STARTPACK:Default Wolverine	VISIBLE:QUALIFY	EQUIPBUY:0	PREMULT:1,[!PRERACE:%],[PRERACE:Wolverine]
RACE:Wolverine	!PRERACE:%
NAME:Wolverine
ALIGN:TN
SKILL:Listen	RANK:3
SKILL:Spot		RANK:3
FEAT:Alertness
FEAT:Toughness
STAT:DEX=11|CON=11|STR=10|INT=10|WIS=10|CHA=10
