#  Sat May 18 14:56:38 2019 -- reformated by PCGen PrettyLST v6.08.00
#  Fri Nov 16 19:52:40 2018 -- reformated by PCGen PrettyLST v6.08.00
# CVS $Revision: $ $Author: $ -- Fri Jan 29 20:50:52 2016 -- reformated by PCGen PrettyLST v6.06.00
SOURCELONG:Pathfinder Player Companion: Blood of Beast	SOURCESHORT:BOTB	SOURCEWEB:http://paizo.com/products/btpy9j6s	SOURCEDATE:2016-02
# ORIGINAL ENTRY: Gwen T. (evilpixie87)
# ORIGINAL ENTRY DATE: 14 March 2017
# PFS MODS: Mark Means, 2 Jan 2019

# ==============================
# New Spells
# ==============================

# Spell Name			Type			Required Ability									Required Race	Required Type
Batrachian Surge.MOD		TYPE:PFSLegal												PRERACE:1,Grippli	PRETYPE:1,PFSLegal
Bit of Luck.MOD			TYPE:PFSLegal												PRERACE:1,Catfolk	PRETYPE:1,PFSLegal
Contagious Suggestion.MOD	TYPE:PFSLegal															PRETYPE:1,PFSLegal
Curse of Befouled Fortune.MOD	TYPE:PFSLegal															PRETYPE:1,PFSLegal
Depilate.MOD			TYPE:PFSLegal															PRETYPE:1,PFSLegal
Fumblestep.MOD			TYPE:PFSLegal															PRETYPE:1,PFSLegal
Gullibility.MOD			TYPE:PFSLegal															PRETYPE:1,PFSLegal
Hypnotism (Greater).MOD		TYPE:PFSLegal															PRETYPE:1,PFSLegal
Metabolic Molting.MOD		TYPE:PFSLegal												PRERACE:1,Nagaji	PRETYPE:1,PFSLegal
Naga Shape I.MOD			TYPE:PFSLegal	PREABILITY:1,CATEGORY=Special Ability,Bloodrager Bloodline ~ Naga	PRERACE:1,Nagaji	PRETYPE:1,PFSLegal
Naga Shape II.MOD			TYPE:PFSLegal	PREABILITY:1,CATEGORY=Special Ability,Bloodrager Bloodline ~ Naga	PRERACE:1,Nagaji	PRETYPE:1,PFSLegal
Naga Shape III.MOD		TYPE:PFSLegal	PREABILITY:1,CATEGORY=Special Ability,Bloodrager Bloodline ~ Naga	PRERACE:1,Nagaji	PRETYPE:1,PFSLegal
Pouncing Fury.MOD			TYPE:PFSLegal															PRETYPE:1,PFSLegal
Sweat Poison.MOD			TYPE:PFSLegal															PRETYPE:1,PFSLegal
Lightfingers.MOD			TYPE:PFSNotLegal															PRETYPE:1,PFSLegal
