# CVS $Revision$ $Author$ -- Fri Oct 19 20:16:09 2012 -- reformated by prettylst.pl v1.39 (build 15052)
SOURCELONG:Timeline: The Roaring 20s	SOURCESHORT:R20	SOURCEWEB:http://www.rpgobjects.com/index.php?page=pro&product_id=196	SOURCEDATE:2005-01

###Block:Handguns
# Equipment Name	Required Weapon Proficiency		Type														Contains			Cost		Weight	Critical Hit Multiplier	Critical Hit Range	Damage	Range		Size		Source Page		Rate of Fire
Police Positive	PROFICIENCY:WEAPON|Police Positive	TYPE:Weapon.Ranged.Standard.Firearm.Pistol.Handgun.Ballistic.Container.Projectile	CONTAINS:1|Bullet=6	COST:14	WT:2		CRITMULT:x2			CRITRANGE:1			DAMAGE:2d4	RANGE:20	SIZE:T	SOURCEPAGE:p.12	RATEOFFIRE:S
Webley Revolver	PROFICIENCY:WEAPON|Webley Revolver	TYPE:Weapon.Ranged.Standard.Firearm.Pistol.Handgun.Ballistic.Container.Projectile	CONTAINS:1|Bullet=6	COST:15	WT:4		CRITMULT:x2			CRITRANGE:1			DAMAGE:2d6	RANGE:30	SIZE:S	SOURCEPAGE:p.12	RATEOFFIRE:S
Colt Revolver	PROFICIENCY:WEAPON|Colt Revolver	TYPE:Weapon.Ranged.Standard.Firearm.Pistol.Handgun.Ballistic.Container.Projectile	CONTAINS:1|Bullet=6	COST:17	WT:3		CRITMULT:x2			CRITRANGE:1			DAMAGE:2d6	RANGE:30	SIZE:S	SOURCEPAGE:p.12	RATEOFFIRE:S
Luger			PROFICIENCY:WEAPON|Luger		TYPE:Weapon.Ranged.Standard.Firearm.Pistol.Handgun.Ballistic.Container.Projectile	CONTAINS:1|Bullet=8	COST:18	WT:4		CRITMULT:x2			CRITRANGE:1			DAMAGE:2d6	RANGE:30	SIZE:S	SOURCEPAGE:p.12	RATEOFFIRE:S

###Block:Longarms
# Equipment Name			Required Weapon Proficiency					Type													Contains			Cost		Weight	Critical Hit Multiplier	Critical Hit Range	Damage	Range		Size		Source Page		Rate of Fire
Thompson Submachine Gun		PROFICIENCY:WEAPON|Thompson Submachine Gun		TYPE:Weapon.Ranged.Standard.Firearm.Longarm.Ballistic.Container.Projectile	CONTAINS:1|Bullet=100	COST:18	WT:11		CRITMULT:x2			CRITRANGE:1			DAMAGE:2d6	RANGE:30	SIZE:L	SOURCEPAGE:p.12	RATEOFFIRE:S, A
Stevens Model 410			PROFICIENCY:WEAPON|Stevens Model 410			TYPE:Weapon.Ranged.Standard.Firearm.Longarm.Ballistic.Container.Projectile	CONTAINS:1|Bullet=1	COST:14	WT:6		CRITMULT:x2			CRITRANGE:1			DAMAGE:2d6	RANGE:40	SIZE:L	SOURCEPAGE:p.12	RATEOFFIRE:S
Winchester Model 1892		PROFICIENCY:WEAPON|Winchester Model 1892			TYPE:Weapon.Ranged.Standard.Firearm.Longarm.Ballistic.Container.Projectile	CONTAINS:1|Bullet=4	COST:17	WT:10		CRITMULT:x2			CRITRANGE:1			DAMAGE:2d6	RANGE:50	SIZE:M	SOURCEPAGE:p.12	RATEOFFIRE:Single
Winchester Model 1897 Shotgun	PROFICIENCY:WEAPON|Winchester Model 1897 Shotgun	TYPE:Weapon.Ranged.Standard.Firearm.Longarm.Ballistic.Container.Projectile	CONTAINS:1|Bullet=5	COST:18	WT:8		CRITMULT:x2			CRITRANGE:1			DAMAGE:2d8	RANGE:30	SIZE:L	SOURCEPAGE:p.13	RATEOFFIRE:S
Browning Model 1918		PROFICIENCY:WEAPON|Browning Model 1918			TYPE:Weapon.Ranged.Standard.Firearm.Longarm.Ballistic.Container.Projectile	CONTAINS:1|Bullet=20	COST:20	WT:12		CRITMULT:x2			CRITRANGE:1			DAMAGE:2d8	RANGE:50	SIZE:L	SOURCEPAGE:p.13	RATEOFFIRE:S, A

###Block:Heavy Weapon
# Equipment Name	Required Weapon Proficiency			Type													Contains		Cost		Weight	Critical Hit Multiplier	Critical Hit Range	Damage	Range		Size		Source Page		Special Property		Rate of Fire
French Window Gun	PROFICIENCY:WEAPON|French Window Gun	TYPE:Weapon.Ranged.Exotic.Firearm.HeavyWeapon.Ballistic.Container.Projectile	CONTAINS:1|Bullet	COST:23	WT:40		CRITMULT:x2			CRITRANGE:1			DAMAGE:2d8	RANGE:40	SIZE:H	SOURCEPAGE:p.13	SPROP:Lined ammunition	RATEOFFIRE:A

###Block:Civilian cars
# Equipment Name	Type							Cost		Define																														Modifier		Size		Source Page		Modify VAR
Model A		TYPE:Goods.Transportation.Civilian.Car	COST:22	DEFINE:vcrew|0	DEFINE:vpass|0	DEFINE:vcargo|0	DEFINE:vinit|0	DEFINE:vmaneuver|0	DEFINE:vt_speed|0	DEFINE:vdefense|0	DEFINE:vhard|0	DEFINE:vhpee|0	DEFINE:vsize|0	EQMOD:AAVEHICLE	SIZE:L	SOURCEPAGE:p.13	BONUS:VAR|vcrew|1	BONUS:VAR|vpass|3	BONUS:VAR|vcargo|100	BONUS:VAR|vinit|-1	BONUS:VAR|vmaneuver|-1	BONUS:VAR|vt_speed|126	BONUS:VAR|vdefense|9	BONUS:VAR|vhard|5	BONUS:VAR|vhpee|30	BONUS:VAR|vsize|5
Model T		TYPE:Goods.Transportation.Civilian.Car	COST:16	DEFINE:vcrew|0	DEFINE:vpass|0	DEFINE:vcargo|0	DEFINE:vinit|0	DEFINE:vmaneuver|0	DEFINE:vt_speed|0	DEFINE:vdefense|0	DEFINE:vhard|0	DEFINE:vhpee|0	DEFINE:vsize|0	EQMOD:AAVEHICLE	SIZE:L	SOURCEPAGE:p.13	BONUS:VAR|vcrew|1	BONUS:VAR|vpass|3	BONUS:VAR|vcargo|100	BONUS:VAR|vinit|-1	BONUS:VAR|vmaneuver|-1	BONUS:VAR|vt_speed|90	BONUS:VAR|vdefense|9	BONUS:VAR|vhard|5	BONUS:VAR|vhpee|25	BONUS:VAR|vsize|5

###Block:Civilian aircraft
# Equipment Name			Type								Cost		Define																														Modifier		Size		Source Page		Modify VAR
Bristol Fighter (unarmed)	TYPE:Goods.Transportation.Civilian.Aircraft	COST:30	DEFINE:vcrew|0	DEFINE:vpass|0	DEFINE:vcargo|0	DEFINE:vinit|0	DEFINE:vmaneuver|0	DEFINE:vt_speed|0	DEFINE:vdefense|0	DEFINE:vhard|0	DEFINE:vhpee|0	DEFINE:vsize|0	EQMOD:AAVEHICLE	SIZE:H	SOURCEPAGE:p.14	BONUS:VAR|vcrew|1	BONUS:VAR|vpass|1	BONUS:VAR|vcargo|100	BONUS:VAR|vinit|-2	BONUS:VAR|vmaneuver|-2	BONUS:VAR|vt_speed|216	BONUS:VAR|vdefense|8	BONUS:VAR|vhard|5	BONUS:VAR|vhpee|30	BONUS:VAR|vsize|6
Bristol Fighter (armed)		TYPE:Goods.Transportation.Civilian.Aircraft	COST:40	DEFINE:vcrew|0	DEFINE:vpass|0	DEFINE:vcargo|0	DEFINE:vinit|0	DEFINE:vmaneuver|0	DEFINE:vt_speed|0	DEFINE:vdefense|0	DEFINE:vhard|0	DEFINE:vhpee|0	DEFINE:vsize|0	EQMOD:AAVEHICLE	SIZE:H	SOURCEPAGE:p.14	BONUS:VAR|vcrew|1	BONUS:VAR|vpass|1	BONUS:VAR|vcargo|100	BONUS:VAR|vinit|-2	BONUS:VAR|vmaneuver|-2	BONUS:VAR|vt_speed|216	BONUS:VAR|vdefense|8	BONUS:VAR|vhard|5	BONUS:VAR|vhpee|30	BONUS:VAR|vsize|6
Curtiss Robin			TYPE:Goods.Transportation.Civilian.Aircraft	COST:30	DEFINE:vcrew|0	DEFINE:vpass|0	DEFINE:vcargo|0	DEFINE:vinit|0	DEFINE:vmaneuver|0	DEFINE:vt_speed|0	DEFINE:vdefense|0	DEFINE:vhard|0	DEFINE:vhpee|0	DEFINE:vsize|0	EQMOD:AAVEHICLE	SIZE:H	SOURCEPAGE:p.14	BONUS:VAR|vcrew|1	BONUS:VAR|vpass|1	BONUS:VAR|vcargo|450	BONUS:VAR|vinit|-2	BONUS:VAR|vmaneuver|-2	BONUS:VAR|vt_speed|216	BONUS:VAR|vdefense|8	BONUS:VAR|vhard|5	BONUS:VAR|vhpee|25	BONUS:VAR|vsize|6

###Block:Civilian watercraft
# Equipment Name		Type								Cost		Define																														Modifier		Size		Source Page		Modify VAR
Runabout			TYPE:Goods.Transportation.Civilian.Watercraft	COST:30	DEFINE:vcrew|0	DEFINE:vpass|0	DEFINE:vcargo|0	DEFINE:vinit|0	DEFINE:vmaneuver|0	DEFINE:vt_speed|0	DEFINE:vdefense|0	DEFINE:vhard|0	DEFINE:vhpee|0	DEFINE:vsize|0	EQMOD:AAVEHICLE	SIZE:H	SOURCEPAGE:p.14	BONUS:VAR|vcrew|1	BONUS:VAR|vpass|5	BONUS:VAR|vcargo|1500	BONUS:VAR|vinit|-2	BONUS:VAR|vmaneuver|-2	BONUS:VAR|vt_speed|40	BONUS:VAR|vdefense|8	BONUS:VAR|vhard|5	BONUS:VAR|vhpee|25	BONUS:VAR|vsize|6
Cabin Cruiser		TYPE:Goods.Transportation.Civilian.Watercraft	COST:34	DEFINE:vcrew|0	DEFINE:vpass|0	DEFINE:vcargo|0	DEFINE:vinit|0	DEFINE:vmaneuver|0	DEFINE:vt_speed|0	DEFINE:vdefense|0	DEFINE:vhard|0	DEFINE:vhpee|0	DEFINE:vsize|0	EQMOD:AAVEHICLE	SIZE:G	SOURCEPAGE:p.14	BONUS:VAR|vcrew|1	BONUS:VAR|vpass|3	BONUS:VAR|vcargo|1500	BONUS:VAR|vinit|-4	BONUS:VAR|vmaneuver|-4	BONUS:VAR|vt_speed|60	BONUS:VAR|vdefense|6	BONUS:VAR|vhard|5	BONUS:VAR|vhpee|30	BONUS:VAR|vsize|7
Rum Runner (unarmed)	TYPE:Goods.Transportation.Civilian.Watercraft	COST:25	DEFINE:vcrew|0	DEFINE:vpass|0	DEFINE:vcargo|0	DEFINE:vinit|0	DEFINE:vmaneuver|0	DEFINE:vt_speed|0	DEFINE:vdefense|0	DEFINE:vhard|0	DEFINE:vhpee|0	DEFINE:vsize|0	EQMOD:AAVEHICLE	SIZE:H	SOURCEPAGE:p.14	BONUS:VAR|vcrew|1	BONUS:VAR|vpass|3	BONUS:VAR|vcargo|1000	BONUS:VAR|vinit|-2	BONUS:VAR|vmaneuver|0	BONUS:VAR|vt_speed|60	BONUS:VAR|vdefense|8	BONUS:VAR|vhard|5	BONUS:VAR|vhpee|20	BONUS:VAR|vsize|6
Rum Runner (armed)	TYPE:Goods.Transportation.Civilian.Watercraft	COST:30	DEFINE:vcrew|0	DEFINE:vpass|0	DEFINE:vcargo|0	DEFINE:vinit|0	DEFINE:vmaneuver|0	DEFINE:vt_speed|0	DEFINE:vdefense|0	DEFINE:vhard|0	DEFINE:vhpee|0	DEFINE:vsize|0	EQMOD:AAVEHICLE	SIZE:H	SOURCEPAGE:p.14	BONUS:VAR|vcrew|1	BONUS:VAR|vpass|3	BONUS:VAR|vcargo|1000	BONUS:VAR|vinit|-2	BONUS:VAR|vmaneuver|0	BONUS:VAR|vt_speed|60	BONUS:VAR|vdefense|8	BONUS:VAR|vhard|5	BONUS:VAR|vhpee|20	BONUS:VAR|vsize|6
