#  Fri Nov 16 19:52:40 2018 -- reformated by PCGen PrettyLST v6.08.00

# We set up a global ability called 'Default', this is where we will store global variables that need to be accessible to all PCs/NPCs.
# Ability Name			Category of Ability	Auto Armor Prof				Auto Shield Prof				Auto Weapon Prof							Ability
Default				CATEGORY:Internal		AUTO:ARMORPROF|ARMORTYPE=Armor	AUTO:SHIELDPROF|SHIELDTYPE=Shield	AUTO:WEAPONPROF|TYPE=Automatic Weapon Proficiency

# This tracks level dependent abilities nicely
CATEGORY=Internal|Default.MOD																										ABILITY:Internal|AUTOMATIC|Level Dependent|Movement

# This is the global defines.
###Block: Global Defines
# Ability Name			Category of Ability	Define								Ability												Combat bonus							Bonus to skill rank					Modify VAR										Vision
CATEGORY=Internal|Default.MOD					DEFINE:Pool_Talent|0
CATEGORY=Internal|Default.MOD					DEFINE:Pool_Skill|0																																				BONUS:VAR|Pool_Skill|skillinfo("TOTALRANK", "+1 Skill Pool")
CATEGORY=Internal|Default.MOD					DEFINE:Pool_Legacy_Item|0
CATEGORY=Internal|Default.MOD					DEFINE:Pool_Ability_Point|0
CATEGORY=Internal|Default.MOD					DEFINE:AC_Deflection|0
CATEGORY=Internal|Default.MOD					DEFINE:AC_Natural_Armor|0
CATEGORY=Internal|Default.MOD					DEFINE:AC_Dodge|0
CATEGORY=Internal|Default.MOD					DEFINE:CasterLVL|0
CATEGORY=Internal|Default.MOD					DEFINE:LowlightVisionRange|0
CATEGORY=Internal|Default.MOD					DEFINE:Pool_SpellcastingAbility|0				ABILITY:Special Ability|AUTOMATIC|Mana Pool|PREVARGTEQ:ManaPool,1																				BONUS:VAR|Pool_SpellcastingAbility|1|PREVARGTEQ:ManaPool,1
CATEGORY=Internal|Default.MOD					DEFINE:ManaPool|0	DEFINE:ManaPoolBonus|0
CATEGORY=Internal|Default.MOD					DEFINE:SkillRank_Athletics|0
CATEGORY=Internal|Default.MOD					DEFINE:SkillRank_Awareness|0
CATEGORY=Internal|Default.MOD					DEFINE:SkillRank_Endurance|0
CATEGORY=Internal|Default.MOD					DEFINE:SkillRank_Knowledge|0
CATEGORY=Internal|Default.MOD					DEFINE:SkillRank_Persuasion|0
CATEGORY=Internal|Default.MOD					DEFINE:SkillRank_Acrobatics|0
CATEGORY=Internal|Default.MOD					DEFINE:SkillRank_Spellcraft|0
CATEGORY=Internal|Default.MOD					DEFINE:SkillRank_Survival|0
CATEGORY=Internal|Default.MOD					DEFINE:SkillRank_Thievery|0
CATEGORY=Internal|Default.MOD					DEFINE:SkillRank_MaxAllowed|0
CATEGORY=Internal|Default.MOD					DEFINE:RaceBaseSpeed_Walk|0	DEFINE:Speed_Walk|0																															BONUS:VAR|Speed_Walk|RaceBaseSpeed_Walk

CATEGORY=Internal|Default.MOD					DEFINE:MeleeWeaponAttacks|0
CATEGORY=Internal|Default.MOD					DEFINE:RangedWeaponAttacks|0
CATEGORY=Internal|Default.MOD					DEFINE:WeaponDexterityToHit|0




CATEGORY=Internal|Default.MOD																																				BONUS:SKILLRANK|Athletics|SkillRank_Athletics
CATEGORY=Internal|Default.MOD																																				BONUS:SKILLRANK|Awareness|SkillRank_Awareness
CATEGORY=Internal|Default.MOD																																				BONUS:SKILLRANK|Endurance|SkillRank_Endurance
CATEGORY=Internal|Default.MOD																																				BONUS:SKILLRANK|Knowledge|SkillRank_Knowledge
CATEGORY=Internal|Default.MOD																																				BONUS:SKILLRANK|Persuasion|SkillRank_Persuasion
CATEGORY=Internal|Default.MOD																																				BONUS:SKILLRANK|Acrobatics|SkillRank_Acrobatics
CATEGORY=Internal|Default.MOD																																				BONUS:SKILLRANK|Spellcraft|SkillRank_Spellcraft
CATEGORY=Internal|Default.MOD																																				BONUS:SKILLRANK|Survival|SkillRank_Survival
CATEGORY=Internal|Default.MOD																																				BONUS:SKILLRANK|Thievery|SkillRank_Thievery
CATEGORY=Internal|Default.MOD																																												BONUS:VAR|SkillRank_MaxAllowed|min(5,TL+1)

CATEGORY=Internal|Default.MOD																											BONUS:COMBAT|AC|AC_Natural_Armor|TYPE=NaturalArmor
CATEGORY=Internal|Default.MOD																											BONUS:COMBAT|AC|AC_Deflection|TYPE=Deflection
CATEGORY=Internal|Default.MOD																											BONUS:COMBAT|AC|AC_Dodge|TYPE=Dodge

CATEGORY=Internal|Default.MOD														ABILITY:Internal|AUTOMATIC|Low-Light Vision|PREVARGTEQ:LowlightVisionRange,1


Low-Light Vision			CATEGORY:Internal																																																				VISION:Low-Light Vision (LowlightVisionRange)

# We set up an ability to track the legal movmement modes. Once the Formula System is fully operational, we can use the X/Y system.
###Block: Movement Modes
# Ability Name					Unique Key			SORTKEY	Category of Ability		Type						Define																Description																	Ability											Bonus to HP			Add to base move				Save bonus		Modify VAR																												Aspects
Movement												CATEGORY:Internal

CATEGORY=Internal|Movement.MOD																																																						ABILITY:Internal|AUTOMATIC|Movement ~ Walk|PREVARGTEQ:Speed_Walk,1

# So far we only have one used legal movement mode - Walking.
Movement ~ Walk											CATEGORY:Internal																																																												BONUS:MOVEADD|TYPE.Walk|Speed_Walk

# Tracks the PC total level and grants abilities upon each level
Level Dependent											CATEGORY:Internal
CATEGORY=Internal|Level Dependent.MOD																																																					ABILITY:Special Ability|AUTOMATIC|Level Dependent ~ 1|PREPCLEVEL:MIN=1
CATEGORY=Internal|Level Dependent.MOD																																																					ABILITY:Special Ability|AUTOMATIC|Level Dependent ~ 2|PREPCLEVEL:MIN=2
CATEGORY=Internal|Level Dependent.MOD																																																					ABILITY:Special Ability|AUTOMATIC|Level Dependent ~ 3|PREPCLEVEL:MIN=3
CATEGORY=Internal|Level Dependent.MOD																																																					ABILITY:Special Ability|AUTOMATIC|Level Dependent ~ 4|PREPCLEVEL:MIN=4
CATEGORY=Internal|Level Dependent.MOD																																																					ABILITY:Special Ability|AUTOMATIC|Level Dependent ~ 5|PREPCLEVEL:MIN=5
CATEGORY=Internal|Level Dependent.MOD																																																					ABILITY:Special Ability|AUTOMATIC|Level Dependent ~ 6|PREPCLEVEL:MIN=6
CATEGORY=Internal|Level Dependent.MOD																																																					ABILITY:Special Ability|AUTOMATIC|Level Dependent ~ 7|PREPCLEVEL:MIN=7
CATEGORY=Internal|Level Dependent.MOD																																																					ABILITY:Special Ability|AUTOMATIC|Level Dependent ~ 8|PREPCLEVEL:MIN=8

Mana Pool										SORTKEY:0	CATEGORY:Special Ability	TYPE:SpecialQuality.Class Feature																																																																																										ASPECT:NAME|Mana Pool (%1)|ManaPool+ManaPoolBonus

# Tracks the Level dependent grants. The DESC is informational only. In case we need to know what should be granted. There is no intention of displaying this information at this time.
# Level Dependent
1st Level						KEY:Level Dependent ~ 1	SORTKEY:1	CATEGORY:Special Ability	TYPE:SpecialQuality.Class Feature	DEFINE:LegacyCritRangeBonus|0	DEFINE:LegacyEnhancementBonus|0	DEFINE:LegacyDamageReduction|0	DESC:1st Legacy Item (Customizer on Equipment to add to item), 10 Skill Points to start, 2 Talent Points																										BONUS:VAR|Pool_Talent|2	BONUS:VAR|LegacyCritRangeBonus|(TL>=2)+(TL>=6)	BONUS:VAR|LegacyEnhancementBonus|(TL>=4)+(TL>=8)	BONUS:VAR|LegacyDamageReduction|(TL>=2)+(TL>=6)
2nd Level						KEY:Level Dependent ~ 2	SORTKEY:2	CATEGORY:Special Ability	TYPE:SpecialQuality.Class Feature																		DESC:Bonus Hit Point, +1 Skill Point																								BONUS:HP|CURRENTMAX|1
3rd Level						KEY:Level Dependent ~ 3	SORTKEY:3	CATEGORY:Special Ability	TYPE:SpecialQuality.Class Feature																		DESC:All Resistances gain +1, +1 Skill Point, 1 Talent Point																														BONUS:SAVE|ALL|1	BONUS:VAR|Pool_Talent|1
4th Level						KEY:Level Dependent ~ 4	SORTKEY:4	CATEGORY:Special Ability	TYPE:SpecialQuality.Class Feature																		DESC:+1 Ability Point, +1 Skill Point, 2nd Legacy Item																																		BONUS:VAR|Pool_Ability_Point|1
5th Level						KEY:Level Dependent ~ 5	SORTKEY:5	CATEGORY:Special Ability	TYPE:SpecialQuality.Class Feature																		DESC:Natural Armor +1, +1 Skill Point																																					BONUS:VAR|AC_Natural_Armor|1
6th Level						KEY:Level Dependent ~ 6	SORTKEY:6	CATEGORY:Special Ability	TYPE:SpecialQuality.Class Feature																		DESC:All Resistances gain +1, +1 Skill Point, 1 Talent Point																														BONUS:SAVE|ALL|1	BONUS:VAR|Pool_Talent|1
7th Level						KEY:Level Dependent ~ 7	SORTKEY:7	CATEGORY:Special Ability	TYPE:SpecialQuality.Class Feature																		DESC:Natural Armor +1, +1 Skill Point, 3rd Legacy Item																																		BONUS:VAR|AC_Natural_Armor|1
8th Level						KEY:Level Dependent ~ 8	SORTKEY:8	CATEGORY:Special Ability	TYPE:SpecialQuality.Class Feature																		DESC:+1 Ability Point, +1 Skill Point																																					BONUS:VAR|Pool_Ability_Point|1


###Block: Skill Selections
# Ability Name	Category of Ability		Type		Var. Must Be Lower									Description																	Stackable?	Multiple?	Choose		Modify VAR
Acrobatics		CATEGORY:Special Ability	TYPE:Skill	PREVARLT:skillinfo("TOTALRANK", "Acrobatics"),SkillRank_MaxAllowed	DESC:Current rank = %1, Max allowed rank is %2|skillinfo("TOTALRANK", "Acrobatics")|SkillRank_MaxAllowed	STACK:YES	MULT:YES	CHOOSE:NOCHOICE	BONUS:VAR|SkillRank_Acrobatics|1
Athletics		CATEGORY:Special Ability	TYPE:Skill	PREVARLT:skillinfo("TOTALRANK", "Athletics"),SkillRank_MaxAllowed		DESC:Current rank = %1, Max allowed rank is %2|skillinfo("TOTALRANK", "Athletics")|SkillRank_MaxAllowed	STACK:YES	MULT:YES	CHOOSE:NOCHOICE	BONUS:VAR|SkillRank_Athletics|1
Awareness		CATEGORY:Special Ability	TYPE:Skill	PREVARLT:skillinfo("TOTALRANK", "Awareness"),SkillRank_MaxAllowed		DESC:Current rank = %1, Max allowed rank is %2|skillinfo("TOTALRANK", "Awareness")|SkillRank_MaxAllowed	STACK:YES	MULT:YES	CHOOSE:NOCHOICE	BONUS:VAR|SkillRank_Awareness|1
Endurance		CATEGORY:Special Ability	TYPE:Skill	PREVARLT:skillinfo("TOTALRANK", "Endurance"),SkillRank_MaxAllowed		DESC:Current rank = %1, Max allowed rank is %2|skillinfo("TOTALRANK", "Endurance")|SkillRank_MaxAllowed	STACK:YES	MULT:YES	CHOOSE:NOCHOICE	BONUS:VAR|SkillRank_Endurance|1
Knowledge		CATEGORY:Special Ability	TYPE:Skill	PREVARLT:skillinfo("TOTALRANK", "Knowledge"),SkillRank_MaxAllowed		DESC:Current rank = %1, Max allowed rank is %2|skillinfo("TOTALRANK", "Knowledge")|SkillRank_MaxAllowed	STACK:YES	MULT:YES	CHOOSE:NOCHOICE	BONUS:VAR|SkillRank_Knowledge|1
Persuasion		CATEGORY:Special Ability	TYPE:Skill	PREVARLT:skillinfo("TOTALRANK", "Persuasion"),SkillRank_MaxAllowed	DESC:Current rank = %1, Max allowed rank is %2|skillinfo("TOTALRANK", "Persuasion")|SkillRank_MaxAllowed	STACK:YES	MULT:YES	CHOOSE:NOCHOICE	BONUS:VAR|SkillRank_Persuasion|1
Spellcraft		CATEGORY:Special Ability	TYPE:Skill	PREVARLT:skillinfo("TOTALRANK", "Spellcraft"),SkillRank_MaxAllowed	DESC:Current rank = %1, Max allowed rank is %2|skillinfo("TOTALRANK", "Spellcraft")|SkillRank_MaxAllowed	STACK:YES	MULT:YES	CHOOSE:NOCHOICE	BONUS:VAR|SkillRank_Spellcraft|1
Survival		CATEGORY:Special Ability	TYPE:Skill	PREVARLT:skillinfo("TOTALRANK", "Survival"),SkillRank_MaxAllowed		DESC:Current rank = %1, Max allowed rank is %2|skillinfo("TOTALRANK", "Survival")|SkillRank_MaxAllowed	STACK:YES	MULT:YES	CHOOSE:NOCHOICE	BONUS:VAR|SkillRank_Survival|1
Thievery		CATEGORY:Special Ability	TYPE:Skill	PREVARLT:skillinfo("TOTALRANK", "Thievery"),SkillRank_MaxAllowed		DESC:Current rank = %1, Max allowed rank is %2|skillinfo("TOTALRANK", "Thievery")|SkillRank_MaxAllowed	STACK:YES	MULT:YES	CHOOSE:NOCHOICE	BONUS:VAR|SkillRank_Thievery|1

###Block: Ability Selection
# Ability Name	Category of Ability		Type				Stackable?	Multiple?	Choose		Stat bonus
+1 STR		CATEGORY:Special Ability	TYPE:Ability Point	STACK:YES	MULT:YES	CHOOSE:NOCHOICE	BONUS:STAT|STR|1
+1 DEX		CATEGORY:Special Ability	TYPE:Ability Point	STACK:YES	MULT:YES	CHOOSE:NOCHOICE	BONUS:STAT|DEX|1
+1 CON		CATEGORY:Special Ability	TYPE:Ability Point	STACK:YES	MULT:YES	CHOOSE:NOCHOICE	BONUS:STAT|CON|1
+1 INT		CATEGORY:Special Ability	TYPE:Ability Point	STACK:YES	MULT:YES	CHOOSE:NOCHOICE	BONUS:STAT|INT|1
+1 WIS		CATEGORY:Special Ability	TYPE:Ability Point	STACK:YES	MULT:YES	CHOOSE:NOCHOICE	BONUS:STAT|WIS|1
+1 CHA		CATEGORY:Special Ability	TYPE:Ability Point	STACK:YES	MULT:YES	CHOOSE:NOCHOICE	BONUS:STAT|CHA|1

###Block: Legacy Item
# Sample 0	CATEGORY:Special Ability	TYPE:Legacy Item	AUTO:EQUIP|Sample Legacy Item
# Sample 1	CATEGORY:Special Ability	TYPE:Legacy Item	AUTO:EQUIP|Sample Legacy Item
# Sample 2	CATEGORY:Special Ability	TYPE:Legacy Item	AUTO:EQUIP|Sample Legacy Item



# Ability Name		Unique Key					Category of Ability		Type			Description																						Stackable?	Multiple?	Choose							Ability															Bonus Ability Pool				Aspects
Human				KEY:Race Features ~ Human		CATEGORY:Special Ability	TYPE:Race Feature	DESC:+1 to any score
Dwarf				KEY:Race Features ~ Dwarf		CATEGORY:Special Ability	TYPE:Race Feature	DESC:+2 CON, -1 CHA, low light vision 60’, +2 to knowledge checks on one of the following: stonework, woodwork, or metalwork																															BONUS:ABILITYPOOL|Dwarf Knowledge Bonus|1
Half-Dwarf			KEY:Race Features ~ Half-Dwarf	CATEGORY:Special Ability	TYPE:Race Feature	DESC:+1 CON, low light vision 30’
Elf				KEY:Race Features ~ Elf			CATEGORY:Special Ability	TYPE:Race Feature	DESC:+1 DEX, cannot use iron, steel causes discomfort, low light vision 60’, immune to magical sleep, require very little food or water													ABILITY:Special Ability|AUTOMATIC|Cannot use iron|steel causes discomfort
Elfling			KEY:Race Features ~ Elfling		CATEGORY:Special Ability	TYPE:Race Feature	DESC:+2 CHA, -1 WIS, iron causes discomfort, low light vision 60’, fearless (immune to fear effects)																			ABILITY:Special Ability|AUTOMATIC|iron causes discomfort|fearless (immune to fear effects)
Feral Elfling		KEY:Race Features ~ Feral Elfling	CATEGORY:Special Ability	TYPE:Race Feature	DESC:-1 CHA, +2 DEX, cannot use iron, low light vision 60’, fearless (immune to fear effects)																				ABILITY:Special Ability|AUTOMATIC|Cannot use iron
Faun				KEY:Race Features ~ Faun		CATEGORY:Special Ability	TYPE:Race Feature	DESC:+1 DEX, +1 CHA, -1 WIS, low light vision 20’, +2 to saves vs charm



Dwarf Knowledge Bonus							CATEGORY:Special Ability																											STACK:NO	MULT:YES	CHOOSE:STRING|stonework|woodwork|metalwork																								ASPECT:NAME|+2 to knowledge checks on %1|%LIST	ASPECT:SkillBonus|+2 to knowledge checks on %1|%LIST

###Block:
# Ability Name				Category of Ability		Type
Cannot use iron				CATEGORY:Special Ability	TYPE:Race Feature
Steel causes discomfort			CATEGORY:Special Ability	TYPE:Race Feature
Iron causes discomfort			CATEGORY:Special Ability	TYPE:Race Feature
Fearless (immune to fear effects)	CATEGORY:Special Ability	TYPE:Race Feature

# Where we track the Class Features.
# Class Features

Fighter					CATEGORY:Special Ability	TYPE:Fighter Class Feature


###Block: Barbarian Class Featurees
# Ability Name			Unique Key								Category of Ability		Type										Define				Description																																																																																																																																																																																													Ability																							Modify VAR																																																																																											Aspects
Barbarian													CATEGORY:Special Ability	TYPE:Barbarian Class Feature
Rage					KEY:Barbarian ~ Rage						CATEGORY:Special Ability	TYPE:SpecialQuality.Class Feature.Barbarian Class Feature	DEFINE:RageTimes|0		DESC:A barbarian gains +2 to hit and damage in melee attacks and Damage Reduction of 1 for 30 minutes.																																																																																																																																																																																																					BONUS:VAR|RageTimes|1+if(BarbarianLVL>=4,2,0)																																																																																					ASPECT:NAME|Rage (%1/day)|RageTimes
Fast Movement			KEY:Barbarian ~ Fast Movement					CATEGORY:Special Ability	TYPE:SpecialQuality.Class Feature.Barbarian Class Feature						DESC:A barbarian adds 10' to their base movement speed.																																																																																																																																																																																																													BONUS:VAR|RaceBaseSpeed_Walk|10																																																																																							ASPECT:NAME|Fast Movement (10')
Focused Rage			KEY:Barbarian ~ Focused Rage					CATEGORY:Special Ability	TYPE:SpecialQuality.Class Feature.Barbarian Class Feature						DESC:A barbarian gains +4 to hit and damage, and Damage Reduction of 3 for 30 minutes.
Damage Reduction			KEY:Barbarian ~ Damage Reduction				CATEGORY:Special Ability	TYPE:SpecialQuality.Class Feature.Barbarian Class Feature	DEFINE:DamageReduction|0	DESC:%1|DamageReduction																																																																																																																																																																																																																			BONUS:VAR|DamageReduction|1																																																																																								ASPECT:NAME|Damage Reduction %1|DamageReduction

# Archeon
Archeon													CATEGORY:Special Ability	TYPE:Archeon Class Feature
Magic Sense				KEY:Archeon ~ Magic Sense					CATEGORY:Special Ability	TYPE:SpecialQuality.Class Feature.Archeon Class Feature						DESC:When an archeon spends time in a place, or with a person or creature, he may detect if magic has been used. He can also sense if it was ravaging magic. He must spend half an hour in the area or with a person to detect this automatically. If an archeon witnesses the use of magic, he can tell if it is ravaging magic with a DC (Difficulty Class) 15 Awareness check.
Magebane				KEY:Archeon ~ Magebane						CATEGORY:Special Ability	TYPE:SpecialQuality.Class Feature.Archeon Class Feature						DESC:An archeon may use his Magebane ability once per round against any creature or person using magic. He may roll two d20s during an attack and choose the highest roll. He may also use it during Heroic Actions.
Spell Shield			KEY:Archeon ~ Spell Shield					CATEGORY:Special Ability	TYPE:SpecialQuality.Class Feature.Archeon Class Feature						DESC:An archeon can create a shield that blocks magical energy around him and those behind him (within 10 feet). This blocks any damaging spell, including AOE. An archeon can do this 3 times per day.
Disruption				KEY:Archeon ~ Disruption					CATEGORY:Special Ability	TYPE:SpecialQuality.Class Feature.Archeon Class Feature						DESC:An archeon can disrupt a mage up to 40' away. The mage must make a Heroic Action to cast if an archeon is disrupting him. An archeon can do this 3 times per day.
Antimagic Shield			KEY:Archeon ~ Antimagic Shield				CATEGORY:Special Ability	TYPE:SpecialQuality.Class Feature.Archeon Class Feature						DESC:An archeon disrupts any magic cast at him, including beneficial magic. Spells cast at an rcheon have a 50%% failure rate.

# Wylder
Wylder													CATEGORY:Special Ability	TYPE:Wylder Class Feature						DEFINE:ManaPool|0																																																																																																																																																																																																																									BONUS:VAR|ManaPool|2	BONUS:VAR|ManaPool|02|PRECLASS:1,Bard=2	BONUS:VAR|ManaPool|03|PRECLASS:1,Bard=3	BONUS:VAR|ManaPool|04|PRECLASS:1,Bard=4	BONUS:VAR|ManaPool|05|PRECLASS:1,Bard=5	BONUS:VAR|ManaPool|08|PRECLASS:1,Bard=6	BONUS:VAR|ManaPool|09|PRECLASS:1,Bard=7	BONUS:VAR|ManaPool|11|PRECLASS:1,Bard=8																																								ASPECT:CombatBonus|Mana Pool: %1|ManaPool+ManaPoolBonus
Spell Memory			KEY:Wylder ~ Spell Memory					CATEGORY:Special Ability	TYPE:SpecialQuality.Class Feature.Wylder Class Feature						DESC:Unable to record spells in a spellbook, wylders are limited to a number of spells they can know at a given time. This is based on class, level, and ability score.  A wylder may have committed to memory a number of spells equal to their Spell Memory Allotment for a given spell level plus their primary ability score modifier.
Spell Sight				KEY:Wylder ~ Spell Sight					CATEGORY:Special Ability	TYPE:SpecialQuality.Class Feature.Wylder Class Feature						DESC:A wylder can use Spell Sight to memorize a spell that he witnesses being cast. This ability is detailed further in the chapter on Magic.
Wild Magic				KEY:Wylder ~ Wild Magic						CATEGORY:Special Ability	TYPE:SpecialQuality.Class Feature.Wylder Class Feature						DESC:A burst of energy explodes from the wylder's hands toward a target. You must succeed at a ranged touch attack +2. It causes 1d4+1 points of damage, gaining 1d4 in power every 2 levels. It is a force effect. Range 60'.
Chaos Wave				KEY:Wylder ~ Chaos Wave						CATEGORY:Special Ability	TYPE:SpecialQuality.Class Feature.Wylder Class Feature						DESC:A wave of chaotic energy bursts from the wylder in all directions, doing 1d6+1 damage to all in a 10' radius. A wylder may do this 2 times per day.
Discordian Shield			KEY:Wylder ~ Discordian Shield				CATEGORY:Special Ability	TYPE:SpecialQuality.Class Feature.Wylder Class Feature						DESC:A swirling vortex of chaos energy gives the wylder a +2 shield bonus to his or her AC. It lasts 1d6+1 rounds. A wylder may do this 2 times per day.
Focused Wild Magic		KEY:Wylder ~ Focused Wild Magic				CATEGORY:Special Ability	TYPE:SpecialQuality.Class Feature.Wylder Class Feature						DESC:At level 8, a wylder has learned to control the wild magics that flow through them. Their wild magic ability allows them to cast a burst of wild force doing 4d4+4 points of damage. Now that they can focus this energy, they can change the energy type to any they choose - acid, fire, force, ice, water, or wind. Range 120'.

# Luminar
Luminar													CATEGORY:Special Ability	TYPE:Luminar Class Feature						DEFINE:ManaPool|0																																																																																																																																																																																																																									BONUS:VAR|ManaPool|2	BONUS:VAR|ManaPool|02|PRECLASS:1,Luminar=2	BONUS:VAR|ManaPool|03|PRECLASS:1,Luminar=3	BONUS:VAR|ManaPool|04|PRECLASS:1,Luminar=4	BONUS:VAR|ManaPool|05|PRECLASS:1,Luminar=5	BONUS:VAR|ManaPool|08|PRECLASS:1,Luminar=6	BONUS:VAR|ManaPool|09|PRECLASS:1,Luminar=7	BONUS:VAR|ManaPool|11|PRECLASS:1,Luminar=8																																	ASPECT:CombatBonus|Mana Pool: %1|ManaPool+ManaPoolBonus
Energy Burst			KEY:Luminar ~ Energy Burst					CATEGORY:Special Ability	TYPE:SpecialQuality.Class Feature.Luminar Class Feature						DESC:The luminar fires a small orb of energy (caster's focus) at the target. He or she must succeed on a ranged touch attack to hit the target. The orb deals 1d4 +1 points of chosen energy damage (fire, ice, acid, stone, or air). This ability gains in power and adds 1d4 +1 damage for each 2 caster levels. Range 40 ft.
Spell Book				KEY:Luminar ~ Spell Book					CATEGORY:Special Ability	TYPE:SpecialQuality.Class Feature.Luminar Class Feature						DESC:A luminar uses a "spell book" to keep track of their spells. This doesn't have to be an actual book; it could be a staff inscribed with runes, or detailed tattoos, or pieces of leather inscribed with small text.
Spell Sight				KEY:Luminar ~ Spell Sight					CATEGORY:Special Ability	TYPE:SpecialQuality.Class Feature.Luminar Class Feature						DESC:A luminar can use Spell Sight to memorize a spell that he witnesses being cast. This ability is detailed further in the chapter on Magic.
Energy Blast			KEY:Luminar ~ Energy Blast					CATEGORY:Special Ability	TYPE:SpecialQuality.Class Feature.Luminar Class Feature						DESC:The luminar casts a small orb that explodes in a chosen energy (fire, ice, acid, stone or air) up to 40' away from the caster, doing 4d4 damage to all within a 15' radius. The luminar can also cause the energy blast to instead heal 4d4 hit points to all within a 15' radius.
Energy Wall				KEY:Luminar ~ Energy Wall					CATEGORY:Special Ability	TYPE:SpecialQuality.Class Feature.Luminar Class Feature						DESC:Once per day, a luminar can summon a 15' x 2' wall of energy that does 6d4 damage of chosen energy damage (fire, ice, acid, stone or wind) to any who cross.
Call of the Elements		KEY:Luminar ~ Call of the Elements				CATEGORY:Special Ability	TYPE:SpecialQuality.Class Feature.Luminar Class Feature						DESC:Once per day, a luminar can summon a raging storm of chosen energy (fire, ice, acid, stone or air) to do 8d6+8 damage to a 40' radius of creatures. Range 80'. DC (Difficulty Class) 18, Reflex save for half damage. The luminar can also use this ability to instead Stun all creatures in a 40' radius. A DC 18 Will save to negate.

# Bard
Bard														CATEGORY:Special Ability	TYPE:Bard Class Feature							DEFINE:ManaPool|0																																																																																																																																																																																																																									BONUS:VAR|ManaPool|1|PRECLASS:1,Bard=3	BONUS:VAR|ManaPool|1|PRECLASS:1,Bard=4	BONUS:VAR|ManaPool|4|PRECLASS:1,Bard=5	BONUS:VAR|ManaPool|3|PRECLASS:1,Bard=6	BONUS:VAR|ManaPool|2|PRECLASS:1,Bard=7	BONUS:VAR|ManaPool|3|PRECLASS:1,Bard=8																																																			ASPECT:CombatBonus|Mana Pool: %1|ManaPool+ManaPoolBonus
Bardic Knowledge			KEY:Bard ~ Bardic Knowledge					CATEGORY:Special Ability	TYPE:SpecialQuality.Class Feature.Bard Class Feature							DESC:A bard may make a special bardic knowledge check with a bonus equal to his bard level + his Intelligence modifier to see whether he knows some relevant information about local notable people, legendary items, or noteworthy places. (If the bard has 3 or more ranks in Knowledge, he gains a +2 bonus on this check.) A successful bardic knowledge check will not reveal the powers of a magic item but may give a hint as to its general function. A bard may not take 10 or take 20 on this check; this sort of knowledge is essentially random. 10 - Common, known by at least a substantial minority of the local population. 20 - Uncommon but available, known by only a few people. 25 - Obscure, known by few, hard to come by. 30 - Extremely obscure, known by very few, possibly forgotten by most who once knew it, possibly known only by those who don't understand the significance of the knowledge.
Perform Talent			KEY:Bard ~ Perform Talent					CATEGORY:Special Ability	TYPE:SpecialQuality.Class Feature.Bard Class Feature							DESC:Bards automatically get the Perform talent.
Bardic Music			KEY:Bard ~ Bardic Music						CATEGORY:Special Ability	TYPE:SpecialQuality.Class Feature.Bard Class Feature							DESC:Once per day per bard level, a bard can perform songs or poetics to produce magical effects on those around him (usually including himself, if desired). While these abilities fall under the category of bardic music and the descriptions discuss singing or playing instruments, they can all be activated by reciting poetry, chanting, singing lyrical songs, singing melodies, whistling, playing an instrument, or playing an instrument in combination with some spoken performance. Each ability requires a minimum bard level. Starting a bardic music effect is a standard action. Some bardic music abilities require concentration, which means the bard must take a standard action each round to maintain the ability. Even while using bardic music that doesn't require concentration, a bard cannot cast spells, activate magic items by spell completion (such as scrolls), spell trigger (such as wands), or command word. Just as for casting a spell with a verbal component, a deaf bard has a 20%% chance to fail when attempting to use bardic music. If he fails, the attempt still counts against his daily limit.						ABILITY:Special Ability|AUTOMATIC|Bardic Music ~ Countersong|Bardic Music ~ Fascinate|Bardic Music ~ Distract|Bardic Music ~ Inspire Courage
Spell Sight				KEY:Bard ~ Spell Sight						CATEGORY:Special Ability	TYPE:SpecialQuality.Class Feature.Bard Class Feature							DESC:A bard can use Spell Sight to memorize a spell that he hears or witnesses being cast. It is detailed further in the chapter on Magic.
Soothing Song			KEY:Bard ~ Soothing Song					CATEGORY:Special Ability	TYPE:SpecialQuality.Class Feature.Bard Class Feature							DESC:A bard performs for one uninterrupted hour and heal all those who hear his performance for 1d8+4 HP. If interrupted, the spellsong fails, but the bard may continue to attempt the spellsong until successful.
Suggestion				KEY:Bard ~ Suggestion						CATEGORY:Special Ability	TYPE:SpecialQuality.Class Feature.Bard Class Feature							DESC:A bard can make a Suggestion (as the spell) to a creature that he has already Fascinated. Using this ability does not break the bard's concentration on the Fascinate effect, nor does it allow a second saving throw against the Fascinate effect. Making a Suggestion doesn't count against a bard's daily limit on bardic music performances. A Will saving throw (DC 10 + ½ bard's level + bard's CHA modifier) negates the effect. This ability affects only a single creature (but see Mass Suggestion, below). Suggestion is an enchantment (compulsion), mind-affecting, language dependent ability.
Hymn of Horror			KEY:Bard ~ Hymn of Horror					CATEGORY:Special Ability	TYPE:SpecialQuality.Class Feature.Bard Class Feature							DESC:A bard can use his performance to foster a sense of growing dread in his enemies, causing them to become shaken. To be affected, an enemy must be within 30' and able to see and hear the bard's performance. The effect persists for as long as the enemy is within 30' and the bard continues his performance. This performance cannot cause a creature to become frightened or panicked, even if the targets are already shaken from another effect. Hymn of Horror is a mind-affecting fear effect, and it relies on audible and visual components.
Inspire Greatness			KEY:Bard ~ Inspire Greatness					CATEGORY:Special Ability	TYPE:SpecialQuality.Class Feature.Bard Class Feature							DESC:A bard can use music or poetics to inspire greatness in himself or a single willing ally within 30', granting him or her extra fighting capability. To inspire greatness, a bard must sing and an ally must hear him sing. The effect lasts for as long as the ally hears the bard sing and for 5 rounds thereafter. A creature inspired with greatness gains 12 bonus Hit Points, a +2 bonus on attack rolls, and a +1 bonus on Fortitude saves. Inspire Greatness is a mind-affecting ability.

Countersong				KEY:Bardic Music ~ Countersong				CATEGORY:Special Ability	TYPE:SpecialQuality.Class Feature										DESC:A bard can use his music or poetics to counter magical effects that depend on sound (but not spells that simply have verbal components). Each round of the countersong, he makes a Perform check. Any creature within 30' of the bard (including the bard himself) that is affected by a sonic or language-dependent magical attack may use the bard's Perform check result in place of its own saving throw if, after the saving throw is rolled, the Perform check result proves to be higher. If a creature within range of the countersong is already under the effect of a non-instantaneous sonic or language-dependent magical attack, it gains another saving throw against the effect each round it hears the countersong, but it must use the bard's Perform check result for the save. Countersong has no effect against effects that don't allow saves. The bard may keep up the countersong for 10 rounds.
Fascinate				KEY:Bardic Music ~ Fascinate					CATEGORY:Special Ability	TYPE:SpecialQuality.Class Feature					DEFINE:FascinatePeople|0	DESC:A bard can use his music or poetics to cause one or more creatures to become fascinated with him. Each creature to be fascinated must be within 90', able to see and hear the bard, and able to pay attention to him. The bard must also be able to see the creature. The distraction of a nearby combat or other dangers prevents the ability from working. For every three levels a bard attains beyond 1st, he can target one additional creature with a single use of this ability. To use the ability, a bard makes a Heroic Action vs. the target's Will save. If a creature's saving throw succeeds, the bard cannot attempt to fascinate that creature again for 24 hours. If its saving throw fails, the creature sits quietly and listens to the song, taking no other actions, for as long as the bard continues to play and concentrate. If any distraction occurs--such as combat, someone yelling, or physical contact--the spell is broken. Any obvious threat--such as someone drawing a weapon, casting a spell, or aiming a ranged weapon at the target--automatically breaks the effect. Fascinate is an enchantment (compulsion), mind-affecting ability.																									BONUS:VAR|FascinatePeople|1+(BardLVL>=4)+(BardLVL>=7)																																																																																				ASPECT:NAME|Fascinate (%1 people)|FascinatePeople
Distract				KEY:Bardic Music ~ Distract					CATEGORY:Special Ability	TYPE:SpecialQuality.Class Feature										DESC:A bard can use his performance to counter magic effects that depend on sight. Each round of the distraction, he makes a Persuasion (CHA) skill check. Any creature within 30' of the bard (including the bard himself) that is affected by an illusion (pattern) or illusion (figment) magical attack may use the bard's Persuasion check result in place of its own saving throw if, after the saving throw is rolled, the Persuasion skill check proves to be higher. If a creature within range of the distraction is already under the effect of a non-instantaneous illusion (pattern) or illusion (figment) magical attack, it gains another saving throw against the effect each round it sees the distraction, but it must use the bard's Perform skill check result for the save. Distraction does not work on effects that don't allow saves.
Inspire Courage			KEY:Bardic Music ~ Inspire Courage				CATEGORY:Special Ability	TYPE:SpecialQuality.Class Feature					DEFINE:InspireCourage|0		DESC:A bard can use song or poetics to inspire courage in his allies (including himself), bolstering them against fear and improving their combat abilities. To be affected, an ally must be able to hear the bard sing. The effect lasts for as long as the ally hears the bard sing and for 5 rounds thereafter. An affected ally receives a +1 morale bonus on saving throws against charm and fear effects and a +1 morale bonus on attack and weapon damage rolls. Inspire courage is a mind-affecting ability.																																																																																																																																			BONUS:VAR|InspireCourage|1+(BardLVL>=5)																																																																																						ASPECT:NAME|Inspire Courage (+%1)|InspireCourage

# Ranger
Favored Enemy			KEY:Ranger ~ Favored Enemy					CATEGORY:Special Ability	TYPE:SpecialQuality.Class Feature.Ranger Class Feature	DEFINE:Pool_FavoredEnemy|0	DESC:A ranger receives a +2 to hit and a +2 to damage vs. a favored enemy. They may also make skill checks to identify these creatures.																																																																																																																																																																																																BONUS:VAR|Pool_FavoredEnemy|1+(RangerLVL>=5)
Track					KEY:Ranger ~ Track						CATEGORY:Special Ability	TYPE:SpecialQuality.Class Feature.Ranger Class Feature						DESC:Using the Survival skill, a ranger can try to track anything that has passed nearby.
Favored Terrain			KEY:Ranger ~ Favored Terrain					CATEGORY:Special Ability	TYPE:SpecialQuality.Class Feature.Ranger Class Feature	DEFINE:Pool_FavoredTerrain|0	DESC:A ranger picks a type of terrain that he has become an expert in. When he is in the favored terrain, he leaves no tracks and gains +2 to initiative and survival skill checks.																																																																																																																																																																																									BONUS:VAR|Pool_FavoredTerrain|1+(RangerLVL>=8)

Hunter's Bond			KEY:Ranger ~ Hunter's Bond					CATEGORY:Special Ability	TYPE:SpecialQuality.Class Feature.Ranger Class Feature	DEFINE:Pool_HuntersBond|0	DESC:A ranger may choose to receive the Animal Companion Talent, or he may choose to form a pack with his companions. Those who hunt with the Ranger receive his bonus against his favored enemies.																																																																																																																																																																																						BONUS:VAR|Pool_HuntersBond|1
Crippling Strike			KEY:Ranger ~ Crippling Strike					CATEGORY:Special Ability	TYPE:SpecialQuality.Class Feature.Ranger Class Feature						DESC:The ranger cripples his or her opponent with a successful attack. The creature can not move the next round.
Woodland Stride			KEY:Ranger ~ Woodland Stride					CATEGORY:Special Ability	TYPE:SpecialQuality.Class Feature.Ranger Class Feature						DESC:Dense undergrowth, thorns, briars, etc. do not affect the ranger's movement. Magical or enchanted growth still affects the ranger.
Stag's Reflexes			KEY:Ranger ~ Stag's Reflexes					CATEGORY:Special Ability	TYPE:SpecialQuality.Class Feature.Ranger Class Feature						DESC:Grants +2 enhancement to AC as a Dexterity bonus. Ranger must focus for one round. Lasts 30 minutes. Can be used once per day.
Swift Tracker			KEY:Ranger ~ Swift Tracker					CATEGORY:Special Ability	TYPE:SpecialQuality.Class Feature.Ranger Class Feature						DESC:Beginning at 8th level, a ranger can move at his normal speed while following tracks without taking the normal -5 penalty. He takes only a -10 penalty (instead of the normal -20) when moving at up to twice normal speed while tracking.

# Ranger Favored Enemy
Animal				KEY:Ranger Favored Enemy ~ Animal				CATEGORY:Special Ability	TYPE:SpecialQuality.Class Feature.Ranger Favored Enemy						DESC:+2 to hit and a +2 to damage vs. Animal																																																																																																																																																																																																																																																																																																											ASPECT:CombatBonus|+2 to hit and a +2 to damage vs. Animal
Humanoid (goblinoid)		KEY:Ranger Favored Enemy ~ Humanoid (Goblinoid)		CATEGORY:Special Ability	TYPE:SpecialQuality.Class Feature.Ranger Favored Enemy						DESC:+2 to hit and a +2 to damage vs. Humanoid (Goblinoid)																																																																																																																																																																																																																																																																																																									ASPECT:CombatBonus|+2 to hit and a +2 to damage vs. Humanoid (Goblinoid)
Construct				KEY:Ranger Favored Enemy ~ Construct			CATEGORY:Special Ability	TYPE:SpecialQuality.Class Feature.Ranger Favored Enemy						DESC:+2 to hit and a +2 to damage vs. Construct																																																																																																																																																																																																																																																																																																											ASPECT:CombatBonus|+2 to hit and a +2 to damage vs. Construct
Humanoid (Elfling)		KEY:Ranger Favored Enemy ~ Humanoid (Elfling)		CATEGORY:Special Ability	TYPE:SpecialQuality.Class Feature.Ranger Favored Enemy						DESC:+2 to hit and a +2 to damage vs. Humanoid (Elfling)																																																																																																																																																																																																																																																																																																									ASPECT:CombatBonus|+2 to hit and a +2 to damage vs. Humanoid (Elfling)
Draconian				KEY:Ranger Favored Enemy ~ Draconian			CATEGORY:Special Ability	TYPE:SpecialQuality.Class Feature.Ranger Favored Enemy						DESC:+2 to hit and a +2 to damage vs. Draconian																																																																																																																																																																																																																																																																																																											ASPECT:CombatBonus|+2 to hit and a +2 to damage vs. Draconian
Humanoid (Human)			KEY:Ranger Favored Enemy ~ Humanoid (Human)		CATEGORY:Special Ability	TYPE:SpecialQuality.Class Feature.Ranger Favored Enemy						DESC:+2 to hit and a +2 to damage vs. Humanoid (Human)																																																																																																																																																																																																																																																																																																									ASPECT:CombatBonus|+2 to hit and a +2 to damage vs. Humanoid (Human)
Fey (Athelesn)			KEY:Ranger Favored Enemy ~ Fey (Athelesn)			CATEGORY:Special Ability	TYPE:SpecialQuality.Class Feature.Ranger Favored Enemy						DESC:+2 to hit and a +2 to damage vs. Fey (Athelesn)																																																																																																																																																																																																																																																																																																										ASPECT:CombatBonus|+2 to hit and a +2 to damage vs. Fey (Athelesn)
Plant					KEY:Ranger Favored Enemy ~ Plant				CATEGORY:Special Ability	TYPE:SpecialQuality.Class Feature.Ranger Favored Enemy						DESC:+2 to hit and a +2 to damage vs. Plant																																																																																																																																																																																																																																																																																																											ASPECT:CombatBonus|+2 to hit and a +2 to damage vs. Plant
Fey (Navirite, Aberration)	KEY:Ranger Favored Enemy ~ Fey (Navirite/Aberration)	CATEGORY:Special Ability	TYPE:SpecialQuality.Class Feature.Ranger Favored Enemy						DESC:+2 to hit and a +2 to damage vs. Fey (Navirite, Aberration)																																																																																																																																																																																																																																																																																																								ASPECT:CombatBonus|+2 to hit and a +2 to damage vs. Fey (Navirite, Aberration)
Undead				KEY:Ranger Favored Enemy ~ Undead				CATEGORY:Special Ability	TYPE:SpecialQuality.Class Feature.Ranger Favored Enemy						DESC:+2 to hit and a +2 to damage vs. Undead																																																																																																																																																																																																																																																																																																											ASPECT:CombatBonus|+2 to hit and a +2 to damage vs. Undead
Humanoid (Dwarf)			KEY:Ranger Favored Enemy ~ Humanoid (Dwarf)		CATEGORY:Special Ability	TYPE:SpecialQuality.Class Feature.Ranger Favored Enemy						DESC:+2 to hit and a +2 to damage vs. Humanoid (Dwarf)																																																																																																																																																																																																																																																																																																									ASPECT:CombatBonus|+2 to hit and a +2 to damage vs. Humanoid (Dwarf)
Vermin				KEY:Ranger Favored Enemy ~ Vermin				CATEGORY:Special Ability	TYPE:SpecialQuality.Class Feature.Ranger Favored Enemy						DESC:+2 to hit and a +2 to damage vs. Vermin																																																																																																																																																																																																																																																																																																											ASPECT:CombatBonus|+2 to hit and a +2 to damage vs. Vermin
Humanoid (Elf)			KEY:Ranger Favored Enemy ~ Humanoid (Elf)			CATEGORY:Special Ability	TYPE:SpecialQuality.Class Feature.Ranger Favored Enemy						DESC:+2 to hit and a +2 to damage vs. Humanoid (Elf)																																																																																																																																																																																																																																																																																																										ASPECT:CombatBonus|+2 to hit and a +2 to damage vs. Humanoid (Elf)
Humanoid (Giant)			KEY:Ranger Favored Enemy ~ Humanoid (Giant)		CATEGORY:Special Ability	TYPE:SpecialQuality.Class Feature.Ranger Favored Enemy						DESC:+2 to hit and a +2 to damage vs. Humanoid (Giant)																																																																																																																																																																																																																																																																																																									ASPECT:CombatBonus|+2 to hit and a +2 to damage vs. Humanoid (Giant)

# Ranger Favored Terrain Choices? Made three up - forest, plain and ocean...
Forest				KEY:Ranger Favored Terrain ~ Forest				CATEGORY:Special Ability	TYPE:SpecialQuality.Class Feature.Ranger Favored Enemy						DESC:When in the favored terrain of XXX, he leaves no tracks and gains +2 to initiative and survival skill checks.																																																																																																																																																																																																																																																																																															ASPECT:CombatBonus|In XXX favored terrain, +2 to initiative checks.	ASPECT:SkillBonus|In XXX favored terrain, +2 to survival skill checks.
Plain					KEY:Ranger Favored Terrain ~ Plain				CATEGORY:Special Ability	TYPE:SpecialQuality.Class Feature.Ranger Favored Enemy						DESC:When in the favored terrain of XXX, he leaves no tracks and gains +2 to initiative and survival skill checks.																																																																																																																																																																																																																																																																																															ASPECT:CombatBonus|In XXX favored terrain, +2 to initiative checks.	ASPECT:SkillBonus|In XXX favored terrain, +2 to survival skill checks.
Ocean					KEY:Ranger Favored Terrain ~ Ocean				CATEGORY:Special Ability	TYPE:SpecialQuality.Class Feature.Ranger Favored Enemy						DESC:When in the favored terrain of XXX, he leaves no tracks and gains +2 to initiative and survival skill checks.																																																																																																																																																																																																																																																																																															ASPECT:CombatBonus|In XXX favored terrain, +2 to initiative checks.	ASPECT:SkillBonus|In XXX favored terrain, +2 to survival skill checks.

#
Animal Companion			KEY:Hunter's Bond ~ Animal Companion			CATEGORY:Special Ability	TYPE:Hunter's Bond																																																																																																																																																																																																										ABILITY:Talent|AUTOMATIC|Talent ~ Animal Companion
Pack Bond				KEY:Hunter's Bond ~ Pack Bond					CATEGORY:Special Ability	TYPE:Hunter's Bond

# Rogue
Sneak Attack			KEY:Rogue ~ Sneak Attack					CATEGORY:Special Ability	TYPE:SpecialQuality.Class Feature.Rogue Class Feature		DEFINE:SneakAttackDice|0	DESC:A rogue can use a sneak attack on an enemy who is distracted, flanked, or flat-footed.																																																																																																																																																																																																							BONUS:VAR|SneakAttackDice|(RogueLVL+1)/2																																																																																						ASPECT:NAME|Sneak Attack (%1d6)|SneakAttackDice
Trapfinder				KEY:Rogue ~ Trapfinder						CATEGORY:Special Ability	TYPE:SpecialQuality.Class Feature.Rogue Class Feature							DESC:A rogue can search and disarm traps when the DC is over 20.
Evasion				KEY:Rogue ~ Evasion						CATEGORY:Special Ability	TYPE:SpecialQuality.Class Feature.Rogue Class Feature							DESC:If a rogue makes a successful Reflex save against an attack that deals half damage if successful, the rogue takes no damage.
Incredible Dodge			KEY:Rogue ~ Incredible Dodge					CATEGORY:Special Ability	TYPE:SpecialQuality.Class Feature.Rogue Class Feature							DESC:A rogue is never caught flat-footed.
Advanced Thieving			KEY:Rogue ~ Advanced Thieving					CATEGORY:Special Ability	TYPE:SpecialQuality.Class Feature.Rogue Class Feature							DESC:A rogue is never distracted while using her thievery skill. A rogue also has a chance (a "gut feeling") of a trap up ahead before she even asks to search an area.
Improved Incredible Dodge	KEY:Rogue ~ Improved Incredible Dodge			CATEGORY:Special Ability	TYPE:SpecialQuality.Class Feature.Rogue Class Feature							DESC:A rogue can never be flanked, or have a sneak attack performed on them.
Immobilize Enemy			KEY:Rogue ~ Immobilize Enemy					CATEGORY:Special Ability	TYPE:SpecialQuality.Class Feature.Rogue Class Feature							DESC:The target of the sneak attack must succeed at a DC 20 Fortitude save or be immobilized for 1d4 rounds.





Spellcasting Ability ~ Int										CATEGORY:Special Ability	TYPE:Spellcasting Ability																																																																																																																																																																																																																																	BONUS:VAR|ManaPoolBonus|1+if(CasterLVL>=3,3,0)|PRESTAT:1,INT=14|!PRESTAT:1,INT=16	BONUS:VAR|ManaPoolBonus|1+if(CasterLVL>=3,3,0)+if(CasterLVL>=5,5,0)|PRESTAT:1,INT=16|!PRESTAT:1,INT=18	BONUS:VAR|ManaPoolBonus|1+if(CasterLVL>=3,3,0)+if(CasterLVL>=5,5,0)+if(CasterLVL>=7,7,0)|PRESTAT:1,INT=18|!PRESTAT:1,INT=20	BONUS:VAR|ManaPoolBonus|2+if(CasterLVL>=3,3,0)+if(CasterLVL>=5,5,0)+if(CasterLVL>=7,7,0)|PRESTAT:1,INT=20|!PRESTAT:1,INT=22	BONUS:VAR|ManaPoolBonus|1+if(CasterLVL>=3,6,0)+if(CasterLVL>=5,5,0)+if(CasterLVL>=7,7,0)|PRESTAT:1,INT=22
Spellcasting Ability ~ Wis										CATEGORY:Special Ability	TYPE:Spellcasting Ability																																																																																																																																																																																																																																	BONUS:VAR|ManaPoolBonus|1+if(CasterLVL>=3,3,0)|PRESTAT:1,WIS=14|!PRESTAT:1,WIS=16	BONUS:VAR|ManaPoolBonus|1+if(CasterLVL>=3,3,0)+if(CasterLVL>=5,5,0)|PRESTAT:1,WIS=16|!PRESTAT:1,WIS=18	BONUS:VAR|ManaPoolBonus|1+if(CasterLVL>=3,3,0)+if(CasterLVL>=5,5,0)+if(CasterLVL>=7,7,0)|PRESTAT:1,WIS=18|!PRESTAT:1,WIS=20	BONUS:VAR|ManaPoolBonus|2+if(CasterLVL>=3,3,0)+if(CasterLVL>=5,5,0)+if(CasterLVL>=7,7,0)|PRESTAT:1,WIS=20|!PRESTAT:1,WIS=22	BONUS:VAR|ManaPoolBonus|1+if(CasterLVL>=3,6,0)+if(CasterLVL>=5,5,0)+if(CasterLVL>=7,7,0)|PRESTAT:1,WIS=22
Spellcasting Ability ~ Cha										CATEGORY:Special Ability	TYPE:Spellcasting Ability																																																																																																																																																																																																																																	BONUS:VAR|ManaPoolBonus|1+if(CasterLVL>=3,3,0)|PRESTAT:1,CHA=14|!PRESTAT:1,CHA=16	BONUS:VAR|ManaPoolBonus|1+if(CasterLVL>=3,3,0)+if(CasterLVL>=5,5,0)|PRESTAT:1,CHA=16|!PRESTAT:1,CHA=18	BONUS:VAR|ManaPoolBonus|1+if(CasterLVL>=3,3,0)+if(CasterLVL>=5,5,0)+if(CasterLVL>=7,7,0)|PRESTAT:1,CHA=18|!PRESTAT:1,CHA=20	BONUS:VAR|ManaPoolBonus|2+if(CasterLVL>=3,3,0)+if(CasterLVL>=5,5,0)+if(CasterLVL>=7,7,0)|PRESTAT:1,CHA=20|!PRESTAT:1,CHA=22	BONUS:VAR|ManaPoolBonus|1+if(CasterLVL>=3,6,0)+if(CasterLVL>=5,5,0)+if(CasterLVL>=7,7,0)|PRESTAT:1,CHA=22



###Block: Talents
# Ability Name			Unique Key						Category of Ability	Type		Description																																																																												Stackable?	Multiple?	Choose				Ability									Combat bonus									Bonus DR		Save bonus			Bonus to Situation										Bonus to skill			Modify VAR											Weapon prof. bonus				Damage Reduction	Cost		Aspects
Advantage				KEY:Talent ~ Advantage				CATEGORY:Talent		TYPE:Talent	DESC:Once per game day, you put all your focus into making the best of a situation. You roll 2d20 and pick the result you want.																																																																																																																																					COST:2
Agile					KEY:Talent ~ Agile				CATEGORY:Talent		TYPE:Talent	DESC:You get a +2 bonus on all Athletics checks.																																																																																																																							BONUS:SKILL|Athletics|2																								COST:1
Alertness				KEY:Talent ~ Alertness				CATEGORY:Talent		TYPE:Talent	DESC:You get a +2 bonus on all Awareness checks.																																																																																																																							BONUS:SKILL|Awareness|2																								COST:1
Animal Affinity			KEY:Talent ~ Animal Affinity			CATEGORY:Talent		TYPE:Talent	DESC:You get a +2 bonus on all Persuasion checks with animals.																																																																																																								BONUS:SITUATION|Persuasion=animals|2																																		COST:1
Animal Companion			KEY:Talent ~ Animal Companion			CATEGORY:Talent		TYPE:Talent	DESC:The character has an animal follower that is loyal and understands the character's commands. The animal is typical of its species but may improve as the character gains experience.																																																								ABILITY:Internal|AUTOMATIC|Companion ~ Animal Companion																																																											COST:1
Blind Fight				KEY:Talent ~ Blind Fight			CATEGORY:Talent		TYPE:Talent	DESC:In melee, every time you miss because of concealment, you can reroll your miss chance percentile roll one time to see if you actually hit. An invisible attacker gets no advantages related to hitting you in melee. That is, you don't lose your Dexterity bonus to Armor Class, and the attacker doesn't get the usual +2 bonus for being invisible. The invisible attacker's bonuses do still apply for ranged attacks, however.																																																																																				COST:1
Call of Nature			KEY:Talent ~ Call of Nature			CATEGORY:Talent		TYPE:Talent	DESC:You have an affinity to nature. You can calm animals with a CHA check, you leave no tracks in natural environments, and are unhindered by natural undergrowth.																																																																																																																															COST:1
Cleave				KEY:Talent ~ Cleave				CATEGORY:Talent		TYPE:Talent	DESC:If you deal a creature enough damage to make it drop (typically by dropping it to below 0 hit points or killing it), you get an immediate, extra melee attack against another creature within reach. You cannot take a 5-foot step before making this extra attack. The extra attack is with the same weapon and at the same bonus as the attack that dropped the previous creature. You can use this ability once per round.																																																																																					COST:2
Deceitful				KEY:Talent ~ Deceitful				CATEGORY:Talent		TYPE:Talent	DESC:You get a +2 bonus on all Persuasion checks concerning disguise, forgery, or lying..																																																																																																				BONUS:SITUATION|Persuasion=disguise,Persuasion=forgery,Persuasion=lying|2																												COST:1
Deflect Arrows			KEY:Talent ~ Deflect Arrows			CATEGORY:Talent		TYPE:Talent	DESC:You must have at least one hand free (holding nothing) to use this feat. Once per round when you would normally be hit with a ranged weapon, you may deflect it so that you take no damage from it. You must be aware of the attack and not flat-footed. It is handled like a Heroic Action, but attempting to deflect a ranged weapon doesn't count as an action. Unusually massive ranged weapons and ranged attacks generated by spell effects can't be deflected.																																																																														COST:2
Disburse Magic			KEY:Talent ~ Disburse Magic			CATEGORY:Talent		TYPE:Talent	DESC:Once per round when you would normally be affected by magic, you may negate it so that you take no damage from it. You must be aware of the attack and not flat-footed. It is handled like a Heroic Action, attempting to disburse magic doesn't count as an action.																																																																																																														COST:2
Dodge					KEY:Talent ~ Dodge				CATEGORY:Talent		TYPE:Talent	DESC:You receive a +1 dodge bonus to your AC.																																																																																																																													BONUS:VAR|AC_Dodge|1																			COST:1
Dual Wield				KEY:Talent ~ Dual Wield				CATEGORY:Talent		TYPE:Talent	DESC:You can fight with two weapons with a penalty of -1 to hit on your primary weapon and -2 to hit on your off-hand weapon.																																																																												BONUS:COMBAT|TOHIT-PRIMARY|5	BONUS:COMBAT|TOHIT-SECONDARY|8																																																COST:2
Empower Spell			KEY:Talent ~ Empower Spell			CATEGORY:Talent		TYPE:Talent	DESC:You spend one mana to add 3 to your spell's dice result.																																																																																																																																																COST:1
Enlarge Spell			KEY:Talent ~ Enlarge Spell			CATEGORY:Talent		TYPE:Talent	DESC:You can double the range of spells by doubling the mana.																																																																																																																																																COST:1
Expanded Critical			KEY:Talent ~ Expanded Critical		CATEGORY:Talent		TYPE:Talent	DESC:Add 1 to your potential critical range for all weapons. Can not stack.																																																																																																																																				BONUS:WEAPONPROF=TYPE.Weapons|CRITRANGE|1				COST:1
Exotic Weapon Proficiency	KEY:Talent ~ Exotic Weapon Proficiency	CATEGORY:Talent		TYPE:Talent	DESC:[Not implemented] You are proficient at one exotic weapon.																																																																																																																																																COST:1
Far Shot				KEY:Talent ~ Far Shot				CATEGORY:Talent		TYPE:Talent	DESC:[Not implemented] When you use a projectile weapon, such as a bow, its range increment increases by one-half (multiply by 1½). When you use a thrown weapon, its range increment is doubled.																																																																																																																										COST:2
Focused Ravaging			KEY:Talent ~ Focused Ravaging			CATEGORY:Talent		TYPE:Talent	DESC:A ravaging spellcaster can focus where their energy comes from, dealing the spell's mana cost in damage to the target. Range 30'																																																																																																																																				COST:1
Great Fortitude			KEY:Talent ~ Great Fortitude			CATEGORY:Talent		TYPE:Talent	DESC:You can add +2 bonus to  all Fortitude checks.																																																																																																						BONUS:SAVE|Fortitude|2																																									COST:1
Healing				KEY:Talent ~ Healing				CATEGORY:Talent		TYPE:Talent	DESC:You can take a round to bind an injury (the target gains back +1 HP). During rest a healer can use their abilities to allow other characters gain back double the normal hit points. Does not stack.																																																																																																																									COST:1
Investigator			KEY:Talent ~ Investigator			CATEGORY:Talent		TYPE:Talent	DESC:You get a +2 bonus on all Awareness and WIS checks.																																																																																																																						BONUS:SKILL|Awareness|2																								COST:1
Improved Initiative		KEY:Talent ~ Improved Initiative		CATEGORY:Talent		TYPE:Talent	DESC:You get a +2 bonus to your initiative.																																																																																									BONUS:COMBAT|INITIATIVE|2																																																						COST:1
Lightning Reflexes		KEY:Talent ~ Lightning Reflexes		CATEGORY:Talent		TYPE:Talent	DESC:You get a +2 bonus to all Reflex saving throws.																																																																																																						BONUS:SAVE|Reflex|2																																									COST:1
Magical Aptitude			KEY:Talent ~ Magical Aptitude			CATEGORY:Talent		TYPE:Talent	DESC:You get a +2 Bonus to Spellcraft checks.																																																																																																																								BONUS:SKILL|Spellcraft|2																							COST:1
Maximize Spell			KEY:Talent ~ Maximize Spell			CATEGORY:Talent		TYPE:Talent	DESC:You can triple the mana for a spell and all numeric effects of a spell are maximized.																																																																																																																																											COST:2
Multi-Shot				KEY:Talent ~ Multi-Shot				CATEGORY:Talent		TYPE:Talent	DESC:As a standard action, you may fire two arrows at a single opponent within 30 feet. Both arrows use the same attack roll (with a -4 penalty) to determine success and deal damage normally.																																																																																																																											COST:2
Negotiator				KEY:Talent ~ Negotiator				CATEGORY:Talent		TYPE:Talent	DESC:You get a +2 bonus on all CHA and Persuasion checks.																																																																																																																						BONUS:SKILL|STAT.CHA|2																								COST:1
Mythic Heroic Action		KEY:Talent ~ Mythic Heroic Action		CATEGORY:Talent		TYPE:Talent	DESC:You add a +2 to any heroic action.																																																																																																																																																				COST:3
Over-Extended Attack		KEY:Talent ~ Over-Extended Attack		CATEGORY:Talent		TYPE:Talent	DESC:You add an additional 1d6 damage to a successful melee hit, but you also receive the same damage as you strain your body in the attack.																																																																																																																																			COST:1
Parry					KEY:Talent ~ Parry				CATEGORY:Talent		TYPE:Talent	DESC:Once per round when you would normally be hit with a melee weapon, you may parry it so that you take no damage from it. You must be aware of the attack and not flat-footed. It is handled like a Heroic Action, but attempting to parry a melee weapon doesn't count as an action.																																																																																																												COST:2
Perform				KEY:Talent ~ Perform				CATEGORY:Talent		TYPE:Talent	DESC:The adventurer is skilled in a form of entertainment. It can be used to distract, encourage, or enchant others.																																																																																																																																							COST:1
Powerful				KEY:Talent ~ Powerful				CATEGORY:Talent		TYPE:Talent	DESC:You get a +2 bonus to all Athletics and STR skill checks.																																																																																																																					BONUS:SKILL|STAT.STR|2																								COST:1
Rapid shot				KEY:Talent ~ Rapid shot				CATEGORY:Talent		TYPE:Talent	DESC:You gain one more attack with a ranged weapon. The additional attack is at your highest attack bonus -2.																																																																																																																																								COST:2	ASPECT:CombatBonus|You gain one more attack with a ranged weapon. The additional attack is at your highest attack bonus -2.
Rebuke Spell			KEY:Talent ~ Rebuke Spell			CATEGORY:Talent		TYPE:Talent	DESC:Once per round when you would normally be hit with a magic spell which causes damage, you may rebuke it so that you take no damage from it. You must be aware of the attack and not flat-footed. It is handled like a Heroic Action, but attempting to deflect a magic spell doesn't count as an action.																																																																																																								COST:2
Run					KEY:Talent ~ Run					CATEGORY:Talent		TYPE:Talent	DESC:For a single move action per round, you can move double your normal speed with no disadvantage. While running, you retain your Dexterity bonus to AC.																																																																																																																																	COST:1
Shield Bash				KEY:Talent ~ Shield Bash			CATEGORY:Talent		TYPE:Talent	DESC:As an action, which does not count as an attack, you can attempt to knock prone an adjacent opponent with a Heroic Action. If successful, it also does 1d4 damage.																																																																																																																															COST:1
Sidestep				KEY:Talent ~ Sidestep				CATEGORY:Talent		TYPE:Talent	DESC:If your opponent misses you with an attack, you may move 5' afterwards.																																																																																																																																														COST:1
Skilled				KEY:Talent ~ Skilled				CATEGORY:Talent		TYPE:Talent	DESC:You receive two extra skill points.																																																																																																																														BONUS:VAR|Pool_Skill_Point|2																		COST:1
Spellmastery			KEY:Talent ~ Spellmastery			CATEGORY:Talent		TYPE:Talent	DESC:You get a +3 bonus on all Spellcraft Checks.																																																																																																																							BONUS:SKILL|Spellcraft|3																							COST:2
Spell Resistance			KEY:Talent ~ Spell Resistance			CATEGORY:Talent		TYPE:Talent	DESC:You get a +3 to all saves vs magic.																																																																																																																																																				COST:1	ASPECT:SaveBonus|+3 to all saves vs magic.
Stealthy				KEY:Talent ~ Stealthy				CATEGORY:Talent		TYPE:Talent	DESC:You get a +2 bonus on all DEX checks which include hiding and/or moving silently.																																																																																																																	BONUS:SKILL|STAT.DEX|2																								COST:1
Studious				KEY:Talent ~ Studious				CATEGORY:Talent		TYPE:Talent	DESC:You get a +2 bonus to all Knowledge and INT checks.																																																																																																																						BONUS:SKILL|Knowledge|2																								COST:1
Stunning Strike			KEY:Talent ~ Stunning Strike			CATEGORY:Talent		TYPE:Talent	DESC:You take a -5 to attack, but if your attack hits your opponent is stunned for one round.																																																																																																																																											COST:1	ASPECT:CombatBonus|take a -5 to attack, but if your attack hits your opponent is stunned for one round.
Survivalist				KEY:Talent ~ Survivalist			CATEGORY:Talent		TYPE:Talent	DESC:You get a +2 bonus to all Survival and WIS checks.																																																																																																																						BONUS:SKILL|Survival|2																								COST:1
Take a Hit				KEY:Talent ~ Take a Hit				CATEGORY:Talent		TYPE:Talent	DESC:You can take a hit and suffer less damage. Damage Reduction(DR) -1.																																																																																															BONUS:DR|-|1																																										DR:0/-		COST:1
Tenacity				KEY:Talent ~ Tenacity				CATEGORY:Talent		TYPE:Talent	DESC:You get a +2 bonus on all Endurance checks.																																																																																																																							BONUS:SKILL|Endurance|2																								COST:1
Unbreakable Will			KEY:Talent ~ Unbreakable Will			CATEGORY:Talent		TYPE:Talent	DESC:You get a +2 bonus to all Will saving throws.																																																																																																						BONUS:SAVE|Will|2																																										COST:1
Weapon Dexterity			KEY:Talent ~ Weapon Dexterity			CATEGORY:Talent		TYPE:Talent	DESC:You may use your dexterity bonus on small and medium melee weapons as your to hit bonus.																																																																																																																					BONUS:VAR|WeaponDexterityToHit|-STR	BONUS:VAR|WeaponDexterityToHit|DEX											COST:1
Weapon Specialty			KEY:Talent ~ Weapon Specialty			CATEGORY:Talent		TYPE:Talent	DESC:You may choose a weapon and gain +1 to the attack and +1 to damage.																																																																	STACK:NO	MULT:YES	CHOOSE:WEAPONPROFICIENCY|PC																																																											BONUS:WEAPONPROF=%LIST|TOHIT,DAMAGE|1				COST:1
Wild Empathy			KEY:Talent ~ Wild Empathy			CATEGORY:Talent		TYPE:Talent	DESC:You improve the attitude of an animal. This ability functions just like a Persuasion check made to improve the attitude of a person.																																																																																																																																				COST:1
Whirlwind Attack			KEY:Talent ~ Whirlwind Attack			CATEGORY:Talent		TYPE:Talent	DESC:Once per round, you can attack all of those within reach with your full base attack bonus.																																																																																																																																											COST:2	ASPECT:CombatBonus|Once per round, you can attack all of those within reach with your full base attack bonus.


###Block:
# Ability Name	Unique Key					Category of Ability	Define				Modify VAR					Allow Follower			Allowed Companions
Animal Companion	KEY:Companion ~ Animal Companion	CATEGORY:Internal		DEFINE:AnimalCompanionLVL|0	BONUS:VAR|AnimalCompanionLVL|TL	FOLLOWERS:Animal Companion|1	COMPANIONLIST:Animal Companion|RACESUBTYPE=Animal Companion

###Block:
# Ability Name	Unique Key					Category of Ability		Type									Description																																		Source Page
Link			KEY:Animal Companion ~ Link		CATEGORY:Special Ability	TYPE:Animal Companion Class Feature.SpecialQuality	DESC:There is a link between an animal companion and their partner. A player can suggest an action to their animal companion as a free action, and there is a favorable understanding and bond between the two.	SOURCEPAGE:p.
Evasion		KEY:Animal Companion ~ Evasion	CATEGORY:Special Ability	TYPE:Animal Companion Class Feature.SpecialQuality	DESC:If an animal companion makes a successful Reflex save against an attack that deals half damage if successful, the rogue takes no damage.												SOURCEPAGE:p.
Share Vision	KEY:Animal Companion ~ Share Vision	CATEGORY:Special Ability	TYPE:Animal Companion Class Feature.SpecialQuality	DESC:The player can see through the eyes of their animal companion at will. There are no distance restrictions.																	SOURCEPAGE:p.
Share Mind		KEY:Animal Companion ~ Share Mind	CATEGORY:Special Ability	TYPE:Animal Companion Class Feature.SpecialQuality	DESC:The player and companion share a strong mind link, and both gain a +4 against mind influencing spells and effects as long as they are with 100’ of each other.								SOURCEPAGE:p.

###Block:
# Ability Name					Category of Ability	Template						Ability																							Modify VAR
Race Traits ~ Animal Companion		CATEGORY:Internal									ABILITY:Internal|AUTOMATIC|Assign RaceSubtype ~ Animal Companion|PREVAREQ:MasterLevel,0	ABILITY:Internal|AUTOMATIC|Assign RaceType ~ Animal	BONUS:VAR|Pool_Talent|CompanionLVL


# Animal Companion Race Subtype is removed once the race has been made into an Animal Companion
Assign RaceSubtype ~ Animal Companion	CATEGORY:Internal		TEMPLATE:Race Subtype ~ Animal Companion
Assign RaceType ~ Animal			CATEGORY:Internal		TEMPLATE:Race Type ~ Animal
