# CVS $Revision$ $Author$ -- Tue Dec 15 01:48:08 2015 -- reformated by PCGen PrettyLST v6.06.00
SOURCELONG:Fantasy Flight Games - City Works	SOURCESHORT:CW	SOURCEWEB:http://www.fantasyflightgames.com/dd42.html	SOURCEDATE:2003-08
# Original Entry by: Eddy Anthony

# Spell Name		Type				Classes of caster								School			Sub-School			Components		Casting Time	Range			Item		Target Area or Effect			Duration					Save Info					Spell Resistance		Required Ability							Source Page		Description
Erad's Silent Killer	TYPE:Arcane			CLASSES:Sorcerer,Wizard=2						SCHOOL:Evocation						COMPS:V, S, F	CASTTIME:1 action	RANGE:Long		ITEM:Potion	TARGETAREA:One creature			DURATION:Instantaneous			SAVEINFO:Fortitude half			SPELLRES:Yes											SOURCEPAGE:p.35	DESC:Deals 1d6 damage per caster level
Friends			TYPE:Arcane			CLASSES:Bard,Sorcerer,Wizard=1					SCHOOL:Transmutation					COMPS:V, S, M	CASTTIME:1 action	RANGE:Personal			TARGETAREA:You				DURATION:(CASTERLEVEL) minutes	SAVEINFO:None				SPELLRES:None											SOURCEPAGE:p.36	DESC:You assume a friendly, welcoming countenance that puts others at ease
Silent Steel		TYPE:Arcane.Divine	CLASSES:Bard,Ranger,Sorcerer,Wizard=1				SCHOOL:Transmutation					COMPS:F		CASTTIME:1 action	RANGE:Touch		ITEM:Potion	TARGETAREA:Creature touched		DURATION:(CASTERLEVEL) minutes	SAVEINFO:Will negates (Harmless)	SPELLRES:Yes (Harmless)										SOURCEPAGE:p.36	DESC:You create a magical buffer around weapons, armor and shields, eliminating the loud clangs they make as their bearer moves

# Urbanmancy Prestige Spells

Call Loyal Servant	TYPE:Arcane.Divine	CLASSES:Cleric,Druid,Sorcerer,Wizard=7				SCHOOL:Conjuration	SUBSCHOOL:Summoning	COMPS:V, S, M	CASTTIME:1 round	RANGE:Close		ITEM:Potion	TARGETAREA:One summoned creature	DURATION:(CASTERLEVEL) rounds (D)	SAVEINFO:None				SPELLRES:No			PREABILITY:1,CATEGORY=FEAT,Urbanmancer,SpeakerSpells	SOURCEPAGE:p.37	DESC:You summon a human with up to 5 total levels in classes of your choice
City Elemental I		TYPE:Arcane.Divine	CLASSES:Bard,Cleric,Druid,Paladin,Ranger,Sorcerer,Wizard=4	SCHOOL:Conjuration	SUBSCHOOL:Summoning	COMPS:V, S, M	CASTTIME:1 round	RANGE:Close		ITEM:Potion	TARGETAREA:One summoned creature	DURATION:(CASTERLEVEL) rounds (D)	SAVEINFO:None				SPELLRES:No			PREABILITY:1,CATEGORY=FEAT,Urbanmancer,SpeakerSpells	SOURCEPAGE:p.37	DESC:You summon a Small earth elemental as per summon monster III
City Elemental II		TYPE:Arcane.Divine	CLASSES:Cleric,Druid,Sorcerer,Wizard=6				SCHOOL:Conjuration	SUBSCHOOL:Summoning	COMPS:V, S, M	CASTTIME:1 round	RANGE:Close		ITEM:Potion	TARGETAREA:One summoned creature	DURATION:(CASTERLEVEL) rounds (D)	SAVEINFO:None				SPELLRES:No			PREABILITY:1,CATEGORY=FEAT,Urbanmancer,SpeakerSpells	SOURCEPAGE:p.37	DESC:You summon a Medium Sized earth elemental as per summon monster III
City Elemental III	TYPE:Arcane.Divine	CLASSES:Cleric,Druid,Sorcerer,Wizard=8				SCHOOL:Conjuration	SUBSCHOOL:Summoning	COMPS:V, S, M	CASTTIME:1 round	RANGE:Close		ITEM:Potion	TARGETAREA:One summoned creature	DURATION:(CASTERLEVEL) rounds (D)	SAVEINFO:None				SPELLRES:No			PREABILITY:1,CATEGORY=FEAT,Urbanmancer,SpeakerSpells	SOURCEPAGE:p.38	DESC:You summon a Huge earth elemental as per summon monster III
City's Whispers		TYPE:Arcane.Divine	CLASSES:Bard,Cleric,Druid,Paladin,Ranger,Sorcerer,Wizard=1	SCHOOL:Divination						COMPS:V, S,		CASTTIME:1 action	RANGE:Personal			TARGETAREA:You				DURATION:Instantaneous			SAVEINFO:None				SPELLRES:No			PREABILITY:1,CATEGORY=FEAT,Urbanmancer,SpeakerSpells	SOURCEPAGE:p.38	DESC:You call the spirits of the city and bid them to bring you general news or rumors
Lord of the City		TYPE:Arcane.Divine	CLASSES:Cleric,Druid,Sorcerer,Wizard=9				SCHOOL:Enchantment	SUBSCHOOL:Charm		COMPS:V, S, F	CASTTIME:1 hour	RANGE:Personal			TARGETAREA:You				DURATION:(CASTERLEVEL) weeks		SAVEINFO:None				SPELLRES:No			PREABILITY:1,CATEGORY=FEAT,Urbanmancer,SpeakerSpells	SOURCEPAGE:p.38	DESC:You work a tremendous charm over an entire city making yourself appear important
Outcast's Curse		TYPE:Arcane.Divine	CLASSES:Bard,Cleric,Druid,Paladin,Ranger,Sorcerer,Wizard=3	SCHOOL:Transmutation					COMPS:V, S,		CASTTIME:1 action	RANGE:Long		ITEM:Potion	TARGETAREA:One creature			DURATION:(CASTERLEVEL) rounds (D)	SAVEINFO:Will negates			SPELLRES:Yes		PREABILITY:1,CATEGORY=FEAT,Urbanmancer,SpeakerSpells	SOURCEPAGE:p.39	DESC:You turn the city against a target, causing him to suffer bad luck and sudden setbacks
Tales of Stone and Wood	TYPE:Arcane.Divine	CLASSES:Bard,Cleric,Druid,Paladin,Ranger,Sorcerer,Wizard=2	SCHOOL:Divination						COMPS:V, S,		CASTTIME:1 action	RANGE:Personal			TARGETAREA:You				DURATION:Instantaneous			SAVEINFO:None				SPELLRES:No			PREABILITY:1,CATEGORY=FEAT,Urbanmancer,SpeakerSpells	SOURCEPAGE:p.39	DESC:You learn information about a building and its occupants
Voice of Authority	TYPE:Arcane.Divine	CLASSES:Cleric,Druid,Sorcerer,Wizard=5				SCHOOL:Enchantment	SUBSCHOOL:Charm		COMPS:V, S,		CASTTIME:1 action	RANGE:Personal			TARGETAREA:You				DURATION:(CASTERLEVEL) rounds		SAVEINFO:None				SPELLRES:No			PREABILITY:1,CATEGORY=FEAT,Urbanmancer,SpeakerSpells	SOURCEPAGE:p.39	DESC:You brim with confidence and social cunning, allowing you to convince others to do your bidding

#
# end
#
