# CVS $Revision$ $Author$ -- Fri Oct 19 20:16:09 2012 -- reformated by prettylst.pl v1.39 (build 15052)
SOURCELONG:Modern System Reference Document	SOURCESHORT:MSRD	SOURCEWEB:http://www.wizards.com/D20/article.asp?x=msrd	SOURCEDATE:2002-01

# Class Name	Hit Dice	Type			Max Level	Source Page						Save checks bonus											Combat bonus		Modify VAR
CLASS:Ambassador	HD:6		TYPE:PC.Advanced	MAXLEVEL:10	SOURCEPAGE:FutureAdvancedClasses.rtf	BONUS:CHECKS|BASE.Fortitude,BASE.Reflex|CL/3	BONUS:CHECKS|BASE.Will|CL/2+2	BONUS:COMBAT|BAB|CL*3/4	BONUS:VAR|ClassDefense|(CL+1)/2	BONUS:VAR|Reputation|(CL+2)/3	BONUS:VAR|Action|CL*6
# Class Name	Required Ability					Required Skill
CLASS:Ambassador	PREABILITY:2,CATEGORY=Talent,Charm,Favor	PRESKILL:3,Diplomacy=6,Knowledge (Civics)=6,Knowledge (Theology and Philosophy)=6
# Class Name	Skill Pts/Lvl	Class Skill
CLASS:Ambassador	STARTSKILLPTS:4	CSKILL:Bluff|Computer Use|Diplomacy|Gather Information|Intimidate|Knowledge (Behavioral Sciences)|Knowledge (Civics)|Knowledge (Current Events)|Knowledge (History)|Knowledge (Theology and Philosophy)|Profession|Read/Write Language|Research|Sense Motive|Speak Language
1												ABILITY:Special Ability|AUTOMATIC|Diplomatic Immunity
2							BONUS:SKILL|Diplomacy|CL/2	ABILITY:Special Ability|AUTOMATIC|Open Arms
3	BONUS:ABILITYPOOL|Ambassador Feat|1
4												ABILITY:Special Ability|AUTOMATIC|Information Access
5												ABILITY:Special Ability|AUTOMATIC|Stipend
6	BONUS:ABILITYPOOL|Ambassador Feat|1
7												ABILITY:Special Ability|AUTOMATIC|Restricted Access
8												ABILITY:Special Ability|AUTOMATIC|Stipend
9	BONUS:ABILITYPOOL|Ambassador Feat|1
10												ABILITY:Special Ability|AUTOMATIC|Select Consuls

# Class Name	Hit Dice	Type			Max Level	Source Page						Save checks bonus												Combat bonus		Modify VAR
CLASS:Dogfighter	HD:8		TYPE:PC.Advanced	MAXLEVEL:10	SOURCEPAGE:FutureAdvancedClasses.rtf	BONUS:CHECKS|BASE.Fortitude,BASE.Will|CL/3	BONUS:CHECKS|BASE.Reflex|CL/2+2	BONUS:COMBAT|BAB|CL*3/4	BONUS:VAR|ClassDefense|(CL+1)/2	BONUS:VAR|Reputation|(CL+1)/3	BONUS:VAR|Action|CL*6
# Class Name	Required Check Base	Required Feat					Required Skill
CLASS:Dogfighter	PRECHECKBASE:1,Reflex=2	PREFEAT:1,Starship Operation (Ultralight)	PRESKILL:1,Pilot=6
# Class Name	Skill Pts/Lvl	Class Skill
CLASS:Dogfighter	STARTSKILLPTS:4	CSKILL:Bluff|Computer Use|Craft (Electronic)|Craft (Mechanical)|Knowledge (Popular Culture)|Knowledge (Streetwise)|Knowledge (Technology)|Navigate|Pilot|Profession|Repair
1	BONUS:ABILITYPOOL|Dogfighter Feat|1
2													ABILITY:Special Ability|AUTOMATIC|Defender of the Universe
3	BONUS:ABILITYPOOL|Dogfighter Feat|1
4							BONUS:VAR|ShakeRattleRoll|(CL-1)/3	ABILITY:Special Ability|AUTOMATIC|Shake Rattle and Roll
5													ABILITY:Special Ability|AUTOMATIC|To the Max
6	BONUS:ABILITYPOOL|Dogfighter Feat|1
8													ABILITY:Special Ability|AUTOMATIC|Keep it Together
9	BONUS:ABILITYPOOL|Dogfighter Feat|1

# Class Name	Hit Dice	Type			Max Level	Source Page						Save checks bonus															Combat bonus		Modify VAR
CLASS:Dreadnought	HD:12		TYPE:PC.Advanced	MAXLEVEL:10	SOURCEPAGE:FutureAdvancedClasses.rtf	BONUS:CHECKS|BASE.Fortitude|CL/2+2	BONUS:CHECKS|BASE.Reflex|CL/3	BONUS:CHECKS|BASE.Will|(CL+3)*2/5	BONUS:COMBAT|BAB|CL*3/4	BONUS:VAR|ClassDefense|(CL+1)/3	BONUS:VAR|Reputation|(CL-1)/3	BONUS:VAR|Action|CL*6
# Class Name	Multiple Requirements																					Required Skill
CLASS:Dreadnought	PREMULT:2,[PREFEAT:1,Improved Damage Threshold],[PREABILITY:2,CATEGORY=Talent,TYPE=DamageReduction,TYPE=EnergyResistance,TYPE=Unbreakable]	PRESKILL:1,Intimidate=6
# Class Name	Skill Pts/Lvl	Class Skill
CLASS:Dreadnought	STARTSKILLPTS:2	CSKILL:Balance|Climb|Concentration|Intimidate|Jump|Profession|Survival|Swim|Tumble
1								BONUS:MISC|ACHECK|2																							ABILITY:Special Ability|AUTOMATIC|Fearless|Stability|Unhindered
2												BONUS:VAR|AbilitySurgeTimes|(CL+1)/3	BONUS:VAR|AbilitySurgeRounds|CL										ABILITY:Special Ability|AUTOMATIC|Dreadnought Ability Surge|Steamroller
3	BONUS:ABILITYPOOL|Dreadnought Feat|1
4												BONUS:VAR|MasterDefender|((CL-1)/3)*2												DEFINE:MasterDefender|0	ABILITY:Special Ability|AUTOMATIC|Master Defender
5																																		ABILITY:Special Ability|AUTOMATIC|Knockdown
6	BONUS:ABILITYPOOL|Dreadnought Feat|1
8																									BONUS:WEAPONPROF=ALL|PCSIZE|1					ABILITY:Special Ability|AUTOMATIC|Heavy Artillery
9	BONUS:ABILITYPOOL|Dreadnought Feat|1

# Class Name	Hit Dice	Type			Max Level	Source Page						Save checks bonus												Combat bonus		Modify VAR
CLASS:Engineer	HD:6		TYPE:PC.Advanced	MAXLEVEL:10	SOURCEPAGE:FutureAdvancedClasses.rtf	BONUS:CHECKS|BASE.Fortitude,BASE.Reflex|(CL+3)*2/5	BONUS:CHECKS|BASE.Will|CL/3	BONUS:COMBAT|BAB|CL*3/4	BONUS:VAR|ClassDefense|(CL+1)/3	BONUS:VAR|Reputation|CL/3	BONUS:VAR|Action|CL*6
# Class Name	Required Skill
CLASS:Engineer	PRESKILL:5,Computer Use=6,Craft (Electronic)=6,Craft (Mechanical)=6,Knowledge (Technology)=6,Repair=6
# Class Name	Skill Pts/Lvl	Class Skill
CLASS:Engineer	STARTSKILLPTS:6	CSKILL:Computer Use|Craft (Electronic)|Craft (Mechanical)|Craft (Structural)|Disable Device|Drive|Knowledge (Physical Sciences)|Knowledge (Technology)|Navigate|Pilot|Profession|Read/Write Language|Repair|Search|Speak Language
1	BONUS:ABILITYPOOL|Builder|1		BONUS:VAR|ImproveKit|1		ABILITY:Special Ability|AUTOMATIC|Improve Kit
2												ABILITY:Special Ability|AUTOMATIC|Quick Craft|Superior Repair
3	BONUS:ABILITYPOOL|Engineer Feat|1
4							BONUS:VAR|ImproveKit|1		ABILITY:Special Ability|AUTOMATIC|Reconfigure Weapon|Sabotage
5							BONUS:VAR|CraftReserve|CL*100	ABILITY:Special Ability|AUTOMATIC|Craft XP Reserve|Quick Craft
6	BONUS:ABILITYPOOL|Engineer Feat|1
7							BONUS:VAR|ImproveKit|1		ABILITY:Special Ability|AUTOMATIC|Quick Fix
8												ABILITY:Special Ability|AUTOMATIC|Weapon Upgrade
9	BONUS:ABILITYPOOL|Engineer Feat|1
10												ABILITY:Special Ability|AUTOMATIC|Unflustered

# Class Name	Hit Dice	Type			Max Level	Source Page						Save checks bonus									Combat bonus		Modify VAR
CLASS:Explorer	HD:8		TYPE:PC.Advanced	MAXLEVEL:10	SOURCEPAGE:FutureAdvancedClasses.rtf	BONUS:CHECKS|BASE.Fortitude,BASE.Reflex,BASE.Will|(CL+3)*2/5	BONUS:COMBAT|BAB|CL*3/4	BONUS:VAR|ClassDefense|(CL+1)/2	BONUS:VAR|Reputation|CL/3	BONUS:VAR|Action|CL*6
# Class Name	Multiple Requirements
CLASS:Explorer	PREMULT:2,[PRESKILL:3,Knowledge (Earth and Life Sciences)=6,Survival=6,Search=4],[PRESKILL:1,Knowledge (History)=4,Knowledge (Physical Sciences)=4,Knowledge (Theology and Philosophy)=4]
# Class Name	Skill Pts/Lvl	Class Skill
CLASS:Explorer	STARTSKILLPTS:6	CSKILL:Balance|Bluff|Climb|Decipher Script|Disable Device|Drive|Gather Information|Handle Animal|Investigate|Jump|Knowledge (Arcane Lore)|Knowledge (Art)|Knowledge (Earth and Life Sciences)|Knowledge (History)|Knowledge (Physical Sciences)|Knowledge (Theology and Philosophy)|Listen|Navigate|Pilot|Read/Write Language|Research|Ride|Search|Sense Motive|Speak Language|Spot|Survival|Swim|Treat Injury
1							BONUS:VAR|ExplorerLore|CL+INT	ABILITY:Special Ability|AUTOMATIC|Explorer Lore|Survivalist		AUTO:FEAT|Guide|Track
2												ABILITY:Special Ability|AUTOMATIC|Resolve|Skilled Researcher
3	BONUS:ABILITYPOOL|Explorer Feat|1
4							BONUS:VAR|TrapSense|(CL-1)/3	ABILITY:Special Ability|AUTOMATIC|Trap Sense
5												ABILITY:Special Ability|AUTOMATIC|Extra Step
6	BONUS:ABILITYPOOL|Explorer Feat|1
8												ABILITY:Special Ability|AUTOMATIC|Explorer's Evasion
9	BONUS:ABILITYPOOL|Explorer Feat|1

# Class Name		Hit Dice	Type			Max Level	Source Page						Save checks bonus											Combat bonus		Modify VAR
CLASS:Field Officer	HD:8		TYPE:PC.Advanced	MAXLEVEL:10	SOURCEPAGE:FutureAdvancedClasses.rtf	BONUS:CHECKS|BASE.Fortitude,BASE.Reflex|CL/3	BONUS:CHECKS|BASE.Will|CL/2+2	BONUS:COMBAT|BAB|CL	BONUS:VAR|ClassDefense|(CL+1)/2	BONUS:VAR|Reputation|(CL+2)/3	BONUS:VAR|Action|CL*6
# Class Name		Req. Att.	Required Feat					Required Skill
CLASS:Field Officer	PREATT:2	PREFEAT:1,Personal Firearms Proficiency	PRESKILL:2,Diplomacy=6,Knowledge (Tactics)=6
# Class Name		Skill Pts/Lvl	Class Skill
CLASS:Field Officer	STARTSKILLPTS:4	CSKILL:Bluff|Computer Use|Diplomacy|Gather Information|Intimidate|Knowledge (Behavioral Sciences)|Knowledge (Civics)|Knowledge (History)|Knowledge (Physical Sciences)|Knowledge (Tactics)|Knowledge (Theology and Philosophy)|Read/Write Language|Sense Motive|Speak Language
1								ABILITY:Special Ability|AUTOMATIC|Leadership
2								ABILITY:Special Ability|AUTOMATIC|Uncanny Survival
3	BONUS:ABILITYPOOL|FieldOfficer Feat|1
4								ABILITY:Special Ability|AUTOMATIC|Tactical Expertise
5								ABILITY:Special Ability|AUTOMATIC|August Leadership
6	BONUS:ABILITYPOOL|FieldOfficer Feat|1
7								ABILITY:Special Ability|AUTOMATIC|Tactical Mastery
8								ABILITY:Special Ability|AUTOMATIC|Commanding Presence
9	BONUS:ABILITYPOOL|FieldOfficer Feat|1
10								ABILITY:Special Ability|AUTOMATIC|Action Trust

# Class Name		Hit Dice	Type			Max Level	Source Page						Save checks bonus												Combat bonus		Modify VAR
CLASS:Helix Warrior	HD:10		TYPE:PC.Advanced	MAXLEVEL:10	SOURCEPAGE:FutureAdvancedClasses.rtf	BONUS:CHECKS|BASE.Fortitude,BASE.Will|(CL+3)*2/5	BONUS:CHECKS|BASE.Reflex|CL/3	BONUS:COMBAT|BAB|CL	BONUS:VAR|ClassDefense|(CL+1)/2	BONUS:VAR|Reputation|CL/3	BONUS:VAR|Action|CL*6
# Class Name		Req. Att.	Required Feat		Required Skill
CLASS:Helix Warrior	PREATT:3	PREFEAT:1,Endurance	PRESKILL:1,Knowledge (Tactics)=3
# Class Name		Skill Pts/Lvl	Class Skill
CLASS:Helix Warrior	STARTSKILLPTS:2	CSKILL:Balance|Climb|Computer Use|Demolitions|Escape Artist|Hide|Intimidate|Jump|Listen|Move Silently|Navigate|Spot|Survival|Swim|Tumble
1																	ABILITY:Special Ability|AUTOMATIC|Haul|Light Sleeper|Survivor
2	VISION:Darkvision (60')
3					BONUS:ABILITYPOOL|HelixWarrior Feat|1
4																	ABILITY:Special Ability|AUTOMATIC|Strong as an Ox
5												BONUS:VISION|Darkvision|30	ABILITY:Special Ability|AUTOMATIC|Superior Conditioning
6					BONUS:ABILITYPOOL|HelixWarrior Feat|1
7																	ABILITY:Special Ability|AUTOMATIC|Improved Reaction
8												BONUS:VISION|Darkvision|30
9					BONUS:ABILITYPOOL|HelixWarrior Feat|1
10																	ABILITY:Special Ability|AUTOMATIC|Decisive Attack

# Class Name		Hit Dice	Type			Max Level	Source Page						Save checks bonus															Combat bonus		Modify VAR
CLASS:Space Monkey	HD:10		TYPE:PC.Advanced	MAXLEVEL:10	SOURCEPAGE:FutureAdvancedClasses.rtf	BONUS:CHECKS|BASE.Fortitude|CL/2+2	BONUS:CHECKS|BASE.Reflex|(CL+3)*2/5	BONUS:CHECKS|BASE.Will|CL/3	BONUS:COMBAT|BAB|CL*3/4	BONUS:VAR|ClassDefense|(CL+1)/2	BONUS:VAR|Reputation|(CL-1)/4	BONUS:VAR|Action|CL*6
# Class Name		Multiple Requirements
CLASS:Space Monkey	PREMULT:2,[PREABILITY:1,CATEGORY=Starting Occupation,Astronaut Trainee],[PREABILITY:1,CATEGORY=Talent,TYPE=Unbreakable]	PREMULT:2,[PRESKILL:1,Craft (Mechanical)=6,Craft (Structural)=6],[PRESKILL:1,Survival=6]
# Class Name		Skill Pts/Lvl	Class Skill
CLASS:Space Monkey	STARTSKILLPTS:4	CSKILL:Balance|Bluff|Climb|Computer Use|Craft (Mechanical)|Craft (Structural)|Demolitions|Disable Device|Drive|Escape Artist|Jump|Knowledge (Earth and Life Sciences)|Knowledge (Technology)|Navigate|Pilot|Repair|Search|Survival|Treat Injury|Tumble
1																						ABILITY:Special Ability|AUTOMATIC|Hibernation Trance
2																BONUS:VAR|MonkeysWrench|CL/2		ABILITY:Special Ability|AUTOMATIC|Monkey's Wrench
3	BONUS:ABILITYPOOL|SpaceMonkey Feat|1
4																						ABILITY:Special Ability|AUTOMATIC|Monkeys Unite
5																BONUS:VAR|KnowLocation|((CL-2)/3)*2	ABILITY:Special Ability|AUTOMATIC|Know Location
6	BONUS:ABILITYPOOL|SpaceMonkey Feat|1
7																						ABILITY:Special Ability|AUTOMATIC|Monkey Shines
8								BONUS:MISC|ACHECK|1	BONUS:MISC|MAXDEX|1							ABILITY:Special Ability|AUTOMATIC|Space Suitable
9	BONUS:ABILITYPOOL|SpaceMonkey Feat|1
10																						ABILITY:Special Ability|AUTOMATIC|Monkey Shot

# Class Name	Hit Dice	Type			Max Level	Source Page						Save checks bonus															Combat bonus		Modify VAR
CLASS:Swindler	HD:6		TYPE:PC.Advanced	MAXLEVEL:10	SOURCEPAGE:FutureAdvancedClasses.rtf	BONUS:CHECKS|BASE.Fortitude|CL/3	BONUS:CHECKS|BASE.Reflex|(CL+3)*2/5	BONUS:CHECKS|BASE.Will|CL/2+2	BONUS:COMBAT|BAB|CL*3/4	BONUS:VAR|ClassDefense|(CL+1)/3	BONUS:VAR|Reputation|CL/3	BONUS:VAR|Action|CL*7
# Class Name	Required Ability								Required Skill
CLASS:Swindler	PREABILITY:2,CATEGORY=Talent,Charm,Coordinate,Fast-Talk	PRESKILL:3,Bluff=6,Gamble=6,Disguise=4
# Class Name	Skill Pts/Lvl	Class Skill
CLASS:Swindler	STARTSKILLPTS:6	CSKILL:Bluff|Diplomacy|Disguise|Escape Artist|Forgery|Gamble|Gather Information|Knowledge (Behavioral Sciences)|Knowledge (Business)|Knowledge (Civics)|Knowledge (Current Events)|Knowledge (History)|Knowledge (Popular Culture)|Knowledge (Streetwise)|Knowledge (Theology and Philosophy)|Perform (Act)|Read/Write Language|Research|Sense Motive|Sleight of Hand|Speak Language|Tumble
1														ABILITY:Special Ability|AUTOMATIC|Cheat Fate
2														ABILITY:Special Ability|AUTOMATIC|Thousand Faces
3	BONUS:ABILITYPOOL|Swindler Feat|1
4							BONUS:VAR|FortunesFavor|((CL-1)/3)*2	ABILITY:Special Ability|AUTOMATIC|Fortune's Favor
5							BONUS:VAR|WarpProbability|((CL-2)/3)*30	ABILITY:Special Ability|AUTOMATIC|Warp Probability
6	BONUS:ABILITYPOOL|Swindler Feat|1
9	BONUS:ABILITYPOOL|Swindler Feat|1

# Class Name		Hit Dice	Type			Max Level	Source Page						Save checks bonus												Combat bonus		Modify VAR
CLASS:Technosavant	HD:6		TYPE:PC.Advanced	MAXLEVEL:10	SOURCEPAGE:FutureAdvancedClasses.rtf	BONUS:CHECKS|BASE.Fortitude|CL/3	BONUS:CHECKS|BASE.Reflex,BASE.Will|(CL+3)*2/5	BONUS:COMBAT|BAB|CL*3/4	BONUS:VAR|ClassDefense|(CL+1)/2	BONUS:VAR|Reputation|(CL-1)/3	BONUS:VAR|Action|CL*6
# Class Name		Multiple Requirements
CLASS:Technosavant	PREMULT:2,[PRESKILL:3,Computer Use=6,Disable Device=6,Knowledge (Technology)=6],[PRESKILL:1,Craft (Electronic)=6,Craft (Mechanical)=6]
# Class Name		Skill Pts/Lvl	Class Skill
CLASS:Technosavant	STARTSKILLPTS:6	CSKILL:Computer Use|Craft (Electronic)|Craft (Mechanical)|Demolitions|Disable Device|Drive|Knowledge (Behavioral Sciences)|Knowledge (Earth and Life Sciences)|Knowledge (Physical Sciences)|Knowledge (Popular Culture)|Knowledge (Technology)|Navigate|Pilot|Profession|Read/Write Language|Repair|Research|Speak Language|Spot
1														ABILITY:Special Ability|AUTOMATIC|Technocrat					AUTO:FEAT|Salvage
2														ABILITY:Special Ability|AUTOMATIC|Robomancer|Technophile
3	BONUS:ABILITYPOOL|Technosavant Feat|1
4														ABILITY:Special Ability|AUTOMATIC|Cybermancer|Skilled Salvager
5								BONUS:VAR|DownWithRobots|(CL-2)/3	ABILITY:Special Ability|AUTOMATIC|Down with Robots|Exotic Weapons Adept
6	BONUS:ABILITYPOOL|Technosavant Feat|1
7														ABILITY:Special Ability|AUTOMATIC|Super Cybersurgeon|Virtual Houdini
8														ABILITY:Special Ability|AUTOMATIC|Expeditious Salvager
9	BONUS:ABILITYPOOL|Technosavant Feat|1
10														ABILITY:Special Ability|AUTOMATIC|Build Prototype

# Class Name	Hit Dice	Type			Max Level	Source Page						Save checks bonus												Combat bonus		Modify VAR
CLASS:Tracer	HD:8		TYPE:PC.Advanced	MAXLEVEL:10	SOURCEPAGE:FutureAdvancedClasses.rtf	BONUS:CHECKS|BASE.Fortitude,BASE.Will|CL/3	BONUS:CHECKS|BASE.Reflex|CL/2+2	BONUS:COMBAT|BAB|CL	BONUS:VAR|ClassDefense|(CL+3)*2/5	BONUS:VAR|Action|CL*6
# Class Name	Req. Att.	Required Feat	Multiple Requirements
CLASS:Tracer	PREATT:2	PREFEAT:1,Track	PREMULT:2,[PRESKILL:2,Investigate=6,Survival=6],[PRESKILL:1,Knowledge (Behavioral Sciences)=6,Knowledge (Streetwise)=6]
# Class Name	Skill Pts/Lvl	Class Skill
CLASS:Tracer	STARTSKILLPTS:4	CSKILL:Climb|Computer Use|Disable Device|Disguise|Drive|Gather Information|Hide|Investigate|Jump|Knowledge (Behavioral Sciences)|Knowledge (Civics)|Knowledge (Streetwise)|Knowledge (Tactics)|Listen|Move Silently|Navigate|Pilot|Research|Search|Sense Motive|Spot|Survival|Swim
1																				ABILITY:Special Ability|AUTOMATIC|Target Species	AUTO:FEAT|Urban Tracking
2							BONUS:VAR|SwiftStrike|(CL+1)/3								ABILITY:Special Ability|AUTOMATIC|Swift Strike
3	BONUS:ABILITYPOOL|Tracer Feat|1
4														DEFINE:UncannyStealthChargeQual|0	ABILITY:Special Ability|AUTOMATIC|Uncanny Stealth
6	BONUS:ABILITYPOOL|Tracer Feat|1
7							BONUS:VAR|UncannyStealthChargeQual|1
9	BONUS:ABILITYPOOL|Tracer Feat|1
10																				ABILITY:Special Ability|AUTOMATIC|Swift Tracking

# Class Name	Hit Dice	Type			Max Level	Source Page						Save checks bonus															Combat bonus		Modify VAR
CLASS:Xenophile	HD:8		TYPE:PC.Advanced	MAXLEVEL:10	SOURCEPAGE:FutureAdvancedClasses.rtf	BONUS:CHECKS|BASE.Fortitude|(CL+3)*2/5	BONUS:CHECKS|BASE.Reflex|CL/3	BONUS:CHECKS|BASE.Will|CL/2+2	BONUS:COMBAT|BAB|CL*3/4	BONUS:VAR|ClassDefense|(CL+1)/3	BONUS:VAR|Reputation|(CL+1)/3	BONUS:VAR|Action|CL*6
# Class Name	Required Ability								Required Skill
CLASS:Xenophile	PREABILITY:1,CATEGORY=Talent,Linguist,Exploit Weakness	PRESKILL:2,Knowledge (Earth and Life Sciences)=6,Knowledge (Technology)=6
# Class Name	Skill Pts/Lvl	Class Skill
CLASS:Xenophile	STARTSKILLPTS:6	CSKILL:Bluff|Computer Use|Craft (Pharmaceutical)|Decipher Script|Diplomacy|Knowledge (Arcane Lore)|Knowledge (Behavioral Sciences)|Knowledge (Earth and Life Sciences)|Knowledge (History)|Knowledge (Technology)|Knowledge (Theology and Philosophy)|Read/Write Language|Research|Sense Motive|Speak Language|Treat Injury
1	BONUS:ABILITYPOOL|Xenotype|1												ABILITY:Special Ability|AUTOMATIC|Base Xenotype|Xenolore
2												BONUS:VAR|Xenoresist|(CL+1)/3	ABILITY:Special Ability|AUTOMATIC|Xenoresistance
3	BONUS:ABILITYPOOL|Xenophile Feat|1
4	BONUS:ABILITYPOOL|Xenotype|1	BONUS:ABILITYPOOL|Xenotype Bonus|1
5												BONUS:VAR|Xenodef|CL/5		ABILITY:Special Ability|AUTOMATIC|Xenodefense
6	BONUS:ABILITYPOOL|Xenophile Feat|1
7	BONUS:ABILITYPOOL|Xenotype|1	BONUS:ABILITYPOOL|Xenotype Bonus|1
9	BONUS:ABILITYPOOL|Xenophile Feat|1
10	BONUS:ABILITYPOOL|Xenotype|1	BONUS:ABILITYPOOL|Xenotype Bonus|1

#
# End
#
