# CVS $Revision$ $Author$ -- Wed Mar  2 14:59:42 2005 -- reformated by prettylst.pl v1.34 (build 455)
SOURCELONG:Sidewinder: Recoiled|SOURCESHORT:S:R|SOURCEWEB:http://www.doghouserules.net/recoiled/index.html
# Original Entry by: Lone Jedi (MSRD by Phantom of Krankor)

# Equipment Name						Output Name								Type					Cost		Weight		Source Page
###Block: Travel Fares
# Equipment Name						Output Name								Type				Cost		Weight	Source Page
Stagecoach (Local/1 Mile)				OUTPUTNAME:1 Mile on Local Stagecoach			TYPE:Services.Fares	COST:.15	WT:0		SOURCEPAGE:p. 161
Stagecoach (Express/50 Miles)				OUTPUTNAME:50 Miles on Express Stagecoach			TYPE:Services.Fares	COST:3	WT:0		SOURCEPAGE:p. 161
Stagecoach (St. Louis to San Francisco/25 Days)	OUTPUTNAME:St. Louis to San Fransciso on Stagecoach	TYPE:Services.Fares	COST:200	WT:0		SOURCEPAGE:p. 161
Steamboat (St. Louis to Fort Benton)		OUTPUTNAME:St. Louis to Fort Benton on Steamboat	TYPE:Services.Fares	COST:300	WT:0		SOURCEPAGE:p. 161
Train (Omaha to Sacremento/1st Class/Express)	OUTPUTNAME:1st Class on Train: Omaha to Sacremento	TYPE:Services.Fares	COST:100	WT:0		SOURCEPAGE:p. 161
Train (Omaha to Sacremento/2nd Class/Express)	OUTPUTNAME:2nd Class on Train: Omaha to Sacremento	TYPE:Services.Fares	COST:75	WT:0		SOURCEPAGE:p. 161

###Block: Mail
# Equipment Name		Output Name				Type				Cost		Weight	Source Page
Letter (Mail)		OUTPUTNAME:Letter by [NAME]	TYPE:Services.Mail	COST:.02	WT:.0625	SOURCEPAGE:p. 161
Package (Overland Mail)	OUTPUTNAME:Package by [NAME]	TYPE:Services.Mail	COST:15	WT:10		SOURCEPAGE:p. 161
Package (Rail Freight)	OUTPUTNAME:Package by [NAME]	TYPE:Services.Mail	COST:8	WT:100	SOURCEPAGE:p. 161
Telegram (Per Word)						TYPE:Services.Mail	COST:.005	WT:0		SOURCEPAGE:p. 161

###Block: Entertainment
# Equipment Name			Output Name						Type					Cost		Weight	Source Page
Bordello ("Boarding")		OUTPUTNAME:Bordello [NAME]			TYPE:Services.Entertainment	COST:30	WT:0		SOURCEPAGE:p. 162
Bordello (Fancy/"Boarding")	OUTPUTNAME:Fancy Bordello "Boarding"	TYPE:Services.Entertainment	COST:75	WT:0		SOURCEPAGE:p. 162
Dance Hall (One Dance Ticket)	OUTPUTNAME:[NAME] at Dance Hall		TYPE:Services.Entertainment	COST:.5	WT:0		SOURCEPAGE:p. 162
Dance Hall (Quick Date)		OUTPUTNAME:[NAME] at Dance Hall		TYPE:Services.Entertainment	COST:5	WT:0		SOURCEPAGE:p. 162
Ticket (Musical Production)	OUTPUTNAME:Ticket to [NAME]			TYPE:Services.Entertainment	COST:.5	WT:0		SOURCEPAGE:p. 162
Ticket (Stage Play)		OUTPUTNAME:Ticket to [NAME]			TYPE:Services.Entertainment	COST:1	WT:0		SOURCEPAGE:p. 162

###Block: Lodging and Services
# Equipment Name				Output Name							Type				Cost		Weight	Source Page
Bath														TYPE:Services.Lodging	COST:.5	WT:0		SOURCEPAGE:p. 162
Bath (Clean and Warm Water)		OUTPUTNAME:Clean and Warm Bath			TYPE:Services.Lodging	COST:1	WT:0		SOURCEPAGE:p. 162
Hotel (Poor/Per Night)			OUTPUTNAME:Poor Hotel (Per Night)			TYPE:Services.Lodging	COST:.5	WT:0		SOURCEPAGE:p. 162
Hotel (Average/Per Night)		OUTPUTNAME:Average Hotel (Per Night)		TYPE:Services.Lodging	COST:1	WT:0		SOURCEPAGE:p. 162
Hotel (Good/Per Night)			OUTPUTNAME:Good Hotel (Per Night)			TYPE:Services.Lodging	COST:2	WT:0		SOURCEPAGE:p. 162
Hotel (Luxury/Per Night)		OUTPUTNAME:Luxury Hotel (Per Night)			TYPE:Services.Lodging	COST:6	WT:0		SOURCEPAGE:p. 162
Room (Per Week)												TYPE:Services.Lodging	COST:1	WT:0		SOURCEPAGE:p. 162
Room and Board (Per Week)										TYPE:Services.Lodging	COST:2.5	WT:0		SOURCEPAGE:p. 162
Shave and Haircut												TYPE:Services.Lodging	COST:.25	WT:0		SOURCEPAGE:p. 162
Stable (Man or Animal/Overnight)	OUTPUTNAME:Stable Overnight for Man or Animal	TYPE:Services.Lodging	COST:.25	WT:0		SOURCEPAGE:p. 162

###Block: Medical Services
# Equipment Name		Type				Cost		Weight	Source Page
Amputation			TYPE:Services.Medical	COST:5	WT:0		SOURCEPAGE:p. 162
Broken Bone Set		TYPE:Services.Medical	COST:.5	WT:0		SOURCEPAGE:p. 162
Broken Bone Splinted	TYPE:Services.Medical	COST:.75	WT:0		SOURCEPAGE:p. 162
Buckshot Removed		TYPE:Services.Medical	COST:2	WT:0		SOURCEPAGE:p. 162
Bullet Hole Patched	TYPE:Services.Medical	COST:.5	WT:0		SOURCEPAGE:p. 162
Bullet Removed		TYPE:Services.Medical	COST:.25	WT:0		SOURCEPAGE:p. 162
Concussion Treated	TYPE:Services.Medical	COST:.5	WT:0		SOURCEPAGE:p. 162
Lacerations Stitched	TYPE:Services.Medical	COST:.5	WT:0		SOURCEPAGE:p. 162
Leeching			TYPE:Services.Medical	COST:.25	WT:0		SOURCEPAGE:p. 162
Other Burns Treated	TYPE:Services.Medical	COST:2	WT:0		SOURCEPAGE:p. 162
Other Diseases Treated	TYPE:Services.Medical	COST:2	WT:0		SOURCEPAGE:p. 162
Powder Burns Treated	TYPE:Services.Medical	COST:1	WT:0		SOURCEPAGE:p. 162
