# CVS $Revision$ $Author$ -- Fri Oct 19 20:16:09 2012 -- reformated by prettylst.pl v1.39 (build 15052)
SOURCELONG:Sidewinder: Recoiled	SOURCESHORT:S:R	SOURCEWEB:http://www.doghouserules.net/recoiled/index.html	SOURCEDATE:2004-12
# Original Entry by: Lone Jedi and Max Kuney (MSRD by Paul King, Barak, & Hugo)

###Block Sidewinder Specific Feats

# Feat Name					Type													Req. Att.	Required Feat											Required Skill			Required Stat	Description															Multiple?	Choose													Automatically Gained Weapon Prof.	Bonus to skill		Source Page
Blaze of Glory				TYPE:General.Gunslinger												PREFEAT:5,Dodge,Mobility,Point Blank Shot,Shot on the Run,Two-Weapon Fighting						PRESTAT:1,DEX=15	DESC:You can shoot with both hands while on the move.																																		SOURCEPAGE:p. 106
Blazing Saddle				TYPE:General.PonySoldier.Rustler.Wrangler									PREFEAT:1,Defensive Riding									PRESKILL:1,Ride=6						DESC:You know how to shoot from horseback.																																			SOURCEPAGE:p. 106
Card Sharp					TYPE:General																															PRESTAT:1,DEX=13	DESC:You know how to deal from the bottom and hold out an ace or two.																															SOURCEPAGE:p. 107
Cavalry Training				TYPE:General.PonySoldier.Wrangler										PREFEAT:2,Blazing Saddle,Defensive Riding							PRESKILL:1,Ride=10					DESC:Firing from horseback is as easy as standing on your own two feet.																															SOURCEPAGE:p. 107
Combat Loading				TYPE:General.Gunslinger										PREATT:1	PREFEAT:1,Quick Reload																		DESC:You can reload your firearm even when bullets are flying.																																SOURCEPAGE:p. 108
Defensive Riding				TYPE:General.Fast.Brave.Desperado.Rustler.Scout.TinStar																			PRESKILL:1,Ride=4						DESC:Your skill at riding lets you avoid attacks.																																		SOURCEPAGE:p. 109
Exotic Ranged Weapon Proficiency	TYPE:General.BountyHunter.Wrangler.RanchHand						PREATT:1																						DESC:You are proficient in a specific exotic ranged weapon.							MULT:YES	CHOOSE:WEAPONPROFICIENCY|!PC[TYPE=ExoticRanged]							AUTO:WEAPONPROF|%LIST							SOURCEPAGE:p. 111
Gunplay					TYPE:General.Gunslinger.Showman.TinStar																						PRESKILL:1,Sleight of Hand=4				DESC:You can perform fancy tricks with firearms.																																		SOURCEPAGE:p. 111
Hammer Down					TYPE:General.Gunslinger										PREATT:6	PREFEAT:2,Point Blank Shot,Slip Hammer												PRESTAT:1,DEX=13	DESC:You can fan your pistol, and really let the lead fly.																																	SOURCEPAGE:p. 113
Hollow Leg					TYPE:General.Maverick																																	DESC:You can drink most anyone under the table.																																			SOURCEPAGE:p. 113
Home Ground					TYPE:General.PonySoldier.Soldier.TinStar.Sodbuster																												DESC:You receive bonuses if defending your territory.																																		SOURCEPAGE:p. 113
Horse Tradin'				TYPE:General.Charismatic.Grifter.Preacher.Wrangler																				PRESKILL:1,Diplomacy=6					DESC:You can wrangle a good deal when trading.																																			SOURCEPAGE:p. 113
Improved Dead Aim				TYPE:General.Rifleman												PREFEAT:2,Far Shot,Dead Aim														PRESTAT:1,WIS=13	DESC:You are a dead shot when you have time to aim.																																		SOURCEPAGE:p. 114
Improved Sunder				TYPE:General													PREFEAT:1,Power Attack															PRESTAT:1,STR=13	DESC:You are skilled at attacking your opponent's weapon.																																	SOURCEPAGE:p. 115
Improvised Weapon Damage		TYPE:General.Strong										PREATT:2	PREFEAT:1,Improvised Weapon Proficiency															DESC:You do more damage with improvised weapons.																																		SOURCEPAGE:p. 115
Improvised Weapon Proficiency		TYPE:General.Strong										PREATT:2																						DESC:You are proficient with improvised weapons.																								AUTO:WEAPONPROF|TYPE=Improvised					SOURCEPAGE:p. 115
Indian Lore					TYPE:General.Smart																																	DESC:You know a lot about the Native Americans in general.																																	SOURCEPAGE:p. 115
Master Craftsman				TYPE:General.Professor																																	DESC:You can create mastercraft items.										MULT:YES	CHOOSE:SKILL|TYPE=Craft																					SOURCEPAGE:p. 116
Mechanical					TYPE:General.Tough.Smart.Professor.Artisan																													DESC:Provides a bonus on Operate Vehicle and Repair checks.							MULT:YES	CHOOSE:SKILL|Repair|TYPE=OperateVehicle														BONUS:SKILL|LIST|2	SOURCEPAGE:p. 117
Ride-By Attack				TYPE:General.Desperado.PonySoldier.Scout.Wrangler							PREFEAT:1,Defensive Riding									PRESKILL:1,Ride=6						DESC:You can strike from horseback in the middle of your move.																																SOURCEPAGE:p. 119
Sidewinder					TYPE:General.Fast.Gunslinger.Maverick.PonySoldier.Rifleman.Rustler.TinStar			PREFEAT:1,Dodge																PRESTAT:1,DEX=13	DESC:You are skilled at dodging ranged attacks.																																			SOURCEPAGE:p. 119
Slip Hammer					TYPE:General.Fast.Gunslinger									PREATT:1	PREFEAT:1,Point Blank Shot														PRESTAT:1,DEX=13	DESC:You can thumb the hammer back quickly and fire two bullets.																																SOURCEPAGE:p. 119
Sniping					TYPE:General.Rifleman												PREFEAT:2,Dead Aim,Far Shot														PRESTAT:1,WIS=13	DESC:Your shots hit extra hard when you take time to aim, thanks to your Wisdom.																													SOURCEPAGE:p. 120
Spirited Charge				TYPE:General.PonySoldier.Wrangler										PREFEAT:2,Defensive Riding,Ride-By Attack							PRESKILL:1,Ride=6						DESC:You can use your mount to deal extra damage with a melee attack.																															SOURCEPAGE:p. 120
Sprayin' Lead				TYPE:General											PREATT:11	PREFEAT:3,Point Blank Shot,Slip Hammer,Hammer Down										PRESTAT:1,DEX=15	DESC:You can empty your pistol into an area, and God help anyone standing there!																													SOURCEPAGE:p. 120
Sundering Shot				TYPE:General													PREFEAT:2,Point Blank Shot,Precise Shot												PRESTAT:1,DEX=13	DESC:You are skilled at shooting the gun out of someone's hand.																																SOURCEPAGE:p. 120
Thumb Buster				TYPE:General											PREATT:4	PREFEAT:2,Point Blank Shot,Slip Hammer												PRESTAT:1,DEX=15	DESC:You only need one hand to let two bullets fly.																																		SOURCEPAGE:p. 121
Trail Lore					TYPE:General.Smart.BountyHunter.PonySoldier.TinStar.Wrangler																										DESC:You have a lot knowledge relating to a specific state or territory.				MULT:YES	CHOOSE:STRING|AZ|CO|NM|UT																				SOURCEPAGE:p. 121
Trample					TYPE:General.PonySoldier.Wrangler										PREFEAT:2,Defensive Riding,Ride-By Attack							PRESKILL:1,Ride=6						DESC:You are skilled in running your mount right over anyone foolish enough to get in your way.																											SOURCEPAGE:p. 122
Tribal Lore					TYPE:General.Brave																																	DESC:You know a lot about a specific Indian tribe.								MULT:YES	CHOOSE:STRING|Arapaho|Cheyenne|Ute																			SOURCEPAGE:p. 122
True Grit					TYPE:General.Tough.Desperado.Scout										PREFEAT:1,Toughness																		DESC:You are one tough hombre and can take shots that would drop others.																														SOURCEPAGE:p. 122
Vehicle Proficiency			TYPE:General.Smart.Professor.Sawbones.Mariner																													DESC:You can operate a select class of vehicle without penalties.						MULT:YES	CHOOSE:STRING|Human-Powered Ground Vehicles|Sailing Ships|Steamships|Submersibles											SOURCEPAGE:p. 123

###Block MSRD Imported Feats

# Feat Name					Clear Types	Type																											Description																		Automatically Gained Shield Prof.	Source Page
Acrobatic.MOD				TYPE:.CLEAR	TYPE:General.Fast.Pugilist.Rustler.Showman.Mariner																			DESC:Provides a bonus to Jump and Tumble checks.																	SOURCEPAGE:p. 105
Advanced Combat Martial Arts.MOD	TYPE:.CLEAR	TYPE:General.Pugilist																								DESC:When you punch someone in a critical spot, they are going down!														SOURCEPAGE:p. 105
Advanced Firearms Proficiency.MOD	TYPE:.CLEAR	TYPE:General.Dedicated.Soldier																						DESC:You do not receive a penalty when using autofire weapons.															SOURCEPAGE:p. 105
Advanced Two-Weapon Fighting.MOD	TYPE:.CLEAR	TYPE:General.Gunslinger.Rifleman																						DESC:You can get more attacks with your off-hand weapon.																SOURCEPAGE:p. 105
Agile Riposte.MOD				TYPE:.CLEAR	TYPE:General.Charismatic																							DESC:If your opponent misses you with a melee attack, you can strike back immediately.											SOURCEPAGE:p. 105
Alertness.MOD				TYPE:.CLEAR	TYPE:General.Tough.Dedicated.BountyHunter.Brave.Desperado.Grifter.MountainMan.Rustler.Scout.Showman											DESC:Provides a bonus to Listen and Spot checks.																	SOURCEPAGE:p. 105
Animal Affinity.MOD			TYPE:.CLEAR	TYPE:General.Strong.Brave.MountainMan.PonySoldier.Sawbones.Showman.RanchHand															DESC:Provides a bonus to Handle Animal and Ride checks.																SOURCEPAGE:p. 106
Archaic Weapons Proficiency.MOD	TYPE:.CLEAR	TYPE:General.Strong.Dedicated.BountyHunter.Brave.MountainMan.PonySoldier.Professor.Scout.Showman.Soldier.Tribal									DESC:Proficient in sabers, bows, etc.																			SOURCEPAGE:p. 106
Armor Proficiency (Heavy).MOD		TYPE:.CLEAR	TYPE:General																									DESC:Allows you to receive the full benefit of wearing heavy armor, with fewer penalties.											SOURCEPAGE:p. 106
Armor Proficiency (Light).MOD		TYPE:.CLEAR	TYPE:General.Brave																								DESC:Allows you to receive the full benefit of wearing light armor, with fewer penalties.					AUTO:SHIELDPROF|SHIELDTYPE=Shield	SOURCEPAGE:p. 106
Armor Proficiency (Medium).MOD	TYPE:.CLEAR	TYPE:General																									DESC:Allows you to receive the full benefit of wearing medium armor, with fewer penalties.										SOURCEPAGE:p. 106
Athletic.MOD				TYPE:.CLEAR	TYPE:General.Strong.Tough.Brave.Desperado.Rustler.Scout.Tribal																	DESC:Provides a bonus to Climb and Swim checks.																		SOURCEPAGE:p. 106
Attentive.MOD				TYPE:.CLEAR	TYPE:General.Dedicated.BountyHunter.Maverick.Preacher.Professor.Rustler.Sawbones														DESC:Provides a bonus to Investigate and Sense Motive checks.															SOURCEPAGE:p. 106
Blind-Fight.MOD				TYPE:.CLEAR	TYPE:General.Strong.Dedicated.Rifleman																					DESC:You are able to move and fight more effectively in darkness.															SOURCEPAGE:p. 106
Brawl.MOD					TYPE:.CLEAR	TYPE:General.Strong.Tough.BountyHunter.Brave.Desperado.MountainMan.Pugilist.Rustler.Soldier.TinStar.Wrangler.Outlaw								DESC:Your nonlethal, unarmed attacks feel like a mule's kick.															SOURCEPAGE:p. 107
Builder.MOD					TYPE:.CLEAR	TYPE:General.Smart.Professor.Artisan																					DESC:Provides a bonus to any two Craft (chemical, electric, mechanical, structural) skills.										SOURCEPAGE:p. 107
Cautious.MOD				TYPE:.CLEAR	TYPE:General.Smart.Desperado.Professor.Sawbones																				DESC:Provides a bonus on Demolitions and Disable Device checks.															SOURCEPAGE:p. 107
Cleave.MOD					TYPE:.CLEAR	TYPE:General.Strong.Soldier																							DESC:You can get an extra attack when you drop an opponent in melee.														SOURCEPAGE:p. 108
Combat Expertise.MOD			TYPE:.CLEAR	TYPE:General.Fast.Smart.BountyHunter.Brave.Grifter.Maverick.PonySoldier.Preacher.Professor.Rustler.Sawbones.Showman.TinStar							DESC:You can take a penalty to your melee attacks to receive a bonus to defense.												SOURCEPAGE:p. 108
Combat Martial Arts.MOD			TYPE:.CLEAR	TYPE:General.Strong.Law_Enforcement																						DESC:Your hands are lethal weapons.																				SOURCEPAGE:p. 108
Combat Reflexes.MOD			TYPE:.CLEAR	TYPE:General.Strong.Brave.Grifter.Maverick.Pugilist.Soldier																		DESC:You can make additional attacks of opportunity.																	SOURCEPAGE:p. 109
Combat Throw.MOD				TYPE:.CLEAR	TYPE:General.Fast.Pugilist																							DESC:You receive a bonus when grappling or tripping an opponent.															SOURCEPAGE:p. 109
Confident.MOD				TYPE:.CLEAR	TYPE:General.Tough.Grifter.Maverick.Showman.TinStar																			DESC:Provides a bonus to Gamble and Intimidate checks.																SOURCEPAGE:p. 109
Creative.MOD				TYPE:.CLEAR	TYPE:General.Charismatic.Grifter.Preacher.Showman.Artisan																		DESC:Provides a bonus on any two of Craft (visual arts, writing), or Perform skills.											SOURCEPAGE:p. 109
Dead Aim.MOD				TYPE:.CLEAR	TYPE:General.Gunslinger.MountainMan.Rifleman.Scout																			DESC:You get a bonus to hit when you take time to aim.																SOURCEPAGE:p. 109
Deceptive.MOD				TYPE:.CLEAR	TYPE:General.Dedicated.Charismatic.BountyHunter.Maverick.Rustler.Rustler.Showman														DESC:Provides a bonus to Bluff and Disguise checks.																	SOURCEPAGE:p. 109
Defensive Martial Arts.MOD		TYPE:.CLEAR	TYPE:General.Fast.Grifter.Maverick.MountainMan.Preacher.Rustler.Sawbones.Showman														DESC:You receive a bonus to defense against melee attacks.																SOURCEPAGE:p. 109
Dodge.MOD					TYPE:.CLEAR	TYPE:General.Charismatic.Desperado.Grifter.Gunslinger.Maverick.PonySoldier.Pugilist.Rifleman.Sawbones.Scout.TinStar								DESC:You can improve your defense against the attacks of one cowboy.														SOURCEPAGE:p. 109
Double Tap.MOD				TYPE:.CLEAR	TYPE:General.Fast.Gunslinger																							DESC:You can fire twice, at the expense of accuracy.																	SOURCEPAGE:p. 110
Drive-By Attack.MOD			TYPE:.CLEAR	TYPE:General																									DESC:Attacking from a moving vehicle doesn't throw off your aim.															SOURCEPAGE:p. 110
Educated.MOD				TYPE:.CLEAR	TYPE:General.Smart.Dedicated.Preacher.Professor.Sawbones.Showman																	DESC:Provides a bonus to any two Knowledge skills.																	SOURCEPAGE:p. 110
Elusive Target.MOD			TYPE:.CLEAR	TYPE:General.Fast.Grifter.Maverick.Pugilist.Rustler																			DESC:You can duck and dodge behind others when in melee combat, making it hard to shoot you from a distance.							SOURCEPAGE:p. 110
Endurance.MOD				TYPE:.CLEAR	TYPE:General.Tough.Brave.Desperado.Scout.TinStar.Wrangler.Prospector																DESC:You can keep going long after others have tired.																	SOURCEPAGE:p. 110
Exotic Firearms Proficiency.MOD	TYPE:.CLEAR	TYPE:General.Soldier																																																	SOURCEPAGE:p. 110
Exotic Melee Weapon Proficiency.MOD	TYPE:.CLEAR	TYPE:General.Soldier																								DESC:You are proficient in a specific exotic melee weapon.																SOURCEPAGE:p. 110
Far Shot.MOD				TYPE:.CLEAR	TYPE:General.Dedicated.Brave.Gunslinger.MountainMan.PonySoldier.Scout.Soldier.Hunter													DESC:You can get extra distance from ranged weapons.																	SOURCEPAGE:p. 111
Focused.MOD					TYPE:.CLEAR	TYPE:General.Fast.Mariner																							DESC:Provides a bonus on Balance and Concentration checks.																SOURCEPAGE:p. 111
Frightful Presence.MOD			TYPE:.CLEAR	TYPE:General.Charismatic.BountyHunter.Brave.Desperado.MountainMan.TinStar															DESC:You're so fearsome, the townsfolk quake in their boots when you walk by.													SOURCEPAGE:p. 111
Great Cleave.MOD				TYPE:.CLEAR	TYPE:General.Strong.Soldier																							DESC:You can get multiple extra attacks when you drop an opponent in melee.													SOURCEPAGE:p. 111
Great Fortitude.MOD			TYPE:.CLEAR	TYPE:General.Tough.Desperado.MountainMan.Scout																				DESC:Provides a bonus on Fortitude saves.																			SOURCEPAGE:p. 111
Guide.MOD					TYPE:.CLEAR	TYPE:General.BountyHunter.Brave.MountainMan.Scout.Wrangler																		DESC:Provides a bonus on Navigate and Survival checks.																SOURCEPAGE:p. 111
Heroic Surge.MOD				TYPE:.CLEAR	TYPE:General.Preacher.TinStar																							DESC:You can get more done in a round than most cowpokes.																SOURCEPAGE:p. 113
Improved Brawl.MOD			TYPE:.CLEAR	TYPE:General.Strong.Tough.Desperado.MountainMan.Pugilist.Soldier																	DESC:Your nonlethal, unarmed attacks feel like an angry mule's kick.														SOURCEPAGE:p. 114
Improved Bull Rush.MOD			TYPE:.CLEAR	TYPE:General.Tough																								DESC:You can shove opponents back without giving them a free shot at you.													SOURCEPAGE:p. 114
Improved Combat Martial Arts.MOD	TYPE:.CLEAR	TYPE:General.Strong.Pugilist																							DESC:You have a greater chance of hitting an opponent in a critical spot.													SOURCEPAGE:p. 114
Improved Combat Throw.MOD		TYPE:.CLEAR	TYPE:General.Pugilist																								DESC:You can try and trip an opponent if they swing and miss you in melee combat.												SOURCEPAGE:p. 114
Improved Damage Threshold.MOD		TYPE:.CLEAR	TYPE:General.Brave.Desperado.MountainMan																					DESC:You can take a fearsome wound and keep on fighting.																SOURCEPAGE:p. 114
Improved Disarm.MOD			TYPE:.CLEAR	TYPE:General.Fast.Smart.BountyHunter.Grifter.Maverick.Preacher																	DESC:You can disarm an opponent without giving the other guy a free shot at you.												SOURCEPAGE:p. 114
Improved Feint.MOD			TYPE:.CLEAR	TYPE:General.Tough																								DESC:Provides a bonus on Bluff checks to feint, and you can feint quickly.													SOURCEPAGE:p. 114
Improved Initiative.MOD			TYPE:.CLEAR	TYPE:General.Grifter.Gunslinger.Rifleman.Sawbones																			DESC:Your reflexes are quicker than lightning.																		SOURCEPAGE:p. 114
Improved Knockout Punch.MOD		TYPE:.CLEAR	TYPE:General.BountyHunter.Desperado.Pugilist.Rustler.Soldier.TinStar																DESC:Whoa Nelly! You really know how to hit a varmint where it hurts when you throw the first punch.									SOURCEPAGE:p. 114
Improved Trip.MOD				TYPE:.CLEAR	TYPE:General.Smart.BountyHunter																						DESC:You can trip a cowpoke and get a free shot at him once he is down.														SOURCEPAGE:p. 115
Improved Two-Weapon Fighting.MOD	TYPE:.CLEAR	TYPE:General.Gunslinger.Rifleman																						DESC:You can get an extra attack from your off-hand weapon.																SOURCEPAGE:p. 115
Iron Will.MOD				TYPE:.CLEAR	TYPE:General.Smart.Dedicated.Charismatic.Preacher.Professor																		DESC:You receive a bonus on Will saves.																			SOURCEPAGE:p. 116
Knockout Punch.MOD			TYPE:.CLEAR	TYPE:General.Tough.BountyHunter.Desperado.MountainMan.Pugilist.Rustler.Soldier.TinStar													DESC:You know how to hit a varmint where it hurts when you throw the first punch.												SOURCEPAGE:p. 116
Lightning Reflexes.MOD			TYPE:.CLEAR	TYPE:General.Smart.Charismatic																						DESC:You receive a bonus on Reflex saves.																			SOURCEPAGE:p. 116
Low Profile.MOD				TYPE:.CLEAR	TYPE:General.Charismatic.BountyHunter.Grifter.Maverick.Rustler.TinStar																DESC:Your reputation doesn't precede you.																			SOURCEPAGE:p. 116
Medical Expert.MOD			TYPE:.CLEAR	TYPE:General.Dedicated.Preacher.Professor.Sawbones																			DESC:Provides a bonus on Craft (pharmaceutical) and Treat Injury checks.													SOURCEPAGE:p. 117
Meticulous.MOD				TYPE:.CLEAR	TYPE:General.Smart.Dedicated.Sawbones																					DESC:Provides a bonus on Forgery and Search checks.																	SOURCEPAGE:p. 117
Mobility.MOD				TYPE:.CLEAR	TYPE:General.Fast.Rustler.Scout																						DESC:You are harder to hit when moving by opponents.																	SOURCEPAGE:p. 117
Nimble.MOD					TYPE:.CLEAR	TYPE:General.Maverick.Rustler.Showman																					DESC:Provides a bonus on Escape Artist and Sleight of Hand checks.														SOURCEPAGE:p. 117
Personal Firearms Proficiency.MOD	TYPE:.CLEAR	TYPE:General.Fast.BountyHunter.Desperado.Grifter.Professor.Rustler.Sawbones.Scout.Showman.TinStar.Hunter.Outlaw.Prospector.RanchHand.Sodbuster.Law_Enforcement	DESC:You are proficient in the use of personal firearms.																SOURCEPAGE:p. 117
Point Blank Shot.MOD			TYPE:.CLEAR	TYPE:General.Fast.Charismatic.Brave.Grifter.Professor.Rifleman.Sawbones.Scout.Showman.Wrangler												DESC:You are deadly with ranged weapons at close range.																SOURCEPAGE:p. 117
Power Attack.MOD				TYPE:.CLEAR	TYPE:General.Strong.Tough.Brave.Soldier																					DESC:You can subtract from your melee attack to add to your melee damage.													SOURCEPAGE:p. 117
Precise Shot.MOD				TYPE:.CLEAR	TYPE:General.Gunslinger.Rifleman.Showman																					DESC:You can pick your target out of a melee.																		SOURCEPAGE:p. 118
Quick Draw.MOD				TYPE:.CLEAR	TYPE:General.Maverick																								DESC:You can draw your hogleg in the blink of the eye.																SOURCEPAGE:p. 118
Quick Reload.MOD				TYPE:.CLEAR	TYPE:General.Gunslinger.PonySoldier.Rifleman.Soldier																			DESC:You can reload your firearm quickly.																			SOURCEPAGE:p. 118
Renown.MOD					TYPE:.CLEAR	TYPE:General.Charismatic.BountyHunter.Maverick.Preacher.Professor.TinStar.Politician													DESC:Your Reputation precedes you.																				SOURCEPAGE:p. 119
Run.MOD					TYPE:.CLEAR	TYPE:General.Brave.Grifter.MountainMan.Rustler.Scout																			DESC:You can run like the wind.																				SOURCEPAGE:p. 119
Shot on the Run.MOD			TYPE:.CLEAR	TYPE:General.Gunslinger.Rifleman																						DESC:You can take a shot in the middle of a move.																	SOURCEPAGE:p. 119
Simple Weapons Proficiency.MOD	TYPE:.CLEAR	TYPE:General																									DESC:You are proficient in clubs, knives, etc.																		SOURCEPAGE:p. 119
Skip Shot.MOD				TYPE:.CLEAR	TYPE:General.Gunslinger.Showman																						DESC:You can bounce a shot off of cover to hit your target.																SOURCEPAGE:p. 119
Spring Attack.MOD				TYPE:.CLEAR	TYPE:General																									DESC:You can attack in the middle of a move.																		SOURCEPAGE:p. 120
Stealthy.MOD				TYPE:.CLEAR	TYPE:General.Fast.MountainMan.Rustler.Scout																				DESC:Provides a bonus on Hide and Move Silently checks.																SOURCEPAGE:p. 120
Strafe.MOD					TYPE:.CLEAR	TYPE:General																									DESC:You can use autofire weapons to cover a larger area.																SOURCEPAGE:p. 120
Streetfighting.MOD			TYPE:.CLEAR	TYPE:General.Tough.Desperado.MountainMan.Rustler																			DESC:You know how to fight dirty in a brawl.																		SOURCEPAGE:p. 120
Studious.MOD				TYPE:.CLEAR	TYPE:General.Smart.Preacher.Professor																					DESC:Provides a bonus on Decipher Script and Research checks.															SOURCEPAGE:p. 120
Surgery.MOD					TYPE:.CLEAR	TYPE:General.Dedicated.Professor																						DESC:You have the knowledge and skill to perform surgery.																SOURCEPAGE:p. 121
Toughness.MOD				TYPE:.CLEAR	TYPE:General.Tough.MountainMan.Scout																					DESC:You have extra grit.																					SOURCEPAGE:p. 121
Track.MOD					TYPE:.CLEAR	TYPE:General.Dedicated.MountainMan.TinStar																				DESC:You can use the Survival skill to track.																		SOURCEPAGE:p. 121
Trustworthy.MOD				TYPE:.CLEAR	TYPE:General.Charismatic.Grifter.Showman.Politician																			DESC:Provides a bonus on Diplomacy and Gather Information checks.															SOURCEPAGE:p. 122
Two-Weapon Fighting.MOD			TYPE:.CLEAR	TYPE:General.Gunslinger.Rifleman																						DESC:You can fight with both hands more effectively than most.															SOURCEPAGE:p. 122
Unbalance Opponent.MOD			TYPE:.CLEAR	TYPE:General.Pugilist																								DESC:You are so quick that opponents cannot use their strength effectively when trying to hit you.									SOURCEPAGE:p. 122
Vehicle Dodge.MOD				TYPE:.CLEAR	TYPE:General																									DESC:You are tougher to hit when driving a vehicle.																	SOURCEPAGE:p. 122
Weapon Finesse.MOD			TYPE:.CLEAR	TYPE:General.Fast																									DESC:You use speed instead of strength when attacking with light melee weapons.												SOURCEPAGE:p. 123
Weapon Focus.MOD				TYPE:.CLEAR	TYPE:General.Strong.Smart.Dedicated.PonySoldier.Rifleman																		DESC:Provides a bonus on attack rolls with a selected weapon.															SOURCEPAGE:p. 123
Whirlwind Attack.MOD			TYPE:.CLEAR	TYPE:General																									DESC:You can spin around like a Kansas twister, hitting all nearby opponents.													SOURCEPAGE:p. 123
Windfall.MOD				TYPE:.CLEAR	TYPE:General.Charismatic.Grifter.Maverick.Showman.Politician																	DESC:Provides a Wealth bonus increase and a bonus on Profession checks.														SOURCEPAGE:p. 123


# Deleted Feats

Aircraft Operation.FORGET
Burst Fire.FORGET
Force Stop.FORGET
Gearhead.FORGET
Electronic Mastercraft.FORGET
Mechanical Mastercraft.FORGET
Sunder.FORGET
Surface Vehicle Operation.FORGET
Vehicle Expert.FORGET

#
# End
#
