# CVS $Revision: $ $Author: $ -- Fri Oct 20 01:26:43 2017 -- reformated by PCGen PrettyLST v6.06.00
SOURCELONG:Pathfinder Player Companion: Adventurer's Armory	SOURCESHORT:AA	SOURCEWEB:http://paizo.com/products/btpy8dmf	SOURCEDATE:2010-04
# Original RSRD Entry by: PCGen Data Team
# Pathfinder RPG Entry by: Jeff Bairl

# TODO Poison Pill Ring should CONTAINS:UNLIM|Poison=1 but that is not allowed on an EQMOD
# Modifier Name	Unique Key						Type				Cost		Visible		Source Page		Required Type	Special Property
Poison Pill Ring	KEY:MODIFICATION_RING_POISON_PILL_RING	TYPE:Ring.Container	COST:20	VISIBLE:QUALIFY	SOURCEPAGE:p.7	PRETYPE:1,Ring	SPROP:Can hold a single poison pill.

###Block:Armor Shield and Weapon mods
# Modifier Name		Unique Key							Naming Option			Type				Cost		Visible		Source Page		Required Type				Prohibited Type		Bonus Equip Mods		Special Property
Sanctified Shield		KEY:MODIFICATION_SHIELD_SANCTIFIED_SHIELD		NAMEOPT:TEXT=Sanctified		TYPE:Shield			COST:100	VISIBLE:QUALIFY	SOURCEPAGE:p.25	PRETYPE:1,Shield												SPROP:Adds +1 sacred/profane bonus when charged

# Also in Ultimate Combat but with Performance and Trip weapon qualities
Throwing			KEY:MODIFICATION_SHIELD_THROWING_SHIELD							TYPE:Shield			COST:50	VISIBLE:QUALIFY	SOURCEPAGE:p.5	PRETYPE:1,Shield												SPROP:Can unclasp and throw as a free action (except tower).

Consecrated Weapon	KEY:MODIFICATION_WEAPON_CONSECRATED_WEAPON	NAMEOPT:TEXT=Consecrated	TYPE:Weapon.Melee		COST:150	VISIBLE:QUALIFY	SOURCEPAGE:p.25	PRETYPE:2,Weapon,Melee											SPROP:Channel Smite (1/2 dmg) when charged, on next hit
Sawback			KEY:MODIFICATION_SWORD_SAWBACK								TYPE:Weapon.Melee		COST:5	VISIBLE:QUALIFY	SOURCEPAGE:p.12	PRETYPE:3,Weapon,Melee,Slashing									SPROP:Crude carpentry saw

Tear-away Clothing	KEY:MODIFICATION_CLOTHING_TEAR-AWAY			NAMEOPT:TEXT=Tear-away		TYPE:Clothing		COST:5	VISIBLE:QUALIFY	SOURCEPAGE:p.14	PRETYPE:1,Clothing											SPROP:Clothing can be easily torn off and removed as a standard action

# TODO Hollowed Pommel should CONTAINS:UNLIM|Flask|Potion|Sheet|Paper=1|Documents=1|Scroll=1 but that is not allowed in an EQMOD
Hollowed Pommel		KEY:MODIFICATION_WEAPON_HOLLOWED_POMMEL							TYPE:Goods.General	COST:5	VISIBLE:QUALIFY	SOURCEPAGE:p.7	PRETYPE:1,Weapon												SPROP:Can contain a single item.

Waterproof Lantern	KEY:MODIFICATION_LIGHTSOURCE_WATERPROOF		NAMEOPT:TEXT=Waterproof		TYPE:LightSource		COST:5	VISIBLE:QUALIFY	SOURCEPAGE:p.7	PRETYPE:1,Lantern
# TODO should not be usable on buckler (only light/heavy/tower)
# TODO Shield Sconce should CONTAINS:UNLIM|Torch=1 but that is not allowed on an EQMOD
Shield Sconce		KEY:MODIFICATION_SHIELD_SHIELD_SCONCEL							TYPE:Shield			COST:1	VISIBLE:QUALIFY	SOURCEPAGE:p.8							!PRETYPE:1,Buckler	BONUS:EQM|WEIGHTADD|0.5	SPROP:May hold a torch.
