# CVS $Revision$ $Author$ -- Fri Oct 19 20:16:09 2012 -- reformated by prettylst.pl v1.39 (build 15052)
# Original Entry by byngl
SOURCELONG:System Reference Document	SOURCESHORT:SRD	SOURCEWEB:http://groups.yahoo.com/group/pcgen/files/3.0%20SRD/	SOURCEDATE:2000-01


# Equipment Name	Type						Cost		Weight	Slot Needed	Requires Modification?	Source Page
Headgear		TYPE:Headgear				COST:0	WT:0				MODS:REQUIRED		SOURCEPAGE:srdmagicitems
Hat			TYPE:Headgear				COST:0	WT:0				MODS:REQUIRED		SOURCEPAGE:srdmagicitems
Helmet		TYPE:Headgear				COST:0	WT:0				MODS:REQUIRED		SOURCEPAGE:srdmagicitems
Eyeglasses		TYPE:Eyegear				COST:0	WT:0				MODS:REQUIRED		SOURCEPAGE:srdmagicitems
Goggles		TYPE:Eyegear				COST:0	WT:0				MODS:REQUIRED		SOURCEPAGE:srdmagicitems
Cape			TYPE:Cape					COST:0	WT:0				MODS:REQUIRED		SOURCEPAGE:srdmagicitems
Cloak			TYPE:Cape					COST:0	WT:0				MODS:REQUIRED		SOURCEPAGE:srdmagicitems
Mantle		TYPE:Cape					COST:0	WT:0				MODS:REQUIRED		SOURCEPAGE:srdmagicitems
Amulet		TYPE:Amulet					COST:0	WT:0				MODS:REQUIRED		SOURCEPAGE:srdmagicitems
Brooch		TYPE:Amulet					COST:0	WT:0				MODS:REQUIRED		SOURCEPAGE:srdmagicitems
Medallion		TYPE:Amulet					COST:0	WT:0				MODS:REQUIRED		SOURCEPAGE:srdmagicitems
Necklace		TYPE:Amulet					COST:0	WT:0				MODS:REQUIRED		SOURCEPAGE:srdmagicitems
Periapt		TYPE:Amulet					COST:0	WT:0				MODS:REQUIRED		SOURCEPAGE:srdmagicitems
Scarab		TYPE:Amulet					COST:0	WT:0				MODS:REQUIRED		SOURCEPAGE:srdmagicitems
Robe			TYPE:Robe					COST:0	WT:0				MODS:REQUIRED		SOURCEPAGE:srdmagicitems
Vest			TYPE:Shirt					COST:0	WT:0				MODS:REQUIRED		SOURCEPAGE:srdmagicitems
Vestment		TYPE:Shirt					COST:0	WT:0				MODS:REQUIRED		SOURCEPAGE:srdmagicitems
Shirt			TYPE:Shirt					COST:0	WT:0				MODS:REQUIRED		SOURCEPAGE:srdmagicitems
Bracers		TYPE:Bracer					COST:0	WT:0		SLOTS:2	MODS:REQUIRED		SOURCEPAGE:srdmagicitems
Bracelets		TYPE:Bracer					COST:0	WT:0		SLOTS:2	MODS:REQUIRED		SOURCEPAGE:srdmagicitems
Gloves		TYPE:Glove					COST:0	WT:0		SLOTS:2	MODS:REQUIRED		SOURCEPAGE:srdmagicitems
Gauntlets		TYPE:Glove					COST:0	WT:0		SLOTS:2	MODS:REQUIRED		SOURCEPAGE:srdmagicitems
Ring			TYPE:Ring					COST:0	WT:0				MODS:REQUIRED		SOURCEPAGE:srdmagicitems
Belt			TYPE:Belt					COST:0	WT:0				MODS:REQUIRED		SOURCEPAGE:srdmagicitems
Boots			TYPE:Boot					COST:0	WT:0		SLOTS:2	MODS:REQUIRED		SOURCEPAGE:srdmagicitems
Art			TYPE:Art					COST:0	WT:0				MODS:REQUIRED		SOURCEPAGE:SRDTreasure
Gem			TYPE:Gem					COST:0	WT:0				MODS:REQUIRED		SOURCEPAGE:SRDTreasure
Potion		TYPE:Potion.Consumable			COST:0	WT:0				MODS:REQUIRED		SOURCEPAGE:srdmagicitems
Scroll		TYPE:Scroll.Consumable			COST:0	WT:0				MODS:REQUIRED		SOURCEPAGE:srdmagicitems
Wand			TYPE:Wand					COST:0	WT:0				MODS:REQUIRED		SOURCEPAGE:srdmagicitems
Rod			TYPE:Rod					COST:0	WT:0				MODS:REQUIRED		SOURCEPAGE:srdmagicitems
Staff			TYPE:Staff					COST:0	WT:0				MODS:REQUIRED		SOURCEPAGE:srdmagicitems
# from srdmagicoverview "COMPONENTS"
Spell Component	TYPE:MaterialComponent.Consumable	COST:0	WT:0				MODS:REQUIRED		SOURCEPAGE:srdmagicoverview
Spell Focus		TYPE:SpellFocus				COST:0	WT:0				MODS:REQUIRED		SOURCEPAGE:srdmagicoverview
