# CVS $Revision$ $Author$ -- Thu Feb 12 13:10:24 2009 -- reformated by prettylst.pl v1.39 (build 9329)
#Original Entry By: Knightcrawler	6/16/02 14:49
SOURCELONG:Alchemy and Herbalists	SOURCESHORT:AlchemyHrb	SOURCEWEB:http://dragonwing.net/	SOURCEDATE:2002-03

# Equipment Name					Output Name					Type									Cost		Weight	Slot Needed	Source Page		Bonus to skill
Abjurer's Chalk											TYPE:Goods.Alchemical.Consumable				COST:8000	WT:0				SOURCEPAGE:p.60
Acid of Zarias											TYPE:Goods.Alchemical.Consumable				COST:750	WT:0				SOURCEPAGE:p.60
Alchemist's Stone											TYPE:Goods.Alchemical.Consumable				COST:300000	WT:1				SOURCEPAGE:p.60
Alchemortar (Yieldstone)									TYPE:Goods.Alchemical.Consumable				COST:2000	WT:10				SOURCEPAGE:p.61
Alchemortar (Dragonscale)									TYPE:Goods.Alchemical.Consumable				COST:1000	WT:10				SOURCEPAGE:p.61
Alchemortar (Dragons' Tongue)									TYPE:Goods.Alchemical.Consumable				COST:1500	WT:10				SOURCEPAGE:p.61
Alchemortar (Flowstone)										TYPE:Goods.Alchemical.Consumable				COST:3000	WT:10				SOURCEPAGE:p.61
Alchemortar (Bonemortar)									TYPE:Goods.Alchemical.Consumable				COST:1500	WT:10				SOURCEPAGE:p.61
Alchemortar (Spellmortar)									TYPE:Goods.Alchemical.Consumable				COST:3000	WT:10				SOURCEPAGE:p.61
Alchemortar (Snuffwall)										TYPE:Goods.Alchemical.Consumable				COST:300	WT:3				SOURCEPAGE:p.61
Alchemortar (Strongwall)									TYPE:Goods.Alchemical.Consumable				COST:600	WT:3				SOURCEPAGE:p.61
Alkahest of Zarias										TYPE:Goods.Alchemical.Consumable				COST:3000	WT:0				SOURCEPAGE:p.63
Aqua Clarissima											TYPE:Goods.Alchemical.Consumable				COST:25	WT:0				SOURCEPAGE:p.63
Aqua Fortis												TYPE:Goods.Alchemical.Consumable				COST:25	WT:0				SOURCEPAGE:p.63
Aqua Lacrima											TYPE:Goods.Alchemical.Consumable				COST:25	WT:0				SOURCEPAGE:p.64
Aqua Metallorum											TYPE:Goods.Alchemical.Consumable				COST:50	WT:0				SOURCEPAGE:p.64
Aqua Permaneus											TYPE:Goods.Alchemical.Consumable				COST:15	WT:0				SOURCEPAGE:p.64
Aqua Regia												TYPE:Goods.Alchemical.Consumable				COST:12	WT:0				SOURCEPAGE:p.64
Aqua Vitae												TYPE:Goods.Alchemical.Consumable				COST:35	WT:0				SOURCEPAGE:p.65
Atheists' Paste											TYPE:Goods.Alchemical.Consumable				COST:5000	WT:0				SOURCEPAGE:p.65
Bag of Herbal Harvesting									TYPE:Magic.Wondrous						COST:4000	WT:0				SOURCEPAGE:p.65
Bladeblack												TYPE:Goods.Alchemical.Consumable				COST:6	WT:0				SOURCEPAGE:p.65
Bloodiron												TYPE:Goods.Alchemical.Consumable				COST:10000	WT:15				SOURCEPAGE:p.65
Bloodsteel												TYPE:Goods.Alchemical.Consumable				COST:12000	WT:15				SOURCEPAGE:p.66
Bloodsteel (Greater)				OUTPUTNAME:Boodsteel, Greater		TYPE:Goods.Alchemical.Consumable				COST:15000	WT:15				SOURCEPAGE:p.66
Chartan's Mysticswathe										TYPE:Magic.Alchemical.Consumable				COST:120000	WT:4				SOURCEPAGE:p.66
Chymissiles												TYPE:Goods.Alchemical.Consumable				COST:999999	WT:0				SOURCEPAGE:p.66
Chyra's Philter											TYPE:Magic.Potion.Consumable					COST:500	WT:0				SOURCEPAGE:p.67
Chyra's Polish											TYPE:Goods.Alchemical.Consumable				COST:3000	WT:0				SOURCEPAGE:p.67
Cleansing Crystal Dust										TYPE:Goods.Alchemical.Consumable				COST:500	WT:0				SOURCEPAGE:p.67
Clotheswathe (Beltswathe)									TYPE:Magic.Wondrous.Belt					COST:200	WT:1				SOURCEPAGE:p.67
Clotheswathe (Ivyswathe Gloves)								TYPE:Magic.Wondrous.Glove					COST:300	WT:1		SLOTS:2	SOURCEPAGE:p.67	BONUS:SKILL|Climb|10|TYPE=EquipmentCircumstance
Clotheswathe (Thornswathe Gauntlets)							TYPE:Magic.Wondrous.Glove					COST:350	WT:1		SLOTS:2	SOURCEPAGE:p.68
Clotheswathe (Wildswathe Boots)								TYPE:Magic.Wondrous.Boot					COST:325	WT:1		SLOTS:2	SOURCEPAGE:p.68
Cocoon Swathe (Greengifting)									TYPE:Magic.Wondrous.Erlcana					COST:100000	WT:50				SOURCEPAGE:p.69
Cocoon Swathe (Healing)										TYPE:Magic.Wondrous.Erlcana					COST:90000	WT:50				SOURCEPAGE:p.69
Cocoon Swathe (Protection)									TYPE:Magic.Wondrous.Erlcana					COST:80000	WT:50				SOURCEPAGE:p.69
Darkvision Dust											TYPE:Goods.Alchemical.Consumable				COST:1000	WT:1				SOURCEPAGE:p.69
Defenswathe												TYPE:Magic.Wondrous.Erlcana					COST:500	WT:2				SOURCEPAGE:p.69
Bandoleaves												TYPE:Magic.Wondrous						COST:700	WT:2				SOURCEPAGE:p.69
Denharil's Oil											TYPE:Goods.Alchemical.Consumable				COST:800	WT:0				SOURCEPAGE:p.70
Denharil's Doorjamb										TYPE:Goods.Alchemical.Consumable				COST:400	WT:0				SOURCEPAGE:p.70
Dust of Dweomerbaring										TYPE:Goods.Alchemical.Consumable				COST:200	WT:0				SOURCEPAGE:p.70
Elixir of Dwarfkind										TYPE:Magic.Potion.Consumable					COST:25000	WT:0				SOURCEPAGE:p.70
Elixir of Elvenkind										TYPE:Magic.Potion.Consumable					COST:25000	WT:0				SOURCEPAGE:p.70
Elixir of Gnomekind										TYPE:Magic.Potion.Consumable					COST:25000	WT:0				SOURCEPAGE:p.70
Elixir of Halflingkind										TYPE:Magic.Potion.Consumable					COST:25000	WT:0				SOURCEPAGE:p.70
Elixir of Humankind										TYPE:Magic.Potion.Consumable					COST:25000	WT:0				SOURCEPAGE:p.70
Elixir of Orckind											TYPE:Magic.Potion.Consumable					COST:25000	WT:0				SOURCEPAGE:p.70
Elixir of Life (Impure)										TYPE:Magic.Potion.Consumable					COST:50000	WT:0				SOURCEPAGE:p.70
Elixir of Life (Refined)									TYPE:Magic.Potion.Consumable					COST:75000	WT:0				SOURCEPAGE:p.70
Elixir of Life (Pure)										TYPE:Magic.Potion.Consumable					COST:200000	WT:0				SOURCEPAGE:p.70
Elixir of Purity											TYPE:Magic.Potion.Consumable					COST:50000	WT:0				SOURCEPAGE:p.71
Emerald Tablet											TYPE:Magic.Wondrous						COST:65000	WT:0				SOURCEPAGE:p.71
Entanglobe												TYPE:Goods.Alchemical.Consumable				COST:1200	WT:1				SOURCEPAGE:p.71
Elixir of Greengifting										TYPE:Magic.Potion.Consumable					COST:110000	WT:0				SOURCEPAGE:p.71
Elixir of Trees' Voice										TYPE:Magic.Potion.Consumable					COST:98000	WT:0				SOURCEPAGE:p.71
Elixir of Winter's Legacy									TYPE:Magic.Potion.Consumable					COST:999999	WT:0				SOURCEPAGE:p.72
Feed of Elemental Resistance									TYPE:Goods.Alchemical.Consumable				COST:275	WT:1				SOURCEPAGE:p.72
Feed of Refreshment										TYPE:Goods.Alchemical.Consumable				COST:220	WT:1				SOURCEPAGE:p.73
Feed of Restfulness										TYPE:Goods.Alchemical.Consumable				COST:235	WT:1				SOURCEPAGE:p.73
Fluidsteel												TYPE:Goods.Alchemical.Consumable				COST:1000	WT:1				SOURCEPAGE:p.73
Glazier's Acid											TYPE:Goods.Alchemical.Consumable				COST:50	WT:1				SOURCEPAGE:p.73
Graftswathe												TYPE:Magic.Wondrous						COST:450	WT:1				SOURCEPAGE:p.73
Handshield Powder											TYPE:Goods.Alchemical.Consumable				COST:330	WT:0				SOURCEPAGE:p.73
Healer's Stone											TYPE:Magic.Wondrous						COST:325000	WT:1				SOURCEPAGE:p.74
Heating Plate											TYPE:Magic.Wondrous						COST:1500	WT:5				SOURCEPAGE:p.74
Hyur's Paint											TYPE:Goods.Alchemical.Consumable				COST:500	WT:1				SOURCEPAGE:p74
Ink of Scribes Reprisal										TYPE:Goods.Alchemical.Consumable				COST:220	WT:0				SOURCEPAGE:p.74
Ironskin Powder											TYPE:Goods.Alchemical.Consumable				COST:400	WT:0				SOURCEPAGE:p.74
Jharul's Ointment of Noncorruption								TYPE:Goods.Alchemical.Consumable				COST:600	WT:1				SOURCEPAGE:p.74
Jhotan's Sealing Wax (Acidwax)								TYPE:Goods.Alchemical.Consumable				COST:150	WT:0				SOURCEPAGE:p.75
Jhotan's Sealing Wax (Firewax)								TYPE:Goods.Alchemical.Consumable				COST:175	WT:0				SOURCEPAGE:p.75
Jhotan's Sealing Wax (Spies Wax)								TYPE:Goods.Alchemical.Consumable				COST:200	WT:0				SOURCEPAGE:p.75
Jhotan's Sealing Wax (Vaporwax)								TYPE:Goods.Alchemical.Consumable				COST:175	WT:0				SOURCEPAGE:p.75
Laasic's Athanor											TYPE:Magic.Wondrous						COST:2000	WT:500			SOURCEPAGE:p.75
Lash of Saumar											TYPE:Magic.Weapon.Exotic.Ranged.Slashing.Standard	COST:400	WT:1				SOURCEPAGE:p.75
Lockblight Acid											TYPE:Goods.Alchemical.Consumable				COST:16	WT:0				SOURCEPAGE:p.76
Locksbane Powder											TYPE:Goods.Alchemical.Consumable				COST:285	WT:0				SOURCEPAGE:p.76
Loyal's Feedbag											TYPE:Magic.Wondrous						COST:1750	WT:1				SOURCEPAGE:p.76
Mage-Gold												TYPE:Goods.Alchemical.Consumable				COST:4000	WT:1				SOURCEPAGE:p.76
Mage-Silver												TYPE:Goods.Alchemical.Consumable				COST:3200	WT:1				SOURCEPAGE:p.76
Marael's Tisane											TYPE:Goods.Alchemical.Consumable				COST:2000	WT:1				SOURCEPAGE:p.77
Masterwreck Acid											TYPE:Goods.Alchemical.Consumable				COST:900	WT:0				SOURCEPAGE:p.77
Maxar's Antiseptic Ointment									TYPE:Goods.Alchemical.Consumable				COST:900	WT:0				SOURCEPAGE:p.77
Maxar's Antivenom											TYPE:Magic.Potion							COST:1200	WT:0				SOURCEPAGE:p.77
Maxar's Fangliniment										TYPE:Goods.Alchemical.Consumable				COST:5000	WT:0				SOURCEPAGE:p.77
Maxar's Greater Antidote									TYPE:Magic.Potion							COST:1800	WT:0				SOURCEPAGE:p.77
Metalchemponents (Enlarge)									TYPE:Goods.Alchemical.Consumable				COST:80	WT:0				SOURCEPAGE:p.78
Metalchemponents (Extend)									TYPE:Goods.Alchemical.Consumable				COST:80	WT:0				SOURCEPAGE:p.78
Metalchemponents (Empower)									TYPE:Goods.Alchemical.Consumable				COST:120	WT:0				SOURCEPAGE:p.78
Metalchemponents (Maximize Spell)								TYPE:Goods.Alchemical.Consumable				COST:250	WT:0				SOURCEPAGE:p.78
Misersorrow												TYPE:Goods.Alchemical.Consumable				COST:50	WT:0				SOURCEPAGE:p.78
Mystic's Stone											TYPE:Magic.Wondrous						COST:300000	WT:1				SOURCEPAGE:p.78
N'Kinnym's Bone Balm (Corrosion)								TYPE:Goods.Alchemical.Consumable				COST:315	WT:0				SOURCEPAGE:p.78
N'Kinnym's Bone Balm (Firewalker)								TYPE:Goods.Alchemical.Consumable				COST:350	WT:0				SOURCEPAGE:p.80
N'Kinnym's Bone Balm (Ice)									TYPE:Goods.Alchemical.Consumable				COST:340	WT:0				SOURCEPAGE:p.80
N'Kinnym's Bone Balm (Lightning)								TYPE:Goods.Alchemical.Consumable				COST:375	WT:0				SOURCEPAGE:p.80
Oil of Ichorage											TYPE:Goods.Alchemical.Consumable				COST:225	WT:0				SOURCEPAGE:p.80
Oil of Suppleather										TYPE:Goods.Alchemical.Consumable				COST:800	WT:0				SOURCEPAGE:p.80
Oozebane Dust											TYPE:Goods.Alchemical.Consumable				COST:700	WT:0				SOURCEPAGE:p.80
Orc's Drool Acid											TYPE:Goods.Alchemical.Consumable				COST:100	WT:0				SOURCEPAGE:p.80
Philosopher's Stone (AH)			OUTPUTNAME:Philosopher's Stone	TYPE:Magic.Wondrous						COST:350000	WT:1				SOURCEPAGE:p.81
Philter of the Pack										TYPE:Magic.Potion.Consumable					COST:225	WT:0				SOURCEPAGE:p.81
Philter of the Predator										TYPE:Magic.Potion.Consumable					COST:180	WT:0				SOURCEPAGE:p.81
Philter of the Wildscent									TYPE:Magic.Potion.Consumable					COST:900	WT:0				SOURCEPAGE:p.81
Polish of Vigor											TYPE:Goods.Alchemical.Consumable				COST:15000	WT:1				SOURCEPAGE:p.81
Potion of Delayed Miscibility									TYPE:Magic.Potion.Consumable					COST:300	WT:0				SOURCEPAGE:p.81
Potion of Extension										TYPE:Magic.Potion.Consumable					COST:300	WT:0				SOURCEPAGE:p.81
Powder of Climbing										TYPE:Goods.Alchemical.Consumable				COST:200	WT:0				SOURCEPAGE:p.82
Ptarl's Lurking Menace										TYPE:Goods.Alchemical.Consumable				COST:350	WT:0				SOURCEPAGE:p.82
Putty of Heavy Air										TYPE:Goods.Alchemical.Consumable				COST:32	WT:0				SOURCEPAGE:p.82
Ranyam's Mirror Paste										TYPE:Goods.Alchemical.Consumable				COST:375	WT:0				SOURCEPAGE:p.82
Royalscar												TYPE:Goods.Alchemical.Consumable				COST:120	WT:0				SOURCEPAGE:p.82
Saragun's Blackout Oil										TYPE:Goods.Alchemical.Consumable				COST:210	WT:0				SOURCEPAGE:p.82
Saragun's Condensor										TYPE:Goods.Alchemical.Consumable				COST:75	WT:0				SOURCEPAGE:p.83
Saragun's Pendant											TYPE:Goods.Alchemical.Consumable				COST:2000	WT:1				SOURCEPAGE:p.83
Saragun's Temperant Bottle									TYPE:Goods.Alchemical.Consumable				COST:28000	WT:1				SOURCEPAGE:p.83
Satrian's Wildernessalve									TYPE:Goods.Alchemical.Consumable				COST:300	WT:0				SOURCEPAGE:p.83
Siege Salt (Blindness)										TYPE:Goods.Alchemical.Consumable				COST:1120	WT:1				SOURCEPAGE:p.83
Siege Salt (Burning)										TYPE:Goods.Alchemical.Consumable				COST:1240	WT:1				SOURCEPAGE:p.83
Siege Salt (Drying)										TYPE:Goods.Alchemical.Consumable				COST:880	WT:1				SOURCEPAGE:p.83
Siege Salt (Fog)											TYPE:Goods.Alchemical.Consumable				COST:1000	WT:1				SOURCEPAGE:p.83
Siege Salt (Slumber)										TYPE:Goods.Alchemical.Consumable				COST:1000	WT:1				SOURCEPAGE:p.83
Silentscent Powder										TYPE:Goods.Alchemical.Consumable				COST:265	WT:0				SOURCEPAGE:p.84
Skinfernal Powder											TYPE:Goods.Alchemical.Consumable				COST:225	WT:0				SOURCEPAGE:p.84
Smolder Bottle											TYPE:Goods.Alchemical.Consumable				COST:2100	WT:1				SOURCEPAGE:p.84
Sophic Fire												TYPE:Goods.Alchemical.Consumable				COST:2000	WT:1				SOURCEPAGE:p.84
Sorcerer's Stone											TYPE:Magic.Wondrous						COST:325000	WT:1				SOURCEPAGE:p.84
Steelscrolls											TYPE:Magic.Wondrous						COST:999999	WT:0				SOURCEPAGE:p.84
Swatharness												TYPE:Magic.Wondrous						COST:3000	WT:2				SOURCEPAGE:p.85
Swathelm												TYPE:Magic.Wondrous						COST:64000	WT:1				SOURCEPAGE:p.85
Swathold												TYPE:Magic.Wondrous						COST:7500	WT:1				SOURCEPAGE:p.85
Tarasta's New Day Tea										TYPE:Goods.Alchemical.Consumable				COST:25	WT:0				SOURCEPAGE:p.85
Tarasta's Viscent											TYPE:Goods.Alchemical.Consumable				COST:125	WT:0				SOURCEPAGE:p.85
Tarasta's Immersive										TYPE:Goods.Alchemical.Consumable				COST:120000	WT:50				SOURCEPAGE:p.85
Tea Box of the Emperor (Strength)								TYPE:Magic.Wondrous						COST:40500	WT:5				SOURCEPAGE:p.86
Tea Box of the Emperor (Courage)								TYPE:Magic.Wondrous						COST:40500	WT:5				SOURCEPAGE:p.86
Tea Box of the Emperor (Cunning)								TYPE:Magic.Wondrous						COST:40500	WT:5				SOURCEPAGE:p.86
Tea Box of the Emperor (Wisdom)								TYPE:Magic.Wondrous						COST:40500	WT:5				SOURCEPAGE:p.86
Tea Box of the Emperor (Woe)									TYPE:Magic.Wondrous						COST:40500	WT:5				SOURCEPAGE:p.86
Temperant Baths (Lesser)									TYPE:Goods.Alchemical.Consumable				COST:4200	WT:50				SOURCEPAGE:p.87
Temperant Baths (Minor)										TYPE:Goods.Alchemical.Consumable				COST:4500	WT:50				SOURCEPAGE:p.87
Temperant Baths (Major)										TYPE:Goods.Alchemical.Consumable				COST:4800	WT:50				SOURCEPAGE:p.87
Temperant Baths (Prime)										TYPE:Goods.Alchemical.Consumable				COST:5100	WT:50				SOURCEPAGE:p.87
Antemperant Baths											TYPE:Goods.Alchemical.Consumable				COST:5100	WT:50				SOURCEPAGE:p.87
Temperant Pastes (Type I)									TYPE:Goods.Alchemical.Consumable				COST:375	WT:1				SOURCEPAGE:p.88
Temperant Pastes (Type II)									TYPE:Goods.Alchemical.Consumable				COST:312	WT:1				SOURCEPAGE:p.88
Temperant Pastes (Type III)									TYPE:Goods.Alchemical.Consumable				COST:350	WT:1				SOURCEPAGE:p.88
Temperant Pastes (Type IV)									TYPE:Goods.Alchemical.Consumable				COST:325	WT:1				SOURCEPAGE:p.88
Temperant Pastes (Type V)									TYPE:Goods.Alchemical.Consumable				COST:400	WT:1				SOURCEPAGE:p.88
Termite Paste											TYPE:Goods.Alchemical.Consumable				COST:150	WT:0				SOURCEPAGE:p.88
Throatsprout Mist											TYPE:Goods.Alchemical.Consumable				COST:75	WT:0				SOURCEPAGE:p.88
Tincture of Energy										TYPE:Goods.Alchemical.Consumable				COST:25	WT:0				SOURCEPAGE:p.88
Tisane of Bloodstrength										TYPE:Goods.Alchemical.Consumable				COST:15	WT:0				SOURCEPAGE:p.89
Tonic of Topicalapse										TYPE:Goods.Alchemical.Consumable				COST:95	WT:0				SOURCEPAGE:p.89
Tonic of Toxinstop										TYPE:Goods.Alchemical.Consumable				COST:105	WT:0				SOURCEPAGE:p.89
Tragar's Esoterink (Arcane)									TYPE:Goods.Alchemical.Consumable				COST:35	WT:0				SOURCEPAGE:p.89
Tragar's Esoterink (Cryptink)									TYPE:Goods.Alchemical.Consumable				COST:35	WT:0				SOURCEPAGE:p.89
Tragar's Esoterink (Darkvink)									TYPE:Goods.Alchemical.Consumable				COST:35	WT:0				SOURCEPAGE:p.89
Tragar's Esoterink (Memorink)									TYPE:Goods.Alchemical.Consumable				COST:35	WT:0				SOURCEPAGE:p.89
Tragar's Esoterink (Steel)									TYPE:Goods.Alchemical.Consumable				COST:35	WT:0				SOURCEPAGE:p.89
Tragar's Lotion											TYPE:Goods.Alchemical.Consumable				COST:80	WT:0				SOURCEPAGE:p.89
Travelerswathe											TYPE:Magic.Wondrous						COST:90000	WT:5				SOURCEPAGE:p.89
Wardingswathe											TYPE:Magic.Wondrous						COST:60000	WT:5				SOURCEPAGE:p.89
Wildernesswathe											TYPE:Magic.Wondrous						COST:14400	WT:1				SOURCEPAGE:p.90
Zarias Paste											TYPE:Goods.Alchemical.Consumable				COST:200	WT:0				SOURCEPAGE:p.90
