#  Sat May 18 14:56:38 2019 -- reformated by PCGen PrettyLST v6.08.00
#  Fri Nov 16 19:52:40 2018 -- reformated by PCGen PrettyLST v6.08.00
# CVS $Revision: $ $Author: $ -- Fri Jun 17 21:51:56 2016 -- reformated by PCGen PrettyLST v6.06.00
SOURCELONG:Pathfinder Player Companion: Weapon Master's Handbook	SOURCESHORT:WMH	SOURCEWEB:http://paizo.com/products/btpy9hdy	SOURCEDATE:2015-12

###Block:
# Ability Name						Type			Required Type
CATEGORY=FEAT|Weapon Trick.MOD			TYPE:PFSLegal	PRETYPE:1,PFSLegal
CATEGORY=FEAT|Divine Fighting Technique.MOD	TYPE:PFSLegal	PRETYPE:1,PFSLegal

###Block: Racial Feats
# Ability Name						Type			Required Type		Description
CATEGORY=FEAT|Dwarven Fury.MOD			TYPE:PFSNotLegal	PRETYPE:1,PFSLegal
CATEGORY=FEAT|Dwarven Hatred Style.MOD		TYPE:PFSLegal	PRETYPE:1,PFSLegal
CATEGORY=FEAT|Dwarven Seething.MOD			TYPE:PFSNotLegal	PRETYPE:1,PFSLegal
CATEGORY=FEAT|Elven Battle Focus.MOD		TYPE:PFSLegal	PRETYPE:1,PFSLegal	DESC:(PFS: Elven Battle Focus functions only for melee weapons.)
CATEGORY=FEAT|Elven Battle Style.MOD		TYPE:PFSLegal	PRETYPE:1,PFSLegal
CATEGORY=FEAT|Elven Battle Torrent.MOD		TYPE:PFSLegal	PRETYPE:1,PFSLegal
CATEGORY=FEAT|Illusive Gnome Bewilderment.MOD	TYPE:PFSLegal	PRETYPE:1,PFSLegal
CATEGORY=FEAT|Illusive Gnome Style.MOD		TYPE:PFSLegal	PRETYPE:1,PFSLegal
CATEGORY=FEAT|Illusive Gnome Surprise.MOD		TYPE:PFSLegal	PRETYPE:1,PFSLegal
CATEGORY=FEAT|Orc Fury Style.MOD			TYPE:PFSNotLegal	PRETYPE:1,PFSLegal
CATEGORY=FEAT|Orc Rampage.MOD				TYPE:PFSNotLegal	PRETYPE:1,PFSLegal
CATEGORY=FEAT|Orc Snarl.MOD				TYPE:PFSNotLegal	PRETYPE:1,PFSLegal
CATEGORY=FEAT|Slipslinger Bombardment.MOD		TYPE:PFSLegal	PRETYPE:1,PFSLegal
CATEGORY=FEAT|Slipslinger Grenadier.MOD		TYPE:PFSLegal	PRETYPE:1,PFSLegal
CATEGORY=FEAT|Slipslinger Style.MOD			TYPE:PFSLegal	PRETYPE:1,PFSLegal

###Block: RANGED WEAPON STYLE FEATS
# Ability Name						Type			Required Type
CATEGORY=FEAT|Empty Quiver Flexibility.MOD	TYPE:PFSLegal	PRETYPE:1,PFSLegal
CATEGORY=FEAT|Empty Quiver Flurry.MOD		TYPE:PFSLegal	PRETYPE:1,PFSLegal
CATEGORY=FEAT|Empty Quiver Style.MOD		TYPE:PFSLegal	PRETYPE:1,PFSLegal
CATEGORY=FEAT|Overwatch Style.MOD			TYPE:PFSNotLegal	PRETYPE:1,PFSLegal
#
CATEGORY=FEAT|Overwatch Tactician.MOD		TYPE:PFSNotLegal	PRETYPE:1,PFSLegal
CATEGORY=FEAT|Overwatch Vortex.MOD			TYPE:PFSNotLegal	PRETYPE:1,PFSLegal
CATEGORY=FEAT|Startoss Comet.MOD			TYPE:PFSLegal	PRETYPE:1,PFSLegal
CATEGORY=FEAT|Startoss Shower.MOD			TYPE:PFSLegal	PRETYPE:1,PFSLegal
CATEGORY=FEAT|Startoss Style.MOD			TYPE:PFSLegal	PRETYPE:1,PFSLegal

###Block: MELEE WEAPON STYLE FEATS
# Ability Name					Type			Required Type
CATEGORY=FEAT|Ascetic Form.MOD		TYPE:PFSNotLegal	PRETYPE:1,PFSLegal
CATEGORY=FEAT|Ascetic Strike.MOD		TYPE:PFSNotLegal	PRETYPE:1,PFSLegal
CATEGORY=FEAT|Ascetic Style.MOD		TYPE:PFSNotLegal	PRETYPE:1,PFSLegal
CATEGORY=FEAT|Outslug Sprint.MOD		TYPE:PFSLegal	PRETYPE:1,PFSLegal
CATEGORY=FEAT|Outslug Style.MOD		TYPE:PFSLegal	PRETYPE:1,PFSLegal
CATEGORY=FEAT|Outslug Weave.MOD		TYPE:PFSLegal	PRETYPE:1,PFSLegal
CATEGORY=FEAT|Smashing Crush.MOD		TYPE:PFSLegal	PRETYPE:1,PFSLegal
CATEGORY=FEAT|Smashing Dent.MOD		TYPE:PFSLegal	PRETYPE:1,PFSLegal
CATEGORY=FEAT|Smashing Style.MOD		TYPE:PFSLegal	PRETYPE:1,PFSLegal
CATEGORY=FEAT|Spear Dancing Reach.MOD	TYPE:PFSLegal	PRETYPE:1,PFSLegal
CATEGORY=FEAT|Spear Dancing Spiral.MOD	TYPE:PFSLegal	PRETYPE:1,PFSLegal
CATEGORY=FEAT|Spear Dancing Style.MOD	TYPE:PFSLegal	PRETYPE:1,PFSLegal
CATEGORY=FEAT|Swordplay Deflection.MOD	TYPE:PFSLegal	PRETYPE:1,PFSLegal
CATEGORY=FEAT|Swordplay Style.MOD		TYPE:PFSLegal	PRETYPE:1,PFSLegal
CATEGORY=FEAT|Swordplay Upset.MOD		TYPE:PFSLegal	PRETYPE:1,PFSLegal


###Block:
# Ability Name						Type			Required Type
CATEGORY=FEAT|Advanced Weapon Training.MOD	TYPE:PFSLegal	PRETYPE:1,PFSLegal
CATEGORY=FEAT|Martial Focus.MOD			TYPE:PFSLegal	PRETYPE:1,PFSLegal

###Block: Ranged Weapon Mastery Feats
# Ability Name					Type			Required Type
CATEGORY=FEAT|Ace Disarm.MOD			TYPE:PFSLegal	PRETYPE:1,PFSLegal
CATEGORY=FEAT|Ace Trip.MOD			TYPE:PFSLegal	PRETYPE:1,PFSLegal
CATEGORY=FEAT|Burrowing Shot.MOD		TYPE:PFSNotLegal	PRETYPE:1,PFSLegal
CATEGORY=FEAT|Finesse Shot.MOD		TYPE:PFSLegal	PRETYPE:1,PFSLegal
CATEGORY=FEAT|Impressive Grit.MOD		TYPE:PFSLegal	PRETYPE:1,PFSLegal
CATEGORY=FEAT|Liberating Shot.MOD		TYPE:PFSLegal	PRETYPE:1,PFSLegal
CATEGORY=FEAT|Marksman's Utility.MOD	TYPE:PFSLegal	PRETYPE:1,PFSLegal
CATEGORY=FEAT|Ricochet Toss.MOD		TYPE:PFSLegal	PRETYPE:1,PFSLegal

###Block: Melee Weapon Mastery
# Ability Name					Type			Required Type
CATEGORY=FEAT|Cut from the Air.MOD		TYPE:PFSLegal	PRETYPE:1,PFSLegal
CATEGORY=FEAT|Devastating Assault.MOD	TYPE:PFSLegal	PRETYPE:1,PFSLegal
CATEGORY=FEAT|Difficult Swings.MOD		TYPE:PFSLegal	PRETYPE:1,PFSLegal
CATEGORY=FEAT|Retributive Kick.MOD		TYPE:PFSLegal	PRETYPE:1,PFSLegal
CATEGORY=FEAT|Smash from the Air.MOD	TYPE:PFSNotLegal	PRETYPE:1,PFSLegal
CATEGORY=FEAT|Spellcut.MOD			TYPE:PFSLegal	PRETYPE:1,PFSLegal
CATEGORY=FEAT|Targeted Blow.MOD		TYPE:PFSLegal	PRETYPE:1,PFSLegal
CATEGORY=FEAT|Weapon Material Mastery.MOD	TYPE:PFSLegal	PRETYPE:1,PFSLegal
CATEGORY=FEAT|Weapon Style Mastery.MOD	TYPE:PFSLegal	PRETYPE:1,PFSLegal

###Block: Item Mastery Feats
# Ability Name					Type			Required Type		Description
CATEGORY=FEAT|Compulsion Mastery.MOD	TYPE:PFSLegal	PRETYPE:1,PFSLegal	DESC:(PFS: When qualifying for and calculating the benefits of an item mastery feat, a PC uses the base Fortitude save bonus from only one of his classes. PCGen is unable to determine this automatically.)
CATEGORY=FEAT|Curse Mastery.MOD		TYPE:PFSLegal	PRETYPE:1,PFSLegal	DESC:(PFS: When qualifying for and calculating the benefits of an item mastery feat, a PC uses the base Fortitude save bonus from only one of his classes. PCGen is unable to determine this automatically.)
CATEGORY=FEAT|Dispel Mastery.MOD		TYPE:PFSLegal	PRETYPE:1,PFSLegal	DESC:(PFS: When qualifying for and calculating the benefits of an item mastery feat, a PC uses the base Fortitude save bonus from only one of his classes. PCGen is unable to determine this automatically.)
CATEGORY=FEAT|Energy Mastery.MOD		TYPE:PFSLegal	PRETYPE:1,PFSLegal	DESC:(PFS: When qualifying for and calculating the benefits of an item mastery feat, a PC uses the base Fortitude save bonus from only one of his classes. PCGen is unable to determine this automatically.)
CATEGORY=FEAT|Flight Mastery.MOD		TYPE:PFSLegal	PRETYPE:1,PFSLegal	DESC:(PFS: When qualifying for and calculating the benefits of an item mastery feat, a PC uses the base Fortitude save bonus from only one of his classes. PCGen is unable to determine this automatically.)
CATEGORY=FEAT|Illusion Mastery.MOD		TYPE:PFSLegal	PRETYPE:1,PFSLegal	DESC:(PFS: When qualifying for and calculating the benefits of an item mastery feat, a PC uses the base Fortitude save bonus from only one of his classes. PCGen is unable to determine this automatically.)
CATEGORY=FEAT|Telekinetic Mastery.MOD	TYPE:PFSLegal	PRETYPE:1,PFSLegal	DESC:(PFS: When qualifying for and calculating the benefits of an item mastery feat, a PC uses the base Fortitude save bonus from only one of his classes. PCGen is unable to determine this automatically.)
CATEGORY=FEAT|Teleportation Mastery.MOD	TYPE:PFSLegal	PRETYPE:1,PFSLegal	DESC:(PFS: When qualifying for and calculating the benefits of an item mastery feat, a PC uses the base Fortitude save bonus from only one of his classes. PCGen is unable to determine this automatically.)
CATEGORY=FEAT|Vision Mastery.MOD		TYPE:PFSLegal	PRETYPE:1,PFSLegal	DESC:(PFS: When qualifying for and calculating the benefits of an item mastery feat, a PC uses the base Fortitude save bonus from only one of his classes. PCGen is unable to determine this automatically.)

#PFS: When qualifying for and calculating the benefits of an item mastery feat, a PC uses the base Fortitude save bonus from only one of his classes.

###Support###
CATEGORY=FEAT|Bullseye Shot.MOD		TYPE:PFSLegal	PRETYPE:1,PFSLegal
