# CVS $Revision$ $Author$ -- Fri Oct 19 20:16:09 2012 -- reformated by prettylst.pl v1.39 (build 15052)
SOURCELONG:Blood and Blades - The Profilers Guide to Slashers	SOURCESHORT:BloodBlades	SOURCEWEB:http://www.rpgobjects.com/index.php?page=pro&product_id=141	SOURCEDATE:2005-01
#Original entry by: Frank Kliewe

#Simple Weapons
# Equipment Name	Output Name			Required Weapon Proficiency		Type											Cost		Weight	Critical Hit Multiplier	Critical Hit Range	Damage	Size		Source Page		Special Property
Crowbar						PROFICIENCY:WEAPON|Crowbar		TYPE:Weapon.Simple.Melee.Bludgeoning.Piercing.Standard.Metal	COST:6	WT:5		CRITMULT:x2			CRITRANGE:1			DAMAGE:1d6	SIZE:L	SOURCEPAGE:p.39
Hammer						PROFICIENCY:WEAPON|Hammer		TYPE:Weapon.Simple.Melee.Bludgeoning.Piercing.Standard		COST:5	WT:2		CRITMULT:x2			CRITRANGE:1			DAMAGE:1d6	SIZE:M	SOURCEPAGE:p.39
Ice Pick						PROFICIENCY:WEAPON|Ice Pick		TYPE:Weapon.Simple.Melee.Piercing.Standard				COST:4	WT:1		CRITMULT:x2			CRITRANGE:2			DAMAGE:1d2	SIZE:T	SOURCEPAGE:p.39
Wrench						PROFICIENCY:WEAPON|Wrench		TYPE:Weapon.Simple.Melee.Bludgeoning.Standard.Metal			COST:4	WT:3		CRITMULT:x2			CRITRANGE:2			DAMAGE:1d2	SIZE:T	SOURCEPAGE:p.39

#Archaic Weapons
Axe (Fireman's)	OUTPUTNAME:[NAME] Axe	PROFICIENCY:WEAPON|Fireman's Axe	TYPE:Weapon.Archaic.Melee.Slashing.Standard.Metal			COST:6	WT:8		CRITMULT:x3			CRITRANGE:1			DAMAGE:1d10	SIZE:L	SOURCEPAGE:p.39
Pitchfork						PROFICIENCY:WEAPON|Pitchfork		TYPE:Weapon.Archaic.Melee.Piercing.Standard				COST:7	WT:4		CRITMULT:x2			CRITRANGE:1			DAMAGE:1d6	SIZE:L	SOURCEPAGE:p.39

#Exotic Weapons
Glove (Bladed)	OUTPUTNAME:[NAME] Glove	PROFICIENCY:WEAPON|Bladed Glove	TYPE:Weapon.Exotic.Melee.Piercing.Slashing.Standard.Glove		COST:10	WT:4		CRITMULT:x2			CRITRANGE:1			DAMAGE:1d6	SIZE:S	SOURCEPAGE:p.39
Garrote						PROFICIENCY:WEAPON|Garrote		TYPE:Weapon.Exotic.Melee.Slashing.Standard				COST:4	WT:0.1	CRITMULT:x1			CRITRANGE:0			DAMAGE:0	SIZE:S	SOURCEPAGE:p.39	SPROP:+4 bonus to grapple damage
Power Drill						PROFICIENCY:WEAPON|Power Drill	TYPE:Weapon.Exotic.Melee.Piercing.Standard.Metal			COST:10	WT:8		CRITMULT:x2			CRITRANGE:1			DAMAGE:2d6	SIZE:L	SOURCEPAGE:p.39

###Block:.MODS
# Equipment Name	Clear Types	Type
Scythe.MOD		TYPE:.CLEAR	TYPE:Weapon.Exotic.Melee.Piercing.Slashing.Standard
Sickle.MOD		TYPE:.CLEAR	TYPE:Weapon.Exotic.Melee.Slashing.Standard
