#  Fri Nov 16 19:52:40 2018 -- reformated by PCGen PrettyLST v6.08.00
# CVS $Revision: 21544 $ $Author: nuance $ -- Fri Jun 17 21:51:56 2016 -- reformated by PCGen PrettyLST v6.06.00

###Block: Set up Aasimar default abilities
# Ability Name							Category of Ability	Ability

#Racial Traits ~ Aasimar
# Ability Name						Category of Ability	Ability																							Bonus Ability Pool				FACT
Racial Traits ~ Aasimar					CATEGORY:Internal																										BONUS:ABILITYPOOL|Race Size Selection|1	FACT:RaceSizeAllowed_Medium|true	FACT:RaceSizeAllowed_Small|true
# These are altered in later sources
CATEGORY=Internal|Racial Traits ~ Aasimar.MOD					ABILITY:Aasimar Racial Trait|AUTOMATIC|Aasimar ~ Stats|!PREABILITY:1,CATEGORY=Special Ability,TYPE.AasimarSubrace
CATEGORY=Internal|Racial Traits ~ Aasimar.MOD					ABILITY:Aasimar Racial Trait|AUTOMATIC|Aasimar ~ Skilled|!PREABILITY:1,CATEGORY=Special Ability,TYPE.AasimarSkilled
CATEGORY=Internal|Racial Traits ~ Aasimar.MOD					ABILITY:Aasimar Racial Trait|AUTOMATIC|Aasimar ~ Spell-Like Ability|!PREABILITY:1,CATEGORY=Special Ability,TYPE.AasimarSLA

# These are constant
CATEGORY=Internal|Racial Traits ~ Aasimar.MOD					ABILITY:Aasimar Racial Trait|AUTOMATIC|Aasimar ~ Darkvision|!PREABILITY:1,CATEGORY=Special Ability,TYPE.AasimarDarkvision
CATEGORY=Internal|Racial Traits ~ Aasimar.MOD					ABILITY:Aasimar Racial Trait|AUTOMATIC|Aasimar ~ Celestial Resistance|!PREABILITY:1,CATEGORY=Special Ability,TYPE.AasimarCelestialResistance
CATEGORY=Internal|Racial Traits ~ Aasimar.MOD					ABILITY:Aasimar Racial Trait|AUTOMATIC|Aasimar ~ Celestial Language|!PREABILITY:1,CATEGORY=Special Ability,TYPE.AasimarCelestialLanguage

###Block: Default Aasimar Abilities (POOL=5)
# Ability Name					Unique Key					Category of Ability		Type																Multiple Requirements																							Define			Description																						Auto Language		Ability																					Bonus to skill																Stat bonus					Modify VAR															Vision			Source Page
Stats							KEY:Aasimar ~ Stats			CATEGORY:Special Ability	TYPE:RacialTraits.AasimarRacialTrait.AasimarRacialDefault.SpecialQuality																																		DESC:+2 Wisdom, +2 Charisma: Aasimars are insightful, confident, and personable.																																																						BONUS:STAT|WIS,CHA|2|TYPE=Racial																					SOURCEPAGE:p.7
Skilled						KEY:Aasimar ~ Skilled			CATEGORY:Special Ability	TYPE:RacialTraits.SpecialQuality.Extraordinary.AasimarRacialTrait.AasimarRacialDefault		PREMULT:1,[PREABILITY:1,CATEGORY=Special Ability,Aasimar ~ Skilled],[!PREABILITY:1,CATEGORY=Special Ability,TYPE.AasimarSkilled]									DESC:Aasimars have a +2 racial bonus on Diplomacy and Perception checks.|!PREABILITY:1,CATEGORY=Special Ability,TYPE.AasimarSubrace																												BONUS:SKILL|Diplomacy,Perception|2|TYPE=Racial|!PREABILITY:1,CATEGORY=Special Ability,TYPE.AasimarSubrace																											SOURCEPAGE:p.7
Spell-Like Ability				KEY:Aasimar ~ Spell-Like Ability	CATEGORY:Special Ability	TYPE:RacialTraits.SpecialQuality.SpellLike.AasimarRacialTrait.AasimarRacialDefault			PREMULT:1,[PREABILITY:1,CATEGORY=Special Ability,Aasimar ~ Spell-Like Ability],[!PREABILITY:1,CATEGORY=Special Ability,TYPE.AasimarSLA]				DEFINE:Daylight_Times|0	DESC:Aasimars can use daylight %1/day as a spell-like ability.|Daylight_Times|!PREABILITY:1,CATEGORY=Special Ability,TYPE.AasimarSubrace					ABILITY:SLA|AUTOMATIC|Daylight|!PREABILITY:1,CATEGORY=Special Ability,TYPE.AasimarSubrace																																BONUS:VAR|Daylight_CasterLevel|TL	BONUS:VAR|Daylight_Times|1										SOURCEPAGE:p.7

Darkvision						KEY:Aasimar ~ Darkvision		CATEGORY:Special Ability	TYPE:RacialTrait.SensesTrait.Standard.AasimarRacialTrait.AasimarRacialDefault.RacialVision	PREMULT:1,[PREABILITY:1,CATEGORY=Special Ability,Aasimar ~ Darkvision],[!PREABILITY:1,CATEGORY=Special Ability,TYPE.AasimarDarkvision]								DESC:See in the dark up to 60 ft.																																																																																				VISION:Darkvision (60')	SOURCEPAGE:p.7
Celestial Resistance				KEY:Aasimar ~ Celestial Resistance	CATEGORY:Special Ability	TYPE:RacialTraits.SpecialQuality.Extraordinary.AasimarRacialTrait.AasimarRacialDefault		PREMULT:1,[PREABILITY:1,CATEGORY=Special Ability,Aasimar ~ Celestial Resistance],[!PREABILITY:1,CATEGORY=Special Ability,TYPE.AasimarCelestialResistance]					DESC:Aasimars have acid resistance 5, cold resistance 5, and electricity resistance 5.													ABILITY:Special Ability|AUTOMATIC|Resistance to Acid|Resistance to Cold|Resistance to Electricity																														BONUS:VAR|AcidResistanceBonus,ColdResistanceBonus,ElectricityResistanceBonus|5|TYPE=Resistance					SOURCEPAGE:p.7
Celestial Language				KEY:Aasimar ~ Celestial Language	CATEGORY:Special Ability	TYPE:RacialTraits.SpecialQuality.Extraordinary.AasimarRacialTrait.AasimarRacialDefault		PREMULT:1,[PREABILITY:1,CATEGORY=Special Ability,Aasimar ~ Celestial Language],[!PREABILITY:1,CATEGORY=Special Ability,TYPE.AasimarCelestialLanguage]						DESC:Aasimars speak Celestial.																		AUTO:LANG|Celestial																																																																			SOURCEPAGE:p.7

#Racial Traits ~ Drow
# Ability Name					Unique Key					Category of Ability		Type																Multiple Requirements																							Define			Description																						Auto Language		Ability																					Bonus to skill																Stat bonus					Modify VAR															Vision			Source Page
Racial Traits ~ Drow										CATEGORY:Internal
CATEGORY=Internal|Racial Traits ~ Drow.MOD																																																																																					ABILITY:Drow Racial Trait|AUTOMATIC|Drow ~ Darkvision|!PREABILITY:1,CATEGORY=Special Ability,TYPE.DrowDarkvision
CATEGORY=Internal|Racial Traits ~ Drow.MOD																																																																																					ABILITY:Drow Racial Trait|AUTOMATIC|Drow ~ Drow Immunities|!PREABILITY:1,CATEGORY=Special Ability,TYPE.DrowImmunities
CATEGORY=Internal|Racial Traits ~ Drow.MOD																																																																																					ABILITY:Drow Racial Trait|AUTOMATIC|Drow ~ Keen Senses|!PREABILITY:1,CATEGORY=Special Ability,TYPE.DrowKeenSenses
CATEGORY=Internal|Racial Traits ~ Drow.MOD																																																																																					ABILITY:Drow Racial Trait|AUTOMATIC|Drow ~ Poison Use|!PREABILITY:1,CATEGORY=Special Ability,TYPE.DrowPoisonUse
CATEGORY=Internal|Racial Traits ~ Drow.MOD																																																																																					ABILITY:Drow Racial Trait|AUTOMATIC|Drow ~ Spell Resistance|!PREABILITY:1,CATEGORY=Special Ability,TYPE.DrowSpellResistance
CATEGORY=Internal|Racial Traits ~ Drow.MOD																																																																																					ABILITY:Drow Racial Trait|AUTOMATIC|Drow ~ Spell-Like Abilities|!PREABILITY:1,CATEGORY=Special Ability,TYPE.DrowSLAs
CATEGORY=Internal|Racial Traits ~ Drow.MOD																																																																																					ABILITY:Drow Racial Trait|AUTOMATIC|Drow ~ Light Blindness|!PREABILITY:1,CATEGORY=Special Ability,TYPE.DrowLightBlindness
CATEGORY=Internal|Racial Traits ~ Drow.MOD																																																																																					ABILITY:Drow Racial Trait|AUTOMATIC|Drow ~ Weapon Familiarity|!PREABILITY:1,CATEGORY=Special Ability,TYPE.DrowWeaponFamiliarity

###Block: Default Drow Abilities (POOL=8)
# Ability Name			Unique Key						Category of Ability		Type																Multiple Requirements																					Required Race		Define				Description																																																																																																																																																															Auto Weapon Prof							Ability																																																																																																																																																																	Bonus to skill					Modify VAR																																																																																																																				Source Page		Aspects
Drow Immunities			KEY:Drow ~ Drow Immunities			CATEGORY:Special Ability	TYPE:DrowRacialTrait.DrowRacialDefault.SpecialQuality.Extraordinary.Immunity				PREMULT:1,[PREABILITY:1,CATEGORY=Special Ability,Drow ~ Drow Immunities],[!PREABILITY:1,CATEGORY=Special Ability,TYPE.DrowImmunities]											DESC:Drow are immune to magic sleep effects and get a +2 racial bonus to saves against enchantment spells.																																																																																																																																																																																																																																																																																																																																																																																																																																																									ASPECT:Immunity|Sleep
Keen Senses				KEY:Drow ~ Keen Senses				CATEGORY:Special Ability	TYPE:DrowRacialTrait.DrowRacialDefault.SpecialQuality.Extraordinary.KeenSenses			PREMULT:1,[PREABILITY:1,CATEGORY=Special Ability,Drow ~ Keen Senses],[!PREABILITY:1,CATEGORY=Special Ability,TYPE.DrowKeenSenses]												DESC:Drow receive a +2 racial bonus on Perception checks.																																																																																																																																																																																																																																																																																																																																		BONUS:SKILL|Perception|2|TYPE=Racial
Poison Use				KEY:Drow ~ Poison Use				CATEGORY:Special Ability	TYPE:DrowRacialTrait.DrowRacialDefault.SpecialQuality.Extraordinary.Poison Use			PREMULT:1,[PREABILITY:1,CATEGORY=Special Ability,Drow ~ Poison Use],[!PREABILITY:1,CATEGORY=Special Ability,TYPE.DrowPoisonUse]												DESC:Drow are skilled in the use of poison and never risk accidentally poisoning themselves.
Weapon Familiarity		KEY:Drow ~ Weapon Familiarity			CATEGORY:Special Ability	TYPE:DrowRacialTrait.DrowRacialDefault.SpecialQuality.Extraordinary.RacialWeaponFamiliarity	PREMULT:1,[PREABILITY:1,CATEGORY=Special Ability,Drow ~ Weapon Familiarity],[!PREABILITY:1,CATEGORY=Special Ability,TYPE.DrowWeaponFamiliarity]										DESC:Drow are proficient with the hand crossbow, rapier, and short sword.																																																																																																																																																				AUTO:WEAPONPROF|Crossbow (Hand)|Rapier|Sword (Short)
# New Drow Abilities, verify set up correctly
Darkvision				KEY:Drow ~ Darkvision				CATEGORY:Special Ability	TYPE:DrowRacialTrait.DrowRacialDefault.RacialVision								PREMULT:1,[PREABILITY:1,CATEGORY=Special Ability,Drow ~ Darkvision],[!PREABILITY:1,CATEGORY=Special Ability,TYPE.DrowDarkvision]												DESC:Drow can see in the dark up to 120 feet.																																																																																																																																																																																																																																																																																																																																											BONUS:VAR|DarkvisionRange|120|TYPE=Base																																																																																																															SOURCEPAGE:p.103
Spell Resistance			KEY:Drow ~ Spell Resistance			CATEGORY:Special Ability	TYPE:DrowRacialTrait.DrowRacialDefault										PREMULT:1,[PREABILITY:1,CATEGORY=Special Ability,Drow ~ Spell Resistance],[!PREABILITY:1,CATEGORY=Special Ability,TYPE.DrowSpellResistance]										DESC:Drow possess spell resistance equal to 6 plus their class levels.																																																																																																																																																																																																																																																																																																																																																																																																																																																												SOURCEPAGE:p.103
Spell-Like Abilities		KEY:Drow ~ Spell-Like Abilities		CATEGORY:Special Ability	TYPE:RacialTraits.SpecialQuality.SpellLike.DrowRacialTrait.DrowRacialDefault				PREMULT:1,[PREABILITY:1,CATEGORY=Special Ability,Drow ~ Spell-Like Abilities],[!PREABILITY:1,CATEGORY=Special Ability,TYPE.DrowSLAs]						DEFINE:DrowInnateSpells|0	DESC:Drow can use	DESC: dancing lights %1/day,|DancingLightsTimes|PREVAREQ:DisableSpellDancingLights,0|PREVARGTEQ:DancingLightsTimes,1	DESC: dancing lights At Will,|PREVAREQ:DisableSpellDancingLights,0|PREVARLTEQ:DancingLightsTimes,0	DESC: darkness %1/day,|DarknessTimes|PREVAREQ:DisableSpellDarkness,0|PREVARGTEQ:DarknessTimes,1	DESC: darkness At Will,|PREVAREQ:DisableSpellDarkness,0|PREVARLTEQ:DarknessTimes,0	DESC: and faerie fire %1/day|FaerieFireTimes|PREVAREQ:DisableSpellFaerieFire,0|PREVARGTEQ:FaerieFireTimes,1	DESC: and faerie fire At Will|PREVAREQ:DisableSpellFaerieFire,0|PREVARLTEQ:FaerieFireTimes,0	DESC:.																																																																ABILITY:Spell-Like Ability|AUTOMATIC|Dancing Lights|Faerie Fire|Darkness|PREVAREQ:DrowInnateSpells,0																																																																																																																																																									BONUS:VAR|DancingLightsTimes|1|TYPE=Base	BONUS:VAR|DancingLightsLVL|TL|TYPE=Base	BONUS:VAR|FaerieFireTimes|1|TYPE=Base	BONUS:VAR|FaerieFireLVL|TL|TYPE=Base	BONUS:VAR|DarknessTimes|1|TYPE=Base	BONUS:VAR|DarknessLVL|TL|TYPE=Base																																																																														SOURCEPAGE:p.103
Light Blindness			KEY:Drow ~ Light Blindness			CATEGORY:Special Ability	TYPE:DrowRacialTrait.DrowRacialDefault.LightBlindness								PREMULT:1,[PREABILITY:1,CATEGORY=Special Ability,Drow ~ Light Blindness],[!PREABILITY:1,CATEGORY=Special Ability,TYPE.DrowLightBlindness]											DESC:Abrupt exposure to bright light blinds drow for 1 round; on subsequent rounds, they are dazzled as long as they remain in the affected area.																																																																																																																																																																																																																																																																																																																																																																																																																																															SOURCEPAGE:p.103
#SPELLS:Innate|TIMES=DrowSLATimes|CASTERLEVEL=TL|Dancing Lights|Darkness|Faerie Fire|PREVAREQ:DisableDrowSpellLike,0

Racial Traits ~ Drow Noble								CATEGORY:Internal																																																																																																																																																																																																																													ABILITY:Drow Racial Trait|AUTOMATIC|Drow ~ Darkvision|!PREABILITY:1,CATEGORY=Special Ability,TYPE.DrowDarkvision	ABILITY:Drow Racial Trait|AUTOMATIC|Drow ~ Drow Immunities|!PREABILITY:1,CATEGORY=Special Ability,TYPE.DrowImmunities	ABILITY:Drow Racial Trait|AUTOMATIC|Drow ~ Keen Senses|!PREABILITY:1,CATEGORY=Special Ability,TYPE.DrowKeenSenses	ABILITY:Drow Racial Trait|AUTOMATIC|Drow ~ Poison Use|!PREABILITY:1,CATEGORY=Special Ability,TYPE.DrowPoisonUse	ABILITY:Drow Racial Trait|AUTOMATIC|Drow ~ Spell Resistance|!PREABILITY:1,CATEGORY=Special Ability,TYPE.DrowSpellResistance	ABILITY:Drow Racial Trait|AUTOMATIC|Drow ~ Light Blindness|!PREABILITY:1,CATEGORY=Special Ability,TYPE.DrowLightBlindness	ABILITY:Drow Racial Trait|AUTOMATIC|Drow ~ Weapon Familiarity|!PREABILITY:1,CATEGORY=Special Ability,TYPE.DrowWeaponFamiliarity	ABILITY:Drow Racial Trait|AUTOMATIC|Drow Noble ~ Spell-Like Abilities|!PREABILITY:1,CATEGORY=Special Ability,TYPE.DrowSLAs
#
Spell-Like Abilities		KEY:Drow Noble ~ Spell-Like Abilities	CATEGORY:Special Ability	TYPE:DrowRacialTrait.RacialTraits.SpecialQuality.SpellLike							PREMULT:1,[PREABILITY:1,CATEGORY=Special Ability,Drow Noble ~ Spell-Like Abilities],[!PREABILITY:1,CATEGORY=Special Ability,TYPE.DrowSLAs]	PRERACE:1,Drow Noble						DESC:Drow nobles can use	DESC:Dancing Lights at will,|PREVAREQ:DisableSpellDancingLights,0|PREVARLTEQ:DancingLightsTimes,0	DESC:Deeper Darkness at will,|PREVAREQ:DisableSpellDeeperDarkness,0|PREVARLTEQ:DeeperDarknessTimes,0	DESC:Detect Magic at will,|PREVAREQ:DisableSpellDetectMagic,0|PREVARLTEQ:DetectMagicTimes,0	DESC:Faerie Fire at will,|PREVAREQ:DisableSpellFaerieFire,0|PREVARLTEQ:FaerieFireTimes,0	DESC:Feather Fall at will,|PREVAREQ:DisableSpellFeatherFall,0|PREVARLTEQ:FeatherFallTimes,0	DESC:Levitate at will|PREVAREQ:DisableSpellLevitate,0|PREVARLTEQ:LevitateTimes,0	DESC:. They also can use	DESC:Dispel Magic %1/day,|DispelMagicTimes|PREVAREQ:DisableSpellDispelMagic,0|PREVARGTEQ:DispelMagicTimes,1	DESC:Divine Favor %1/day,|DivineFavorTimes|PREVAREQ:DisableSpellDivineFavor,0|PREVARGTEQ:DivineFavorTimes,1	DESC:Suggestion %1/day|SuggestionTimes|PREVAREQ:DisableSpellSuggestion,0|PREVARGTEQ:SuggestionTimes,1	DESC:.										ABILITY:Spell-Like Ability|AUTOMATIC|Dancing Lights	ABILITY:Spell-Like Ability|AUTOMATIC|Deeper Darkness	ABILITY:Spell-Like Ability|AUTOMATIC|Detect Magic	ABILITY:Spell-Like Ability|AUTOMATIC|Feather Fall	ABILITY:Spell-Like Ability|AUTOMATIC|Levitate	ABILITY:Spell-Like Ability|AUTOMATIC|Dispel Magic	ABILITY:Spell-Like Ability|AUTOMATIC|Divine Favor	ABILITY:Spell-Like Ability|AUTOMATIC|Suggestion																																																																																																				BONUS:VAR|DancingLightsTimes|-10	BONUS:VAR|DancingLightsLVL|TL|TYPE=Base	BONUS:VAR|DeeperDarknessTimes|-10	BONUS:VAR|DeeperDarknessLVL|TL|TYPE=Base	BONUS:VAR|DetectMagicTimes|-10	BONUS:VAR|DetectMagicLVL|TL|TYPE=Base	BONUS:VAR|FaerieFireTimes|-10	BONUS:VAR|FaerieFireLVL|TL|TYPE=Base	BONUS:VAR|FeatherFallTimes|-10	BONUS:VAR|FeatherFallLVL|TL|TYPE=Base	BONUS:VAR|LevitateTimes|-10	BONUS:VAR|LevitateLVL|TL|TYPE=Base	BONUS:VAR|DispelMagicTimes|1|TYPE=Base	BONUS:VAR|DispelMagicLVL|TL|TYPE=Base	BONUS:VAR|DivineFavorTimes|1|TYPE=Base	BONUS:VAR|DivineFavorLVL|TL|TYPE=Base	BONUS:VAR|SuggestionTimes|1|TYPE=Base	BONUS:VAR|SuggestionLVL|TL|TYPE=Base	SOURCEPAGE:p.103

###Block: Set up Goblin default abilities
# Ability Name							Category of Ability	Ability

#Racial Traits ~ Goblin
# Ability Name						Category of Ability	Ability
Racial Traits ~ Goblin					CATEGORY:Internal		ABILITY:Goblin|AUTOMATIC|PlaceHolder ~ Goblin
CATEGORY=Internal|Racial Traits ~ Goblin.MOD					ABILITY:Goblin Racial Trait|AUTOMATIC|Goblin ~ Darkvision|!PREABILITY:1,CATEGORY=Special Ability,TYPE.GoblinDarkvision
CATEGORY=Internal|Racial Traits ~ Goblin.MOD					ABILITY:Goblin Racial Trait|AUTOMATIC|Goblin ~ Fast|!PREABILITY:1,CATEGORY=Special Ability,TYPE.GoblinFast
CATEGORY=Internal|Racial Traits ~ Goblin.MOD					ABILITY:Goblin Racial Trait|AUTOMATIC|Goblin ~ Skilled|!PREABILITY:1,CATEGORY=Special Ability,TYPE.GoblinSkilled

PlaceHolder ~ Goblin	CATEGORY:Special Ability	VISIBLE:NO	TYPE:GoblinAlt


###Block: Goblin abilities
# Ability Name	Unique Key			Category of Ability		Type						Description										Bonus to skill					Source Page
#Skilled		KEY:Goblin ~ Skilled	CATEGORY:Special Ability	TYPE:SpecialQuality.Extraordinary	DESC:Goblins gain a +4 racial bonus on Ride and Stealth checks.	BONUS:SKILL|Ride,Stealth|4|TYPE=Racial	SOURCEPAGE:p.18

###Block: Default Goblin Abilities (POOL=3)
# Ability Name	Unique Key			Category of Ability		Type															Multiple Requirements																				Description										Add to base move			Bonus to skill					Modify VAR				Vision			Source Page
Fast			KEY:Goblin ~ Fast		CATEGORY:Special Ability	TYPE:RacialTraits.SpecialQuality.Extraordinary.GoblinRacialTrait.GoblinRacialDefault	PREMULT:1,[PREABILITY:1,CATEGORY=Special Ability,Goblin ~ Fast],[!PREABILITY:1,CATEGORY=Special Ability,TYPE.GoblinFast]			DESC:Goblins have a base speed of 30 ft.					BONUS:MOVEADD|TYPE.Walk|10																	SOURCEPAGE:p.115
# COMMENT: Apparently being Fast means we need to drop the goblin speed to 20 for this ability to work
Darkvision		KEY:Goblin ~ Darkvision	CATEGORY:Special Ability	TYPE:GoblinRacialTrait.GoblinRacialDefault.RacialVision						PREMULT:1,[PREABILITY:1,CATEGORY=Special Ability,Goblin ~ Darkvision],[!PREABILITY:1,CATEGORY=Special Ability,TYPE.GoblinDarkvision]	DESC:Goblins can see in the dark up to 60 feet.																BONUS:VAR|HasRacialVision|1	VISION:Darkvision (60')	SOURCEPAGE:p.115
Skilled		KEY:Goblin ~ Skilled	CATEGORY:Special Ability	TYPE:RacialTraits.SpecialQuality.Extraordinary.GoblinRacialTrait.GoblinRacialDefault	PREMULT:1,[PREABILITY:1,CATEGORY=Special Ability,Goblin ~ Skilled],[!PREABILITY:1,CATEGORY=Special Ability,TYPE.GoblinSkilled]		DESC:Goblins gain a +4 racial bonus on Ride and Stealth checks.						BONUS:SKILL|Ride,Stealth|4|TYPE=Racial										SOURCEPAGE:p.18



###Block: Set up Hobgoblin default abilities
# Ability Name							Category of Ability	Ability

#Racial Traits ~ Hobgoblin
# Ability Name						Category of Ability	Ability
Racial Traits ~ Hobgoblin					CATEGORY:Internal
CATEGORY=Internal|Racial Traits ~ Hobgoblin.MOD					ABILITY:Hobgoblin Racial Trait|AUTOMATIC|Hobgoblin ~ Darkvision|!PREABILITY:1,CATEGORY=Special Ability,TYPE.HobgoblinDarkvision
CATEGORY=Internal|Racial Traits ~ Hobgoblin.MOD					ABILITY:Hobgoblin Racial Trait|AUTOMATIC|Hobgoblin ~ Sneaky|!PREABILITY:1,CATEGORY=Special Ability,TYPE.HobgoblinSneaky

###Block: Default Hobgoblin Abilities (POOL=2)
# Ability Name	Unique Key				Category of Ability		Type																Multiple Requirements																					Description									Bonus to skill				Modify VAR											Vision			Source Page
Darkvision		KEY:Hobgoblin ~ Darkvision	CATEGORY:Special Ability	TYPE:HobgoblinRacialTrait.HobgoblinRacialDefault.RacialVision						PREMULT:1,[PREABILITY:1,CATEGORY=Special Ability,Hobgoblin ~ Darkvision],[!PREABILITY:1,CATEGORY=Special Ability,TYPE.HobgoblinDarkvision]	DESC:Hobgoblins can see in the dark up to 60 feet.								BONUS:VAR|DarkvisionRange|60|TYPE=Base	BONUS:VAR|HasRacialVision|1	VISION:Darkvision (60')	SOURCEPAGE:p.121
#Darkvision 60 ft	KEY:Hobgoblin ~ Darkvision	CATEGORY:Special Ability	TYPE:HobgoblinRacialTrait.HobgoblinRacialDefault								PREMULT:1,[PREABILITY:1,CATEGORY=Special Ability,Hobgoblin ~ Darkvision],[!PREABILITY:1,CATEGORY=Special Ability,TYPE.HobgoblinDarkvision]																	BONUS:VAR|DarkvisionRange|60|TYPE=Base	BONUS:VAR|RacialVision|1	VISION:Darkvision (60')	SOURCEPAGE:p.121
Sneaky		KEY:Hobgoblin ~ Sneaky		CATEGORY:Special Ability	TYPE:RacialTraits.SpecialQuality.Extraordinary.HobgoblinRacialTrait.HobgoblinRacialDefault	PREMULT:1,[PREABILITY:1,CATEGORY=Special Ability,Hobgoblin ~ Sneaky],[!PREABILITY:1,CATEGORY=Special Ability,TYPE.HobgoblinSneaky]			DESC:Hobgoblins gain a +4 racial bonus on Stealth checks.	BONUS:SKILL|Stealth|4|TYPE=Racial																	SOURCEPAGE:p.121


###Block: Set up Kobold default abilities
# Ability Name							Category of Ability	Ability

#Racial Traits ~ Kobold
# Ability Name						Category of Ability	Ability
Racial Traits ~ Kobold					CATEGORY:Internal
CATEGORY=Internal|Racial Traits ~ Kobold.MOD					ABILITY:Kobold Racial Trait|AUTOMATIC|Kobold ~ Normal Speed|!PREABILITY:1,CATEGORY=Special Ability,TYPE.KoboldNormalSpeed
CATEGORY=Internal|Racial Traits ~ Kobold.MOD					ABILITY:Kobold Racial Trait|AUTOMATIC|Kobold ~ Darkvision|!PREABILITY:1,CATEGORY=Special Ability,TYPE.KoboldDarkvision
CATEGORY=Internal|Racial Traits ~ Kobold.MOD					ABILITY:Kobold Racial Trait|AUTOMATIC|Kobold ~ Armor|!PREABILITY:1,CATEGORY=Special Ability,TYPE.KoboldArmor
CATEGORY=Internal|Racial Traits ~ Kobold.MOD					ABILITY:Kobold Racial Trait|AUTOMATIC|Kobold ~ Crafty|!PREABILITY:1,CATEGORY=Special Ability,TYPE.KoboldCrafty
CATEGORY=Internal|Racial Traits ~ Kobold.MOD					ABILITY:Kobold Racial Trait|AUTOMATIC|Kobold ~ Weakness|!PREABILITY:1,CATEGORY=Special Ability,TYPE.KoboldWeakness

###Block: Kobold Abilities
# Ability Name	Unique Key			Category of Ability		Type						Description											Class Skill				Source Page
#Crafty		KEY:Crafty	CATEGORY:Special Ability	TYPE:SpecialQuality.Extraordinary	DESC:Craft (Traps) and Stealth are always class skills for a kobold.	CSKILL:Craft (Traps)|Stealth	SOURCEPAGE:p.183
###Block: Default Kobold Abilities (POOL=5)
# Ability Name	Unique Key				Category of Ability		Type																		Multiple Requirements																				Description																											Add to base move			Bonus to skill										Modify VAR											Class Skill				Source Page
Normal Speed	KEY:Kobold ~ Normal Speed	CATEGORY:Special Ability	TYPE:RacialTraits.SpecialQuality.Extraordinary.KoboldRacialTrait.KoboldRacialDefault				PREMULT:1,[PREABILITY:1,CATEGORY=Special Ability,Kobold ~ Normal Speed],[!PREABILITY:1,CATEGORY=Special Ability,TYPE.KoboldNormalSpeed]	DESC:Kobolds have a base speed of 30 feet.																					BONUS:MOVEADD|TYPE.Walk|10																														SOURCEPAGE:p.133
Darkvision		KEY:Kobold ~ Darkvision		CATEGORY:Special Ability	TYPE:KoboldRacialTrait.KoboldRacialDefault.RacialVision									PREMULT:1,[PREABILITY:1,CATEGORY=Special Ability,Kobold ~ Darkvision],[!PREABILITY:1,CATEGORY=Special Ability,TYPE.KoboldDarkvision]	DESC:Kobolds can see in the dark up to 60 feet.																																						BONUS:VAR|DarkvisionRange|60|TYPE=Base	BONUS:VAR|HasRacialVision|1						SOURCEPAGE:p.133
Armor			KEY:Kobold ~ Armor		CATEGORY:Special Ability	TYPE:RacialTraits.SpecialQuality.Extraordinary.KoboldRacialTrait.KoboldRacialDefault				PREMULT:1,[PREABILITY:1,CATEGORY=Special Ability,Kobold ~ Armor],[!PREABILITY:1,CATEGORY=Special Ability,TYPE.KoboldArmor]			DESC:Kobolds have a +1 natural armor bonus.																																						BONUS:VAR|AC_Natural_Armor|1|TYPE=Base											SOURCEPAGE:p.133
Crafty		KEY:Kobold ~ Crafty		CATEGORY:Special Ability	TYPE:RacialTraits.SpecialQuality.Extraordinary.KoboldRacialTrait.KoboldRacialDefault				PREMULT:1,[PREABILITY:1,CATEGORY=Special Ability,Kobold ~ Crafty],[!PREABILITY:1,CATEGORY=Special Ability,TYPE.KoboldCrafty]			DESC:Kobolds gain a +2 racial bonus on Craft (Trapmaking), Perception, and Profession (Miner) checks.  Craft (Traps) and Stealth are always class skills for a kobold.						BONUS:SKILL|Craft (Traps),Perception,Profession (Miner)|2|TYPE=Racial													CSKILL:Craft (Traps)|Stealth	SOURCEPAGE:p.133
Weakness		KEY:Kobold ~ Weakness		CATEGORY:Special Ability	TYPE:KoboldRacialTrait.KoboldRacialDefault.SpecialQuality.Extraordinary.RacialTrait.WeaknessTrait.Standard	PREMULT:1,[PREABILITY:1,CATEGORY=Special Ability,Kobold ~ Weakness],[!PREABILITY:1,CATEGORY=Special Ability,TYPE.KoboldWeakness]		DESC:Dazzled in bright light.																																																										SOURCEPAGE:p.133

###Block: Set up Orc default abilities
# Ability Name						Category of Ability	Ability
#Racial Traits ~ Orc
# Ability Name					Category of Ability	Ability
Racial Traits ~ Orc					CATEGORY:Internal
CATEGORY=Internal|Racial Traits ~ Orc.MOD					ABILITY:Orc Racial Trait|AUTOMATIC|Orc ~ Darkvision|!PREABILITY:1,CATEGORY=Special Ability,TYPE.OrcDarkvision
CATEGORY=Internal|Racial Traits ~ Orc.MOD					ABILITY:Orc Racial Trait|AUTOMATIC|Orc ~ Light Sensitivity|!PREABILITY:1,CATEGORY=Special Ability,TYPE.OrcLightSensitivity
CATEGORY=Internal|Racial Traits ~ Orc.MOD					ABILITY:Orc Racial Trait|AUTOMATIC|Orc ~ Ferocity|!PREABILITY:1,CATEGORY=Special Ability,TYPE.OrcFerocity
CATEGORY=Internal|Racial Traits ~ Orc.MOD					ABILITY:Orc Racial Trait|AUTOMATIC|Orc ~ Weapon Familiarity|!PREABILITY:1,CATEGORY=Special Ability,TYPE.OrcWeaponFamiliarity
CATEGORY=Internal|Racial Traits ~ Orc.MOD					ABILITY:Orc Racial Trait|AUTOMATIC|Orc ~ Automatic Languages|!PREABILITY:1,CATEGORY=Special Ability,TYPE.OrcAutomaticLanguages

###Block: Default Orc Abilities (POOL=5)
# Ability Name		Unique Key				Category of Ability		Type																				Multiple Requirements																																												Description																		Auto Language		Auto Weapon Prof				Change Weapon Prof. Category	Vision			Source Page
Weapon Familiarity	KEY:Orc ~ Weapon Familiarity	CATEGORY:Special Ability	TYPE:SpecialQuality.Extraordinary.RacialTraits.OrcRacialTrait.OrcRacialDefault.RacialWeaponFamiliarity			PREMULT:1,[PREABILITY:1,CATEGORY=Special Ability,Orc ~ Weapon Familiarity],[!PREABILITY:1,CATEGORY=Special Ability,TYPE.OrcWeaponFamiliarity]	PREMULT:1,[PREABILITY:1,CATEGORY=Special Ability,Weapon Familiarity],[!PREABILITY:1,CATEGORY=Special Ability,TYPE.OrcWeaponFamiliarity]	DESC:Orcs are proficient with greataxes and falchions, and treat any weapon with orc in it as a martial weapon.					AUTO:WEAPONPROF|Greataxe|Falchion	CHANGEPROF:TYPE.Orc=Martial					SOURCEPAGE:p.139
Automatic Languages	KEY:Orc ~ Automatic Languages	CATEGORY:Special Ability	TYPE:SpecialQuality.Extraordinary.RacialTraits.OrcRacialTrait.OrcRacialDefault							PREMULT:1,[PREABILITY:1,CATEGORY=Special Ability,Orc ~ Automatic Languages],[!PREABILITY:1,CATEGORY=Special Ability,TYPE.OrcAutomaticLanguages]																								DESC:Orcs can speak Orc and Common.														AUTO:LANG|Orc|Common																SOURCEPAGE:p.139
Light Sensitivity		KEY:Orc ~ Light Sensitivity	CATEGORY:Special Ability	TYPE:SpecialQuality.Extraordinary.RacialTrait.OrcRacialTrait.OrcRacialDefault.WeaknessTrait.Standard.LightSensitivity	PREMULT:1,[PREABILITY:1,CATEGORY=Special Ability,Orc ~ Light Sensitivity],[!PREABILITY:1,CATEGORY=Special Ability,TYPE.OrcLightSensitivity]																								DESC:Orcs are dazzled in areas of bright sunlight or within the radius of a daylight spell.																							SOURCEPAGE:p.139
Darkvision			KEY:Orc ~ Darkvision		CATEGORY:Special Ability	TYPE:SpecialQuality.Extraordinary.RacialTrait.OrcRacialTrait.OrcRacialDefault.SensesTrait.Standard				PREMULT:1,[PREABILITY:1,CATEGORY=Special Ability,Orc ~ Darkvision],[!PREABILITY:1,CATEGORY=Special Ability,TYPE.OrcDarkvision]																										DESC:Orcs can see in the dark up to 60 feet.																											VISION:Darkvision (60')	SOURCEPAGE:p.139
Ferocity			KEY:Orc ~ Ferocity		CATEGORY:Special Ability	TYPE:SpecialQuality.Extraordinary.RacialTrait.OrcRacialTrait.OrcRacialDefault.OffenseTrait.Standard				PREMULT:1,[PREABILITY:1,CATEGORY=Special Ability,Orc ~ Ferocity],[!PREABILITY:1,CATEGORY=Special Ability,TYPE.OrcFerocity]																											DESC:When below 0 hp can still fight; staggered, loses 1 hp/round.																											SOURCEPAGE:p.139

###Block: Set up Tengu default abilities
# Ability Name							Category of Ability	Ability

#Racial Traits ~ Tengu
# Ability Name					Category of Ability	Template					Ability																				Bonus Ability Pool
Racial Traits ~ Tengu				CATEGORY:Internal
CATEGORY=Internal|Racial Traits ~ Tengu.MOD											ABILITY:Tengu Racial Trait|AUTOMATIC|Tengu ~ Low-Light Vision|!PREABILITY:1,CATEGORY=Special Ability,TYPE.TenguLowLightVision
CATEGORY=Internal|Racial Traits ~ Tengu.MOD											ABILITY:Tengu Racial Trait|AUTOMATIC|Tengu ~ Sneaky|!PREABILITY:1,CATEGORY=Special Ability,TYPE.TenguSneaky
CATEGORY=Internal|Racial Traits ~ Tengu.MOD											ABILITY:Tengu Racial Trait|AUTOMATIC|Tengu ~ Gifted Linguist|!PREABILITY:1,CATEGORY=Special Ability,TYPE.TenguGiftedLinguist
CATEGORY=Internal|Racial Traits ~ Tengu.MOD											ABILITY:Tengu Racial Trait|AUTOMATIC|Tengu ~ Swordtrained|!PREABILITY:1,CATEGORY=Special Ability,TYPE.TenguSwordtrained
CATEGORY=Internal|Racial Traits ~ Tengu.MOD											ABILITY:Tengu Racial Trait|AUTOMATIC|Tengu ~ Natural Attack|!PREABILITY:1,CATEGORY=Special Ability,TYPE.TenguNaturalAttack

CATEGORY=Internal|Racial Traits ~ Tengu.MOD											ABILITY:Internal|AUTOMATIC|Default Language ~ Tengu|PREABILITY:1,CATEGORY=Internal,Setting Language ~ Default			BONUS:ABILITYPOOL|Setting Specific Language|1|TYPE=Base
Default Language ~ Tengu			CATEGORY:Internal		TEMPLATE:Default Language ~ Tengu



###Block: Default Tengu Abilities (POOL=5)
# Ability Name			Unique Key				Category of Ability		Type														Multiple Requirements																					Define				Description																			Multiple?	Choose				Selections	Auto Language	Auto Weapon Prof							Bonus Ability Pool										Bonus to skill						Modify VAR										Vision			Source Page		Natural Attacks
Sneaky				KEY:Tengu ~ Sneaky		CATEGORY:Special Ability	TYPE:RacialTraits.SpecialQuality.Extraordinary.TenguRacialTrait.TenguRacialDefault	PREMULT:1,[PREABILITY:1,CATEGORY=Special Ability,Tengu ~ Sneaky],[!PREABILITY:1,CATEGORY=Special Ability,TYPE.TenguSneaky]									DESC:+2 racial bonus on Perception and Stealth.																																															BONUS:SKILL|Perception,Stealth|2|TYPE=Racial																SOURCEPAGE:p.163
Low-Light Vision			KEY:Tengu ~ Low-Light Vision	CATEGORY:Special Ability	TYPE:SpecialQuality.Extraordinary.RacialTrait.TenguRacialTrait.TenguRacialDefault	PREMULT:1,[PREABILITY:1,CATEGORY=Special Ability,Tengu ~ Low-Light Vision],[!PREABILITY:1,CATEGORY=Special Ability,TYPE.TenguLowLightVision]						DESC:See twice as far in dim light.																																																									BONUS:VAR|HasLowLightVision|1							VISION:Low-Light Vision	SOURCEPAGE:p.163
Gifted Linguist			KEY:Tengu ~ Gifted Linguist	CATEGORY:Special Ability	TYPE:SpecialQuality.Extraordinary.RacialTrait.TenguRacialTrait.TenguRacialDefault	PREMULT:1,[PREABILITY:1,CATEGORY=Special Ability,Tengu ~ Gifted Linguist],[!PREABILITY:1,CATEGORY=Special Ability,TYPE.TenguGiftedLinguist]	DEFINE:TenguLanguageCount|0	DESC:+4 racial bonus on Linguistics checks, and learn one additional language each time you take a rank in Linguistics.																						BONUS:ABILITYPOOL|Tengu Linguistic Additional Languages|TenguLanguageCount	BONUS:SKILL|Linguistics|4|TYPE=Racial		BONUS:VAR|TenguLanguageCount|skillinfo("TOTALRANK","Linguistics")					SOURCEPAGE:p.163
Swordtrained			KEY:Tengu ~ Swordtrained	CATEGORY:Special Ability	TYPE:SpecialQuality.Extraordinary.RacialTrait.TenguRacialTrait.TenguRacialDefault	PREMULT:1,[PREABILITY:1,CATEGORY=Special Ability,Tengu ~ Swordtrained],[!PREABILITY:1,CATEGORY=Special Ability,TYPE.TenguSwordtrained]							DESC:Proficient with swordlike weapons.																										AUTO:WEAPONPROF|TYPE=Sword|TYPE=SwordLike|TYPE=Tengu																						BONUS:VAR|BastardSwordExoticUse,KatanaExoticUse|1							SOURCEPAGE:p.163
Natural Attack			KEY:Tengu ~ Natural Attack	CATEGORY:Special Ability	TYPE:RacialTraits.SpecialQuality.Extraordinary.TenguRacialTrait.TenguRacialDefault	PREMULT:1,[PREABILITY:1,CATEGORY=Special Ability,Tengu ~ Natural Attack],[!PREABILITY:1,CATEGORY=Special Ability,TYPE.TenguNaturalAttack]							DESC:You have a 1d3 bite attack.																																																																								SOURCEPAGE:p.163	NATURALATTACKS:Bite,Weapon.Natural.Weapon Group Natural.Melee.Finesseable.Piercing,*1,1d3

# Ability Name			Unique Key				Category of Ability		Type														Multiple Requirements																					Define				Description																			Multiple?	Choose				Selections	Auto Language	Auto Weapon Prof							Bonus Ability Pool										Bonus to skill						Modify VAR										Vision			Source Page		Natural Attacks
Tengu Language Selections						CATEGORY:Special Ability																																																																MULT:YES	CHOOSE:LANG|!PC,TYPE=Spoken	SELECT:1	AUTO:LANG|%LIST


###Block: Set up Tiefling default abilities
# Ability Name		Category of Ability		Type				Template				Ability																																																																																																												Bonus Ability Pool				FACT
Racial Traits ~ Tiefling	CATEGORY:Internal												BONUS:ABILITYPOOL|Tiefling Subrace|1|TYPE=Base	ABILITY:Tiefling Subrace|AUTOMATIC|Tiefling ~ Placeholder	BONUS:ABILITYPOOL|Race Size Selection|1	FACT:RaceSizeAllowed_Medium|true	FACT:RaceSizeAllowed_Small|true
CATEGORY=Internal|Racial Traits ~ Tiefling.MOD	ABILITY:Tiefling Racial Trait|AUTOMATIC|Tiefling ~ Stats|!PREABILITY:1,CATEGORY=Special Ability,TYPE.TieflingStats
CATEGORY=Internal|Racial Traits ~ Tiefling.MOD	ABILITY:Tiefling Racial Trait|AUTOMATIC|Tiefling ~ Skilled|!PREABILITY:1,CATEGORY=Special Ability,TYPE.TieflingSkilled
CATEGORY=Internal|Racial Traits ~ Tiefling.MOD	ABILITY:Tiefling Racial Trait|AUTOMATIC|Tiefling ~ Spell-Like Ability|!PREABILITY:1,CATEGORY=Special Ability,TYPE.TieflingSLA
CATEGORY=Internal|Racial Traits ~ Tiefling.MOD	ABILITY:Tiefling Racial Trait|AUTOMATIC|Tiefling ~ Darkvision|!PREABILITY:1,CATEGORY=Special Ability,TYPE.TieflingDarkvision
CATEGORY=Internal|Racial Traits ~ Tiefling.MOD	ABILITY:Tiefling Racial Trait|AUTOMATIC|Tiefling ~ Fiendish Resistance|!PREABILITY:1,CATEGORY=Special Ability,TYPE.TieflingFiendishResistance
CATEGORY=Internal|Racial Traits ~ Tiefling.MOD	ABILITY:Tiefling Racial Trait|AUTOMATIC|Tiefling ~ Fiendish Sorcery|!PREABILITY:1,CATEGORY=Special Ability,TYPE.TieflingFiendishSorcery
CATEGORY=Internal|Racial Traits ~ Tiefling.MOD	ABILITY:Tiefling Racial Trait|AUTOMATIC|Tiefling ~ Fiendish Language|!PREABILITY:1,CATEGORY=Special Ability,TYPE.TieflingFiendishLanguage

Tiefling ~ Placeholder	CATEGORY:Special Ability	TYPE:TieflingSubrace	VISIBLE:NO
Tiefling			CATEGORY:Special Ability	TYPE:TieflingSubrace	TEMPLATE:Tiefling (Base)	COST:1

###Block: Default Tiefling Abilities (POOL=6)
# Ability Name		Unique Key					Category of Ability		Type															Visible	Multiple Requirements																							Description																							Auto Language		Ability																Bonus Ability Pool				Stat bonus																			Modify VAR																					Source Page
Stats				KEY:Tiefling ~ Stats			CATEGORY:Special Ability	TYPE:TieflingRacialTrait											VISIBLE:NO																																																																															BONUS:STAT|DEX,INT|2|TYPE=Racial	BONUS:STAT|CHA|-2|TYPE=Racial

Darkvision			KEY:Tiefling ~ Darkvision		CATEGORY:Special Ability	TYPE:TieflingRacialTrait.TieflingRacialDefault.RacialVision								PREMULT:1,[PREABILITY:1,CATEGORY=Special Ability,Tiefling ~ Darkvision],[!PREABILITY:1,CATEGORY=Special Ability,TYPE.TieflingDarkvision]																																																																												BONUS:VAR|DarkvisionRange|60|TYPE=Base																SOURCEPAGE:p.169
Fiendish Resistance	KEY:Tiefling ~ Fiendish Resistance	CATEGORY:Special Ability	TYPE:RacialTraits.SpecialQuality.Extraordinary.TieflingRacialTrait.TieflingRacialDefault			PREMULT:1,[PREABILITY:1,CATEGORY=Special Ability,Tiefling ~ Fiendish Resistance],[!PREABILITY:1,CATEGORY=Special Ability,TYPE.TieflingFiendishResistance]	DESC:Tieflings have cold resistance 5, electricity resistance 5, and fire resistance 5.														ABILITY:Special Ability|AUTOMATIC|Resistance to Cold|Resistance to Electricity|Resistance to Fire																												BONUS:VAR|FireResistanceBonus,ColdResistanceBonus,ElectricityResistanceBonus|TieflingFiendishResistanceBonusBase|TYPE=Resistance	SOURCEPAGE:p.169	DEFINE:TieflingFiendishResistanceBonusBase|0	BONUS:VAR|TieflingFiendishResistanceBonusBase|5|TYPE=Base
# COMMENT: Tricky to implement.
Fiendish Sorcery		KEY:Tiefling ~ Fiendish Sorcery	CATEGORY:Special Ability	TYPE:RacialTraits.SpecialQuality.Extraordinary.TieflingRacialTrait.TieflingRacialDefault			PREMULT:1,[PREABILITY:1,CATEGORY=Special Ability,Tiefling ~ Fiendish Sorcery],[!PREABILITY:1,CATEGORY=Special Ability,TYPE.TieflingFiendishSorcery]		DESC:Tiefling sorcerers with the Abyssal or Infernal bloodlines treat their Charisma score as 2 points higher for all sorcerer class abilities.																													BONUS:STAT|BASESPELLSTAT;Class=Sorcerer|2|PREABILITY:1,CATEGORY=Sorcerer Bloodline,Abyssal Bloodline,Infernal Bloodline	BONUS:VAR|BloodlinePowerTimes|1|PREABILITY:1,CATEGORY=Sorcerer Bloodline,Abyssal Bloodline,Infernal Bloodline				SOURCEPAGE:p.169
Fiendish Language		KEY:Tiefling ~ Fiendish Language	CATEGORY:Special Ability	TYPE:RacialTraits.SpecialQuality.Extraordinary.TieflingRacialTrait.TieflingRacialDefault			PREMULT:1,[PREABILITY:1,CATEGORY=Special Ability,Tiefling ~ Fiendish Language],[!PREABILITY:1,CATEGORY=Special Ability,TYPE.TieflingFiendishLanguage]		DESC:Tieflings speak either Abyssal or Infernal.																																					BONUS:ABILITYPOOL|Tiefling Language|1																																											SOURCEPAGE:p.169
#Block: Language Choices for Tiefling
Abyssal			KEY:Tiefling ~ Abyssal Language	CATEGORY:Special Ability	TYPE:TieflingLanguageTrait																																																															AUTO:LANG|Abyssal
Infernal			KEY:Tiefling ~ Infernal Language	CATEGORY:Special Ability	TYPE:TieflingLanguageTrait																																																															AUTO:LANG|Infernal

###Block: Altered by each Subrace
# Ability Name		Unique Key					Category of Ability		Type																	Multiple Requirements																				Define					Innate Spells														Description																			Bonus to skill										Modify VAR										Source Page
Skilled			KEY:Tiefling ~ Skilled			CATEGORY:Special Ability	TYPE:RacialTraits.SpecialQuality.Extraordinary.TieflingRacialTrait.TieflingRacialDefault			PREMULT:1,[PREABILITY:1,CATEGORY=Special Ability,Tiefling ~ Skilled],[!PREABILITY:1,CATEGORY=Special Ability,TYPE.TieflingSkilled]																								DESC:Tieflings have a +2 racial bonus on Bluff and Stealth checks.|PRETEMPLATE:1,Tiefling (Base)				BONUS:SKILL|Bluff,Stealth|2|TYPE=Racial|PRETEMPLATE:1,Tiefling (Base)												SOURCEPAGE:p.169
Spell-Like Ability	KEY:Tiefling ~ Spell-Like Ability	CATEGORY:Special Ability	TYPE:RacialTraits.SpecialQuality.SpellLike.TieflingRacialTrait.TieflingRacialDefault.RacialDarkness	PREMULT:1,[PREABILITY:1,CATEGORY=Special Ability,Tiefling ~ Spell-Like Ability],[!PREABILITY:1,CATEGORY=Special Ability,TYPE.TieflingSLA]	DEFINE:TieflingDarknessTimes|0	SPELLS:Innate|TIMES=TieflingDarknessTimes|CASTERLEVEL=TL|Darkness|PRETEMPLATE:1,Tiefling (Base)	DESC:Tieflings can use darkness %1/day as a spell-like ability.|TieflingDarknessTimes|PRETEMPLATE:1,Tiefling (Base)													BONUS:VAR|TieflingDarknessTimes|1|PRETEMPLATE:1,Tiefling (Base)	SOURCEPAGE:p.169

###Block: Tiefling abilities
# Ability Name		Unique Key					Category of Ability		Type						Visible	Define															Description																									Ability																Bonus to skill					Source Page
# Skilled			KEY:Skilled ~ Tiefling			CATEGORY:Special Ability	TYPE:TieflingRacialTrait.SpecialQuality.Extraordinary																			DESC:Tieflings have a +2 racial bonus on Bluff and Stealth checks.																																BONUS:SKILL|Bluff,Stealth|2|TYPE=Racial	SOURCEPAGE:p.25
# Fiendish Resistance	KEY:Fiendish Resistance ~ Tiefling	CATEGORY:Special Ability	TYPE:TieflingRacialTrait.SpecialQuality.Extraordinary		DEFINE:ColdResistanceBonus|5	DEFINE:ElectricityResistanceBonus|5	DEFINE:FireResistanceBonus|5																											ABILITY:Special Ability|AUTOMATIC|Resistance to Cold|Resistance to Electricity|Resistance to Fire								SOURCEPAGE:p.25
# Fiendish Sorcery		KEY:Fiendish Sorcery ~ Tiefling	CATEGORY:Special Ability	TYPE:TieflingRacialTrait.SpecialQuality.Extraordinary																			DESC:Tiefling sorcerers with the Abyssal or Infernal bloodline treat their Charisma score as 2 points higher for all sorcerer class abilities.	DESC:p.25


###Block: Set up Duergar default abilities

# Ability Name						Category of Ability	Ability
Racial Traits ~ Duergar					CATEGORY:Internal
CATEGORY=Internal|Racial Traits ~ Duergar.MOD					ABILITY:Duergar Racial Trait|AUTOMATIC|Duergar ~ Superior Darkvision|!PREABILITY:1,CATEGORY=Special Ability,TYPE.DuergarSuperiorDarkvision
CATEGORY=Internal|Racial Traits ~ Duergar.MOD					ABILITY:Duergar Racial Trait|AUTOMATIC|Duergar ~ Slow and Steady|!PREABILITY:1,CATEGORY=Special Ability,TYPE.DuergarSlowAndSteady
CATEGORY=Internal|Racial Traits ~ Duergar.MOD					ABILITY:Duergar Racial Trait|AUTOMATIC|Duergar ~ Duergar Immunities|!PREABILITY:1,CATEGORY=Special Ability,TYPE.DuergarDuergarImmunities
CATEGORY=Internal|Racial Traits ~ Duergar.MOD					ABILITY:Duergar Racial Trait|AUTOMATIC|Duergar ~ Stability|!PREABILITY:1,CATEGORY=Special Ability,TYPE.DuergarStability
CATEGORY=Internal|Racial Traits ~ Duergar.MOD					ABILITY:Duergar Racial Trait|AUTOMATIC|Duergar ~ SLA Invisibility|!PREABILITY:1,CATEGORY=Special Ability,TYPE.DuergarSLAInvisibility
CATEGORY=Internal|Racial Traits ~ Duergar.MOD					ABILITY:Duergar Racial Trait|AUTOMATIC|Duergar ~ SLA Enlarge Person|!PREABILITY:1,CATEGORY=Special Ability,TYPE.DuergarSLAEnlargePerson
CATEGORY=Internal|Racial Traits ~ Duergar.MOD					ABILITY:Duergar Racial Trait|AUTOMATIC|Duergar ~ Light Sensitivity|!PREABILITY:1,CATEGORY=Special Ability,TYPE.DuergarLightSensitivity

###Block:
# Ability Name				Unique Key					Category of Ability		Type															Multiple Requirements																									Define					Innate Spells													Description																									Modify VAR											Source Page		Aspects					Ignore Encumberance
Superior Darkvision			KEY:Duergar ~ Superior Darkvision	CATEGORY:Special Ability	TYPE:DuergarRacialTrait.DuergarRacialDefault.RacialVision						PREMULT:1,[PREABILITY:1,CATEGORY=Special Ability,Duergar ~ Superior Darkvision],[!PREABILITY:1,CATEGORY=Special Ability,TYPE.DuergarSuperiorDarkvision]																								DESC:Duergar can see in the dark up to 120 feet.																		BONUS:VAR|DarkvisionRange|120|TYPE=Base	BONUS:VAR|HasRacialVision|1	SOURCEPAGE:p.186
Slow and Steady				KEY:Duergar ~ Slow and Steady		CATEGORY:Special Ability	TYPE:RacialTraits.SpecialQuality.Extraordinary.DuergarRacialTrait.DuergarRacialDefault	PREMULT:1,[PREABILITY:1,CATEGORY=Special Ability,Duergar ~ Steady],[!PREABILITY:1,CATEGORY=Special Ability,TYPE.DuergarSteady]																												DESC:Duergars' speed is never modified by armor or encumbrance.																												SOURCEPAGE:p.184							ABILITY:Internal|AUTOMATIC|Steady
Duergar Immunities			KEY:Duergar ~ Duergar Immunities	CATEGORY:Special Ability	TYPE:DuergarRacialTrait.DuergarRacialDefault.Immunity							PREMULT:1,[PREABILITY:1,CATEGORY=Special Ability,Duergar ~ Duergar Immunities],[!PREABILITY:1,CATEGORY=Special Ability,TYPE.DuergarImmunities]																										DESC:Duergar are immune to paralysis, phantasms, and poison. They also gain a +2 racial bonus on saving throws against spells and spell-like abilities.													SOURCEPAGE:p.186	ASPECT:SaveBonus|+2 vs. Spells
Stability					KEY:Duergar ~ Stability			CATEGORY:Special Ability	TYPE:DuergarRacialTrait.DuergarRacialDefault								PREMULT:1,[PREABILITY:1,CATEGORY=Special Ability,Duergar ~ Stability],[!PREABILITY:1,CATEGORY=Special Ability,TYPE.DuergarStability]																											DESC:Duergar receive a +4 racial bonus to their CMD against bull rush or trip attempts while on solid ground.																				SOURCEPAGE:p.186
# COMMENT: Make the SLA self only?
Spell-Like Ability (Invisibility)	KEY:Duergar ~ SLA Invisibility	CATEGORY:Special Ability	TYPE:RacialTraits.SpecialQuality.SpellLike.DuergarRacialTrait.DuergarRacialDefault		PREMULT:1,[PREABILITY:1,CATEGORY=Special Ability,Duergar ~ Spell-Like Ability (Invisibility)],[!PREABILITY:1,CATEGORY=Special Ability,TYPE.DuergarSLAInvisibility]	DEFINE:DuergarInvisibilityTimes|0	SPELLS:Innate|TIMES=DuergarInvisibilityTimes|CASTERLEVEL=TL|Invisibility (self only)	DESC:You can cast invisibility %1/day, affecting only yourself.|DuergarInvisibilityTimes												BONUS:VAR|DuergarInvisibilityTimes|1						SOURCEPAGE:p.186
Spell-Like Ability (Enlarge Person)	KEY:Duergar ~ SLA Enlarge Person	CATEGORY:Special Ability	TYPE:RacialTraits.SpecialQuality.SpellLike.DuergarRacialTrait.DuergarRacialDefault		PREMULT:1,[PREABILITY:1,CATEGORY=Special Ability,Duergar ~ Spell-Like Ability (Enlarge Person)],[!PREABILITY:1,CATEGORY=Special Ability,TYPE.DuergarSLAEnlargePerson]	DEFINE:DuergarEnlargePersonTimes|0	SPELLS:Innate|TIMES=DuergarEnlarge PersonTimes|CASTERLEVEL=TL|Enlarge Person (self only)	DESC:You can cast enlarge person %1/day, affecting only yourself.|DuergarEnlargePersonTimes											BONUS:VAR|DuergarEnlargePersonTimes|1						SOURCEPAGE:p.186
Light Sensitivity				KEY:Duergar ~ Light Sensitivity	CATEGORY:Special Ability	TYPE:DuergarRacialTrait.DuergarRacialDefault.LightSensitivity					PREMULT:1,[PREABILITY:1,CATEGORY=Special Ability,Duergar ~ Light Sensitivity],[!PREABILITY:1,CATEGORY=Special Ability,TYPE.DuergarLightSensitivity]																									DESC:Duergar are dazzled as long as they remain in an area of bright light.																										SOURCEPAGE:p.186


###Block: Set up Merfolk default abilities
# Ability Name							Category of Ability	Ability

#Racial Traits ~ Merfolk
# Ability Name						Category of Ability	Ability
Racial Traits ~ Merfolk					CATEGORY:Internal
CATEGORY=Internal|Racial Traits ~ Merfolk.MOD					ABILITY:Merfolk Racial Trait|AUTOMATIC|Merfolk ~ Low-Light Vision|!PREABILITY:1,CATEGORY=Special Ability,TYPE.MerfolkLowLightVision
CATEGORY=Internal|Racial Traits ~ Merfolk.MOD					ABILITY:Merfolk Racial Trait|AUTOMATIC|Merfolk ~ Amphibious|!PREABILITY:1,CATEGORY=Special Ability,TYPE.MerfolkAmphibious
CATEGORY=Internal|Racial Traits ~ Merfolk.MOD					ABILITY:Merfolk Racial Trait|AUTOMATIC|Merfolk ~ Armor|!PREABILITY:1,CATEGORY=Special Ability,TYPE.MerfolkArmor
CATEGORY=Internal|Racial Traits ~ Merfolk.MOD					ABILITY:Merfolk Racial Trait|AUTOMATIC|Merfolk ~ Legless|!PREABILITY:1,CATEGORY=Special Ability,TYPE.MerfolkLegless

###Block: Default Merfolk Abilities (POOL=4)
# Ability Name	Unique Key					Category of Ability		Type															Multiple Requirements																						Description													Ability								Modify VAR						Source Page
Low-Light Vision	KEY:Merfolk ~ Low-Light Vision	CATEGORY:Special Ability	TYPE:MerfolkRacialTrait.MerfolkRacialDefault								PREMULT:1,[PREABILITY:1,CATEGORY=Special Ability,Merfolk ~ Low-Light Vision],[!PREABILITY:1,CATEGORY=Special Ability,TYPE.MerfolkLowLightVision]	DESC:All merfolk have low-light vision.																	BONUS:VAR|HasLowLightVision|1			SOURCEPAGE:p.194
Amphibious		KEY:Merfolk ~ Amphibious		CATEGORY:Special Ability	TYPE:RacialTraits.SpecialQuality.Extraordinary.MerfolkRacialTrait.MerfolkRacialDefault	PREMULT:1,[PREABILITY:1,CATEGORY=Special Ability,Merfolk ~ Amphibious],[!PREABILITY:1,CATEGORY=Special Ability,TYPE.MerfolkAmphibious]			DESC:Merfolk are amphibious, but prefer not to spend long periods out of the water.																	SOURCEPAGE:p.194
Armor			KEY:Merfolk ~ Armor			CATEGORY:Special Ability	TYPE:RacialTraits.SpecialQuality.Extraordinary.MerfolkRacialTrait.MerfolkRacialDefault	PREMULT:1,[PREABILITY:1,CATEGORY=Special Ability,Merfolk ~ Armor],[!PREABILITY:1,CATEGORY=Special Ability,TYPE.MerfolkArmor]					DESC:Merfolk have a +2 natural armor bonus.																BONUS:VAR|AC_Natural_Armor|2|TYPE=Base	SOURCEPAGE:p.194
Legless		KEY:Merfolk ~ Legless			CATEGORY:Special Ability	TYPE:RacialTraits.SpecialQuality.Extraordinary.MerfolkRacialTrait.MerfolkRacialDefault	PREMULT:1,[PREABILITY:1,CATEGORY=Special Ability,Merfolk ~ Legless],[!PREABILITY:1,CATEGORY=Special Ability,TYPE.MerfolkLegless]				DESC:Merfolk cannot be tripped.									ABILITY:Special Ability|AUTOMATIC|Can't Be Tripped								SOURCEPAGE:p.194


###Block: Set up Svirfneblin default abilities
# Ability Name								Category of Ability	Ability

#Racial Traits ~ Svirfneblin
# Ability Name						Category of Ability	Ability
Racial Traits ~ Svirfneblin				CATEGORY:Internal
CATEGORY=Internal|Racial Traits ~ Svirfneblin.MOD					ABILITY:Svirfneblin Racial Trait|AUTOMATIC|Svirfneblin ~ Defensive Training|!PREABILITY:1,CATEGORY=Special Ability,TYPE.SvirfneblinDefensiveTraining
CATEGORY=Internal|Racial Traits ~ Svirfneblin.MOD					ABILITY:Svirfneblin Racial Trait|AUTOMATIC|Svirfneblin ~ Senses|!PREABILITY:1,CATEGORY=Special Ability,TYPE.SvirfneblinSenses
CATEGORY=Internal|Racial Traits ~ Svirfneblin.MOD					ABILITY:Svirfneblin Racial Trait|AUTOMATIC|Svirfneblin ~ Fortunate|!PREABILITY:1,CATEGORY=Special Ability,TYPE.SvirfneblinFortunate
CATEGORY=Internal|Racial Traits ~ Svirfneblin.MOD					ABILITY:Svirfneblin Racial Trait|AUTOMATIC|Svirfneblin ~ Skilled|!PREABILITY:1,CATEGORY=Special Ability,TYPE.SvirfneblinSkilled
CATEGORY=Internal|Racial Traits ~ Svirfneblin.MOD					ABILITY:Svirfneblin Racial Trait|AUTOMATIC|Svirfneblin ~ Hatred|!PREABILITY:1,CATEGORY=Special Ability,TYPE.SvirfneblinHatred
CATEGORY=Internal|Racial Traits ~ Svirfneblin.MOD					ABILITY:Svirfneblin Racial Trait|AUTOMATIC|Svirfneblin ~ Spell Resistance|!PREABILITY:1,CATEGORY=Special Ability,TYPE.SvirfneblinSpellResistance
CATEGORY=Internal|Racial Traits ~ Svirfneblin.MOD					ABILITY:Svirfneblin Racial Trait|AUTOMATIC|Svirfneblin ~ Stonecunning|!PREABILITY:1,CATEGORY=Special Ability,TYPE.SvirfneblinStonecunning
CATEGORY=Internal|Racial Traits ~ Svirfneblin.MOD					ABILITY:Svirfneblin Racial Trait|AUTOMATIC|Svirfneblin ~ Svirfneblin Magic|!PREABILITY:1,CATEGORY=Special Ability,TYPE.SvirfneblinMagic

###Block: Default Svirfneblin Abilities (POOL=8)
# Ability Name		Unique Key						Category of Ability		Type																					Multiple Requirements																								Define			Innate Spells																					Description																																																Combat bonus			Bonus DC				Save bonus							Bonus to skill									Modify VAR													Spell Res.		Source Page
Defensive Training	KEY:Svirfneblin ~ Defensive Training	CATEGORY:Special Ability	TYPE:SvirfneblinRacialTrait.SvirfneblinRacialDefault.DefensiveTraining										PREMULT:1,[PREABILITY:1,CATEGORY=Special Ability,Svirfneblin ~ Defensive Training],[!PREABILITY:1,CATEGORY=Special Ability,TYPE.SvirfneblinDefensiveTraining]																												DESC:Svirfneblin gain a +2 dodge bonus to Armor Class.																																								BONUS:COMBAT|AC|2|TYPE=Dodge																																										SOURCEPAGE:p.261
Senses			KEY:Svirfneblin ~ Senses			CATEGORY:Special Ability	TYPE:RacialTraits.SpecialQuality.Extraordinary.SvirfneblinRacialTrait.SvirfneblinRacialDefault						PREMULT:1,[PREABILITY:1,CATEGORY=Special Ability,Svirfneblin ~ Senses],[!PREABILITY:1,CATEGORY=Special Ability,TYPE.SvirfneblinSenses]																																DESC:Svirfneblin have darkvision 120 ft. and low-light vision.																																																																				BONUS:VAR|DarkvisionRange|120|TYPE=Base	BONUS:VAR|HasLowlightVision|1|TYPE=Base				SOURCEPAGE:p.261
Fortunate			KEY:Svirfneblin ~ Fortunate			CATEGORY:Special Ability	TYPE:RacialTraits.SpecialQuality.Extraordinary.SvirfneblinRacialTrait.SvirfneblinRacialDefault						PREMULT:1,[PREABILITY:1,CATEGORY=Special Ability,Svirfneblin ~ Fortunate],[!PREABILITY:1,CATEGORY=Special Ability,TYPE.SvirfneblinFortunate]																															DESC:Svirfneblin have a +2 racial bonus on all saving throws.																																																	BONUS:SAVE|Fortitude,Reflex,Will|2|TYPE=Racial																													SOURCEPAGE:p.261
# COMMENT: Make/use specialty skill.
Skilled			KEY:Svirfneblin ~ Skilled			CATEGORY:Special Ability	TYPE:RacialTraits.SpecialQuality.Extraordinary.SvirfneblinRacialTrait.SvirfneblinRacialDefault						PREMULT:1,[PREABILITY:1,CATEGORY=Special Ability,Svirfneblin ~ Skilled],[!PREABILITY:1,CATEGORY=Special Ability,TYPE.SvirfneblinSkilled]																																DESC:Svirfneblin have a +2 racial bonus Stealth, Craft (Alchemy), and Perception; Stealth gets +4 underground.																																																	BONUS:SKILL|Stealth,Craft (Alchemy),Perception|2|TYPE=Racial																		SOURCEPAGE:p.261
Hatred			KEY:Svirfneblin ~ Hatred			CATEGORY:Special Ability	TYPE:RacialTraits.SpecialQuality.Extraordinary.SvirfneblinRacialTrait.SvirfneblinRacialDefault.RacialHatred				PREMULT:1,[PREABILITY:1,CATEGORY=Special Ability,Svirfneblin ~ Hatred],[!PREABILITY:1,CATEGORY=Special Ability,TYPE.SvirfneblinHatred]																																DESC:Svirfneblin have a +1 racial bonus on attack rolls against dwarves and reptilian humanoids.																																																																															SOURCEPAGE:p.261
Spell Resistance		KEY:Svirfneblin ~ Spell Resistance		CATEGORY:Special Ability	TYPE:RacialTraits.SpecialQuality.Extraordinary.SvirfneblinRacialTrait.SvirfneblinRacialDefault						PREMULT:1,[PREABILITY:1,CATEGORY=Special Ability,Svirfneblin ~ Spell Resistance],[!PREABILITY:1,CATEGORY=Special Ability,TYPE.SvirfneblinSpellResistance]		DEFINE:SvirfneblinSR|0																								DESC:You have SR %1.|SvirfneblinSR																																																																									BONUS:VAR|SvirfneblinSR|11+TL										SR:SvirfneblinSR	SOURCEPAGE:p.261
Svirfneblin Magic		KEY:Svirfneblin ~ Svirfneblin Magic		CATEGORY:Special Ability	TYPE:SpecialQuality.Extraordinary.RacialTrait.MagicalTrait.Standard	TYPE:SvirfneblinRacialTrait.SvirfneblinRacialDefault	PREMULT:1,[PREABILITY:1,CATEGORY=Special Ability,Svirfneblin ~ Svirfneblin Magic],[!PREABILITY:1,CATEGORY=Special Ability,TYPE.SvirfneblinMagic]							SPELLS:Innate|TIMES=ATWILL|CASTERLEVEL=TL|Nondetection	SPELLS:Innate|TIMES=1|CASTERLEVEL=TL|Blindness/Deafness|Blur|Disguise Self	DESC:+1 untyped bonus to DC of Illusion spells.  SLAs: constant - Nondetection, 1/day - Blindness/Deafness, Blur, Disguise Self.  Save is Cha-based.																														BONUS:DC|SCHOOL.Illusion|1																																					SOURCEPAGE:p.261
Stonecunning		KEY:Svirfneblin ~ Stonecunning		CATEGORY:Special Ability	TYPE:SvirfneblinRacialTrait.SvirfneblinRacialDefault													PREMULT:1,[PREABILITY:1,CATEGORY=Special Ability,Svirfneblin ~ Stonecunning],[!PREABILITY:1,CATEGORY=Special Ability,TYPE.SvirfneblinStonecunning]																														DESC:Svirfneblin receive a +2 bonus on Perception checks to potentially notice unusual stonework, such as traps and hidden doors located in stone walls or floors. They receive a check to notice such features whenever they pass within 10 feet of them, whether or not they are actively looking.																																															SOURCEPAGE:p.261
