SOURCELONG:Bestiary 3	SOURCESHORT:B3	SOURCEWEB:http://paizo.com/products/btpy8odu?Pathfinder-Roleplaying-Game-Bestiary-3	SOURCEDATE:2012-01

# Familiars
STARTPACK:Familiar ~ Flying Squirrel	TYPE:Familiar	VISIBLE:NO	SOURCEPAGE:112
ALIGN:TN
STAT:DEX=11|STR=11|CON=10|INT=11|WIS=10|CHA=10
SKILL:Acrobatics	RANK:8
SKILL:Climb		RANK:10
SKILL:Fly		RANK:4
ABILITY:CATEGORY=FEAT|Acrobatic
ABILITY:CATEGORY=FEAT|Weapon Finesse


STARTPACK:Familiar ~ Fox	TYPE:Familiar	VISIBLE:NO	SOURCEPAGE:112
ALIGN:TN
STAT:DEX=11|STR=11|CON=11|INT=10|WIS=10|CHA=10
SKILL:Acrobatics	RANK:2
SKILL:Perception	RANK:8
SKILL:Stealth	RANK:10
SKILL:Survival	RANK:1
ABILITY:CATEGORY=FEAT|Skill Focus (Perception)


STARTPACK:Familiar ~ Goat	TYPE:Familiar	VISIBLE:NO	SOURCEPAGE:112
ALIGN:TN
STAT:DEX=10|STR=11|CON=10|INT=10|WIS=10|CHA=11
SKILL:Acrobatics	RANK:1
SKILL:Climb		RANK:5
SKILL:Survival	RANK:0
ABILITY:CATEGORY=FEAT|Nimble Moves


STARTPACK:Familiar ~ Otter	TYPE:Familiar	VISIBLE:NO	SOURCEPAGE:113
ALIGN:TN
STAT:DEX=11|STR=10|CON=10|INT=10|WIS=11|CHA=11
SKILL:Escape Artist	RANK:4
SKILL:Swim			RANK:10
ABILITY:CATEGORY=FEAT|Weapon Finesse


STARTPACK:Familiar ~ Pig	TYPE:Familiar	VISIBLE:NO	SOURCEPAGE:113
ALIGN:TN
STAT:DEX=11|STR=10|CON=11|INT=10|WIS=11|CHA=10
SKILL:Perception	RANK:5
ABILITY:CATEGORY=FEAT|Great Fortitude


STARTPACK:Familiar ~ Raccoon	TYPE:Familiar	VISIBLE:NO	SOURCEPAGE:113
ALIGN:TN
STAT:DEX=10|STR=11|CON=11|INT=10|WIS=10|CHA=11
SKILL:Climb			RANK:7
SKILL:Sleight of Hand	RANK:3
ABILITY:CATEGORY=FEAT|Weapon Finesse

# Improved Familiars
STARTPACK:Familiar ~ Harbinger Archon	TYPE:Improved Familiar	VISIBLE:NO	SOURCEPAGE:p.18
ALIGN:LG
NAME:Harbinger Archon
STAT:STR=10|DEX=11|CON=11|INT=10|WIS=11|CHA=10
SKILL:Diplomacy			RANK:7
SKILL:Fly				RANK:7
SKILL:Knowledge (Planes)	RANK:6
SKILL:Knowledge (Religion)	RANK:6
SKILL:Perception			RANK:7
SKILL:Sense Motive		RANK:7
ABILITY:CATEGORY=FEAT|Dodge
ABILITY:CATEGORY=FEAT|Improved Initiative


STARTPACK:Familiar ~ Carbuncle	TYPE:Improved Familiar	VISIBLE:NO	SOURCEPAGE:p.44
ALIGN:TN
STAT:STR=11|DEX=11|CON=10|INT=10|WIS=11|CHA=10
SKILL:Stealth	RANK:10
SKILL:Survival	RANK:2
ABILITY:CATEGORY=FEAT|Iron Will


STARTPACK:Familiar ~ Doru	TYPE:Improved Familiar	VISIBLE:NO	SOURCEPAGE:p.86
ALIGN:NE
STAT:STR=10|DEX=11|CON=10|INT=10|WIS=10|CHA=10
SKILL:Bluff				RANK:8
SKILL:Fly				RANK:11
SKILL:Knowledge (Arcana)	RANK:6
SKILL:Knowledge (Planes)	RANK:6
SKILL:Perception			RANK:7
SKILL:Spellcraft			RANK:6
SKILL:Stealth			RANK:17
ABILITY:CATEGORY=FEAT|Weapon Finesse
ABILITY:CATEGORY=FEAT|Weapon Focus (Bite)


STARTPACK:Familiar ~ Faerie Dragon	TYPE:Improved Familiar	VISIBLE:NO	SOURCEPAGE:p.91
ALIGN:CG
STAT:STR=11|DEX=11|CON=11|INT=10|WIS=10|CHA=10
SKILL:Acrobatics		RANK:8
SKILL:Bluff			RANK:9
SKILL:Diplomacy		RANK:9
SKILL:Fly			RANK:23
SKILL:Perception		RANK:8
SKILL:Sense Motive	RANK:8
SKILL:Stealth		RANK:17
SKILL:Swim			RANK:13
SKILL:Use Magic Device	RANK:9
ABILITY:CATEGORY=FEAT|Acrobatic
ABILITY:CATEGORY=FEAT|Dodge


STARTPACK:Familiar ~ Augur	TYPE:Improved Familiar	VISIBLE:NO	SOURCEPAGE:p.170-171
ALIGN:LE
STAT:STR=10|DEX=11|CON=10|INT=11|WIS=10|CHA=11
SKILL:Bluff			RANK:4
SKILL:Escape Artist	RANK:9
SKILL:Fly			RANK:11
SKILL:Intimidate		RANK:4
SKILL:Perception		RANK:7
SKILL:Sense Motive	RANK:7
SKILL:Sleight of Hand	RANK:9
SKILL:Stealth		RANK:17
ABILITY:CATEGORY=FEAT|Improved Initiative
ABILITY:CATEGORY=FEAT|Lightning Reflexes


STARTPACK:Familiar ~ Spirit Oni	TYPE:Improved Familiar	VISIBLE:NO	SOURCEPAGE:p.209
ALIGN:NE
STAT:STR=10|DEX=11|CON=10|INT=11|WIS=10|CHA=11
SKILL:Acrobatics			RANK:7
SKILL:Bluff				RANK:8
SKILL:Fly				RANK:16
SKILL:Knowledge (Arcana)	RANK:7
SKILL:Perception			RANK:7
SKILL:Sense Motive		RANK:7
SKILL:Spellcraft			RANK:4
SKILL:Stealth			RANK:17
ABILITY:CATEGORY=FEAT|Improved Initiative
ABILITY:CATEGORY=FEAT|Weapon Finesse


STARTPACK:Familiar ~ Raktavarna	TYPE:Improved Familiar	VISIBLE:NO	SOURCEPAGE:p.229
ALIGN:LE
STAT:STR=11|DEX=10|CON=11|INT=10|WIS=11|CHA=10
SKILL:Bluff			RANK:12
SKILL:Climb			RANK:9
SKILL:Disguise		RANK:16
SKILL:Escape Artist	RANK:6
SKILL:Perception		RANK:9
SKILL:Sense Motive	RANK:9
SKILL:Stealth		RANK:17
SKILL:Swim			RANK:6
ABILITY:CATEGORY=FEAT|Alertness
ABILITY:CATEGORY=FEAT|Weapon Finesse


STARTPACK:Familiar ~ Sprite	TYPE:Improved Familiar	VISIBLE:NO	SOURCEPAGE:p.256
ALIGN:CN
STAT:STR=11|DEX=11|CON=10|INT=10|WIS=11|CHA=10
SKILL:Escape Artist	RANK:15
SKILL:Fly			RANK:21
SKILL:Perception		RANK:6
SKILL:Sense Motive	RANK:2
SKILL:Stealth		RANK:19
ABILITY:CATEGORY=FEAT|Alertness
GEAR:Sword (Short)	LOCATION:Equipped
GEAR:Shortbow		LOCATION:Carried


STARTPACK:Familiar ~ Zoog	TYPE:Improved Familiar	VISIBLE:NO	SOURCEPAGE:p.288
ALIGN:CN
STAT:STR=10|DEX=11|CON=10|INT=11|WIS=10|CHA=11
SKILL:Acrobatics	RANK:12
SKILL:Climb		RANK:12
SKILL:Perception	RANK:5
ABILITY:CATEGORY=FEAT|Weapon Finesse


# Required Kits


STARTPACK:Dragon (Faerie) Default	TYPE:Default Monster.Dragon	VISIBLE:QUALIFY	EQUIPBUY:0	PREMULT:1,[PRERACE:1,Dragon (Faerie)],[!PRERACE:1,%]	SOURCEPAGE:p.91
ALIGN:CG
RACE:Dragon (Faerie)	!PRERACE:1,%
NAME:Faerie Dragon
STAT:STR=11|DEX=11|CON=11|INT=10|WIS=10|CHA=10
LANGBONUS:Common|Elven|Sylvan
SKILL:Acrobatics		RANK:3
SKILL:Bluff			RANK:3
SKILL:Diplomacy		RANK:3
SKILL:Fly			RANK:3
SKILL:Perception		RANK:3
SKILL:Sense Motive	RANK:3
SKILL:Stealth		RANK:3
SKILL:Swim			RANK:3
SKILL:Use Magic Device	RANK:3
ABILITY:CATEGORY=FEAT|Acrobatic
ABILITY:CATEGORY=FEAT|Dodge
SPELLS:SPELLBOOK=Known Spells|CLASS=Sorcerer|Grease
SPELLS:SPELLBOOK=Known Spells|CLASS=Sorcerer|Silent Image
SPELLS:SPELLBOOK=Known Spells|CLASS=Sorcerer|Sleep
SPELLS:SPELLBOOK=Known Spells|CLASS=Sorcerer|Dancing Lights
SPELLS:SPELLBOOK=Known Spells|CLASS=Sorcerer|Flare
SPELLS:SPELLBOOK=Known Spells|CLASS=Sorcerer|Ghost Sound
SPELLS:SPELLBOOK=Known Spells|CLASS=Sorcerer|Mage Hand
SPELLS:SPELLBOOK=Known Spells|CLASS=Sorcerer|Open/Close
