# CVS $Revision$ $Author$ -- Fri Jan  1 12:57:05 2016 -- reformated by PCGen PrettyLST v6.06.00
SOURCELONG:Sidewinder: Recoiled	SOURCESHORT:S:R	SOURCEWEB:http://www.doghouserules.net/recoiled/index.html	SOURCEDATE:2004-12
# Original Entry by: Lone Jedi (MSRD by Barak)

# Class Name		Hit Dice	Type			Max Level	Source Page		Combat bonus											Save bonus														Modify VAR											FACT
CLASS:Bounty Hunter	HD:8		TYPE:PC.Prestige	MAXLEVEL:10	SOURCEPAGE:p.165	BONUS:COMBAT|BASEAB|classlevel("APPLIEDAS=NONEPIC")*3/4|TYPE=Base.REPLACE	BONUS:SAVE|BASE.Fortitude,BASE.Reflex,BASE.Will|(classlevel("APPLIEDAS=NONEPIC")+3)*2/5	BONUS:VAR|Reputation|(CL-1)/3+1	BONUS:VAR|ClassDefense|(CL+1)/2	FACT:Abb|Bhr
# Class Name		Required Ability				Required Skill								PRETOTALAB
CLASS:Bounty Hunter	PREABILITY:1,CATEGORY=FEAT,Track	PRESKILL:1,Gather Information=3	PRESKILL:1,Survival=6	PRETOTALAB:2
# Class Name		Skill Pts/Lvl	Class Skill
CLASS:Bounty Hunter	STARTSKILLPTS:4	CSKILL:Bluff|Gather Information|Hide|Intimidate|Investigate|Knowledge (Behavioral Sciences)|Knowledge (Current Events)|Knowledge (Popular Culture)|Knowledge (Streetwise)|Move Silently|Profession|Read/Write Language|Ride|Search|Sense Motive|SPEAK LANGUAGE|Survival|Treat Injury
1	SAB:Nowhere to Run
2	SAB:Hogtying
3						BONUS:ABILITYPOOL|Bounty Hunter Feat|1
4	SAB:Nonlethal Force
5	SAB:Leave 'em Empty Handed
6						BONUS:ABILITYPOOL|Bounty Hunter Feat|1
7	SAB:Fast Track
8	SAB:Draw a Bead
9						BONUS:ABILITYPOOL|Bounty Hunter Feat|1
10	SAB:Ranged Disarm

# Class Name	Hit Dice	Type			Max Level	Source Page		Combat bonus											Save bonus																							Modify VAR										FACT
CLASS:Brave		HD:10		TYPE:PC.Prestige	MAXLEVEL:10	SOURCEPAGE:p.167	BONUS:COMBAT|BASEAB|classlevel("APPLIEDAS=NONEPIC")*3/4|TYPE=Base.REPLACE	BONUS:SAVE|BASE.Fortitude,BASE.Reflex|(classlevel("APPLIEDAS=NONEPIC")+6)*2/5-1	BONUS:SAVE|BASE.Will|(classlevel("APPLIEDAS=NONEPIC")+1)/3	BONUS:VAR|Reputation|(CL-1)/4	BONUS:VAR|ClassDefense|(CL+6)*2/5-1	FACT:Abb|Brv
# Class Name	Required Ability								Required Skill		PRETOTALAB
CLASS:Brave		PREABILITY:2,CATEGORY=FEAT,Great Fortitude,Indian Lore	PRESKILL:1,Survival=6	PRETOTALAB:2
# Class Name	Skill Pts/Lvl	Class Skill
CLASS:Brave		STARTSKILLPTS:4	CSKILL:Climb|Handle Animal|Hide|Intimidate|Jump|Knowledge (Tactics)|Listen|Move Silently|Navigate|Profession|Ride|Spot|Survival|Swim
1	SAB:Tribal Chant (Blessing)
2	SAB:Feral Senses										BONUS:SKILL|Listen|CL/2	BONUS:SKILL|Spot|CL/2
3							BONUS:ABILITYPOOL|Brave Feat|1
4	SAB:Hardy
5	SAB:Counting Coup
6							BONUS:ABILITYPOOL|Brave Feat|1
7	SAB:Tribal Chant (Battle Heart)
8	SAB:Storied Bravery
9							BONUS:ABILITYPOOL|Brave Feat|1
10	SAB:Tribal Chant (Battle Cry)

# Class Name	Hit Dice	Type			Max Level	Source Page		Combat bonus											Save bonus																						Modify VAR										FACT
CLASS:Desperado	HD:10		TYPE:PC.Prestige	MAXLEVEL:10	SOURCEPAGE:p.169	BONUS:COMBAT|BASEAB|classlevel("APPLIEDAS=NONEPIC")*3/4|TYPE=Base.REPLACE	BONUS:SAVE|BASE.Fortitude|classlevel("APPLIEDAS=NONEPIC")/2+2	BONUS:SAVE|BASE.Reflex,BASE.Will|classlevel("APPLIEDAS=NONEPIC")/3	BONUS:VAR|Reputation|CL/3	BONUS:VAR|ClassDefense|(CL+6)*2/5-1	FACT:Abb|Dsp
# Class Name	Required Ability						Required Skill		PRETOTALAB
CLASS:Desperado	PREABILITY:2,CATEGORY=FEAT,Confident,Toughness	PRESKILL:1,Intimidate=6	PRETOTALAB:2
# Class Name	Skill Pts/Lvl	Class Skill
CLASS:Desperado	STARTSKILLPTS:4	CSKILL:Bluff|Climb|Concentration|Demolitions|Gamble|Intimidate|Jump|Knowledge (Current Events)|Knowledge (Popular Culture)|Knowledge (Streetwise)|Profession|Read/Write Language|Ride|SPEAK LANGUAGE|Survival
1			SAB:Fearless
2	DR:1/-	SAB:Ornery																BONUS:VAR|ToughDamageReduction|1
3								BONUS:ABILITYPOOL|Desperado Feat|1
4			SAB:Fearsome									BONUS:SKILL|Intimidate|Reputation
5			SAB:Rowdy
6								BONUS:ABILITYPOOL|Desperado Feat|1
7			SAB:Frightful Reputation
8			SAB:Tough as Nails														BONUS:VAR|DamageThreshold|3
9								BONUS:ABILITYPOOL|Desperado Feat|1
10			SAB:No Time to Bleed

# Class Name	Hit Dice	Type			Max Level	Source Page		Combat bonus										Save bonus																																Modify VAR										FACT
CLASS:Grifter	HD:6		TYPE:PC.Prestige	MAXLEVEL:10	SOURCEPAGE:p.171	BONUS:COMBAT|BASEAB|classlevel("APPLIEDAS=NONEPIC")/2|TYPE=Base.REPLACE	BONUS:SAVE|BASE.Fortitude|(classlevel("APPLIEDAS=NONEPIC")+1)/3	BONUS:SAVE|BASE.Reflex|(classlevel("APPLIEDAS=NONEPIC")/2)+2	BONUS:SAVE|BASE.Will|(classlevel("APPLIEDAS=NONEPIC")+6)*2/5-1	BONUS:VAR|Reputation|(CL+2)/3	BONUS:VAR|ClassDefense|(CL+6)*2/5-1	FACT:Abb|Gft
# Class Name	Required Ability					Required Skill
CLASS:Grifter	PREABILITY:1,CATEGORY=FEAT,Deceptive	PRESKILL:2,Bluff=6,Diplomacy=6
# Class Name	Skill Pts/Lvl	Class Skill
CLASS:Grifter	STARTSKILLPTS:6	CSKILL:Bluff|Craft (Visual Art)|Craft (Writing)|Diplomacy|Disable Device|Disguise|Escape Artist|Forgery|Gamble|Gather Information|Hide|Knowledge (Art)|Knowledge (Behavioral Sciences)|Knowledge (Business)|Knowledge (Civics)|Knowledge (Current Events)|Knowledge (Popular Culture)|Knowledge (Streetwise)|Perform (Act)|Perform (Stand-Up)|Profession|Read/Write Language|Sense Motive|Sleight of Hand|SPEAK LANGUAGE|Spot
1	SAB:Work the Crowd
2	SAB:Silver Tongue								BONUS:SKILL|Bluff|CL/2	BONUS:SKILL|Diplomacy|CL/2
3					BONUS:ABILITYPOOL|Grifter Feat|1
4	SAB:Cut and Run								BONUS:SKILL|Hide|CL/2
5	SAB:Bait and Switch
6					BONUS:ABILITYPOOL|Grifter Feat|1
7	SAB:Sow Distrust
8	SAB:Slippery
9					BONUS:ABILITYPOOL|Grifter Feat|1
10	SAB:Elaborate Scheme

# Class Name	Hit Dice	Type			Max Level	Source Page		Combat bonus											Save bonus																						Modify VAR										FACT
CLASS:Gunslinger	HD:10		TYPE:PC.Prestige	MAXLEVEL:10	SOURCEPAGE:p.173	BONUS:COMBAT|BASEAB|classlevel("APPLIEDAS=NONEPIC")*3/4|TYPE=Base.REPLACE	BONUS:SAVE|BASE.Fortitude|classlevel("APPLIEDAS=NONEPIC")/3	BONUS:SAVE|BASE.Reflex,BASE.Will|(classlevel("APPLIEDAS=NONEPIC")+3)*2/5	BONUS:VAR|Reputation|CL/3	BONUS:VAR|ClassDefense|(CL-1)/2+1	FACT:Abb|Gns
# Class Name	Required Ability										Required Skill			PRETOTALAB
CLASS:Gunslinger	PREABILITY:2,CATEGORY=FEAT,Personal Firearms Proficiency,Quick Draw	PRESKILL:1,Sleight of Hand=6	PRETOTALAB:2
# Class Name	Skill Pts/Lvl	Class Skill
CLASS:Gunslinger	STARTSKILLPTS:4	CSKILL:Balance|Escape Artist|Intimidate|Knowledge (Current Events)|Knowledge (Popular Culture)|Knowledge (Streetwise)|Move Silently|Profession|Read/Write Language|Ride|Sleight of Hand|SPEAK LANGUAGE|Spot|Tumble
1	SAB:Greased Lightning								BONUS:COMBAT|INITIATIVE|(CL-1)/2+1
2					BONUS:ABILITYPOOL|Weapon Focus|1
3					BONUS:ABILITYPOOL|Gunslinger Feat|1
4	SAB:Close Combat Shot
5	SAB:Lightning Shot
6					BONUS:ABILITYPOOL|Gunslinger Feat|1
7	SAB:Steel-Eyed
8					BONUS:ABILITYPOOL|Greater Weapon Focus|1
9					BONUS:ABILITYPOOL|Gunslinger Feat|1
10	SAB:Bullseye

# Class Name	Hit Dice	Type			Max Level	Source Page		Combat bonus											Save bonus																						Modify VAR										FACT
CLASS:Maverick	HD:8		TYPE:PC.Prestige	MAXLEVEL:10	SOURCEPAGE:p.175	BONUS:COMBAT|BASEAB|classlevel("APPLIEDAS=NONEPIC")*3/4|TYPE=Base.REPLACE	BONUS:SAVE|BASE.Fortitude,BASE.Will|classlevel("APPLIEDAS=NONEPIC")/3	BONUS:SAVE|BASE.Reflex|(classlevel("APPLIEDAS=NONEPIC")+4)/2	BONUS:VAR|Reputation|(CL+2)/3	BONUS:VAR|ClassDefense|(CL+1)*2/3	FACT:Abb|Mvk
# Class Name	Required Ability					Required Skill
CLASS:Maverick	PREABILITY:1,CATEGORY=FEAT,Card Sharp	PRESKILL:1,Gamble=6	PRESKILL:1,Sleight of Hand=3
# Class Name	Skill Pts/Lvl	Class Skill
CLASS:Maverick	STARTSKILLPTS:4	CSKILL:Bluff|Diplomacy|Disguise|Escape Artist|Forgery|Gamble|Gather Information|Knowledge (Business)|Knowledge (Current Events)|Knowledge (Popular Culture)|Knowledge (Streetwise)|Listen|Perform (Stand-Up)|Profession|Read/Write Language|Sense Motive|Sleight of Hand|SPEAK LANGUAGE|Spot
1	SAB:Poker Face
2	SAB:Ace in the Hole
3						BONUS:ABILITYPOOL|Maverick Feat|1
4	SAB:Wild Card			BONUS:ABILITYPOOL|Maverick Talent|1
5												ABILITY:Special Ability|AUTOMATIC|Improved Evasion	ABILITY:Talent|AUTOMATIC|Evasion
6						BONUS:ABILITYPOOL|Maverick Feat|1
7	SAB:Nothing Up My Sleeve
8	SAB:Lady Luck
9						BONUS:ABILITYPOOL|Maverick Feat|1
10	SAB:Hear the Footsteps

# Class Name		Hit Dice	Type			Max Level	Source Page		Combat bonus											Save bonus																						Modify VAR										FACT
CLASS:Mountain Man	HD:12		TYPE:PC.Prestige	MAXLEVEL:10	SOURCEPAGE:p.177	BONUS:COMBAT|BASEAB|classlevel("APPLIEDAS=NONEPIC")*3/4|TYPE=Base.REPLACE	BONUS:SAVE|BASE.Fortitude|(classlevel("APPLIEDAS=NONEPIC")+4)/2	BONUS:SAVE|BASE.Reflex,BASE.Will|classlevel("APPLIEDAS=NONEPIC")/3	BONUS:VAR|Reputation|(CL-1)/4	BONUS:VAR|ClassDefense|(CL+1)/2	FACT:Abb|Mmn
# Class Name		Required Ability								Required Skill		PRETOTALAB
CLASS:Mountain Man	PREABILITY:2,CATEGORY=FEAT,Improved Bull Rush,Power Attack	PRESKILL:1,Survival=6	PRETOTALAB:2
# Class Name		Skill Pts/Lvl	Class Skill
CLASS:Mountain Man	STARTSKILLPTS:4	CSKILL:Climb|Craft (Structural)|Handle Animal|Hide|Intimidate|Jump|Knowledge (Current Events)|Knowledge (Earth and Life Sciences)|Listen|Move Silently|Navigate|Profession|Read/Write Language|Ride|Search|Spot|Survival|Swim|Treat Injury
1					BONUS:ABILITYPOOL|Mountain Man Favored Prey|1
2	SAB:Ram Charge
3					BONUS:ABILITYPOOL|Mountain Man Feat|1
4	SAB:Prey Sense
5	SAB:Hustle
6					BONUS:ABILITYPOOL|Mountain Man Feat|1
7	SAB:The Beast Within
8	SAB:Wild Heart
9					BONUS:ABILITYPOOL|Mountain Man Feat|1
10	SAB:Knock Back

# Class Name		Hit Dice	Type			Max Level	Source Page		Combat bonus											Save bonus																						Modify VAR										FACT
CLASS:Pony Soldier	HD:10		TYPE:PC.Prestige	MAXLEVEL:10	SOURCEPAGE:p.179	BONUS:COMBAT|BASEAB|classlevel("APPLIEDAS=NONEPIC")*3/4|TYPE=Base.REPLACE	BONUS:SAVE|BASE.Fortitude,BASE.Reflex|(classlevel("APPLIEDAS=NONEPIC")+3)*2/5	BONUS:SAVE|BASE.Will|classlevel("APPLIEDAS=NONEPIC")/3	BONUS:VAR|Reputation|(CL-1)/4	BONUS:VAR|ClassDefense|(CL+1)/2	FACT:Abb|Psl
# Class Name		Required Ability											Required Skill	PRETOTALAB
CLASS:Pony Soldier	PREABILITY:2,CATEGORY=FEAT,Defensive Riding,Personal Firearms Proficiency	PRESKILL:1,Ride=6	PRETOTALAB:2
# Class Name		Skill Pts/Lvl	Class Skill
CLASS:Pony Soldier	STARTSKILLPTS:4	CSKILL:Balance|Concentration|Demolitions|Handle Animal|Intimidate|Knowledge (Current Events)|Knowledge (History)|Knowledge (Popular Culture)|Knowledge (Tactics)|Listen|Navigate|Profession|Read/Write Language|Ride|Search|SPEAK LANGUAGE|Spot
1	SAB:Born in the Saddle +%|BornInTheSaddle								BONUS:VAR|BornInTheSaddle|2	DEFINE:BornInTheSaddle|0
2	SAB:Effortless Control
3								BONUS:ABILITYPOOL|Pony Soldier Feat|1
4	SAB:Cavalry Charge
5	SAB:Expert Charge
6								BONUS:ABILITYPOOL|Pony Soldier Feat|1
7	SAB:Battlefield Savvy
8															BONUS:VAR|BornInTheSaddle|1
9								BONUS:ABILITYPOOL|Pony Soldier Feat|1
10	SAB:Domino Charge

# Class Name	Hit Dice	Type			Max Level	Source Page		Combat bonus										Save bonus																						Modify VAR										FACT
CLASS:Preacher	HD:6		TYPE:PC.Prestige	MAXLEVEL:10	SOURCEPAGE:p.180	BONUS:COMBAT|BASEAB|classlevel("APPLIEDAS=NONEPIC")/2|TYPE=Base.REPLACE	BONUS:SAVE|BASE.Fortitude,BASE.Reflex|(classlevel("APPLIEDAS=NONEPIC")+3)*2/5	BONUS:SAVE|BASE.Will|(classlevel("APPLIEDAS=NONEPIC")+4)/2	BONUS:VAR|Reputation|(CL+2)/3	BONUS:VAR|ClassDefense|(CL+1)/3	FACT:Abb|Pre
# Class Name	Required Ability					Required Skill
CLASS:Preacher	PREABILITY:1,CATEGORY=FEAT,Trustworthy	PRESKILL:2,Knowledge (Theology and Philosophy)=6,Sense Motive=6
# Class Name	Skill Pts/Lvl	Class Skill
CLASS:Preacher	STARTSKILLPTS:6	CSKILL:Concentration|Craft (Visual Art)|Craft (Writing)|Decipher Script|Diplomacy|Gather Information|Handle Animal|Knowledge (Arcane Lore)|Knowledge (Behavioral Sciences)|Knowledge (Civics)|Knowledge (Current Events)|Knowledge (History)|Knowledge (Popular Culture)|Knowledge (Theology and Philosophy)|Perform (Act)|Perform (Sing)|Perform (Stand-Up)|Profession|Read/Write Language|Research|Sense Motive|SPEAK LANGUAGE|Treat Injury
1	SAB:Sermon
2	SAB:Righteous Fury
3									BONUS:ABILITYPOOL|Preacher Feat|1
4	SAB:Talk Down (One Target)|PREVARLT:CL,7
5	SAB:Divine Favor
6									BONUS:ABILITYPOOL|Preacher Feat|1
7	SAB:Talk Down (Several Targets)|PREVARLT:CL,10
8	SAB:Motivate the Flock
9									BONUS:ABILITYPOOL|Preacher Feat|1
10	SAB:Talk Down (All Targets)

# Class Name	Hit Dice	Type			Max Level	Source Page		Combat bonus										Save bonus														Modify VAR										FACT
CLASS:Professor	HD:6		TYPE:PC.Prestige	MAXLEVEL:10	SOURCEPAGE:p.182	BONUS:COMBAT|BASEAB|classlevel("APPLIEDAS=NONEPIC")/2|TYPE=Base.REPLACE	BONUS:SAVE|BASE.Fortitude,BASE.Reflex,BASE.Will|(classlevel("APPLIEDAS=NONEPIC")+3)*2/5	BONUS:VAR|Reputation|CL/3	BONUS:VAR|ClassDefense|(CL+1)/3	FACT:Abb|Pro
# Class Name	Required Ability				Required Skill
CLASS:Professor	PREABILITY:1,CATEGORY=FEAT,Educated	PRESKILL:1,Research=6	PRESKILL:1,Craft (Chemical)=6,Craft (Electric)=6,Craft (Mechanical)=6,Craft (Writing)=6	PRESKILL:1,Knowledge (Behavioral Sciences)=6,Knowledge (Earth and Life Sciences)=6,Knowledge (History)=6,Knowledge (Physical Sciences)=6,Knowledge (Technology)=6
# Class Name	Skill Pts/Lvl	Class Skill
CLASS:Professor	STARTSKILLPTS:8	CSKILL:Craft (Chemical)|Craft (Electric)|Craft (Mechanical)|Craft (Pharmaceutical)|Craft (Writing)|Decipher Script|Demolitions|Disable Device|Investigate|Knowledge (Arcane Lore)|Knowledge (Art)|Knowledge (Behavioral Sciences)|Knowledge (Current Events)|Knowledge (Earth and Life Sciences)|Knowledge (History)|Knowledge (Physical Sciences)|Knowledge (Technology)|Knowledge (Theology and Philosophy)|Navigate|Operate Vehicle (Aircraft)|Operate Vehicle (Ground Vehicles)|Operate Vehicle (Watercraft)|Profession|Read/Write Language|Repair|Research|Search|SPEAK LANGUAGE
1								ABILITY:Special Ability|AUTOMATIC|Smart Defense
2								ABILITY:Special Ability|AUTOMATIC|Quick Wits
3	BONUS:ABILITYPOOL|Professor Feat|1
4	BONUS:ABILITYPOOL|Skill Mastery|1
5								ABILITY:Special Ability|AUTOMATIC|Book Learnin'
6	BONUS:ABILITYPOOL|Professor Feat|1
7	BONUS:ABILITYPOOL|Academic Breakthrough|1
8	BONUS:ABILITYPOOL|Smart Weapon|1
9	BONUS:ABILITYPOOL|Professor Feat|1
10								ABILITY:Special Ability|AUTOMATIC|Real World Applications

# Class Name	Hit Dice	Type			Max Level	Source Page		Combat bonus										Save bonus																						Modify VAR										FACT
CLASS:Pugilist	HD:10		TYPE:PC.Prestige	MAXLEVEL:10	SOURCEPAGE:p.183	BONUS:COMBAT|BASEAB|classlevel("APPLIEDAS=NONEPIC")|TYPE=Base.REPLACE	BONUS:SAVE|BASE.Fortitude,BASE.Will|classlevel("APPLIEDAS=NONEPIC")/3	BONUS:SAVE|BASE.Reflex|(classlevel("APPLIEDAS=NONEPIC")+6)*2/5-1	BONUS:VAR|Reputation|(CL-1)/4	BONUS:VAR|ClassDefense|(CL+1)*2/3	FACT:Abb|Pug
# Class Name	Required Ability										PRETOTALAB
CLASS:Pugilist	PREABILITY:2,CATEGORY=FEAT,Combat Martial Arts,Defensive Martial Arts	PRETOTALAB:3
# Class Name	Skill Pts/Lvl	Class Skill
CLASS:Pugilist	STARTSKILLPTS:2	CSKILL:Balance|Bluff|Escape Artist|Intimidate|Jump|Knowledge (Current Events)|Knowledge (Popular Culture)|Knowledge (Streetwise)|Perform (Dance)|Profession|Read/Write Language|Sense Motive|Sleight of Hand|SPEAK LANGUAGE|Tumble
1	SAB:Bruiser 1d%|BruiserDie										BONUS:VAR|BruiserDie|6	DEFINE:BruiserDie|0
2	SAB:Dukes Up
3									BONUS:ABILITYPOOL|Pugilist Feat|1
4															BONUS:VAR|BruiserDie|2
5	SAB:Knuckle Buster (One Attack)|PREVARLT:CL,10
6									BONUS:ABILITYPOOL|Pugilist Feat|1
7	SAB:Combination
8															BONUS:VAR|BruiserDie|2
9									BONUS:ABILITYPOOL|Pugilist Feat|1
10	SAB:Knuckle Buster (All Attacks)

# Class Name	Hit Dice	Type			Max Level	Source Page		Combat bonus											Save bonus																						Modify VAR										FACT
CLASS:Rifleman	HD:10		TYPE:PC.Prestige	MAXLEVEL:10	SOURCEPAGE:p.185	BONUS:COMBAT|BASEAB|classlevel("APPLIEDAS=NONEPIC")*3/4|TYPE=Base.REPLACE	BONUS:SAVE|BASE.Fortitude,BASE.Reflex|(classlevel("APPLIEDAS=NONEPIC")+3)*2/5	BONUS:SAVE|BASE.Will|classlevel("APPLIEDAS=NONEPIC")/3	BONUS:VAR|Reputation|(CL-1)/4	BONUS:VAR|ClassDefense|(CL+1)/2	FACT:Abb|Rif
# Class Name	Required Ability											Required Skill			PRETOTALAB
CLASS:Rifleman	PREABILITY:3,CATEGORY=FEAT,Far Shot,Gunplay,Personal Firearms Proficiency	PRESKILL:1,Sleight of Hand=6	PRETOTALAB:2
# Class Name	Skill Pts/Lvl	Class Skill
CLASS:Rifleman	STARTSKILLPTS:4	CSKILL:Climb|Concentration|Hide|Intimidate|Jump|Knowledge (Current Events)|Knowledge (Popular Culture)|Knowledge (Tactics)|Listen|Profession|Read/Write Language|Ride|Sleight of Hand|SPEAK LANGUAGE|Spot
1	SAB:Powder Burns
2					BONUS:ABILITYPOOL|Weapon Focus|1
3					BONUS:ABILITYPOOL|Rifleman Feat|1
4	SAB:Steel Grip
5	SAB:Clear Line
6					BONUS:ABILITYPOOL|Rifleman Feat|1
7	SAB:Rifle Spin
8	SAB:Dead Eye
9					BONUS:ABILITYPOOL|Rifleman Feat|1
10	SAB:Improved Steel Grip

# Class Name	Hit Dice	Type			Max Level	Source Page		Combat bonus										Save bonus																						Modify VAR										FACT
CLASS:Rustler	HD:8		TYPE:PC.Prestige	MAXLEVEL:10	SOURCEPAGE:p.187	BONUS:COMBAT|BASEAB|classlevel("APPLIEDAS=NONEPIC")/2|TYPE=Base.REPLACE	BONUS:SAVE|BASE.Fortitude,BASE.Will|classlevel("APPLIEDAS=NONEPIC")/3	BONUS:SAVE|BASE.Reflex|(classlevel("APPLIEDAS=NONEPIC")+4)/2	BONUS:VAR|Reputation|(CL+2)/3	BONUS:VAR|ClassDefense|(CL+1)*2/3	FACT:Abb|Rus
# Class Name	Required Ability				Required Skill				PRETOTALAB
CLASS:Rustler	PREABILITY:1,CATEGORY=FEAT,Dodge	PRESKILL:2,Hide=6,Move Silently=6	PRETOTALAB:2
# Class Name	Skill Pts/Lvl	Class Skill
CLASS:Rustler	STARTSKILLPTS:6	CSKILL:Balance|Bluff|Climb|Disable Device|Escape Artist|Handle Animal|Hide|Intimidate|Jump|Knowledge (Current Events)|Knowledge (Popular Culture)|Knowledge (Streetwise)|Listen|Move Silently|Profession|Read/Write Language|Ride|Sleight of Hand|SPEAK LANGUAGE|Spot|Tumble
1	SAB:Sweep
2	SAB:High-Tail It
3					BONUS:ABILITYPOOL|Rustler Feat|1
4	SAB:Low Blow
5	SAB:Sneaky Varmint
6					BONUS:ABILITYPOOL|Rustler Feat|1
7	SAB:Shifty
8	SAB:Improved Sweep
9					BONUS:ABILITYPOOL|Rustler Feat|1
10	SAB:Without a Trace

# Class Name	Hit Dice	Type			Max Level	Source Page		Combat bonus										Save bonus																															Modify VAR										FACT
CLASS:Sawbones	HD:6		TYPE:PC.Prestige	MAXLEVEL:10	SOURCEPAGE:p.189	BONUS:COMBAT|BASEAB|classlevel("APPLIEDAS=NONEPIC")/2|TYPE=Base.REPLACE	BONUS:SAVE|BASE.Fortitude|(classlevel("APPLIEDAS=NONEPIC")+4)/2	BONUS:SAVE|BASE.Reflex|classlevel("APPLIEDAS=NONEPIC")/3	BONUS:SAVE|BASE.Will|(classlevel("APPLIEDAS=NONEPIC")+3)*2/5	BONUS:VAR|Reputation|(CL+2)/3	BONUS:VAR|ClassDefense|(CL+1)/2	FACT:Abb|Saw
# Class Name	Required Ability				Required Skill
CLASS:Sawbones	PREABILITY:1,CATEGORY=FEAT,Surgery	PRESKILL:2,Craft (Pharmaceutical)=6,Treat Injury=6
# Class Name	Skill Pts/Lvl	Class Skill
CLASS:Sawbones	STARTSKILLPTS:6	CSKILL:Concentration|Craft (Pharmaceutical)|Diplomacy|Handle Animal|Knowledge (Behavioral Sciences)|Knowledge (Current Events)|Knowledge (Earth and Life Sciences)|Knowledge (Popular Culture)|Knowledge (Technology)|Listen|Profession|Read/Write Language|Research|Ride|Search|SPEAK LANGUAGE|Treat Injury
1	SAB:Patch 'em Up									BONUS:SKILL|Treat Injury|CL/2
2	SAB:Expert Healer
3						BONUS:ABILITYPOOL|Sawbones Feat|1
4	SAB:Medical Mastery
5	SAB:Expert Druggist
6						BONUS:ABILITYPOOL|Sawbones Feat|1
7	SAB:Minor Medical Miracle
8	SAB:Whiskey Kills Anything
9						BONUS:ABILITYPOOL|Sawbones Feat|1
10	SAB:Medical Miracle

# Class Name	Hit Dice	Type			Max Level	Source Page		Combat bonus											Save bonus																						Modify VAR										FACT
CLASS:Scout		HD:10		TYPE:PC.Prestige	MAXLEVEL:10	SOURCEPAGE:p.190	BONUS:COMBAT|BASEAB|classlevel("APPLIEDAS=NONEPIC")*3/4|TYPE=Base.REPLACE	BONUS:SAVE|BASE.Fortitude|(classlevel("APPLIEDAS=NONEPIC")+4)/2	BONUS:SAVE|BASE.Reflex,BASE.Will|classlevel("APPLIEDAS=NONEPIC")/3	BONUS:VAR|Reputation|CL/3	BONUS:VAR|ClassDefense|(CL+1)/2	FACT:Abb|Sco
# Class Name	Required Ability				Required Skill			PRETOTALAB
CLASS:Scout		PREABILITY:1,CATEGORY=FEAT,Track	PRESKILL:2,Spot=6,Survival=6	PRETOTALAB:2
# Class Name	Skill Pts/Lvl	Class Skill
CLASS:Scout		STARTSKILLPTS:4	CSKILL:Climb|Concentration|Diplomacy|Handle Animal|Hide|Jump|Knowledge (Current Events)|Knowledge (Earth and Life Sciences)|Knowledge (Popular Culture)|Listen|Move Silently|Navigate|Profession|Read/Write Language|Ride|SPEAK LANGUAGE|Spot|Survival|Swim
1					BONUS:ABILITYPOOL|Terrain Specialization|1
2	SAB:Hard to Follow
3					BONUS:ABILITYPOOL|Scout Feat|1
4	SAB:Terrain Awareness
5	SAB:Fast Track
6					BONUS:ABILITYPOOL|Scout Feat|1
7					BONUS:ABILITYPOOL|Terrain Specialization|1
8	SAB:Snake in the Grass
9					BONUS:ABILITYPOOL|Scout Feat|1
10	SAB:Ear to the Ground

# Class Name	Hit Dice	Type			Max Level	Source Page		Combat bonus										Save bonus																															Modify VAR											FACT
CLASS:Showman	HD:6		TYPE:PC.Prestige	MAXLEVEL:10	SOURCEPAGE:p.192	BONUS:COMBAT|BASEAB|classlevel("APPLIEDAS=NONEPIC")/2|TYPE=Base.REPLACE	BONUS:SAVE|BASE.Will|(classlevel("APPLIEDAS=NONEPIC")+6)*2/5-1	BONUS:SAVE|BASE.Fortitude|(classlevel("APPLIEDAS=NONEPIC")+3)*2/5	BONUS:SAVE|BASE.Reflex|classlevel("APPLIEDAS=NONEPIC")/2+2	BONUS:VAR|Reputation|(CL-1)/3+2	BONUS:VAR|ClassDefense|(CL+1)/3	FACT:Abb|Sho
# Class Name	Required Ability				Required Skill
CLASS:Showman	PREABILITY:1,CATEGORY=FEAT,Renown	PRESKILL:2,Diplomacy=6,TYPE.Perform=6
# Class Name	Skill Pts/Lvl	Class Skill
CLASS:Showman	STARTSKILLPTS:6	CSKILL:Bluff|Craft (Visual Art)|Craft (Writing)|Diplomacy|Disguise|Gather Information|Knowledge (Art)|Knowledge (Behavioral Sciences)|Knowledge (Business)|Knowledge (Civics)|Knowledge (Current Events)|Knowledge (Popular Culture)|Knowledge (Streetwise)|Perform (Act)|Perform (Dance)|Perform (Keyboards)|Perform (Percussion Instruments)|Perform (Sing)|Perform (Stand-Up)|Perform (Stringed Instruments)|Perform (Wind Instruments)|Profession|Read/Write Language|SPEAK LANGUAGE
1	SAB:Notoriety
2																															ADD:CLASSSKILLS|3|NONEXCLUSIVE
3									BONUS:ABILITYPOOL|Showman Feat|1
4	SAB:The Greatest Show on Earth									BONUS:SKILL|Diplomacy|CL/2	BONUS:SKILL|Gather Information|CL/2	BONUS:SKILL|TYPE.Perform|CL/2
5	SAB:Winning Smile|PREVARLT:CL,8
6									BONUS:ABILITYPOOL|Showman Feat|1
7	SAB:Compelling Performance|PREVARLT:CL,10
8	SAB:Winning Smile (Multiple Targets)
9									BONUS:ABILITYPOOL|Showman Feat|1
10	SAB:Compelling Performance (Multiple Targets)

# Class Name	Hit Dice	Type			Max Level	Source Page		Combat bonus											Save bonus																						Modify VAR										FACT
CLASS:Soldier	HD:10		TYPE:PC.Prestige	MAXLEVEL:10	SOURCEPAGE:p.194	BONUS:COMBAT|BASEAB|classlevel("APPLIEDAS=NONEPIC")*3/4|TYPE=Base.REPLACE	BONUS:SAVE|BASE.Fortitude,BASE.Reflex|(classlevel("APPLIEDAS=NONEPIC")+3)*2/5	BONUS:SAVE|BASE.Will|classlevel("APPLIEDAS=NONEPIC")/3	BONUS:VAR|Reputation|(CL-1)/4	BONUS:VAR|ClassDefense|(CL-1)/2+1	FACT:Abb|Sol
# Class Name	Required Ability								Required Skill				PRETOTALAB
CLASS:Soldier	PREABILITY:1,CATEGORY=FEAT,Personal Firearms Proficiency	PRESKILL:1,Knowledge (Tactics)=3	PRETOTALAB:3
# Class Name	Skill Pts/Lvl	Class Skill
CLASS:Soldier	STARTSKILLPTS:4	CSKILL:Demolitions|Handle Animal|Intimidate|Jump|Knowledge (Current Events)|Knowledge (History)|Knowledge (Popular Culture)|Knowledge (Tactics)|Listen|Navigate|Profession|Read/Write Language|Ride|SPEAK LANGUAGE|Spot|Survival|Swim
1									BONUS:ABILITYPOOL|Weapon Focus|1
2									BONUS:ABILITYPOOL|Weapon Specialization|1			BONUS:VAR|WeapSpecQualify|1	DEFINE:WeapSpecQualify|0
3									BONUS:ABILITYPOOL|Soldier Feat|1				BONUS:VAR|WeapSpecQualify|-1
4	SAB:Formation Fighting +%|FormationFighting										BONUS:VAR|FormationFighting|1	DEFINE:FormationFighting|0
5									BONUS:ABILITYPOOL|Improved Critical|1
6									BONUS:ABILITYPOOL|Soldier Feat|1
7	SAB:Tactical Aid															BONUS:VAR|FormationFighting|1
8									BONUS:ABILITYPOOL|Greater Weapon Specialization|1
9									BONUS:ABILITYPOOL|Soldier Feat|1
10	SAB:Critical Strike

# Class Name	Hit Dice	Type			Max Level	Source Page		Combat bonus											Save bonus																						Modify VAR										FACT
CLASS:Tin Star	HD:10		TYPE:PC.Prestige	MAXLEVEL:10	SOURCEPAGE:p.196	BONUS:COMBAT|BASEAB|classlevel("APPLIEDAS=NONEPIC")*3/4|TYPE=Base.REPLACE	BONUS:SAVE|BASE.Fortitude,BASE.Will|(classlevel("APPLIEDAS=NONEPIC")+3)*2/5	BONUS:SAVE|BASE.Reflex|classlevel("APPLIEDAS=NONEPIC")/3	BONUS:VAR|Reputation|(CL+2)/3	BONUS:VAR|ClassDefense|(CL+1)/2	FACT:Abb|Tin
# Class Name	Required Ability					Required Skill								PRETOTALAB
CLASS:Tin Star	PREABILITY:1,CATEGORY=FEAT,Trustworthy	PRESKILL:3,Diplomacy=3,Investigate=3,Knowledge (Civics)=3	PRETOTALAB:3
# Class Name	Skill Pts/Lvl	Class Skill
CLASS:Tin Star	STARTSKILLPTS:4	CSKILL:Bluff|Concentration|Diplomacy|Gather Information|Intimidate|Investigate|Knowledge (Behavioral Sciences)|Knowledge (Civics)|Knowledge (Current Events)|Knowledge (Popular Culture)|Knowledge (Streetwise)|Knowledge (Tactics)|Profession|Read/Write Language|Ride|Search|Sense Motive|Sleight of Hand|SPEAK LANGUAGE|Spot|Treat Injury
1	SAB:Flash the Badge							BONUS:SKILL|Diplomacy|Reputation	BONUS:SKILL|Gather Information|Reputation
2	SAB:Posse
3					BONUS:ABILITYPOOL|Tin Star Feat|1
4	SAB:Nonlethal Force
5	SAB:Deputy
6					BONUS:ABILITYPOOL|Tin Star Feat|1
7	SAB:Discern Lie
8	SAB:Watchful Eye
9					BONUS:ABILITYPOOL|Tin Star Feat|1
10	SAB:Inspire Posse

# Class Name	Hit Dice	Type			Max Level	Source Page		Combat bonus											Save bonus																															Modify VAR										FACT
CLASS:Wrangler	HD:8		TYPE:PC.Prestige	MAXLEVEL:10	SOURCEPAGE:p.198	BONUS:COMBAT|BASEAB|classlevel("APPLIEDAS=NONEPIC")*3/4|TYPE=Base.REPLACE	BONUS:SAVE|BASE.Fortitude|(classlevel("APPLIEDAS=NONEPIC")+3)*2/5	BONUS:SAVE|BASE.Reflex|(classlevel("APPLIEDAS=NONEPIC")+4)/2	BONUS:SAVE|BASE.Will|classlevel("APPLIEDAS=NONEPIC")/3	BONUS:VAR|Reputation|(CL-1)/4	BONUS:VAR|ClassDefense|(CL+1)/2	FACT:Abb|Wrg
# Class Name	Required Ability								Required Skill						PRETOTALAB
CLASS:Wrangler	PREABILITY:2,CATEGORY=FEAT,Animal Affinity,Defensive Riding	PRESKILL:1,Handle Animal=3	PRESKILL:1,Ride=6	PRETOTALAB:2
# Class Name	Skill Pts/Lvl	Class Skill
CLASS:Wrangler	STARTSKILLPTS:4	CSKILL:Craft (Structural)|Handle Animal|Jump|Knowledge (Current Events)|Knowledge (Popular Culture)|Listen|Perform (Sing)|Perform (Stringed Instruments)|Perform (Wind Instruments)|Profession|Read/Write Language|Ride|SPEAK LANGUAGE|Spot|Survival|Swim
1	SAB:Bronco Bustin'
2	SAB:Bareback Riding
3					BONUS:ABILITYPOOL|Wrangler Feat|1
4	SAB:Cool in the Saddle
5	SAB:Quick Turn
6					BONUS:ABILITYPOOL|Wrangler Feat|1
7	SAB:Ride Like the Wind
8	SAB:Horse Whisperer
9					BONUS:ABILITYPOOL|Wrangler Feat|1
10	SAB:Saddle Sweep
