# CVS $Revision$ $Author$ -- Sat Nov 23 14:46:39 2013 -- reformated by prettylst.pl v1.50 (build 22134)
SOURCELONG:Sidewinder: Recoiled	SOURCESHORT:S:R	SOURCEWEB:http://www.doghouserules.net/recoiled/index.html	SOURCEDATE:2004-12
# Original Entry by: Lone Jedi (MSRD by bD_92 and Hugo)

#Simple Weapons -------------------------------------------------------------------------------------------------
# Equipment Name				Required Weapon Proficiency			Type												Cost		Weight	Critical Hit Multiplier	Critical Hit Range	Damage	Alternative Damage	Requires Modification?	Range		Size		Source Page
Brass Knuckles				PROFICIENCY:WEAPON|Brass Knuckles		TYPE:Weapon.Simple.Melee.Bludgeoning						COST:0.5	WT:1		CRITMULT:x2			CRITRANGE:1			DAMAGE:1											SIZE:T	SOURCEPAGE:p. 151
Cleaver					PROFICIENCY:WEAPON|Cleaver			TYPE:Weapon.Simple.Melee.Slashing.Standard.Metal				COST:0.5	WT:2		CRITMULT:x2			CRITRANGE:2			DAMAGE:1d6											SIZE:S	SOURCEPAGE:p. 151
Club						PROFICIENCY:WEAPON|Club				TYPE:Weapon.Simple.Melee.Ranged.Bludgeoning.Standard.Wooden			COST:0.25	WT:3		CRITMULT:x2			CRITRANGE:1			DAMAGE:1d6									RANGE:10	SIZE:M	SOURCEPAGE:p. 151
Coup Stick					PROFICIENCY:WEAPON|Coup Stick			TYPE:Weapon.Simple.Melee.Ranged.Bludgeoning.Standard.Wooden			COST:1	WT:2		CRITMULT:x2			CRITRANGE:1			DAMAGE:1d4									RANGE:10	SIZE:M	SOURCEPAGE:p. 151
Knife						PROFICIENCY:WEAPON|Knife			TYPE:Weapon.Simple.Melee.Ranged.Piercing.Standard.Metal			COST:2	WT:1		CRITMULT:x2			CRITRANGE:2			DAMAGE:1d4									RANGE:10	SIZE:T	SOURCEPAGE:p. 151
Pistol Whip					PROFICIENCY:WEAPON|Pistol Whip		TYPE:Weapon.Simple.Melee.Bludgeoning.Standard.Metal				COST:0	WT:0		CRITMULT:x2			CRITRANGE:1			DAMAGE:1d4											SIZE:S	SOURCEPAGE:p. 151
Pitchfork					PROFICIENCY:WEAPON|Pitchfork			TYPE:Weapon.Simple.Melee.Piercing.Standard.Metal				COST:1	WT:4		CRITMULT:x2			CRITRANGE:1			DAMAGE:1d6											SIZE:M	SOURCEPAGE:p. 151
Rifle Butt					PROFICIENCY:WEAPON|Rifle Butt			TYPE:Weapon.Simple.Melee.Bludgeoning.Standard.Metal				COST:0	WT:0		CRITMULT:x2			CRITRANGE:1			DAMAGE:1d6											SIZE:L	SOURCEPAGE:p. 152
Sap						PROFICIENCY:WEAPON|Sap				TYPE:Weapon.Simple.Melee.Bludgeoning.Standard.Wooden				COST:0.01	WT:3		CRITMULT:x2			CRITRANGE:1			DAMAGE:1d6											SIZE:S	SOURCEPAGE:p. 152
Sledgehammer				PROFICIENCY:WEAPON|Sledgehammer		TYPE:Weapon.Simple.Melee.Bludgeoning.Standard.Metal				COST:2	WT:8		CRITMULT:x2			CRITRANGE:1			DAMAGE:1d8											SIZE:L	SOURCEPAGE:p. 152
Staff						PROFICIENCY:WEAPON|Staff			TYPE:Weapon.Simple.Melee.Bludgeoning.Standard.Wooden.Double			COST:0.25	WT:4		CRITMULT:x2			CRITRANGE:1			DAMAGE:1d6	ALTDAMAGE:1d6								SIZE:L	SOURCEPAGE:p. 152

#Archaic Weapons ------------------------------------------------------------------------------------------------
# Equipment Name				Required Weapon Proficiency			Type												Cost		Weight	Critical Hit Multiplier	Critical Hit Range	Damage	Alternative Damage	Requires Modification?	Range		Size		Source Page
Ax						PROFICIENCY:WEAPON|Ax				TYPE:Weapon.Archaic.Melee.Standard.Metal.Slashing				COST:2	WT:6		CRITMULT:x2			CRITRANGE:1			DAMAGE:1d10											SIZE:L	SOURCEPAGE:p. 152
Bayonet (Fixed)				PROFICIENCY:WEAPON|Bayonet (Fixed)		TYPE:Weapon.Archaic.Melee.Standard.Piercing.Double.Metal			COST:2	WT:1		CRITMULT:x2			CRITRANGE:1			DAMAGE:1d4	ALTDAMAGE:1d6								SIZE:L	SOURCEPAGE:p. 152
Bowie Knife					PROFICIENCY:WEAPON|Bowie Knife		TYPE:Weapon.Archaic.Melee.Standard.Metal.Slashing				COST:2	WT:3		CRITMULT:x2			CRITRANGE:3			DAMAGE:1d4											SIZE:S	SOURCEPAGE:p. 152
Hatchet					PROFICIENCY:WEAPON|Hatchet			TYPE:Weapon.Archaic.Melee.Ranged.Standard.Slashing.Metal			COST:0.25	WT:4		CRITMULT:x2			CRITRANGE:1			DAMAGE:1d6									RANGE:10	SIZE:S	SOURCEPAGE:p. 152
Tomahawk					PROFICIENCY:WEAPON|Tomahawk			TYPE:Weapon.Archaic.Melee.Ranged.Standard.Slashing.Metal			COST:0.25	WT:4		CRITMULT:x2			CRITRANGE:1			DAMAGE:1d6									RANGE:10	SIZE:S	SOURCEPAGE:p. 152
Longsword					PROFICIENCY:WEAPON|Longsword			TYPE:Weapon.Archaic.Melee.Standard.Slashing.Metal				COST:6	WT:4		CRITMULT:x2			CRITRANGE:2			DAMAGE:1d8											SIZE:M	SOURCEPAGE:p. 152
Pickax					PROFICIENCY:WEAPON|Pickax			TYPE:Weapon.Archaic.Melee.Standard.Metal.Piercing				COST:2	WT:6		CRITMULT:x2			CRITRANGE:1			DAMAGE:1d6											SIZE:L	SOURCEPAGE:p. 152
Rapier					PROFICIENCY:WEAPON|Rapier			TYPE:Weapon.Archaic.Melee.Standard.Piercing.Metal.Finesseable		COST:5	WT:3		CRITMULT:x2			CRITRANGE:3			DAMAGE:1d6											SIZE:M	SOURCEPAGE:p. 152
Saber						PROFICIENCY:WEAPON|Saber			TYPE:Weapon.Archaic.Melee.Standard.Metal.Slashing				COST:8	WT:4		CRITMULT:x2			CRITRANGE:3			DAMAGE:1d6											SIZE:M	SOURCEPAGE:p. 152
Spear						PROFICIENCY:WEAPON|Spear			TYPE:Weapon.Archaic.Melee.Standard.Piercing.Wooden				COST:1	WT:9		CRITMULT:x2			CRITRANGE:1			DAMAGE:1d8											SIZE:L	SOURCEPAGE:p. 152
Straight Razor				PROFICIENCY:WEAPON|Straight Razor		TYPE:Weapon.Archaic.Melee.Standard.Slashing.Metal				COST:0.25	WT:0.5	CRITMULT:x2			CRITRANGE:2			DAMAGE:1d4											SIZE:T	SOURCEPAGE:p. 152
Sword Cane					PROFICIENCY:WEAPON|Sword Cane			TYPE:Weapon.Archaic.Melee.Piercing.Standard.Metal				COST:4	WT:3		CRITMULT:x2			CRITRANGE:3			DAMAGE:1d6											SIZE:M	SOURCEPAGE:p. 152

#Exotic Melee Weapons -------------------------------------------------------------------------------------------
# Equipment Name				Required Weapon Proficiency			Type												Cost		Weight	Critical Hit Multiplier	Critical Hit Range	Damage	Alternative Damage	Requires Modification?	Range		Size		Source Page
Chain						PROFICIENCY:WEAPON|Chain			TYPE:Weapon.Exotic.Melee.Bludgeoning.Standard.Double.Metal.Finesseable	COST:0.5	WT:5		CRITMULT:x2			CRITRANGE:1			DAMAGE:1d6	ALTDAMAGE:1d6								SIZE:L	SOURCEPAGE:p. 152
Claymore					PROFICIENCY:WEAPON|Claymore			TYPE:Weapon.Exotic.Melee.Slashing.Standard.Metal				COST:15	WT:6		CRITMULT:x2			CRITRANGE:2			DAMAGE:2d6											SIZE:L	SOURCEPAGE:p. 153

#Unarmed
# Equipment Name				Required Weapon Proficiency			Type												Cost		Weight	Critical Hit Multiplier	Critical Hit Range	Damage	Alternative Damage	Requires Modification?	Range		Size		Source Page
Unarmed Strike				PROFICIENCY:WEAPON|Unarmed Strike		TYPE:Weapon.Simple.Unarmed.Melee.Bludgeoning.Standard				COST:0	WT:0		CRITMULT:x2			CRITRANGE:1			DAMAGE:1d3					MODS:NO					SIZE:T	SOURCEPAGE:msrdequipmentweaponsandarmor.rtf

#Improvised Weapons ---------------------------------------------------------------------------------------------
# Equipment Name				Required Weapon Proficiency			Type												Cost		Weight	Critical Hit Multiplier	Critical Hit Range	Damage	Alternative Damage	Requires Modification?	Range		Size		Source Page
Improvised Weapon (Diminutive)	PROFICIENCY:WEAPON|Improvised Weapon	TYPE:Weapon.Improvised.Melee.Standard						COST:0	WT:0		CRITMULT:-			CRITRANGE:0			DAMAGE:1											SIZE:D	SOURCEPAGE:p. 153
Improvised Weapon (Tiny)		PROFICIENCY:WEAPON|Improvised Weapon	TYPE:Weapon.Improvised.Melee.Standard						COST:0	WT:0		CRITMULT:-			CRITRANGE:0			DAMAGE:1d2											SIZE:T	SOURCEPAGE:p. 153
Improvised Weapon (Small)		PROFICIENCY:WEAPON|Improvised Weapon	TYPE:Weapon.Improvised.Melee.Standard						COST:0	WT:0		CRITMULT:-			CRITRANGE:0			DAMAGE:1d3											SIZE:S	SOURCEPAGE:p. 153
Improvised Weapon (Medium)		PROFICIENCY:WEAPON|Improvised Weapon	TYPE:Weapon.Improvised.Melee.Standard						COST:0	WT:0		CRITMULT:-			CRITRANGE:0			DAMAGE:1d4											SIZE:M	SOURCEPAGE:p. 153
Improvised Weapon (Large)		PROFICIENCY:WEAPON|Improvised Weapon	TYPE:Weapon.Improvised.Melee.Standard						COST:0	WT:0		CRITMULT:-			CRITRANGE:0			DAMAGE:1d6											SIZE:L	SOURCEPAGE:p. 153
Improvised Weapon (Huge)		PROFICIENCY:WEAPON|Improvised Weapon	TYPE:Weapon.Improvised.Melee.Standard						COST:0	WT:0		CRITMULT:-			CRITRANGE:0			DAMAGE:1d8											SIZE:H	SOURCEPAGE:p. 153
Improvised Weapon (Gargantuan)	PROFICIENCY:WEAPON|Improvised Weapon	TYPE:Weapon.Improvised.Melee.Standard						COST:0	WT:0		CRITMULT:-			CRITRANGE:0			DAMAGE:2d6											SIZE:G	SOURCEPAGE:p. 153
Improvised Weapon (Colossal)		PROFICIENCY:WEAPON|Improvised Weapon	TYPE:Weapon.Improvised.Melee.Standard						COST:0	WT:0		CRITMULT:-			CRITRANGE:0			DAMAGE:2d8											SIZE:C	SOURCEPAGE:p. 153
