# CVS $Revision$ $Author$ -- Tue Feb 24 20:45:55 2009 -- reformated by prettylst.pl v1.39 (build 9329)
SOURCELONG:Pathfinder Companion: Second Darkness Player's Guide	SOURCESHORT:SDPG	SOURCEWEB:http://paizo.com/store/downloads/pathfinder/pathfinderCompanion/v5748btpy84en	SOURCEDATE:2008-08

# Class Name	Hit Dice	Type			Abbreviation	Max Level	Source Page		Save checks bonus											Combat bonus
CLASS:Liberator	HD:10		TYPE:PC.Prestige	ABB:Liber		MAXLEVEL:10	SOURCEPAGE:p. 22	BONUS:CHECKS|BASE.Fortitude|CL/2+2	BONUS:CHECKS|BASE.Reflex,BASE.Will|CL/3	BONUS:COMBAT|BAB|CL|TYPE=Base.REPLACE
# Class Name	Required AL				Req. Att.	Required Feat						Required Skill
CLASS:Liberator	PREALIGN:NG,CG,TN,CN,NE,CE	PREATT:5	PREFEAT:3,Improved Sunder,Power Attack,Stealthy	PRESKILL:2,Escape Artist=6,Open Lock=6
# Class Name	Skill Pts/Lvl	Class Skill
CLASS:Liberator	STARTSKILLPTS:2	CSKILL:Climb|Escape Artist|Gather Information|Hide|Intimidate|Knowledge (Dungeoneering)|Knowledge (Local)|Open Lock|Search|Sense Motive|Survival|Use Rope

1							BONUS:VAR|LiberatorPoisonResistance|2	ABILITY:Special Ability|AUTOMATIC|To the Rescue|Liberator Poison Resistance
2							BONUS:VAR|LiberatorLockbreakerBonus|CL/2	ABILITY:Special Ability|AUTOMATIC|Lockbreaker
3	BONUS:ABILITYPOOL|Liberator Feat|1								ABILITY:Special Ability|AUTOMATIC|Silent Sunder
4
5														ABILITY:Special Ability|AUTOMATIC|Slaver's Ruin
6														ABILITY:Special Ability|AUTOMATIC|Greater Sunder
7							BONUS:VAR|LiberatorPoisonResistance|2	ABILITY:Special Ability|AUTOMATIC|Steely Resolve
8																											TEMPLATE:Liberator Darkvision
9														ABILITY:Special Ability|AUTOMATIC|Quick Pick
10														ABILITY:Special Ability|AUTOMATIC|Freedom of Movement

#
# End
#
