# CVS $Revision$ $Author$ -- Tue Oct 30 01:48:28 2012 -- reformated by prettylst.pl v1.39 (build 15052)

# ORIGINAL ENTRY: Stefan Radermacher, Eric Smith (Maredudd), and Douglas Limmer
# ORIGINAL ENTRY DATE: Unknown

###Block: Archetype Buckets
# Ability Category						Visible		Editable or Static?	Change Pool?	Fractional values?	Category of Object		Type of Object		Specific choices list						Plural description for UI	Display Location
ABILITYCATEGORY:Magus Archetype				VISIBLE:QUALIFY	EDITABLE:YES		EDITPOOL:NO		FRACTIONALPOOL:NO		CATEGORY:Archetype		TYPE:MagusArchetype										PLURAL:Magus Archetypes		DISPLAYLOCATION:Archetype

ABILITYCATEGORY:Animal Friend Choice			VISIBLE:QUALIFY	EDITABLE:YES		EDITPOOL:NO		FRACTIONALPOOL:NO		CATEGORY:Special Ability					ABILITYLIST:Animal Friend Choice ~ Animal Speaker						DISPLAYLOCATION:Class Abilities
ABILITYCATEGORY:Geisha Weapon Proficiency Choice	VISIBLE:QUALIFY	EDITABLE:YES		EDITPOOL:NO		FRACTIONALPOOL:NO		CATEGORY:Internal							ABILITYLIST:Geisha Weapon Proficiency Choice							DISPLAYLOCATION:Class Abilities
ABILITYCATEGORY:Geisha Knowledge Choice			VISIBLE:QUALIFY	EDITABLE:YES		EDITPOOL:NO		FRACTIONALPOOL:NO		CATEGORY:Special Ability					ABILITYLIST:Geisha Knowledge Choice									DISPLAYLOCATION:Class Abilities
ABILITYCATEGORY:Secrets of the Grave Spell Choice	VISIBLE:QUALIFY	EDITABLE:YES		EDITPOOL:NO		FRACTIONALPOOL:NO		CATEGORY:Special Ability					ABILITYLIST:Secrets of the Grave Spell Choice							DISPLAYLOCATION:Class Abilities


###Block: Bonus Feats
# Ability Category				Visible		Editable or Static?	Change Pool?	Fractional values?	Category of Object		Type of Object		Plural description for UI		Display Location
ABILITYCATEGORY:Versatile Channeler		VISIBLE:QUALIFY	EDITABLE:YES		EDITPOOL:YES	FRACTIONALPOOL:NO		CATEGORY:Special Ability	TYPE:VersatileChanneler	PLURAL:Versatile Channeler		DISPLAYLOCATION:Feats
ABILITYCATEGORY:Dragon Shaman Bonus Feat	VISIBLE:QUALIFY	EDITABLE:YES		EDITPOOL:YES	FRACTIONALPOOL:NO		CATEGORY:FEAT			TYPE:DragonShamanBonus	PLURAL:Dragon Shaman Bonus Feats	DISPLAYLOCATION:Feats
ABILITYCATEGORY:Saurian Shaman Bonus Feat	VISIBLE:QUALIFY	EDITABLE:YES		EDITPOOL:YES	FRACTIONALPOOL:NO		CATEGORY:FEAT			TYPE:SaurianShamanBonus	PLURAL:Saurian Shaman Bonus Feats	DISPLAYLOCATION:Feats
ABILITYCATEGORY:Shark Shaman Bonus Feat	VISIBLE:QUALIFY	EDITABLE:YES		EDITPOOL:YES	FRACTIONALPOOL:NO		CATEGORY:FEAT			TYPE:SharkShamanBonus	PLURAL:Shark Shaman Bonus Feats	DISPLAYLOCATION:Feats

###Block: Magus ability categories
# Ability Category			Visible		Editable or Static?	Change Pool?	Fractional values?	Category of Object		Type of Object				Plural description for UI	Display Location
ABILITYCATEGORY:Magus Arcana		VISIBLE:QUALIFY	EDITABLE:YES		EDITPOOL:YES	FRACTIONALPOOL:NO		CATEGORY:Special Ability	TYPE:MagusArcana				PLURAL:Magus Arcana		DISPLAYLOCATION:Class Abilities
ABILITYCATEGORY:Magus Bonus Feat	VISIBLE:QUALIFY	EDITABLE:YES		EDITPOOL:YES	FRACTIONALPOOL:NO		CATEGORY:FEAT			TYPE:Combat.ItemCreation.Metamagic	PLURAL:Magus Bonus Feats	DISPLAYLOCATION:Feats

###Block: Summoner/Eidolon ability categories
# Ability Category				Visible		Editable or Static?	Change Pool?	Fractional values?	Category of Object		Type of Object		Plural description for UI		Display Location
ABILITYCATEGORY:Eidolon Aquatic Evolution	VISIBLE:QUALIFY	EDITABLE:YES		EDITPOOL:YES	FRACTIONALPOOL:NO		CATEGORY:Special Ability	TYPE:EvolutionAquatic	PLURAL:Eidolon Aquatic Evolutions	DISPLAYLOCATION:Class Abilities

###Block: Cleric Archetype ability categories
# Ability Category				Visible		Editable or Static?	Change Pool?	Fractional values?	Category of Object		Type of Object		Plural description for UI		Display Location
ABILITYCATEGORY:Undead Lord Bonus Feat	VISIBLE:QUALIFY	EDITABLE:YES		EDITPOOL:YES	FRACTIONALPOOL:NO		CATEGORY:FEAT			TYPE:UndeadLordBonus	PLURAL:Undead Lord Bonus Feats	DISPLAYLOCATION:Feats
ABILITYCATEGORY:Domain Secret			VISIBLE:QUALIFY	EDITABLE:YES		EDITPOOL:YES	FRACTIONALPOOL:NO		CATEGORY:Special Ability	TYPE:DomainSecret		PLURAL:Domain Secrets			DISPLAYLOCATION:Class Abilities

###Block: Variant Channeling ability category
# Ability Category			Visible		Editable or Static?	Change Pool?	Fractional values?	Category of Object		Type of Object		Plural description for UI	Display Location
ABILITYCATEGORY:Variant Channeling	VISIBLE:QUALIFY	EDITABLE:YES		EDITPOOL:YES	FRACTIONALPOOL:NO		CATEGORY:Special Ability	TYPE:VariantChanneling	PLURAL:Variant Channeling	DISPLAYLOCATION:Class Abilities

###Block: Druid Archetype ability categories
# Ability Category			Visible		Editable or Static?	Change Pool?	Fractional values?	Category of Object		Type of Object	Plural description for UI	Display Location
ABILITYCATEGORY:Night Sight		VISIBLE:QUALIFY	EDITABLE:YES		EDITPOOL:YES	FRACTIONALPOOL:NO		CATEGORY:Special Ability	TYPE:NightSight	PLURAL:Night Sight		DISPLAYLOCATION:Class Abilities
ABILITYCATEGORY:Pack Member Level	VISIBLE:QUALIFY	EDITABLE:YES		EDITPOOL:YES	FRACTIONALPOOL:NO		CATEGORY:Special Ability	TYPE:PackMembers	PLURAL:Pack Member Levels	DISPLAYLOCATION:Class Abilities

###Block: Inquisitor Archetype ability categories
# Ability Category				Visible		Editable or Static?	Change Pool?	Fractional values?	Category of Object		Type of Object			Plural description for UI	Display Location
ABILITYCATEGORY:Determination Choice	VISIBLE:QUALIFY	EDITABLE:YES		EDITPOOL:YES	FRACTIONALPOOL:NO		CATEGORY:Special Ability	TYPE:DeterminationChoice	PLURAL:Determination Choices	DISPLAYLOCATION:Class Abilities

###Block: Magus Archetype ability categories
# Ability Category		Visible		Editable or Static?	Change Pool?	Fractional values?	Category of Object		Type of Object			Plural description for UI	Display Location
ABILITYCATEGORY:Hex Arcana	VISIBLE:QUALIFY	EDITABLE:YES		EDITPOOL:YES	FRACTIONALPOOL:NO		CATEGORY:Special Ability	TYPE:MagusArcana.WitchHex	PLURAL:Hex Arcana			DISPLAYLOCATION:Class Abilities

###Block: Monk Archetype ability categories
# Ability Category		Visible		Editable or Static?	Change Pool?	Fractional values?	Category of Object		Type of Object	Plural description for UI	Display Location
ABILITYCATEGORY:Vow		VISIBLE:QUALIFY	EDITABLE:YES		EDITPOOL:YES	FRACTIONALPOOL:NO		CATEGORY:Special Ability	TYPE:MonkVow	PLURAL:Vows				DISPLAYLOCATION:Class Abilities
ABILITYCATEGORY:Ki Power	VISIBLE:QUALIFY	EDITABLE:YES		EDITPOOL:YES	FRACTIONALPOOL:NO		CATEGORY:Special Ability	TYPE:KiPower	PLURAL:Ki Powers			DISPLAYLOCATION:Class Abilities

###Block: Sorcerer Bloodline Bonus Feat Categories
# Ability Category				Visible		Editable or Static?	Change Pool?	Fractional values?	Category of Object	Type of Object		Specific choices list																																																																Plural description for UI		Display Location
ABILITYCATEGORY:Accursed Bloodline Feat	VISIBLE:QUALIFY	EDITABLE:YES		EDITPOOL:YES	FRACTIONALPOOL:NO		CATEGORY:FEAT		TYPE:AccursedBloodline																																																																				PLURAL:Accursed Bloodline Feats	DISPLAYLOCATION:Feats
ABILITYCATEGORY:Djinni Bloodline Feat	VISIBLE:QUALIFY	EDITABLE:YES		EDITPOOL:YES	FRACTIONALPOOL:NO		CATEGORY:FEAT		TYPE:DjinniBloodline	ABILITYLIST:Skill Focus (Knowledge (Planes))																																																												PLURAL:Djinni Bloodline Feats		DISPLAYLOCATION:Feats
ABILITYCATEGORY:Efreeti Bloodline Feat	VISIBLE:QUALIFY	EDITABLE:YES		EDITPOOL:YES	FRACTIONALPOOL:NO		CATEGORY:FEAT		TYPE:EfreetiBloodline	ABILITYLIST:Skill Focus (Knowledge (Planes))																																																												PLURAL:Efreeti Bloodline Feats	DISPLAYLOCATION:Feats
ABILITYCATEGORY:Maestro Bloodline Feat	VISIBLE:QUALIFY	EDITABLE:YES		EDITPOOL:YES	FRACTIONALPOOL:NO		CATEGORY:FEAT		TYPE:MaestroBloodline	ABILITYLIST:Spell Focus (Enchantment)|Greater Spell Focus (Enchantment)|Skill Focus (Perform (Act))|Skill Focus (Perform (Comedy))|Skill Focus (Perform (Dance))|Skill Focus (Perform (Keyboard Instruments))|Skill Focus (Perform (Oratory))|Skill Focus (Perform (Percussion Instruments))|Skill Focus (Perform (Sing))|Skill Focus (Perform (String Instruments))|Skill Focus (Perform (Wind Instruments))	PLURAL:Maestro Bloodline Feats	DISPLAYLOCATION:Feats
ABILITYCATEGORY:Marid Bloodline Feat	VISIBLE:QUALIFY	EDITABLE:YES		EDITPOOL:YES	FRACTIONALPOOL:NO		CATEGORY:FEAT		TYPE:MaridBloodline	ABILITYLIST:Skill Focus (Knowledge (Planes))																																																												PLURAL:Marid Bloodline Feats		DISPLAYLOCATION:Feats
ABILITYCATEGORY:Rakshasa Bloodline Feat	VISIBLE:QUALIFY	EDITABLE:YES		EDITPOOL:YES	FRACTIONALPOOL:NO		CATEGORY:FEAT		TYPE:RakshasaBloodline																																																																				PLURAL:Rakshasa Bloodline Feats	DISPLAYLOCATION:Feats
ABILITYCATEGORY:Shaitan Bloodline Feat	VISIBLE:QUALIFY	EDITABLE:YES		EDITPOOL:YES	FRACTIONALPOOL:NO		CATEGORY:FEAT		TYPE:ShaitanBloodline	ABILITYLIST:Skill Focus (Knowledge (Planes))																																																												PLURAL:Shaitan Bloodline Feats	DISPLAYLOCATION:Feats

###Block: Oracle Revelations ability categories
# Ability Category						Visible		Editable or Static?	Change Pool?	Fractional values?	Category of Object		Type of Object						Plural description for UI			Display Location
ABILITYCATEGORY:Ancestor Mystery Revelation		VISIBLE:QUALIFY	EDITABLE:YES		EDITPOOL:YES	FRACTIONALPOOL:NO		CATEGORY:Special Ability	TYPE:AncestorRevelation.GeneralRevelation		PLURAL:Ancestor Mystery Revelations		DISPLAYLOCATION:Class Abilities
ABILITYCATEGORY:Dark Tapestry Mystery Revelation	VISIBLE:QUALIFY	EDITABLE:YES		EDITPOOL:YES	FRACTIONALPOOL:NO		CATEGORY:Special Ability	TYPE:DarkTapestryRevelation.GeneralRevelation	PLURAL:Dark Tapestry Mystery Revelations	DISPLAYLOCATION:Class Abilities
ABILITYCATEGORY:Metal Mystery Revelation			VISIBLE:QUALIFY	EDITABLE:YES		EDITPOOL:YES	FRACTIONALPOOL:NO		CATEGORY:Special Ability	TYPE:MetalRevelation.GeneralRevelation		PLURAL:Metal Mystery Revelations		DISPLAYLOCATION:Class Abilities
ABILITYCATEGORY:Time Mystery Revelation			VISIBLE:QUALIFY	EDITABLE:YES		EDITPOOL:YES	FRACTIONALPOOL:NO		CATEGORY:Special Ability	TYPE:TimeRevelation.GeneralRevelation		PLURAL:Time Mystery Revelations		DISPLAYLOCATION:Class Abilities
ABILITYCATEGORY:Wood Mystery Revelation			VISIBLE:QUALIFY	EDITABLE:YES		EDITPOOL:YES	FRACTIONALPOOL:NO		CATEGORY:Special Ability	TYPE:WoodRevelation.GeneralRevelation		PLURAL:Wood Mystery Revelations		DISPLAYLOCATION:Class Abilities

###Block: Oracle Archetype ability categories
# Ability Category					Visible		Editable or Static?	Change Pool?	Fractional values?	Category of Object		Type of Object			Plural description for UI			Display Location
ABILITYCATEGORY:Oracle Second Curse			VISIBLE:QUALIFY	EDITABLE:YES		EDITPOOL:YES	FRACTIONALPOOL:NO		CATEGORY:Special Ability	TYPE:OracleSecondCurse		PLURAL:Second Oracle's Curse			DISPLAYLOCATION:Class Abilities
ABILITYCATEGORY:Planar Resistance Energy Type	VISIBLE:QUALIFY	EDITABLE:YES		EDITPOOL:YES	FRACTIONALPOOL:NO		CATEGORY:Special Ability	TYPE:PlanarResistanceEnergy	PLURAL:Planar Resistance Energy Type	DISPLAYLOCATION:Class Abilities

###Block: Ranger Archetype ability categories
# Ability Category		Visible		Editable or Static?	Change Pool?	Fractional values?	Category of Object		Type of Object	Plural description for UI	Display Location
ABILITYCATEGORY:Ranger Trap	VISIBLE:QUALIFY	EDITABLE:YES		EDITPOOL:YES	FRACTIONALPOOL:NO		CATEGORY:Special Ability	TYPE:RangerTrap	PLURAL:Ranger Traps		DISPLAYLOCATION:Class Abilities

###Block: Wizard Split Spell Discovery ability categories
# Ability Category		Visible		Editable or Static?	Change Pool?	Fractional values?	Category of Object		Type of Object		Plural description for UI	Display Location
ABILITYCATEGORY:Split Slot	VISIBLE:QUALIFY	EDITABLE:YES		EDITPOOL:YES	FRACTIONALPOOL:NO		CATEGORY:Special Ability	TYPE:SplitSlotChoice	PLURAL:Split Slots		DISPLAYLOCATION:Class Abilities

###Block: Wizard Flexible Enhancement ability categories
# Ability Category					Visible		Editable or Static?	Change Pool?	Fractional values?	Category of Object		Type of Object			Plural description for UI		Display Location
ABILITYCATEGORY:Flexible Enhancement Bonus	VISIBLE:QUALIFY	EDITABLE:YES		EDITPOOL:YES	FRACTIONALPOOL:NO		CATEGORY:Special Ability	TYPE:FlexibleEnhancementBonus	PLURAL:Flexible Enhancement Bonuses	DISPLAYLOCATION:Class Abilities

###Block: Wizard Elemental School Opposition Choice ability categories
# Ability Category						Visible		Editable or Static?	Change Pool?	Fractional values?	Category of Object		Type of Object				Plural description for UI			Display Location
ABILITYCATEGORY:Metal Opposition School Choice		VISIBLE:QUALIFY	EDITABLE:YES		EDITPOOL:YES	FRACTIONALPOOL:NO		CATEGORY:Special Ability	TYPE:MetalOpposedSchool			PLURAL:Metal Opposition School Choice	DISPLAYLOCATION:Class Abilities
ABILITYCATEGORY:Wood Opposition School Choice		VISIBLE:QUALIFY	EDITABLE:YES		EDITPOOL:YES	FRACTIONALPOOL:NO		CATEGORY:Special Ability	TYPE:WoodOpposedSchool			PLURAL:Wood Opposition School Choice	DISPLAYLOCATION:Class Abilities



ABILITYCATEGORY:Eldritch Heritage Bloodline Choice	VISIBLE:QUALIFY	EDITABLE:YES		EDITPOOL:YES	FRACTIONALPOOL:NO		CATEGORY:Special Ability	TYPE:EldritchHeritageSelection								DISPLAYLOCATION:Feats

# ORIGINAL ENTRY: Douglas Limmer
# ORIGINAL ENTRY DATE: 14 March 2012

###Block: Crossblooded Sorcerer ability categories
# Ability Category					Visible		Editable or Static?	Change Pool?	Fractional values?	Category of Object		Type of Object			Plural description for UI			Display Location
ABILITYCATEGORY:Crossblooded Bloodline		VISIBLE:QUALIFY	EDITABLE:YES		EDITPOOL:YES	FRACTIONALPOOL:NO		CATEGORY:Special Ability	TYPE:SorcererCrossbloodline	PLURAL:Crossblooded Bloodlines		DISPLAYLOCATION:Class Abilities
ABILITYCATEGORY:Crossblooded Bloodline Feat	VISIBLE:QUALIFY	EDITABLE:YES		EDITPOOL:YES	FRACTIONALPOOL:NO		CATEGORY:Internal			TYPE:CrossbloodlineFeat		PLURAL:Crossblooded Bloodline Feats		DISPLAYLOCATION:Feats
ABILITYCATEGORY:Crossblooded Bloodline Power	VISIBLE:QUALIFY	EDITABLE:YES		EDITPOOL:YES	FRACTIONALPOOL:NO		CATEGORY:Internal			TYPE:CrossbloodlineAbility	PLURAL:Crossblooded Bloodline Powers	DISPLAYLOCATION:Class Abilities
ABILITYCATEGORY:Crossblooded Bonus Spell		VISIBLE:QUALIFY	EDITABLE:YES		EDITPOOL:YES	FRACTIONALPOOL:NO		CATEGORY:Internal			TYPE:CrossbloodedSpellChoice	PLURAL:Crossblooded Bonus Spells		DISPLAYLOCATION:Class Abilities

#
# End
#
