# CVS $Revision$ $Author$ -- Thu Jan 22 16:26:51 2009 -- reformated by prettylst.pl v1.38 (build 7302)
SOURCELONG:Magic of Arcanis	SOURCESHORT:MoA	SOURCEWEB:http://www.paradigmconcepts.com
#Original Entry: Andrew Maitland (LegacyKing), 2008

###Block: Eagle Hunter Animal Companion Choices ----------------------------------------------------------------------------------------
# Race Name				Output Name						Size		Move				Face/Space	Vision		Bonus to skill				Stat bonus																	Natural Attacks																Monster Class Name and Starting Level	Main Race Type	Template		Source Page
Eagle (Altai White-Shoulders)	OUTPUTNAME:Eagle, [NAME]	REACH:5	SIZE:M	MOVE:Walk,10,Fly,80	FACE:5	VISION:Low-light	BONUS:SKILL|Spot|8|TYPE=Racial	BONUS:STAT|STR|8	BONUS:STAT|DEX|2	BONUS:STAT|CON|4	BONUS:STAT|INT|-8	BONUS:STAT|WIS|4	BONUS:STAT|CHA|-4	NATURALATTACKS:Talon,Melee.Natural.Slashing.Piercing,*2,1d8|Bite,Melee.Natural.Slashing.Piercing,*1,1d4	MONSTERCLASS:Animal:3				RACETYPE:Animal		SOURCEPAGE:p.127
Eagle (Hovd Yellow)		OUTPUTNAME:Eagle, [NAME]	REACH:5	SIZE:S	MOVE:Walk,10,Fly,80	FACE:5	VISION:Low-light	BONUS:SKILL|Spot|8|TYPE=Racial	BONUS:STAT|DEX|4	BONUS:STAT|CON|2	BONUS:STAT|WIS|8	BONUS:STAT|CHA|-4							NATURALATTACKS:Talon,Melee.Natural.Slashing.Piercing,*2,1d4|Bite,Melee.Natural.Slashing.Piercing,*1,1d3	MONSTERCLASS:Animal:3				RACETYPE:Animal		SOURCEPAGE:p.127
Eagle (Valley Black)		OUTPUTNAME:Eagle, [NAME]	REACH:5	SIZE:S	MOVE:Walk,10,Fly,80	FACE:5	VISION:Low-light	BONUS:SKILL|Spot|8|TYPE=Racial	BONUS:STAT|DEX|8	BONUS:STAT|CON|2	BONUS:STAT|INT|-8	BONUS:STAT|WIS|4	BONUS:STAT|CHA|-4				NATURALATTACKS:Talon,Melee.Natural.Slashing.Piercing,*2,1d4|Bite,Melee.Natural.Slashing.Piercing,*1,1d3	MONSTERCLASS:Animal:3				RACETYPE:Animal		SOURCEPAGE:p.127
Eagle (Cross)			OUTPUTNAME:Eagle, [NAME]	REACH:5	SIZE:M	MOVE:Walk,10,Fly,80	FACE:5	VISION:Low-light	BONUS:SKILL|Spot|8|TYPE=Racial	BONUS:STAT|STR|4	BONUS:STAT|DEX|2	BONUS:STAT|CON|8	BONUS:STAT|INT|-8	BONUS:STAT|WIS|4	BONUS:STAT|CHA|-4	NATURALATTACKS:Talon,Melee.Natural.Slashing.Piercing,*2,1d6|Bite,Melee.Natural.Slashing.Piercing,*1,1d4	MONSTERCLASS:Animal:3				RACETYPE:Animal		SOURCEPAGE:p.127


###Block: Ymandragoran Thrall ----------------------------------------------------------------------------------------------------------
# Race Name				Output Name								Size		Move			Face/Space	Combat bonus				Stat bonus																	Ability																											Natural Attacks							Spell Res.	Damage Reduction	Monster Class Name and Starting Level	Main Race Type		Hit Dice Advancement	Challenge Rating	Source Page		Apply Kit
Ymandragoran Thrall (Lesser)	OUTPUTNAME:Ymandragoran Thrall, [NAME]	REACH:5	SIZE:M	MOVE:Walk,30	FACE:5	BONUS:COMBAT|AC|4|TYPE=NaturalArmor	BONUS:STAT|STR|6	BONUS:STAT|DEX|2	BONUS:STAT|CON|4	BONUS:STAT|INT|-2	BONUS:STAT|WIS|-2	BONUS:STAT|CHA|-4	ABILITY:Special Ability|AUTOMATIC|Flesh Weapons|Magic Disruption|Ymandragoran Thrall Paralysis|Bio-construct traits|Arcane Sight|Flesh Shield|Vulnerability to Chaos	NATURALATTACKS:Tentacle,Natural.Melee.Bludgeoning,1,1	SR:5+TL				MONSTERCLASS:Bio-Construct:3			RACETYPE:BioConstruct	HITDICEADVANCEMENT:5	CR:2			SOURCEPAGE:p.216	KIT:1|Ymandragoran Thrall (Lesser)
Ymandragoran Thrall									REACH:5	SIZE:M	MOVE:Walk,30	FACE:5	BONUS:COMBAT|AC|4|TYPE=NaturalArmor	BONUS:STAT|STR|8	BONUS:STAT|DEX|2	BONUS:STAT|CON|4	BONUS:STAT|INT|-2	BONUS:STAT|WIS|-2	BONUS:STAT|CHA|-4	ABILITY:Special Ability|AUTOMATIC|Flesh Weapons|Magic Disruption|Ymandragoran Thrall Paralysis|Bio-construct traits|Arcane Sight|Flesh Shield|Vulnerability to Chaos	NATURALATTACKS:Tentacle,Natural.Melee.Bludgeoning,1,1	SR:5+TL	DR:5/Chaotic	MONSTERCLASS:Bio-Construct:6			RACETYPE:BioConstruct	HITDICEADVANCEMENT:8	CR:4			SOURCEPAGE:p.216	KIT:1|Ymandragoran Thrall
Ymandragoran Thrall (Greater)	OUTPUTNAME:Ymandragoran Thrall, [NAME]	REACH:10	SIZE:L	MOVE:Walk,30	FACE:10	BONUS:COMBAT|AC|4|TYPE=NaturalArmor	BONUS:STAT|STR|16	BONUS:STAT|CON|10	BONUS:STAT|INT|-2	BONUS:STAT|WIS|-2	BONUS:STAT|CHA|-4				ABILITY:Special Ability|AUTOMATIC|Flesh Weapons|Magic Disruption|Ymandragoran Thrall Paralysis|Bio-construct traits|Arcane Sight|Flesh Shield|Vulnerability to Chaos	NATURALATTACKS:Tentacle,Natural.Melee.Bludgeoning,1,1	SR:5+TL	DR:10/Chaotic	MONSTERCLASS:Bio-Construct:9			RACETYPE:BioConstruct	HITDICEADVANCEMENT:12	CR:7			SOURCEPAGE:p.216	KIT:1|Ymandragoran Thrall (Greater)


###Block: Clockwork Construct
# Race Name							Size		Move			Face/Space	Vision					Combat bonus				Stat bonus															Ability										Natural Attacks							Damage Reduction	Main Race Type			Hit Dice Advancement		Source Page		Apply Kit
Animalistic Clockwork Construct	REACH:5	SIZE:M	MOVE:Walk,40	FACE:5	VISION:Darkvision(60')|Low-light	BONUS:COMBAT|AC|5|TYPE=NaturalArmor	BONUS:STAT|STR|4	BONUS:STAT|DEX|4	BONUS:STAT|INT|-8	BONUS:STAT|WIS|2	BONUS:STAT|CHA|-10	ABILITY:Special Ability|AUTOMATIC|Clockwork Construct traits	NATURALATTACKS:Bite,Weapon.Melee.Piercing,*1,1d6	DR:1/-		RACETYPE:Clockwork Construct	HITDICEADVANCEMENT:6,10,15	SOURCEPAGE:p.219	KIT:1|Clockwork Construct
Humanoid Clockwork Construct		REACH:5	SIZE:M	MOVE:Walk,30	FACE:5	VISION:Darkvision(60')|Low-light	BONUS:COMBAT|AC|5|TYPE=NaturalArmor	BONUS:STAT|STR|4	BONUS:STAT|DEX|4	BONUS:STAT|INT|-8	BONUS:STAT|WIS|2	BONUS:STAT|CHA|-10	ABILITY:Special Ability|AUTOMATIC|Clockwork Construct traits	NATURALATTACKS:Fist,Weapon.Melee.Piercing,*1,1d4	DR:1/-		RACETYPE:Clockwork Construct	HITDICEADVANCEMENT:6,10,15	SOURCEPAGE:p.220	KIT:1|Clockwork Construct


###Block: Constructs
# Race Name						Size		Move			Face/Space	Vision					Combat bonus					Stat bonus									Automatically Gained Feat	Ability																			Natural Attacks									Spell Res.	Damage Reduction	Monster Class Name and Starting Level	Main Race Type		Template			Hit Dice Advancement		Challenge Rating	Source Page		Apply Kit
Myrantian Assassin-Golem	REACH:5	SIZE:M	MOVE:Walk,50	FACE:5							BONUS:COMBAT|AC|5|TYPE=NaturalArmor		BONUS:STAT|STR|6	BONUS:STAT|DEX|14	BONUS:STAT|INT|8							ABILITY:Special Ability|AUTOMATIC|Death Attack|Sneak Attack|Camouflage|Evasion|Extendable Reach					NATURALATTACKS:Rapier-Arms,Weapon.Natural.Piercing,2,2d6				DR:5/Adamantine	MONSTERCLASS:Construct:10			RACETYPE:Construct		HITDICEADVANCEMENT:20		CR:7			SOURCEPAGE:p.222	KIT:1|Myrantian Assassin-Golem
Sarishan Guardian			REACH:10	SIZE:L	MOVE:Walk,30	FACE:10	VISION:Darkvision(60')|Low-light	BONUS:COMBAT|AC|15|TYPE=NaturalArmor	BONUS:STAT|STR|12	BONUS:STAT|DEX|6	BONUS:STAT|CHA|-10	AUTO:FEAT|Combat Reflexes	ABILITY:Special Ability|AUTOMATIC|Block|Riposte|Knockback|Standstill|Construct Traits|Fast Healing 5|Guard|Stabilize	NATURALATTACKS:Slam,Weapon.Melee.Natural.Bludgeoning,*2,1d10	SR:TL+12				MONSTERCLASS:Construct (Mindless):13	RACETYPE:Construct		HITDICEADVANCEMENT:24,45	CR:8			SOURCEPAGE:p.222	KIT:1|Sarishan Guardian


###EOF
