# CVS $Revision$ $Author$ -- Thu Aug 28 12:56:05 2008 -- reformated by prettylst.pl v1.38 (build 7233)
SOURCELONG:Curse of the Crimson Throne - Chapter 3: Escape From Old Korvosa	SOURCESHORT:CotCT:EfOK	SOURCEWEB:http://paizo.com/store/paizo/v5748btpy82t5	SOURCEDATE:2008-05


STARTPACK:Achaekek (The Mantis God) Default	TYPE:DefaultMonster.Aberration	VISIBLE:QUALIFY	EQUIPBUY:0	PREMULT:1,[!PRERACE:1,%],[PRERACE:1,Achaekek (The Mantis God)]
ALIGN:LE
RACE:Achaekek (The Mantis God)	!PRERACE:1,%
NAME:Achaekek, The Mantis God
SKILL:Climb			RANK:37
SKILL:Hide			RANK:37
SKILL:Listen		RANK:37
SKILL:Move Silently	RANK:37
SKILL:Spot			RANK:37
SKILL:Tumble		RANK:37
ABILITY:CATEGORY=FEAT|Awesome Blow
ABILITY:CATEGORY=FEAT|Combat Reflexes
ABILITY:CATEGORY=FEAT|Hover
ABILITY:CATEGORY=FEAT|Improved Bull Rush
ABILITY:CATEGORY=FEAT|Improved Critical(Claw)
ABILITY:CATEGORY=FEAT|Improved Critical(Bite)
ABILITY:CATEGORY=FEAT|Improved Critical(Sting)
ABILITY:CATEGORY=FEAT|Improved Initiative
ABILITY:CATEGORY=FEAT|Iron Will
ABILITY:CATEGORY=FEAT|Multiattack
ABILITY:CATEGORY=FEAT|Power Attack
ABILITY:CATEGORY=FEAT|Wingover
STAT:STR=11|DEX=10|CON=10|INT=10|WIS=10|CHA=10


STARTPACK:Beatific One Default	TYPE:DefaultMonster.Outsider	VISIBLE:QUALIFY	EQUIPBUY:0	PREMULT:1,[!PRERACE:1,%],[PRERACE:1,Beatific One]
ALIGN:LE
RACE:Beatific One	!PRERACE:1,%
NAME:Beatific One
STAT:STR=10|DEX=10|CON=10|INT=10|WIS=10|CHA=11
SKILL:Appraise			RANK:14
SKILL:Balance			RANK:14
SKILL:Climb				RANK:14
SKILL:Concentration		RANK:14
SKILL:Escape Artist		RANK:14
SKILL:Hide				RANK:7
SKILL:Jump				RANK:2
SKILL:Knowledge (The Planes)	RANK:7
SKILL:Listen			RANK:7
SKILL:Move Silently		RANK:14
SKILL:Perform (Dance)		RANK:7
SKILL:Spot				RANK:14
SKILL:Tumble			RANK:14
ABILITY:CATEGORY=Monk Feat|Deflect Arrows
ABILITY:CATEGORY=Monk Feat|Improved Disarm
ABILITY:CATEGORY=Monk Feat|Improved Grapple
ABILITY:CATEGORY=FEAT|Dodge
ABILITY:CATEGORY=FEAT|Mobility
ABILITY:CATEGORY=FEAT|Snatch Arrows
ABILITY:CATEGORY=FEAT|Spring Attack
GEAR:Temple Sword		SIZE:PC	LOCATION:Primary Hand
GEAR:Spear			SIZE:PC	LOCATION:Equipped
GEAR:Kukri			SIZE:PC	LOCATION:Equipped
GEAR:Flurry of Blows			LOCATION:Equipped


STARTPACK:Rajput Ambari Default	TYPE:DefaultMonster.Undead	VISIBLE:QUALIFY	EQUIPBUY:0	PREMULT:1,[!PRERACE:1,%],[PRERACE:1,Rajput Ambari]
ALIGN:TN
RACE:Rajput Ambari	!PRERACE:1,%
NAME:Rajput Ambari
STAT:STR=10|DEX=11|CON=10|INT=10|WIS=10|CHA=11


STARTPACK:Rakshasa Maharajah Default	TYPE:DefaultMonster.Outsider	VISIBLE:QUALIFY	EQUIPBUY:0	PREMULT:1,[!PRERACE:1,%],[PRERACE:1,Rakshasa Maharajah]
ALIGN:LE
RACE:Rakshasa Maharajah	!PRERACE:1,%
NAME:Rakshasa Maharajah
STAT:STR=11|DEX=10|CON=10|INT=11|WIS=10|CHA=11
ABILITY:CATEGORY=FEAT|Combat Casting
ABILITY:CATEGORY=FEAT|Eschew Materials
ABILITY:CATEGORY=FEAT|Hover
ABILITY:CATEGORY=FEAT|Improved Initiative
ABILITY:CATEGORY=FEAT|Maximize Spell
ABILITY:CATEGORY=FEAT|Quicken Spell
ABILITY:CATEGORY=FEAT|Widen Spell
SKILL:Appraise					RANK:21
SKILL:Bluff						RANK:21
SKILL:Concentration				RANK:21
SKILL:Decipher Script				RANK:21
SKILL:Diplomacy					RANK:21
SKILL:Disguise					RANK:21
SKILL:Hide						RANK:21
SKILL:Intimidate					RANK:21
SKILL:Knowledge (Arcana)			RANK:21
SKILL:Knowledge (Nobility and Royalty)	RANK:21
SKILL:Listen					RANK:21
SKILL:Search					RANK:21
SKILL:Sense Motive				RANK:21
SKILL:Spellcraft					RANK:21
SKILL:Spot						RANK:21
SPELLS:SPELLBOOK=Known Spells|CLASS=Sorcerer|Arcane Mark|Daze|Detect Magic|Flare|Mage Hand|Message|Prestidigitation|Read Magic|Touch of Fatigue|Identify|Mage Armor|Magic Missile|Obscuring Mist|Ray of Enfeeblement|Darkness|Misdirection|Resist Energy|See Invisibility|Touch of Idiocy|Fireball|Slow|Vampiric Touch|Dimension Door|Invisibility (Greater)|Globe of Invulnerability (Lesser)|Solid Fog|Dominate Person|Seeming|Teleport|Flesh to Stone|Dispel Magic (Greater)|Bull's Strength (Mass)|Delayed Blast Fireball|Hold Person (Mass)
GEAR:Falchion	SIZE:PC	LOCATION:Primary Hand	EQMOD:PLUS3W


STARTPACK:Sikari Macaque Swarm Default	TYPE:DefaultMonster.Outsider	VISIBLE:QUALIFY	EQUIPBUY:0	PREMULT:1,[!PRERACE:1,%],[PRERACE:1,Sikari Macaque Swarm]
ALIGN:TN
RACE:Sikari Macaque Swarm	!PRERACE:1,%
NAME:Sikari Macaque Swarm
STAT:STR=11|DEX=11|CON=11|INT=11|WIS=10|CHA=11
ABILITY:CATEGORY=FEAT|Agile
ABILITY:CATEGORY=FEAT|Alertness
ABILITY:CATEGORY=FEAT|Lightning Reflexes
ABILITY:CATEGORY=FEAT|Weapon Finesse
SKILL:Escape Artist	RANK:4
SKILL:Listen		RANK:4
SKILL:Spot			RANK:5

#
# End
#
