# CVS $Revision$ $Author$ -- Tue Nov 20 23:03:42 2007 -- reformated by prettylst.pl v1.38 (build 4314)
SOURCELONG:Malhavoc Press - If Thoughts Could Kill	SOURCESHORT:ITCK	SOURCEWEB:http://www.montecook.com

STARTPACK:Duncharath Default	VISIBLE:QUALIFY	EQUIPBUY:0	PREMULT:1,[!PRERACE:1,%],[PRERACE:1,Duncharath]
RACE:Duncharath	!PRERACE:1,%
NAME:Duncharath
SKILL:Climb			RANK:5
SKILL:Hide			RANK:14
SKILL:Listen		RANK:10
SKILL:Move Silently	RANK:14
SKILL:Spot			RANK:10
SKILL:Swim			RANK:4
FEAT:Improved Initiative
FEAT:Inertial Armor
FEAT:Alertness
FEAT:Lightning Reflexes
STAT:STR=10|DEX=10|CHA=10|CON=10|INT=10|WIS=10

STARTPACK:Mind Grub Collective Default	VISIBLE:QUALIFY	EQUIPBUY:0	PREMULT:1,[!PRERACE:1,%],[PRERACE:1,Mind Grub Collective]
RACE:Mind Grub Collective	!PRERACE:1,%
NAME:Mind Grub Collective
SKILL:Bluff			RANK:8
SKILL:Concentration	RANK:6
SKILL:Diplomacy		RANK:2
SKILL:Disguise		RANK:7
SKILL:Intimidate		RANK:4
SKILL:Listen		RANK:6
SKILL:Move Silently	RANK:8
SKILL:Spot			RANK:8
SKILL:Sense Motive	RANK:8	FREE:YES
FEAT:Combat Manifestation
FEAT:Improved Initiative
FEAT:Weapon Finesse(Slam)
STAT:STR=10|DEX=10|CHA=11|CON=10|INT=11|WIS=11
