# CVS $Revision$ $Author$ -- Thu Oct  8 23:34:04 2009 -- reformated by prettylst.pl v1.39 (build 10232)
SOURCELONG:Dawnforge	SOURCESHORT:DF	SOURCEWEB:http://www.fantasyflightgames.com/dawnforge.html	SOURCEDATE:2003-10
# Original Entry by: Ratheof Blithwyn

###Block: Lowlander Stat Adjustments
# Feat Name		Type					Visible	Required Feat				Prohibited Feat					Stat bonus
# Ability Name	Category of Ability		Type					Visible		Required Ability									Restricted Ability									Stat bonus
Strength -2		CATEGORY:Special Ability	TYPE:LowlanderStatPenalty	VISIBLE:DISPLAY												!PREABILITY:1,CATEGORY=Special Ability,LowlanderStrengthIncrease		BONUS:STAT|STR|-2
Dexterity -2	CATEGORY:Special Ability	TYPE:LowlanderStatPenalty	VISIBLE:DISPLAY												!PREABILITY:1,CATEGORY=Special Ability,LowlanderDexterityIncrease		BONUS:STAT|DEX|-2
Constitution -2	CATEGORY:Special Ability	TYPE:LowlanderStatPenalty	VISIBLE:DISPLAY												!PREABILITY:1,CATEGORY=Special Ability,LowlanderConstitutionIncrease	BONUS:STAT|CON|-2
Intelligence -2	CATEGORY:Special Ability	TYPE:LowlanderStatPenalty	VISIBLE:DISPLAY												!PREABILITY:1,CATEGORY=Special Ability,LowlanderIntelligenceIncrease	BONUS:STAT|INT|-2
Wisdom -2		CATEGORY:Special Ability	TYPE:LowlanderStatPenalty	VISIBLE:DISPLAY												!PREABILITY:1,CATEGORY=Special Ability,LowlanderWisdomIncrease		BONUS:STAT|WIS|-2
Charisma -2		CATEGORY:Special Ability	TYPE:LowlanderStatPenalty	VISIBLE:DISPLAY												!PREABILITY:1,CATEGORY=Special Ability,LowlanderCharismaIncrease		BONUS:STAT|CHA|-2

Strength +2		CATEGORY:Special Ability	TYPE:LowlanderStatBonus		VISIBLE:DISPLAY	PREABILITY:1,CATEGORY=Special Ability,TYPE.LowlanderStatPenalty	!PREABILITY:1,CATEGORY=Special Ability,Strength -2				BONUS:STAT|STR|2
Dexterity +2	CATEGORY:Special Ability	TYPE:LowlanderStatBonus		VISIBLE:DISPLAY	PREABILITY:1,CATEGORY=Special Ability,TYPE.LowlanderStatPenalty	!PREABILITY:1,CATEGORY=Special Ability,Dexterity -2				BONUS:STAT|DEX|2
Constitution +2	CATEGORY:Special Ability	TYPE:LowlanderStatBonus		VISIBLE:DISPLAY	PREABILITY:1,CATEGORY=Special Ability,TYPE.LowlanderStatPenalty	!PREABILITY:1,CATEGORY=Special Ability,Constitution -2			BONUS:STAT|CON|2
Intelligence +2	CATEGORY:Special Ability	TYPE:LowlanderStatBonus		VISIBLE:DISPLAY	PREABILITY:1,CATEGORY=Special Ability,TYPE.LowlanderStatPenalty	!PREABILITY:1,CATEGORY=Special Ability,Intelligence -2			BONUS:STAT|INT|2
Wisdom +2		CATEGORY:Special Ability	TYPE:LowlanderStatBonus		VISIBLE:DISPLAY	PREABILITY:1,CATEGORY=Special Ability,TYPE.LowlanderStatPenalty	!PREABILITY:1,CATEGORY=Special Ability,Wisdom -2				BONUS:STAT|WIS|2
Charisma +2		CATEGORY:Special Ability	TYPE:LowlanderStatBonus		VISIBLE:DISPLAY	PREABILITY:1,CATEGORY=Special Ability,TYPE.LowlanderStatPenalty	!PREABILITY:1,CATEGORY=Special Ability,Charisma -2				BONUS:STAT|CHA|2

###Block: Resistance
# Feat Name		Type				Visible	Special ABility																	Define
# Ability Name	Category of Ability		Type				Visible		Special ABility																	Define
Fire Resistance	CATEGORY:Special Ability	TYPE:EnergyResistances	VISIBLE:DISPLAY	SAB:Fire Resistance (%)|FireResistance|PREVAREQ:FireImmunity,0	SAB:Immunity to Fire|PREVARGT:FireImmunity,0	DEFINE:FireImmunity|0	DEFINE:FireResistance|0

###Block:Disciple
# Ability Name			Category of Ability		Type					Visible		Required Class		Special ABility			Stackable?	Multiple?	Choose											Source Page
Disciple Innate Spell ~ 0	CATEGORY:Special Ability	TYPE:DiscipleInnateSpells	VISIBLE:DISPLAY	PRECLASS:1,Disciple=2	SAB:Innate Spell (%CHOICE)	STACK:NO	MULT:YES	CHOOSE:NUMCHOICES=1|SPELLS|CLASSLIST=Cleric[LEVELMAX=0;LEVELMIN=0][pcgen.rules.persistence.token.AbstractRestrictedSpellPrimitive$Restriction@1629287]	SOURCEPAGE:p.57
Disciple Innate Spell ~ 1	CATEGORY:Special Ability	TYPE:DiscipleInnateSpells	VISIBLE:DISPLAY	PRECLASS:1,Disciple=3	SAB:Innate Spell (%CHOICE)	STACK:NO	MULT:YES	CHOOSE:NUMCHOICES=1|SPELLS|CLASSLIST=Cleric[LEVELMAX=1;LEVELMIN=1][pcgen.rules.persistence.token.AbstractRestrictedSpellPrimitive$Restriction@101b2d4]	SOURCEPAGE:p.57
Disciple Innate Spell ~ 2	CATEGORY:Special Ability	TYPE:DiscipleInnateSpells	VISIBLE:DISPLAY	PRECLASS:1,Disciple=5	SAB:Innate Spell (%CHOICE)	STACK:NO	MULT:YES	CHOOSE:NUMCHOICES=1|SPELLS|CLASSLIST=Cleric[LEVELMAX=2;LEVELMIN=2][pcgen.rules.persistence.token.AbstractRestrictedSpellPrimitive$Restriction@1026a50]	SOURCEPAGE:p.57
Disciple Innate Spell ~ 3	CATEGORY:Special Ability	TYPE:DiscipleInnateSpells	VISIBLE:DISPLAY	PRECLASS:1,Disciple=7	SAB:Innate Spell (%CHOICE)	STACK:NO	MULT:YES	CHOOSE:NUMCHOICES=1|SPELLS|CLASSLIST=Cleric[LEVELMAX=3;LEVELMIN=3][pcgen.rules.persistence.token.AbstractRestrictedSpellPrimitive$Restriction@5b46b7]	SOURCEPAGE:p.57
Disciple Innate Spell ~ 4	CATEGORY:Special Ability	TYPE:DiscipleInnateSpells	VISIBLE:DISPLAY	PRECLASS:1,Disciple=9	SAB:Innate Spell (%CHOICE)	STACK:NO	MULT:YES	CHOOSE:NUMCHOICES=1|SPELLS|CLASSLIST=Cleric[LEVELMAX=4;LEVELMIN=4][pcgen.rules.persistence.token.AbstractRestrictedSpellPrimitive$Restriction@e5e5fb]	SOURCEPAGE:p.57
Disciple Innate Spell ~ 5	CATEGORY:Special Ability	TYPE:DiscipleInnateSpells	VISIBLE:DISPLAY	PRECLASS:1,Disciple=11	SAB:Innate Spell (%CHOICE)	STACK:NO	MULT:YES	CHOOSE:NUMCHOICES=1|SPELLS|CLASSLIST=Cleric[LEVELMAX=5;LEVELMIN=5][pcgen.rules.persistence.token.AbstractRestrictedSpellPrimitive$Restriction@1118d1c]	SOURCEPAGE:p.57
Disciple Innate Spell ~ 6	CATEGORY:Special Ability	TYPE:DiscipleInnateSpells	VISIBLE:DISPLAY	PRECLASS:1,Disciple=13	SAB:Innate Spell (%CHOICE)	STACK:NO	MULT:YES	CHOOSE:NUMCHOICES=1|SPELLS|CLASSLIST=Cleric[LEVELMAX=6;LEVELMIN=6][pcgen.rules.persistence.token.AbstractRestrictedSpellPrimitive$Restriction@1b6c519]	SOURCEPAGE:p.57
Disciple Innate Spell ~ 7	CATEGORY:Special Ability	TYPE:DiscipleInnateSpells	VISIBLE:DISPLAY	PRECLASS:1,Disciple=15	SAB:Innate Spell (%CHOICE)	STACK:NO	MULT:YES	CHOOSE:NUMCHOICES=1|SPELLS|CLASSLIST=Cleric[LEVELMAX=7;LEVELMIN=7][pcgen.rules.persistence.token.AbstractRestrictedSpellPrimitive$Restriction@7cbdb0]	SOURCEPAGE:p.57
Disciple Innate Spell ~ 8	CATEGORY:Special Ability	TYPE:DiscipleInnateSpells	VISIBLE:DISPLAY	PRECLASS:1,Disciple=17	SAB:Innate Spell (%CHOICE)	STACK:NO	MULT:YES	CHOOSE:NUMCHOICES=1|SPELLS|CLASSLIST=Cleric[LEVELMAX=8;LEVELMIN=8][pcgen.rules.persistence.token.AbstractRestrictedSpellPrimitive$Restriction@1826847]	SOURCEPAGE:p.57
Disciple Innate Spell ~ 9	CATEGORY:Special Ability	TYPE:DiscipleInnateSpells	VISIBLE:DISPLAY	PRECLASS:1,Disciple=19	SAB:Innate Spell (%CHOICE)	STACK:NO	MULT:YES	CHOOSE:NUMCHOICES=1|SPELLS|CLASSLIST=Cleric[LEVELMAX=9;LEVELMIN=9][pcgen.rules.persistence.token.AbstractRestrictedSpellPrimitive$Restriction@f4e8ee]	SOURCEPAGE:p.57

###Block:Shaman
# Feat Name		Type					Visible	Special ABility			Stackable?	Multiple?	Choose
# Ability Name	Category of Ability		Type					Visible		Special ABility			Stackable?	Multiple?	Choose
Elemental Form	CATEGORY:Special Ability	TYPE:ShamanElementalForm	VISIBLE:DISPLAY	SAB:Elemental Form (%CHOICE)	STACK:NO	MULT:YES	CHOOSE:STRING|Air|Earth|Fire|Water


###Block: Shapers Divine focuses
# Feat Name			Type				Visible	Special ABility																		Innate Spells																	Virtual Feat			Add							Combat bonus								Bonus to skill
# Ability Name		Category of Ability		Type				Visible		Special ABility																			Innate Spells																			Virtual Feat			Add 						Combat bonus									Bonus to skill
Divine Focus Alignment	CATEGORY:Special Ability	TYPE:ShaperDivineFocus	VISIBLE:DISPLAY	SAB:Alignment (Domains:Chaos, Good, Evil, Lawful)	SAB:Damage reduction 1/opposed alignment|PRECLASS:1,Shaper (DF)=10	SPELLS:Innate|TIMES=ATWILL|CASTERLEVEL=var("CL=Shaper")+var("BL=Shaper")|Undetectable Alignment,12+CHA
Divine Focus Defense	CATEGORY:Special Ability	TYPE:ShaperDivineFocus	VISIBLE:DISPLAY	SAB:Defense (Domains:Protection, Sun, Travel)																																														BONUS:COMBAT|AC|1	BONUS:COMBAT|AC|1|PRECLASS:1,Shaper (DF)=10
Divine Focus Elemental	CATEGORY:Special Ability	TYPE:ShaperDivineFocus	VISIBLE:DISPLAY	SAB:Elemental (Domains:Air, Earth, Fire, Water)	SAB:Elemental resistance 10
Divine Focus Nature	CATEGORY:Special Ability	TYPE:ShaperDivineFocus	VISIBLE:DISPLAY	SAB:Nature (Domains:Animal, Healing, Plant)	SAB:Animals and plants cannot attack you|PRECLASS:1,Shaper (DF)=10																																													BONUS:SKILL|Handle Animal,Heal,Survival|2
Divine Focus Power	CATEGORY:Special Ability	TYPE:ShaperDivineFocus	VISIBLE:DISPLAY	SAB:Power (Domains:Destruction, Strength, War)														SPELLS:Innate|TIMES=1|CASTERLEVEL=var("CL=Shaper (DF)")+var("BL=Shaper (DF)")|Harm,16+CHA|PRECLASS:1,Shaper (DF)=10							ADD:FEAT|Martial Weapon Proficiency
Divine Focus Shadow	CATEGORY:Special Ability	TYPE:ShaperDivineFocus	VISIBLE:DISPLAY	SAB:Shadow (Domains:Luck, Magic, Trickery)	SAB:You can choose to re-roll any dice roll once per day				SPELLS:Innate|TIMES=1|CASTERLEVEL=var("CL=Shaper (DF)")+var("BL=Shaper (DF)")|Spell Immunity,14+CHA|PRECLASS:1,Shaper (DF)=10
Divine Focus Vitality	CATEGORY:Special Ability	TYPE:ShaperDivineFocus	VISIBLE:DISPLAY	SAB:Vitality (Domains:Death, Life, Knowledge)														SPELLS:Innate|TIMES=1|CASTERLEVEL=var("CL=Shaper (DF)")+var("BL=Shaper (DF)")|Divine Power,14+CHA|PRECLASS:1,Shaper (DF)=10	VFEAT:Endurance|Toughness
#TODO: elemental resistance chooser

###Block: Shapers Specialties
# Feat Name			Type				Visible	Required Feat				Special ABility
# Ability Name		Category of Ability		Type				Visible		Required Ability									Special ABility
Specialty Chaos		CATEGORY:Special Ability	TYPE:ShaperSpecialty	VISIBLE:DISPLAY	PREABILITY:1,CATEGORY=Special Ability,Divine Focus Alignment	SAB:Specialty (Chaos)
Specialty Good		CATEGORY:Special Ability	TYPE:ShaperSpecialty	VISIBLE:DISPLAY	PREABILITY:1,CATEGORY=Special Ability,Divine Focus Alignment	SAB:Specialty (Good)
Specialty Evil		CATEGORY:Special Ability	TYPE:ShaperSpecialty	VISIBLE:DISPLAY	PREABILITY:1,CATEGORY=Special Ability,Divine Focus Alignment	SAB:Specialty (Evil)
Specialty Lawful		CATEGORY:Special Ability	TYPE:ShaperSpecialty	VISIBLE:DISPLAY	PREABILITY:1,CATEGORY=Special Ability,Divine Focus Alignment	SAB:Specialty (Lawful)
Specialty Protection	CATEGORY:Special Ability	TYPE:ShaperSpecialty	VISIBLE:DISPLAY	PREABILITY:1,CATEGORY=Special Ability,Divine Focus Defense		SAB:Specialty (Protection)
Specialty Sun		CATEGORY:Special Ability	TYPE:ShaperSpecialty	VISIBLE:DISPLAY	PREABILITY:1,CATEGORY=Special Ability,Divine Focus Defense		SAB:Specialty (Sun)
Specialty Travel		CATEGORY:Special Ability	TYPE:ShaperSpecialty	VISIBLE:DISPLAY	PREABILITY:1,CATEGORY=Special Ability,Divine Focus Defense		SAB:Specialty (Travel)
Specialty Air		CATEGORY:Special Ability	TYPE:ShaperSpecialty	VISIBLE:DISPLAY	PREABILITY:1,CATEGORY=Special Ability,Divine Focus Elemental	SAB:Specialty (Air)
Specialty Earth		CATEGORY:Special Ability	TYPE:ShaperSpecialty	VISIBLE:DISPLAY	PREABILITY:1,CATEGORY=Special Ability,Divine Focus Elemental	SAB:Specialty (Earth)
Specialty Fire		CATEGORY:Special Ability	TYPE:ShaperSpecialty	VISIBLE:DISPLAY	PREABILITY:1,CATEGORY=Special Ability,Divine Focus Elemental	SAB:Specialty (Fire)
Specialty Water		CATEGORY:Special Ability	TYPE:ShaperSpecialty	VISIBLE:DISPLAY	PREABILITY:1,CATEGORY=Special Ability,Divine Focus Elemental	SAB:Specialty (Water)
Specialty Animal		CATEGORY:Special Ability	TYPE:ShaperSpecialty	VISIBLE:DISPLAY	PREABILITY:1,CATEGORY=Special Ability,Divine Focus Nature		SAB:Specialty (Animal)
Specialty Healing		CATEGORY:Special Ability	TYPE:ShaperSpecialty	VISIBLE:DISPLAY	PREABILITY:1,CATEGORY=Special Ability,Divine Focus Nature		SAB:Specialty (Healing)
Specialty Plant		CATEGORY:Special Ability	TYPE:ShaperSpecialty	VISIBLE:DISPLAY	PREABILITY:1,CATEGORY=Special Ability,Divine Focus Nature		SAB:Specialty (Plant)
Specialty Destruction	CATEGORY:Special Ability	TYPE:ShaperSpecialty	VISIBLE:DISPLAY	PREABILITY:1,CATEGORY=Special Ability,Divine Focus Power		SAB:Specialty (Destruction)
Specialty Strength	CATEGORY:Special Ability	TYPE:ShaperSpecialty	VISIBLE:DISPLAY	PREABILITY:1,CATEGORY=Special Ability,Divine Focus Power		SAB:Specialty (Strength)
Specialty War		CATEGORY:Special Ability	TYPE:ShaperSpecialty	VISIBLE:DISPLAY	PREABILITY:1,CATEGORY=Special Ability,Divine Focus Power		SAB:Specialty (War)
Specialty Luck		CATEGORY:Special Ability	TYPE:ShaperSpecialty	VISIBLE:DISPLAY	PREABILITY:1,CATEGORY=Special Ability,Divine Focus Shadow		SAB:Specialty (Luck)
Specialty Magic		CATEGORY:Special Ability	TYPE:ShaperSpecialty	VISIBLE:DISPLAY	PREABILITY:1,CATEGORY=Special Ability,Divine Focus Shadow		SAB:Specialty (Magic)
Specialty Trickery	CATEGORY:Special Ability	TYPE:ShaperSpecialty	VISIBLE:DISPLAY	PREABILITY:1,CATEGORY=Special Ability,Divine Focus Shadow		SAB:Specialty (Trickery)
Specialty Death		CATEGORY:Special Ability	TYPE:ShaperSpecialty	VISIBLE:DISPLAY	PREABILITY:1,CATEGORY=Special Ability,Divine Focus Vitality		SAB:Specialty (Death)
Specialty Life		CATEGORY:Special Ability	TYPE:ShaperSpecialty	VISIBLE:DISPLAY	PREABILITY:1,CATEGORY=Special Ability,Divine Focus Vitality		SAB:Specialty (Life)
Specialty Knowledge	CATEGORY:Special Ability	TYPE:ShaperSpecialty	VISIBLE:DISPLAY	PREABILITY:1,CATEGORY=Special Ability,Divine Focus Vitality		SAB:Specialty (Knowledge)


###Block: Spirit Adepts Powers
# Feat Name		Type				Visible	Special ABility
# Ability Name	Category of Ability		Type				Visible		Special ABility
Improved Movement	CATEGORY:Special Ability	TYPE:SpiritAdeptPowers	VISIBLE:DISPLAY	SAB:Level 1 - (+5 to Climb, Jump or Swim checks)	SAB:Level 2 - (+15 to Climb and double speed, +15 to Jump and no max distance, +15 to Swim and double speed)|PRECLASS:1,Spirit Adept=6	SAB:Level 3 - (Dimension door, horizontal jump any distance, levitate)|PRECLASS:1,Spirit Adept=11
Smite Enemies	CATEGORY:Special Ability	TYPE:SpiritAdeptPowers	VISIBLE:DISPLAY	SAB:Level 1 - (One attack deals +2d6 points of damage as a full round action)	SAB:Level 2 - (One attack deals +2d6 points of damage as a normal action)|PRECLASS:1,Spirit Adept=6	SAB:Level 3 - (All attacks in one round deal +2d6 damage)|PRECLASS:1,Spirit Adept=11
Burst of Speed	CATEGORY:Special Ability	TYPE:SpiritAdeptPowers	VISIBLE:DISPLAY	SAB:Level 1 - (Burst of speed +20 ft. for one minute)	SAB:Level 2 - (Burst of speed +40 ft. for one minute)|PRECLASS:1,Spirit Adept=6	SAB:Level 3 - (Burst of speed +60 ft. for one minute)|PRECLASS:1,Spirit Adept=11
Evasive Action	CATEGORY:Special Ability	TYPE:SpiritAdeptPowers	VISIBLE:DISPLAY	SAB:Level 1 - (Evasive action, +2 AC, +4 vs. attacks of opportunity for one minute)	SAB:Level 2 - (Evasive action, +4 AC, no attacks of opportunity for one minute)|PRECLASS:1,Spirit Adept=6	SAB:Level 3 - (Evasive action, +4 AC, no attacks of opportunity, 20pct. miss chance for one minute)|PRECLASS:1,Spirit Adept=11
Piercing Strike	CATEGORY:Special Ability	TYPE:SpiritAdeptPowers	VISIBLE:DISPLAY	SAB:Level 1 - (Strike as a magic weapon for one minute)	SAB:Level 2 - (Strike as a weapon of your alignment for one minute)|PRECLASS:1,Spirit Adept=6	SAB:Level 3 - (Strike as an adamantine weapon for one minute)|PRECLASS:1,Spirit Adept=11
Purify Self		CATEGORY:Special Ability	TYPE:SpiritAdeptPowers	VISIBLE:DISPLAY	SAB:Level 1 - (Slow poison or remove disease (self only))	SAB:Level 2 - (Neutralize poison or lesser restoration (self only))|PRECLASS:1,Spirit Adept=6	SAB:Level 3 - (Restoration or remove curse (self only))|PRECLASS:1,Spirit Adept=11
Heightened Senses	CATEGORY:Special Ability	TYPE:SpiritAdeptPowers	VISIBLE:DISPLAY	SAB:Level 1 - (+4 bonus to Listen and Spot for ten minutes	SAB:Level 2 - (+10 bonus to Listen and Spot for ten minutes)|PRECLASS:1,Spirit Adept=6	SAB:Level 3 - (+20 bonus to Listen and Spot for one hour)|PRECLASS:1,Spirit Adept=11
True Vision		CATEGORY:Special Ability	TYPE:SpiritAdeptPowers	VISIBLE:DISPLAY	SAB:Level 1 - (Sense Invisibility (reduces miss chance, can target within 15 feet))	SAB:Level 2 - (See invisibility for ten minutes)|PRECLASS:1,Spirit Adept=6	SAB:Level 3 - (True seeing for ten minutes)|PRECLASS:1,Spirit Adept=11
Spirit Warrior	CATEGORY:Special Ability	TYPE:SpiritAdeptPowers	VISIBLE:DISPLAY	SAB:Level 1 - (Detect undead and outsiders (those with no connection to the Spirit))	SAB:Level 2 - (Ghost touch for one minute)|PRECLASS:1,Spirit Adept=6	SAB:Level 3 - (Melee attacks gain ghost touch and disruption ability for one minute)|PRECLASS:1,Spirit Adept=11
Extreme Focus	CATEGORY:Special Ability	TYPE:SpiritAdeptPowers	VISIBLE:DISPLAY	SAB:Level 1 - (Extreme Focus, +4 to skill used under pressure)	SAB:Level 2 - (Extreme Focus, +8 to skill used under pressure, and can Take 10)|PRECLASS:1,Spirit Adept=6	SAB:Level 3 - (Automatic 20 on skill check, +15 bonus, even under pressure)|PRECLASS:1,Spirit Adept=11


###Block: Doppelganger Alternate Forms
# Feat Name					Type				Visible	Var. Min. Value				Special ABility
#Alternate Form (Dwarf)			CATEGORY:Special Ability	TYPE:DoppelAltForm	VISIBLE:DISPLAY	PREVARGTEQ:AlternateFormChoices,1	SAB:Alternate Form (Dwarf)
#Alternate Form (Dawn Elf)		CATEGORY:Special Ability	TYPE:DoppelAltForm	VISIBLE:DISPLAY	PREVARGTEQ:AlternateFormChoices,1	SAB:Alternate Form (Dawn Elf)
#Alternate Form (Night Elf)		CATEGORY:Special Ability	TYPE:DoppelAltForm	VISIBLE:DISPLAY	PREVARGTEQ:AlternateFormChoices,1	SAB:Alternate Form (Night Elf)
#Alternate Form (Gnome)			CATEGORY:Special Ability	TYPE:DoppelAltForm	VISIBLE:DISPLAY	PREVARGTEQ:AlternateFormChoices,1	SAB:Alternate Form (Gnome)
#Alternate Form (Halfling)		CATEGORY:Special Ability	TYPE:DoppelAltForm	VISIBLE:DISPLAY	PREVARGTEQ:AlternateFormChoices,1	SAB:Alternate Form (Halfling)
#Alternate Form (Highlander Human)	CATEGORY:Special Ability	TYPE:DoppelAltForm	VISIBLE:DISPLAY	PREVARGTEQ:AlternateFormChoices,1	SAB:Alternate Form (Highlander Human)
#Alternate Form (Lowlander Human)	CATEGORY:Special Ability	TYPE:DoppelAltForm	VISIBLE:DISPLAY	PREVARGTEQ:AlternateFormChoices,1	SAB:Alternate Form (Lowlander Human)
#Alternate Form (Saltblood Human)	CATEGORY:Special Ability	TYPE:DoppelAltForm	VISIBLE:DISPLAY	PREVARGTEQ:AlternateFormChoices,1	SAB:Alternate Form (Saltblood Human)
#Alternate Form (Trueborn Human)	CATEGORY:Special Ability	TYPE:DoppelAltForm	VISIBLE:DISPLAY	PREVARGTEQ:AlternateFormChoices,1	SAB:Alternate Form (Trueborn Human)
#Alternate Form (Lizardfolk)		CATEGORY:Special Ability	TYPE:DoppelAltForm	VISIBLE:DISPLAY	PREVARGTEQ:AlternateFormChoices,1	SAB:Alternate Form (Lizardfolk)
#Alternate Form (Minotaur)		CATEGORY:Special Ability	TYPE:DoppelAltForm	VISIBLE:DISPLAY	PREVARGTEQ:AlternateFormChoices,1	SAB:Alternate Form (Minotaur)
#Alternate Form (Ogre)			CATEGORY:Special Ability	TYPE:DoppelAltForm	VISIBLE:DISPLAY	PREVARGTEQ:AlternateFormChoices,1	SAB:Alternate Form (Ogre)
#Alternate Form (Orc)			CATEGORY:Special Ability	TYPE:DoppelAltForm	VISIBLE:DISPLAY	PREVARGTEQ:AlternateFormChoices,1	SAB:Alternate Form (Orc)
#Alternate Form (Tiefling)		CATEGORY:Special Ability	TYPE:DoppelAltForm	VISIBLE:DISPLAY	PREVARGTEQ:AlternateFormChoices,1	SAB:Alternate Form (Tiefling)
#Alternate Form (Thinblood Yuan-ti)	CATEGORY:Special Ability	TYPE:DoppelAltForm	VISIBLE:DISPLAY	PREVARGTEQ:AlternateFormChoices,1	SAB:Alternate Form (Thinblood Yuan-ti)
#

#
# EOF
#
