# CVS $Revision$ $Author$ -- Fri Jan 26 14:15:26 2007 -- reformated by prettylst.pl v1.36 (build 2045)
SOURCELONG:The Psychic's Handbook	SOURCESHORT:psychicshandbook	SOURCEWEB:http://www.greenronin.com

# Crystal modifiers
# Modifier Name		Output Name				Naming Option	Unique Key				Type			Cost							Visible		Source Page			Bonus to skill				Special Property															Choose
Amplifying			OUTPUTNAME:Amplifying		NAMEOPT:NO		KEY:CRYSTAL_AMP			TYPE:Crystal	COST:(200*%CHOICE*%CHOICE)			VISIBLE:QUALIFY	SOURCEPAGE:p.56		BONUS:SKILL|%CHOICE|TYPE=Amplifying	SPROP:adds (%CHOICE) ranks to given skill											CHOOSE:SKILL|TYPE=Psychic|MIN=1|MAX=20
Dampening			OUTPUTNAME:Dampening		NAMEOPT:NO		KEY:CRYSTAL_DAMP			TYPE:Crystal	COST:(200*%CHOICE*%CHOICE)			VISIBLE:QUALIFY	SOURCEPAGE:p.56								SPROP:dampens psychic powers, DC (10%CHOICE) to use									CHOOSE:MIN=1|MAX=20
Dimensional Anchor	OUTPUTNAME:Dimensional Anchor	NAMEOPT:NO		KEY:CRYSTAL_ANCHOR		TYPE:Crystal	COST:5000						VISIBLE:QUALIFY	SOURCEPAGE:p.57								SPROP:Any creature in contact with this crystal cannot be affected Psychoporation skills.
Lightening x10		OUTPUTNAME:Lightening x10	NAMEOPT:NO		KEY:CRYSTAL_L10			TYPE:Crystal	COST:1000						VISIBLE:QUALIFY	SOURCEPAGE:p.57								SPROP:This crystal reduces the effective weight of the object it is attached to by a factor of 10.
Lightening x100		OUTPUTNAME:Lightening x100	NAMEOPT:NO		KEY:CRYSTAL_L100			TYPE:Crystal	COST:4000						VISIBLE:QUALIFY	SOURCEPAGE:p.57								SPROP:This crystal reduces the effective weight of the object it is attached to by a factor of 100.
Lightening x1000		OUTPUTNAME:Lightening x1000	NAMEOPT:NO		KEY:CRYSTAL_L1000			TYPE:Crystal	COST:9000						VISIBLE:QUALIFY	SOURCEPAGE:p.57								SPROP:This crystal reduces the effective weight of the object it is attached to by a factor of 1000.
Memory			OUTPUTNAME:Memory			NAMEOPT:NO		KEY:CRYSTAL_MEMORY		TYPE:Crystal	COST:400						VISIBLE:QUALIFY	SOURCEPAGE:p.57								SPROP:This crystal stores information placed on it telepathically.
Mind Storing		OUTPUTNAME:Mind Storing		NAMEOPT:NO		KEY:CRYSTAL_MIND_STORING	TYPE:Crystal	COST:(200*%CHOICE*%CHOICE)			VISIBLE:QUALIFY	SOURCEPAGE:p.57								SPROP:provides receptacle for a creature's mind (%CHOICE)								CHOOSE:MIN=1|MAX=20
Power				OUTPUTNAME:Power			NAMEOPT:NO		KEY:CRYSTAL_PWR			TYPE:Crystal	COST:(10000*%CHOICE*%CHOICE)			VISIBLE:QUALIFY	SOURCEPAGE:p.57								SPROP:reduces strain per round by %CHOICE											CHOOSE:MIN=1|MAX=20
Power/Restricted		OUTPUTNAME:Power/Restricted	NAMEOPT:NO		KEY:CRYSTAL_PWR_RES		TYPE:Crystal	COST:(5000*%CHOICE*%CHOICE)			VISIBLE:QUALIFY	SOURCEPAGE:p.57								SPROP:reduces strain for specific skill per round by %CHOICE							CHOOSE:SKILL|TYPE=Psychic|MIN=1|MAX=20
Psychic Beacon		OUTPUTNAME:Psychic Beacon	NAMEOPT:NO		KEY:CRYSTAL_BEACON		TYPE:Crystal	COST:1000						VISIBLE:QUALIFY	SOURCEPAGE:p.57								SPROP:Any creature in contact with this crystal is considered immediately familiar to the owner.
Recovery			OUTPUTNAME:Recovery Crystal	NAMEOPT:NO		KEY:CRYSTAL_RECOVERY		TYPE:Crystal	COST:4000						VISIBLE:QUALIFY	SOURCEPAGE:p.57								SPROP:This crystal allows a psychic to recover from psychic strain at twice the normal rate.
Scrying			OUTPUTNAME:Scrying		NAMEOPT:NO		KEY:CRYSTAL_SCRYING		TYPE:Crystal	COST:(2000*%CHOICE*%CHOICE)			VISIBLE:QUALIFY	SOURCEPAGE:p.58								SPROP:adds (%CHOICE) to Clairvoyance skills, requires full-round or longer					CHOOSE:MIN=1|MAX=20
Sensing			OUTPUTNAME:Sensing		NAMEOPT:NO		KEY:CRYSTAL_SENSING		TYPE:Crystal	COST:(200*%CHOICE*%CHOICE)			VISIBLE:QUALIFY	SOURCEPAGE:p.58								SPROP:senses psychic powers with power of rank %CHOICE								CHOOSE:MIN=1|MAX=20
Shielding			OUTPUTNAME:Shielding		NAMEOPT:NO		KEY:CRYSTAL_SHIELDING		TYPE:Crystal	COST:(200*%CHOICE*%CHOICE)			VISIBLE:QUALIFY	SOURCEPAGE:p.58								SPROP:creates psychic shield of rank %CHOICE										CHOOSE:MIN=1|MAX=20
Storage			OUTPUTNAME:Storage		NAMEOPT:NO		KEY:CRYSTAL_STORAGE		TYPE:Crystal	COST:(500*%CHOICE)				VISIBLE:QUALIFY	SOURCEPAGE:p.58								SPROP:stores points of psychic energy %CHOICE										CHOOSE:MIN=1|MAX=20
Storage/Restricted	OUTPUTNAME:Storage/Restricted	NAMEOPT:NO		KEY:CRYSTAL_STORAGE_RES		TYPE:Crystal	COST:(250*%CHOICE)				VISIBLE:QUALIFY	SOURCEPAGE:p.58								SPROP:stores points of psychic energy for a specific talent %CHOICE						CHOOSE:FEAT|TYPE=Psychic Talent|MIN=1|MAX=20

# Elixir modifiers
# Modifier Name		Output Name				Naming Option	Unique Key				Type			Cost							Visible		Source Page			Bonus to skill				Special Property															Choose
Skill Ranks			OUTPUTNAME:Skill Ranks		NAMEOPT:NO		KEY:ELIXIR_RANKS			TYPE:ElixirRanks	COST:(BASECOST*%CHOICE*%CHOICE)-BASECOST	VISIBLE:QUALIFY	SOURCEPAGE:pp.56-58							SPROP:Skill Ranks (%CHOICE)													CHOOSE:MIN=1|MAX=20

