# CVS $Revision$ $Author$ -- Fri Nov 23 01:10:13 2007 -- reformated by prettylst.pl v1.38 (build 2788)
SOURCELONG:Path of Magic	SOURCESHORT:Magic	SOURCEWEB:http://www.fantasyflightgames.com/llpom.html
# Original Entry by: Ratheof Blithwyn

#
# Arcane Schools
#

# Template Name									Visible		Source Page		Required Class				Required Feat				Required Gender	Required Language		Required Skill												Req. Spell Type		Required Stat	Required Template											Required Text	Var. Min. Value			Bonus to skill							Bonus to spell known/L				Removable?		Innate Spells			SAB
Stormweaver - Lesson 1								VISIBLE:DISPLAY	SOURCEPAGE:p.102																																																																														REMOVABLE:NO						SAB:The Study of Weather
Stormweaver - Lesson 2								VISIBLE:DISPLAY	SOURCEPAGE:p.102																																									PRETEMPLATE:Stormweaver - Lesson 1																																REMOVABLE:NO						SAB:Trick Knee
Stormweaver - Lesson 3								VISIBLE:DISPLAY	SOURCEPAGE:p.102																																									PRETEMPLATE:Stormweaver - Lesson 2																																REMOVABLE:NO						SAB:Rain Dance
Stormweaver - Lesson 4								VISIBLE:DISPLAY	SOURCEPAGE:p.102																																									PRETEMPLATE:Stormweaver - Lesson 3																																REMOVABLE:NO						SAB:Adjust the Flow
Stormweaver - Lesson 5								VISIBLE:DISPLAY	SOURCEPAGE:p.102																																									PRETEMPLATE:Stormweaver - Lesson 4																																REMOVABLE:NO						SAB:Move Weather
Stormweaver - Lesson 6								VISIBLE:DISPLAY	SOURCEPAGE:p.102																																									PRETEMPLATE:Stormweaver - Lesson 5																																REMOVABLE:NO						SAB:Storm Friend
Stormweaver - Lesson 7								VISIBLE:DISPLAY	SOURCEPAGE:p.102																																									PRETEMPLATE:Stormweaver - Lesson 6																																REMOVABLE:NO						SAB:Lightning Rod
Stormweaver - Lesson 8								VISIBLE:DISPLAY	SOURCEPAGE:p.102																																									PRETEMPLATE:Stormweaver - Lesson 7																																REMOVABLE:NO						SAB:Fists of Rain
Stormweaver - Lesson 9								VISIBLE:DISPLAY	SOURCEPAGE:p.102																																									PRETEMPLATE:Stormweaver - Lesson 8																																REMOVABLE:NO						SAB:Breath of the Stormgod
Stormweaver - Lesson 10								VISIBLE:DISPLAY	SOURCEPAGE:p.102																																									PRETEMPLATE:Stormweaver - Lesson 9																																REMOVABLE:NO						SAB:Greater Storm Friend

Arcane Marauder - Lesson 1							VISIBLE:DISPLAY	SOURCEPAGE:p.105																																																																														REMOVABLE:NO						SAB:Sea Legs
Arcane Marauder - Lesson 2							VISIBLE:DISPLAY	SOURCEPAGE:p.105																																									PRETEMPLATE:Arcane Marauder - Lesson 1																															REMOVABLE:NO						SAB:Spell Understanding
Arcane Marauder - Lesson 3							VISIBLE:DISPLAY	SOURCEPAGE:p.105																																									PRETEMPLATE:Arcane Marauder - Lesson 2																															REMOVABLE:NO						SAB:Concentration Taunt
Arcane Marauder - Lesson 4							VISIBLE:DISPLAY	SOURCEPAGE:p.105																																									PRETEMPLATE:Arcane Marauder - Lesson 3																															REMOVABLE:NO						SAB:Cheap Shot
Arcane Marauder - Lesson 5							VISIBLE:DISPLAY	SOURCEPAGE:p.105																																									PRETEMPLATE:Arcane Marauder - Lesson 4																															REMOVABLE:NO						SAB:Shifty Target
Arcane Marauder - Lesson 6							VISIBLE:DISPLAY	SOURCEPAGE:p.105																																									PRETEMPLATE:Arcane Marauder - Lesson 5																															REMOVABLE:NO						SAB:Mindbreaker
Arcane Marauder - Lesson 7							VISIBLE:DISPLAY	SOURCEPAGE:p.105																																									PRETEMPLATE:Arcane Marauder - Lesson 6																															REMOVABLE:NO						SAB:Arcane Plunder
Arcane Marauder - Lesson 8							VISIBLE:DISPLAY	SOURCEPAGE:p.105																																									PRETEMPLATE:Arcane Marauder - Lesson 7																															REMOVABLE:NO						SAB:The Wizard Killers
Arcane Marauder - Lesson 9							VISIBLE:DISPLAY	SOURCEPAGE:p.105																																									PRETEMPLATE:Arcane Marauder - Lesson 8																															REMOVABLE:NO						SAB:Counter Spell
Arcane Marauder - Lesson 10							VISIBLE:DISPLAY	SOURCEPAGE:p.105																																									PRETEMPLATE:Arcane Marauder - Lesson 9																															REMOVABLE:NO						SAB:Mind Blast

Galvanar Spellmaster - Lesson 1						VISIBLE:DISPLAY	SOURCEPAGE:p.108																																																														BONUS:SKILL|Spellcraft|1|TYPE=Circumstance									REMOVABLE:NO						SAB:Basic Studies
Galvanar Spellmaster - Lesson 2						VISIBLE:DISPLAY	SOURCEPAGE:p.108																																									PRETEMPLATE:Galvanar Spellmaster - Lesson 1																														REMOVABLE:NO						SAB:Foreign Languages
Galvanar Spellmaster - Lesson 3						VISIBLE:DISPLAY	SOURCEPAGE:p.108																																									PRETEMPLATE:Galvanar Spellmaster - Lesson 2														BONUS:SKILL|Knowledge (Arcana)|1|TYPE=Circumstance								REMOVABLE:NO						SAB:Intermediate Studies
Galvanar Spellmaster - Lesson 4						VISIBLE:DISPLAY	SOURCEPAGE:p.108																																									PRETEMPLATE:Galvanar Spellmaster - Lesson 3																														REMOVABLE:NO						SAB:The Mechanics of Magic
Galvanar Spellmaster - Lesson 5						VISIBLE:DISPLAY	SOURCEPAGE:p.108																																									PRETEMPLATE:Galvanar Spellmaster - Lesson 4																														REMOVABLE:NO						SAB:Defensive Spell Combat
Galvanar Spellmaster - Lesson 6						VISIBLE:DISPLAY	SOURCEPAGE:p.108																																									PRETEMPLATE:Galvanar Spellmaster - Lesson 5														BONUS:SKILL|STAT.INT|1													REMOVABLE:NO						SAB:Advanced Studies
Galvanar Spellmaster - Lesson 7						VISIBLE:DISPLAY	SOURCEPAGE:p.108																																									PRETEMPLATE:Galvanar Spellmaster - Lesson 6																														REMOVABLE:NO						SAB:Spell Wringing
Galvanar Spellmaster - Lesson 8						VISIBLE:DISPLAY	SOURCEPAGE:p.108																																									PRETEMPLATE:Galvanar Spellmaster - Lesson 7																														REMOVABLE:NO						SAB:Metamagic Mastery
Galvanar Spellmaster - Lesson 9						VISIBLE:DISPLAY	SOURCEPAGE:p.108																																									PRETEMPLATE:Galvanar Spellmaster - Lesson 8																														REMOVABLE:NO						SAB:Expert Spell Knowledge
Galvanar Spellmaster - Lesson 10						VISIBLE:DISPLAY	SOURCEPAGE:p.108																																									PRETEMPLATE:Galvanar Spellmaster - Lesson 9																														REMOVABLE:NO						SAB:Spellcasting Mastery
#lesson 9,10 bonuseszzzz

Telwar Pyros - Lesson 1								VISIBLE:DISPLAY	SOURCEPAGE:p.110																																																																														REMOVABLE:NO						SAB:Alchemy Instructional
Telwar Pyros - Lesson 2								VISIBLE:DISPLAY	SOURCEPAGE:p.110																																									PRETEMPLATE:Telwar Pyros - Lesson 1																																REMOVABLE:NO						SAB:The Red Thumb
Telwar Pyros - Lesson 3								VISIBLE:DISPLAY	SOURCEPAGE:p.110																																									PRETEMPLATE:Telwar Pyros - Lesson 2																																REMOVABLE:NO						SAB:Little Snappers
Telwar Pyros - Lesson 4								VISIBLE:DISPLAY	SOURCEPAGE:p.110																																									PRETEMPLATE:Telwar Pyros - Lesson 3																																REMOVABLE:NO						SAB:Sparks
Telwar Pyros - Lesson 5								VISIBLE:DISPLAY	SOURCEPAGE:p.110																																									PRETEMPLATE:Telwar Pyros - Lesson 4																																REMOVABLE:NO						SAB:Firewalker
Telwar Pyros - Lesson 6								VISIBLE:DISPLAY	SOURCEPAGE:p.110																																									PRETEMPLATE:Telwar Pyros - Lesson 5																																REMOVABLE:NO						SAB:Burning Poker
Telwar Pyros - Lesson 7								VISIBLE:DISPLAY	SOURCEPAGE:p.110																																									PRETEMPLATE:Telwar Pyros - Lesson 6																																REMOVABLE:NO						SAB:The Kiss of Fire
Telwar Pyros - Lesson 8								VISIBLE:DISPLAY	SOURCEPAGE:p.110																																									PRETEMPLATE:Telwar Pyros - Lesson 7																																REMOVABLE:NO						SAB:Flaming Fist
Telwar Pyros - Lesson 9								VISIBLE:DISPLAY	SOURCEPAGE:p.110																																									PRETEMPLATE:Telwar Pyros - Lesson 8																																REMOVABLE:NO						SAB:Big Bangers
Telwar Pyros - Lesson 10							VISIBLE:DISPLAY	SOURCEPAGE:p.110																																									PRETEMPLATE:Telwar Pyros - Lesson 9																																REMOVABLE:NO						SAB:Cloak of Fire
#lesson 10: fire resistance 10zzz

Celestial Chorus - Lesson 1							VISIBLE:DISPLAY	SOURCEPAGE:p.112																																																														BONUS:SKILL|Perform (Sing)|1												REMOVABLE:NO						SAB:Songs of the Ages
Celestial Chorus - Lesson 2							VISIBLE:DISPLAY	SOURCEPAGE:p.112																																									PRETEMPLATE:Celestial Chorus - Lesson 1																															REMOVABLE:NO						SAB:Hymn of Courage
Celestial Chorus - Lesson 3							VISIBLE:DISPLAY	SOURCEPAGE:p.112																																									PRETEMPLATE:Celestial Chorus - Lesson 2																															REMOVABLE:NO						SAB:The Water Song
Celestial Chorus - Lesson 4							VISIBLE:DISPLAY	SOURCEPAGE:p.112																																									PRETEMPLATE:Celestial Chorus - Lesson 3																															REMOVABLE:NO						SAB:Soothing Lullaby
Celestial Chorus - Lesson 5							VISIBLE:DISPLAY	SOURCEPAGE:p.112																																									PRETEMPLATE:Celestial Chorus - Lesson 4																															REMOVABLE:NO						SAB:Torturous Melody
Celestial Chorus - Lesson 6							VISIBLE:DISPLAY	SOURCEPAGE:p.112																																									PRETEMPLATE:Celestial Chorus - Lesson 5																															REMOVABLE:NO						SAB:Tune of the Piper
Celestial Chorus - Lesson 7							VISIBLE:DISPLAY	SOURCEPAGE:p.112																																									PRETEMPLATE:Celestial Chorus - Lesson 6																															REMOVABLE:NO						SAB:The Solo of Lenoire
Celestial Chorus - Lesson 8							VISIBLE:DISPLAY	SOURCEPAGE:p.112																																									PRETEMPLATE:Celestial Chorus - Lesson 7																															REMOVABLE:NO						SAB:The Sorcerer's Sonata
Celestial Chorus - Lesson 9							VISIBLE:DISPLAY	SOURCEPAGE:p.112																																									PRETEMPLATE:Celestial Chorus - Lesson 8																															REMOVABLE:NO						SAB:Scroll of Gandral
Celestial Chorus - Lesson 10							VISIBLE:DISPLAY	SOURCEPAGE:p.112																																									PRETEMPLATE:Celestial Chorus - Lesson 9																															REMOVABLE:NO						SAB:Scroll of Sulis

Snakebrine School - Lesson 1							VISIBLE:DISPLAY	SOURCEPAGE:p.115																																																														BONUS:SKILL|Knowledge (Nature)|2											REMOVABLE:NO						SAB:Herbs and Toads
Snakebrine School - Lesson 2							VISIBLE:DISPLAY	SOURCEPAGE:p.115																																									PRETEMPLATE:Snakebrine School - Lesson 1																															REMOVABLE:NO						SAB:Bats, Cats, and Owls
Snakebrine School - Lesson 3							VISIBLE:DISPLAY	SOURCEPAGE:p.115																																									PRETEMPLATE:Snakebrine School - Lesson 2																															REMOVABLE:NO						SAB:Black Cauldron
Snakebrine School - Lesson 4							VISIBLE:DISPLAY	SOURCEPAGE:p.115																																									PRETEMPLATE:Snakebrine School - Lesson 3																															REMOVABLE:NO						SAB:Shadow Puppetry
Snakebrine School - Lesson 5							VISIBLE:DISPLAY	SOURCEPAGE:p.115																																									PRETEMPLATE:Snakebrine School - Lesson 4																															REMOVABLE:NO						SAB:Toil and Trouble
Snakebrine School - Lesson 6							VISIBLE:DISPLAY	SOURCEPAGE:p.115																																									PRETEMPLATE:Snakebrine School - Lesson 5																															REMOVABLE:NO						SAB:Imposing Presence
Snakebrine School - Lesson 7							VISIBLE:DISPLAY	SOURCEPAGE:p.115																																									PRETEMPLATE:Snakebrine School - Lesson 6																															REMOVABLE:NO						SAB:Dark Magic
Snakebrine School - Lesson 8							VISIBLE:DISPLAY	SOURCEPAGE:p.115																																									PRETEMPLATE:Snakebrine School - Lesson 7																															REMOVABLE:NO						SAB:Broomstick
Snakebrine School - Lesson 9							VISIBLE:DISPLAY	SOURCEPAGE:p.115																																									PRETEMPLATE:Snakebrine School - Lesson 8																															REMOVABLE:NO						SAB:Moon Magic
Snakebrine School - Lesson 10							VISIBLE:DISPLAY	SOURCEPAGE:p.115																																									PRETEMPLATE:Snakebrine School - Lesson 9																															REMOVABLE:NO						SAB:The Horror of Horrors

Carharte Timekeeper - Lesson 1						VISIBLE:DISPLAY	SOURCEPAGE:p.118																																																																														REMOVABLE:NO						SAB:Age Study
Carharte Timekeeper - Lesson 2						VISIBLE:DISPLAY	SOURCEPAGE:p.118																																									PRETEMPLATE:Carharte Timekeeper - Lesson 1																														REMOVABLE:NO						SAB:Internal Clock
Carharte Timekeeper - Lesson 3						VISIBLE:DISPLAY	SOURCEPAGE:p.118																																									PRETEMPLATE:Carharte Timekeeper - Lesson 2																														REMOVABLE:NO						SAB:Clock Construction
Carharte Timekeeper - Lesson 4						VISIBLE:DISPLAY	SOURCEPAGE:p.118																																									PRETEMPLATE:Carharte Timekeeper - Lesson 3																														REMOVABLE:NO	SPELLS:Innate|TIMES=3|Augury	SAB:Fortune Teller
Carharte Timekeeper - Lesson 5						VISIBLE:DISPLAY	SOURCEPAGE:p.118																																									PRETEMPLATE:Carharte Timekeeper - Lesson 4																														REMOVABLE:NO						SAB:Freeze Time
Carharte Timekeeper - Lesson 6						VISIBLE:DISPLAY	SOURCEPAGE:p.118																																									PRETEMPLATE:Carharte Timekeeper - Lesson 5																														REMOVABLE:NO						SAB:Wither
Carharte Timekeeper - Lesson 7						VISIBLE:DISPLAY	SOURCEPAGE:p.118																																									PRETEMPLATE:Carharte Timekeeper - Lesson 6																														REMOVABLE:NO						SAB:Time Stutter
Carharte Timekeeper - Lesson 8						VISIBLE:DISPLAY	SOURCEPAGE:p.118																																									PRETEMPLATE:Carharte Timekeeper - Lesson 7																														REMOVABLE:NO						SAB:Reinvigorate
Carharte Timekeeper - Lesson 9						VISIBLE:DISPLAY	SOURCEPAGE:p.118																																									PRETEMPLATE:Carharte Timekeeper - Lesson 8																														REMOVABLE:NO						SAB:The 10-Minute Leap
Carharte Timekeeper - Lesson 10						VISIBLE:DISPLAY	SOURCEPAGE:p.118																																									PRETEMPLATE:Carharte Timekeeper - Lesson 9																														REMOVABLE:NO						SAB:The Keys of Time


#
# Arcane Organizations
#

# Template Name									Visible		Source Page		Required Class				Required Feat				Required Gender	Required Language		Required Skill												Req. Spell Type		Required Stat	Required Template											Required Text	Var. Min. Value			Bonus to skill							Bonus to spell known/L				Removable?		Innate Spells			SAB
Bringers - Rank 1 - Apprentice						VISIBLE:YES		SOURCEPAGE:p.138	PRECLASS:1,Sorcerer=1																PRESKILL:1,Knowledge (Arcana)=3	PRESKILL:1,Sense Motive=1																								PRETEXT:See Text.																						REMOVABLE:YES
Bringers - Rank 2 - Finder							VISIBLE:YES		SOURCEPAGE:p.138																				PRESKILL:1,Knowledge (Arcana)=5	PRESKILL:1,Sense Motive=3											PRETEMPLATE:Bringers - Rank 1 - Apprentice																														REMOVABLE:YES
Bringers - Rank 3 - Bringer							VISIBLE:YES		SOURCEPAGE:p.138																				PRESKILL:1,Sense Motive=5														PRESTAT:1,CHA=14	PRETEMPLATE:Bringers - Rank 2 - Finder																															REMOVABLE:YES
Bringers - Rank 4 - Adept Bringer						VISIBLE:YES		SOURCEPAGE:p.138																				PRESKILL:1,Knowledge (Arcana)=7	PRESKILL:1,Sense Motive=7											PRETEMPLATE:Bringers - Rank 3 - Bringer																															REMOVABLE:YES
Bringers - Rank 5 - Master Bringer						VISIBLE:YES		SOURCEPAGE:p.138	PRECLASS:1,Sorcerer=7																PRESKILL:1,Sense Motive=7																	PRETEMPLATE:Bringers - Rank 4 - Adept Bringer																														REMOVABLE:YES

Guild of Alchemists - Rank 1 - Apprentice					VISIBLE:YES		SOURCEPAGE:p.139																				PRESKILL:1,Knowledge (Arcana)=1	PRESKILL:1,Alchemy=3																									PRETEXT:See Text.																						REMOVABLE:YES
Guild of Alchemists - Rank 2 - Journeyman					VISIBLE:YES		SOURCEPAGE:p.139																				PRESKILL:1,Knowledge (Arcana)=3	PRESKILL:1,Alchemy=5												PRETEMPLATE:Guild of Alchemists - Rank 1 - Apprentice																													REMOVABLE:YES
Guild of Alchemists - Rank 3 - Alchemist					VISIBLE:YES		SOURCEPAGE:p.139							PREFEAT:1,Brew Potion										PRESKILL:1,Knowledge (Arcana)=5	PRESKILL:1,Alchemy=7												PRETEMPLATE:Guild of Alchemists - Rank 2 - Journeyman																													REMOVABLE:YES
Guild of Alchemists - Rank 4 - Master Alchemist				VISIBLE:YES		SOURCEPAGE:p.139																				PRESKILL:1,Knowledge (Arcana)=7	PRESKILL:1,Alchemy=9												PRETEMPLATE:Guild of Alchemists - Rank 3 - Alchemist																													REMOVABLE:YES
Guild of Alchemists - Rank 5 - Philosopher				VISIBLE:YES		SOURCEPAGE:p.139																				PRESKILL:1,Knowledge (Arcana)=9	PRESKILL:1,Alchemy=11												PRETEMPLATE:Guild of Alchemists - Rank 4 - Master Alchemist																												REMOVABLE:YES

Royal Society of Singers and Storytellers - Rank 1 - Journeyman	VISIBLE:YES		SOURCEPAGE:p.140																				PRESKILL:1,Perform=3											PRESPELLTYPE:1,Arcane=0																	PRETEXT:See Text.																						REMOVABLE:YES
Royal Society of Singers and Storytellers - Rank 2 - Balladeer	VISIBLE:YES		SOURCEPAGE:p.140																				PRESKILL:1,Perform=5											PRESPELLTYPE:1,Arcane=1				PRETEMPLATE:Royal Society of Singers and Storytellers - Rank 1 - Journeyman																									REMOVABLE:YES
Royal Society of Singers and Storytellers - Rank 3 - Tale Singer	VISIBLE:YES		SOURCEPAGE:p.140																				PRESKILL:1,Perform=7																		PRETEMPLATE:Royal Society of Singers and Storytellers - Rank 2 - Balladeer				PREVARGTEQ:BardicMusic,1																	REMOVABLE:YES
Royal Society of Singers and Storytellers - Rank 4 - Weaver		VISIBLE:YES		SOURCEPAGE:p.140																				PRESKILL:1,Perform=9											PRESPELLTYPE:1,Arcane=2				PRETEMPLATE:Royal Society of Singers and Storytellers - Rank 3 - Tale Singer																									REMOVABLE:YES
Royal Society of Singers and Storytellers - Rank 5 - Maestro	VISIBLE:YES		SOURCEPAGE:p.140																				PRESKILL:1,Perform=11											PRESPELLTYPE:1,Arcane=3				PRETEMPLATE:Royal Society of Singers and Storytellers - Rank 4 - Weaver																										REMOVABLE:YES

Sanguine Society - Rank 1 - Blood Brother					VISIBLE:YES		SOURCEPAGE:p.141																PRELANG:1,Draconic																																																											REMOVABLE:YES
Sanguine Society - Rank 2 - Thaumaturge					VISIBLE:YES		SOURCEPAGE:p.141																				PRESKILL:1,Spellcraft=3																		PRETEMPLATE:Sanguine Society - Rank 1 - Blood Brother																													REMOVABLE:YES
Sanguine Society - Rank 3 - Numinist					VISIBLE:YES		SOURCEPAGE:p.141																				PRESKILL:1,Knowledge (Dragons)=3	PRESKILL:1,Spellcraft=5												PRETEMPLATE:Sanguine Society - Rank 2 - Thaumaturge																													REMOVABLE:YES
Sanguine Society - Rank 4 - Theurgist					VISIBLE:YES		SOURCEPAGE:p.141																				PRESKILL:1,Knowledge (Dragons)=5	PRESKILL:1,Spellcraft=7	PRESKILL:1,Intimidate=3								PRETEMPLATE:Sanguine Society - Rank 3 - Numinist																													REMOVABLE:YES
Sanguine Society - Rank 5 - Blood Lord					VISIBLE:YES		SOURCEPAGE:p.141																				PRESKILL:1,Knowledge (Dragons)=7	PRESKILL:1,Intimidate=5												PRETEMPLATE:Sanguine Society - Rank 4 - Theurgist																													REMOVABLE:YES
#Todo: prereq Ability to cast 1st-level sorcerer spellszzzzzzzz

Wayfarer - Rank 1 - Cousin							VISIBLE:YES		SOURCEPAGE:p.143																				PRESKILL:1,Bluff,Perform,Pick Pocket=3																												PRETEXT:See Text.																						REMOVABLE:YES
Wayfarer - Rank 2 - Sister							VISIBLE:YES		SOURCEPAGE:p.143													PREGENDER:F						PRESKILL:2,Bluff,Perform,Pick Pocket=3								PRESPELLTYPE:1,Arcane=1				PRETEMPLATE:Wayfarer - Rank 1 - Cousin																								BONUS:SPELLKNOWN|TYPE=Arcane;LEVEL=0|1	REMOVABLE:YES
Wayfarer - Rank 2 - Brother							VISIBLE:YES		SOURCEPAGE:p.143													PREGENDER:M						PRESKILL:2,Bluff,Perform,Pick Pocket=3								PRESPELLTYPE:1,Arcane=1				PRETEMPLATE:Wayfarer - Rank 1 - Cousin																								BONUS:SPELLKNOWN|TYPE=Arcane;LEVEL=0|1	REMOVABLE:YES
Wayfarer - Rank 3 - Aunt							VISIBLE:YES		SOURCEPAGE:p.143													PREGENDER:F						PRESKILL:3,Bluff,Perform,Pick Pocket=3															PRETEMPLATE:Wayfarer - Rank 2 - Sister															BONUS:SKILL|Bluff|1|TYPE=Competence											REMOVABLE:YES
Wayfarer - Rank 3 - Uncle							VISIBLE:YES		SOURCEPAGE:p.143													PREGENDER:M						PRESKILL:3,Bluff,Perform,Pick Pocket=3															PRETEMPLATE:Wayfarer - Rank 2 - Brother															BONUS:SKILL|Bluff|1|TYPE=Competence											REMOVABLE:YES
Wayfarer - Rank 4 - Mother							VISIBLE:YES		SOURCEPAGE:p.143													PREGENDER:F						PRESKILL:1,Perform=8											PRESPELLTYPE:1,Arcane=2				PRETEMPLATE:Wayfarer - Rank 3 - Aunt																								BONUS:SPELLKNOWN|TYPE=Arcane;LEVEL=1|1	REMOVABLE:YES
Wayfarer - Rank 4 - Father							VISIBLE:YES		SOURCEPAGE:p.143													PREGENDER:M						PRESKILL:1,Perform=8											PRESPELLTYPE:1,Arcane=2				PRETEMPLATE:Wayfarer - Rank 3 - Uncle																								BONUS:SPELLKNOWN|TYPE=Arcane;LEVEL=1|1	REMOVABLE:YES
Wayfarer - Rank 5 - Mistress							VISIBLE:YES		SOURCEPAGE:p.143													PREGENDER:F						PRESKILL:1,Perform=11	PRESKILL:2,Bluff,Pick Pocket=5												PRETEMPLATE:Wayfarer - Rank 4 - Mother															BONUS:SKILL|Bluff|2|TYPE=Competence											REMOVABLE:YES
Wayfarer - Rank 5 - Master							VISIBLE:YES		SOURCEPAGE:p.143													PREGENDER:M						PRESKILL:1,Perform=11	PRESKILL:2,Bluff,Pick Pocket=5												PRETEMPLATE:Wayfarer - Rank 4 - Father															BONUS:SKILL|Bluff|2|TYPE=Competence											REMOVABLE:YES
#bonus language Wayfarer's Cant

Wizards' Guild - Rank 1 - Apprentice					VISIBLE:YES		SOURCEPAGE:p.144	PRECLASS:1,SPELLCASTER.Arcane=3														PRESKILL:2,Knowledge (Arcana),Spellcraft=3																											PRETEXT:See Text.																						REMOVABLE:YES
Wizards' Guild - Rank 2 - Journeyman					VISIBLE:YES		SOURCEPAGE:p.144																				PRESKILL:2,Knowledge (Arcana),Spellcraft=5														PRETEMPLATE:Wizards' Guild - Rank 1 - Apprentice																													REMOVABLE:YES
Wizards' Guild - Rank 3 - Guild Wizard					VISIBLE:YES		SOURCEPAGE:p.144																				PRESKILL:2,Knowledge (Arcana),Spellcraft=7														PRETEMPLATE:Wizards' Guild - Rank 2 - Journeyman																													REMOVABLE:YES
Wizards' Guild - Rank 4 - Esteemed Wizard					VISIBLE:YES		SOURCEPAGE:p.144							PREFEAT:1,Spell Focus										PRESKILL:2,Knowledge (Arcana),Spellcraft=9														PRETEMPLATE:Wizards' Guild - Rank 3 - Guild Wizard																													REMOVABLE:YES
Wizards' Guild - Rank 5 - Peer						VISIBLE:YES		SOURCEPAGE:p.144							PREFEAT:2,CHECKMULT,Spell Focus																													PRETEMPLATE:Wizards' Guild - Rank 4 - Esteemed Wizard					PRETEXT:See Text.																						REMOVABLE:YES
