#  Fri Nov 16 19:52:40 2018 -- reformated by PCGen PrettyLST v6.08.00
SOURCELONG:Bestiary 5	SOURCESHORT:B5	SOURCEWEB:http://paizo.com/products/btpy9g9x	SOURCEDATE:2015-12


# ==============================
# RACE ABILITIES
# ==============================

# ------------------------------
# Android
# ------------------------------

###Block: Racial Traits
# Ability Name							Source Page
CATEGORY=Special Ability|Android ~ Ability Scores.MOD	SOURCEPAGE:p.19
CATEGORY=Special Ability|Android ~ Type.MOD		SOURCEPAGE:p.19
CATEGORY=Special Ability|Android ~ Size.MOD		SOURCEPAGE:p.19
CATEGORY=Special Ability|Android ~ Speed.MOD		SOURCEPAGE:p.19
CATEGORY=Special Ability|Android ~ Vision.MOD		SOURCEPAGE:p.19
CATEGORY=Special Ability|Android ~ Constructed.MOD	SOURCEPAGE:p.19
CATEGORY=Special Ability|Android ~ Emotionless.MOD	SOURCEPAGE:p.19
CATEGORY=Special Ability|Android ~ Nanite Surge.MOD	SOURCEPAGE:p.19
CATEGORY=Special Ability|Android ~ Languages.MOD	SOURCEPAGE:p.19

# ==============================
# Astomoi
# ==============================

###Block: Racial Abilities
# Ability Name						Category of Ability	Define						Ability
Racial Traits ~ Astomoi					CATEGORY:Internal
CATEGORY=Internal|Racial Traits ~ Astomoi.MOD					DEFINE:Astomoi_ReplaceAbilityScores|0	ABILITY:Astomoi Racial Trait|AUTOMATIC|Astomoi ~ Ability Scores|PREVAREQ:Astomoi_ReplaceAbilityScores,0
CATEGORY=Internal|Racial Traits ~ Astomoi.MOD					DEFINE:Astomoi_ReplaceSize|0			ABILITY:Astomoi Racial Trait|AUTOMATIC|Astomoi ~ Size|PREVAREQ:Astomoi_ReplaceSize,0
CATEGORY=Internal|Racial Traits ~ Astomoi.MOD					DEFINE:Astomoi_ReplaceSpeed|0			ABILITY:Astomoi Racial Trait|AUTOMATIC|Astomoi ~ Speed|PREVAREQ:Astomoi_ReplaceSpeed,0
CATEGORY=Internal|Racial Traits ~ Astomoi.MOD					DEFINE:Astomoi_ReplaceScent|0			ABILITY:Astomoi Racial Trait|AUTOMATIC|Astomoi ~ Scent|PREVAREQ:Astomoi_ReplaceScent,0
CATEGORY=Internal|Racial Traits ~ Astomoi.MOD					DEFINE:Astomoi_ReplaceMouthless|0		ABILITY:Astomoi Racial Trait|AUTOMATIC|Astomoi ~ Mouthless|PREVAREQ:Astomoi_ReplaceMouthless,0
CATEGORY=Internal|Racial Traits ~ Astomoi.MOD					DEFINE:Astomoi_ReplaceSensitiveBreath|0	ABILITY:Astomoi Racial Trait|AUTOMATIC|Astomoi ~ Sensitive Breath|PREVAREQ:Astomoi_ReplaceSensitiveBreath,0
CATEGORY=Internal|Racial Traits ~ Astomoi.MOD					DEFINE:Astomoi_ReplaceTelepathicSenses|0	ABILITY:Astomoi Racial Trait|AUTOMATIC|Astomoi ~ Telepathic Senses|PREVAREQ:Astomoi_ReplaceTelepathicSenses,0
CATEGORY=Internal|Racial Traits ~ Astomoi.MOD					DEFINE:Astomoi_ReplaceLanguages|0		ABILITY:Astomoi Racial Trait|AUTOMATIC|Astomoi ~ Languages|PREVAREQ:Astomoi_ReplaceLanguages,0

###Block: Racial Defaults
# Ability Name						Unique Key					Category of Ability		Type																		Description																																																																Template																																			Auto Language	Ability							Stat bonus										Modify VAR						Source Page		Aspects
+2 Intelligence, +2 Wisdom, -2 Constitution	KEY:Astomoi ~ Ability Scores		CATEGORY:Special Ability	TYPE:RacialTraits.SpecialQuality.Astomoi Racial Trait.Astomoi Racial Default.Racial Ability Scores		DESC:Astomoi ever pursue enlightenment through self-denial and are psychically attuned to their surroundings, but their delicate bodies are more susceptible to the physical dangers of the world.																																																																																BONUS:STAT|INT,WIS|2|TYPE=Racial	BONUS:STAT|CON|-2|TYPE=Racial								SOURCEPAGE:p.37
Medium							KEY:Astomoi ~ Size			CATEGORY:Special Ability	TYPE:RacialTraits.SpecialQuality.Astomoi Racial Trait.Astomoi Racial Default.Racial Size				DESC:Astomoi are Medium creatures and receive no bonuses or penalties due to their size.																																																																																																																				SOURCEPAGE:p.37
Normal Speed						KEY:Astomoi ~ Speed			CATEGORY:Special Ability	TYPE:RacialTraits.SpecialQuality.Astomoi Racial Trait.Astomoi Racial Default.Racial Speed				DESC:Astomoi have a base speed of 30 feet.																																																																																																																											SOURCEPAGE:p.37
Scent								KEY:Astomoi ~ Scent			CATEGORY:Special Ability	TYPE:RacialTraits.SpecialQuality.Astomoi Racial Trait.Astomoi Racial Default.Racial Senses			DESC:Astomoi have the scent special ability.																																																																																																	ABILITY:Special Ability|AUTOMATIC|Scent																				SOURCEPAGE:p.37
Mouthless							KEY:Astomoi ~ Mouthless			CATEGORY:Special Ability	TYPE:RacialTraits.SpecialQuality.Astomoi Racial Trait.Astomoi Racial Default.Extraordinary			DESC:Astomoi don't need to eat or drink to survive. Instead, they absorb the essence of food and drink; this consumes the nutrients of the meal as though it had been eaten, rendering the food useless to others. Astomoi consume potions and other ingested materials in the same fashion. Since they never actually ingest anything, they can't normally be exposed to ingested poisons.																																																																			SOURCEPAGE:p.37
Sensitive Breath						KEY:Astomoi ~ Sensitive Breath	CATEGORY:Special Ability	TYPE:RacialTraits.SpecialQuality.Astomoi Racial Trait.Astomoi Racial Default.Extraordinary.Weakness		DESC:Astomoi take a -2 penalty on saving throws against disease and inhaled poisons.																																																																																																																				SOURCEPAGE:p.37	ASPECT:SaveBonus|-2 on saves vs. disease and inhaled poisons.
Telepathic Senses						KEY:Astomoi ~ Telepathic Senses	CATEGORY:Special Ability	TYPE:RacialTraits.SpecialQuality.Astomoi Racial Trait.Astomoi Racial Default.Extraordinary.Racial Senses	DESC:Astomoi can't speak or see, but can mentally sense the area within 60 feet, as per darkvision, and can speak telepathically. An astomoi can't see anything beyond 60 feet. An astomoi must provide thought components for spells that normally require verbal components. It can use language-dependent abilities with its telepathy, but not abilities that depend on audible components.																																																											BONUS:VAR|DarkvisionRange|60|TYPE=Base	SOURCEPAGE:p.37
Languages							KEY:Astomoi ~ Languages			CATEGORY:Special Ability	TYPE:RacialTraits.SpecialQuality.Astomoi Racial Trait.Astomoi Racial Default.Racial Language			DESC:Astomoi begin play knowing Common, but as they have no mouths, they cannot speak. They have telepathy with a range of 100 feet. Astomoi with high Intelligence scores can choose any of the following languages: Abyssal, Aklo, Celestial, Elven, Gnome, Infernal, and Sylvan.																				TEMPLATE:Bonus Language ~ Abyssal|Bonus Language ~ Aklo|Bonus Language ~ Celestial|Bonus Language ~ Elven|Bonus Language ~ Gnome|Bonus Language ~ Infernal|Bonus Language ~ Sylvan	AUTO:LANG|Common	ABILITY:Special Ability|AUTOMATIC|Telepathy																			SOURCEPAGE:p.37

# ==============================
# Caligni
# ==============================
#No languages given, used Common and Dark Folk from example entry, adding "any but Druidic" as a default until rules clairify otherwise
###Block: Racial Abilities
# Ability Name						Category of Ability	Define						Ability
Racial Traits ~ Caligni					CATEGORY:Internal
CATEGORY=Internal|Racial Traits ~ Caligni.MOD					DEFINE:Caligni_ReplaceAbilityScores|0	ABILITY:Caligni Racial Trait|AUTOMATIC|Caligni ~ Ability Scores|PREVAREQ:Caligni_ReplaceAbilityScores,0
CATEGORY=Internal|Racial Traits ~ Caligni.MOD					DEFINE:Caligni_ReplaceSize|0			ABILITY:Caligni Racial Trait|AUTOMATIC|Caligni ~ Size|PREVAREQ:Caligni_ReplaceSize,0
CATEGORY=Internal|Racial Traits ~ Caligni.MOD					DEFINE:Caligni_ReplaceSpeed|0			ABILITY:Caligni Racial Trait|AUTOMATIC|Caligni ~ Speed|PREVAREQ:Caligni_ReplaceSpeed,0
CATEGORY=Internal|Racial Traits ~ Caligni.MOD					DEFINE:Caligni_ReplaceDeathThroes|0		ABILITY:Caligni Racial Trait|AUTOMATIC|Caligni ~ Death Throes|PREVAREQ:Caligni_ReplaceDeathThroes,0
CATEGORY=Internal|Racial Traits ~ Caligni.MOD					DEFINE:Caligni_ReplaceLightSensitivity|0	ABILITY:Caligni Racial Trait|AUTOMATIC|Caligni ~ Light Sensitivity|PREVAREQ:Caligni_ReplaceLightSensitivity,0
CATEGORY=Internal|Racial Traits ~ Caligni.MOD					DEFINE:Caligni_ReplaceSeeInDarkness|0	ABILITY:Caligni Racial Trait|AUTOMATIC|Caligni ~ See in Darkness|PREVAREQ:Caligni_ReplaceSeeInDarkness,0

###Block: Racial Defaults
# Ability Name						Unique Key					Category of Ability		Type																		Description																																																																Template					Auto Language			Stat bonus										Source Page
+2 Dexterity, +2 Constitution, -2 Intelligence	KEY:Caligni ~ Ability Scores		CATEGORY:Special Ability	TYPE:RacialTraits.SpecialQuality.Caligni Racial Trait.Caligni Racial Default.Racial Ability Scores		DESC:Caligni are quick and resilient, but generations of isolation and oppression have made them slow to accept new ideas.																																																								BONUS:STAT|DEX,CON|2|TYPE=Racial	BONUS:STAT|INT|-2|TYPE=Racial	SOURCEPAGE:p.66
Medium							KEY:Caligni ~ Size			CATEGORY:Special Ability	TYPE:RacialTraits.SpecialQuality.Caligni Racial Trait.Caligni Racial Default.Racial Size				DESC:Caligni are Medium creatures and receive no bonuses or penalties due to their size.																																																																									SOURCEPAGE:p.66
Normal Speed						KEY:Caligni ~ Speed			CATEGORY:Special Ability	TYPE:RacialTraits.SpecialQuality.Caligni Racial Trait.Caligni Racial Default.Racial Speed				DESC:Caligni have a base speed of 30 feet.																																																																																SOURCEPAGE:p.66
Death Throes						KEY:Caligni ~ Death Throes		CATEGORY:Special Ability	TYPE:RacialTraits.SpecialQuality.Caligni Racial Trait.Caligni Racial Default.Supernatural				DESC:When a caligni is slain, its body combusts in a flash of searing light. All creatures within a 5-foot burst must succeed at a Fortitude save (DC %1) or be dazzled for 1d4 rounds. The corpse left behind is a third of the caligni's size, withered and unrecognizable as the individual. Raise dead and similar spells cast upon these remains restore a caligni as normal.|10+TL/2+CON																							SOURCEPAGE:p.66
Light Sensitivity						KEY:Caligni ~ Light Sensitivity	CATEGORY:Special Ability	TYPE:RacialTraits.SpecialQuality.Caligni Racial Trait.Caligni Racial Default.LightSensitivity.Weakness	DESC:Caligni are dazzled in areas of bright light.																																																																															SOURCEPAGE:p.66
See in Darkness						KEY:Caligni ~ See in Darkness		CATEGORY:Special Ability	TYPE:RacialTraits.SpecialQuality.Caligni Racial Trait.Caligni Racial Default.Racial Senses			DESC:Caligni can see perfectly in darkness of any kind, including that created by deeper darkness.																																																																							SOURCEPAGE:p.66
Languages							KEY:Caligni ~ Languages			CATEGORY:Special Ability	TYPE:RacialTraits.SpecialQuality.Caligni Racial Trait.Caligni Racial Default.Racial Language			DESC:Caligni begin play speaking Common and Dark Flok																																																									TEMPLATE:Bonus Language ~ Any Spoken	AUTO:LANG|Common|Dark Folk												SOURCEPAGE:p.66

# ==============================
# Deep One Hybrid
# ==============================

###Block: Racial Abilities
# Ability Name							Category of Ability	Define							Ability
Racial Traits ~ Deep One Hybrid					CATEGORY:Internal
CATEGORY=Internal|Racial Traits ~ Deep One Hybrid.MOD					DEFINE:DeepOneHybrid_ReplaceAbilityScores|0	ABILITY:Deep One Hybrid Racial Trait|AUTOMATIC|Deep One Hybrid ~ Ability Scores|PREVAREQ:DeepOneHybrid_ReplaceAbilityScores,0
CATEGORY=Internal|Racial Traits ~ Deep One Hybrid.MOD					DEFINE:DeepOneHybrid_ReplaceSize|0			ABILITY:Deep One Hybrid Racial Trait|AUTOMATIC|Deep One Hybrid ~ Size|PREVAREQ:DeepOneHybrid_ReplaceSize,0
CATEGORY=Internal|Racial Traits ~ Deep One Hybrid.MOD					DEFINE:DeepOneHybrid_ReplaceSpeed|0			ABILITY:Deep One Hybrid Racial Trait|AUTOMATIC|Deep One Hybrid ~ Slow|PREVAREQ:DeepOneHybrid_ReplaceSpeed,0
CATEGORY=Internal|Racial Traits ~ Deep One Hybrid.MOD					DEFINE:DeepOneHybrid_ReplaceLowLightVision|0	ABILITY:Deep One Hybrid Racial Trait|AUTOMATIC|Deep One Hybrid ~ Low-Light Vision|PREVAREQ:DeepOneHybrid_ReplaceLowLightVision,0
CATEGORY=Internal|Racial Traits ~ Deep One Hybrid.MOD					DEFINE:DeepOneHybrid_ReplaceNaturalArmor|0	ABILITY:Deep One Hybrid Racial Trait|AUTOMATIC|Deep One Hybrid ~ Natural Armor|PREVAREQ:DeepOneHybrid_ReplaceNaturalArmor,0
CATEGORY=Internal|Racial Traits ~ Deep One Hybrid.MOD					DEFINE:DeepOneHybrid_ReplaceFinalChange|0		ABILITY:Deep One Hybrid Racial Trait|AUTOMATIC|Deep One Hybrid ~ Final Change|PREVAREQ:DeepOneHybrid_ReplaceFinalChange,0
CATEGORY=Internal|Racial Traits ~ Deep One Hybrid.MOD					DEFINE:DeepOneHybrid_ReplaceSeaLonging|0		ABILITY:Deep One Hybrid Racial Trait|AUTOMATIC|Deep One Hybrid ~ Sea Longing|PREVAREQ:DeepOneHybrid_ReplaceSeaLonging,0
CATEGORY=Internal|Racial Traits ~ Deep One Hybrid.MOD					DEFINE:DeepOneHybrid_ReplaceTakeToTheWater|0	ABILITY:Deep One Hybrid Racial Trait|AUTOMATIC|Deep One Hybrid ~ Take to the Water|PREVAREQ:DeepOneHybrid_ReplaceTakeToTheWater,0
CATEGORY=Internal|Racial Traits ~ Deep One Hybrid.MOD					DEFINE:DeepOneHybrid_ReplaceLanguages|0		ABILITY:Deep One Hybrid Racial Trait|AUTOMATIC|Deep One Hybrid ~ Languages|PREVAREQ:DeepOneHybrid_ReplaceLanguages,0

###Block: Racial Defaults
# Ability Name						Unique Key						Category of Ability		Type																				Description																																																																										Template																																																		Auto Language		Stat bonus										Modify VAR						Source Page
+2 Constitution, +2 Wisdom, -2  Dexterity	KEY:Deep One Hybrid ~ Ability Scores	CATEGORY:Special Ability	TYPE:RacialTraits.SpecialQuality.Deep One Hybrid Racial Trait.Deep One Hybrid Racial Default.Racial Ability Scores	DESC:Deep one hybrids are hearty and devout, but tend to be somewhat slow and awkward in their movements.																																																																																																																	BONUS:STAT|CON,WIS|2|TYPE=Racial	BONUS:STAT|DEX|-2|TYPE=Racial								SOURCEPAGE:p.70
Medium							KEY:Deep One Hybrid ~ Size			CATEGORY:Special Ability	TYPE:RacialTraits.SpecialQuality.Deep One Hybrid Racial Trait.Deep One Hybrid Racial Default.Racial Size			DESC:Deep one hybrids are Medium creatures and receive no bonuses or penalties due to their size.																																																																																																																																				SOURCEPAGE:p.70
Slow								KEY:Deep One Hybrid ~ Slow			CATEGORY:Special Ability	TYPE:RacialTraits.SpecialQuality.Deep One Hybrid Racial Trait.Deep One Hybrid Racial Default.Racial Speed			DESC:A deep one hybrid's base speed is 20 feet, as it walks with a shuffling gait.																																																																																																																																						SOURCEPAGE:p.70
Low-Light Vision						KEY:Deep One Hybrid ~ Low-Light Vision	CATEGORY:Special Ability	TYPE:RacialTraits.SpecialQuality.Deep One Hybrid Racial Trait.Deep One Hybrid Racial Default.Racial Senses			DESC:A deep one hybrid can see twice as far as a human in starlight, moonlight, torchlight, and similar conditions of dim light.																																																																																																																								BONUS:VAR|HasLowlightVision|1|TYPE=Base	SOURCEPAGE:p.70
Natural Armor						KEY:Deep One Hybrid ~ Natural Armor		CATEGORY:Special Ability	TYPE:RacialTraits.SpecialQuality.Deep One Hybrid Racial Trait.Deep One Hybrid Racial Default					DESC:A deep one hybrid's thick skin and dense fatty tissues grant it a +1 natural armor bonus to AC.																																																																																																																												BONUS:VAR|AC_Natural_Armor|1|TYPE=Base	SOURCEPAGE:p.70
Final Change						KEY:Deep One Hybrid ~ Final Change		CATEGORY:Special Ability	TYPE:RacialTraits.SpecialQuality.Deep One Hybrid Racial Trait.Deep One Hybrid Racial Default.Supernatural			DESC:A deep one hybrid ages at the same rate as a half-orc. A mere 1d12 months after a deep one hybrid reaches venerable age (at 60 years old), it dies a painful, agonizing death, only to have its body transform into that of a mature deep one. This transformation functions as the reincarnate spell, with the newly formed deep one gaining the following modifications to its physical ability scores: +6 Strength, -2 Dexterity, and +6 Constitution.																																																																										SOURCEPAGE:p.70
Sea Longing							KEY:Deep One Hybrid ~ Sea Longing		CATEGORY:Special Ability	TYPE:RacialTraits.SpecialQuality.Deep One Hybrid Racial Trait.Deep One Hybrid Racial Default.Extraordinary.Weakness	DESC:Every 24 hours a deep one hybrid spends in an area more than 10 miles from the sea, it must succeed at a DC 20 Will save or take 1 point of Wisdom drain.																																																																																																																										SOURCEPAGE:p.70
Take to the Water						KEY:Deep One Hybrid ~ Take to the Water	CATEGORY:Special Ability	TYPE:RacialTraits.SpecialQuality.Deep One Hybrid Racial Trait.Deep One Hybrid Racial Default.Extraordinary			DESC:A deep one hybrid can hold its breath 10 times longer than a human can, and gains a +2 bonus on Initiative checks and Reflex saving throws while swimming. A deep one hybrid has a swim speed of 30 feet, and gains a +8 racial bonus on all Swim checks.																																																																																																										SOURCEPAGE:p.70
Languages							KEY:Deep One Hybrid ~ Languages		CATEGORY:Special Ability	TYPE:RacialTraits.SpecialQuality.Deep One Hybrid Racial Trait.Deep One Hybrid Racial Default.Racial Language		DESC:Deep one hybrids begin play speaking Aklo and Common. Hybrids with high Intelligence scores can choose from the following languages: Abyssal, Aquan, Dwarven, Elven, Giant, Gnome, Goblin, Halfling, Orc, and Undercommon.																																						TEMPLATE:Bonus Language ~ Abyssal|Bonus Language ~ Aquan|Bonus Language ~ Dwarven|Bonus Language ~ Elven|Bonus Language ~ Giant|Bonus Language ~ Gnome|Bonus Language ~ Goblin|Bonus Language ~ Halfling|Bonus Language ~ Orc|Bonus Language ~ Undercommon	AUTO:LANG|Aklo|Common																			SOURCEPAGE:p.70


# ------------------------------
# Ghoran
# ------------------------------

###Block: Racial Traits
# Ability Name								Source Page
CATEGORY=Special Ability|Ghoran ~ Ability Scores.MOD		SOURCEPAGE:p.119
CATEGORY=Special Ability|Ghoran ~ Type.MOD			SOURCEPAGE:p.119
CATEGORY=Special Ability|Ghoran ~ Size.MOD			SOURCEPAGE:p.119
CATEGORY=Special Ability|Ghoran ~ Speed.MOD			SOURCEPAGE:p.119
CATEGORY=Special Ability|Ghoran ~ +2 Natural Armor.MOD	SOURCEPAGE:p.119
CATEGORY=Special Ability|Ghoran ~ Delicious.MOD			SOURCEPAGE:p.119
CATEGORY=Special Ability|Ghoran ~ Natural Magic.MOD		SOURCEPAGE:p.119
CATEGORY=Special Ability|Ghoran ~ Seed.MOD			SOURCEPAGE:p.119
CATEGORY=Special Ability|Ghoran ~ Light Dependent.MOD		SOURCEPAGE:p.119
CATEGORY=Special Ability|Ghoran ~ Past-Life Knowledge.MOD	SOURCEPAGE:p.119
CATEGORY=Special Ability|Ghoran ~ Languages.MOD			SOURCEPAGE:p.119


# ==============================
# Orang-Pendak
# ==============================

###Block: Racial Abilities
# Ability Name							Unique Key					Category of Ability		Type																			Define							Description																																					Template																																								Auto Language		Ability																				Bonus to Situation														Stat bonus										Modify VAR						Source Page
Racial Traits ~ Orang-Pendak											CATEGORY:Internal
CATEGORY=Internal|Racial Traits ~ Orang-Pendak.MOD																															DEFINE:OrangPendak_ReplaceAbilityScores|0																																																																																					ABILITY:Orang-Pendak Racial Trait|AUTOMATIC|Orang-Pendak ~ Ability Scores|PREVAREQ:OrangPendak_ReplaceAbilityScores,0
CATEGORY=Internal|Racial Traits ~ Orang-Pendak.MOD																															DEFINE:OrangPendak_ReplaceSize|0																																																																																						ABILITY:Orang-Pendak Racial Trait|AUTOMATIC|Orang-Pendak ~ Size|PREVAREQ:OrangPendak_ReplaceSize,0
CATEGORY=Internal|Racial Traits ~ Orang-Pendak.MOD																															DEFINE:OrangPendak_ReplaceSpeed|0																																																																																						ABILITY:Orang-Pendak Racial Trait|AUTOMATIC|Orang-Pendak ~ Speed|PREVAREQ:OrangPendak_ReplaceSpeed,0
CATEGORY=Internal|Racial Traits ~ Orang-Pendak.MOD																															DEFINE:OrangPendak_ReplaceForestWalker|0																																																																																					ABILITY:Orang-Pendak Racial Trait|AUTOMATIC|Orang-Pendak ~ Forest Walker|PREVAREQ:OrangPendak_ReplaceForestWalker,0
CATEGORY=Internal|Racial Traits ~ Orang-Pendak.MOD																															DEFINE:OrangPendak_ReplaceLowLightVision|0																																																																																				ABILITY:Orang-Pendak Racial Trait|AUTOMATIC|Orang-Pendak ~ Low-Light Vision|PREVAREQ:OrangPendak_ReplaceLowLightVision,0
CATEGORY=Internal|Racial Traits ~ Orang-Pendak.MOD																															DEFINE:OrangPendak_ReplaceOwnTwoFeet|0																																																																																					ABILITY:Orang-Pendak Racial Trait|AUTOMATIC|Orang-Pendak ~ Own Two Feet|PREVAREQ:OrangPendak_ReplaceOwnTwoFeet,0
CATEGORY=Internal|Racial Traits ~ Orang-Pendak.MOD																															DEFINE:OrangPendak_ReplaceSimianEmpathy|0																																																																																					ABILITY:Orang-Pendak Racial Trait|AUTOMATIC|Orang-Pendak ~ Simian Empathy|PREVAREQ:OrangPendak_ReplaceSimianEmpathy,0
CATEGORY=Internal|Racial Traits ~ Orang-Pendak.MOD																															DEFINE:OrangPendak_ReplaceTearApart|0																																																																																					ABILITY:Orang-Pendak Racial Trait|AUTOMATIC|Orang-Pendak ~ Tear Apart|PREVAREQ:OrangPendak_ReplaceTearApart,0
CATEGORY=Internal|Racial Traits ~ Orang-Pendak.MOD																															DEFINE:OrangPendak_ReplaceLanguages|0																																																																																					ABILITY:Orang-Pendak Racial Trait|AUTOMATIC|Orang-Pendak ~ Languages|PREVAREQ:OrangPendak_ReplaceLanguages,0

+2 Strength, +2 Wisdom, -2 Intelligence			KEY:Orang-Pendak ~ Ability Scores	CATEGORY:Special Ability	TYPE:RacialTraits.SpecialQuality.Orang-Pendak Racial Trait.Orang-Pendak Racial Default.Racial Ability Scores									DESC:Orang-pendaks are strong and intuitive, but not particularly clever.																																																																																																													BONUS:STAT|STR,WIS|2|TYPE=Racial	BONUS:STAT|INT|-2|TYPE=Racial								SOURCEPAGE:p.186
Small									KEY:Orang-Pendak ~ Size			CATEGORY:Special Ability	TYPE:RacialTraits.SpecialQuality.Orang-Pendak Racial Trait.Orang-Pendak Racial Default.Racial Size											DESC:Orang-pendaks are Small creatures and gain a +1 size bonus to their AC, a +1 size bonus on attack rolls, a -1 penalty on combat maneuver checks and to CMD, and a +4 size bonus on Stealth checks.																																																																																																										SOURCEPAGE:p.186
Normal Speed							KEY:Orang-Pendak ~ Speed		CATEGORY:Special Ability	TYPE:RacialTraits.SpecialQuality.Orang-Pendak Racial Trait.Orang-Pendak Racial Default.Racial Speed											DESC:Orang-pendaks have a base speed of 30 feet.																																																																																																																																			SOURCEPAGE:p.186
Forest Walker							KEY:Orang-Pendak ~ Forest Walker	CATEGORY:Special Ability	TYPE:RacialTraits.SpecialQuality.Orang-Pendak Racial Trait.Orang-Pendak Racial Default.Extraordinary											DESC:Orang-pendaks gain a +4 bonus on Climb and Stealth checks in forests and jungles.																																																																																										BONUS:SITUATION|Climb=In forests and jungles,Stealth=In forests,Stealth=In jungles|4|TYPE=Racial																			SOURCEPAGE:p.186
Low-Light Vision							KEY:Orang-Pendak ~ Low-Light Vision	CATEGORY:Special Ability	TYPE:RacialTraits.SpecialQuality.Orang-Pendak Racial Trait.Orang-Pendak Racial Default.Racial Vision											DESC:Orang-pendaks can see twice as far as humans in conditions of dim light.																																																																																																																								BONUS:VAR|HasLowlightVision|1|TYPE=Base	SOURCEPAGE:p.186
Own Two Feet							KEY:Orang-Pendak ~ Own Two Feet	CATEGORY:Special Ability	TYPE:RacialTraits.SpecialQuality.Orang-Pendak Racial Trait.Orang-Pendak Racial Default.Extraordinary.Weakness									DESC:Orang-pendaks are extremely unnerved whenever they are riding another creature or on a vehicle, and they take a -2 penalty on ability checks, attack rolls, damage rolls, saving throws, and skill checks when doing so.																																																																																																						SOURCEPAGE:p.186
Simian Empathy							KEY:Orang-Pendak ~ Simian Empathy	CATEGORY:Special Ability	TYPE:RacialTraits.SpecialQuality.Orang-Pendak Racial Trait.Orang-Pendak Racial Default.Extraordinary											DESC:Orang-pendaks gain a +4 racial bonus on Handle Animal and wild empathy checks with apes and monkeys.																																																																																							BONUS:SITUATION|Handle Animal=Apes and monkeys|4|TYPE=Racial																									SOURCEPAGE:p.186
Tear Apart								KEY:Orang-Pendak ~ Tear Apart		CATEGORY:Special Ability	TYPE:RacialTraits.SpecialQuality.Orang-Pendak Racial Trait.Orang-Pendak Racial Default.Extraordinary											DESC:Orang-pendaks have powerful upper bodies and gain a +2 racial bonus on Strength checks to break or burst an object. This bonus also applies on combat maneuver checks to sunder with their unarmed attacks.																																																																																																									SOURCEPAGE:p.186
Languages								KEY:Orang-Pendak ~ Languages		CATEGORY:Special Ability	TYPE:RacialTraits.SpecialQuality.Orang-Pendak Racial Trait.Orang-Pendak Racial Default.Racial Language										DESC:Orang-pendaks begin play speaking Sasquatch. Orang-pendaks who have high Intelligence scores can choose from the following: Aklo, Common, Draconic, Goblin, Grippli, Sylvan, Vanaran, and Vishkanya.					TEMPLATE:Bonus Language ~ Aklo|Bonus Language ~ Common|Bonus Language ~ Draconic|Bonus Language ~ Goblin|Bonus Language ~ Grippli|Bonus Language ~ Sylvan|Bonus Language ~ Vanaran|Bonus Language ~ Vishkanya	AUTO:LANG|Sasquatch																																																									SOURCEPAGE:p.186

# ==============================
# Reptoid
# ==============================

###Block: Racial Abilities
# Ability Name						Category of Ability	Define						Ability
Racial Traits ~ Reptoid					CATEGORY:Internal
CATEGORY=Internal|Racial Traits ~ Reptoid.MOD					DEFINE:Reptoid_ReplaceAbilityScores|0	ABILITY:Reptoid Racial Trait|AUTOMATIC|Reptoid ~ Ability Scores|PREVAREQ:Reptoid_ReplaceAbilityScores,0
CATEGORY=Internal|Racial Traits ~ Reptoid.MOD					DEFINE:Reptoid_ReplaceSize|0			ABILITY:Reptoid Racial Trait|AUTOMATIC|Reptoid ~ Size|PREVAREQ:Reptoid_ReplaceSize,0
CATEGORY=Internal|Racial Traits ~ Reptoid.MOD					DEFINE:Reptoid_ReplaceSpeed|0			ABILITY:Reptoid Racial Trait|AUTOMATIC|Reptoid ~ Speed|PREVAREQ:Reptoid_ReplaceSpeed,0
CATEGORY=Internal|Racial Traits ~ Reptoid.MOD					DEFINE:Reptoid_ReplaceLowLightVision|0	ABILITY:Reptoid Racial Trait|AUTOMATIC|Reptoid ~ Low-Light Vision|PREVAREQ:Reptoid_ReplaceLowLightVision,0
CATEGORY=Internal|Racial Traits ~ Reptoid.MOD					DEFINE:Reptoid_ReplaceScales|0		ABILITY:Reptoid Racial Trait|AUTOMATIC|Reptoid ~ Scales|PREVAREQ:Reptoid_ReplaceScales,0
CATEGORY=Internal|Racial Traits ~ Reptoid.MOD					DEFINE:Reptoid_ReplaceColdBlooded|0		ABILITY:Reptoid Racial Trait|AUTOMATIC|Reptoid ~ Cold-Blooded|PREVAREQ:Reptoid_ReplaceColdBlooded,0
CATEGORY=Internal|Racial Traits ~ Reptoid.MOD					DEFINE:Reptoid_ReplaceNaturalWeapons|0	ABILITY:Reptoid Racial Trait|AUTOMATIC|Reptoid ~ Natural Weapons|PREVAREQ:Reptoid_ReplaceNaturalWeapons,0
CATEGORY=Internal|Racial Traits ~ Reptoid.MOD					DEFINE:Reptoid_ReplaceChangeShape|0		ABILITY:Reptoid Racial Trait|AUTOMATIC|Reptoid ~ Change Shape|PREVAREQ:Reptoid_ReplaceChangeShape,0
CATEGORY=Internal|Racial Traits ~ Reptoid.MOD					DEFINE:Reptoid_ReplaceMentalPotency|0	ABILITY:Reptoid Racial Trait|AUTOMATIC|Reptoid ~ Mental Potency|PREVAREQ:Reptoid_ReplaceMentalPotency,0
CATEGORY=Internal|Racial Traits ~ Reptoid.MOD					DEFINE:Reptoid_ReplaceLanguages|0		ABILITY:Reptoid Racial Trait|AUTOMATIC|Reptoid ~ Languages|PREVAREQ:Reptoid_ReplaceLanguages,0

###Block: Racial Defaults
# Ability Name					Unique Key					Category of Ability		Type																	Description																																																																																																	Template					Auto Language			Ability						Stat bonus										Modify VAR							Source Page		Aspects
+2 Strength, +2 Charisma, -2 Dexterity	KEY:Reptoid ~ Ability Scores		CATEGORY:Special Ability	TYPE:RacialTraits.SpecialQuality.Reptoid Racial Trait.Reptoid Racial Default.Racial Ability Scores	DESC:Reptoids are both manipulative and strong, but they're deliberate in their movements.																																																																																																					BONUS:STAT|STR,CHA|2|TYPE=Racial	BONUS:STAT|DEX|-2|TYPE=Racial									SOURCEPAGE:p.202
Medium						KEY:Reptoid ~ Size			CATEGORY:Special Ability	TYPE:RacialTraits.SpecialQuality.Reptoid Racial Trait.Reptoid Racial Default.Racial Size			DESC:Reptoids are Medium creatures and receive no bonuses or penalties due to their size.																																																																																																																									SOURCEPAGE:p.202
Normal Speed					KEY:Reptoid ~ Speed			CATEGORY:Special Ability	TYPE:RacialTraits.SpecialQuality.Reptoid Racial Trait.Reptoid Racial Default.Racial Speed			DESC:Reptoids have a base speed of 30 feet.																																																																																																																																SOURCEPAGE:p.202
Low-Light Vision					KEY:Reptoid ~ Low-Light Vision	CATEGORY:Special Ability	TYPE:RacialTraits.SpecialQuality.Reptoid Racial Trait.Reptoid Racial Default.Racial Vision		DESC:Reptoids can see twice as far as humans in dim light.																																																																																																																						BONUS:VAR|HasLowlightVision|1|TYPE=Base		SOURCEPAGE:p.202
Scales						KEY:Reptoid ~ Scales			CATEGORY:Special Ability	TYPE:RacialTraits.SpecialQuality.Reptoid Racial Trait.Reptoid Racial Default					DESC:When in its natural form, a reptoid has a +1 natural armor bonus.																																																																																																																				BONUS:VAR|AC_Natural_Armor|1|TYPE=Base		SOURCEPAGE:p.202
Cold-Blooded					KEY:Reptoid ~ Cold-Blooded		CATEGORY:Special Ability	TYPE:RacialTraits.SpecialQuality.Reptoid Racial Trait.Reptoid Racial Default.Extraordinary		DESC:Reptoids receive a +2 racial saving throw bonus against mind-affecting effects and poison.																																																																																																																								SOURCEPAGE:p.202	ASPECT:SaveBonus|+2 on saves vs. mind-affecting effects and poison.
Natural Weapons					KEY:Reptoid ~ Natural Weapons		CATEGORY:Special Ability	TYPE:RacialTraits.SpecialQuality.Reptoid Racial Trait.Reptoid Racial Default.Extraordinary		DESC:When in its natural form, a reptoid has a bite attack and two claw attacks that deal 1d3 points of damage each.																																																																																										ABILITY:Internal|AUTOMATIC|Bite|Claw												BONUS:VAR|BiteSize|-2	BONUS:VAR|ClawSize|-1	SOURCEPAGE:p.202
Change Shape					KEY:Reptoid ~ Change Shape		CATEGORY:Special Ability	TYPE:RacialTraits.SpecialQuality.Reptoid Racial Trait.Reptoid Racial Default.Supernatural			DESC:A reptoid can assume the appearance of a specific single Medium humanoid. The reptoid always takes this specific form when it uses this ability. The reptoid gains a +10 racial bonus on Disguise checks to appear as that type of humanoid. This ability otherwise functions as alter self, except the reptoid does not adjust its ability scores. A reptoid can select a new humanoid form by spending 1 week preparing itself for the change, but can then no longer assume its previous humanoid form.																																																					SOURCEPAGE:p.202
Mental Potency					KEY:Reptoid ~ Mental Potency		CATEGORY:Special Ability	TYPE:RacialTraits.SpecialQuality.Reptoid Racial Trait.Reptoid Racial Default.Extraordinary		DESC:A reptoid's mental effects can affect more powerful creatures or a greater number of creatures than normal. Both the Hit Die limit and the total number of Hit Dice affected by each enchantment or illusion spell it casts increase by 1. For enchantment and illusion spells it casts that target a number of creatures greater than one, the number of creatures affected also increases by one (so a spell that targets one creature per level would be affected, but a spell that targets only one creature would not be). This ability stacks with the mesmerist's ability of the same name.																																						SOURCEPAGE:p.202
Languages						KEY:Reptoid ~ Languages			CATEGORY:Special Ability	TYPE:RacialTraits.SpecialQuality.Reptoid Racial Trait.Reptoid Racial Default.Racial Language		DESC:All reptoids begin play speaking Common and Reptoid. Reptoids with high Intelligence scores can choose any languages they want (except for secret languages, such as Druidic).																																																																					TEMPLATE:Bonus Language ~ Any Spoken	AUTO:LANG|Common|Reptoid																											SOURCEPAGE:p.202

# ==============================
# Shabti
# ==============================

###Block: Racial Abilities
# Ability Name						Category of Ability	Define						Ability
Racial Traits ~ Shabti					CATEGORY:Internal
CATEGORY=Internal|Racial Traits ~ Shabti.MOD					DEFINE:Shabti_ReplaceAbilityScores|0	ABILITY:Shabti Racial Trait|AUTOMATIC|Shabti ~ Ability Scores|PREVAREQ:Shabti_ReplaceAbilityScores,0
CATEGORY=Internal|Racial Traits ~ Shabti.MOD					DEFINE:Shabti_ReplaceSize|0			ABILITY:Shabti Racial Trait|AUTOMATIC|Shabti ~ Size|PREVAREQ:Shabti_ReplaceSize,0
CATEGORY=Internal|Racial Traits ~ Shabti.MOD					DEFINE:Shabti_ReplaceSpeed|0			ABILITY:Shabti Racial Trait|AUTOMATIC|Shabti ~ Speed|PREVAREQ:Shabti_ReplaceSpeed,0
CATEGORY=Internal|Racial Traits ~ Shabti.MOD					DEFINE:Shabti_ReplaceDarkvision|0		ABILITY:Shabti Racial Trait|AUTOMATIC|Shabti ~ Darkvision|PREVAREQ:Shabti_ReplaceDarkvision,0
CATEGORY=Internal|Racial Traits ~ Shabti.MOD					DEFINE:Shabti_ReplaceNativeOutsider|0	ABILITY:Shabti Racial Trait|AUTOMATIC|Shabti ~ Native Outsider|PREVAREQ:Shabti_ReplaceNativeOutsider,0
CATEGORY=Internal|Racial Traits ~ Shabti.MOD					DEFINE:Shabti_ReplaceImmortal|0		ABILITY:Shabti Racial Trait|AUTOMATIC|Shabti ~ Immortal|PREVAREQ:Shabti_ReplaceImmortal,0
CATEGORY=Internal|Racial Traits ~ Shabti.MOD					DEFINE:Shabti_ReplaceImmuneToUndeath|0	ABILITY:Shabti Racial Trait|AUTOMATIC|Shabti ~ Immune to Undeath|PREVAREQ:Shabti_ReplaceImmuneToUndeath,0
CATEGORY=Internal|Racial Traits ~ Shabti.MOD					DEFINE:Shabti_ReplacePastLifeKnowledge|0	ABILITY:Shabti Racial Trait|AUTOMATIC|Shabti ~ Past-Life Knowledge|PREVAREQ:Shabti_ReplacePastLifeKnowledge,0
CATEGORY=Internal|Racial Traits ~ Shabti.MOD					DEFINE:Shabti_ReplaceResistLevelDrain|0	ABILITY:Shabti Racial Trait|AUTOMATIC|Shabti ~ Resist Level Drain|PREVAREQ:Shabti_ReplaceResistLevelDrain,0
CATEGORY=Internal|Racial Traits ~ Shabti.MOD					DEFINE:Shabti_ReplaceShatteredSoul|0	ABILITY:Shabti Racial Trait|AUTOMATIC|Shabti ~ Shattered Soul|PREVAREQ:Shabti_ReplaceShatteredSoul,0
CATEGORY=Internal|Racial Traits ~ Shabti.MOD					DEFINE:Shabti_ReplaceSLA|0			ABILITY:Shabti Racial Trait|AUTOMATIC|Shabti ~ Spell-Like Ability|PREVAREQ:Shabti_ReplaceSLA,0
CATEGORY=Internal|Racial Traits ~ Shabti.MOD					DEFINE:Shabti_ReplaceLanguages|0		ABILITY:Shabti Racial Trait|AUTOMATIC|Shabti ~ Languages|PREVAREQ:Shabti_ReplaceLanguages,0

###Block: Racial Defaults
# Ability Name			Unique Key					Category of Ability		Type																	Define						Innate Spells								Description																																																														Template					Auto Language	Ability												Bonus Ability Pool				Stat bonus					Modify VAR								Class Skill			Source Page
+2 Constitution, +2 Charisma	KEY:Shabti ~ Ability Scores		CATEGORY:Special Ability	TYPE:RacialTraits.SpecialQuality.Shabti Racial Trait.Shabti Racial Default.Racial Ability Scores																		DESC:Shabti have powerful bodies and presences to match.																																																																																			BONUS:STAT|CON,CHA|2|TYPE=Racial														SOURCEPAGE:p.227
Medium				KEY:Shabti ~ Size				CATEGORY:Special Ability	TYPE:RacialTraits.SpecialQuality.Shabti Racial Trait.Shabti Racial Default.Racial Size																				DESC:Shabtis are Medium creatures and receive no bonuses or penalties due to their size.																																																																																																	SOURCEPAGE:p.227
Normal Speed			KEY:Shabti ~ Speed			CATEGORY:Special Ability	TYPE:RacialTraits.SpecialQuality.Shabti Racial Trait.Shabti Racial Default.Racial Speed																				DESC:Shabtis have a base speed of 30 feet.																																																																																																								SOURCEPAGE:p.227
Darkvision				KEY:Shabti ~ Darkvision			CATEGORY:Special Ability	TYPE:RacialTraits.SpecialQuality.Shabti Racial Trait.Shabti Racial Default.Racial Vision																				DESC:Shabti can see in the dark up to 60 feet.																																																																																											BONUS:VAR|DarkvisionRange|60|TYPE=Base							SOURCEPAGE:p.227
Native Outsider			KEY:Shabti ~ Native Outsider		CATEGORY:Special Ability	TYPE:RacialTraits.SpecialQuality.Shabti Racial Trait.Shabti Racial Default																						DESC:Shabti are outsiders with the native subtype.																																																																																																							SOURCEPAGE:p.227
Immortal				KEY:Shabti ~ Immortal			CATEGORY:Special Ability	TYPE:RacialTraits.SpecialQuality.Shabti Racial Trait.Shabti Racial Default.Extraordinary																				DESC:Shabti do not age naturally and can't die of old age. While some might come into being at age categories other than adulthood, they never leave their original age categories. Spells and effects that cause aging affect a shabti as normal.																																																																							SOURCEPAGE:p.227
Immune to Undeath			KEY:Shabti ~ Immune to Undeath	CATEGORY:Special Ability	TYPE:RacialTraits.SpecialQuality.Shabti Racial Trait.Shabti Racial Default.Extraordinary																				DESC:Shabti can't become undead. Spells and abilities that would transform a shabti into an undead creature have no effect.																																																																																											SOURCEPAGE:p.227
Past-Life Knowledge		KEY:Shabti ~ Past-Life Knowledge	CATEGORY:Special Ability	TYPE:RacialTraits.SpecialQuality.Shabti Racial Trait.Shabti Racial Default.Extraordinary																				DESC:Shabti remember bits of their past lives. As a result, they treat all Knowledge skills as class skills.																																																																																									CSKILL:TYPE.Knowledge	SOURCEPAGE:p.227
Resist Level Drain		KEY:Shabti ~ Resist Level Drain	CATEGORY:Special Ability	TYPE:RacialTraits.SpecialQuality.Shabti Racial Trait.Shabti Racial Default.Extraordinary																				DESC:A shabti takes no penalties from energy drain effects, though it can still be killed if it accrues more negative levels than it has Hit Dice. After 24 hours, any negative levels a shabti takes are automatically removed without the need for additional saving throws.																																																																		SOURCEPAGE:p.227
Shattered Soul			KEY:Shabti ~ Shattered Soul		CATEGORY:Special Ability	TYPE:RacialTraits.SpecialQuality.Shabti Racial Trait.Shabti Racial Default.Extraordinary.Weakness																		DESC:Shabti who are killed are exceptionally difficult to return to life. Anyone who attempts to return a shabti to life using raise dead, resurrection, or a similar spell must succeed at a caster level check (DC %1). If it fails, the spell fails and the caster can't return the shabti to life for the next 24 hours (though the caster can try again after this period).|10+TL																																																	SOURCEPAGE:p.227
Spell-Like Ability		KEY:Shabti ~ Spell-Like Ability	CATEGORY:Special Ability	TYPE:RacialTraits.SpecialQuality.Shabti Racial Trait.Shabti Racial Default.SpellLike										SPELLS:Innate|CASTERLEVEL=(max(TL,1))|Suggestion,12+CHA	DESC:A shabti can use suggestion once per day as a spell-like ability, with a caster level equal to the shabti's class level.																																																																																										SOURCEPAGE:p.227
Languages				KEY:Shabti ~ Languages			CATEGORY:Special Ability	TYPE:RacialTraits.SpecialQuality.Shabti Racial Trait.Shabti Racial Default.Racial Language																			DESC:Shabti begin play speaking Common. Those with high Intelligence scores can choose any languages they want (except secret languages, such as Druidic).																																						TEMPLATE:Bonus Language ~ Any Spoken	AUTO:LANG|Common																																								SOURCEPAGE:p.227


# ------------------------------
# Skinwalker
# ------------------------------

# This race is found in skinwalker_abilities_race_arg.lst
###Block: Racial Traits
# Ability Name									Source Page
CATEGORY=Special Ability|Skinwalker ~ Ability Scores.MOD		SOURCEPAGE:p.233
CATEGORY=Special Ability|Skinwalker ~ Type.MOD				SOURCEPAGE:p.233
CATEGORY=Special Ability|Skinwalker ~ Size.MOD				SOURCEPAGE:p.233
CATEGORY=Special Ability|Skinwalker ~ Speed.MOD				SOURCEPAGE:p.233
CATEGORY=Special Ability|Skinwalker ~ Vision.MOD			SOURCEPAGE:p.233
CATEGORY=Special Ability|Skinwalker ~ Animal-Minded.MOD		SOURCEPAGE:p.233
CATEGORY=Special Ability|Skinwalker ~ Change Shape.MOD		SOURCEPAGE:p.233
CATEGORY=Special Ability|Skinwalker ~ Spell-Like Ability.MOD	SOURCEPAGE:p.233
CATEGORY=Special Ability|Skinwalker ~ Languages.MOD			SOURCEPAGE:p.233
