# CVS $Revision$ $Author$ -- Thu Jul 10 13:41:29 2014 -- reformated by prettylst.pl v1.51 (build 24365)
SOURCELONG:Malhavoc Press - Book of Hallowed Might	SOURCESHORT:BoHM	SOURCEWEB:http://www.montecook.com
#Spell names and other proper names from The Book of Hallowed Might are
#	©2001-2005 Monte J. Cook and are used here with his permission.
#Original Entry by King Paul, Updated by Beaver
#ITEM:Potion tag added by: Paul "Yes, that Paul" Grosse

###Block:New spells
# Spell Name				Product Identity?	Classes of caster					Domains granting the spell	School			Sub-School			Spell Descriptors				Type				Components		Casting Time		Range			Item		Target Area or Effect									Duration							Save Info					Spell Resistance		Source Page		Description
Aeonian Lantern				NAMEISPI:YES	CLASSES:Cleric,Ranger=4									SCHOOL:Conjuration	SUBSCHOOL:Creation							TYPE:Divine			COMPS:V S		CASTTIME:1 action		RANGE:Touch		ITEM:Potion	TARGETAREA:A glowing Stationary lantern						DURATION:Permanent (D)					SAVEINFO:None				SPELLRES:No			SOURCEPAGE:p.29	DESC:See Text
Angel's Redoubt				NAMEISPI:YES	CLASSES:Cleric=6										SCHOOL:Conjuration	SUBSCHOOL:Creation							TYPE:Divine			COMPS:V S M		CASTTIME:1 action		RANGE:Medium	ITEM:Potion	TARGETAREA:A tower 20 feet square and 10 feet tall				DURATION:Two hours/level				SAVEINFO:None				SPELLRES:No			SOURCEPAGE:p.29	DESC:See Text
Arathan's Spiritual Soldier		NAMEISPI:YES	CLASSES:Cleric,Hallowed Mage=8							SCHOOL:Conjuration	SUBSCHOOL:Creation							TYPE:Divine			COMPS:V S M		CASTTIME:1 Full round	RANGE:Medium	ITEM:Potion	TARGETAREA:A stone golem								DURATION:1 hour/level					SAVEINFO:None				SPELLRES:No			SOURCEPAGE:p.29	DESC:See Text
Armor Contingency				NAMEISPI:YES	CLASSES:Cleric,Paladin=1								SCHOOL:Conjuration	SUBSCHOOL:Calling								TYPE:Divine			COMPS:V S M		CASTTIME:10 minutes	RANGE:Touch		ITEM:Potion	TARGETAREA:One suit of armor								DURATION:1 hour/level					SAVEINFO:None				SPELLRES:No			SOURCEPAGE:p.29	DESC:See Text
Audible Whisper				NAMEISPI:YES	CLASSES:Bard,Cleric,Sorcerer,Wizard=0						SCHOOL:Transmutation											TYPE:Arcane.Divine	COMPS:V S		CASTTIME:1 action		RANGE:Personal			TARGETAREA:You										DURATION:10 minutes/level (D)				SAVEINFO:None				SPELLRES:No			SOURCEPAGE:p.30	DESC:See Text
Bind with Plants				NAMEISPI:YES	CLASSES:Druid=4										SCHOOL:Transmutation											TYPE:Divine			COMPS:V S M/DF	CASTTIME:1 action		RANGE:Long		ITEM:Potion	TARGETAREA:One Plant									DURATION:1 round/level					SAVEINFO:Reflex negates			SPELLRES:No			SOURCEPAGE:p.30	DESC:See Text
Blast of Castigation			NAMEISPI:YES	CLASSES:Cleric=3										SCHOOL:Evocation												TYPE:Divine			COMPS:V S M/DF	CASTTIME:1 action		RANGE:Medium	ITEM:Potion	TARGETAREA:One creature									DURATION:Concentration(up to 1 round/level)	SAVEINFO:Reflex half			SPELLRES:Yes		SOURCEPAGE:p.30	DESC:See Text
Blazing Light				NAMEISPI:YES	CLASSES:Cleric,Hallowed Mage=6		DOMAINS:Light=5			SCHOOL:Evocation												TYPE:Divine			COMPS:V S M/DF	CASTTIME:1 action		RANGE:Long		ITEM:Potion	TARGETAREA:One creature or Object							DURATION:Instantaneous					SAVEINFO:Reflex half			SPELLRES:Yes		SOURCEPAGE:p.30	DESC:See Text
Blight Enemy				NAMEISPI:YES	CLASSES:Ranger=2										SCHOOL:Evocation												TYPE:Divine			COMPS:V S		CASTTIME:1 action		RANGE:Close		ITEM:Potion	TARGETAREA:One favored enemy								DURATION:Instantaneous					SAVEINFO:Fortitude negates		SPELLRES:Yes		SOURCEPAGE:p.30	DESC:See Text
Burning Brand				NAMEISPI:YES	CLASSES:Druid,Paladin,Ranger=1							SCHOOL:Evocation												TYPE:Divine			COMPS:V S M		CASTTIME:1 action		RANGE:Touch		ITEM:Potion	TARGETAREA:A burning flame on the end of a torch				DURATION:1 round/level					SAVEINFO:None				SPELLRES:Yes		SOURCEPAGE:p.31	DESC:See Text
Carnivorous Defender			NAMEISPI:YES	CLASSES:Druid=3										SCHOOL:Transmutation											TYPE:Divine			COMPS:V S M		CASTTIME:1 action		RANGE:Touch		ITEM:Potion	TARGETAREA:One nonanimate plant							DURATION:1 minute/level					SAVEINFO:None				SPELLRES:Yes		SOURCEPAGE:p.31	DESC:See Text
Clarity of Mind				NAMEISPI:YES	CLASSES:Cleric,Druid=0									SCHOOL:Enchantment	SUBSCHOOL:Compulsion							TYPE:Divine			COMPS:V S		CASTTIME:1 action		RANGE:Personal			TARGETAREA:You										DURATION:1 round/level					SAVEINFO:None				SPELLRES:No			SOURCEPAGE:p.31	DESC:See Text
Confutation of the Demon		NAMEISPI:YES	CLASSES:Cleric,Hallowed Mage=9							SCHOOL:Evocation						DESCRIPTOR:Good				TYPE:Divine			COMPS:V S		CASTTIME:1 action		RANGE:Medium	ITEM:Potion	TARGETAREA:One evil outsider/round							DURATION:1 round/level					SAVEINFO:Will negates			SPELLRES:Yes		SOURCEPAGE:p.31	DESC:See Text
Crystal Eruption				NAMEISPI:YES	CLASSES:Cleric,Druid=7									SCHOOL:Conjuration	SUBSCHOOL:Creation							TYPE:Divine			COMPS:V S M		CASTTIME:1 action		RANGE:Medium	ITEM:Potion	TARGETAREA:50-foot-diameter circle on the ground				DURATION:1 round/level (D)				SAVEINFO:Reflex half and partial	SPELLRES:No			SOURCEPAGE:p.31	DESC:See Text
Crystal of Reflection			NAMEISPI:YES	CLASSES:Cleric,Druid=2									SCHOOL:Abjuration												TYPE:Divine			COMPS:V S M		CASTTIME:1 action		RANGE:Touch		ITEM:Potion	TARGETAREA:Floating Crystal								DURATION:1 minute/level (D)				SAVEINFO:None				SPELLRES:No			SOURCEPAGE:p.32	DESC:See Text
Crystal Shard				NAMEISPI:YES	CLASSES:Cleric,Druid=1									SCHOOL:Conjuration	SUBSCHOOL:Creation							TYPE:Divine			COMPS:V S		CASTTIME:1 action		RANGE:Long		ITEM:Potion	TARGETAREA:Crystal shard								DURATION:Instantaneous					SAVEINFO:None				SPELLRES:No			SOURCEPAGE:p.32	DESC:See Text
Curse of Wounding				NAMEISPI:YES	CLASSES:Cleric=5										SCHOOL:Transmutation											TYPE:Divine			COMPS:V S		CASTTIME:1 action		RANGE:Touch		ITEM:Potion	TARGETAREA:One creature									DURATION:Permanent					SAVEINFO:Will negates			SPELLRES:Yes		SOURCEPAGE:p.32	DESC:See Text
Divert Charge				NAMEISPI:YES	CLASSES:Cleric=1										SCHOOL:Abjuration												TYPE:Divine			COMPS:V S M		CASTTIME:1 action		RANGE:Personal			TARGETAREA:You										DURATION:10 minutes/level or until discharged	SAVEINFO:None				SPELLRES:Yes		SOURCEPAGE:p.32	DESC:See Text
Ethereal Prison				NAMEISPI:YES	CLASSES:Cleric,Hallowed Mage=4							SCHOOL:Transmutation											TYPE:Divine			COMPS:V S F		CASTTIME:1 action		RANGE:Touch		ITEM:Potion	TARGETAREA:One helpless or willing creature					DURATION:Permanent (D)					SAVEINFO:None				SPELLRES:Yes		SOURCEPAGE:p.33	DESC:See Text
Glory of the Beast			NAMEISPI:YES	CLASSES:Druid=5|Cleric=6								SCHOOL:Transmutation					DESCRIPTOR:Good				TYPE:Divine			COMPS:V S M/DF	CASTTIME:1 action		RANGE:Touch		ITEM:Potion	TARGETAREA:One animal or beast							DURATION:1 hour/level					SAVEINFO:None				SPELLRES:Yes		SOURCEPAGE:p.33	DESC:See Text
Godspeed					NAMEISPI:YES	CLASSES:Cleric,Paladin=3								SCHOOL:Transmutation											TYPE:Divine			COMPS:V S M/DF	CASTTIME:1 action		RANGE:Personal			TARGETAREA:You										DURATION:1 minute/level					SAVEINFO:None				SPELLRES:No			SOURCEPAGE:p.33	DESC:See Text
Grant Quarter (Bonds of Mercy)	NAMEISPI:YES	CLASSES:Cleric=2										SCHOOL:Transmutation											TYPE:Divine			COMPS:V S M		CASTTIME:1 action		RANGE:Medium	ITEM:Potion	TARGETAREA:One helpless or willing creature/level				DURATION:1 day/level					SAVEINFO:Will negates			SPELLRES:Yes		SOURCEPAGE:p.33	DESC:See Text
Halo of Glory				NAMEISPI:YES	CLASSES:Cleric,Hallowed Mage=4							SCHOOL:Transmutation					DESCRIPTOR:Good				TYPE:Divine			COMPS:V S M		CASTTIME:1 action		RANGE:Touch		ITEM:Potion	TARGETAREA:One creature of a nonevil alignment					DURATION:1 round/level					SAVEINFO:None				SPELLRES:No			SOURCEPAGE:p.34	DESC:See Text
Halo of Shelter				NAMEISPI:YES	CLASSES:Cleric,Hallowed Mage=5							SCHOOL:Abjuration						DESCRIPTOR:Good				TYPE:Divine			COMPS:V S M		CASTTIME:1 action		RANGE:Touch		ITEM:Potion	TARGETAREA:One creature of a nonevil alignment					DURATION:1 minute/level					SAVEINFO:None				SPELLRES:No			SOURCEPAGE:p.34	DESC:See Text
Heartglow					NAMEISPI:YES	CLASSES:Paladin=2					DOMAINS:Light=2			SCHOOL:Transmutation					DESCRIPTOR:Good				TYPE:Divine			COMPS:V S		CASTTIME:1 action		RANGE:Personal			TARGETAREA:You										DURATION:1 minute/level					SAVEINFO:None				SPELLRES:Yes		SOURCEPAGE:p.34	DESC:See Text
Holy Shout					NAMEISPI:YES	CLASSES:Cleric,Hallowed Mage=8							SCHOOL:Evocation						DESCRIPTOR:Good|Sonic			TYPE:Divine			COMPS:V		CASTTIME:1 action		RANGE:30 feet	ITEM:Potion	TARGETAREA:Creatures in a 30-foot radius spread centered on the caster	DURATION:Instantaneous					SAVEINFO:None				SPELLRES:Yes		SOURCEPAGE:p.34	DESC:See Text
Illuminated Weapon			NAMEISPI:YES	CLASSES:Paladin=1					DOMAINS:Light=1			SCHOOL:Evocation						DESCRIPTOR:Good				TYPE:Divine			COMPS:V S		CASTTIME:1 action		RANGE:Touch		ITEM:Potion	TARGETAREA:One weapon									DURATION:1 minute/level					SAVEINFO:Will negates			SPELLRES:Yes		SOURCEPAGE:p.35	DESC:See Text
Light of the Earth			NAMEISPI:YES	CLASSES:Cleric,Druid,Hallowed Mage=6						SCHOOL:Evocation						DESCRIPTOR:Good				TYPE:Divine			COMPS:V S		CASTTIME:1 action		RANGE:Medium	ITEM:Potion	TARGETAREA:30-foot-radius spread on the ground					DURATION:Instantaneous					SAVEINFO:None				SPELLRES:Yes		SOURCEPAGE:p.35	DESC:See Text
Pattern of Sibyllic Fate		NAMEISPI:YES	CLASSES:Cleric=1										SCHOOL:Divination												TYPE:Divine			COMPS:V S M/DF	CASTTIME:1 action		RANGE:Close		ITEM:Potion	TARGETAREA:One creature/two levels							DURATION:Instantaneous					SAVEINFO:Will negates			SPELLRES:Yes		SOURCEPAGE:p.35	DESC:See Text
Peaceful Weapon				NAMEISPI:YES	CLASSES:Cleric=3										SCHOOL:Evocation												TYPE:Divine			COMPS:V S M/DF	CASTTIME:1 action		RANGE:Close		ITEM:Potion	TARGETAREA:One weapon									DURATION:1 round/level					SAVEINFO:Fortitude negates		SPELLRES:Yes		SOURCEPAGE:p.35	DESC:See Text
Redemption from Evil Power		NAMEISPI:YES	CLASSES:Cleric,Hallowed Mage=7							SCHOOL:Transmutation					DESCRIPTOR:Good				TYPE:Divine			COMPS:V S M/DF	CASTTIME:1 action		RANGE:Close		ITEM:Potion	TARGETAREA:One evil spell								DURATION:Instantaneous					SAVEINFO:None				SPELLRES:No			SOURCEPAGE:p.36	DESC:See Text
Redemptive Redress			NAMEISPI:YES	CLASSES:Cleric=1										SCHOOL:Transmutation											TYPE:Divine			COMPS:V S M/DF	CASTTIME:1 action		RANGE:Close		ITEM:Potion	TARGETAREA:One creature									DURATION:1 round/level					SAVEINFO:None				SPELLRES:No			SOURCEPAGE:p.36	DESC:See Text
Resist Touch				NAMEISPI:YES	CLASSES:Cleric=1|Sorcerer,Wizard=2							SCHOOL:Abjuration												TYPE:Arcane.Divine	COMPS:V S		CASTTIME:1 action		RANGE:Close		ITEM:Potion	TARGETAREA:One creature									DURATION:10 minutes/level				SAVEINFO:None				SPELLRES:No			SOURCEPAGE:p.36	DESC:See Text
Return and Avenge				NAMEISPI:YES	CLASSES:Cleric,Hallowed Mage=6							SCHOOL:Conjuration	SUBSCHOOL: Summoning							TYPE:Divine			COMPS:V S M/DF	CASTTIME:1 action		RANGE:Close		ITEM:Potion	TARGETAREA:One celestial creature/five levels					DURATION:1 round/level or until triggered		SAVEINFO:None				SPELLRES:No			SOURCEPAGE:p.36	DESC:See Text
See No Evil					NAMEISPI:YES	CLASSES:Cleric=3										SCHOOL:Enchantment	SUBSCHOOL:Compulsion	DESCRIPTOR:Good|Mind-Affecting	TYPE:Divine			COMPS:V S M/DF	CASTTIME:1 action		RANGE:Personal			TARGETAREA:You										DURATION:Varies (see text)				SAVEINFO:None				SPELLRES:No			SOURCEPAGE:p.36	DESC:See Text
Shield of Light				NAMEISPI:YES	CLASSES:Cleric,Hallowed Mage=5		DOMAINS:Light=4			SCHOOL:Abjuration												TYPE:Divine			COMPS:V S M/DF	CASTTIME:1 action		RANGE:Personal			TARGETAREA:You										DURATION:1 round/level (D)				SAVEINFO:None and Yes			SPELLRES:No and Yes	SOURCEPAGE:p.37	DESC:See Text
Sunfire Tomb				NAMEISPI:YES	CLASSES:Cleric,Druid=9				DOMAINS:Light=8			SCHOOL:Transmutation					DESCRIPTOR:Good				TYPE:Divine			COMPS:V S M/DF	CASTTIME:1 action		RANGE:Medium	ITEM:Potion	TARGETAREA:One creature									DURATION:Instantaneous					SAVEINFO:Will Negates			SPELLRES:Yes		SOURCEPAGE:p.37	DESC:See Text
Touch no Evil				NAMEISPI:YES	CLASSES:Cleric=2										SCHOOL:Enchantment	SUBSCHOOL:Compulsion	DESCRIPTOR:Good|Mind-Affecting	TYPE:Divine			COMPS:V S M/DF	CASTTIME:1 action		RANGE:Personal			TARGETAREA:You										DURATION:Varies (see text)				SAVEINFO:None				SPELLRES:No			SOURCEPAGE:p.37	DESC:See Text
Truth's Wings				NAMEISPI:YES	CLASSES:Cleric,Hallowed Mage=4							SCHOOL:Conjuration	SUBSCHOOL:Creation							TYPE:Divine			COMPS:V S M/DF	CASTTIME:1 action		RANGE:Personal			TARGETAREA:A bird of holy fire							DURATION:10 minutes/level				SAVEINFO:None				SPELLRES:No			SOURCEPAGE:p.37	DESC:See Text
Unite Allies				NAMEISPI:YES	CLASSES:Ranger=4										SCHOOL:Enchantment	SUBSCHOOL:Compulsion	DESCRIPTOR:Mind-Affecting		TYPE:Divine			COMPS:V S		CASTTIME:1 action		RANGE:50 feet	ITEM:Potion	TARGETAREA:All allies within 50 feet						DURATION:1 minute/level					SAVEINFO:None				SPELLRES:Yes (harmless)	SOURCEPAGE:p.38	DESC:See Text
Vengeful Spell Resistance		NAMEISPI:YES	CLASSES:Cleric,Hallowed Mage=7							SCHOOL:Abjuration												TYPE:Divine			COMPS:V S M/DF	CASTTIME:1 action		RANGE:Touch		ITEM:Potion	TARGETAREA:Creature touched								DURATION:1 minute/level					SAVEINFO:Will Negates (harmless)	SPELLRES:Yes (harmless)	SOURCEPAGE:p.38	DESC:See Text
Watery Prison				NAMEISPI:YES	CLASSES:Cleric,Hallowed Mage=7							SCHOOL:Transmutation					DESCRIPTOR:Good				TYPE:Divine			COMPS:V S M/DF	CASTTIME:1 action		RANGE:Medium	ITEM:Potion	TARGETAREA:One evil living creature							DURATION:Varies (see text)				SAVEINFO:Will Negates			SPELLRES:Yes		SOURCEPAGE:p.38	DESC:See Text
Waves of Light				NAMEISPI:YES	CLASSES:Cleric,Hallowed Mage=7		DOMAINS:Light=6			SCHOOL:Evocation						DESCRIPTOR:Good				TYPE:Divine			COMPS:V S M/DF	CASTTIME:1 action		RANGE:Medium	ITEM:Potion	TARGETAREA:Burst centered on you							DURATION:Instantaneous					SAVEINFO:Reflex half and partial	SPELLRES:Yes		SOURCEPAGE:p.39	DESC:See Text
Wellspring of Soul's Light		NAMEISPI:YES	CLASSES:Cleric,Hallowed Mage=9		DOMAINS:Light=9			SCHOOL:Conjuration	SUBSCHOOL:Summoning	DESCRIPTOR:Good				TYPE:Divine			COMPS:V S M/DF	CASTTIME:1 action		RANGE:Medium	ITEM:Potion	TARGETAREA:20-foot radius spread							DURATION:Instantaneous and 1 hour/level		SAVEINFO:Reflex half and none		SPELLRES:No			SOURCEPAGE:p.39	DESC:See Text
Wild Stealth				NAMEISPI:YES	CLASSES:Druid,Ranger=2									SCHOOL:Transmutation											TYPE:Divine			COMPS:S		CASTTIME:1 action		RANGE:Personal			TARGETAREA:You										DURATION:10 minutes/level				SAVEINFO:None				SPELLRES:No			SOURCEPAGE:p.39	DESC:See Text
Woodlands Prison				NAMEISPI:YES	CLASSES:Druid=4										SCHOOL:Transmutation											TYPE:Divine			COMPS:V S M		CASTTIME:1 action		RANGE:Touch		ITEM:Potion	TARGETAREA:One helpless or willing creature					DURATION:Permanent (D)					SAVEINFO:None				SPELLRES:Yes		SOURCEPAGE:p.39	DESC:See Text

###Block: Imported
SOURCELONG:Malhavoc Press - Book of Eldritch Might II	SOURCESHORT:BoEM2	SOURCEWEB:http://www.montecook.com
# Spell Name	School			Sub-School			Type				Components	Casting Time	Range			Target Area or Effect									Duration				Save Info			Spell Resistance	Source Page		Description
Sudden Wave		SCHOOL:Conjuration	SUBSCHOOL:Creation	TYPE:Arcane.Divine	COMPS:V S M	CASTTIME:1 action	RANGE:Medium	TARGETAREA:A wave of water 20 feet high, 20 feet wide, and 3 feet thick	DURATION:1 round/2 levels	SAVEINFO:Reflex half	SPELLRES:No		SOURCEPAGE:p.49	DESC:See text
