# CVS $Revision$ $Author$ -- Fri Nov 18 18:07:01 2011 -- reformated by prettylst.pl v1.39 (build )
SOURCELONG:Psionics Expanded - Unlimited Possibilities	SOURCESHORT:PEUP	SOURCEWEB:http://dreamscarredpress.com/dragonfly/index.php	SOURCEDATE:2011-09
# ORIGINAL ENTRY: Douglas Limmer
# ORIGINAL ENTRY DATE: 2011/11/04

# Feat Name				Type					Required Ability												Required Class				Required Feat			Prohibited Feat				Multiple Requirements								Required Skill			Req. Known Spell			Req. Spell Type			Required Text								Var. Must Be Grater																	Define							Description																	Stackable?	Multiple?	Choose									Modify VAR					Source Page
# NEEDS CODE WORK: Adding a spell isn't supported by the code yet;
# NEEDS CODE WORK:   especially if the class may not have a spell list.
# Feat Name				Type					Required Ability												Required Class				Required Feat			Prohibited Feat				Multiple Requirements								Required Skill			Req. Known Spell			Req. Spell Type			Required Text								Var. Must Be Grater																	Define							Description																	Stackable?	Multiple?	Choose									Modify VAR					Source Page
Access Psionic Talent		TYPE:Psionic																																		PREMULT:1,[PRESPELLCAST:TYPE=Psionic],[PREFEAT:1,Unlocked Talent]																										PREVARGT:IsPsionic,0																	DEFINE:BonusPsionicTalents|0				DESC:You are abile to manifest minor psionic abilities; gain %1 psionic talents.|BonusPsionicTalents		STACK:YES	MULT:YES	CHOOSE:NOCHOICE								BONUS:VAR|BonusPsionicTalents|5	SOURCEPAGE:p.13
Advanced Constructs		TYPE:Psionic																																																		PRESPELL:1,Astral Construct																PREVARGT:IsPsionic,0																									DESC:You gain additional menu options for astral constructs.																												SOURCEPAGE:p.13
Burning Power			TYPE:Metapsionic																																																																																																		DESC:Do extra damage with acid or fire power.																															SOURCEPAGE:p.14
Concussive Power			TYPE:Metapsionic																																																																																																		DESC:Disorient with sonic power.																																	SOURCEPAGE:p.14
Dazing Power			TYPE:Metapsionic																																																																																																		DESC:Daze creatures with power.																																	SOURCEPAGE:p.14
Echoing Power			TYPE:Metapsionic																																																																																																		DESC:Manifest this power a second time for free.																														SOURCEPAGE:p.15
Ectoplasmic Power			TYPE:Metapsionic																																																																																																		DESC:Power has full effect on incorporeal or ethereal creatures.																												SOURCEPAGE:p.15
Extra Customization		TYPE:Psionic			PREABILITY:1,CATEGORY=Special Ability,Form Astral Suit ~ Aegis																																																									PREVARGT:floor(AstralSuitLVL/5),count("ABILITIES","CATEGORY=FEAT","NAME=Extra Customization")	PREVARGT:IsPsionic,0									DESC:Gain an additional customization.												STACK:YES	MULT:YES	CHOOSE:NOCHOICE								BONUS:VAR|CustomPoints|1		SOURCEPAGE:p.15
# NEEDS CODE WORK: Doesn't add the power to the powers known list.
Extra Power Known			TYPE:Psionic																																																							PRESPELLTYPE:1,Psionic=1																																							DESC:Add one additional power known from your list, up to highest-level power known.				STACK:NO	MULT:YES	CHOOSE:SPELLS|SPELLTYPE=Psionic[LEVELMAX=MAXCASTABLE]								SOURCEPAGE:p.15
Extra Reconfiguration		TYPE:Psionic			PREABILITY:2,CATEGORY=Special Ability,Form Astral Suit ~ Aegis,Reconfigure ~ Aegis																																																						PREVARGT:IsPsionic,0																									DESC:You gain one more use of reconfigure.																									BONUS:VAR|ReconfigureTimes|1		SOURCEPAGE:p.15
Fast Step				TYPE:Psionic			PREABILITY:1,CATEGORY=Special Ability,Nomad's Step ~ Psychoportation																																																								PREVARGT:IsPsionic,0																									DESC:You may use Nomad's Step as a move action.																															SOURCEPAGE:p.15
# COMMENT: The "able to manifest <energy type> power" prerequisite is not
# COMMENT:   enforced on the Favored Energy feats because (a) it's nearly
# COMMENT:   impossible to code, and (b) the feat is useless without one.
Favored Energy (Cold)		TYPE:Psionic.FavoredEnergy															PRECLASS:1,SPELLCASTER.Psionic=3						!PREFEAT:1,TYPE=FavoredEnergy																												PRETEXT:Able to manifest any power that deals cold damage.	PREVARGT:IsPsionic,0																									DESC:Any time you manifest a power that deals cold damage, the damage is increased by +1 per die.																						SOURCEPAGE:p.15
Favored Energy (Electricity)	TYPE:Psionic.FavoredEnergy															PRECLASS:1,SPELLCASTER.Psionic=3						!PREFEAT:1,TYPE=FavoredEnergy																												PRETEXT:Able to manifest any power that deals cold damage.	PREVARGT:IsPsionic,0																									DESC:Any time you manifest a power that deals electricity damage, the damage is increased by +1 per die.																					SOURCEPAGE:p.15
Favored Energy (Fire)		TYPE:Psionic.FavoredEnergy															PRECLASS:1,SPELLCASTER.Psionic=3						!PREFEAT:1,TYPE=FavoredEnergy																												PRETEXT:Able to manifest any power that deals cold damage.	PREVARGT:IsPsionic,0																									DESC:Any time you manifest a power that deals fire damage, the damage is increased by +1 per die.																						SOURCEPAGE:p.15
Favored Energy (Sonic)		TYPE:Psionic.FavoredEnergy															PRECLASS:1,SPELLCASTER.Psionic=3						!PREFEAT:1,TYPE=FavoredEnergy																												PRETEXT:Able to manifest any power that deals cold damage.	PREVARGT:IsPsionic,0																									DESC:Any time you manifest a power that deals sonic damage, the damage is increased by +1 per die.																						SOURCEPAGE:p.15
Flaring Power			TYPE:Metapsionic																																																																																																		DESC:Dazzle creatures with fire, light, or electricity power.																												SOURCEPAGE:p.15
Focused Power			TYPE:Metapsionic																																																																																																		DESC:One target power must overcome higher DC.																															SOURCEPAGE:p.15
Lingering Power			TYPE:Metapsionic																																																																																																		DESC:Instantaneous power persists for a round.																															SOURCEPAGE:p.16
Malleable Power			TYPE:Metapsionic																							PREFEAT:1,Selective Power																		PRESKILL:1,Spellcraft=10																																																	DESC:You can exclude areas from power effect.																															SOURCEPAGE:p.16
Merciful Power			TYPE:Metapsionic																																																																																																		DESC:Power does nonlethal damage.																																	SOURCEPAGE:p.16
Metapsionic Mastery		TYPE:Psionic																	PRECLASS:1,SPELLCASTER.Psionic=3	PREFEAT:1,TYPE=Metapsionic	!PREFEAT:1,Metapsionic Mastery																																					PREVARGT:IsPsionic,0																									DESC:You can apply metapsionic feats to chosen power by increasing cost but not expending focus.				MULT:YES	CHOOSE:SPELLS|SPELLTYPE=Psionic[KNOWN=YES]									SOURCEPAGE:p.16
Persistent Power			TYPE:Metapsionic																																																																																																		DESC:Target of power must make two saves.																																SOURCEPAGE:p.16
Piercing Power			TYPE:Metapsionic																																																																																																		DESC:Power affects target as if target had 5 smaller SR.																													SOURCEPAGE:p.16
Redirect Power			TYPE:Metapsionic																																																																																																		DESC:You can redirect a failed power to a different target.																													SOURCEPAGE:p.16
Rime Power				TYPE:Metapsionic																																																																																																		DESC:Entangle creatures with cold power.																																SOURCEPAGE:p.16
# COMMENT: This looks like a job for BASESPELLSTAT, but it doesn't work.
Selective Power			TYPE:Metapsionic																																													PRESKILL:1,Spellcraft=10																																									DEFINE:SelectivePowerTargets|max(INT,WIS,CHA)	DESC:Choose %1 targets to exclude from power.|SelectivePowerTargets																											SOURCEPAGE:p.17
Shared Power			TYPE:Metapsionic																																																																																																		DESC:Manifest personal power as a 30-ft. ray, or with the Network descriptor.																										SOURCEPAGE:p.17
Sickening Power			TYPE:Metapsionic																																																																																																		DESC:Sicken creatures with power.																																	SOURCEPAGE:p.17
Thundering Power			TYPE:Metasionic																																																																																																		DESC:Deafen creatures with damaging power.																															SOURCEPAGE:p.17
Toppling Power			TYPE:Metapsionic																																																																																																		DESC:Knock creatures prone with force power.																															SOURCEPAGE:p.17
# NEEDS CODE WORK: Doesn't add power to the powers known list.
# NEEDS CODE WORK:   The character may not have a powers known list.
Unlocked Talent			TYPE:General																							PREFEAT:1,Wild Talent		!PREFEAT:1,Unlocked Talent																																																																		DESC:You gain 2 power points and one 1st-level power.												MULT:YES	CHOOSE:SPELLS|SPELLTYPE=Psionic[LEVELMAX=1;LEVELMIN=1]	BONUS:VAR|BonusPowerPoints|2		SOURCEPAGE:p.17


###Block: Pseudo-feats (ADD:ABILITY doesn't load correctly; JIRA CODE-1117)
# Feat Name				Type		Visible		Description									Stackable?	Multiple?	Choose				Bonus to skill						Class Skill
Craftsman Skill Bonus		TYPE:Pseudo	VISIBLE:EXPORT	DESC:Skill bonus from Craftsman ability.				STACK:NO	MULT:YES	CHOOSE:SKILL|TYPE=Craft		BONUS:SKILL|%LIST|CraftsmanBonus
Dromite Crafter Skill Bonus	TYPE:Pseudo	VISIBLE:EXPORT	DESC:Skill bonus from Dromite Crafter ability.			STACK:NO	MULT:YES	CHOOSE:SKILL|TYPE=Craft		BONUS:SKILL|%LIST|DromiteCrafterBonus
Duergar Ancestral Voice Bonus	TYPE:Pseudo	VISIBLE:EXPORT	DESC:Skill bonus from Duergar Ancestral Voice ability.	STACK:NO	MULT:YES	CHOOSE:SKILL|TYPE=Knowledge	BONUS:SKILL|%LIST|DuergarAncestralVoiceBonus
Ophiduan Scholar Bonus		TYPE:Pseudo	VISIBLE:EXPORT	DESC:Skill bonus from Ophiduan Scholar ability.			STACK:NO	MULT:YES	CHOOSE:SKILL|TYPE=Knowledge	BONUS:SKILL|%LIST|OphiduanScholarBonus		CSKILL:LIST
