# CVS $Revision$ $Author$ -- Wed Sep  3 00:18:24 2014 -- reformated by prettylst.pl v1.51 (build 24947)
SOURCELONG:Psionics Expanded - Unlimited Possibilities	SOURCESHORT:PEUP	SOURCEWEB:http://dreamscarredpress.com/dragonfly/index.php	SOURCEDATE:2011-09
# ORIGINAL ENTRY: Douglas Limmer
# ORIGINAL ENTRY DATE: 2011/11/07

###Block: Old Powers on Gifted Blade power list

# Spell Name				Classes of caster
Astral Traveler.MOD			CLASSES:Gifted Blade=1
Biofeedback.MOD				CLASSES:Gifted Blade=1
Burst.MOD					CLASSES:Gifted Blade=1
Call Weaponry.MOD				CLASSES:Gifted Blade=1
Chameleon.MOD				CLASSES:Gifted Blade=1
Conceal Thoughts.MOD			CLASSES:Gifted Blade=1
Deaden Attack.MOD				CLASSES:Gifted Blade=1
Detect Psionics.MOD			CLASSES:Gifted Blade=1
Distract.MOD				CLASSES:Gifted Blade=1
Elfsight.MOD				CLASSES:Gifted Blade=1
Empty Mind.MOD				CLASSES:Gifted Blade=1
Expansion.MOD				CLASSES:Gifted Blade=1
Float.MOD					CLASSES:Gifted Blade=1
Force Screen.MOD				CLASSES:Gifted Blade=1
Fortify.MOD					CLASSES:Gifted Blade=1
Grip of Iron.MOD				CLASSES:Gifted Blade=1
Inertial Armor.MOD			CLASSES:Gifted Blade=1
Metaphysical Weapon.MOD			CLASSES:Gifted Blade=1
My Light.MOD				CLASSES:Gifted Blade=1
Precognition (Defensive).MOD		CLASSES:Gifted Blade=1
Precognition (Offensive).MOD		CLASSES:Gifted Blade=1
Prescience (Offensive).MOD		CLASSES:Gifted Blade=1
Prevenom Weapon.MOD			CLASSES:Gifted Blade=1
Skate.MOD					CLASSES:Gifted Blade=1
Synesthete.MOD				CLASSES:Gifted Blade=1
Thicken Skin.MOD				CLASSES:Gifted Blade=1
Vigor.MOD					CLASSES:Gifted Blade=1

Body Adjustment.MOD			CLASSES:Gifted Blade=2
Body Equilibrium.MOD			CLASSES:Gifted Blade=2
Body Purification.MOD			CLASSES:Gifted Blade=2
Cloud Mind.MOD				CLASSES:Gifted Blade=2
Concealing Amorpha.MOD			CLASSES:Gifted Blade=2
Defy Gravity.MOD				CLASSES:Gifted Blade=2
Detect Hostile Intent.MOD		CLASSES:Gifted Blade=2
Dimension Swap.MOD			CLASSES:Gifted Blade=2
Dissolving Weapon.MOD			CLASSES:Gifted Blade=2
Energy Adaptation (Specified).MOD	CLASSES:Gifted Blade=2
Feat Leech.MOD				CLASSES:Gifted Blade=2
Heightened Vision.MOD			CLASSES:Gifted Blade=2
Prowess.MOD					CLASSES:Gifted Blade=2
Psionic Scent.MOD				CLASSES:Gifted Blade=2
Sustenance.MOD				CLASSES:Gifted Blade=2
Thought Shield.MOD			CLASSES:Gifted Blade=2
Wall Walker.MOD				CLASSES:Gifted Blade=2

Concealing Amorpha (Greater).MOD	CLASSES:Gifted Blade=3
Dimension Slide.MOD			CLASSES:Gifted Blade=3
Empathic Feedback.MOD			CLASSES:Gifted Blade=3
Escape Detection.MOD			CLASSES:Gifted Blade=3
Evade Burst.MOD				CLASSES:Gifted Blade=3
Graft Armor.MOD				CLASSES:Gifted Blade=3
Graft Weapon.MOD				CLASSES:Gifted Blade=3
Hustle.MOD					CLASSES:Gifted Blade=3
Mental Barrier.MOD			CLASSES:Gifted Blade=3
Psionic Lion's Charge.MOD		CLASSES:Gifted Blade=3
Sharpened Edge.MOD			CLASSES:Gifted Blade=3
Ubiquitous Vision.MOD			CLASSES:Gifted Blade=3
Vampiric Blade.MOD			CLASSES:Gifted Blade=3

Energy Adaptation.MOD			CLASSES:Gifted Blade=4
Fold Space.MOD				CLASSES:Gifted Blade=4
Immovability.MOD				CLASSES:Gifted Blade=4
Inertial Barrier.MOD			CLASSES:Gifted Blade=4
Psychic Reformation.MOD			CLASSES:Gifted Blade=4
Slip the Bonds.MOD			CLASSES:Gifted Blade=4
Steadfast Perception.MOD		CLASSES:Gifted Blade=4
Truevenom Weapon.MOD			CLASSES:Gifted Blade=4
Weapon of Energy.MOD			CLASSES:Gifted Blade=4

###Block: Talents
# Spell Name		Unique Key					Type			Classes of caster					School			Sub-School			Descriptor							Components			Casting Time			Range			Target Area or Effect												Duration										Save Info										Spell Resistance		Source Page		Description									Temporary Bonus
Conceal Thoughts		KEY:Conceal Thoughts Talent		TYPE:Psionic	CLASSES:Psion,Psychic Warrior,Wilder=0	SCHOOL:Telepathy						DESCRIPTOR:Mind-Affecting				COMPS:Me			CASTTIME:1 standard action	RANGE:Close		TARGETAREA:One willing creature										DURATION:(CASTERLEVEL) hours							SAVEINFO:Will negates (harmless)						SPELLRES:Yes (harmless)	SOURCEPAGE:p.21	DESC:You conceal your motives.
Create Sound		KEY:Create Sound Talent			TYPE:Psionic	CLASSES:Psion,Wilder=1				SCHOOL:Metacreativity	SUBSCHOOL:Creation	DESCRIPTOR:Sonic						COMPS:Au; see text	CASTTIME:1 standard action	RANGE:Close		TARGETAREA:Sounds; see text											DURATION:(CASTERLEVEL) rounds [D]						SAVEINFO:None									SPELLRES:No			SOURCEPAGE:p.21	DESC:Create the sound you desire.
Crystal Light		KEY:Crystal Light Talent		TYPE:Psionic	CLASSES:Psion,Wilder=0				SCHOOL:Psychokinesis					DESCRIPTOR:Light						COMPS:Vi Ma			CASTTIME:1 standard action	RANGE:Close		TARGETAREA:One crystalline creature or object								DURATION:(CASTERLEVEL) minutes [D] or Instantaneous; see text	SAVEINFO:Will negates (object) or Fortitude negates; see text	SPELLRES:Yes		SOURCEPAGE:p.21	DESC:One crystalline object glows or flashes.
Detect Psionics		KEY:Detect Psionics Talent		TYPE:Psionic	CLASSES:Psion,Psychic Warrior,Wilder=0	SCHOOL:Clairsentience													COMPS:Au Vi			CASTTIME:1 standard action	RANGE:60 ft.	TARGETAREA:Cone-shaped emanation centered on you							DURATION:Concentration, up to (CASTERLEVEL) minutes [D]		SAVEINFO:None									SPELLRES:No			SOURCEPAGE:p.22	DESC:You detect the presence of psionics.
Distract			KEY:Distract Talent			TYPE:Psionic	CLASSES:Psion,Psychic Warrior,Wilder=0	SCHOOL:Telepathy						DESCRIPTOR:Mind-Affecting				COMPS:Me			CASTTIME:1 standard action	RANGE:Close		TARGETAREA:One creature												DURATION:Concentration, up to (CASTERLEVEL) minutes [D]		SAVEINFO:Will negates								SPELLRES:Yes		SOURCEPAGE:p.23	DESC:Subject gets -4 on Perception and Sense Motive checks.	TEMPBONUS:ANYPC|SKILL|Perception,Sense Motive|-4|TYPE=Temporary
Ectoplasmic Trinket	KEY:Ectoplasmic Trinket Talent	TYPE:Psionic	CLASSES:Psion,Psychic Warrior,Wilder=0	SCHOOL:Metacreativity	SUBSCHOOL:Creation									COMPS:Ma			CASTTIME:1 standard action	RANGE:0 ft.		TARGETAREA:Unattended, nonpsionic, nonmagical object of nonliving matter, up to 1 cu. ft.	DURATION:(CASTERLEVEL) minutes [D]						SAVEINFO:None									SPELLRES:No			SOURCEPAGE:p.23	DESC:Create a small item.
Empathy			KEY:Empathy Talent			TYPE:Psionic	CLASSES:Psion,Wilder=0				SCHOOL:Telepathy						DESCRIPTOR:Mind-Affecting				COMPS:Me			CASTTIME:1 standard action	RANGE:30 ft.	TARGETAREA:30-ft.-radius spread centered on you								DURATION:Concentration, up to (CASTERLEVEL) minutes [D]		SAVEINFO:None									SPELLRES:No			SOURCEPAGE:p.23	DESC:You know the subject's surface emotions.
Energy Splash		KEY:Energy Splash Talent		TYPE:Psionic	CLASSES:Psion,Wilder=0				SCHOOL:Psychokinesis					DESCRIPTOR:see text					COMPS:Au			CASTTIME:1 standard action	RANGE:Close		TARGETAREA:Ray													DURATION:Instantaneous								SAVEINFO:None									SPELLRES:Yes		SOURCEPAGE:p.23	DESC:Shoot a weak energy ray.
Far Hand			KEY:Far Hand Talent			TYPE:Psionic	CLASSES:Psion,Wilder=0				SCHOOL:Psychokinesis													COMPS:Vi			CASTTIME:1 standard action	RANGE:Close		TARGETAREA:A nonmagical, unattended object weighing up to 5 pounds				DURATION:Concentration, up to 1 minute					SAVEINFO:None									SPELLRES:No			SOURCEPAGE:p.24	DESC:Move small objects at a limited distance.
Float				KEY:Float Talent				TYPE:Psionic	CLASSES:Psion,Psychic Warrior,Wilder=0	SCHOOL:Psychoportation													COMPS:Au			CASTTIME:1 standard action	RANGE:Personal	TARGETAREA:You													DURATION:(CASTERLEVEL) rounds [D]						SAVEINFO:None									SPELLRES:No			SOURCEPAGE:p.24	DESC:Float in liquid.
Missive			KEY:Missive Talent			TYPE:Psionic	CLASSES:Psion,Wilder=0				SCHOOL:Telepathy						DESCRIPTOR:Mind-Affecting|Language-Dependent	COMPS:Me			CASTTIME:1 standard action	RANGE:Close		TARGETAREA:One creature												DURATION:Instantaneous								SAVEINFO:None									SPELLRES:Yes		SOURCEPAGE:p.24	DESC:Send a one-way telepathic message to subject.
My Light			KEY:My Light Talent			TYPE:Psionic	CLASSES:Psion,Psychic Warrior,Wilder=1	SCHOOL:Psychokinesis					DESCRIPTOR:Light						COMPS:Au Vi			CASTTIME:1 standard action	RANGE:Personal	TARGETAREA:40-ft. cone of light emanating from you							DURATION:(CASTERLEVEL*10) min. [D]						SAVEINFO:None									SPELLRES:No			SOURCEPAGE:p.24	DESC:Your eyes emit 40-ft. cone of light.
Telekinetic Punch		KEY:Telekinetic Punch Talent		TYPE:Psionic	CLASSES:Psion,Psychic Warrior,Wilder=0	SCHOOL:Psychokinesis					DESCRIPTOR:Force						COMPS:Vi			CASTTIME:1 standard action	RANGE:Close		TARGETAREA:One creature or unattended object								DURATION:Instantaneous								SAVEINFO:Will negates (object)						SPELLRES:Yes (object)	SOURCEPAGE:p.25	DESC:Do 1 point of force damage.
Telepathic Lash		KEY:Telepathic Lash Talent		TYPE:Psionic	CLASSES:Psion,Wilder=0				SCHOOL:Telepathy		SUBSCHOOL:Compulsion	DESCRIPTOR:Mind-Affecting				COMPS:Ma Me			CASTTIME:1 standard action	RANGE:Close		TARGETAREA:One humanoid creature that has 4HD or less							DURATION:1 round									SAVEINFO:Will negates								SPELLRES:Yes		SOURCEPAGE:p.25	DESC:Humanoid creature of 4 HD or less loses next action.
Vim				KEY:Vim Talent				TYPE:Psionic	CLASSES:Psion,Psychic Warrior,Wilder=0	SCHOOL:Psychometabolism													COMPS:Ma Ol			CASTTIME:1 standard action	RANGE:Personal	TARGETAREA:You													DURATION:(CASTERLEVEL) minutes						SAVEINFO:None									SPELLRES:No			SOURCEPAGE:p.26	DESC:Gain 1 temporary hit point.

###Block: New Powers
# Spell Name		Unique Key			Type			Classes of caster							School			Sub-School		Components	Casting Time			Range			Target Area or Effect					Duration						Save Info					Spell Resistance		Choose										Source Page		Description											Temporary effect description											Temporary Bonus
Crystalline Bonds						TYPE:Psionic	CLASSES:Shaper=4							SCHOOL:Metacreativity	SUBSCHOOL:Cretion	COMPS:Me Vi	CASTTIME:1 standard action	RANGE:Medium	TARGETAREA:One Medium or smaller creature		DURATION:(CASTERLEVEL) rounds [D]		SAVEINFO:Reflex negates			SPELLRES:No														SOURCEPAGE:p.22	DESC:Damage and immobilize target.
Deaden Attack						TYPE:Psionic	CLASSES:Psychic Warrior=1					SCHOOL:Metacreativity				COMPS:Ma	CASTTIME:1 swift action		RANGE:Close		TARGETAREA:One weapon					DURATION:(CASTERLEVEL) rounds			SAVEINFO:Will negates; see text	SPELLRES:Yes; see text												SOURCEPAGE:p.22	DESC:Make weapon deal nonlethal damage.
Endorphin Surge						TYPE:Psionic	CLASSES:Gifted Blade,Psychic Warrior=2|Psion,Wilder=3	SCHOOL:Psychometabolism				COMPS:Vi	CASTTIME:1 standard action	RANGE:Personal	TARGETAREA:You						DURATION:(CASTERLEVEL) rounds [D]		SAVEINFO:None				SPELLRES:No			CHOOSE:NUMBER|MIN=0|MAX=1|TITLE=Number of 6-pt augmentations	SOURCEPAGE:p.23	DESC:You incite a rush of endorphins, augmenting your physical form.																TEMPBONUS:PC|SAVE|Will|1+%CHOICE|TYPE=Morale	TEMPBONUS:PC|COMBAT|AC|-2	TEMPBONUS:PC|STAT|STR,CON|2*(%CHOICE+1)|TYPE=Morale
# NEEDS CODE/DATA WORK: How does one reduce armor type (except for proficiency)?
Graft Armor							TYPE:Psionic	CLASSES:Gifted Blade,Psychic Warrior=3			SCHOOL:Psychometabolism				COMPS:Ol	CASTTIME:1 standard action	RANGE:Personal	TARGETAREA:You						DURATION:24 hours [D]				SAVEINFO:None				SPELLRES:No														SOURCEPAGE:p.24	DESC:Your armor becomes an extension of your body.																			TEMPBONUS:PC|MISC|ACCHECK|1	TEMPBONUS:PC|MISC|MAXDEX|1	TEMPBONUS:PC|MISC|SPELLFAILURE|-10
Physical Acceleration					TYPE:Psionic	CLASSES:Egoist,Gifted Blade,Psychic Warrior=3		SCHOOL:Psychometabolism				COMPS:Au	CASTTIME:1 standard action	RANGE:Personal	TARGETAREA:You						DURATION:(CASTERLEVEL) rounds			SAVEINFO:None				SPELLRES:No														SOURCEPAGE:p. 21	DESC:You move faster, gain +1 on attacks, AC, Reflex saves.			TEMPDESC:Grants a +1 bonus on attack rolls and a +1 dodge bonus to AC and Reflex saves	TEMPBONUS:ANYPC|SAVE|Reflex|1|TYPE=Dodge	TEMPBONUS:ANYPC|COMBAT|AC|1|TYPE=Dodge	TEMPBONUS:ANYPC|COMBAT|ATTACKS|1|TYPE=Enhancement	TEMPBONUS:ANYPC|COMBAT|TOHIT|1|TYPE=Temporary	TEMPBONUS:ANYPC|POSTMOVEADD|TYPE.ALL|min(MOVEBASE,30)|TYPE=Enhancement
Shrapnel Burst						TYPE:Psionic	CLASSES:Psychic Warrior=4|Psion,Wilder=5			SCHOOL:Metacreativity				COMPS:Me Vi	CASTTIME:1 standard action	RANGE:40 ft.	TARGETAREA:40 ft. burst					DURATION:Instantaneous				SAVEINFO:Reflex half			SPELLRES:No														SOURCEPAGE:p.26	DESC:Deal 9d6 piercing damage to all within 40 ft.

### Block: Modify powers to add to Vitalist power list
# COMMENT: Already exists in data set that introduces the Vitalist class.
#Endorphin Surge.MOD	CLASSES:Vitalist=3
#Physical Acceleration.MOD	CLASSES:Vitalist=4

### Block: Modify powers to add to Marksman power list
Trick Shot			KEY:Trick Shot Talent	TYPE:Psionic	CLASSES:Marksman=0						SCHOOL:Psychoportation				COMPS:Me	CASTTIME:1 immediate action	RANGE:Close		TARGETAREA:One Tiny or smaller object in motion	DURATION:1 round or until discharged	SAVEINFO:None				SPELLRES:No														SOURCEPAGE:p.25	DESC:Alter moving object's trajectory.
# COMMENT: Already exists in data set that introduces the Marksman class.
#Deaden Attack.MOD		CLASSES:Marksman=1
#Physical Acceleration.MOD	CLASSES:Marksman=3
