# CVS $Revision$ $Author$ -- Fri Jan  1 12:57:05 2016 -- reformated by PCGen PrettyLST v6.06.00
SOURCELONG:Deadlands Core Rulebook	SOURCESHORT:Deadlands	SOURCEWEB:http://www.peginc.com/index.htm	SOURCEDATE:2003-01

# Feat Name						Type			Visible		Required Class											Required Feat						Required Lvl	Required Non-Monster Lvl	Req. Special Ability	Required Skill			Required Stat	PRETOTALAB		Var. Min. Value			Define		Description																																														Stackable?	Multiple?	Choose																																											Auto Weapon Prof		Combat bonus		Save bonus					Bonus to skill						Stat bonus		Modify VAR			Add to vision			Weapon prof. bonus			Class Skill					Vision		Source Page
# Ability Name					Category of Ability	Type			Required Ability									Required Class											Required Lvl	Required Skill			Required Stat	PRETOTALAB		Var. Min. Value			Define		Description																																														Stackable?	Multiple?	Choose								Auto Weapon Prof		Modify VAR			Weapon prof. bonus			Source Page
Armor Proficiency (Mad Science Heavy)	CATEGORY:FEAT		TYPE:General																																															DESC:You are proficient with the workings of steam-powered battlesuits and similar types of armor concocted by mad scientists.																																																					SOURCEPAGE:p.51
Armor Proficiency (Mad Science Medium)	CATEGORY:FEAT		TYPE:General																																															DESC:You are familiar with personal armor devised by mad inventors, such as bulletproof vests and armored dusters.																																																							SOURCEPAGE:p.51
Automatic Weapon Proficiency			CATEGORY:FEAT		TYPE:General																																															DESC:You can fire fully-automatic weapons without penalty, and may use the suppressive fire ability of Gatling guns and the like. Non-proficiency incurs a -4 penalty to attack rolls.																			MULT:YES	CHOOSE:WEAPONPROFICIENCY|!PC[TYPE=Automatic]		AUTO:WEAPONPROF|%LIST											SOURCEPAGE:p.51
Brave							CATEGORY:FEAT		TYPE:General																																															DESC:+2 bonus on Will checks vs. fear.																																																																				SOURCEPAGE:p.52
Dead Eye						CATEGORY:FEAT		TYPE:Special												PRECLASS:1,Brave=6,Gunslinger=6																														DESC:If you use the full-attack option while shooting, add your level to the damage of your attack. Creatures that aren't subject to Critical Hits do not suffer the additional damage caused by Dead Eye.																																									SOURCEPAGE:p.52
Dinero						CATEGORY:FEAT		TYPE:General																																												DEFINE:Dinero|0	DESC:You have twice the normal starting funds for your class, and once per game month can wire home for half that amount.																											STACK:YES	MULT:YES	CHOOSE:NOCHOICE											BONUS:VAR|Dinero|2							SOURCEPAGE:p.52
Extra Spell Points				CATEGORY:FEAT		TYPE:Special												PRECLASS:1,Blessed=1,Black Magician=1,Diffusionist=1,Huckster=1,Shaman (DL)=1																							DESC:Each time this feat is taken, you gain five additional spell points.																																			STACK:YES	MULT:YES	CHOOSE:NOCHOICE																					SOURCEPAGE:p.52
Fannin'						CATEGORY:FEAT		TYPE:General	PREABILITY:2,CATEGORY=FEAT,Point Blank Shot,Rapid Shot																							PRESTAT:1,DEX=15	PRETOTALAB:4									DESC:As a full-round action, you may fire up to the full number of rounds in a pistol. You may choose any targets in your weapon's first range increment. Each attack is made at your highest attack bonus but suffers a -6 penalty. Fannin' may only be used with single-action pistols.																												SOURCEPAGE:p.53

Firearms Proficiency				CATEGORY:FEAT		TYPE:General																																															DESC:You attack with this specific type of weapon normally, non-proficiency incurs a -4 to hit penalty.																																MULT:YES	CHOOSE:WEAPONPROFICIENCY|Pistol|Rifle|Shotgun		AUTO:WEAPONPROF|%LIST											SOURCEPAGE:p.53
#Firearms Proficiency (Pistol)			CATEGORY:FEAT	TYPE:General																																																							DESC:You attack with this specific type of weapon normally, non-proficiency incurs a -4 to hit penalty.																																MULT:YES	CHOOSE:WEAPONPROFICIENCY|!PC[TYPE=Pistol]																																						AUTO:WEAPONPROF|%LIST																																																	SOURCEPAGE:p.53
#Firearms Proficiency (Rifle)			CATEGORY:FEAT	TYPE:General																																																							DESC:You attack with this specific type of weapon normally, non-proficiency incurs a -4 to hit penalty.																																MULT:YES	CHOOSE:WEAPONPROFICIENCY|!PC[TYPE=Rifle]																																						AUTO:WEAPONPROF|%LIST																																																	SOURCEPAGE:p.53
#Firearms Proficiency (Shotgun)		CATEGORY:FEAT	TYPE:General																																																							DESC:You attack with this specific type of weapon normally, non-proficiency incurs a -4 to hit penalty.																																MULT:YES	CHOOSE:WEAPONPROFICIENCY|!PC[TYPE=Shotgun]																																					AUTO:WEAPONPROF|%LIST																																																	SOURCEPAGE:p.53
Grim Servant o' Death				CATEGORY:FEAT		TYPE:Special																									PRELEVEL:MIN=5																				DESC:You may spend a Fate Chip to turn a successful attack into an automatic critical. Special: On an attack roll of 1, the attack automatically hits (50%% chance of critical) a random target to your front instead (or within reach for a melee weapon).																																	SOURCEPAGE:p.53


Improved Casting					CATEGORY:FEAT		TYPE:Special												PRECLASS:1,Blessed=5,Black Magician=5,Huckster=5,Shaman (DL)=5																									DESC:You gain a spectacular spellcasting success on a natural roll of 19 or 20.																																																													SOURCEPAGE:p.53
Level-Headed					CATEGORY:FEAT		TYPE:General	PREABILITY:1,CATEGORY=FEAT,Improved Initiative																																							DESC:Any Initiative rolls of less than 10 are automatically raised to 10 (before bonuses).																																																											SOURCEPAGE:p.53
Marksman						CATEGORY:FEAT		TYPE:General	PREABILITY:2,CATEGORY=FEAT,Weapon Focus,Weapon Specialization																	PRESKILL:1,Concentration=4				PRETOTALAB:5									DESC:After spending one round aiming at a target, which must not be making a double move or run, make one attack at your usual bonus which counts as a coup de grace.																																															SOURCEPAGE:p.53
Nerves o' Steel					CATEGORY:FEAT		TYPE:General																																															DESC:If you are forced to flee as the result of a failed Will save versus fear, you can choose to stand your ground instead. You still suffer any other effects from the failed save, such as ability or attack roll modifiers.																																					SOURCEPAGE:p.54
Renown						CATEGORY:FEAT		TYPE:General																									PRELEVEL:MIN=5																				DESC:You gain certain benefits from being a celebrity of sorts to a variety of social skills. See DLd20 p.54 for details.																																																						SOURCEPAGE:p.54
Sand							CATEGORY:FEAT		TYPE:General																																	PRESTAT:1,CON=15												DESC:You may continue to act even when your hit points are between zero and -10. You may take partial actions by rolling a Will save at a DC of 10 plus the number of hit points below 0.																																												SOURCEPAGE:p.55
Sucker Punch					CATEGORY:FEAT		TYPE:General	PREABILITY:1,CATEGORY=FEAT,Improved Unarmed Strike																											PRETOTALAB:1									DESC:You deal an additional 1d4 points of damage (your choice of real or subdual) when using the full attack option in hand-to-hand combat.																																																			SOURCEPAGE:p.55
The Stare						CATEGORY:FEAT		TYPE:General																												PRESKILL:1,Intimidate=9		PRESTAT:1,CHA=15												DESC:You can attempt to intimidate or outright terrify all opponents within 30 feet. Victims are shaken for 1d6 + your character level in rounds.																																																		SOURCEPAGE:p.55
Weapon Specialization				CATEGORY:FEAT		TYPE:Special	PREABILITY:1,CATEGORY=FEAT,Weapon Focus																																PREVARGTEQ:WeapSpecQualify,1				DESC:See PHB, Feats, Weapon Specialization. Specialize with Weapon Focus weapons only.																																			MULT:YES	CHOOSE:WEAPONPROFICIENCY|ABILITY=FEAT[Weapon Focus]									BONUS:WEAPONPROF=%LIST|DAMAGE|2	SOURCEPAGE:p.51
Extra Turning					CATEGORY:FEAT		TYPE:Special												PRECLASS:1,Blessed=1																																DESC:4 extra turns per day for Blessed.																																									STACK:YES	MULT:YES	CHOOSE:NOCHOICE											BONUS:VAR|TurnUndead|3							SOURCEPAGE:p.82


###Block: SRD Feats
SOURCELONG:System Reference Document	SOURCESHORT:SRD	SOURCEWEB:http://groups.yahoo.com/group/pcgen/files/3.0%20SRD/

# Feat Name				Type				Required Feat							Req. nb of Hands	Required Lvl	Required Skill	Required Stat				PRETOTALAB		Define										Description		Stackable?	Multiple?	Choose																	Selections	Auto Armor Prof				Auto Feat				Auto Shield Prof				Auto Weapon Prof			Add Spell Lvl	Combat bonus								Bonus DC						Bonus to HP			% bonus to range								Save bonus			Bonus to skill			Modify VAR																					Weapon prof. bonus										Source Page			Temporary Bonus
# Ability Name			Category of Ability	Type				Required Ability									Req. nb of Hands	Required Lvl	Required Skill	Required Stat				PRETOTALAB		Define										Description		Stackable?	Multiple?	Choose																	Selections	Auto Armor Prof				Auto Shield Prof				Auto Weapon Prof			Ability								Add Spell Lvl	Combat bonus								Bonus DC						Bonus to HP			% bonus to range								Save bonus			Bonus to skill			Modify VAR																					Weapon prof. bonus										Source Page			Temporary Bonus
Alertness				CATEGORY:FEAT		TYPE:General																																										DESC:See Text																																																																																									BONUS:SKILL|Listen,Spot|2																																				SOURCEPAGE:srdfeats
Ambidexterity			CATEGORY:FEAT		TYPE:General.Fighter												PREHANDSEQ:2							PRESTAT:1,DEX=15																		DESC:See Text																																																						BONUS:COMBAT|TOHIT-SECONDARY|4																																																																						SOURCEPAGE:srdfeats
#Armor Proficiency (Heavy)	CATEGORY:FEAT	TYPE:General								PREABILITY:2,CATEGORY=FEAT,Armor Proficiency (Medium),Armor Proficiency (Light)																											DESC:See Text																										AUTO:ARMORPROF|ARMORTYPE=Heavy																																																																																																														SOURCEPAGE:srdfeats
Armor Proficiency (Light)	CATEGORY:FEAT		TYPE:General																																										DESC:See Text																									AUTO:ARMORPROF|ARMORTYPE=Light																																																																																																			SOURCEPAGE:srdfeats
#Armor Proficiency (Medium)	CATEGORY:FEAT	TYPE:General								PREABILITY:1,CATEGORY=FEAT,Armor Proficiency (Light)																																DESC:See Text																										AUTO:ARMORPROF|ARMORTYPE=Medium																																																																																																														SOURCEPAGE:srdfeats
Blind-Fight				CATEGORY:FEAT		TYPE:General.Fighter																																									DESC:See Text																																																																																																																																	SOURCEPAGE:srdfeats
Cleave				CATEGORY:FEAT		TYPE:General.Fighter	PREABILITY:1,CATEGORY=FEAT,Power Attack														PRESTAT:1,STR=13																		DESC:See Text																																																																																																																																	SOURCEPAGE:srdfeats
Combat Casting			CATEGORY:FEAT		TYPE:General																																										DESC:See Text																																																																																																																																	SOURCEPAGE:srdfeats
Combat Reflexes			CATEGORY:FEAT		TYPE:General.Fighter																																									DESC:See Text																																																																																																																																	SOURCEPAGE:srdfeats
Deflect Arrows			CATEGORY:FEAT		TYPE:General.Fighter	PREABILITY:1,CATEGORY=FEAT,Improved Unarmed Strike												PRESTAT:1,DEX=13																		DESC:See Text																																																																																																																																	SOURCEPAGE:srdfeats
Dodge					CATEGORY:FEAT		TYPE:General.Fighter																					PRESTAT:1,DEX=13																		DESC:See Text																																																																																																																																	SOURCEPAGE:srdfeats
Empower Spell			CATEGORY:FEAT		TYPE:Metamagic.Wizard																																									DESC:See Text																																																			ADDSPELLLEVEL:2																																																																												SOURCEPAGE:srdfeats
Endurance				CATEGORY:FEAT		TYPE:General																																										DESC:See Text																																																																																																																																	SOURCEPAGE:srdfeats
Enlarge Spell			CATEGORY:FEAT		TYPE:Metamagic.Wizard																																									DESC:See Text																																																			ADDSPELLLEVEL:1																																																																												SOURCEPAGE:srdfeats
Exotic Weapon Proficiency	CATEGORY:FEAT		TYPE:General.Fighter																											PRETOTALAB:1												DESC:See Text			MULT:YES	CHOOSE:WEAPONPROFICIENCY|!PC[TYPE=Exotic]																										AUTO:WEAPONPROF|%LIST																																																																																									SOURCEPAGE:srdfeats
Expertise				CATEGORY:FEAT		TYPE:General.Fighter																					PRESTAT:1,INT=13																		DESC:See Text																																																																																																																																	SOURCEPAGE:srdfeats
Extend Spell			CATEGORY:FEAT		TYPE:Metamagic.Wizard																																									DESC:See Text																																																			ADDSPELLLEVEL:1																																																																												SOURCEPAGE:srdfeats
Far Shot				CATEGORY:FEAT		TYPE:General.Fighter	PREABILITY:1,CATEGORY=FEAT,Point Blank Shot																																	DESC:See Text																																																																											BONUS:RANGEMULT|PROJECTILE|50	BONUS:RANGEMULT|THROWN|100																																													SOURCEPAGE:srdfeats
Great Cleave			CATEGORY:FEAT		TYPE:General.Fighter	PREABILITY:2,CATEGORY=FEAT,Power Attack,Cleave													PRESTAT:1,STR=13				PRETOTALAB:4												DESC:See Text																																																																																																																																	SOURCEPAGE:srdfeats
Great Fortitude			CATEGORY:FEAT		TYPE:General																																										DESC:See Text																																																																																					BONUS:SAVE|Fortitude|2																																									SOURCEPAGE:srdfeats
Heighten Spell			CATEGORY:FEAT		TYPE:Metamagic.Wizard																																									DESC:See Text																																																			ADDSPELLLEVEL:1											BONUS:DC|FEATBONUS|1																																																														SOURCEPAGE:srdfeats
Improved Bull Rush		CATEGORY:FEAT		TYPE:General.Fighter	PREABILITY:1,CATEGORY=FEAT,Power Attack														PRESTAT:1,STR=13																		DESC:See Text																																																																																																																																	SOURCEPAGE:srdfeats
Improved Critical			CATEGORY:FEAT		TYPE:General.Fighter																											PRETOTALAB:8												DESC:See Text			MULT:YES	CHOOSE:WEAPONPROFICIENCY|PC																																																																																																											BONUS:WEAPONPROF=%LIST|CRITRANGEDOUBLE|1							SOURCEPAGE:srdfeats
Improved Disarm			CATEGORY:FEAT		TYPE:General.Fighter	PREABILITY:1,CATEGORY=FEAT,Expertise														PRESTAT:1,INT=13																		DESC:See Text																																																																																																																																	SOURCEPAGE:srdfeats
Improved Initiative		CATEGORY:FEAT		TYPE:General.Fighter																																									DESC:See Text																																																						BONUS:COMBAT|INITIATIVE|4																																																																							SOURCEPAGE:srdfeats
Improved Trip			CATEGORY:FEAT		TYPE:General.Fighter	PREABILITY:1,CATEGORY=FEAT,Expertise														PRESTAT:1,INT=13																		DESC:See Text																																																																																																																																	SOURCEPAGE:srdfeats
Improved Two-Weapon Fighting	CATEGORY:FEAT		TYPE:General.Fighter	PREABILITY:2,CATEGORY=FEAT,Two-Weapon Fighting,Ambidexterity																PRETOTALAB:9												DESC:See Text																																																						BONUS:COMBAT|SECONDARYATTACKS|1																																																																						SOURCEPAGE:srdfeats
Improved Unarmed Strike		CATEGORY:FEAT		TYPE:General.Fighter																																									DESC:See Text																																																																																																																																	SOURCEPAGE:srdfeats
Iron Will				CATEGORY:FEAT		TYPE:General																																										DESC:See Text																																																																																					BONUS:SAVE|Will|2																																										SOURCEPAGE:srdfeats
Leadership				CATEGORY:FEAT		TYPE:General																PRELEVEL:MIN=6													DEFINE:LeadershipMaxCohortLvl|0	DEFINE:LeadershipScore|0	DESC:See Text																																										ABILITY:Special Ability|AUTOMATIC|Leadership Score																																												BONUS:VAR|LeadershipMaxCohortLvl|min(TL-2,(((LeadershipScore+6)*7)/10)-4)	BONUS:VAR|LeadershipScore|(CHA+TL)																	SOURCEPAGE:srdfeats
Lightning Reflexes		CATEGORY:FEAT		TYPE:General																																										DESC:See Text																																																																																					BONUS:SAVE|Reflex|2																																									SOURCEPAGE:srdfeats
Martial Weapon Proficiency	CATEGORY:FEAT		TYPE:General																																										DESC:See Text			MULT:YES	CHOOSE:WEAPONPROFICIENCY|!PC[TYPE=Martial]																									AUTO:WEAPONPROF|%LIST																																																																																									SOURCEPAGE:srdfeats
Maximize Spell			CATEGORY:FEAT		TYPE:Metamagic.Wizard																																									DESC:See Text																																																			ADDSPELLLEVEL:3																																																																												SOURCEPAGE:srdfeats
Mobility				CATEGORY:FEAT		TYPE:General.Fighter	PREABILITY:1,CATEGORY=FEAT,Dodge															PRESTAT:1,DEX=13																		DESC:See Text																																																																																																																																	SOURCEPAGE:srdfeats
Mounted Archery			CATEGORY:FEAT		TYPE:General.Fighter	PREABILITY:1,CATEGORY=FEAT,Mounted Combat											PRESKILL:1,Ride=1																					DESC:See Text																																																																																																																																	SOURCEPAGE:srdfeats
Mounted Combat			CATEGORY:FEAT		TYPE:General.Fighter																		PRESKILL:1,Ride=1																					DESC:See Text																																																																																																																																	SOURCEPAGE:srdfeats
Point Blank Shot			CATEGORY:FEAT		TYPE:General.Fighter																																									DESC:See Text																																																						BONUS:COMBAT|TOHIT-SHORTRANGE,DAMAGE-SHORTRANGE|1																																																																			SOURCEPAGE:srdfeats
Power Attack			CATEGORY:FEAT		TYPE:General.Fighter																					PRESTAT:1,STR=13																		DESC:See Text																																																																																																																																	SOURCEPAGE:srdfeats
Precise Shot			CATEGORY:FEAT		TYPE:General.Fighter	PREABILITY:1,CATEGORY=FEAT,Point Blank Shot																																	DESC:See Text																																																																																																																																	SOURCEPAGE:srdfeats
Quick Draw				CATEGORY:FEAT		TYPE:General.Fighter																											PRETOTALAB:1												DESC:See Text																																																																																																																																	SOURCEPAGE:srdfeats
Quicken Spell			CATEGORY:FEAT		TYPE:Metamagic.Wizard																																									DESC:See Text																																																			ADDSPELLLEVEL:4																																																																												SOURCEPAGE:srdfeats
Rapid Shot				CATEGORY:FEAT		TYPE:General.Fighter	PREABILITY:1,CATEGORY=FEAT,Point Blank Shot													PRESTAT:1,DEX=13																		DESC:See Text																																																																																																																																	SOURCEPAGE:srdfeats	TEMPBONUS:EQ|Weapon,Ranged|WEAPON|TOHIT|-2	TEMPBONUS:EQ|Weapon,Ranged|WEAPON|ATTACKS|1
Ride-By Attack			CATEGORY:FEAT		TYPE:General.Fighter	PREABILITY:1,CATEGORY=FEAT,Mounted Combat											PRESKILL:1,Ride=1																					DESC:See Text																																																																																																																																	SOURCEPAGE:srdfeats
Run					CATEGORY:FEAT		TYPE:General																																										DESC:See Text																																																																																																																																	SOURCEPAGE:srdfeats
Shield Proficiency		CATEGORY:FEAT		TYPE:General																																										DESC:See Text																															AUTO:SHIELDPROF|SHIELDTYPE=Shield																																																																																													SOURCEPAGE:srdfeats
Shot on the Run			CATEGORY:FEAT		TYPE:General.Fighter	PREABILITY:3,CATEGORY=FEAT,Point Blank Shot,Dodge,Mobility											PRESTAT:1,DEX=13																		DESC:See Text																																																																																																																																	SOURCEPAGE:srdfeats
Silent Spell			CATEGORY:FEAT		TYPE:Metamagic.Wizard																																									DESC:See Text																																																			ADDSPELLLEVEL:1																																																																												SOURCEPAGE:srdfeats
Simple Weapon Proficiency	CATEGORY:FEAT		TYPE:General																																										DESC:See Text																																					AUTO:WEAPONPROF|TYPE=Simple																																																																																								SOURCEPAGE:srdfeats
Skill Focus				CATEGORY:FEAT		TYPE:General																																										DESC:See Text			MULT:YES	CHOOSE:SKILL|TYPE=Charisma|TYPE=Constitution|TYPE=Dexterity|TYPE=Intelligence|TYPE=Strength|TYPE=Wisdom																																																																			BONUS:SKILL|LIST|2																																					SOURCEPAGE:srdfeats
Spell Focus				CATEGORY:FEAT		TYPE:General																																										DESC:See Text	STACK:NO	MULT:YES	CHOOSE:SCHOOLS|ALL																																																								BONUS:DC|SCHOOL.%LIST|2|TYPE=SpellFocus																																																											SOURCEPAGE:srdfeats
Spell Mastery			CATEGORY:FEAT		TYPE:Special.Wizard																																									DESC:See Text			MULT:YES	CHOOSE:SPELLS|ALL																SELECT:INT																																																																																																									SOURCEPAGE:srdfeats
Spell Penetration			CATEGORY:FEAT		TYPE:General																																										DESC:See Text																																																																																																																																	SOURCEPAGE:srdfeats
Spirited Charge			CATEGORY:FEAT		TYPE:General.Fighter	PREABILITY:2,CATEGORY=FEAT,Mounted Combat,Ride-By Attack								PRESKILL:1,Ride=1																					DESC:See Text																																																																																																																																	SOURCEPAGE:srdfeats
Spring Attack			CATEGORY:FEAT		TYPE:General.Fighter	PREABILITY:2,CATEGORY=FEAT,Dodge,Mobility														PRESTAT:1,DEX=13				PRETOTALAB:4												DESC:See Text																																																																																																																																	SOURCEPAGE:srdfeats
Still Spell				CATEGORY:FEAT		TYPE:Metamagic.Wizard																																									DESC:See Text																																																			ADDSPELLLEVEL:1																																																																												SOURCEPAGE:srdfeats
Stunning Fist			CATEGORY:FEAT		TYPE:General.Fighter	PREABILITY:1,CATEGORY=FEAT,Improved Unarmed Strike												PRESTAT:1,DEX=13	PRESTAT:1,WIS=13	PRETOTALAB:8	DEFINE:StunningFistAttack|0	DEFINE:StunningFistDC|0			DESC:See Text																																																																																														BONUS:VAR|StunningFistDC|10+WIS	BONUS:VAR|StunningFistDC|TL/2|TYPE=NoStack	BONUS:VAR|StunningFistAttack|TL/4|TYPE=NoStack														SOURCEPAGE:srdfeats
Sunder				CATEGORY:FEAT		TYPE:General.Fighter	PREABILITY:1,CATEGORY=FEAT,Power Attack														PRESTAT:1,STR=13																		DESC:See Text																																																																																																																																	SOURCEPAGE:srdfeats
Toughness				CATEGORY:FEAT		TYPE:General																																										DESC:See Text	STACK:YES	MULT:YES	CHOOSE:NOCHOICE																																																																BONUS:HP|CURRENTMAX|3																																																							SOURCEPAGE:srdfeats
Track					CATEGORY:FEAT		TYPE:General																																										DESC:See Text																																																																																																																																	SOURCEPAGE:srdfeats
Trample				CATEGORY:FEAT		TYPE:General.Fighter	PREABILITY:1,CATEGORY=FEAT,Mounted Combat											PRESKILL:1,Ride=1																					DESC:See Text																																																																																																																																	SOURCEPAGE:srdfeats
Two-Weapon Fighting		CATEGORY:FEAT		TYPE:General.Fighter												PREHANDSEQ:2																											DESC:See Text																																																						BONUS:COMBAT|TOHIT-PRIMARY,TOHIT-SECONDARY|2|TYPE=NotRanged																																																																		SOURCEPAGE:srdfeats
Weapon Finesse			CATEGORY:FEAT		TYPE:General.Fighter																											PRETOTALAB:1												DESC:See Text			MULT:YES	CHOOSE:WEAPONPROFICIENCY|EQUIPMENT[TYPE=Finesseable]|EQUIPMENT[TYPE=Light]|EQUIPMENT[TYPE=Natural]																																																																																															BONUS:WEAPONPROF=%LIST|TOHIT|(max(STR,DEX)+SHIELDACCHECK)-STR|TYPE=NotRanged	SOURCEPAGE:srdfeats
Weapon Focus			CATEGORY:FEAT		TYPE:General.Fighter																											PRETOTALAB:1												DESC:See Text			MULT:YES	CHOOSE:WEAPONPROFICIENCY|PC																																																																																																											BONUS:WEAPONPROF=%LIST|TOHIT|1								SOURCEPAGE:srdfeats
Whirlwind Attack			CATEGORY:FEAT		TYPE:General.Fighter	PREABILITY:4,CATEGORY=FEAT,Dodge,Mobility,Spring Attack,Expertise										PRESTAT:1,DEX=13	PRESTAT:1,INT=13	PRETOTALAB:4												DESC:See Text																																																																																																																																	SOURCEPAGE:srdfeats


###Block: Dynamic Feat Descriptions
# Feat Name		Define				Clear Description	Description																																						Modify VAR
# Ability Name				Define				Clear Description	Description																																						Modify VAR
CATEGORY=FEAT|Expertise.MOD		DEFINE:CombatExpertiseMax|0	DESC:.CLEAR		DESC:When the character uses the attack action or full attack action in melee, the character can take a penalty of as much as -%1 on the character's attack and add the same number to the character's Armor Class.|CombatExpertiseMax	BONUS:VAR|CombatExpertiseMax|min(BAB,5)
CATEGORY=FEAT|Power Attack.MOD	DEFINE:PowerAttackMax|0		DESC:.CLEAR		DESC:On the character's action, before making attack rolls for a round, the character may choose to subtract up to %1 from all melee attack rolls and add the same number to all melee damage rolls.|PowerAttackMax				BONUS:VAR|PowerAttackMax|max(BAB,0)


###Block: Static Feat Descriptions
# Feat Name					Clear Description	Description
# Ability Name						Clear Description	Description
CATEGORY=FEAT|Alertness.MOD				DESC:.CLEAR		DESC:The character gets a +2 bonus on all Listen checks and Spot checks.
CATEGORY=FEAT|Ambidexterity.MOD			DESC:.CLEAR		DESC:The character ignores all penalties for using an off hand. The character is neither left-handed nor right-handed.
#CATEGORY=FEAT|Armor Proficiency (Heavy).MOD	DESC:.CLEAR		DESC:When a character wears a type of armor with which the character is proficient, the armor check penalty applies only to Balance, Climb, Escape Artist, Hide, Jump, Move Silently, Pick Pocket, and Tumble checks.
CATEGORY=FEAT|Armor Proficiency (Light).MOD	DESC:.CLEAR		DESC:When a character wears a type of armor with which the character is proficient, the armor check penalty applies only to Balance, Climb, Escape Artist, Hide, Jump, Move Silently, Pick Pocket, and Tumble checks.
#CATEGORY=FEAT|Armor Proficiency (Medium).MOD	DESC:.CLEAR		DESC:When a character wears a type of armor with which the character is proficient, the armor check penalty applies only to Balance, Climb, Escape Artist, Hide, Jump, Move Silently, Pick Pocket, and Tumble checks.
CATEGORY=FEAT|Blind-Fight.MOD				DESC:.CLEAR		DESC:In melee, every time a character misses because of concealment, the character can reroll the miss chance percentile roll one time to see if the character actually hit.
CATEGORY=FEAT|Cleave.MOD				DESC:.CLEAR		DESC::If the character deals a creature enough damage to make it drop (typically by dropping it to below 0 hit points, killing it, etc.), the character gets an immediate, extra melee attack against another creature in the immediate vicinity.
CATEGORY=FEAT|Combat Casting.MOD			DESC:.CLEAR		DESC:The character gets a +4 bonus to Concentration checks made to cast a spell while on the defensive.
CATEGORY=FEAT|Combat Reflexes.MOD			DESC:.CLEAR		DESC:When foes leave themselves open, the character may make a number of additional attacks of opportunity equal to the character's Dexterity modifier.
CATEGORY=FEAT|Deflect Arrows.MOD			DESC:.CLEAR		DESC:The character must have at least one hand free (holding nothing) to use this feat. Once per round when the character would normally be hit with a ranged weapon, the character may make a Reflex saving throw against a DC of 20 (if the ranged weapon has a magical bonus to attack, the DC increases by that amount). If the character succeeds, the character deflects the weapon. The character must be aware of the attack and not flat-footed. Attempting to deflect a ranged weapon doesn't count as an action. Exceptional ranged weapons can't be deflected.
CATEGORY=FEAT|Dodge.MOD					DESC:.CLEAR		DESC:During the character's action, the character designates an opponent and receive a +1 dodge bonus to Armor Class against attacks from that opponent.
CATEGORY=FEAT|Empower Spell.MOD			DESC:.CLEAR		DESC:All variable, numeric effects of an empowered spell are increased by one-half.
CATEGORY=FEAT|Endurance.MOD				DESC:.CLEAR		DESC:Whenever the character makes a check for performing a physical action that extends over a period of time (running, swimming, holding the character's breath, and so on), the character gets a +4 bonus to the check.
CATEGORY=FEAT|Enlarge Spell.MOD			DESC:.CLEAR		DESC:An enlarged spell has its range doubled.
CATEGORY=FEAT|Exotic Weapon Proficiency.MOD	DESC:.CLEAR		DESC:The character makes attack rolls with the weapon normally.
CATEGORY=FEAT|Extend Spell.MOD			DESC:.CLEAR		DESC:An extended spell lasts twice as long as normal.
CATEGORY=FEAT|Extra Turning.MOD			DESC:.CLEAR		DESC:Allows a character to turn undead four more times per day than normal.
CATEGORY=FEAT|Far Shot.MOD				DESC:.CLEAR		DESC:When the character uses a projectile weapon, such as a bow, its range increment increases by one-half (multiply by 1.5). When the character uses a thrown weapon, its range increment is doubled.
CATEGORY=FEAT|Great Cleave.MOD			DESC:.CLEAR		DESC:As Cleave, except that the character has no limit to the number of times the character can use it per round.
CATEGORY=FEAT|Great Fortitude.MOD			DESC:.CLEAR		DESC:The character gets a +2 bonus to all Fortitude saving throws.
CATEGORY=FEAT|Heighten Spell.MOD			DESC:.CLEAR		DESC:A heightened spell has a higher spell level than normal (up to 9th level).
CATEGORY=FEAT|Improved Bull Rush.MOD		DESC:.CLEAR		DESC:When the character performs a bull rush, the character does not draw an attack of opportunity from the defender.
CATEGORY=FEAT|Improved Critical.MOD			DESC:.CLEAR		DESC:When using the weapon the character selected, the character's threat range is doubled.
CATEGORY=FEAT|Improved Disarm.MOD			DESC:.CLEAR		DESC:The character does not suffer an attack of opportunity when the character attempts to disarm an opponent, nor does the opponent have a chance to disarm.
CATEGORY=FEAT|Improved Initiative.MOD		DESC:.CLEAR		DESC:The character gets a +4 bonus on initiative checks.
CATEGORY=FEAT|Improved Trip.MOD			DESC:.CLEAR		DESC:If the character trips an opponent in melee combat, the character immediately gets a melee attack against that opponent as if the character hadn't used the character's attack for the trip attempt.
CATEGORY=FEAT|Improved Two-Weapon Fighting.MOD	DESC:.CLEAR		DESC:In addition to the standard single extra attack the character gets with an off-hand weapon, the character gets a second attack with the off-hand weapon, albeit at a -5 penalty.
CATEGORY=FEAT|Improved Unarmed Strike.MOD		DESC:.CLEAR		DESC:The character is considered to be armed even when unarmed.
CATEGORY=FEAT|Iron Will.MOD				DESC:.CLEAR		DESC:The character gets a +2 bonus to all Will saving throws.
CATEGORY=FEAT|Leadership.MOD				DESC:.CLEAR		DESC:Having this feat enables the character to attract loyal companions and devoted followers, subordinates who assist her.
CATEGORY=FEAT|Lightning Reflexes.MOD		DESC:.CLEAR		DESC:The character gets a +2 bonus to all Reflex saving throws.
CATEGORY=FEAT|Martial Weapon Proficiency.MOD	DESC:.CLEAR		DESC:The character makes attack rolls with the weapon normally.
CATEGORY=FEAT|Maximize Spell.MOD			DESC:.CLEAR		DESC:All variable, numeric effects of a maximized spell are maximized.
CATEGORY=FEAT|Mobility.MOD				DESC:.CLEAR		DESC:The character gets a +4 dodge bonus to Armor Class against attacks of opportunity caused when the character moves out of or within a threatened area.
CATEGORY=FEAT|Mounted Archery.MOD			DESC:.CLEAR		DESC:The penalty the character suffers when using a ranged weapon from horseback is halved.
CATEGORY=FEAT|Mounted Combat.MOD			DESC:.CLEAR		DESC:Once per round when the character's mount is hit in combat, the character may make a Ride check to negate the hit.
CATEGORY=FEAT|Point Blank Shot.MOD			DESC:.CLEAR		DESC:The character gets a +1 bonus to attack and damage rolls with ranged weapons at ranges of up to 30 feet.
CATEGORY=FEAT|Precise Shot.MOD			DESC:.CLEAR		DESC:The character can shoot or throw ranged weapons at an opponent engaged in melee without suffering the standard -4 penalty.
CATEGORY=FEAT|Quick Draw.MOD				DESC:.CLEAR		DESC:The character can draw a weapon as a free action instead of as a move-equivalent action.
CATEGORY=FEAT|Quicken Spell.MOD			DESC:.CLEAR		DESC:Casting a quickened spell is a free action.
CATEGORY=FEAT|Rapid Shot.MOD				DESC:.CLEAR		DESC:The character can get one extra attack per round with a ranged weapon.
CATEGORY=FEAT|Ride-By Attack.MOD			DESC:.CLEAR		DESC:When the character is mounted and uses the charge action, the character may move and attack as with a standard charge and then move again (continuing the straight line of the charge).
CATEGORY=FEAT|Run.MOD					DESC:.CLEAR		DESC:When running, the character moves five times normal speed instead of four times normal speed.
CATEGORY=FEAT|Shield Proficiency.MOD		DESC:.CLEAR		DESC:The character can use a shield and suffer only the standard penalties.
CATEGORY=FEAT|Shot on the Run.MOD			DESC:.CLEAR		DESC:When using the attack action with a ranged weapon, the character can move both before and after the attack, provided that the character's total distance moved is not greater than the character's speed.
CATEGORY=FEAT|Silent Spell.MOD			DESC:.CLEAR		DESC:A silent spell can be cast with no verbal components.
CATEGORY=FEAT|Simple Weapon Proficiency.MOD	DESC:.CLEAR		DESC:The character makes attack rolls with simple weapons normally.
CATEGORY=FEAT|Skill Focus.MOD				DESC:.CLEAR		DESC:The character gets a +2 bonus on all skill checks with that skill.
CATEGORY=FEAT|Spell Penetration.MOD			DESC:.CLEAR		DESC:The character gets a +2 bonus to caster level checks (1d20+caster level) to beat a creature's spell resistance.
CATEGORY=FEAT|Spell Focus.MOD				DESC:.CLEAR		DESC:Choose a school of magic, such as Illusion. The character's spells of that school are more potent than normal.
CATEGORY=FEAT|Spell Mastery.MOD			DESC:.CLEAR		DESC:Each time the wizard takes this feat, choose a number of spells equal to the wizard's Intelligence modifier (they must be spells that the wizard already knows). From that point on, the wizard can prepare those spells without referring to a spellbook.
CATEGORY=FEAT|Spirited Charge.MOD			DESC:.CLEAR		DESC:When mounted and using the charge action, the character deals double damage with a melee weapon (or triple damage with a lance).
CATEGORY=FEAT|Spring Attack.MOD			DESC:.CLEAR		DESC:When using the attack action with a melee weapon, the character can move both before and after the attack, provided that the character's total distance moved is not greater than the character's speed.
CATEGORY=FEAT|Still Spell.MOD				DESC:.CLEAR		DESC:A still spell can be cast with no somatic components.
CATEGORY=FEAT|Stunning Fist.MOD			DESC:.CLEAR		DESC:Declare that the character is using the feat before making an attack roll. It forces a foe damaged by the character's unarmed attack to make a Fortitude saving throw in addition to dealing damage normally. If the defender fails his saving throw, he is stunned for 1 round. %1/day (DC %2)|StunningFistAttack|StunningFistDC
CATEGORY=FEAT|Sunder.MOD				DESC:.CLEAR		DESC:When the character strikes at an opponent's weapon, the character does not provoke an attack of opportunity.
CATEGORY=FEAT|Toughness.MOD				DESC:.CLEAR		DESC:The character gains +3 hit points.
CATEGORY=FEAT|Track.MOD					DESC:.CLEAR		DESC:To find tracks or to follow them for one mile requires a Wilderness Lore check.
CATEGORY=FEAT|Trample.MOD				DESC:.CLEAR		DESC:When the character attempts to overrun an opponent while mounted, the target may not choose to avoid the character.
CATEGORY=FEAT|Two-Weapon Fighting.MOD		DESC:.CLEAR		DESC:The character's penalties for fighting with two weapons are reduced by 2.
CATEGORY=FEAT|Weapon Finesse.MOD			DESC:.CLEAR		DESC:With the selected weapon, the character may use a Dexterity modifier instead of a Strength modifier on attack rolls.
CATEGORY=FEAT|Weapon Focus.MOD			DESC:.CLEAR		DESC:The character adds +1 to all attack rolls the character makes using the selected weapon.
CATEGORY=FEAT|Weapon Specialization.MOD		DESC:.CLEAR		DESC:The character adds +2 to all damage inflicted with the weapon the character has specialized with.
CATEGORY=FEAT|Whirlwind Attack.MOD			DESC:.CLEAR		DESC:When the character performs the full attack action, he or she can give up all regular attacks and instead make one melee attack at the full base attack bonus against each opponent within 5 feet.

#
# End
#
