# CVS $Revision$ $Author$ -- Thu Jul 10 13:41:29 2014 -- reformated by prettylst.pl v1.51 (build 24365)

#
# Ability Category				Visible		Editable?		Change Pool?	Category of Object		Type of Object			Specific choices list		Display Location
ABILITYCATEGORY:Starting Language					EDITABLE:YES	EDITPOOL:NO		CATEGORY:Special Ability						ABILITYLIST:Starting Language	DISPLAYLOCATION:Racial Abilities

ABILITYCATEGORY:Rowdy Language Selection	VISIBLE:QUALIFY	EDITABLE:YES	EDITPOOL:NO		CATEGORY:Special Ability	TYPE:RowdyLanguageSelection						DISPLAYLOCATION:Class Features
ABILITYCATEGORY:Scout Language Bonus +2	VISIBLE:QUALIFY	EDITABLE:YES	EDITPOOL:NO		CATEGORY:Special Ability	TYPE:ScoutLanguageSelection2						DISPLAYLOCATION:Class Features
ABILITYCATEGORY:Scout Language Bonus +4	VISIBLE:QUALIFY	EDITABLE:YES	EDITPOOL:NO		CATEGORY:Special Ability	TYPE:ScoutLanguageSelection4						DISPLAYLOCATION:Class Features


ABILITYCATEGORY:Harrowed		CATEGORY:Special Ability	TYPE:Harrowed	EDITABLE:YES	EDITPOOL:NO	VISIBLE:QUALIFY	DISPLAYLOCATION:Feats
ABILITYCATEGORY:Academic Mastery	CATEGORY:Special Ability				EDITABLE:YES	EDITPOOL:NO	VISIBLE:QUALIFY	DISPLAYLOCATION:Feats	ABILITYLIST:Academic Mastery
ABILITYCATEGORY:Gift			CATEGORY:Special Ability				EDITABLE:YES	EDITPOOL:NO	VISIBLE:QUALIFY	DISPLAYLOCATION:Feats	TYPE:Gift
ABILITYCATEGORY:Maverick		VISIBLE:QUALIFY	EDITABLE:YES	EDITPOOL:NO		CATEGORY:Special Ability	DISPLAYLOCATION:Feats	ABILITYLIST:Defensive Roll|Gambler's Luck|Improved Evasion|Maverick Sneak Attack|Skill Mastery|Slippery Mind



ABILITYCATEGORY:Texas Ranger Feat	VISIBLE:QUALIFY	EDITABLE:YES	EDITPOOL:NO		CATEGORY:FEAT	DISPLAYLOCATION:Feats	ABILITYLIST:Dead Eye|Dodge|Endurance|Fannin'|Far Shot|Great Fortitude|Grim Servant o' Death|Improved Critical|Improved Two-Weapon Fighting|Iron Will|Level-Headed|Mounted Archery|Point Blank Shot|Precise Shot|Quick Draw|The Stare|Toughness|Two-Weapon Fighting|Weapon Focus
ABILITYCATEGORY:Rowdy Feat		VISIBLE:QUALIFY	EDITABLE:YES	EDITPOOL:NO		CATEGORY:FEAT	DISPLAYLOCATION:Feats	ABILITYLIST:Blind-Fight|Cleave|Dodge|Expertise|Great Cleave|Great Fortitude|Grim Servant o' Death|Improved Bull Rush|Improved Critical|Improved Disarm|Improved Initiative|Improved Trip|Improved Unarmed Strike|Iron Will|Level-Headed|Mobility|Nerves o' Steel|Power Attack|Sand|Spring Attack|Stunning Fist|Sucker Punch|Sunder|Toughness|Weapon Finesse|Weapon Focus|Whirlwind Attack
ABILITYCATEGORY:Gunslinger Feat	VISIBLE:QUALIFY	EDITABLE:YES	EDITPOOL:NO		CATEGORY:FEAT	DISPLAYLOCATION:Feats	ABILITYLIST:Ambidexterity|Automatic Weapon Proficiency|Dodge|Exotic Weapon Proficiency|Fannin'|Far Shot|Grim Servant o' Death|Improved Critical|Improved Initiative|Improved Two-Weapon Fighting|Level-Headed|Mounted Archery|Point Blank Shot|Precise Shot|Quick Draw|The Stare|Two-Weapon Fighting|Weapon Focus
ABILITYCATEGORY:Black Magician Feat	VISIBLE:QUALIFY	EDITABLE:YES	EDITPOOL:NO		CATEGORY:FEAT	DISPLAYLOCATION:Feats	ABILITYLIST:Spell Mastery	TYPE:Metamagic


ABILITYCATEGORY:Dead Eye	VISIBLE:QUALIFY	EDITABLE:YES	EDITPOOL:NO		CATEGORY:FEAT	DISPLAYLOCATION:Feats	ABILITYLIST:Dead Eye

ABILITYCATEGORY:Huckster up to 1st level Hexes	VISIBLE:QUALIFY	EDITABLE:YES	EDITPOOL:NO		CATEGORY:Special Ability	DISPLAYLOCATION:Feats	ABILITYLIST:Huckster up to 1st level Hexes
ABILITYCATEGORY:Huckster up to 2nd level Hexes	VISIBLE:QUALIFY	EDITABLE:YES	EDITPOOL:NO		CATEGORY:Special Ability	DISPLAYLOCATION:Feats	ABILITYLIST:Huckster up to 2nd level Hexes
ABILITYCATEGORY:Huckster up to 3rd level Hexes	VISIBLE:QUALIFY	EDITABLE:YES	EDITPOOL:NO		CATEGORY:Special Ability	DISPLAYLOCATION:Feats	ABILITYLIST:Huckster up to 3rd level Hexes
ABILITYCATEGORY:Huckster up to 4th level Hexes	VISIBLE:QUALIFY	EDITABLE:YES	EDITPOOL:NO		CATEGORY:Special Ability	DISPLAYLOCATION:Feats	ABILITYLIST:Huckster up to 4th level Hexes
ABILITYCATEGORY:Huckster up to 5th level Hexes	VISIBLE:QUALIFY	EDITABLE:YES	EDITPOOL:NO		CATEGORY:Special Ability	DISPLAYLOCATION:Feats	ABILITYLIST:Huckster up to 5th level Hexes
ABILITYCATEGORY:Huckster up to 6th level Hexes	VISIBLE:QUALIFY	EDITABLE:YES	EDITPOOL:NO		CATEGORY:Special Ability	DISPLAYLOCATION:Feats	ABILITYLIST:Huckster up to 6th level Hexes
ABILITYCATEGORY:Huckster up to 7th level Hexes	VISIBLE:QUALIFY	EDITABLE:YES	EDITPOOL:NO		CATEGORY:Special Ability	DISPLAYLOCATION:Feats	ABILITYLIST:Huckster up to 7th level Hexes
ABILITYCATEGORY:Huckster up to 8th level Hexes	VISIBLE:QUALIFY	EDITABLE:YES	EDITPOOL:NO		CATEGORY:Special Ability	DISPLAYLOCATION:Feats	ABILITYLIST:Huckster up to 8th level Hexes
ABILITYCATEGORY:Huckster up to 9th level Hexes	VISIBLE:QUALIFY	EDITABLE:YES	EDITPOOL:NO		CATEGORY:Special Ability	DISPLAYLOCATION:Feats	ABILITYLIST:Huckster up to 9th level Hexes

ABILITYCATEGORY:Black Magician up to 1st level Black Magic	VISIBLE:QUALIFY	EDITABLE:YES	EDITPOOL:NO		CATEGORY:Special Ability	DISPLAYLOCATION:Feats	ABILITYLIST:Black Magician up to 1st level Black Magic
ABILITYCATEGORY:Black Magician up to 2nd level Black Magic	VISIBLE:QUALIFY	EDITABLE:YES	EDITPOOL:NO		CATEGORY:Special Ability	DISPLAYLOCATION:Feats	ABILITYLIST:Black Magician up to 2nd level Black Magic
ABILITYCATEGORY:Black Magician up to 3rd level Black Magic	VISIBLE:QUALIFY	EDITABLE:YES	EDITPOOL:NO		CATEGORY:Special Ability	DISPLAYLOCATION:Feats	ABILITYLIST:Black Magician up to 3rd level Black Magic
ABILITYCATEGORY:Black Magician up to 4th level Black Magic	VISIBLE:QUALIFY	EDITABLE:YES	EDITPOOL:NO		CATEGORY:Special Ability	DISPLAYLOCATION:Feats	ABILITYLIST:Black Magician up to 4th level Black Magic
ABILITYCATEGORY:Black Magician up to 5th level Black Magic	VISIBLE:QUALIFY	EDITABLE:YES	EDITPOOL:NO		CATEGORY:Special Ability	DISPLAYLOCATION:Feats	ABILITYLIST:Black Magician up to 5th level Black Magic
ABILITYCATEGORY:Black Magician up to 6th level Black Magic	VISIBLE:QUALIFY	EDITABLE:YES	EDITPOOL:NO		CATEGORY:Special Ability	DISPLAYLOCATION:Feats	ABILITYLIST:Black Magician up to 6th level Black Magic
ABILITYCATEGORY:Black Magician up to 7th level Black Magic	VISIBLE:QUALIFY	EDITABLE:YES	EDITPOOL:NO		CATEGORY:Special Ability	DISPLAYLOCATION:Feats	ABILITYLIST:Black Magician up to 7th level Black Magic
ABILITYCATEGORY:Black Magician up to 8th level Black Magic	VISIBLE:QUALIFY	EDITABLE:YES	EDITPOOL:NO		CATEGORY:Special Ability	DISPLAYLOCATION:Feats	ABILITYLIST:Black Magician up to 8th level Black Magic
ABILITYCATEGORY:Black Magician up to 9th level Black Magic	VISIBLE:QUALIFY	EDITABLE:YES	EDITPOOL:NO		CATEGORY:Special Ability	DISPLAYLOCATION:Feats	ABILITYLIST:Black Magician up to 9th level Black Magic

ABILITYCATEGORY:Shaman up to 1st level Favors	VISIBLE:QUALIFY	EDITABLE:YES	EDITPOOL:NO		CATEGORY:Special Ability	DISPLAYLOCATION:Feats	ABILITYLIST:Shaman up to 1st level Favors
ABILITYCATEGORY:Shaman up to 2nd level Favors	VISIBLE:QUALIFY	EDITABLE:YES	EDITPOOL:NO		CATEGORY:Special Ability	DISPLAYLOCATION:Feats	ABILITYLIST:Shaman up to 2nd level Favors
ABILITYCATEGORY:Shaman up to 3rd level Favors	VISIBLE:QUALIFY	EDITABLE:YES	EDITPOOL:NO		CATEGORY:Special Ability	DISPLAYLOCATION:Feats	ABILITYLIST:Shaman up to 3rd level Favors
ABILITYCATEGORY:Shaman up to 4th level Favors	VISIBLE:QUALIFY	EDITABLE:YES	EDITPOOL:NO		CATEGORY:Special Ability	DISPLAYLOCATION:Feats	ABILITYLIST:Shaman up to 4th level Favors
ABILITYCATEGORY:Shaman up to 5th level Favors	VISIBLE:QUALIFY	EDITABLE:YES	EDITPOOL:NO		CATEGORY:Special Ability	DISPLAYLOCATION:Feats	ABILITYLIST:Shaman up to 5th level Favors
ABILITYCATEGORY:Shaman up to 6th level Favors	VISIBLE:QUALIFY	EDITABLE:YES	EDITPOOL:NO		CATEGORY:Special Ability	DISPLAYLOCATION:Feats	ABILITYLIST:Shaman up to 6th level Favors
ABILITYCATEGORY:Shaman up to 7th level Favors	VISIBLE:QUALIFY	EDITABLE:YES	EDITPOOL:NO		CATEGORY:Special Ability	DISPLAYLOCATION:Feats	ABILITYLIST:Shaman up to 7th level Favors
ABILITYCATEGORY:Shaman up to 8th level Favors	VISIBLE:QUALIFY	EDITABLE:YES	EDITPOOL:NO		CATEGORY:Special Ability	DISPLAYLOCATION:Feats	ABILITYLIST:Shaman up to 8th level Favors
ABILITYCATEGORY:Shaman up to 9th level Favors	VISIBLE:QUALIFY	EDITABLE:YES	EDITPOOL:NO		CATEGORY:Special Ability	DISPLAYLOCATION:Feats	ABILITYLIST:Shaman up to 9th level Favors

ABILITYCATEGORY:Blessed up to 1st level Miracles	VISIBLE:QUALIFY	EDITABLE:YES	EDITPOOL:NO		CATEGORY:Special Ability	DISPLAYLOCATION:Feats	ABILITYLIST:Blessed up to 1st level Miracles
ABILITYCATEGORY:Blessed up to 2nd level Miracles	VISIBLE:QUALIFY	EDITABLE:YES	EDITPOOL:NO		CATEGORY:Special Ability	DISPLAYLOCATION:Feats	ABILITYLIST:Blessed up to 2nd level Miracles
ABILITYCATEGORY:Blessed up to 3rd level Miracles	VISIBLE:QUALIFY	EDITABLE:YES	EDITPOOL:NO		CATEGORY:Special Ability	DISPLAYLOCATION:Feats	ABILITYLIST:Blessed up to 3rd level Miracles
ABILITYCATEGORY:Blessed up to 4th level Miracles	VISIBLE:QUALIFY	EDITABLE:YES	EDITPOOL:NO		CATEGORY:Special Ability	DISPLAYLOCATION:Feats	ABILITYLIST:Blessed up to 4th level Miracles
ABILITYCATEGORY:Blessed up to 5th level Miracles	VISIBLE:QUALIFY	EDITABLE:YES	EDITPOOL:NO		CATEGORY:Special Ability	DISPLAYLOCATION:Feats	ABILITYLIST:Blessed up to 5th level Miracles
ABILITYCATEGORY:Blessed up to 6th level Miracles	VISIBLE:QUALIFY	EDITABLE:YES	EDITPOOL:NO		CATEGORY:Special Ability	DISPLAYLOCATION:Feats	ABILITYLIST:Blessed up to 6th level Miracles
ABILITYCATEGORY:Blessed up to 7th level Miracles	VISIBLE:QUALIFY	EDITABLE:YES	EDITPOOL:NO		CATEGORY:Special Ability	DISPLAYLOCATION:Feats	ABILITYLIST:Blessed up to 7th level Miracles
ABILITYCATEGORY:Blessed up to 8th level Miracles	VISIBLE:QUALIFY	EDITABLE:YES	EDITPOOL:NO		CATEGORY:Special Ability	DISPLAYLOCATION:Feats	ABILITYLIST:Blessed up to 8th level Miracles
ABILITYCATEGORY:Blessed up to 9th level Miracles	VISIBLE:QUALIFY	EDITABLE:YES	EDITPOOL:NO		CATEGORY:Special Ability	DISPLAYLOCATION:Feats	ABILITYLIST:Blessed up to 9th level Miracles


ABILITYCATEGORY:Guardian	VISIBLE:QUALIFY	EDITABLE:YES	EDITPOOL:NO		CATEGORY:Special Ability	DISPLAYLOCATION:Feats	TYPE:Guardian
ABILITYCATEGORY:Guardian2	VISIBLE:QUALIFY	EDITABLE:YES	EDITPOOL:NO		CATEGORY:Special Ability	DISPLAYLOCATION:Feats	TYPE:Guardian2
ABILITYCATEGORY:Guardian3	VISIBLE:QUALIFY	EDITABLE:YES	EDITPOOL:NO		CATEGORY:Special Ability	DISPLAYLOCATION:Feats	TYPE:Guardian3
ABILITYCATEGORY:Guardian4	VISIBLE:QUALIFY	EDITABLE:YES	EDITPOOL:NO		CATEGORY:Special Ability	DISPLAYLOCATION:Feats	TYPE:Guardian4


