# CVS $Revision: 21722 $ $Author: zaister $ -- Wed Dec 10 01:48:21 2014 -- reformated by prettylst.pl v1.51 (build 25712)
SOURCELONG:Advanced Player's Guide	SOURCESHORT:APG	SOURCEWEB:http://paizo.com/store/downloads/pathfinder/pathfinderRPG/v5748btpy8fo1	SOURCEDATE:2010-08

###Block: Modify default ability
# Add traits for PCs only
# Ability Name			Bonus Ability Pool

# Ability Name								Type			Visible
CATEGORY=Special Ability|Trait ~ Hedge Magician.MOD		TYPE:PFSNotLegal	VISIBLE:NO
CATEGORY=Special Ability|Trait ~ Natural-Born Leader.MOD	TYPE:PFSNotLegal	VISIBLE:NO
CATEGORY=Special Ability|Trait ~ Rich Parents.MOD		TYPE:PFSNotLegal	VISIBLE:NO

# No campaign traits allowed from this source
###Block: Campaign Traits
# Ability Name									Type			Visible
CATEGORY=Special Ability|Trait ~ Favored Person.MOD			TYPE:PFSNotLegal	VISIBLE:NO
CATEGORY=Special Ability|Trait ~ Favored Person ~ Ameiko.MOD	TYPE:PFSNotLegal	VISIBLE:NO
CATEGORY=Special Ability|Trait ~ Favored Person ~ Belor.MOD		TYPE:PFSNotLegal	VISIBLE:NO
CATEGORY=Special Ability|Trait ~ Black Sheep.MOD			TYPE:PFSNotLegal	VISIBLE:NO
CATEGORY=Special Ability|Trait ~ Black Sheep ~ Aliver.MOD		TYPE:PFSNotLegal	VISIBLE:NO
CATEGORY=Special Ability|Trait ~ Black Sheep ~ Titus.MOD		TYPE:PFSNotLegal	VISIBLE:NO
CATEGORY=Special Ability|Trait ~ Outlander.MOD				TYPE:PFSNotLegal	VISIBLE:NO
CATEGORY=Special Ability|Trait ~ Outlander ~ Lore Seeker.MOD	TYPE:PFSNotLegal	VISIBLE:NO
CATEGORY=Special Ability|Trait ~ Outlander ~ Exile.MOD		TYPE:PFSNotLegal	VISIBLE:NO
CATEGORY=Special Ability|Trait ~ Outlander ~ Missionary.MOD		TYPE:PFSNotLegal	VISIBLE:NO
