# CVS $Revision: 14380 $ $Author: amaitland $ -- Fri Oct  4 22:18:51 2013 -- reformated by prettylst.pl v1.50 (build 20400)
SOURCELONG:Ultimate Equipment	SOURCESHORT:UE	SOURCEWEB:http://paizo.com/products/btpy8tmc?Pathfinder-Roleplaying-Game-Ultimate-Equipment	SOURCEDATE:2012-08
# Pathfinder RPG Entry by: Stefan Radermacher and Scott Meyer

###Block: Adventuring Gear
# Equipment Name									Output Name						Type								Contains									Cost		Weight	Base Quantity	Source, Long Desc.		Source, Short Desc.	Source Page		Bonus to skill													Modify VAR			Quality and value																			Special Property
Air Bladder																	TYPE:Goods.General															COST:0.1	WT:0.5													SOURCEPAGE:p.58																																									SPROP:If inflated, it holds enough air to sustain a Medium creature for 1 round or a Small creature for 2 rounds.
Animal Glue																	TYPE:Goods.General.Consumable														COST:0.5	WT:0.5													SOURCEPAGE:p.58																																									SPROP:Before you use animal glue, you must heat it until it liquefies. You normally apply it with a brush and hold the pieces together for a minute, at which point it is cooled and hardened. The glue is sufficient to coat 1 square foot of surface, or up to 40 smaller applications of approximately 2 square inches each.
Area Map																	TYPE:Goods.General															COST:50	WT:2														SOURCEPAGE:p.58	BONUS:SKILL|Survival (Navigate),Knowledge (Dungeoneering (Navigate))|1|TYPE=Circumstance																										SPROP:A geographically relevant map grants a user a +1 circumstance bonus on Survival checks made to navigate in the wilderness. It also can be used to grant the same bonus on Knowledge (dungeoneering) checks made to navigate underground.
Astrolabe.MOD																TYPE:Goods.General															COST:1000	WT:6														SOURCEPAGE:p.58																																									SPROP:When using an astrolabe, you can make a Survival check using your Intelligence modifier instead of your Wisdom modifier to avoid becoming lost.
Backpack.MOD									OUTPUTNAME:Backpack, Common																																					SOURCEPAGE:p.58
Backpack (Masterwork).MOD							OUTPUTNAME:Backpack, Masterwork		TYPE:Goods.General.Container.Resizable		CONTAINS:UNLIM|Any							COST:50	WT:4														SOURCEPAGE:p.58																BONUS:VAR|LOADSCORE|1
Bandolier																	TYPE:Goods.Clothing.Resizable														COST:0.5															SOURCEPAGE:p.59																																									SPROP:Contains small loops or pouches for holding eight objects the size of a flask or small dagger. You can use the “retrieve a stored item” action to take an item from a bandolier.
Banner (Simple)									OUTPUTNAME:Banner, Simple			TYPE:Goods.General															COST:1	WT:2														SOURCEPAGE:p.59																																									SPROP:A simple banner with one field color and a simple insignia.
Banner (Complex)									OUTPUTNAME:Banner, Complex			TYPE:Goods.General															COST:5	WT:2														SOURCEPAGE:p.59																																									SPROP:A banner with two to four field colors and a complex insignia.
Banner (Detailed)									OUTPUTNAME:Banner, Detailed			TYPE:Goods.General															COST:20	WT:2														SOURCEPAGE:p.59																																									SPROP:A detailed banner with four or more field colors and a very complex insignia.
Barbed Vest.MOD																TYPE:Goods.Clothing.Resizable.Shirt													COST:10	WT:4														SOURCEPAGE:p.59																																									SPROP:Any creature that injures you with a natural or unarmed attack must make a DC 15 Reflex save or take 1 point of damage. If a creature swallows you, it takes 1 point of damage each round until it either spits you up, you escape, or you die. The vest can only be worn over light armor or no armor.
Barrel.MOD																																																			SOURCEPAGE:p.59
Basket.MOD																																																			SOURCEPAGE:p.59
Bedroll.MOD																																																			SOURCEPAGE:p.59
Bell.MOD																																																			SOURCEPAGE:p.59
Bell Net																	TYPE:Goods.General															COST:2	WT:2														SOURCEPAGE:p.59	BONUS:SKILL|Stealth|-2																																					SPROP:Creatures attempting to access gear protected by a bell net must succeed at a DC 25 Sleight of Hand check to avoid chiming the bells. Hearing the chiming bells of a bell net requires a DC 0 Perception check. Because the many bells chime when you move, traveling with a bell net gives you a -2 penalty on Stealth checks.
Pouch (Belt).MOD									OUTPUTNAME:Belt Pouch																																						SOURCEPAGE:p.59
Blanket.MOD																	TYPE:Goods.General.Resizable														COST:0.5	WT:3														SOURCEPAGE:p.59
Block and Tackle.MOD																																																	SOURCEPAGE:p.60
Blue Book																	TYPE:Goods.Tools.Book															COST:5	WT:1														SOURCEPAGE:p.60																																									SPROP:By consulting the book for 1 hour, for the next 24 hours you gain a +2 circumstance bonus on Knowledge (local), Bluff, and Diplomacy checks to gather or use information in that city. At the GM's discretion, you can use it in settlements near that city for a +1 bonus.
Book of Letters																TYPE:Goods.Tools.Book															COST:50	WT:3														SOURCEPAGE:p.60	BONUS:SKILL|Diplomacy (City Officials),Linguistics (Forgery)|2|TYPE=Circumstance																											SPROP:It provides a +2 circumstance bonus on Diplomacy checks when dealing with city officials and a +2 circumstance bonus on Linguistics checks when creating forgeries.
Bottle (Glass).MOD																																																	SOURCEPAGE:p.60
Breakaway Chains																TYPE:Goods.Tools.Masterwork														COST:65	WT:2														SOURCEPAGE:p.60																																									SPROP:These masterwork chains are easy to break, even though they look like normal chains (Perception DC 25 to notice the difference). A DC 10 Strength check breaks them instantly.
Bucket.MOD																																																			SOURCEPAGE:p.60
Lantern (Bullseye).MOD								OUTPUTNAME:Bullseye Lantern																																					SOURCEPAGE:p.60
Buoy (Common).MOD									OUTPUTNAME:Bouy, Common				TYPE:Goods.General															COST:0.5	WT:16														SOURCEPAGE:p.60
Buoy (Superior).MOD								OUTPUTNAME:Buoy, Superior			TYPE:Goods.General															COST:10	WT:30														SOURCEPAGE:p.60
Butterfly Net.MOD																TYPE:Goods.General.Resizable														COST:5	WT:2														SOURCEPAGE:p.60
Caltrops.MOD																																																		SOURCEPAGE:p.60
Camouflage Netting															TYPE:Goods.Tools																COST:20	WT:5														SOURCEPAGE:p.61																																									SPROP:When you hide under the netting in the appropriate terrain, you gain a +4 circumstance bonus on Stealth checks as long as you remain immobile and prone.
Candle.MOD																																																			SOURCEPAGE:p.61
Candle.COPY=Candles (10)																																COST:0.1			BASEQTY:10
Candle Lamp																	TYPE:Goods.General.Lightsource													COST:5	WT:1														SOURCEPAGE:p.61																																									SPROP:A small lanternlike device with glass panels and a slot to hold a candle. It protects the candle from drafts and catches wax drippings. Provides the same light as a candle, but can be shuttered such that it only illuminates 1 to 3 adjacent squares. You can use a candle lamp to keep your hands warm.
Candlestick																	TYPE:Goods.General															COST:0.01	WT:0.5													SOURCEPAGE:p.61
Canteen																	TYPE:Goods.Container.General				CONTAINS:4|Liquid=4							COST:2	WT:1														SOURCEPAGE:p.61
Canvas (Sq Yd).MOD																																																	SOURCEPAGE:p.61
Cauldron.MOD																TYPE:Goods.Tools																COST:1	WT:5														SOURCEPAGE:p.61
Cauldron (Mithral)								OUTPUTNAME:Cauldron, Mithral			TYPE:Goods.Tools																COST:1251	WT:2.5													SOURCEPAGE:p.61																																									SPROP:Lighter than a standard cauldron and food rarely sticks to it.
Chain (10 Ft).MOD																																																		SOURCEPAGE:p.61
Chalk (1 Piece).MOD																																																	SOURCEPAGE:p.62
Chalkboard.MOD																TYPE:Goods.General															COST:1	WT:2														SOURCEPAGE:p.62
Chest (Small).MOD																																																		SOURCEPAGE:p.62
Chest (Medium).MOD																																																	SOURCEPAGE:p.62
Chest (Large).MOD																																																		SOURCEPAGE:p.62
Chest (Huge).MOD																																																		SOURCEPAGE:p.62
Clay																		TYPE:Goods.General															COST:0.1	WT:1														SOURCEPAGE:p.62
Coffee Pot																	TYPE:Goods.General															COST:3	WT:4														SOURCEPAGE:p.62
Coffin (Common)																TYPE:Goods.General.Resizable														COST:10	WT:30														SOURCEPAGE:p.62
Coffin (Ornate)																TYPE:Goods.General.Resizable														COST:100	WT:50														SOURCEPAGE:p.62
Collapsible Bathtub															TYPE:Goods.General.Resizable														COST:15	WT:20														SOURCEPAGE:p.62
Collapsible Plank																TYPE:Goods.General															COST:0.4	WT:10														SOURCEPAGE:p.62
Compass.MOD																	TYPE:Goods.General															COST:10	WT:.5														SOURCEPAGE:p.62	BONUS:SKILL|Survival (Navigate),Knowledge (Dungeoneering (Navigate))|1|TYPE=Circumstance
Copy of a Key																TYPE:Goods.Tools																COST:1															SOURCEPAGE:p.63																																									SPROP:An artisan can make a working copy of a key in an hour.
Cot																		TYPE:Goods.General.Resizable														COST:1	WT:30														SOURCEPAGE:p.63
Crowbar.MOD																																																			SOURCEPAGE:p.63
Cypher Books																TYPE:Goods.General															COST:150	WT:2														SOURCEPAGE:p.63																																									SPROP:A creature without access to the appropriate cypher book takes a -10 penalty on Linguistic checks made to decipher each page of a coded message.
Drill.MOD																	TYPE:Goods.General															COST:.5	WT:1														SOURCEPAGE:p.63
Ear Trumpet																	TYPE:Goods.General															COST:5	WT:2														SOURCEPAGE:p.63																																									SPROP:By holding this specially crafted ear trumpet to your ear and placing the other end against a door or wall, you reduce the DC penalty for listening through a door or wall by 5.
Earplugs.MOD																TYPE:Goods.General															COST:0.03															SOURCEPAGE:p.63																																									SPROP:Give you a +2 circumstance bonus on saves against effects that require hearing, but also cause a -5 penalty on hearing-based Perception checks.
Everburning Torch.MOD																																																	SOURCEPAGE:p.63
Fake Footprint Shoes															TYPE:Goods.General															COST:5	WT:2														SOURCEPAGE:p.63																																									SPROP:Each pair creates a specific type of footprint, such as tiger, orc, goblin, or ogre. When walking with these shoes, you may make a Survival check; the check result is the Survival DC for anyone trying to determine whether the tracks are what they appear to be.
False Manacles																TYPE:Goods.General.Masterwork														COST:65	WT:2														SOURCEPAGE:p.64																																									SPROP:A wearer who knows the location of the secret catch can open them as a standard action.
False-Bottomed Chest															TYPE:Goods.General															COST:52	WT:25														SOURCEPAGE:p.64
False-Bottomed Cup															TYPE:Goods.General															COST:1															SOURCEPAGE:p.64
False-Bottomed Scabbard															TYPE:Goods.General															COST:45	WT:1														SOURCEPAGE:p.64
Familiar Satchel																TYPE:Goods.General															COST:25	WT:6														SOURCEPAGE:p.64																																									SPROP:Provides total cover to any Tiny or smaller creature contained within it.
Filter Hood																	TYPE:Goods.Tools.Headgear.Resizable													COST:10	WT:4														SOURCEPAGE:p.64	BONUS:SKILL|Perception|-2																																				SPROP:This snug leather hood has built-in goggles and a filtration tube containing sponges. A filter hood uses your helm slot and imposes a -2 penalty on hearing- and sight-based Perception checks. While the sponges are moist, the hood grants you a +2 resistance bonus on saving throws against inhaled poisons and other airborne attacks that require you to breathe them. Moistening the sponges with water is a standard action. The sponges dry out after 1d4 × 10 minutes and should be thoroughly rinsed after each use.
Firewood (Per Day).MOD																																																	SOURCEPAGE:p.64
Fishhook.MOD																																																		SOURCEPAGE:p.64
Fishing Net (25 Sq Ft).MOD																																																SOURCEPAGE:p.64
Flask (Empty).MOD																																																		SOURCEPAGE:p.64
Flint and Steel.MOD																																																	SOURCEPAGE:p.64
Folding Chair																TYPE:Goods.General.Resizable														COST:2	WT:10														SOURCEPAGE:p.64
Folding Ladder																TYPE:Goods.General															COST:2	WT:16														SOURCEPAGE:p.65
Folding Pole																TYPE:Goods.General															COST:0.2	WT:10														SOURCEPAGE:p.65
Folding Table																TYPE:Goods.General															COST:10	WT:20														SOURCEPAGE:p.65
Gear Maintenance Kit															TYPE:Goods.Tools.Kits															COST:5	WT:2														SOURCEPAGE:p.65
Glass Cutter																TYPE:Goods.General															COST:5															SOURCEPAGE:p.65
Glue Paper																	TYPE:Goods.General.Consumable														COST:0.1															SOURCEPAGE:p.65																																									SPROP:If you apply glue paper to a window before you break it, the broken pieces stick to the glue rather than noisily falling to the ground.
Grappling Arrow																TYPE:Goods.General															COST:1	WT:0.5													SOURCEPAGE:p.65																																									SPROP:A small grappling hook designed to be tied to a silk rope and fired from a bow. When fired, it has a range increment of 30 feet.
Grappling Bolt																TYPE:Goods.General															COST:1	WT:0.5													SOURCEPAGE:p.65																																									SPROP:A small grappling hook designed to be tied to a silk rope and fired from a crossbow. When fired, it has a range increment of 30 feet.
Grappling Hook.MOD								OUTPUTNAME:Grappling Hook, Common																																				SOURCEPAGE:p.65
Grappling Hook (Mithral)							OUTPUTNAME:Grappling Hook, Mithral		TYPE:Goods.General															COST:1001	WT:2														SOURCEPAGE:p.65
Grooming Kit																TYPE:Goods.General.Resizable														COST:1	WT:2														SOURCEPAGE:p.65
Gunsmith's Kit																TYPE:Goods.General															COST:15	WT:2														SOURCEPAGE:p.65
Hammer.MOD																																																			SOURCEPAGE:p.65
Hammock																	TYPE:Goods.General.Resizable														COST:0.1	WT:3														SOURCEPAGE:p.65
Harrow Deck																	TYPE:Goods.General															COST:100															SOURCEPAGE:p.66
Helmet Candle																TYPE:Goods.General.Headgear														COST:2	WT:4														SOURCEPAGE:p.66
Heritage Book																TYPE:Goods.Tools.Book															COST:50	WT:2														SOURCEPAGE:p.66	BONUS:SKILL|Knowledge (Nobility)|2|TYPE=Circumstance																																SPROP:Consulting this book grants a +2 circumstance bonus on Knowledge (nobility) checks.
Hip Flask																	TYPE:Goods.Container.General.Flask.Resizable	CONTAINS:1|Liquid=1|SpellComponent=1|Poison=1			COST:1	WT:0.5													SOURCEPAGE:p.66
Hollowed Pommel																TYPE:Goods.General															COST:5															SOURCEPAGE:p.66
Holy Symbol (Wooden).MOD																																																SOURCEPAGE:p.66
Holy Symbol (Wooden).COPY=Holy Symbol (Wooden/Compartment)									TYPE:Container						CONTAINS:1|Vial=1|Flask=1						COST:6
Holy Symbol (Wooden).COPY=Holy Symbol (Wooden/Flask)										TYPE:Container						CONTAINS:1|Liquid=1|SpellComponent=1|Poison=1			COST:11
Holy Symbol (Iron)															TYPE:Goods.Tools.DivineFocus														COST:5	WT:1														SOURCEPAGE:p.66
Holy Symbol (Iron).COPY=Holy Symbol (Iron/Compartment)									TYPE:Container						CONTAINS:1|Vial=1|Flask=1						COST:10
Holy Symbol (Iron).COPY=Holy Symbol (Iron/Flask)										TYPE:Container						CONTAINS:1|Liquid=1|SpellComponent=1|Poison=1			COST:15
Holy Symbol (Silver).MOD																																																SOURCEPAGE:p.66
Holy Symbol (Silver).COPY=Holy Symbol (Silver/Compartment)									TYPE:Container						CONTAINS:1|Vial=1|Flask=1						COST:30
Holy Symbol (Silver).COPY=Holy Symbol (Silver/Flask)										TYPE:Container						CONTAINS:1|Liquid=1|SpellComponent=1|Poison=1			COST:35
Holy Symbol (Gold)															TYPE:Goods.Tools.DivineFocus														COST:100	WT:1														SOURCEPAGE:p.66
Holy Symbol (Gold).COPY=Holy Symbol (Gold/Compartment)									TYPE:Container						CONTAINS:1|Vial=1|Flask=1						COST:105
Holy Symbol (Gold).COPY=Holy Symbol (Gold/Flask)										TYPE:Container						CONTAINS:1|Liquid=1|SpellComponent=1|Poison=1			COST:110
Holy Symbol (Platinum)															TYPE:Goods.Tools.DivineFocus														COST:500	WT:1														SOURCEPAGE:p.66
Holy Symbol (Platinum).COPY=Holy Symbol (Platinum/Compartment)								TYPE:Container						CONTAINS:1|Vial=1|Flask=1						COST:505
Holy Symbol (Platinum).COPY=Holy Symbol (Platinum/Flask)									TYPE:Container						CONTAINS:1|Liquid=1|SpellComponent=1|Poison=1			COST:510
Holy Symbol (Tattoo)															TYPE:Goods.Tools.DivineFocus														COST:100															SOURCEPAGE:p.66
Holy Text (Cheap)																TYPE:Goods.Tools.Book															COST:1	WT:1														SOURCEPAGE:66																																									SPROP:A small, light book with no illustrations, printed or written on thin paper, and with a cover made of canvas or thin leather.
Holy Text (Typical)															TYPE:Goods.Tools.Book															COST:25	WT:2														SOURCEPAGE:66																																									SPROP:A typical holy text for an experienced adventuring priest. Durable, with a leather cover, chapter illustrations and quality paper.
Holy Text (Expensive)															TYPE:Goods.Tools.Book															COST:100	WT:20														SOURCEPAGE:66																																									SPROP:The most expensive versions have detailed illustrations, gilded initials and border decorations, covers made of fine leather, wood, or even metal, and are often oversized and difficult to carry around.
Lantern (Hooded).MOD																																																	SOURCEPAGE:p.67
Hourglass (6 Seconds).MOD							OUTPUTNAME:Hourglass, 6 Seconds																				COST:10						SOURCELONG:Ultimate Equipment	SOURCESHORT:UE		SOURCEPAGE:p.67
Hourglass.MOD									OUTPUTNAME:Hourglass, 1 Minute																				COST:20	WT:0.5													SOURCEPAGE:p.67
Hourglass (1 Hour).MOD								OUTPUTNAME:Hourglass, 1 Hour																					COST:25	WT:1					SOURCELONG:Ultimate Equipment	SOURCESHORT:UE		SOURCEPAGE:p.67
Ink (1 oz Vial).MOD																																																	SOURCEPAGE:p.67
Inkpen.MOD																																																			SOURCEPAGE:p.67
Iron Spike.MOD																TYPE:Goods.General															COST:0.05	WT:1														SOURCEPAGE:p.67
Iron Vial																	TYPE:Goods.General.Vial															COST:0.1	WT:1														SOURCEPAGE:p.67
Journal																	TYPE:Goods.Tools.Book															COST:10	WT:1														SOURCEPAGE:p.67																																									SPROP:a blank, lightweight book with an oilskin cover. It has 50 paper pages.
Jug (Clay).MOD									OUTPUTNAME:Jug																																							SOURCEPAGE:p.67
Ladder (10 Ft).MOD																																																	SOURCEPAGE:p.67
Lamp (Common).MOD																																																		SOURCEPAGE:p.67
Lamp (Common/Waterproof)														TYPE:Goods.General.LightSource													COST:5.1	WT:1														SOURCEPAGE:p.156																				QUALITY:Bright Illumination|15 ft.	QUALITY:Shadowy Illumination|30 ft.	QUALITY:Duration|6 hr./pint					SPROP:Bright illumination (15'), shadowy illumination (30'), 6 hr./pint, holds enough air to burn underwater for 5 rounds before going dark.
Lantern (Bullseye/Waterproof)														TYPE:Goods.General.LightSource													COST:17	WT:3														SOURCEPAGE:p.156																				QUALITY:Normal Illumination|60 ft. cone	QUALITY:Increases light level by 1 step|120 ft. cone	QUALITY:Duration|6 hr./pint	SPROP:Normal illumination (60'), plus 1 step (120'), 6 hr./pint, holds enough air to burn underwater for 5 rounds before going dark.
Lantern (Hooded/Waterproof)														TYPE:Goods.General.LightSource													COST:12	WT:2														SOURCEPAGE:p.156																				QUALITY:Bright Illumination|30 ft.	QUALITY:Shadowy Illumination|60 ft.	QUALITY:Duration|6 hr./pint					SPROP:Bright illumination (30'), shadowy illumination (60'), 6 hr./pint, holds enough air to burn underwater for 5 rounds before going dark.
Lock (Simple).MOD																																																		SOURCEPAGE:p.67
Lock (Average).MOD																																																	SOURCEPAGE:p.67
Lock (Good).MOD																																																		SOURCEPAGE:p.67
Lock (Superior).MOD																																																	SOURCEPAGE:p.67
Magnet.MOD																	TYPE:Goods.General															COST:0.5	WT:0.5													SOURCEPAGE:p.67
Magnifying Glass.MOD															TYPE:Goods.General															COST:100															SOURCEPAGE:p.67	BONUS:SKILL|Appraise|2|TYPE=Circumstance
Manacles (Medium).MOD																																																	SOURCEPAGE:p.68
Manacles (Small).MOD																																																	SOURCEPAGE:p.68
Manacles (Large).MOD																																																	SOURCEPAGE:p.68
Manacles (Huge).MOD																																																	SOURCEPAGE:p.68
Manacles (Masterwork/Small).MOD																																															SOURCEPAGE:p.68
Manacles (Masterwork/Large).MOD																																															SOURCEPAGE:p.68
Manacles (Masterwork/Huge).MOD																																															SOURCEPAGE:p.68
Manacles (Masterwork/Medium).MOD																																															SOURCEPAGE:p.68
Manacles (Mithral/Small)														TYPE:Goods.General															COST:1000	WT:2														SOURCEPAGE:p.68
Manacles (Mithral/Medium)														TYPE:Goods.General															COST:1000	WT:2														SOURCEPAGE:p.68
Manacles (Mithral/Large)														TYPE:Goods.General															COST:10000	WT:8														SOURCEPAGE:p.68
Manacles (Mithral/Huge)															TYPE:Goods.General															COST:100000	WT:32														SOURCEPAGE:p.68
Marbles.MOD																	TYPE:Goods.General															COST:0.1	WT:2														SOURCEPAGE:p.68
Mess Kit																	TYPE:Goods.General															COST:0.2	WT:1														SOURCEPAGE:p.68
Miner's Pick																TYPE:Goods.General															COST:3	WT:10														SOURCEPAGE:p.68
Mirror (Small/Steel).MOD																																																SOURCEPAGE:p.68
Mock Armor																	TYPE:Goods.Clothing.Armor.Resizable													COST:90	WT:10														SOURCEPAGE:p.68	BONUS:SKILL|Bluff (Conceal Identity)|4|TYPE=Circumstance
Mug or Tankard (Clay).MOD																																																SOURCEPAGE:p.68
Oil (1 Pint Flask).MOD																																																	SOURCEPAGE:p.68
Paper (Sheet).MOD																																																		SOURCEPAGE:p.69
Parchment (Sheet).MOD																																																	SOURCEPAGE:p.69
Perfume/Cologne																TYPE:Goods.General.Vial															COST:5															SOURCEPAGE:p.69																																									SPROP:Perfume or cologne may (at the GM's discretion) provide a +1 circumstance bonus on several Charisma-based skill checks.
Periscope.MOD																TYPE:Goods.General															COST:20	WT:4														SOURCEPAGE:p.69
Pitcher (Clay).MOD																																																	SOURCEPAGE:p.69
Piton.MOD																																																			SOURCEPAGE:p.69
Ring (Poison Pill).MOD								OUTPUTNAME:Ring, Poison Pill			TYPE:Goods.General															COST:20	WT:0														SOURCEPAGE:p.69
Poisoning Sheath																TYPE:Goods.General.Resizable														COST:50	WT:1														SOURCEPAGE:p.69
Pole (10 Ft).MOD																																																		SOURCEPAGE:p.69
Portable Bridge																TYPE:Goods.General															COST:200	WT:60														SOURCEPAGE:p.70
Ram (Portable).MOD								OUTPUTNAME:Portable Ram																																						SOURCEPAGE:p.70
Pot (Iron).MOD																																																		SOURCEPAGE:p.70
Pot (Mithral)																TYPE:Goods.General															COST:1001	WT:2														SOURCEPAGE:p.70
Powder.MOD																	TYPE:Goods.General.Consumable														COST:0.01	WT:0.5													SOURCEPAGE:p.70																																									SPROP:Throwing a bag of powder into a square is an attack against AC 5, and momentarily reveals whether an invisible creature is there.
Powder Horn																	TYPE:FirearmGear																COST:3	WT:1														SOURCEPAGE:p.70
Prosthetic (Arm)																TYPE:Goods.General.Container.Resizable		CONTAINS:2|ANY								COST:10	WT:3														SOURCEPAGE:p.70
Prosthetic (Foot)																TYPE:Goods.General.Container.Resizable		CONTAINS:1|ANY								COST:1	WT:2														SOURCEPAGE:p.70
Prosthetic (Hand)																TYPE:Goods.General.Container.Resizable		CONTAINS:1|ANY								COST:1	WT:1														SOURCEPAGE:p.70
Prosthetic (Leg)																TYPE:Goods.General.Container.Resizable		CONTAINS:2|ANY								COST:20	WT:6														SOURCEPAGE:p.70
Pyrography Kit																TYPE:Goods.General															COST:1	WT:2														SOURCEPAGE:p.70
Rice Paper (Sheet).MOD								OUTPUTNAME:Rice Paper, Sheet			TYPE:Goods.General.Writing.Documents												COST:0.05	WT:0														SOURCEPAGE:p.70
Rope (Hemp/50 ft).MOD																																																	SOURCEPAGE:p.70
Sack.MOD																																																			SOURCEPAGE:p.70
Saw.MOD																	TYPE:Goods.General															COST:0.04	WT:2														SOURCEPAGE:p.71
Scroll Box																	TYPE:Goods.Container.General				CONTAINS:UNLIM|Total=10|Paper=10|Documents=10|Scroll=10	COST:5	WT:1														SOURCEPAGE:p.71
Case (Map or Scroll).MOD							OUTPUTNAME:Scroll Case																																						SOURCEPAGE:p.71
Sealing Wax.MOD																																																		SOURCEPAGE:p.71
Sentry Mannequin																TYPE:Goods.General.Resizable														COST:30	WT:35														SOURCEPAGE:p.71
Sewing Needle.MOD																																																		SOURCEPAGE:p.71
Sextant.MOD																	TYPE:Goods.Tools																COST:500	WT:2														SOURCEPAGE:p.71
Shaving Kit																	TYPE:Goods.General															COST:1.5	WT:0.5													SOURCEPAGE:p.71
Shield Sconce																TYPE:Goods.General															COST:1	WT:0.5													SOURCEPAGE:p.71																																									SPROP:This metal frame holds a torch and is designed to be strapped to the front of a light, heavy, or tower shield, allowing you to carry a torch without giving up your shield or occupying your weapon hand.
Shovel or Spade.MOD								OUTPUTNAME:Shovel, Common																																					SOURCEPAGE:p.71
Shovel (Folding)									OUTPUTNAME:Shovel, Folding			TYPE:Goods.General															COST:10	WT:12														SOURCEPAGE:p.71
Signal Horn.MOD																TYPE:Goods.General.Resizable														COST:1	WT:2														SOURCEPAGE:p.71
Signal Whistle.MOD																																																	SOURCEPAGE:p.71
Signet Ring.MOD																																																		SOURCEPAGE:p.72
Whistle (Silent).MOD								OUTPUTNAME:Silent Whistle																																					SOURCEPAGE:p.72
Rope (Silk/50 ft).MOD																																																	SOURCEPAGE:p.72
Skeleton Key																TYPE:Goods.General															COST:85															SOURCEPAGE:p.72
Skillet (Common)									OUTPUTNAME:Skillet, Common			TYPE:Goods.General															COST:0.8	WT:4														SOURCEPAGE:p.72
Skillet (Mithral)									OUTPUTNAME:Skillet, Mithral			TYPE:Goods.General															COST:1001	WT:2														SOURCEPAGE:p.72
Sledge.MOD																																																			SOURCEPAGE:p.72
Smoked Goggles.MOD															TYPE:Goods.General															COST:10	WT:0														SOURCEPAGE:p.72
Snorkel (Common)									OUTPUTNAME:Snorkel, Common			TYPE:Goods.General															COST:0.5															SOURCEPAGE:p.72
Snorkel (Masterwork)								OUTPUTNAME:Snorkel, Masterwork		TYPE:Goods.General.Masterwork														COST:5															SOURCEPAGE:p.72
Soap (per lb).MOD																																																		SOURCEPAGE:p.72
Rope (Spider Silk/50 ft.).MOD							OUTPUTNAME:Rope, Spider Silk (50 ft.)	TYPE:Goods.General															COST:100	WT:4														SOURCEPAGE:p.73
Spyglass.MOD																																																		SOURCEPAGE:p.73
Stationery																	TYPE:Goods.General.Writing.Documents												COST:1															SOURCEPAGE:p.73
Stilts (Common)																TYPE:Goods.General.Resizable														COST:0.2	WT:10														SOURCEPAGE:p.73
Stilts (Masterwork)															TYPE:Goods.General.Resizable														COST:5	WT:10														SOURCEPAGE:p.73
Stove Can																	TYPE:Goods.General															COST:10	WT:1														SOURCEPAGE:p.73
String (50 ft.).MOD															TYPE:Goods.General															COST:0.01	WT:0.5													SOURCEPAGE:p.73
Survival Kit (Common															TYPE:Goods.General)															COST:5	WT:4														SOURCEPAGE:p.73
Survival Kit (Masterwork)														TYPE:Goods.General															COST:50	WT:5														SOURCEPAGE:p.73	BONUS:SKILL|Survival|2|TYPE=Circumstance
Swarmsuit.MOD																TYPE:Goods.General.Resizable														COST:20	WT:10														SOURCEPAGE:p.73
#Tattoo 1 cp-20 gp —
Teapot																	TYPE:Goods.General															COST:0.1	WT:1														SOURCEPAGE:p.74
Tent.MOD										OUTPUTNAME:Tent, Small				TYPE:Goods.General.Resizable																														SOURCEPAGE:p.74
Tent (Medium).MOD									OUTPUTNAME:Tent, Medium				TYPE:Goods.General.Resizable														COST:15	WT:30														SOURCEPAGE:p.74
Tent (Large).MOD									OUTPUTNAME:Tent, Large				TYPE:Goods.General.Resizable														COST:30	WT:40														SOURCEPAGE:p.74
Tent (Pavilion).MOD								OUTPUTNAME:Tent, Pavilion			TYPE:Goods.General.Resizable														COST:100	WT:50														SOURCEPAGE:p.74
Thurible																	TYPE:Goods.General															COST:50	WT:3														SOURCEPAGE:p.74
Torch.MOD																																																			SOURCEPAGE:p.74
Traveler's Dictionary															TYPE:Goods.Tools.Book															COST:50	WT:2														SOURCEPAGE:p.74
Vial.MOD																																																			SOURCEPAGE:p.74
Waffle Iron (Common)															TYPE:Goods.General															COST:1	WT:5														SOURCEPAGE:p.74
Waffle Iron (Mithral)															TYPE:Goods.General															COST:1260	WT:2.5													SOURCEPAGE:p.74
Water Clock.MOD																																																		SOURCEPAGE:p.74
Waterproof Bag																TYPE:Goods.General.Container.Resizable		CONTAINS:UNLIM|Any							COST:0.5	WT:0.5													SOURCEPAGE:p.74
#Waterproof Lantern +5 gp —
Waterskin.MOD																																																		SOURCEPAGE:p.75
Wax Key Blank																TYPE:Goods.General															COST:15	WT:0.5													SOURCEPAGE:p.75
Weapon Cord.MOD																TYPE:Goods.General															COST:0.1	WT:0														SOURCEPAGE:p.75
Whetstone.MOD																																																		SOURCEPAGE:p.75
Wire																		TYPE:Goods.General															COST:5	WT:0.5													SOURCEPAGE:p.75
Wire Saw (Common)																TYPE:Goods.General															COST:30															SOURCEPAGE:p.75
Wire Saw (Adamantine)															TYPE:Goods.General															COST:150															SOURCEPAGE:p.75
Wrist Sheath																TYPE:Goods.General.Container.Resizable		CONTAINS:UNLIM|Any							COST:1	WT:1														SOURCEPAGE:p.75

###Block: Starting Kits
#Alchemist's Kit.MOD		TYPE:Goods.Tools.Kits		COST:40		WT:24		SOURCEPAGE:p.58		KIT:1|Alchemist Equipment
#Alchemist's Kit (Small)		TYPE:Goods.Tools.Kits		COST:40		WT:18		SOURCEPAGE:p.58		KIT:1|Alchemist Equipment
#Barbarian's Kit		TYPE:Goods.Tools.Kits		COST:9		WT:26		SOURCEPAGE:p.59		KIT:1|Barbarian Equipment
#Barbarian's Kit (Small)			TYPE:Goods.Tools.Kits		COST:9		WT:19.5		SOURCEPAGE:p.59		KIT:1|Barbarian Equipment
#Bard's Kit		TYPE:Goods.Tools.Kits		COST:41		WT:33.5		SOURCEPAGE:p.59			KIT:1|Bard Equipment (Harpsichord)|Bard Equipment (Piano)|Bard Equipment (Pipe Organ)|Bard Equipment (Bells)|Bard Equipment (Chimes)|Bard Equipment (Drums)|Bard Equipment (Gong)|Bard Equipment (Fiddle)|Bard Equipment (Harp)|Bard Equipment (Lute)|Bard Equipment (Mandolin)|Bard Equipment (Flute)|Bard Equipment (Pan Pipes)|Bard Equipment (Recorder)|Bard Equipment (Trumpet)
#Bard's Kit (Small)			TYPE:Goods.Tools.Kits		COST:41		WT:25.1		SOURCEPAGE:p.59			KIT:1|Bard Equipment (Harpsichord)|Bard Equipment (Piano)|Bard Equipment (Pipe Organ)|Bard Equipment (Bells)|Bard Equipment (Chimes)|Bard Equipment (Drums)|Bard Equipment (Gong)|Bard Equipment (Fiddle)|Bard Equipment (Harp)|Bard Equipment (Lute)|Bard Equipment (Mandolin)|Bard Equipment (Flute)|Bard Equipment (Pan Pipes)|Bard Equipment (Recorder)|Bard Equipment (Trumpet)
#Campsite Kit		TYPE:Goods.Tools.Kits		COST:12		WT:80		SOURCEPAGE:p.61				KIT:1|Campsite Equipment
#Cavalier's Kit		TYPE:Goods.Tools.Kits		COST:23		WT:112		SOURCEPAGE:p.61			KIT:1|Cavalier Equipment
#Cavalier's Kit (Small)			TYPE:Goods.Tools.Kits		COST:23		WT:84		SOURCEPAGE:p.61			KIT:1|Cavalier Equipment
# Equipment Name			Type				Cost		Weight	Source Page		Bonus to skill							Special Property
Chirurgeon's Kit			TYPE:Goods.Tools.Kits	COST:400	WT:4		SOURCEPAGE:p.62
#Chronicler's Kit		TYPE:Goods.Tools.Kits		COST:40		WT:4.5		SOURCEPAGE:p.62			KIT:1|Chronicler Equipment
#Cleric's Kit		TYPE:Goods.Tools.Kits		COST:16		WT:32		SOURCEPAGE:p.62			KIT:1|Cleric Equipment
#Cleric's Kit (Small)			TYPE:Goods.Tools.Kits		COST:16		WT:24		SOURCEPAGE:p.62			KIT:1|Cleric Equipment
Cooking Kit				TYPE:Goods.Tools.Kits	COST:3	WT:16		SOURCEPAGE:p.62
#Dragonslayer's Kit (Fire)		TYPE:Goods.Tools.Kits		COST:485		WT:10	KIT:1|Dragonslayer Equipment (Fire)
#Dragonslayer's Kit (Acid)		TYPE:Goods.Tools.Kits		COST:435		WT:10	KIT:1|Dragonslayerst Equipment (Acid)
#Druid's Kit		TYPE:Goods.Tools.Kits		COST:14		WT:44		SOURCEPAGE:p.63		KIT:1|Druid Equipment
#Druid's Kit (Small)		TYPE:Goods.Tools.Kits		COST:14		WT:33		SOURCEPAGE:p.63		KIT:1|Druid Equipment
#Dungeoneering Kit (Common)		TYPE:Goods.Tools.Kits		COST:15		WT:25		SOURCEPAGE:p.63		KIT:1|Dungeoneering Equipment
#Dungeoneering Kit (Deluxe)		TYPE:Goods.Tools.Kits		COST:130		WT:15		SOURCEPAGE:p.63			KIT:1|Dungeoneering Equipment
Entertainer's Kit			TYPE:Goods.Tools.Kits	COST:0.5	WT:3		SOURCEPAGE:p.63
#Fighter's Kit		TYPE:Goods.Tools.Kits		COST:9		WT:29		SOURCEPAGE:p.64		KIT:1|Fighter Equipment
#Fighter's Kit (Small)			TYPE:Goods.Tools.Kits		COST:9		WT:21.75		SOURCEPAGE:p.64		KIT:1|Fighter Equipment
Fishing Kit				TYPE:Goods.Tools.Kits	COST:0.5	WT:3		SOURCEPAGE:p.64
Gambler's Kit (Common)		TYPE:Goods.Tools.Kits	COST:75	WT:5		SOURCEPAGE:p.65
Gambler's Kit (Cheating)	TYPE:Goods.Tools.Kits	COST:300	WT:5		SOURCEPAGE:p.65	BONUS:SKILL|Profession (Gambler)|4|TYPE=Circumstance	SPROP:Grants a +4 circumstance bonus on Profession (gambler) checks when using these materials.
#Gunslinger's Kit		TYPE:Goods.Tools.Kits		COST:26		WT:31		SOURCEPAGE:p.65		KIT:1|Gunslinger Equipment
#Gunslinger's Kit (Small)			TYPE:Goods.Tools.Kits		COST:26		WT:23.25		SOURCEPAGE:p.65		KIT:1|Gunslinger Equipment
#Inquisitor's Kit		TYPE:Goods.Tools.Kits		COST:30		WT:34		SOURCEPAGE:p.67		KIT:1|Inquisitor Equipment
#Inquisitor's Kit (Small)			TYPE:Goods.Tools.Kits		COST:30		WT:25.5		SOURCEPAGE:p.67		KIT:1|Inquisitor Equipment
#Magus's Kit		TYPE:Goods.Tools.Kits		COST:22		WT:31		SOURCEPAGE:p.68			KIT:1|Magus Equipment
#Magus's Kit (Small)		TYPE:Goods.Tools.Kits		COST:22		WT:23.25		SOURCEPAGE:p.68			KIT:1|Magus Equipment
#Monk's Kit		TYPE:Goods.Tools.Kits		COST:8		WT:22		SOURCEPAGE:p.68			KIT:1|Monk Equipment
#Monk's Kit (Small)			TYPE:Goods.Tools.Kits		COST:8		WT:16.5		SOURCEPAGE:p.68			KIT:1|Monk Equipment
#Oracle's Kit		TYPE:Goods.Tools.Kits		COST:9		WT:29		SOURCEPAGE:p.p.69		KIT:1|Oracle Equipment
#Oracle's Kit (Small)			TYPE:Goods.Tools.Kits		COST:9		WT:21.75		SOURCEPAGE:p.p.69		KIT:1|Oracle Equipment
#Paladin's Kit		TYPE:Goods.Tools.Kits		COST:11		WT:30		SOURCEPAGE:p.p.69		KIT:1|Paladin Equipment
#Paladin's Kit (Small)			TYPE:Goods.Tools.Kits		COST:11		WT:22.5		SOURCEPAGE:p.p.69		KIT:1|Paladin Equipment
#Pathfinder's Kit		TYPE:Goods.Tools.Kits		COST:12		WT:22		SOURCEPAGE:p.69		KIT:1|Pathfinder Equipment
#Pathfinder's Kit (Small)		TYPE:Goods.Tools.Kits		COST:12		WT:7.5		SOURCEPAGE:p.69		KIT:1|Pathfinder Equipment
#Ranger's Kit		TYPE:Goods.Tools.Kits		COST:9		WT:28		SOURCEPAGE:p.70		KIT:1|Ranger Equipment
#Ranger's Kit (Small)			TYPE:Goods.Tools.Kits		COST:9		WT:21		SOURCEPAGE:p.70		KIT:1|Ranger Equipment
#Riding Kit (Common)		TYPE:Goods.Tools.Kits.Mount		COST:16		WT:54		SOURCEPAGE:p.70		KIT:1|Riding Equipment
#Riding Kit (Exotic Mount)	TYPE:Goods.Tools.Kits.Mount		COST:36		WT:59		SOURCEPAGE:p.70		KIT:1|Riding Equipment
#Rogue's Kit		TYPE:Goods.Kit		COST:50		WT:37		SOURCEPAGE:p.70		KIT:1|Rogue Equipment
#Rogue's Kit (Small)			TYPE:Goods.Kit		COST:50		WT:27.75		SOURCEPAGE:p.70		KIT:1|Rogue Equipment
Scrivener's Kit			TYPE:Goods.General	COST:2	WT:1		SOURCEPAGE:p.71
#Sorcerer's Kit		TYPE:Goods.Tools.Kits		COST:8		WT:19		SOURCEPAGE:p.72		KIT:1|Sorcerer Equipment
#Sorcerer's Kit (Small)			TYPE:Goods.Tools.Kits		COST:8		WT:14.25		SOURCEPAGE:p.72		KIT:1|Sorcerer Equipment
#Spelunking Kit		TYPE:Goods.General		COST:174		WT:32		SOURCEPAGE:p.72		KIT:1|Spelunking Equipment
#Summoner's Kit		TYPE:Goods.Tools.Kits		COST:8		WT:19		SOURCEPAGE:p.73		KIT:1|Summoner Equipment
#Summoner's Kit (Small)			TYPE:Goods.Tools.Kits		COST:8		WT:14.25		SOURCEPAGE:p.73		KIT:1|Summoner Equipment
#Troll Slayer's Kit		TYPE:Goods.Tools.Kits		COST:30		WT:17		SOURCEPAGE:p.74		KIT:1|Troll Slayer Equipment
#Undead Slayer's Kit		TYPE:Goods.Tools.Kits		COST:402		WT:7		SOURCEPAGE:p.74		KIT:1|Undead Slayer Equipment
#Witch's Kit		TYPE:Goods.Tools.Kits		COST:21		WT:21		SOURCEPAGE:p.75		KIT:1|Witch Equipment
#Witch's Kit (Small)			TYPE:Goods.Tools.Kits		COST:21		WT:15.75		SOURCEPAGE:p.75		KIT:1|Witch Equipment
#Wizard's Kit	TYPE:Goods.Tools.Kits		COST:21		WT:21		SOURCEPAGE:p.75		KIT:1|Wizard Equipment
#Wizard's Kit (Small)		TYPE:Goods.Tools.Kits		COST:21		WT:15.75		SOURCEPAGE:p.75		KIT:1|Wizard Equipment

#
###END
#
