# CVS $Revision$ $Author: $ -- Thu Apr 26 23:59:39 2007 -- reformated by prettylst.pl v1.38 (build 2788)
SOURCELONG:Roles and Classes - Covert Hero	SOURCESHORT:CovertHero	SOURCEWEB:http://swordsedgepublishing.ca/Products.html

# Class Name	Hit Dice	Type				Max Level	Source Page		Save checks bonus												Combat bonus					Modify VAR
CLASS:Covert Hero	HD:6		TYPE:PC.Specialized	MAXLEVEL:10	SOURCEPAGE:p.	BONUS:CHECKS|BASE.Fortitude,BASE.Will|CL/3	BONUS:CHECKS|BASE.Reflex|CL/2+2	BONUS:COMBAT|BAB|CL*3/4|TYPE=Base.REPLACE	BONUS:VAR|ClassDefense|(CL+1)/2	BONUS:VAR|Reputation|(CL-1)/4
# Class Name	Required Feat						Required Skill
CLASS:Covert Hero	PREFEAT:1,Alertness,Deceptive,Nimble,Stealthy	PRESKILL:1,Hide,Move Silently=4
# Class Name	Skill Pts/Lvl	Class Skill
CLASS:Covert Hero	STARTSKILLPTS:6	CSKILL:Appraise|Balance|Bluff|Climb|TYPE.Craft|Decipher Script|Diplomacy|Disable Device|Disguise|Drive|Escape Artist|Forgery|Gamble|Gather Information|Hide|Intimidate|Jump|TYPE.Knowledge|Listen|Move Silently|TYPE.Perform|Profession|Read/Write Language|Search|Sense Motive|Sleight of Hand|Speak Language|Spot|Swim|Tumble
1	ADD:FEAT|1|TYPE.CovertHeroTalent
2	ADD:FEAT|1|TYPE.CovertHero
3	ADD:FEAT|1|TYPE.CovertHeroTalent
4	ADD:FEAT|1|TYPE.CovertHero
5	ADD:FEAT|1|TYPE.CovertHeroTalent
6	ADD:FEAT|1|TYPE.CovertHero
7	ADD:FEAT|1|TYPE.CovertHeroTalent
8	ADD:FEAT|1|TYPE.CovertHero
9	ADD:FEAT|1|TYPE.CovertHeroTalent
10	ADD:FEAT|1|TYPE.CovertHero

#
# End
#
