# CVS $Revision$ $Author$ -- Sun Mar 18 17:17:27 2012 -- reformated by prettylst.pl v1.39 (build 15052)
SOURCELONG:Revised (v.3.5) System Reference Document	SOURCESHORT:RSRD	SOURCEWEB:http://www.wizards.com/default.asp?x=d20/article/srd35
# Original Entry by :Doug McMillan

# Feat Name				Unique Key					Type				Req. Att.	Required Feat								Min. nb of Hands	Required Movement Rate	Minimum Size	Required Stat	Var. Min. Value					Req. Weapond Prof.		Description																													Stackable?	Multiple?	Choose																																																												Combat bonus									Weapon prof. bonus			Source Page
Ability Focus									TYPE:General																																							DESC:Add +2 to the DC for all saving throws against the special attack on which the creature focuses.														STACK:NO	MULT:YES	CHOOSE:STRING|Breath Weapon|Charming Gaze|Constrict|Corrupting Gaze|Corrupting Touch|Crush|Death Gaze|Draining Touch|Fists|Frightful Moan|Frightful Presence|Gaze|Horrific Appearance|Improved Grab|Keening|Malevolence|Paralysis|Paralyzing Touch|Poison|Pounce|Rake|Ray|Roar|Seduction|Soul Portal|Sound Imitation|Stench|Swallow Whole|Tail Sweep|Telekinesis|Trample																		SOURCEPAGE:rsrd monster feats.rtf
Awesome Blow									TYPE:General.Fighter			PREFEAT:2,Power Attack,Improved Bull Rush											PRESIZEGTEQ:L	PRESTAT:1,STR=25													DESC:As a standard action, the creature may choose to subtract 4 from its melee attack roll and deliver an awesome blow.																																																																																												SOURCEPAGE:rsrd monster feats.rtf
Craft Construct									TYPE:ItemCreation				PREFEAT:2,Craft Magic Arms and Armor,Craft Wondrous Item																										DESC:A creature with this feat can create any construct whose prerequisites it meets.																																																																																																		SOURCEPAGE:rsrd monster feats.rtf
Empower Spell-Like Ability	KEY:Empower Spell Like Ability	TYPE:General																																							DESC:The creature can use the selected ability as an empowered spell-like ability three times per day (or less, if the ability is normally usable only once or twice per day).	STACK:NO	MULT:YES	CHOOSE:SPELLS|SPELLBOOK=Innate																																																																									SOURCEPAGE:rsrd monster feats.rtf
Flyby Attack									TYPE:General																	PREMOVE:1,Fly=1																				DESC:When flying, the creature can take a move action (including a dive) and another standard action at any point during the move.																																																																																											SOURCEPAGE:rsrd monster feats.rtf
Hover											TYPE:General																	PREMOVE:1,Fly=1																				DESC:When flying, the creature can halt its forward motion and hover in place as a move action.																																																																																																	SOURCEPAGE:rsrd monster feats.rtf
Improved Natural Armor								TYPE:General																								PRESTAT:1,CON=13	PREVARGTEQ:BONUS.COMBAT.AC.NaturalArmor,1						DESC:creature's natural armor bonus increases by 1.																						STACK:YES	MULT:YES	CHOOSE:NOCHOICE																																																											BONUS:COMBAT|AC|1|TYPE=NaturalArmor.REPLACE										SOURCEPAGE:rsrd monster feats.rtf
Improved Natural Attack								TYPE:General		PREATT:4																															PREWEAPONPROF:1,TYPE.Natural	DESC:The damage for the selected natural weapon increases by one step, as if the creature's size had increased by one category.											MULT:YES	CHOOSE:WEAPONPROFICIENCY|TYPE.Natural,PC																																																																		BONUS:WEAPONPROF=%LIST|DAMAGESIZE|1	SOURCEPAGE:rsrd monster feats.rtf
Multiattack										TYPE:General																																							DESC:The creature's secondary attacks with natural weapons take only a -2 penalty.																																																																																		BONUS:COMBAT|TOHIT-SECONDARY|3												SOURCEPAGE:rsrd monster feats.rtf
Multiweapon Fighting								TYPE:General														PREHANDSGTEQ:3								PRESTAT:1,DEX=13													DESC:Penalties for fighting with multiple weapons are reduced by 2 with the primary hand and reduced by 6 with off hands.																																																																											BONUS:COMBAT|TOHIT-PRIMARY|2	BONUS:COMBAT|TOHIT-SECONDARY|6							SOURCEPAGE:rsrd monster feats.rtf
Quicken Spell-Like Ability	KEY:Quicken Spell Like Ability	TYPE:General																																							DESC:The creature can use the selected ability as a quickened spell-like ability three times per day (or less, if the ability is normally usable only once or twice per day).		STACK:NO	MULT:YES	CHOOSE:SPELLS|SPELLBOOK=Innate																																																																									SOURCEPAGE:rsrd monster feats.rtf
Snatch										TYPE:General																					PRESIZEGTEQ:H																DESC:The creature can choose to start a grapple when it hits with a claw or bite attack, as though it had the improved grab special attack.																																																																																									SOURCEPAGE:rsrd monster feats.rtf
Wingover										TYPE:General																	PREMOVE:1,Fly=1																				DESC:A flying creature with this feat can change direction quickly once each round as a free action.																																																																																																SOURCEPAGE:rsrd monster feats.rtf

###Block: Barding Proficiency
# Feat Name				Type			Visible	Automatically Gained Armor Prof.	Source Page
Armor Proficiency (Barding)	TYPE:General	VISIBLE:YES	AUTO:ARMORPROF|ARMORTYPE=Barding	SOURCEPAGE:Feats.rtf


#
# End
#
