# CVS $Revision$ $Author$ -- Tue Dec 15 01:48:08 2015 -- reformated by PCGen PrettyLST v6.06.00
SOURCELONG:Mongoose Publishing - Gladiators - Sand of Death	SOURCESHORT:Gladiators	SOURCEWEB:http://mongoosepublishing.com	SOURCEDATE:2001-01
# Original Entry: Unknown
# Updated Entry: Andrew Maitland

# Class Name	Hit Dice	Type		Max Level	Source Page		Combat bonus										Save bonus
CLASS:Slave		HD:6		TYPE:NPC	MAXLEVEL:5	SOURCEPAGE:p.35	BONUS:COMBAT|BASEAB|classlevel("APPLIEDAS=NONEPIC")/2|TYPE=Base.REPLACE	BONUS:SAVE|BASE.Fortitude,BASE.Reflex,BASE.Will|classlevel("APPLIEDAS=NONEPIC")/3
# Class Name	Skill Pts/Lvl	Class Skill
CLASS:Slave		STARTSKILLPTS:2	CSKILL:Climb|Handle Animal|Jump|Listen|Spot|Swim|Use Rope
1	BONUS:ABILITYPOOL|Slave Weapon Choice|1

###Block: Gladiator Champion

# Class Name			Hit Dice	Type			Max Level	Source Page		Combat bonus										Save bonus
CLASS:Gladiator Champion	HD:10		TYPE:Prestige.PC	MAXLEVEL:10	SOURCEPAGE:p.36	BONUS:COMBAT|BASEAB|classlevel("APPLIEDAS=NONEPIC")|TYPE=Base.REPLACE	BONUS:SAVE|BASE.Fortitude|classlevel("APPLIEDAS=NONEPIC")/2+2	BONUS:SAVE|BASE.Reflex,BASE.Will|classlevel("APPLIEDAS=NONEPIC")/3
# Class Name			Required Ability					Required Skill					PRETOTALAB
CLASS:Gladiator Champion	PREABILITY:1,CATEGORY=FEAT,Fame and Glory	PRESKILL:2,Handle Animal=6,Perform=4	PRETOTALAB:3
# Class Name			Skill Pts/Lvl	Class Skill
CLASS:Gladiator Champion	STARTSKILLPTS:4	CSKILL:Bluff|Climb|TYPE=Craft|Handle Animal|Intimidate|Jump|Perform|Perform%|Ride|Tumble
###Block: Proficiencies
1	ABILITY:Special Ability|AUTOMATIC|All Automatic Proficiencies|All Martial Weapon Proficiencies	ABILITY:FEAT|AUTOMATIC|Simple Weapon Proficiency
1	ABILITY:FEAT|AUTOMATIC|Armor Proficiency (Heavy)|Armor Proficiency (Light)|Armor Proficiency (Medium)|Shield Proficiency
###Block: Class Progression
1	BONUS:ABILITYPOOL|Exotic Weapon Proficiency|CL
2																ABILITY:Special Ability|AUTOMATIC|Renown ~ Gladiator Champion
3									BONUS:VAR|GladiatorChampionPerformBonus|2	ABILITY:Special Ability|AUTOMATIC|Perform Bonus ~ Gladiator Champion
4																ABILITY:Special Ability|AUTOMATIC|Stable Status ~ Gladiator Champion
5									BONUS:VAR|DevastatingAttackDie|1		ABILITY:Special Ability|AUTOMATIC|Devastating Attack ~ Gladiator Champion
6									BONUS:VAR|GladiatorChampionPerformBonus|2
7																ABILITY:Special Ability|AUTOMATIC|Lightning Strike ~ Gladiator Champion
8									BONUS:VAR|DevastatingAttackDie|1
9									BONUS:VAR|GladiatorChampionPerformBonus|2
10																ABILITY:Special Ability|AUTOMATIC|Improved Death Move ~ Gladiator Champion



#Beast Handler

# Class Name		Hit Dice	Type			Max Level	Source Page		Combat bonus										Save bonus
CLASS:Beast Handler	HD:10		TYPE:Prestige.PC	MAXLEVEL:5	SOURCEPAGE:p.37	BONUS:COMBAT|BASEAB|classlevel("APPLIEDAS=NONEPIC")|TYPE=Base.REPLACE	BONUS:SAVE|BASE.Fortitude|classlevel("APPLIEDAS=NONEPIC")/2+2	BONUS:SAVE|BASE.Reflex,BASE.Will|classlevel("APPLIEDAS=NONEPIC")/3
# Class Name		Required Skill			PRETOTALAB
CLASS:Beast Handler	PRESKILL:1,Handle Animal=4	PRETOTALAB:2
# Class Name		Skill Pts/Lvl	Class Skill
CLASS:Beast Handler	STARTSKILLPTS:4	CSKILL:Bluff|Climb|TYPE=Craft|Handle Animal|Intimidate|Jump|Perform|Perform%|Ride|Tumble
###Block: Proficiencies
1	ABILITY:Special Ability|AUTOMATIC|All Automatic Proficiencies|All Martial Weapon Proficiencies	ABILITY:FEAT|AUTOMATIC|Simple Weapon Proficiency
1	ABILITY:FEAT|AUTOMATIC|Armor Proficiency (Heavy)|Armor Proficiency (Light)|Armor Proficiency (Medium)|Shield Proficiency
###Block: Class Progression
1	ABILITY:Special Ability|AUTOMATIC|Favoured Beast ~ Beast Handler|Loyalty ~ Beast Handler
2	ABILITY:Special Ability|AUTOMATIC|Blood Frenzy ~ Beast Handler
3	ABILITY:Special Ability|AUTOMATIC|Teamwork ~ Beast Handler
4	ABILITY:Special Ability|AUTOMATIC|Improved Training ~ Beast Handler
5	ABILITY:Special Ability|AUTOMATIC|Undying Loyalty ~ Beast Handler

#Charioteer

# Class Name	Hit Dice	Type			Max Level	Source Page		Combat bonus										Save bonus
CLASS:Charioteer	HD:10		TYPE:Prestige.PC	MAXLEVEL:5	SOURCEPAGE:p.38	BONUS:COMBAT|BASEAB|classlevel("APPLIEDAS=NONEPIC")|TYPE=Base.REPLACE	BONUS:SAVE|BASE.Fortitude|classlevel("APPLIEDAS=NONEPIC")/2+2	BONUS:SAVE|BASE.Reflex,BASE.Will|classlevel("APPLIEDAS=NONEPIC")/3
# Class Name	Required Skill			Required Text	PRETOTALAB		Var. Min. Value
CLASS:Charioteer	PRESKILL:1,Handle Animal=8	PRETEXT:Fame 12+	PRETOTALAB:5	PREVARGTEQ:Fame,12
# Class Name	Skill Pts/Lvl	Class Skill
CLASS:Charioteer	STARTSKILLPTS:4	CSKILL:Bluff|Handle Animal|Intimidate|Jump|Perform|Perform%|Ride
###Block: Proficiencies
1	ABILITY:Special Ability|AUTOMATIC|All Automatic Proficiencies|All Martial Weapon Proficiencies	ABILITY:FEAT|AUTOMATIC|Simple Weapon Proficiency
1	ABILITY:FEAT|AUTOMATIC|Armor Proficiency (Heavy)|Armor Proficiency (Light)|Armor Proficiency (Medium)|Shield Proficiency
###Block: Class Progression
1	BONUS:VAR|SuperbControlBonus|2	ABILITY:Special Ability|AUTOMATIC|Superb Control ~ Charioteer
2							ABILITY:Special Ability|AUTOMATIC|Love of the Crowd ~ Charioteer|Survivor ~ Charioteer
3	BONUS:VAR|SuperbControlBonus|2
4							ABILITY:Special Ability|AUTOMATIC|Lethal Sideswipe ~ Charioteer
5	BONUS:VAR|SuperbControlBonus|2
